[2024-10-20T19:06:48.547-0300] {local_task_job_runner.py:123} INFO - ::group::Pre task execution logs
[2024-10-20T19:06:48.557-0300] {taskinstance.py:2612} INFO - Dependencies all met for dep_context=non-requeueable deps ti=<TaskInstance: cheapshark_to_redshift_dag.api_to_parquet scheduled__2024-10-18T00:00:00+00:00 [queued]>
[2024-10-20T19:06:48.564-0300] {taskinstance.py:2612} INFO - Dependencies all met for dep_context=requeueable deps ti=<TaskInstance: cheapshark_to_redshift_dag.api_to_parquet scheduled__2024-10-18T00:00:00+00:00 [queued]>
[2024-10-20T19:06:48.565-0300] {taskinstance.py:2865} INFO - Starting attempt 1 of 2
[2024-10-20T19:06:48.587-0300] {taskinstance.py:2888} INFO - Executing <Task(PythonOperator): api_to_parquet> on 2024-10-18 00:00:00+00:00
[2024-10-20T19:06:48.591-0300] {standard_task_runner.py:72} INFO - Started process 302668 to run task
[2024-10-20T19:06:48.593-0300] {standard_task_runner.py:104} INFO - Running: ['airflow', 'tasks', 'run', 'cheapshark_to_redshift_dag', 'api_to_parquet', 'scheduled__2024-10-18T00:00:00+00:00', '--job-id', '3', '--raw', '--subdir', 'DAGS_FOLDER/airflow_dag.py', '--cfg-path', '/tmp/tmpx3zy1llj']
[2024-10-20T19:06:48.594-0300] {standard_task_runner.py:105} INFO - Job 3: Subtask api_to_parquet
[2024-10-20T19:06:48.641-0300] {task_command.py:467} INFO - Running <TaskInstance: cheapshark_to_redshift_dag.api_to_parquet scheduled__2024-10-18T00:00:00+00:00 [running]> on host Patricio.
[2024-10-20T19:06:48.712-0300] {taskinstance.py:3131} INFO - Exporting env vars: AIRFLOW_CTX_DAG_OWNER='2024_patricio_nahuel_perrone' AIRFLOW_CTX_DAG_ID='cheapshark_to_redshift_dag' AIRFLOW_CTX_TASK_ID='api_to_parquet' AIRFLOW_CTX_EXECUTION_DATE='2024-10-18T00:00:00+00:00' AIRFLOW_CTX_TRY_NUMBER='1' AIRFLOW_CTX_DAG_RUN_ID='scheduled__2024-10-18T00:00:00+00:00'
[2024-10-20T19:06:48.713-0300] {logging_mixin.py:190} INFO - Task instance is in running state
[2024-10-20T19:06:48.714-0300] {logging_mixin.py:190} INFO -  Previous state of the Task instance: queued
[2024-10-20T19:06:48.715-0300] {logging_mixin.py:190} INFO - Current task name:api_to_parquet state:running start_date:2024-10-20 22:06:48.558726+00:00
[2024-10-20T19:06:48.716-0300] {logging_mixin.py:190} INFO - Dag name:cheapshark_to_redshift_dag and current dag run status:running
[2024-10-20T19:06:48.717-0300] {taskinstance.py:731} INFO - ::endgroup::
[2024-10-20T19:06:48.856-0300] {logging_mixin.py:190} INFO - Recorriendo pagina: 1
[2024-10-20T19:06:49.976-0300] {logging_mixin.py:190} INFO - Recorriendo pagina: 2
[2024-10-20T19:06:51.146-0300] {logging_mixin.py:190} INFO - Recorriendo pagina: 3
[2024-10-20T19:06:52.214-0300] {logging_mixin.py:190} INFO - Recorriendo pagina: 4
[2024-10-20T19:06:53.288-0300] {logging_mixin.py:190} INFO - Recorriendo pagina: 5
[2024-10-20T19:06:54.373-0300] {logging_mixin.py:190} INFO - Recorriendo pagina: 6
[2024-10-20T19:06:55.795-0300] {logging_mixin.py:190} INFO - Recorriendo pagina: 7
[2024-10-20T19:06:56.947-0300] {logging_mixin.py:190} INFO - Recorriendo pagina: 8
[2024-10-20T19:06:58.095-0300] {logging_mixin.py:190} INFO - Recorriendo pagina: 9
[2024-10-20T19:06:59.319-0300] {python.py:240} INFO - Done. Returned value was: None
[2024-10-20T19:06:59.327-0300] {taskinstance.py:340} INFO - ::group::Post task execution logs
[2024-10-20T19:06:59.328-0300] {taskinstance.py:352} INFO - Marking task as SUCCESS. dag_id=cheapshark_to_redshift_dag, task_id=api_to_parquet, run_id=scheduled__2024-10-18T00:00:00+00:00, execution_date=20241018T000000, start_date=20241020T220648, end_date=20241020T220659
[2024-10-20T19:06:59.346-0300] {logging_mixin.py:190} INFO - Task instance in success state
[2024-10-20T19:06:59.346-0300] {logging_mixin.py:190} INFO -  Previous state of the Task instance: running
[2024-10-20T19:06:59.347-0300] {logging_mixin.py:190} INFO - Dag name:cheapshark_to_redshift_dag queued_at:2024-10-20 22:06:33.854231+00:00
[2024-10-20T19:06:59.348-0300] {logging_mixin.py:190} INFO - Task hostname:Patricio. operator:PythonOperator
[2024-10-20T19:06:59.381-0300] {local_task_job_runner.py:266} INFO - Task exited with return code 0
[2024-10-20T19:06:59.392-0300] {taskinstance.py:3900} INFO - 0 downstream tasks scheduled from follow-on schedule check
[2024-10-20T19:06:59.394-0300] {local_task_job_runner.py:245} INFO - ::endgroup::
