[2024-10-20T19:07:15.003-0300] {local_task_job_runner.py:123} INFO - ::group::Pre task execution logs
[2024-10-20T19:07:15.013-0300] {taskinstance.py:2612} INFO - Dependencies all met for dep_context=non-requeueable deps ti=<TaskInstance: cheapshark_to_redshift_dag.api_to_parquet scheduled__2024-10-19T00:00:00+00:00 [queued]>
[2024-10-20T19:07:15.020-0300] {taskinstance.py:2612} INFO - Dependencies all met for dep_context=requeueable deps ti=<TaskInstance: cheapshark_to_redshift_dag.api_to_parquet scheduled__2024-10-19T00:00:00+00:00 [queued]>
[2024-10-20T19:07:15.021-0300] {taskinstance.py:2865} INFO - Starting attempt 1 of 2
[2024-10-20T19:07:15.040-0300] {taskinstance.py:2888} INFO - Executing <Task(PythonOperator): api_to_parquet> on 2024-10-19 00:00:00+00:00
[2024-10-20T19:07:15.043-0300] {standard_task_runner.py:72} INFO - Started process 303124 to run task
[2024-10-20T19:07:15.045-0300] {standard_task_runner.py:104} INFO - Running: ['airflow', 'tasks', 'run', 'cheapshark_to_redshift_dag', 'api_to_parquet', 'scheduled__2024-10-19T00:00:00+00:00', '--job-id', '4', '--raw', '--subdir', 'DAGS_FOLDER/airflow_dag.py', '--cfg-path', '/tmp/tmp4orn6g65']
[2024-10-20T19:07:15.046-0300] {standard_task_runner.py:105} INFO - Job 4: Subtask api_to_parquet
[2024-10-20T19:07:15.091-0300] {task_command.py:467} INFO - Running <TaskInstance: cheapshark_to_redshift_dag.api_to_parquet scheduled__2024-10-19T00:00:00+00:00 [running]> on host Patricio.
[2024-10-20T19:07:15.160-0300] {taskinstance.py:3131} INFO - Exporting env vars: AIRFLOW_CTX_DAG_OWNER='2024_patricio_nahuel_perrone' AIRFLOW_CTX_DAG_ID='cheapshark_to_redshift_dag' AIRFLOW_CTX_TASK_ID='api_to_parquet' AIRFLOW_CTX_EXECUTION_DATE='2024-10-19T00:00:00+00:00' AIRFLOW_CTX_TRY_NUMBER='1' AIRFLOW_CTX_DAG_RUN_ID='scheduled__2024-10-19T00:00:00+00:00'
[2024-10-20T19:07:15.161-0300] {logging_mixin.py:190} INFO - Task instance is in running state
[2024-10-20T19:07:15.162-0300] {logging_mixin.py:190} INFO -  Previous state of the Task instance: queued
[2024-10-20T19:07:15.163-0300] {logging_mixin.py:190} INFO - Current task name:api_to_parquet state:running start_date:2024-10-20 22:07:15.014285+00:00
[2024-10-20T19:07:15.164-0300] {logging_mixin.py:190} INFO - Dag name:cheapshark_to_redshift_dag and current dag run status:running
[2024-10-20T19:07:15.165-0300] {taskinstance.py:731} INFO - ::endgroup::
[2024-10-20T19:07:15.315-0300] {logging_mixin.py:190} INFO - Recorriendo pagina: 1
[2024-10-20T19:07:16.422-0300] {logging_mixin.py:190} INFO - Recorriendo pagina: 2
[2024-10-20T19:07:17.596-0300] {logging_mixin.py:190} INFO - Recorriendo pagina: 3
[2024-10-20T19:07:18.751-0300] {logging_mixin.py:190} INFO - Recorriendo pagina: 4
[2024-10-20T19:07:19.849-0300] {logging_mixin.py:190} INFO - Recorriendo pagina: 5
[2024-10-20T19:07:21.925-0300] {logging_mixin.py:190} INFO - Recorriendo pagina: 6
[2024-10-20T19:07:23.006-0300] {logging_mixin.py:190} INFO - Recorriendo pagina: 7
[2024-10-20T19:07:24.217-0300] {python.py:240} INFO - Done. Returned value was: None
[2024-10-20T19:07:24.225-0300] {taskinstance.py:340} INFO - ::group::Post task execution logs
[2024-10-20T19:07:24.226-0300] {taskinstance.py:352} INFO - Marking task as SUCCESS. dag_id=cheapshark_to_redshift_dag, task_id=api_to_parquet, run_id=scheduled__2024-10-19T00:00:00+00:00, execution_date=20241019T000000, start_date=20241020T220715, end_date=20241020T220724
[2024-10-20T19:07:24.242-0300] {logging_mixin.py:190} INFO - Task instance in success state
[2024-10-20T19:07:24.243-0300] {logging_mixin.py:190} INFO -  Previous state of the Task instance: running
[2024-10-20T19:07:24.244-0300] {logging_mixin.py:190} INFO - Dag name:cheapshark_to_redshift_dag queued_at:2024-10-20 22:07:01.261327+00:00
[2024-10-20T19:07:24.244-0300] {logging_mixin.py:190} INFO - Task hostname:Patricio. operator:PythonOperator
[2024-10-20T19:07:24.276-0300] {local_task_job_runner.py:266} INFO - Task exited with return code 0
[2024-10-20T19:07:24.287-0300] {taskinstance.py:3900} INFO - 0 downstream tasks scheduled from follow-on schedule check
[2024-10-20T19:07:24.288-0300] {local_task_job_runner.py:245} INFO - ::endgroup::
