[2024-10-20T19:00:41.075-0300] {processor.py:186} INFO - Started process (PID=298816) to work on /mnt/c/Users/Pato_/OneDrive/Documentos/ITBA/PYTHON_DATA_APP/itba/lib/python3.10/site-packages/airflow/example_dags/example_python_decorator.py
[2024-10-20T19:00:41.076-0300] {processor.py:914} INFO - Processing file /mnt/c/Users/Pato_/OneDrive/Documentos/ITBA/PYTHON_DATA_APP/itba/lib/python3.10/site-packages/airflow/example_dags/example_python_decorator.py for tasks to queue
[2024-10-20T19:00:41.078-0300] {logging_mixin.py:190} INFO - [2024-10-20T19:00:41.077-0300] {dagbag.py:588} INFO - Filling up the DagBag from /mnt/c/Users/Pato_/OneDrive/Documentos/ITBA/PYTHON_DATA_APP/itba/lib/python3.10/site-packages/airflow/example_dags/example_python_decorator.py
[2024-10-20T19:00:41.125-0300] {processor.py:925} INFO - DAG(s) 'example_python_decorator' retrieved from /mnt/c/Users/Pato_/OneDrive/Documentos/ITBA/PYTHON_DATA_APP/itba/lib/python3.10/site-packages/airflow/example_dags/example_python_decorator.py
[2024-10-20T19:00:41.889-0300] {logging_mixin.py:190} INFO - [2024-10-20T19:00:41.888-0300] {override.py:1907} INFO - Created Permission View: can read on DAG:example_python_decorator
[2024-10-20T19:00:41.909-0300] {logging_mixin.py:190} INFO - [2024-10-20T19:00:41.908-0300] {override.py:1907} INFO - Created Permission View: can delete on DAG:example_python_decorator
[2024-10-20T19:00:41.927-0300] {logging_mixin.py:190} INFO - [2024-10-20T19:00:41.926-0300] {override.py:1907} INFO - Created Permission View: can edit on DAG:example_python_decorator
[2024-10-20T19:00:41.955-0300] {logging_mixin.py:190} INFO - [2024-10-20T19:00:41.955-0300] {override.py:1907} INFO - Created Permission View: can read on DAG Run:example_python_decorator
[2024-10-20T19:00:41.974-0300] {logging_mixin.py:190} INFO - [2024-10-20T19:00:41.973-0300] {override.py:1907} INFO - Created Permission View: can delete on DAG Run:example_python_decorator
[2024-10-20T19:00:41.991-0300] {logging_mixin.py:190} INFO - [2024-10-20T19:00:41.991-0300] {override.py:1907} INFO - Created Permission View: can create on DAG Run:example_python_decorator
[2024-10-20T19:00:42.011-0300] {logging_mixin.py:190} INFO - [2024-10-20T19:00:42.010-0300] {override.py:1907} INFO - Created Permission View: menu access on DAG Run:example_python_decorator
[2024-10-20T19:00:42.012-0300] {logging_mixin.py:190} INFO - [2024-10-20T19:00:42.012-0300] {dag.py:3239} INFO - Sync 1 DAGs
[2024-10-20T19:00:42.022-0300] {logging_mixin.py:190} INFO - [2024-10-20T19:00:42.022-0300] {dag.py:3262} INFO - Creating ORM DAG for example_python_decorator
[2024-10-20T19:00:42.024-0300] {logging_mixin.py:190} INFO - [2024-10-20T19:00:42.023-0300] {dag.py:4180} INFO - Setting next_dagrun for example_python_decorator to None, run_after=None
[2024-10-20T19:00:42.055-0300] {processor.py:208} INFO - Processing /mnt/c/Users/Pato_/OneDrive/Documentos/ITBA/PYTHON_DATA_APP/itba/lib/python3.10/site-packages/airflow/example_dags/example_python_decorator.py took 0.987 seconds
[2024-10-20T19:02:52.857-0300] {processor.py:186} INFO - Started process (PID=299991) to work on /mnt/c/Users/Pato_/OneDrive/Documentos/ITBA/PYTHON_DATA_APP/itba/lib/python3.10/site-packages/airflow/example_dags/example_python_decorator.py
[2024-10-20T19:02:52.858-0300] {processor.py:914} INFO - Processing file /mnt/c/Users/Pato_/OneDrive/Documentos/ITBA/PYTHON_DATA_APP/itba/lib/python3.10/site-packages/airflow/example_dags/example_python_decorator.py for tasks to queue
[2024-10-20T19:02:52.860-0300] {logging_mixin.py:190} INFO - [2024-10-20T19:02:52.859-0300] {dagbag.py:588} INFO - Filling up the DagBag from /mnt/c/Users/Pato_/OneDrive/Documentos/ITBA/PYTHON_DATA_APP/itba/lib/python3.10/site-packages/airflow/example_dags/example_python_decorator.py
[2024-10-20T19:02:52.908-0300] {processor.py:925} INFO - DAG(s) 'example_python_decorator' retrieved from /mnt/c/Users/Pato_/OneDrive/Documentos/ITBA/PYTHON_DATA_APP/itba/lib/python3.10/site-packages/airflow/example_dags/example_python_decorator.py
[2024-10-20T19:02:52.924-0300] {logging_mixin.py:190} INFO - [2024-10-20T19:02:52.923-0300] {dag.py:3239} INFO - Sync 1 DAGs
[2024-10-20T19:02:52.932-0300] {logging_mixin.py:190} INFO - [2024-10-20T19:02:52.932-0300] {dag.py:4180} INFO - Setting next_dagrun for example_python_decorator to None, run_after=None
[2024-10-20T19:02:52.962-0300] {processor.py:208} INFO - Processing /mnt/c/Users/Pato_/OneDrive/Documentos/ITBA/PYTHON_DATA_APP/itba/lib/python3.10/site-packages/airflow/example_dags/example_python_decorator.py took 0.111 seconds
[2024-10-20T19:04:00.848-0300] {processor.py:186} INFO - Started process (PID=300527) to work on /mnt/c/Users/Pato_/OneDrive/Documentos/ITBA/PYTHON_DATA_APP/itba/lib/python3.10/site-packages/airflow/example_dags/example_python_decorator.py
[2024-10-20T19:04:00.848-0300] {processor.py:914} INFO - Processing file /mnt/c/Users/Pato_/OneDrive/Documentos/ITBA/PYTHON_DATA_APP/itba/lib/python3.10/site-packages/airflow/example_dags/example_python_decorator.py for tasks to queue
[2024-10-20T19:04:00.850-0300] {logging_mixin.py:190} INFO - [2024-10-20T19:04:00.850-0300] {dagbag.py:588} INFO - Filling up the DagBag from /mnt/c/Users/Pato_/OneDrive/Documentos/ITBA/PYTHON_DATA_APP/itba/lib/python3.10/site-packages/airflow/example_dags/example_python_decorator.py
[2024-10-20T19:04:00.899-0300] {processor.py:925} INFO - DAG(s) 'example_python_decorator' retrieved from /mnt/c/Users/Pato_/OneDrive/Documentos/ITBA/PYTHON_DATA_APP/itba/lib/python3.10/site-packages/airflow/example_dags/example_python_decorator.py
[2024-10-20T19:04:00.916-0300] {logging_mixin.py:190} INFO - [2024-10-20T19:04:00.916-0300] {dag.py:3239} INFO - Sync 1 DAGs
[2024-10-20T19:04:00.926-0300] {logging_mixin.py:190} INFO - [2024-10-20T19:04:00.925-0300] {dag.py:4180} INFO - Setting next_dagrun for example_python_decorator to None, run_after=None
[2024-10-20T19:04:00.954-0300] {processor.py:208} INFO - Processing /mnt/c/Users/Pato_/OneDrive/Documentos/ITBA/PYTHON_DATA_APP/itba/lib/python3.10/site-packages/airflow/example_dags/example_python_decorator.py took 0.114 seconds
[2024-10-20T19:05:11.902-0300] {processor.py:186} INFO - Started process (PID=301331) to work on /mnt/c/Users/Pato_/OneDrive/Documentos/ITBA/PYTHON_DATA_APP/itba/lib/python3.10/site-packages/airflow/example_dags/example_python_decorator.py
[2024-10-20T19:05:11.903-0300] {processor.py:914} INFO - Processing file /mnt/c/Users/Pato_/OneDrive/Documentos/ITBA/PYTHON_DATA_APP/itba/lib/python3.10/site-packages/airflow/example_dags/example_python_decorator.py for tasks to queue
[2024-10-20T19:05:11.904-0300] {logging_mixin.py:190} INFO - [2024-10-20T19:05:11.904-0300] {dagbag.py:588} INFO - Filling up the DagBag from /mnt/c/Users/Pato_/OneDrive/Documentos/ITBA/PYTHON_DATA_APP/itba/lib/python3.10/site-packages/airflow/example_dags/example_python_decorator.py
[2024-10-20T19:05:11.951-0300] {processor.py:925} INFO - DAG(s) 'example_python_decorator' retrieved from /mnt/c/Users/Pato_/OneDrive/Documentos/ITBA/PYTHON_DATA_APP/itba/lib/python3.10/site-packages/airflow/example_dags/example_python_decorator.py
[2024-10-20T19:05:11.967-0300] {logging_mixin.py:190} INFO - [2024-10-20T19:05:11.966-0300] {dag.py:3239} INFO - Sync 1 DAGs
[2024-10-20T19:05:11.975-0300] {logging_mixin.py:190} INFO - [2024-10-20T19:05:11.974-0300] {dag.py:4180} INFO - Setting next_dagrun for example_python_decorator to None, run_after=None
[2024-10-20T19:05:12.003-0300] {processor.py:208} INFO - Processing /mnt/c/Users/Pato_/OneDrive/Documentos/ITBA/PYTHON_DATA_APP/itba/lib/python3.10/site-packages/airflow/example_dags/example_python_decorator.py took 0.108 seconds
[2024-10-20T19:08:08.427-0300] {processor.py:186} INFO - Started process (PID=303635) to work on /mnt/c/Users/Pato_/OneDrive/Documentos/ITBA/PYTHON_DATA_APP/itba/lib/python3.10/site-packages/airflow/example_dags/example_python_decorator.py
[2024-10-20T19:08:08.428-0300] {processor.py:914} INFO - Processing file /mnt/c/Users/Pato_/OneDrive/Documentos/ITBA/PYTHON_DATA_APP/itba/lib/python3.10/site-packages/airflow/example_dags/example_python_decorator.py for tasks to queue
[2024-10-20T19:08:08.429-0300] {logging_mixin.py:190} INFO - [2024-10-20T19:08:08.429-0300] {dagbag.py:588} INFO - Filling up the DagBag from /mnt/c/Users/Pato_/OneDrive/Documentos/ITBA/PYTHON_DATA_APP/itba/lib/python3.10/site-packages/airflow/example_dags/example_python_decorator.py
[2024-10-20T19:08:08.477-0300] {processor.py:925} INFO - DAG(s) 'example_python_decorator' retrieved from /mnt/c/Users/Pato_/OneDrive/Documentos/ITBA/PYTHON_DATA_APP/itba/lib/python3.10/site-packages/airflow/example_dags/example_python_decorator.py
[2024-10-20T19:08:08.492-0300] {logging_mixin.py:190} INFO - [2024-10-20T19:08:08.492-0300] {dag.py:3239} INFO - Sync 1 DAGs
[2024-10-20T19:08:08.501-0300] {logging_mixin.py:190} INFO - [2024-10-20T19:08:08.500-0300] {dag.py:4180} INFO - Setting next_dagrun for example_python_decorator to None, run_after=None
[2024-10-20T19:08:08.530-0300] {processor.py:208} INFO - Processing /mnt/c/Users/Pato_/OneDrive/Documentos/ITBA/PYTHON_DATA_APP/itba/lib/python3.10/site-packages/airflow/example_dags/example_python_decorator.py took 0.110 seconds
[2024-10-20T19:09:15.454-0300] {processor.py:186} INFO - Started process (PID=304222) to work on /mnt/c/Users/Pato_/OneDrive/Documentos/ITBA/PYTHON_DATA_APP/itba/lib/python3.10/site-packages/airflow/example_dags/example_python_decorator.py
[2024-10-20T19:09:15.455-0300] {processor.py:914} INFO - Processing file /mnt/c/Users/Pato_/OneDrive/Documentos/ITBA/PYTHON_DATA_APP/itba/lib/python3.10/site-packages/airflow/example_dags/example_python_decorator.py for tasks to queue
[2024-10-20T19:09:15.457-0300] {logging_mixin.py:190} INFO - [2024-10-20T19:09:15.456-0300] {dagbag.py:588} INFO - Filling up the DagBag from /mnt/c/Users/Pato_/OneDrive/Documentos/ITBA/PYTHON_DATA_APP/itba/lib/python3.10/site-packages/airflow/example_dags/example_python_decorator.py
[2024-10-20T19:09:15.504-0300] {processor.py:925} INFO - DAG(s) 'example_python_decorator' retrieved from /mnt/c/Users/Pato_/OneDrive/Documentos/ITBA/PYTHON_DATA_APP/itba/lib/python3.10/site-packages/airflow/example_dags/example_python_decorator.py
[2024-10-20T19:09:15.519-0300] {logging_mixin.py:190} INFO - [2024-10-20T19:09:15.519-0300] {dag.py:3239} INFO - Sync 1 DAGs
[2024-10-20T19:09:15.527-0300] {logging_mixin.py:190} INFO - [2024-10-20T19:09:15.527-0300] {dag.py:4180} INFO - Setting next_dagrun for example_python_decorator to None, run_after=None
[2024-10-20T19:09:15.556-0300] {processor.py:208} INFO - Processing /mnt/c/Users/Pato_/OneDrive/Documentos/ITBA/PYTHON_DATA_APP/itba/lib/python3.10/site-packages/airflow/example_dags/example_python_decorator.py took 0.109 seconds
[2024-10-20T19:10:20.582-0300] {processor.py:186} INFO - Started process (PID=304757) to work on /mnt/c/Users/Pato_/OneDrive/Documentos/ITBA/PYTHON_DATA_APP/itba/lib/python3.10/site-packages/airflow/example_dags/example_python_decorator.py
[2024-10-20T19:10:20.583-0300] {processor.py:914} INFO - Processing file /mnt/c/Users/Pato_/OneDrive/Documentos/ITBA/PYTHON_DATA_APP/itba/lib/python3.10/site-packages/airflow/example_dags/example_python_decorator.py for tasks to queue
[2024-10-20T19:10:20.585-0300] {logging_mixin.py:190} INFO - [2024-10-20T19:10:20.584-0300] {dagbag.py:588} INFO - Filling up the DagBag from /mnt/c/Users/Pato_/OneDrive/Documentos/ITBA/PYTHON_DATA_APP/itba/lib/python3.10/site-packages/airflow/example_dags/example_python_decorator.py
[2024-10-20T19:10:20.632-0300] {processor.py:925} INFO - DAG(s) 'example_python_decorator' retrieved from /mnt/c/Users/Pato_/OneDrive/Documentos/ITBA/PYTHON_DATA_APP/itba/lib/python3.10/site-packages/airflow/example_dags/example_python_decorator.py
[2024-10-20T19:10:20.647-0300] {logging_mixin.py:190} INFO - [2024-10-20T19:10:20.647-0300] {dag.py:3239} INFO - Sync 1 DAGs
[2024-10-20T19:10:20.655-0300] {logging_mixin.py:190} INFO - [2024-10-20T19:10:20.655-0300] {dag.py:4180} INFO - Setting next_dagrun for example_python_decorator to None, run_after=None
[2024-10-20T19:10:20.685-0300] {processor.py:208} INFO - Processing /mnt/c/Users/Pato_/OneDrive/Documentos/ITBA/PYTHON_DATA_APP/itba/lib/python3.10/site-packages/airflow/example_dags/example_python_decorator.py took 0.110 seconds
[2024-10-20T19:11:27.913-0300] {processor.py:186} INFO - Started process (PID=305283) to work on /mnt/c/Users/Pato_/OneDrive/Documentos/ITBA/PYTHON_DATA_APP/itba/lib/python3.10/site-packages/airflow/example_dags/example_python_decorator.py
[2024-10-20T19:11:27.914-0300] {processor.py:914} INFO - Processing file /mnt/c/Users/Pato_/OneDrive/Documentos/ITBA/PYTHON_DATA_APP/itba/lib/python3.10/site-packages/airflow/example_dags/example_python_decorator.py for tasks to queue
[2024-10-20T19:11:27.916-0300] {logging_mixin.py:190} INFO - [2024-10-20T19:11:27.915-0300] {dagbag.py:588} INFO - Filling up the DagBag from /mnt/c/Users/Pato_/OneDrive/Documentos/ITBA/PYTHON_DATA_APP/itba/lib/python3.10/site-packages/airflow/example_dags/example_python_decorator.py
[2024-10-20T19:11:27.964-0300] {processor.py:925} INFO - DAG(s) 'example_python_decorator' retrieved from /mnt/c/Users/Pato_/OneDrive/Documentos/ITBA/PYTHON_DATA_APP/itba/lib/python3.10/site-packages/airflow/example_dags/example_python_decorator.py
[2024-10-20T19:11:27.980-0300] {logging_mixin.py:190} INFO - [2024-10-20T19:11:27.979-0300] {dag.py:3239} INFO - Sync 1 DAGs
[2024-10-20T19:11:27.988-0300] {logging_mixin.py:190} INFO - [2024-10-20T19:11:27.987-0300] {dag.py:4180} INFO - Setting next_dagrun for example_python_decorator to None, run_after=None
[2024-10-20T19:11:28.017-0300] {processor.py:208} INFO - Processing /mnt/c/Users/Pato_/OneDrive/Documentos/ITBA/PYTHON_DATA_APP/itba/lib/python3.10/site-packages/airflow/example_dags/example_python_decorator.py took 0.111 seconds
[2024-10-20T19:12:35.909-0300] {processor.py:186} INFO - Started process (PID=305818) to work on /mnt/c/Users/Pato_/OneDrive/Documentos/ITBA/PYTHON_DATA_APP/itba/lib/python3.10/site-packages/airflow/example_dags/example_python_decorator.py
[2024-10-20T19:12:35.910-0300] {processor.py:914} INFO - Processing file /mnt/c/Users/Pato_/OneDrive/Documentos/ITBA/PYTHON_DATA_APP/itba/lib/python3.10/site-packages/airflow/example_dags/example_python_decorator.py for tasks to queue
[2024-10-20T19:12:35.912-0300] {logging_mixin.py:190} INFO - [2024-10-20T19:12:35.911-0300] {dagbag.py:588} INFO - Filling up the DagBag from /mnt/c/Users/Pato_/OneDrive/Documentos/ITBA/PYTHON_DATA_APP/itba/lib/python3.10/site-packages/airflow/example_dags/example_python_decorator.py
[2024-10-20T19:12:35.957-0300] {processor.py:925} INFO - DAG(s) 'example_python_decorator' retrieved from /mnt/c/Users/Pato_/OneDrive/Documentos/ITBA/PYTHON_DATA_APP/itba/lib/python3.10/site-packages/airflow/example_dags/example_python_decorator.py
[2024-10-20T19:12:35.973-0300] {logging_mixin.py:190} INFO - [2024-10-20T19:12:35.972-0300] {dag.py:3239} INFO - Sync 1 DAGs
[2024-10-20T19:12:35.981-0300] {logging_mixin.py:190} INFO - [2024-10-20T19:12:35.981-0300] {dag.py:4180} INFO - Setting next_dagrun for example_python_decorator to None, run_after=None
[2024-10-20T19:12:36.010-0300] {processor.py:208} INFO - Processing /mnt/c/Users/Pato_/OneDrive/Documentos/ITBA/PYTHON_DATA_APP/itba/lib/python3.10/site-packages/airflow/example_dags/example_python_decorator.py took 0.108 seconds
[2024-10-20T19:13:39.053-0300] {processor.py:186} INFO - Started process (PID=306312) to work on /mnt/c/Users/Pato_/OneDrive/Documentos/ITBA/PYTHON_DATA_APP/itba/lib/python3.10/site-packages/airflow/example_dags/example_python_decorator.py
[2024-10-20T19:13:39.054-0300] {processor.py:914} INFO - Processing file /mnt/c/Users/Pato_/OneDrive/Documentos/ITBA/PYTHON_DATA_APP/itba/lib/python3.10/site-packages/airflow/example_dags/example_python_decorator.py for tasks to queue
[2024-10-20T19:13:39.056-0300] {logging_mixin.py:190} INFO - [2024-10-20T19:13:39.055-0300] {dagbag.py:588} INFO - Filling up the DagBag from /mnt/c/Users/Pato_/OneDrive/Documentos/ITBA/PYTHON_DATA_APP/itba/lib/python3.10/site-packages/airflow/example_dags/example_python_decorator.py
[2024-10-20T19:13:39.102-0300] {processor.py:925} INFO - DAG(s) 'example_python_decorator' retrieved from /mnt/c/Users/Pato_/OneDrive/Documentos/ITBA/PYTHON_DATA_APP/itba/lib/python3.10/site-packages/airflow/example_dags/example_python_decorator.py
[2024-10-20T19:13:39.118-0300] {logging_mixin.py:190} INFO - [2024-10-20T19:13:39.118-0300] {dag.py:3239} INFO - Sync 1 DAGs
[2024-10-20T19:13:39.127-0300] {logging_mixin.py:190} INFO - [2024-10-20T19:13:39.126-0300] {dag.py:4180} INFO - Setting next_dagrun for example_python_decorator to None, run_after=None
[2024-10-20T19:13:39.156-0300] {processor.py:208} INFO - Processing /mnt/c/Users/Pato_/OneDrive/Documentos/ITBA/PYTHON_DATA_APP/itba/lib/python3.10/site-packages/airflow/example_dags/example_python_decorator.py took 0.110 seconds
[2024-10-20T19:14:49.039-0300] {processor.py:186} INFO - Started process (PID=306854) to work on /mnt/c/Users/Pato_/OneDrive/Documentos/ITBA/PYTHON_DATA_APP/itba/lib/python3.10/site-packages/airflow/example_dags/example_python_decorator.py
[2024-10-20T19:14:49.040-0300] {processor.py:914} INFO - Processing file /mnt/c/Users/Pato_/OneDrive/Documentos/ITBA/PYTHON_DATA_APP/itba/lib/python3.10/site-packages/airflow/example_dags/example_python_decorator.py for tasks to queue
[2024-10-20T19:14:49.042-0300] {logging_mixin.py:190} INFO - [2024-10-20T19:14:49.041-0300] {dagbag.py:588} INFO - Filling up the DagBag from /mnt/c/Users/Pato_/OneDrive/Documentos/ITBA/PYTHON_DATA_APP/itba/lib/python3.10/site-packages/airflow/example_dags/example_python_decorator.py
[2024-10-20T19:14:49.089-0300] {processor.py:925} INFO - DAG(s) 'example_python_decorator' retrieved from /mnt/c/Users/Pato_/OneDrive/Documentos/ITBA/PYTHON_DATA_APP/itba/lib/python3.10/site-packages/airflow/example_dags/example_python_decorator.py
[2024-10-20T19:14:49.105-0300] {logging_mixin.py:190} INFO - [2024-10-20T19:14:49.105-0300] {dag.py:3239} INFO - Sync 1 DAGs
[2024-10-20T19:14:49.114-0300] {logging_mixin.py:190} INFO - [2024-10-20T19:14:49.114-0300] {dag.py:4180} INFO - Setting next_dagrun for example_python_decorator to None, run_after=None
[2024-10-20T19:14:49.143-0300] {processor.py:208} INFO - Processing /mnt/c/Users/Pato_/OneDrive/Documentos/ITBA/PYTHON_DATA_APP/itba/lib/python3.10/site-packages/airflow/example_dags/example_python_decorator.py took 0.111 seconds
[2024-10-20T19:15:56.721-0300] {processor.py:186} INFO - Started process (PID=307414) to work on /mnt/c/Users/Pato_/OneDrive/Documentos/ITBA/PYTHON_DATA_APP/itba/lib/python3.10/site-packages/airflow/example_dags/example_python_decorator.py
[2024-10-20T19:15:56.722-0300] {processor.py:914} INFO - Processing file /mnt/c/Users/Pato_/OneDrive/Documentos/ITBA/PYTHON_DATA_APP/itba/lib/python3.10/site-packages/airflow/example_dags/example_python_decorator.py for tasks to queue
[2024-10-20T19:15:56.724-0300] {logging_mixin.py:190} INFO - [2024-10-20T19:15:56.723-0300] {dagbag.py:588} INFO - Filling up the DagBag from /mnt/c/Users/Pato_/OneDrive/Documentos/ITBA/PYTHON_DATA_APP/itba/lib/python3.10/site-packages/airflow/example_dags/example_python_decorator.py
[2024-10-20T19:15:56.771-0300] {processor.py:925} INFO - DAG(s) 'example_python_decorator' retrieved from /mnt/c/Users/Pato_/OneDrive/Documentos/ITBA/PYTHON_DATA_APP/itba/lib/python3.10/site-packages/airflow/example_dags/example_python_decorator.py
[2024-10-20T19:15:56.786-0300] {logging_mixin.py:190} INFO - [2024-10-20T19:15:56.786-0300] {dag.py:3239} INFO - Sync 1 DAGs
[2024-10-20T19:15:56.794-0300] {logging_mixin.py:190} INFO - [2024-10-20T19:15:56.794-0300] {dag.py:4180} INFO - Setting next_dagrun for example_python_decorator to None, run_after=None
[2024-10-20T19:15:56.823-0300] {processor.py:208} INFO - Processing /mnt/c/Users/Pato_/OneDrive/Documentos/ITBA/PYTHON_DATA_APP/itba/lib/python3.10/site-packages/airflow/example_dags/example_python_decorator.py took 0.109 seconds
[2024-10-20T19:17:07.438-0300] {processor.py:186} INFO - Started process (PID=307968) to work on /mnt/c/Users/Pato_/OneDrive/Documentos/ITBA/PYTHON_DATA_APP/itba/lib/python3.10/site-packages/airflow/example_dags/example_python_decorator.py
[2024-10-20T19:17:07.439-0300] {processor.py:914} INFO - Processing file /mnt/c/Users/Pato_/OneDrive/Documentos/ITBA/PYTHON_DATA_APP/itba/lib/python3.10/site-packages/airflow/example_dags/example_python_decorator.py for tasks to queue
[2024-10-20T19:17:07.441-0300] {logging_mixin.py:190} INFO - [2024-10-20T19:17:07.440-0300] {dagbag.py:588} INFO - Filling up the DagBag from /mnt/c/Users/Pato_/OneDrive/Documentos/ITBA/PYTHON_DATA_APP/itba/lib/python3.10/site-packages/airflow/example_dags/example_python_decorator.py
[2024-10-20T19:17:07.487-0300] {processor.py:925} INFO - DAG(s) 'example_python_decorator' retrieved from /mnt/c/Users/Pato_/OneDrive/Documentos/ITBA/PYTHON_DATA_APP/itba/lib/python3.10/site-packages/airflow/example_dags/example_python_decorator.py
[2024-10-20T19:17:07.502-0300] {logging_mixin.py:190} INFO - [2024-10-20T19:17:07.502-0300] {dag.py:3239} INFO - Sync 1 DAGs
[2024-10-20T19:17:07.511-0300] {logging_mixin.py:190} INFO - [2024-10-20T19:17:07.510-0300] {dag.py:4180} INFO - Setting next_dagrun for example_python_decorator to None, run_after=None
[2024-10-20T19:17:07.540-0300] {processor.py:208} INFO - Processing /mnt/c/Users/Pato_/OneDrive/Documentos/ITBA/PYTHON_DATA_APP/itba/lib/python3.10/site-packages/airflow/example_dags/example_python_decorator.py took 0.110 seconds
[2024-10-20T19:18:22.656-0300] {processor.py:186} INFO - Started process (PID=308552) to work on /mnt/c/Users/Pato_/OneDrive/Documentos/ITBA/PYTHON_DATA_APP/itba/lib/python3.10/site-packages/airflow/example_dags/example_python_decorator.py
[2024-10-20T19:18:22.657-0300] {processor.py:914} INFO - Processing file /mnt/c/Users/Pato_/OneDrive/Documentos/ITBA/PYTHON_DATA_APP/itba/lib/python3.10/site-packages/airflow/example_dags/example_python_decorator.py for tasks to queue
[2024-10-20T19:18:22.658-0300] {logging_mixin.py:190} INFO - [2024-10-20T19:18:22.658-0300] {dagbag.py:588} INFO - Filling up the DagBag from /mnt/c/Users/Pato_/OneDrive/Documentos/ITBA/PYTHON_DATA_APP/itba/lib/python3.10/site-packages/airflow/example_dags/example_python_decorator.py
[2024-10-20T19:18:22.707-0300] {processor.py:925} INFO - DAG(s) 'example_python_decorator' retrieved from /mnt/c/Users/Pato_/OneDrive/Documentos/ITBA/PYTHON_DATA_APP/itba/lib/python3.10/site-packages/airflow/example_dags/example_python_decorator.py
[2024-10-20T19:18:22.723-0300] {logging_mixin.py:190} INFO - [2024-10-20T19:18:22.722-0300] {dag.py:3239} INFO - Sync 1 DAGs
[2024-10-20T19:18:22.731-0300] {logging_mixin.py:190} INFO - [2024-10-20T19:18:22.731-0300] {dag.py:4180} INFO - Setting next_dagrun for example_python_decorator to None, run_after=None
[2024-10-20T19:18:22.760-0300] {processor.py:208} INFO - Processing /mnt/c/Users/Pato_/OneDrive/Documentos/ITBA/PYTHON_DATA_APP/itba/lib/python3.10/site-packages/airflow/example_dags/example_python_decorator.py took 0.111 seconds
[2024-10-20T19:19:35.949-0300] {processor.py:186} INFO - Started process (PID=309122) to work on /mnt/c/Users/Pato_/OneDrive/Documentos/ITBA/PYTHON_DATA_APP/itba/lib/python3.10/site-packages/airflow/example_dags/example_python_decorator.py
[2024-10-20T19:19:35.949-0300] {processor.py:914} INFO - Processing file /mnt/c/Users/Pato_/OneDrive/Documentos/ITBA/PYTHON_DATA_APP/itba/lib/python3.10/site-packages/airflow/example_dags/example_python_decorator.py for tasks to queue
[2024-10-20T19:19:35.951-0300] {logging_mixin.py:190} INFO - [2024-10-20T19:19:35.951-0300] {dagbag.py:588} INFO - Filling up the DagBag from /mnt/c/Users/Pato_/OneDrive/Documentos/ITBA/PYTHON_DATA_APP/itba/lib/python3.10/site-packages/airflow/example_dags/example_python_decorator.py
[2024-10-20T19:19:35.998-0300] {processor.py:925} INFO - DAG(s) 'example_python_decorator' retrieved from /mnt/c/Users/Pato_/OneDrive/Documentos/ITBA/PYTHON_DATA_APP/itba/lib/python3.10/site-packages/airflow/example_dags/example_python_decorator.py
[2024-10-20T19:19:36.013-0300] {logging_mixin.py:190} INFO - [2024-10-20T19:19:36.013-0300] {dag.py:3239} INFO - Sync 1 DAGs
[2024-10-20T19:19:36.022-0300] {logging_mixin.py:190} INFO - [2024-10-20T19:19:36.021-0300] {dag.py:4180} INFO - Setting next_dagrun for example_python_decorator to None, run_after=None
[2024-10-20T19:19:36.052-0300] {processor.py:208} INFO - Processing /mnt/c/Users/Pato_/OneDrive/Documentos/ITBA/PYTHON_DATA_APP/itba/lib/python3.10/site-packages/airflow/example_dags/example_python_decorator.py took 0.110 seconds
[2024-10-20T19:20:41.650-0300] {processor.py:186} INFO - Started process (PID=309664) to work on /mnt/c/Users/Pato_/OneDrive/Documentos/ITBA/PYTHON_DATA_APP/itba/lib/python3.10/site-packages/airflow/example_dags/example_python_decorator.py
[2024-10-20T19:20:41.651-0300] {processor.py:914} INFO - Processing file /mnt/c/Users/Pato_/OneDrive/Documentos/ITBA/PYTHON_DATA_APP/itba/lib/python3.10/site-packages/airflow/example_dags/example_python_decorator.py for tasks to queue
[2024-10-20T19:20:41.653-0300] {logging_mixin.py:190} INFO - [2024-10-20T19:20:41.652-0300] {dagbag.py:588} INFO - Filling up the DagBag from /mnt/c/Users/Pato_/OneDrive/Documentos/ITBA/PYTHON_DATA_APP/itba/lib/python3.10/site-packages/airflow/example_dags/example_python_decorator.py
[2024-10-20T19:20:41.699-0300] {processor.py:925} INFO - DAG(s) 'example_python_decorator' retrieved from /mnt/c/Users/Pato_/OneDrive/Documentos/ITBA/PYTHON_DATA_APP/itba/lib/python3.10/site-packages/airflow/example_dags/example_python_decorator.py
[2024-10-20T19:20:41.714-0300] {logging_mixin.py:190} INFO - [2024-10-20T19:20:41.713-0300] {dag.py:3239} INFO - Sync 1 DAGs
[2024-10-20T19:20:41.722-0300] {logging_mixin.py:190} INFO - [2024-10-20T19:20:41.722-0300] {dag.py:4180} INFO - Setting next_dagrun for example_python_decorator to None, run_after=None
[2024-10-20T19:20:41.751-0300] {processor.py:208} INFO - Processing /mnt/c/Users/Pato_/OneDrive/Documentos/ITBA/PYTHON_DATA_APP/itba/lib/python3.10/site-packages/airflow/example_dags/example_python_decorator.py took 0.107 seconds
[2024-10-20T19:21:50.243-0300] {processor.py:186} INFO - Started process (PID=310264) to work on /mnt/c/Users/Pato_/OneDrive/Documentos/ITBA/PYTHON_DATA_APP/itba/lib/python3.10/site-packages/airflow/example_dags/example_python_decorator.py
[2024-10-20T19:21:50.244-0300] {processor.py:914} INFO - Processing file /mnt/c/Users/Pato_/OneDrive/Documentos/ITBA/PYTHON_DATA_APP/itba/lib/python3.10/site-packages/airflow/example_dags/example_python_decorator.py for tasks to queue
[2024-10-20T19:21:50.247-0300] {logging_mixin.py:190} INFO - [2024-10-20T19:21:50.246-0300] {dagbag.py:588} INFO - Filling up the DagBag from /mnt/c/Users/Pato_/OneDrive/Documentos/ITBA/PYTHON_DATA_APP/itba/lib/python3.10/site-packages/airflow/example_dags/example_python_decorator.py
[2024-10-20T19:21:50.297-0300] {processor.py:925} INFO - DAG(s) 'example_python_decorator' retrieved from /mnt/c/Users/Pato_/OneDrive/Documentos/ITBA/PYTHON_DATA_APP/itba/lib/python3.10/site-packages/airflow/example_dags/example_python_decorator.py
[2024-10-20T19:21:50.314-0300] {logging_mixin.py:190} INFO - [2024-10-20T19:21:50.313-0300] {dag.py:3239} INFO - Sync 1 DAGs
[2024-10-20T19:21:50.323-0300] {logging_mixin.py:190} INFO - [2024-10-20T19:21:50.322-0300] {dag.py:4180} INFO - Setting next_dagrun for example_python_decorator to None, run_after=None
[2024-10-20T19:21:50.353-0300] {processor.py:208} INFO - Processing /mnt/c/Users/Pato_/OneDrive/Documentos/ITBA/PYTHON_DATA_APP/itba/lib/python3.10/site-packages/airflow/example_dags/example_python_decorator.py took 0.117 seconds
[2024-10-20T19:22:55.749-0300] {processor.py:186} INFO - Started process (PID=310867) to work on /mnt/c/Users/Pato_/OneDrive/Documentos/ITBA/PYTHON_DATA_APP/itba/lib/python3.10/site-packages/airflow/example_dags/example_python_decorator.py
[2024-10-20T19:22:55.750-0300] {processor.py:914} INFO - Processing file /mnt/c/Users/Pato_/OneDrive/Documentos/ITBA/PYTHON_DATA_APP/itba/lib/python3.10/site-packages/airflow/example_dags/example_python_decorator.py for tasks to queue
[2024-10-20T19:22:55.752-0300] {logging_mixin.py:190} INFO - [2024-10-20T19:22:55.752-0300] {dagbag.py:588} INFO - Filling up the DagBag from /mnt/c/Users/Pato_/OneDrive/Documentos/ITBA/PYTHON_DATA_APP/itba/lib/python3.10/site-packages/airflow/example_dags/example_python_decorator.py
[2024-10-20T19:22:55.800-0300] {processor.py:925} INFO - DAG(s) 'example_python_decorator' retrieved from /mnt/c/Users/Pato_/OneDrive/Documentos/ITBA/PYTHON_DATA_APP/itba/lib/python3.10/site-packages/airflow/example_dags/example_python_decorator.py
[2024-10-20T19:22:55.816-0300] {logging_mixin.py:190} INFO - [2024-10-20T19:22:55.816-0300] {dag.py:3239} INFO - Sync 1 DAGs
[2024-10-20T19:22:55.825-0300] {logging_mixin.py:190} INFO - [2024-10-20T19:22:55.824-0300] {dag.py:4180} INFO - Setting next_dagrun for example_python_decorator to None, run_after=None
[2024-10-20T19:22:55.854-0300] {processor.py:208} INFO - Processing /mnt/c/Users/Pato_/OneDrive/Documentos/ITBA/PYTHON_DATA_APP/itba/lib/python3.10/site-packages/airflow/example_dags/example_python_decorator.py took 0.111 seconds
[2024-10-20T19:24:50.083-0300] {processor.py:186} INFO - Started process (PID=312379) to work on /mnt/c/Users/Pato_/OneDrive/Documentos/ITBA/PYTHON_DATA_APP/itba/lib/python3.10/site-packages/airflow/example_dags/example_python_decorator.py
[2024-10-20T19:24:50.084-0300] {processor.py:914} INFO - Processing file /mnt/c/Users/Pato_/OneDrive/Documentos/ITBA/PYTHON_DATA_APP/itba/lib/python3.10/site-packages/airflow/example_dags/example_python_decorator.py for tasks to queue
[2024-10-20T19:24:50.086-0300] {logging_mixin.py:190} INFO - [2024-10-20T19:24:50.086-0300] {dagbag.py:588} INFO - Filling up the DagBag from /mnt/c/Users/Pato_/OneDrive/Documentos/ITBA/PYTHON_DATA_APP/itba/lib/python3.10/site-packages/airflow/example_dags/example_python_decorator.py
[2024-10-20T19:24:50.133-0300] {processor.py:925} INFO - DAG(s) 'example_python_decorator' retrieved from /mnt/c/Users/Pato_/OneDrive/Documentos/ITBA/PYTHON_DATA_APP/itba/lib/python3.10/site-packages/airflow/example_dags/example_python_decorator.py
[2024-10-20T19:24:50.149-0300] {logging_mixin.py:190} INFO - [2024-10-20T19:24:50.149-0300] {dag.py:3239} INFO - Sync 1 DAGs
[2024-10-20T19:24:50.158-0300] {logging_mixin.py:190} INFO - [2024-10-20T19:24:50.157-0300] {dag.py:4180} INFO - Setting next_dagrun for example_python_decorator to None, run_after=None
[2024-10-20T19:24:50.187-0300] {processor.py:208} INFO - Processing /mnt/c/Users/Pato_/OneDrive/Documentos/ITBA/PYTHON_DATA_APP/itba/lib/python3.10/site-packages/airflow/example_dags/example_python_decorator.py took 0.110 seconds
[2024-10-20T19:26:29.985-0300] {processor.py:186} INFO - Started process (PID=313652) to work on /mnt/c/Users/Pato_/OneDrive/Documentos/ITBA/PYTHON_DATA_APP/itba/lib/python3.10/site-packages/airflow/example_dags/example_python_decorator.py
[2024-10-20T19:26:29.986-0300] {processor.py:914} INFO - Processing file /mnt/c/Users/Pato_/OneDrive/Documentos/ITBA/PYTHON_DATA_APP/itba/lib/python3.10/site-packages/airflow/example_dags/example_python_decorator.py for tasks to queue
[2024-10-20T19:26:29.988-0300] {logging_mixin.py:190} INFO - [2024-10-20T19:26:29.988-0300] {dagbag.py:588} INFO - Filling up the DagBag from /mnt/c/Users/Pato_/OneDrive/Documentos/ITBA/PYTHON_DATA_APP/itba/lib/python3.10/site-packages/airflow/example_dags/example_python_decorator.py
[2024-10-20T19:26:30.037-0300] {processor.py:925} INFO - DAG(s) 'example_python_decorator' retrieved from /mnt/c/Users/Pato_/OneDrive/Documentos/ITBA/PYTHON_DATA_APP/itba/lib/python3.10/site-packages/airflow/example_dags/example_python_decorator.py
[2024-10-20T19:26:30.053-0300] {logging_mixin.py:190} INFO - [2024-10-20T19:26:30.052-0300] {dag.py:3239} INFO - Sync 1 DAGs
[2024-10-20T19:26:30.062-0300] {logging_mixin.py:190} INFO - [2024-10-20T19:26:30.061-0300] {dag.py:4180} INFO - Setting next_dagrun for example_python_decorator to None, run_after=None
[2024-10-20T19:26:30.092-0300] {processor.py:208} INFO - Processing /mnt/c/Users/Pato_/OneDrive/Documentos/ITBA/PYTHON_DATA_APP/itba/lib/python3.10/site-packages/airflow/example_dags/example_python_decorator.py took 0.114 seconds
[2024-10-20T19:27:33.773-0300] {processor.py:186} INFO - Started process (PID=314475) to work on /mnt/c/Users/Pato_/OneDrive/Documentos/ITBA/PYTHON_DATA_APP/itba/lib/python3.10/site-packages/airflow/example_dags/example_python_decorator.py
[2024-10-20T19:27:33.773-0300] {processor.py:914} INFO - Processing file /mnt/c/Users/Pato_/OneDrive/Documentos/ITBA/PYTHON_DATA_APP/itba/lib/python3.10/site-packages/airflow/example_dags/example_python_decorator.py for tasks to queue
[2024-10-20T19:27:33.776-0300] {logging_mixin.py:190} INFO - [2024-10-20T19:27:33.775-0300] {dagbag.py:588} INFO - Filling up the DagBag from /mnt/c/Users/Pato_/OneDrive/Documentos/ITBA/PYTHON_DATA_APP/itba/lib/python3.10/site-packages/airflow/example_dags/example_python_decorator.py
[2024-10-20T19:27:33.823-0300] {processor.py:925} INFO - DAG(s) 'example_python_decorator' retrieved from /mnt/c/Users/Pato_/OneDrive/Documentos/ITBA/PYTHON_DATA_APP/itba/lib/python3.10/site-packages/airflow/example_dags/example_python_decorator.py
[2024-10-20T19:27:33.838-0300] {logging_mixin.py:190} INFO - [2024-10-20T19:27:33.838-0300] {dag.py:3239} INFO - Sync 1 DAGs
[2024-10-20T19:27:33.847-0300] {logging_mixin.py:190} INFO - [2024-10-20T19:27:33.847-0300] {dag.py:4180} INFO - Setting next_dagrun for example_python_decorator to None, run_after=None
[2024-10-20T19:27:33.876-0300] {processor.py:208} INFO - Processing /mnt/c/Users/Pato_/OneDrive/Documentos/ITBA/PYTHON_DATA_APP/itba/lib/python3.10/site-packages/airflow/example_dags/example_python_decorator.py took 0.110 seconds
[2024-10-20T19:28:40.285-0300] {processor.py:186} INFO - Started process (PID=315230) to work on /mnt/c/Users/Pato_/OneDrive/Documentos/ITBA/PYTHON_DATA_APP/itba/lib/python3.10/site-packages/airflow/example_dags/example_python_decorator.py
[2024-10-20T19:28:40.286-0300] {processor.py:914} INFO - Processing file /mnt/c/Users/Pato_/OneDrive/Documentos/ITBA/PYTHON_DATA_APP/itba/lib/python3.10/site-packages/airflow/example_dags/example_python_decorator.py for tasks to queue
[2024-10-20T19:28:40.288-0300] {logging_mixin.py:190} INFO - [2024-10-20T19:28:40.287-0300] {dagbag.py:588} INFO - Filling up the DagBag from /mnt/c/Users/Pato_/OneDrive/Documentos/ITBA/PYTHON_DATA_APP/itba/lib/python3.10/site-packages/airflow/example_dags/example_python_decorator.py
[2024-10-20T19:28:40.335-0300] {processor.py:925} INFO - DAG(s) 'example_python_decorator' retrieved from /mnt/c/Users/Pato_/OneDrive/Documentos/ITBA/PYTHON_DATA_APP/itba/lib/python3.10/site-packages/airflow/example_dags/example_python_decorator.py
[2024-10-20T19:28:40.351-0300] {logging_mixin.py:190} INFO - [2024-10-20T19:28:40.350-0300] {dag.py:3239} INFO - Sync 1 DAGs
[2024-10-20T19:28:40.360-0300] {logging_mixin.py:190} INFO - [2024-10-20T19:28:40.359-0300] {dag.py:4180} INFO - Setting next_dagrun for example_python_decorator to None, run_after=None
[2024-10-20T19:28:40.389-0300] {processor.py:208} INFO - Processing /mnt/c/Users/Pato_/OneDrive/Documentos/ITBA/PYTHON_DATA_APP/itba/lib/python3.10/site-packages/airflow/example_dags/example_python_decorator.py took 0.111 seconds
[2024-10-20T19:29:49.243-0300] {processor.py:186} INFO - Started process (PID=316008) to work on /mnt/c/Users/Pato_/OneDrive/Documentos/ITBA/PYTHON_DATA_APP/itba/lib/python3.10/site-packages/airflow/example_dags/example_python_decorator.py
[2024-10-20T19:29:49.244-0300] {processor.py:914} INFO - Processing file /mnt/c/Users/Pato_/OneDrive/Documentos/ITBA/PYTHON_DATA_APP/itba/lib/python3.10/site-packages/airflow/example_dags/example_python_decorator.py for tasks to queue
[2024-10-20T19:29:49.246-0300] {logging_mixin.py:190} INFO - [2024-10-20T19:29:49.246-0300] {dagbag.py:588} INFO - Filling up the DagBag from /mnt/c/Users/Pato_/OneDrive/Documentos/ITBA/PYTHON_DATA_APP/itba/lib/python3.10/site-packages/airflow/example_dags/example_python_decorator.py
[2024-10-20T19:29:49.292-0300] {processor.py:925} INFO - DAG(s) 'example_python_decorator' retrieved from /mnt/c/Users/Pato_/OneDrive/Documentos/ITBA/PYTHON_DATA_APP/itba/lib/python3.10/site-packages/airflow/example_dags/example_python_decorator.py
[2024-10-20T19:29:49.308-0300] {logging_mixin.py:190} INFO - [2024-10-20T19:29:49.308-0300] {dag.py:3239} INFO - Sync 1 DAGs
[2024-10-20T19:29:49.317-0300] {logging_mixin.py:190} INFO - [2024-10-20T19:29:49.316-0300] {dag.py:4180} INFO - Setting next_dagrun for example_python_decorator to None, run_after=None
[2024-10-20T19:29:49.346-0300] {processor.py:208} INFO - Processing /mnt/c/Users/Pato_/OneDrive/Documentos/ITBA/PYTHON_DATA_APP/itba/lib/python3.10/site-packages/airflow/example_dags/example_python_decorator.py took 0.109 seconds
[2024-10-20T19:30:59.133-0300] {processor.py:186} INFO - Started process (PID=316579) to work on /mnt/c/Users/Pato_/OneDrive/Documentos/ITBA/PYTHON_DATA_APP/itba/lib/python3.10/site-packages/airflow/example_dags/example_python_decorator.py
[2024-10-20T19:30:59.134-0300] {processor.py:914} INFO - Processing file /mnt/c/Users/Pato_/OneDrive/Documentos/ITBA/PYTHON_DATA_APP/itba/lib/python3.10/site-packages/airflow/example_dags/example_python_decorator.py for tasks to queue
[2024-10-20T19:30:59.136-0300] {logging_mixin.py:190} INFO - [2024-10-20T19:30:59.135-0300] {dagbag.py:588} INFO - Filling up the DagBag from /mnt/c/Users/Pato_/OneDrive/Documentos/ITBA/PYTHON_DATA_APP/itba/lib/python3.10/site-packages/airflow/example_dags/example_python_decorator.py
[2024-10-20T19:30:59.188-0300] {processor.py:925} INFO - DAG(s) 'example_python_decorator' retrieved from /mnt/c/Users/Pato_/OneDrive/Documentos/ITBA/PYTHON_DATA_APP/itba/lib/python3.10/site-packages/airflow/example_dags/example_python_decorator.py
[2024-10-20T19:30:59.206-0300] {logging_mixin.py:190} INFO - [2024-10-20T19:30:59.206-0300] {dag.py:3239} INFO - Sync 1 DAGs
[2024-10-20T19:30:59.217-0300] {logging_mixin.py:190} INFO - [2024-10-20T19:30:59.216-0300] {dag.py:4180} INFO - Setting next_dagrun for example_python_decorator to None, run_after=None
[2024-10-20T19:30:59.250-0300] {processor.py:208} INFO - Processing /mnt/c/Users/Pato_/OneDrive/Documentos/ITBA/PYTHON_DATA_APP/itba/lib/python3.10/site-packages/airflow/example_dags/example_python_decorator.py took 0.125 seconds
[2024-10-20T19:32:06.350-0300] {processor.py:186} INFO - Started process (PID=317103) to work on /mnt/c/Users/Pato_/OneDrive/Documentos/ITBA/PYTHON_DATA_APP/itba/lib/python3.10/site-packages/airflow/example_dags/example_python_decorator.py
[2024-10-20T19:32:06.351-0300] {processor.py:914} INFO - Processing file /mnt/c/Users/Pato_/OneDrive/Documentos/ITBA/PYTHON_DATA_APP/itba/lib/python3.10/site-packages/airflow/example_dags/example_python_decorator.py for tasks to queue
[2024-10-20T19:32:06.353-0300] {logging_mixin.py:190} INFO - [2024-10-20T19:32:06.352-0300] {dagbag.py:588} INFO - Filling up the DagBag from /mnt/c/Users/Pato_/OneDrive/Documentos/ITBA/PYTHON_DATA_APP/itba/lib/python3.10/site-packages/airflow/example_dags/example_python_decorator.py
[2024-10-20T19:32:06.402-0300] {processor.py:925} INFO - DAG(s) 'example_python_decorator' retrieved from /mnt/c/Users/Pato_/OneDrive/Documentos/ITBA/PYTHON_DATA_APP/itba/lib/python3.10/site-packages/airflow/example_dags/example_python_decorator.py
[2024-10-20T19:32:06.418-0300] {logging_mixin.py:190} INFO - [2024-10-20T19:32:06.418-0300] {dag.py:3239} INFO - Sync 1 DAGs
[2024-10-20T19:32:06.427-0300] {logging_mixin.py:190} INFO - [2024-10-20T19:32:06.426-0300] {dag.py:4180} INFO - Setting next_dagrun for example_python_decorator to None, run_after=None
[2024-10-20T19:32:06.458-0300] {processor.py:208} INFO - Processing /mnt/c/Users/Pato_/OneDrive/Documentos/ITBA/PYTHON_DATA_APP/itba/lib/python3.10/site-packages/airflow/example_dags/example_python_decorator.py took 0.114 seconds
[2024-10-20T19:33:14.176-0300] {processor.py:186} INFO - Started process (PID=317686) to work on /mnt/c/Users/Pato_/OneDrive/Documentos/ITBA/PYTHON_DATA_APP/itba/lib/python3.10/site-packages/airflow/example_dags/example_python_decorator.py
[2024-10-20T19:33:14.177-0300] {processor.py:914} INFO - Processing file /mnt/c/Users/Pato_/OneDrive/Documentos/ITBA/PYTHON_DATA_APP/itba/lib/python3.10/site-packages/airflow/example_dags/example_python_decorator.py for tasks to queue
[2024-10-20T19:33:14.179-0300] {logging_mixin.py:190} INFO - [2024-10-20T19:33:14.178-0300] {dagbag.py:588} INFO - Filling up the DagBag from /mnt/c/Users/Pato_/OneDrive/Documentos/ITBA/PYTHON_DATA_APP/itba/lib/python3.10/site-packages/airflow/example_dags/example_python_decorator.py
[2024-10-20T19:33:14.227-0300] {processor.py:925} INFO - DAG(s) 'example_python_decorator' retrieved from /mnt/c/Users/Pato_/OneDrive/Documentos/ITBA/PYTHON_DATA_APP/itba/lib/python3.10/site-packages/airflow/example_dags/example_python_decorator.py
[2024-10-20T19:33:14.244-0300] {logging_mixin.py:190} INFO - [2024-10-20T19:33:14.244-0300] {dag.py:3239} INFO - Sync 1 DAGs
[2024-10-20T19:33:14.253-0300] {logging_mixin.py:190} INFO - [2024-10-20T19:33:14.252-0300] {dag.py:4180} INFO - Setting next_dagrun for example_python_decorator to None, run_after=None
[2024-10-20T19:33:14.282-0300] {processor.py:208} INFO - Processing /mnt/c/Users/Pato_/OneDrive/Documentos/ITBA/PYTHON_DATA_APP/itba/lib/python3.10/site-packages/airflow/example_dags/example_python_decorator.py took 0.112 seconds
[2024-10-20T19:34:19.565-0300] {processor.py:186} INFO - Started process (PID=318356) to work on /mnt/c/Users/Pato_/OneDrive/Documentos/ITBA/PYTHON_DATA_APP/itba/lib/python3.10/site-packages/airflow/example_dags/example_python_decorator.py
[2024-10-20T19:34:19.566-0300] {processor.py:914} INFO - Processing file /mnt/c/Users/Pato_/OneDrive/Documentos/ITBA/PYTHON_DATA_APP/itba/lib/python3.10/site-packages/airflow/example_dags/example_python_decorator.py for tasks to queue
[2024-10-20T19:34:19.568-0300] {logging_mixin.py:190} INFO - [2024-10-20T19:34:19.567-0300] {dagbag.py:588} INFO - Filling up the DagBag from /mnt/c/Users/Pato_/OneDrive/Documentos/ITBA/PYTHON_DATA_APP/itba/lib/python3.10/site-packages/airflow/example_dags/example_python_decorator.py
[2024-10-20T19:34:19.619-0300] {processor.py:925} INFO - DAG(s) 'example_python_decorator' retrieved from /mnt/c/Users/Pato_/OneDrive/Documentos/ITBA/PYTHON_DATA_APP/itba/lib/python3.10/site-packages/airflow/example_dags/example_python_decorator.py
[2024-10-20T19:34:19.636-0300] {logging_mixin.py:190} INFO - [2024-10-20T19:34:19.636-0300] {dag.py:3239} INFO - Sync 1 DAGs
[2024-10-20T19:34:19.646-0300] {logging_mixin.py:190} INFO - [2024-10-20T19:34:19.645-0300] {dag.py:4180} INFO - Setting next_dagrun for example_python_decorator to None, run_after=None
[2024-10-20T19:34:19.678-0300] {processor.py:208} INFO - Processing /mnt/c/Users/Pato_/OneDrive/Documentos/ITBA/PYTHON_DATA_APP/itba/lib/python3.10/site-packages/airflow/example_dags/example_python_decorator.py took 0.120 seconds
[2024-10-20T19:35:28.504-0300] {processor.py:186} INFO - Started process (PID=319106) to work on /mnt/c/Users/Pato_/OneDrive/Documentos/ITBA/PYTHON_DATA_APP/itba/lib/python3.10/site-packages/airflow/example_dags/example_python_decorator.py
[2024-10-20T19:35:28.505-0300] {processor.py:914} INFO - Processing file /mnt/c/Users/Pato_/OneDrive/Documentos/ITBA/PYTHON_DATA_APP/itba/lib/python3.10/site-packages/airflow/example_dags/example_python_decorator.py for tasks to queue
[2024-10-20T19:35:28.507-0300] {logging_mixin.py:190} INFO - [2024-10-20T19:35:28.506-0300] {dagbag.py:588} INFO - Filling up the DagBag from /mnt/c/Users/Pato_/OneDrive/Documentos/ITBA/PYTHON_DATA_APP/itba/lib/python3.10/site-packages/airflow/example_dags/example_python_decorator.py
[2024-10-20T19:35:28.574-0300] {processor.py:925} INFO - DAG(s) 'example_python_decorator' retrieved from /mnt/c/Users/Pato_/OneDrive/Documentos/ITBA/PYTHON_DATA_APP/itba/lib/python3.10/site-packages/airflow/example_dags/example_python_decorator.py
[2024-10-20T19:35:28.592-0300] {logging_mixin.py:190} INFO - [2024-10-20T19:35:28.591-0300] {dag.py:3239} INFO - Sync 1 DAGs
[2024-10-20T19:35:28.602-0300] {logging_mixin.py:190} INFO - [2024-10-20T19:35:28.601-0300] {dag.py:4180} INFO - Setting next_dagrun for example_python_decorator to None, run_after=None
[2024-10-20T19:35:28.634-0300] {processor.py:208} INFO - Processing /mnt/c/Users/Pato_/OneDrive/Documentos/ITBA/PYTHON_DATA_APP/itba/lib/python3.10/site-packages/airflow/example_dags/example_python_decorator.py took 0.138 seconds
[2024-10-20T19:36:39.460-0300] {processor.py:186} INFO - Started process (PID=319659) to work on /mnt/c/Users/Pato_/OneDrive/Documentos/ITBA/PYTHON_DATA_APP/itba/lib/python3.10/site-packages/airflow/example_dags/example_python_decorator.py
[2024-10-20T19:36:39.461-0300] {processor.py:914} INFO - Processing file /mnt/c/Users/Pato_/OneDrive/Documentos/ITBA/PYTHON_DATA_APP/itba/lib/python3.10/site-packages/airflow/example_dags/example_python_decorator.py for tasks to queue
[2024-10-20T19:36:39.463-0300] {logging_mixin.py:190} INFO - [2024-10-20T19:36:39.462-0300] {dagbag.py:588} INFO - Filling up the DagBag from /mnt/c/Users/Pato_/OneDrive/Documentos/ITBA/PYTHON_DATA_APP/itba/lib/python3.10/site-packages/airflow/example_dags/example_python_decorator.py
[2024-10-20T19:36:39.509-0300] {processor.py:925} INFO - DAG(s) 'example_python_decorator' retrieved from /mnt/c/Users/Pato_/OneDrive/Documentos/ITBA/PYTHON_DATA_APP/itba/lib/python3.10/site-packages/airflow/example_dags/example_python_decorator.py
[2024-10-20T19:36:39.524-0300] {logging_mixin.py:190} INFO - [2024-10-20T19:36:39.523-0300] {dag.py:3239} INFO - Sync 1 DAGs
[2024-10-20T19:36:39.532-0300] {logging_mixin.py:190} INFO - [2024-10-20T19:36:39.532-0300] {dag.py:4180} INFO - Setting next_dagrun for example_python_decorator to None, run_after=None
[2024-10-20T19:36:39.561-0300] {processor.py:208} INFO - Processing /mnt/c/Users/Pato_/OneDrive/Documentos/ITBA/PYTHON_DATA_APP/itba/lib/python3.10/site-packages/airflow/example_dags/example_python_decorator.py took 0.108 seconds
[2024-10-20T19:37:46.783-0300] {processor.py:186} INFO - Started process (PID=320190) to work on /mnt/c/Users/Pato_/OneDrive/Documentos/ITBA/PYTHON_DATA_APP/itba/lib/python3.10/site-packages/airflow/example_dags/example_python_decorator.py
[2024-10-20T19:37:46.784-0300] {processor.py:914} INFO - Processing file /mnt/c/Users/Pato_/OneDrive/Documentos/ITBA/PYTHON_DATA_APP/itba/lib/python3.10/site-packages/airflow/example_dags/example_python_decorator.py for tasks to queue
[2024-10-20T19:37:46.786-0300] {logging_mixin.py:190} INFO - [2024-10-20T19:37:46.785-0300] {dagbag.py:588} INFO - Filling up the DagBag from /mnt/c/Users/Pato_/OneDrive/Documentos/ITBA/PYTHON_DATA_APP/itba/lib/python3.10/site-packages/airflow/example_dags/example_python_decorator.py
[2024-10-20T19:37:46.831-0300] {processor.py:925} INFO - DAG(s) 'example_python_decorator' retrieved from /mnt/c/Users/Pato_/OneDrive/Documentos/ITBA/PYTHON_DATA_APP/itba/lib/python3.10/site-packages/airflow/example_dags/example_python_decorator.py
[2024-10-20T19:37:46.847-0300] {logging_mixin.py:190} INFO - [2024-10-20T19:37:46.847-0300] {dag.py:3239} INFO - Sync 1 DAGs
[2024-10-20T19:37:46.856-0300] {logging_mixin.py:190} INFO - [2024-10-20T19:37:46.855-0300] {dag.py:4180} INFO - Setting next_dagrun for example_python_decorator to None, run_after=None
[2024-10-20T19:37:46.886-0300] {processor.py:208} INFO - Processing /mnt/c/Users/Pato_/OneDrive/Documentos/ITBA/PYTHON_DATA_APP/itba/lib/python3.10/site-packages/airflow/example_dags/example_python_decorator.py took 0.110 seconds
[2024-10-20T19:38:50.996-0300] {processor.py:186} INFO - Started process (PID=320689) to work on /mnt/c/Users/Pato_/OneDrive/Documentos/ITBA/PYTHON_DATA_APP/itba/lib/python3.10/site-packages/airflow/example_dags/example_python_decorator.py
[2024-10-20T19:38:50.997-0300] {processor.py:914} INFO - Processing file /mnt/c/Users/Pato_/OneDrive/Documentos/ITBA/PYTHON_DATA_APP/itba/lib/python3.10/site-packages/airflow/example_dags/example_python_decorator.py for tasks to queue
[2024-10-20T19:38:50.999-0300] {logging_mixin.py:190} INFO - [2024-10-20T19:38:50.998-0300] {dagbag.py:588} INFO - Filling up the DagBag from /mnt/c/Users/Pato_/OneDrive/Documentos/ITBA/PYTHON_DATA_APP/itba/lib/python3.10/site-packages/airflow/example_dags/example_python_decorator.py
[2024-10-20T19:38:51.047-0300] {processor.py:925} INFO - DAG(s) 'example_python_decorator' retrieved from /mnt/c/Users/Pato_/OneDrive/Documentos/ITBA/PYTHON_DATA_APP/itba/lib/python3.10/site-packages/airflow/example_dags/example_python_decorator.py
[2024-10-20T19:38:51.063-0300] {logging_mixin.py:190} INFO - [2024-10-20T19:38:51.062-0300] {dag.py:3239} INFO - Sync 1 DAGs
[2024-10-20T19:38:51.072-0300] {logging_mixin.py:190} INFO - [2024-10-20T19:38:51.072-0300] {dag.py:4180} INFO - Setting next_dagrun for example_python_decorator to None, run_after=None
[2024-10-20T19:38:51.102-0300] {processor.py:208} INFO - Processing /mnt/c/Users/Pato_/OneDrive/Documentos/ITBA/PYTHON_DATA_APP/itba/lib/python3.10/site-packages/airflow/example_dags/example_python_decorator.py took 0.113 seconds
[2024-10-20T19:39:58.758-0300] {processor.py:186} INFO - Started process (PID=321374) to work on /mnt/c/Users/Pato_/OneDrive/Documentos/ITBA/PYTHON_DATA_APP/itba/lib/python3.10/site-packages/airflow/example_dags/example_python_decorator.py
[2024-10-20T19:39:58.759-0300] {processor.py:914} INFO - Processing file /mnt/c/Users/Pato_/OneDrive/Documentos/ITBA/PYTHON_DATA_APP/itba/lib/python3.10/site-packages/airflow/example_dags/example_python_decorator.py for tasks to queue
[2024-10-20T19:39:58.761-0300] {logging_mixin.py:190} INFO - [2024-10-20T19:39:58.761-0300] {dagbag.py:588} INFO - Filling up the DagBag from /mnt/c/Users/Pato_/OneDrive/Documentos/ITBA/PYTHON_DATA_APP/itba/lib/python3.10/site-packages/airflow/example_dags/example_python_decorator.py
[2024-10-20T19:39:58.811-0300] {processor.py:925} INFO - DAG(s) 'example_python_decorator' retrieved from /mnt/c/Users/Pato_/OneDrive/Documentos/ITBA/PYTHON_DATA_APP/itba/lib/python3.10/site-packages/airflow/example_dags/example_python_decorator.py
[2024-10-20T19:39:58.827-0300] {logging_mixin.py:190} INFO - [2024-10-20T19:39:58.826-0300] {dag.py:3239} INFO - Sync 1 DAGs
[2024-10-20T19:39:58.836-0300] {logging_mixin.py:190} INFO - [2024-10-20T19:39:58.835-0300] {dag.py:4180} INFO - Setting next_dagrun for example_python_decorator to None, run_after=None
[2024-10-20T19:39:58.864-0300] {processor.py:208} INFO - Processing /mnt/c/Users/Pato_/OneDrive/Documentos/ITBA/PYTHON_DATA_APP/itba/lib/python3.10/site-packages/airflow/example_dags/example_python_decorator.py took 0.112 seconds
[2024-10-20T19:41:04.118-0300] {processor.py:186} INFO - Started process (PID=322116) to work on /mnt/c/Users/Pato_/OneDrive/Documentos/ITBA/PYTHON_DATA_APP/itba/lib/python3.10/site-packages/airflow/example_dags/example_python_decorator.py
[2024-10-20T19:41:04.119-0300] {processor.py:914} INFO - Processing file /mnt/c/Users/Pato_/OneDrive/Documentos/ITBA/PYTHON_DATA_APP/itba/lib/python3.10/site-packages/airflow/example_dags/example_python_decorator.py for tasks to queue
[2024-10-20T19:41:04.121-0300] {logging_mixin.py:190} INFO - [2024-10-20T19:41:04.120-0300] {dagbag.py:588} INFO - Filling up the DagBag from /mnt/c/Users/Pato_/OneDrive/Documentos/ITBA/PYTHON_DATA_APP/itba/lib/python3.10/site-packages/airflow/example_dags/example_python_decorator.py
[2024-10-20T19:41:04.168-0300] {processor.py:925} INFO - DAG(s) 'example_python_decorator' retrieved from /mnt/c/Users/Pato_/OneDrive/Documentos/ITBA/PYTHON_DATA_APP/itba/lib/python3.10/site-packages/airflow/example_dags/example_python_decorator.py
[2024-10-20T19:41:04.184-0300] {logging_mixin.py:190} INFO - [2024-10-20T19:41:04.183-0300] {dag.py:3239} INFO - Sync 1 DAGs
[2024-10-20T19:41:04.192-0300] {logging_mixin.py:190} INFO - [2024-10-20T19:41:04.192-0300] {dag.py:4180} INFO - Setting next_dagrun for example_python_decorator to None, run_after=None
[2024-10-20T19:41:04.221-0300] {processor.py:208} INFO - Processing /mnt/c/Users/Pato_/OneDrive/Documentos/ITBA/PYTHON_DATA_APP/itba/lib/python3.10/site-packages/airflow/example_dags/example_python_decorator.py took 0.110 seconds
[2024-10-20T19:42:12.125-0300] {processor.py:186} INFO - Started process (PID=322647) to work on /mnt/c/Users/Pato_/OneDrive/Documentos/ITBA/PYTHON_DATA_APP/itba/lib/python3.10/site-packages/airflow/example_dags/example_python_decorator.py
[2024-10-20T19:42:12.126-0300] {processor.py:914} INFO - Processing file /mnt/c/Users/Pato_/OneDrive/Documentos/ITBA/PYTHON_DATA_APP/itba/lib/python3.10/site-packages/airflow/example_dags/example_python_decorator.py for tasks to queue
[2024-10-20T19:42:12.128-0300] {logging_mixin.py:190} INFO - [2024-10-20T19:42:12.127-0300] {dagbag.py:588} INFO - Filling up the DagBag from /mnt/c/Users/Pato_/OneDrive/Documentos/ITBA/PYTHON_DATA_APP/itba/lib/python3.10/site-packages/airflow/example_dags/example_python_decorator.py
[2024-10-20T19:42:12.177-0300] {processor.py:925} INFO - DAG(s) 'example_python_decorator' retrieved from /mnt/c/Users/Pato_/OneDrive/Documentos/ITBA/PYTHON_DATA_APP/itba/lib/python3.10/site-packages/airflow/example_dags/example_python_decorator.py
[2024-10-20T19:42:12.194-0300] {logging_mixin.py:190} INFO - [2024-10-20T19:42:12.193-0300] {dag.py:3239} INFO - Sync 1 DAGs
[2024-10-20T19:42:12.203-0300] {logging_mixin.py:190} INFO - [2024-10-20T19:42:12.202-0300] {dag.py:4180} INFO - Setting next_dagrun for example_python_decorator to None, run_after=None
[2024-10-20T19:42:12.234-0300] {processor.py:208} INFO - Processing /mnt/c/Users/Pato_/OneDrive/Documentos/ITBA/PYTHON_DATA_APP/itba/lib/python3.10/site-packages/airflow/example_dags/example_python_decorator.py took 0.116 seconds
