[2024-10-20T19:01:40.323-0300] {processor.py:186} INFO - Started process (PID=299444) to work on /mnt/c/Users/Pato_/OneDrive/Documentos/ITBA/PYTHON_DATA_APP/itba/lib/python3.10/site-packages/airflow/example_dags/example_dataset_alias.py
[2024-10-20T19:01:40.324-0300] {processor.py:914} INFO - Processing file /mnt/c/Users/Pato_/OneDrive/Documentos/ITBA/PYTHON_DATA_APP/itba/lib/python3.10/site-packages/airflow/example_dags/example_dataset_alias.py for tasks to queue
[2024-10-20T19:01:40.326-0300] {logging_mixin.py:190} INFO - [2024-10-20T19:01:40.326-0300] {dagbag.py:588} INFO - Filling up the DagBag from /mnt/c/Users/Pato_/OneDrive/Documentos/ITBA/PYTHON_DATA_APP/itba/lib/python3.10/site-packages/airflow/example_dags/example_dataset_alias.py
[2024-10-20T19:01:40.403-0300] {processor.py:925} INFO - DAG(s) 'dataset_alias_example_alias_producer', 'dataset_alias_example_alias_consumer', 'dataset_s3_bucket_producer', 'dataset_s3_bucket_consumer' retrieved from /mnt/c/Users/Pato_/OneDrive/Documentos/ITBA/PYTHON_DATA_APP/itba/lib/python3.10/site-packages/airflow/example_dags/example_dataset_alias.py
[2024-10-20T19:01:41.402-0300] {logging_mixin.py:190} INFO - [2024-10-20T19:01:41.401-0300] {override.py:1907} INFO - Created Permission View: can read on DAG:dataset_alias_example_alias_producer
[2024-10-20T19:01:41.529-0300] {logging_mixin.py:190} INFO - [2024-10-20T19:01:41.528-0300] {override.py:1907} INFO - Created Permission View: can delete on DAG:dataset_alias_example_alias_producer
[2024-10-20T19:01:41.655-0300] {logging_mixin.py:190} INFO - [2024-10-20T19:01:41.655-0300] {override.py:1907} INFO - Created Permission View: can edit on DAG:dataset_alias_example_alias_producer
[2024-10-20T19:01:41.933-0300] {logging_mixin.py:190} INFO - [2024-10-20T19:01:41.932-0300] {override.py:1907} INFO - Created Permission View: can read on DAG Run:dataset_alias_example_alias_producer
[2024-10-20T19:01:42.052-0300] {logging_mixin.py:190} INFO - [2024-10-20T19:01:42.052-0300] {override.py:1907} INFO - Created Permission View: can delete on DAG Run:dataset_alias_example_alias_producer
[2024-10-20T19:01:42.174-0300] {logging_mixin.py:190} INFO - [2024-10-20T19:01:42.173-0300] {override.py:1907} INFO - Created Permission View: can create on DAG Run:dataset_alias_example_alias_producer
[2024-10-20T19:01:42.296-0300] {logging_mixin.py:190} INFO - [2024-10-20T19:01:42.295-0300] {override.py:1907} INFO - Created Permission View: menu access on DAG Run:dataset_alias_example_alias_producer
[2024-10-20T19:01:42.703-0300] {logging_mixin.py:190} INFO - [2024-10-20T19:01:42.702-0300] {override.py:1907} INFO - Created Permission View: can read on DAG:dataset_alias_example_alias_consumer
[2024-10-20T19:01:42.821-0300] {logging_mixin.py:190} INFO - [2024-10-20T19:01:42.820-0300] {override.py:1907} INFO - Created Permission View: can delete on DAG:dataset_alias_example_alias_consumer
[2024-10-20T19:01:42.939-0300] {logging_mixin.py:190} INFO - [2024-10-20T19:01:42.938-0300] {override.py:1907} INFO - Created Permission View: can edit on DAG:dataset_alias_example_alias_consumer
[2024-10-20T19:01:43.247-0300] {logging_mixin.py:190} INFO - [2024-10-20T19:01:43.246-0300] {override.py:1907} INFO - Created Permission View: can read on DAG Run:dataset_alias_example_alias_consumer
[2024-10-20T19:01:43.373-0300] {logging_mixin.py:190} INFO - [2024-10-20T19:01:43.372-0300] {override.py:1907} INFO - Created Permission View: can delete on DAG Run:dataset_alias_example_alias_consumer
[2024-10-20T19:01:43.492-0300] {logging_mixin.py:190} INFO - [2024-10-20T19:01:43.491-0300] {override.py:1907} INFO - Created Permission View: can create on DAG Run:dataset_alias_example_alias_consumer
[2024-10-20T19:01:43.878-0300] {logging_mixin.py:190} INFO - [2024-10-20T19:01:43.877-0300] {override.py:1907} INFO - Created Permission View: menu access on DAG Run:dataset_alias_example_alias_consumer
[2024-10-20T19:01:44.120-0300] {logging_mixin.py:190} INFO - [2024-10-20T19:01:44.119-0300] {override.py:1907} INFO - Created Permission View: can read on DAG:dataset_s3_bucket_producer
[2024-10-20T19:01:44.241-0300] {logging_mixin.py:190} INFO - [2024-10-20T19:01:44.240-0300] {override.py:1907} INFO - Created Permission View: can delete on DAG:dataset_s3_bucket_producer
[2024-10-20T19:01:44.361-0300] {logging_mixin.py:190} INFO - [2024-10-20T19:01:44.360-0300] {override.py:1907} INFO - Created Permission View: can edit on DAG:dataset_s3_bucket_producer
[2024-10-20T19:01:44.596-0300] {logging_mixin.py:190} INFO - [2024-10-20T19:01:44.595-0300] {override.py:1907} INFO - Created Permission View: can read on DAG Run:dataset_s3_bucket_producer
[2024-10-20T19:01:44.722-0300] {logging_mixin.py:190} INFO - [2024-10-20T19:01:44.721-0300] {override.py:1907} INFO - Created Permission View: can delete on DAG Run:dataset_s3_bucket_producer
[2024-10-20T19:01:44.846-0300] {logging_mixin.py:190} INFO - [2024-10-20T19:01:44.846-0300] {override.py:1907} INFO - Created Permission View: can create on DAG Run:dataset_s3_bucket_producer
[2024-10-20T19:01:44.973-0300] {logging_mixin.py:190} INFO - [2024-10-20T19:01:44.972-0300] {override.py:1907} INFO - Created Permission View: menu access on DAG Run:dataset_s3_bucket_producer
[2024-10-20T19:01:45.224-0300] {logging_mixin.py:190} INFO - [2024-10-20T19:01:45.223-0300] {override.py:1907} INFO - Created Permission View: can read on DAG:dataset_s3_bucket_consumer
[2024-10-20T19:01:45.354-0300] {logging_mixin.py:190} INFO - [2024-10-20T19:01:45.353-0300] {override.py:1907} INFO - Created Permission View: can delete on DAG:dataset_s3_bucket_consumer
[2024-10-20T19:01:45.490-0300] {logging_mixin.py:190} INFO - [2024-10-20T19:01:45.489-0300] {override.py:1907} INFO - Created Permission View: can edit on DAG:dataset_s3_bucket_consumer
[2024-10-20T19:01:46.103-0300] {logging_mixin.py:190} INFO - [2024-10-20T19:01:46.102-0300] {override.py:1907} INFO - Created Permission View: can read on DAG Run:dataset_s3_bucket_consumer
[2024-10-20T19:01:46.593-0300] {logging_mixin.py:190} INFO - [2024-10-20T19:01:46.592-0300] {override.py:1907} INFO - Created Permission View: can delete on DAG Run:dataset_s3_bucket_consumer
[2024-10-20T19:01:46.786-0300] {logging_mixin.py:190} INFO - [2024-10-20T19:01:46.786-0300] {override.py:1907} INFO - Created Permission View: can create on DAG Run:dataset_s3_bucket_consumer
[2024-10-20T19:01:46.902-0300] {logging_mixin.py:190} INFO - [2024-10-20T19:01:46.901-0300] {override.py:1907} INFO - Created Permission View: menu access on DAG Run:dataset_s3_bucket_consumer
[2024-10-20T19:01:46.903-0300] {logging_mixin.py:190} INFO - [2024-10-20T19:01:46.903-0300] {dag.py:3239} INFO - Sync 4 DAGs
[2024-10-20T19:01:46.915-0300] {logging_mixin.py:190} INFO - [2024-10-20T19:01:46.915-0300] {dag.py:3262} INFO - Creating ORM DAG for dataset_s3_bucket_producer
[2024-10-20T19:01:46.917-0300] {logging_mixin.py:190} INFO - [2024-10-20T19:01:46.916-0300] {dag.py:3262} INFO - Creating ORM DAG for dataset_alias_example_alias_producer
[2024-10-20T19:01:46.918-0300] {logging_mixin.py:190} INFO - [2024-10-20T19:01:46.918-0300] {dag.py:3262} INFO - Creating ORM DAG for dataset_s3_bucket_consumer
[2024-10-20T19:01:46.919-0300] {logging_mixin.py:190} INFO - [2024-10-20T19:01:46.919-0300] {dag.py:3262} INFO - Creating ORM DAG for dataset_alias_example_alias_consumer
[2024-10-20T19:01:46.926-0300] {logging_mixin.py:190} INFO - [2024-10-20T19:01:46.925-0300] {dag.py:4180} INFO - Setting next_dagrun for dataset_alias_example_alias_consumer to None, run_after=None
[2024-10-20T19:01:46.927-0300] {logging_mixin.py:190} INFO - [2024-10-20T19:01:46.927-0300] {dag.py:4180} INFO - Setting next_dagrun for dataset_alias_example_alias_producer to None, run_after=None
[2024-10-20T19:01:46.929-0300] {logging_mixin.py:190} INFO - [2024-10-20T19:01:46.928-0300] {dag.py:4180} INFO - Setting next_dagrun for dataset_s3_bucket_consumer to None, run_after=None
[2024-10-20T19:01:46.930-0300] {logging_mixin.py:190} INFO - [2024-10-20T19:01:46.929-0300] {dag.py:4180} INFO - Setting next_dagrun for dataset_s3_bucket_producer to None, run_after=None
[2024-10-20T19:01:47.143-0300] {processor.py:208} INFO - Processing /mnt/c/Users/Pato_/OneDrive/Documentos/ITBA/PYTHON_DATA_APP/itba/lib/python3.10/site-packages/airflow/example_dags/example_dataset_alias.py took 6.827 seconds
[2024-10-20T19:03:12.729-0300] {processor.py:186} INFO - Started process (PID=300154) to work on /mnt/c/Users/Pato_/OneDrive/Documentos/ITBA/PYTHON_DATA_APP/itba/lib/python3.10/site-packages/airflow/example_dags/example_dataset_alias.py
[2024-10-20T19:03:12.730-0300] {processor.py:914} INFO - Processing file /mnt/c/Users/Pato_/OneDrive/Documentos/ITBA/PYTHON_DATA_APP/itba/lib/python3.10/site-packages/airflow/example_dags/example_dataset_alias.py for tasks to queue
[2024-10-20T19:03:12.732-0300] {logging_mixin.py:190} INFO - [2024-10-20T19:03:12.731-0300] {dagbag.py:588} INFO - Filling up the DagBag from /mnt/c/Users/Pato_/OneDrive/Documentos/ITBA/PYTHON_DATA_APP/itba/lib/python3.10/site-packages/airflow/example_dags/example_dataset_alias.py
[2024-10-20T19:03:12.809-0300] {processor.py:925} INFO - DAG(s) 'dataset_alias_example_alias_consumer', 'dataset_alias_example_alias_producer', 'dataset_s3_bucket_consumer', 'dataset_s3_bucket_producer' retrieved from /mnt/c/Users/Pato_/OneDrive/Documentos/ITBA/PYTHON_DATA_APP/itba/lib/python3.10/site-packages/airflow/example_dags/example_dataset_alias.py
[2024-10-20T19:03:12.836-0300] {logging_mixin.py:190} INFO - [2024-10-20T19:03:12.835-0300] {dag.py:3239} INFO - Sync 4 DAGs
[2024-10-20T19:03:12.851-0300] {logging_mixin.py:190} INFO - [2024-10-20T19:03:12.850-0300] {dag.py:4180} INFO - Setting next_dagrun for dataset_alias_example_alias_consumer to None, run_after=None
[2024-10-20T19:03:12.854-0300] {logging_mixin.py:190} INFO - [2024-10-20T19:03:12.853-0300] {dag.py:4180} INFO - Setting next_dagrun for dataset_alias_example_alias_producer to None, run_after=None
[2024-10-20T19:03:12.856-0300] {logging_mixin.py:190} INFO - [2024-10-20T19:03:12.855-0300] {dag.py:4180} INFO - Setting next_dagrun for dataset_s3_bucket_consumer to None, run_after=None
[2024-10-20T19:03:12.858-0300] {logging_mixin.py:190} INFO - [2024-10-20T19:03:12.858-0300] {dag.py:4180} INFO - Setting next_dagrun for dataset_s3_bucket_producer to None, run_after=None
[2024-10-20T19:03:12.892-0300] {processor.py:208} INFO - Processing /mnt/c/Users/Pato_/OneDrive/Documentos/ITBA/PYTHON_DATA_APP/itba/lib/python3.10/site-packages/airflow/example_dags/example_dataset_alias.py took 0.170 seconds
[2024-10-20T19:04:23.189-0300] {processor.py:186} INFO - Started process (PID=300762) to work on /mnt/c/Users/Pato_/OneDrive/Documentos/ITBA/PYTHON_DATA_APP/itba/lib/python3.10/site-packages/airflow/example_dags/example_dataset_alias.py
[2024-10-20T19:04:23.190-0300] {processor.py:914} INFO - Processing file /mnt/c/Users/Pato_/OneDrive/Documentos/ITBA/PYTHON_DATA_APP/itba/lib/python3.10/site-packages/airflow/example_dags/example_dataset_alias.py for tasks to queue
[2024-10-20T19:04:23.192-0300] {logging_mixin.py:190} INFO - [2024-10-20T19:04:23.191-0300] {dagbag.py:588} INFO - Filling up the DagBag from /mnt/c/Users/Pato_/OneDrive/Documentos/ITBA/PYTHON_DATA_APP/itba/lib/python3.10/site-packages/airflow/example_dags/example_dataset_alias.py
[2024-10-20T19:04:23.271-0300] {processor.py:925} INFO - DAG(s) 'dataset_alias_example_alias_consumer', 'dataset_s3_bucket_consumer', 'dataset_s3_bucket_producer', 'dataset_alias_example_alias_producer' retrieved from /mnt/c/Users/Pato_/OneDrive/Documentos/ITBA/PYTHON_DATA_APP/itba/lib/python3.10/site-packages/airflow/example_dags/example_dataset_alias.py
[2024-10-20T19:04:23.299-0300] {logging_mixin.py:190} INFO - [2024-10-20T19:04:23.298-0300] {dag.py:3239} INFO - Sync 4 DAGs
[2024-10-20T19:04:23.313-0300] {logging_mixin.py:190} INFO - [2024-10-20T19:04:23.313-0300] {dag.py:4180} INFO - Setting next_dagrun for dataset_alias_example_alias_consumer to None, run_after=None
[2024-10-20T19:04:23.317-0300] {logging_mixin.py:190} INFO - [2024-10-20T19:04:23.317-0300] {dag.py:4180} INFO - Setting next_dagrun for dataset_alias_example_alias_producer to None, run_after=None
[2024-10-20T19:04:23.319-0300] {logging_mixin.py:190} INFO - [2024-10-20T19:04:23.319-0300] {dag.py:4180} INFO - Setting next_dagrun for dataset_s3_bucket_consumer to None, run_after=None
[2024-10-20T19:04:23.321-0300] {logging_mixin.py:190} INFO - [2024-10-20T19:04:23.321-0300] {dag.py:4180} INFO - Setting next_dagrun for dataset_s3_bucket_producer to None, run_after=None
[2024-10-20T19:04:23.354-0300] {processor.py:208} INFO - Processing /mnt/c/Users/Pato_/OneDrive/Documentos/ITBA/PYTHON_DATA_APP/itba/lib/python3.10/site-packages/airflow/example_dags/example_dataset_alias.py took 0.173 seconds
[2024-10-20T19:05:32.547-0300] {processor.py:186} INFO - Started process (PID=301497) to work on /mnt/c/Users/Pato_/OneDrive/Documentos/ITBA/PYTHON_DATA_APP/itba/lib/python3.10/site-packages/airflow/example_dags/example_dataset_alias.py
[2024-10-20T19:05:32.548-0300] {processor.py:914} INFO - Processing file /mnt/c/Users/Pato_/OneDrive/Documentos/ITBA/PYTHON_DATA_APP/itba/lib/python3.10/site-packages/airflow/example_dags/example_dataset_alias.py for tasks to queue
[2024-10-20T19:05:32.550-0300] {logging_mixin.py:190} INFO - [2024-10-20T19:05:32.550-0300] {dagbag.py:588} INFO - Filling up the DagBag from /mnt/c/Users/Pato_/OneDrive/Documentos/ITBA/PYTHON_DATA_APP/itba/lib/python3.10/site-packages/airflow/example_dags/example_dataset_alias.py
[2024-10-20T19:05:32.637-0300] {processor.py:925} INFO - DAG(s) 'dataset_alias_example_alias_consumer', 'dataset_s3_bucket_producer', 'dataset_alias_example_alias_producer', 'dataset_s3_bucket_consumer' retrieved from /mnt/c/Users/Pato_/OneDrive/Documentos/ITBA/PYTHON_DATA_APP/itba/lib/python3.10/site-packages/airflow/example_dags/example_dataset_alias.py
[2024-10-20T19:05:32.666-0300] {logging_mixin.py:190} INFO - [2024-10-20T19:05:32.665-0300] {dag.py:3239} INFO - Sync 4 DAGs
[2024-10-20T19:05:32.681-0300] {logging_mixin.py:190} INFO - [2024-10-20T19:05:32.681-0300] {dag.py:4180} INFO - Setting next_dagrun for dataset_alias_example_alias_consumer to None, run_after=None
[2024-10-20T19:05:32.684-0300] {logging_mixin.py:190} INFO - [2024-10-20T19:05:32.684-0300] {dag.py:4180} INFO - Setting next_dagrun for dataset_alias_example_alias_producer to None, run_after=None
[2024-10-20T19:05:32.686-0300] {logging_mixin.py:190} INFO - [2024-10-20T19:05:32.686-0300] {dag.py:4180} INFO - Setting next_dagrun for dataset_s3_bucket_consumer to None, run_after=None
[2024-10-20T19:05:32.689-0300] {logging_mixin.py:190} INFO - [2024-10-20T19:05:32.688-0300] {dag.py:4180} INFO - Setting next_dagrun for dataset_s3_bucket_producer to None, run_after=None
[2024-10-20T19:05:32.722-0300] {processor.py:208} INFO - Processing /mnt/c/Users/Pato_/OneDrive/Documentos/ITBA/PYTHON_DATA_APP/itba/lib/python3.10/site-packages/airflow/example_dags/example_dataset_alias.py took 0.183 seconds
[2024-10-20T19:08:28.518-0300] {processor.py:186} INFO - Started process (PID=303792) to work on /mnt/c/Users/Pato_/OneDrive/Documentos/ITBA/PYTHON_DATA_APP/itba/lib/python3.10/site-packages/airflow/example_dags/example_dataset_alias.py
[2024-10-20T19:08:28.519-0300] {processor.py:914} INFO - Processing file /mnt/c/Users/Pato_/OneDrive/Documentos/ITBA/PYTHON_DATA_APP/itba/lib/python3.10/site-packages/airflow/example_dags/example_dataset_alias.py for tasks to queue
[2024-10-20T19:08:28.521-0300] {logging_mixin.py:190} INFO - [2024-10-20T19:08:28.520-0300] {dagbag.py:588} INFO - Filling up the DagBag from /mnt/c/Users/Pato_/OneDrive/Documentos/ITBA/PYTHON_DATA_APP/itba/lib/python3.10/site-packages/airflow/example_dags/example_dataset_alias.py
[2024-10-20T19:08:28.600-0300] {processor.py:925} INFO - DAG(s) 'dataset_s3_bucket_consumer', 'dataset_s3_bucket_producer', 'dataset_alias_example_alias_consumer', 'dataset_alias_example_alias_producer' retrieved from /mnt/c/Users/Pato_/OneDrive/Documentos/ITBA/PYTHON_DATA_APP/itba/lib/python3.10/site-packages/airflow/example_dags/example_dataset_alias.py
[2024-10-20T19:08:28.627-0300] {logging_mixin.py:190} INFO - [2024-10-20T19:08:28.626-0300] {dag.py:3239} INFO - Sync 4 DAGs
[2024-10-20T19:08:28.642-0300] {logging_mixin.py:190} INFO - [2024-10-20T19:08:28.641-0300] {dag.py:4180} INFO - Setting next_dagrun for dataset_alias_example_alias_consumer to None, run_after=None
[2024-10-20T19:08:28.645-0300] {logging_mixin.py:190} INFO - [2024-10-20T19:08:28.644-0300] {dag.py:4180} INFO - Setting next_dagrun for dataset_alias_example_alias_producer to None, run_after=None
[2024-10-20T19:08:28.647-0300] {logging_mixin.py:190} INFO - [2024-10-20T19:08:28.646-0300] {dag.py:4180} INFO - Setting next_dagrun for dataset_s3_bucket_consumer to None, run_after=None
[2024-10-20T19:08:28.649-0300] {logging_mixin.py:190} INFO - [2024-10-20T19:08:28.648-0300] {dag.py:4180} INFO - Setting next_dagrun for dataset_s3_bucket_producer to None, run_after=None
[2024-10-20T19:08:28.681-0300] {processor.py:208} INFO - Processing /mnt/c/Users/Pato_/OneDrive/Documentos/ITBA/PYTHON_DATA_APP/itba/lib/python3.10/site-packages/airflow/example_dags/example_dataset_alias.py took 0.170 seconds
[2024-10-20T19:09:33.810-0300] {processor.py:186} INFO - Started process (PID=304366) to work on /mnt/c/Users/Pato_/OneDrive/Documentos/ITBA/PYTHON_DATA_APP/itba/lib/python3.10/site-packages/airflow/example_dags/example_dataset_alias.py
[2024-10-20T19:09:33.811-0300] {processor.py:914} INFO - Processing file /mnt/c/Users/Pato_/OneDrive/Documentos/ITBA/PYTHON_DATA_APP/itba/lib/python3.10/site-packages/airflow/example_dags/example_dataset_alias.py for tasks to queue
[2024-10-20T19:09:33.813-0300] {logging_mixin.py:190} INFO - [2024-10-20T19:09:33.812-0300] {dagbag.py:588} INFO - Filling up the DagBag from /mnt/c/Users/Pato_/OneDrive/Documentos/ITBA/PYTHON_DATA_APP/itba/lib/python3.10/site-packages/airflow/example_dags/example_dataset_alias.py
[2024-10-20T19:09:33.890-0300] {processor.py:925} INFO - DAG(s) 'dataset_s3_bucket_consumer', 'dataset_s3_bucket_producer', 'dataset_alias_example_alias_producer', 'dataset_alias_example_alias_consumer' retrieved from /mnt/c/Users/Pato_/OneDrive/Documentos/ITBA/PYTHON_DATA_APP/itba/lib/python3.10/site-packages/airflow/example_dags/example_dataset_alias.py
[2024-10-20T19:09:33.917-0300] {logging_mixin.py:190} INFO - [2024-10-20T19:09:33.916-0300] {dag.py:3239} INFO - Sync 4 DAGs
[2024-10-20T19:09:33.931-0300] {logging_mixin.py:190} INFO - [2024-10-20T19:09:33.930-0300] {dag.py:4180} INFO - Setting next_dagrun for dataset_alias_example_alias_consumer to None, run_after=None
[2024-10-20T19:09:33.934-0300] {logging_mixin.py:190} INFO - [2024-10-20T19:09:33.933-0300] {dag.py:4180} INFO - Setting next_dagrun for dataset_alias_example_alias_producer to None, run_after=None
[2024-10-20T19:09:33.936-0300] {logging_mixin.py:190} INFO - [2024-10-20T19:09:33.935-0300] {dag.py:4180} INFO - Setting next_dagrun for dataset_s3_bucket_consumer to None, run_after=None
[2024-10-20T19:09:33.938-0300] {logging_mixin.py:190} INFO - [2024-10-20T19:09:33.938-0300] {dag.py:4180} INFO - Setting next_dagrun for dataset_s3_bucket_producer to None, run_after=None
[2024-10-20T19:09:33.969-0300] {processor.py:208} INFO - Processing /mnt/c/Users/Pato_/OneDrive/Documentos/ITBA/PYTHON_DATA_APP/itba/lib/python3.10/site-packages/airflow/example_dags/example_dataset_alias.py took 0.166 seconds
[2024-10-20T19:10:39.886-0300] {processor.py:186} INFO - Started process (PID=304912) to work on /mnt/c/Users/Pato_/OneDrive/Documentos/ITBA/PYTHON_DATA_APP/itba/lib/python3.10/site-packages/airflow/example_dags/example_dataset_alias.py
[2024-10-20T19:10:39.887-0300] {processor.py:914} INFO - Processing file /mnt/c/Users/Pato_/OneDrive/Documentos/ITBA/PYTHON_DATA_APP/itba/lib/python3.10/site-packages/airflow/example_dags/example_dataset_alias.py for tasks to queue
[2024-10-20T19:10:39.889-0300] {logging_mixin.py:190} INFO - [2024-10-20T19:10:39.888-0300] {dagbag.py:588} INFO - Filling up the DagBag from /mnt/c/Users/Pato_/OneDrive/Documentos/ITBA/PYTHON_DATA_APP/itba/lib/python3.10/site-packages/airflow/example_dags/example_dataset_alias.py
[2024-10-20T19:10:39.964-0300] {processor.py:925} INFO - DAG(s) 'dataset_alias_example_alias_consumer', 'dataset_s3_bucket_producer', 'dataset_alias_example_alias_producer', 'dataset_s3_bucket_consumer' retrieved from /mnt/c/Users/Pato_/OneDrive/Documentos/ITBA/PYTHON_DATA_APP/itba/lib/python3.10/site-packages/airflow/example_dags/example_dataset_alias.py
[2024-10-20T19:10:39.990-0300] {logging_mixin.py:190} INFO - [2024-10-20T19:10:39.989-0300] {dag.py:3239} INFO - Sync 4 DAGs
[2024-10-20T19:10:40.004-0300] {logging_mixin.py:190} INFO - [2024-10-20T19:10:40.003-0300] {dag.py:4180} INFO - Setting next_dagrun for dataset_alias_example_alias_consumer to None, run_after=None
[2024-10-20T19:10:40.007-0300] {logging_mixin.py:190} INFO - [2024-10-20T19:10:40.006-0300] {dag.py:4180} INFO - Setting next_dagrun for dataset_alias_example_alias_producer to None, run_after=None
[2024-10-20T19:10:40.009-0300] {logging_mixin.py:190} INFO - [2024-10-20T19:10:40.008-0300] {dag.py:4180} INFO - Setting next_dagrun for dataset_s3_bucket_consumer to None, run_after=None
[2024-10-20T19:10:40.011-0300] {logging_mixin.py:190} INFO - [2024-10-20T19:10:40.010-0300] {dag.py:4180} INFO - Setting next_dagrun for dataset_s3_bucket_producer to None, run_after=None
[2024-10-20T19:10:40.041-0300] {processor.py:208} INFO - Processing /mnt/c/Users/Pato_/OneDrive/Documentos/ITBA/PYTHON_DATA_APP/itba/lib/python3.10/site-packages/airflow/example_dags/example_dataset_alias.py took 0.161 seconds
[2024-10-20T19:11:48.268-0300] {processor.py:186} INFO - Started process (PID=305442) to work on /mnt/c/Users/Pato_/OneDrive/Documentos/ITBA/PYTHON_DATA_APP/itba/lib/python3.10/site-packages/airflow/example_dags/example_dataset_alias.py
[2024-10-20T19:11:48.269-0300] {processor.py:914} INFO - Processing file /mnt/c/Users/Pato_/OneDrive/Documentos/ITBA/PYTHON_DATA_APP/itba/lib/python3.10/site-packages/airflow/example_dags/example_dataset_alias.py for tasks to queue
[2024-10-20T19:11:48.271-0300] {logging_mixin.py:190} INFO - [2024-10-20T19:11:48.271-0300] {dagbag.py:588} INFO - Filling up the DagBag from /mnt/c/Users/Pato_/OneDrive/Documentos/ITBA/PYTHON_DATA_APP/itba/lib/python3.10/site-packages/airflow/example_dags/example_dataset_alias.py
[2024-10-20T19:11:48.347-0300] {processor.py:925} INFO - DAG(s) 'dataset_s3_bucket_consumer', 'dataset_alias_example_alias_consumer', 'dataset_alias_example_alias_producer', 'dataset_s3_bucket_producer' retrieved from /mnt/c/Users/Pato_/OneDrive/Documentos/ITBA/PYTHON_DATA_APP/itba/lib/python3.10/site-packages/airflow/example_dags/example_dataset_alias.py
[2024-10-20T19:11:48.373-0300] {logging_mixin.py:190} INFO - [2024-10-20T19:11:48.373-0300] {dag.py:3239} INFO - Sync 4 DAGs
[2024-10-20T19:11:48.388-0300] {logging_mixin.py:190} INFO - [2024-10-20T19:11:48.387-0300] {dag.py:4180} INFO - Setting next_dagrun for dataset_alias_example_alias_consumer to None, run_after=None
[2024-10-20T19:11:48.391-0300] {logging_mixin.py:190} INFO - [2024-10-20T19:11:48.391-0300] {dag.py:4180} INFO - Setting next_dagrun for dataset_alias_example_alias_producer to None, run_after=None
[2024-10-20T19:11:48.394-0300] {logging_mixin.py:190} INFO - [2024-10-20T19:11:48.393-0300] {dag.py:4180} INFO - Setting next_dagrun for dataset_s3_bucket_consumer to None, run_after=None
[2024-10-20T19:11:48.396-0300] {logging_mixin.py:190} INFO - [2024-10-20T19:11:48.395-0300] {dag.py:4180} INFO - Setting next_dagrun for dataset_s3_bucket_producer to None, run_after=None
[2024-10-20T19:11:48.428-0300] {processor.py:208} INFO - Processing /mnt/c/Users/Pato_/OneDrive/Documentos/ITBA/PYTHON_DATA_APP/itba/lib/python3.10/site-packages/airflow/example_dags/example_dataset_alias.py took 0.167 seconds
[2024-10-20T19:12:55.993-0300] {processor.py:186} INFO - Started process (PID=305975) to work on /mnt/c/Users/Pato_/OneDrive/Documentos/ITBA/PYTHON_DATA_APP/itba/lib/python3.10/site-packages/airflow/example_dags/example_dataset_alias.py
[2024-10-20T19:12:55.994-0300] {processor.py:914} INFO - Processing file /mnt/c/Users/Pato_/OneDrive/Documentos/ITBA/PYTHON_DATA_APP/itba/lib/python3.10/site-packages/airflow/example_dags/example_dataset_alias.py for tasks to queue
[2024-10-20T19:12:55.996-0300] {logging_mixin.py:190} INFO - [2024-10-20T19:12:55.995-0300] {dagbag.py:588} INFO - Filling up the DagBag from /mnt/c/Users/Pato_/OneDrive/Documentos/ITBA/PYTHON_DATA_APP/itba/lib/python3.10/site-packages/airflow/example_dags/example_dataset_alias.py
[2024-10-20T19:12:56.073-0300] {processor.py:925} INFO - DAG(s) 'dataset_alias_example_alias_producer', 'dataset_alias_example_alias_consumer', 'dataset_s3_bucket_consumer', 'dataset_s3_bucket_producer' retrieved from /mnt/c/Users/Pato_/OneDrive/Documentos/ITBA/PYTHON_DATA_APP/itba/lib/python3.10/site-packages/airflow/example_dags/example_dataset_alias.py
[2024-10-20T19:12:56.100-0300] {logging_mixin.py:190} INFO - [2024-10-20T19:12:56.100-0300] {dag.py:3239} INFO - Sync 4 DAGs
[2024-10-20T19:12:56.114-0300] {logging_mixin.py:190} INFO - [2024-10-20T19:12:56.114-0300] {dag.py:4180} INFO - Setting next_dagrun for dataset_alias_example_alias_consumer to None, run_after=None
[2024-10-20T19:12:56.117-0300] {logging_mixin.py:190} INFO - [2024-10-20T19:12:56.116-0300] {dag.py:4180} INFO - Setting next_dagrun for dataset_alias_example_alias_producer to None, run_after=None
[2024-10-20T19:12:56.119-0300] {logging_mixin.py:190} INFO - [2024-10-20T19:12:56.119-0300] {dag.py:4180} INFO - Setting next_dagrun for dataset_s3_bucket_consumer to None, run_after=None
[2024-10-20T19:12:56.121-0300] {logging_mixin.py:190} INFO - [2024-10-20T19:12:56.121-0300] {dag.py:4180} INFO - Setting next_dagrun for dataset_s3_bucket_producer to None, run_after=None
[2024-10-20T19:12:56.154-0300] {processor.py:208} INFO - Processing /mnt/c/Users/Pato_/OneDrive/Documentos/ITBA/PYTHON_DATA_APP/itba/lib/python3.10/site-packages/airflow/example_dags/example_dataset_alias.py took 0.168 seconds
[2024-10-20T19:13:59.230-0300] {processor.py:186} INFO - Started process (PID=306469) to work on /mnt/c/Users/Pato_/OneDrive/Documentos/ITBA/PYTHON_DATA_APP/itba/lib/python3.10/site-packages/airflow/example_dags/example_dataset_alias.py
[2024-10-20T19:13:59.231-0300] {processor.py:914} INFO - Processing file /mnt/c/Users/Pato_/OneDrive/Documentos/ITBA/PYTHON_DATA_APP/itba/lib/python3.10/site-packages/airflow/example_dags/example_dataset_alias.py for tasks to queue
[2024-10-20T19:13:59.233-0300] {logging_mixin.py:190} INFO - [2024-10-20T19:13:59.233-0300] {dagbag.py:588} INFO - Filling up the DagBag from /mnt/c/Users/Pato_/OneDrive/Documentos/ITBA/PYTHON_DATA_APP/itba/lib/python3.10/site-packages/airflow/example_dags/example_dataset_alias.py
[2024-10-20T19:13:59.310-0300] {processor.py:925} INFO - DAG(s) 'dataset_alias_example_alias_consumer', 'dataset_s3_bucket_producer', 'dataset_s3_bucket_consumer', 'dataset_alias_example_alias_producer' retrieved from /mnt/c/Users/Pato_/OneDrive/Documentos/ITBA/PYTHON_DATA_APP/itba/lib/python3.10/site-packages/airflow/example_dags/example_dataset_alias.py
[2024-10-20T19:13:59.337-0300] {logging_mixin.py:190} INFO - [2024-10-20T19:13:59.336-0300] {dag.py:3239} INFO - Sync 4 DAGs
[2024-10-20T19:13:59.351-0300] {logging_mixin.py:190} INFO - [2024-10-20T19:13:59.350-0300] {dag.py:4180} INFO - Setting next_dagrun for dataset_alias_example_alias_consumer to None, run_after=None
[2024-10-20T19:13:59.354-0300] {logging_mixin.py:190} INFO - [2024-10-20T19:13:59.353-0300] {dag.py:4180} INFO - Setting next_dagrun for dataset_alias_example_alias_producer to None, run_after=None
[2024-10-20T19:13:59.356-0300] {logging_mixin.py:190} INFO - [2024-10-20T19:13:59.356-0300] {dag.py:4180} INFO - Setting next_dagrun for dataset_s3_bucket_consumer to None, run_after=None
[2024-10-20T19:13:59.358-0300] {logging_mixin.py:190} INFO - [2024-10-20T19:13:59.358-0300] {dag.py:4180} INFO - Setting next_dagrun for dataset_s3_bucket_producer to None, run_after=None
[2024-10-20T19:13:59.391-0300] {processor.py:208} INFO - Processing /mnt/c/Users/Pato_/OneDrive/Documentos/ITBA/PYTHON_DATA_APP/itba/lib/python3.10/site-packages/airflow/example_dags/example_dataset_alias.py took 0.167 seconds
[2024-10-20T19:15:09.893-0300] {processor.py:186} INFO - Started process (PID=307047) to work on /mnt/c/Users/Pato_/OneDrive/Documentos/ITBA/PYTHON_DATA_APP/itba/lib/python3.10/site-packages/airflow/example_dags/example_dataset_alias.py
[2024-10-20T19:15:09.894-0300] {processor.py:914} INFO - Processing file /mnt/c/Users/Pato_/OneDrive/Documentos/ITBA/PYTHON_DATA_APP/itba/lib/python3.10/site-packages/airflow/example_dags/example_dataset_alias.py for tasks to queue
[2024-10-20T19:15:09.896-0300] {logging_mixin.py:190} INFO - [2024-10-20T19:15:09.896-0300] {dagbag.py:588} INFO - Filling up the DagBag from /mnt/c/Users/Pato_/OneDrive/Documentos/ITBA/PYTHON_DATA_APP/itba/lib/python3.10/site-packages/airflow/example_dags/example_dataset_alias.py
[2024-10-20T19:15:09.973-0300] {processor.py:925} INFO - DAG(s) 'dataset_alias_example_alias_consumer', 'dataset_s3_bucket_consumer', 'dataset_s3_bucket_producer', 'dataset_alias_example_alias_producer' retrieved from /mnt/c/Users/Pato_/OneDrive/Documentos/ITBA/PYTHON_DATA_APP/itba/lib/python3.10/site-packages/airflow/example_dags/example_dataset_alias.py
[2024-10-20T19:15:10.001-0300] {logging_mixin.py:190} INFO - [2024-10-20T19:15:10.000-0300] {dag.py:3239} INFO - Sync 4 DAGs
[2024-10-20T19:15:10.015-0300] {logging_mixin.py:190} INFO - [2024-10-20T19:15:10.015-0300] {dag.py:4180} INFO - Setting next_dagrun for dataset_alias_example_alias_consumer to None, run_after=None
[2024-10-20T19:15:10.018-0300] {logging_mixin.py:190} INFO - [2024-10-20T19:15:10.018-0300] {dag.py:4180} INFO - Setting next_dagrun for dataset_alias_example_alias_producer to None, run_after=None
[2024-10-20T19:15:10.020-0300] {logging_mixin.py:190} INFO - [2024-10-20T19:15:10.020-0300] {dag.py:4180} INFO - Setting next_dagrun for dataset_s3_bucket_consumer to None, run_after=None
[2024-10-20T19:15:10.022-0300] {logging_mixin.py:190} INFO - [2024-10-20T19:15:10.022-0300] {dag.py:4180} INFO - Setting next_dagrun for dataset_s3_bucket_producer to None, run_after=None
[2024-10-20T19:15:10.055-0300] {processor.py:208} INFO - Processing /mnt/c/Users/Pato_/OneDrive/Documentos/ITBA/PYTHON_DATA_APP/itba/lib/python3.10/site-packages/airflow/example_dags/example_dataset_alias.py took 0.169 seconds
[2024-10-20T19:16:17.861-0300] {processor.py:186} INFO - Started process (PID=307575) to work on /mnt/c/Users/Pato_/OneDrive/Documentos/ITBA/PYTHON_DATA_APP/itba/lib/python3.10/site-packages/airflow/example_dags/example_dataset_alias.py
[2024-10-20T19:16:17.862-0300] {processor.py:914} INFO - Processing file /mnt/c/Users/Pato_/OneDrive/Documentos/ITBA/PYTHON_DATA_APP/itba/lib/python3.10/site-packages/airflow/example_dags/example_dataset_alias.py for tasks to queue
[2024-10-20T19:16:17.864-0300] {logging_mixin.py:190} INFO - [2024-10-20T19:16:17.863-0300] {dagbag.py:588} INFO - Filling up the DagBag from /mnt/c/Users/Pato_/OneDrive/Documentos/ITBA/PYTHON_DATA_APP/itba/lib/python3.10/site-packages/airflow/example_dags/example_dataset_alias.py
[2024-10-20T19:16:17.943-0300] {processor.py:925} INFO - DAG(s) 'dataset_alias_example_alias_consumer', 'dataset_s3_bucket_producer', 'dataset_alias_example_alias_producer', 'dataset_s3_bucket_consumer' retrieved from /mnt/c/Users/Pato_/OneDrive/Documentos/ITBA/PYTHON_DATA_APP/itba/lib/python3.10/site-packages/airflow/example_dags/example_dataset_alias.py
[2024-10-20T19:16:17.970-0300] {logging_mixin.py:190} INFO - [2024-10-20T19:16:17.970-0300] {dag.py:3239} INFO - Sync 4 DAGs
[2024-10-20T19:16:17.985-0300] {logging_mixin.py:190} INFO - [2024-10-20T19:16:17.985-0300] {dag.py:4180} INFO - Setting next_dagrun for dataset_alias_example_alias_consumer to None, run_after=None
[2024-10-20T19:16:17.988-0300] {logging_mixin.py:190} INFO - [2024-10-20T19:16:17.988-0300] {dag.py:4180} INFO - Setting next_dagrun for dataset_alias_example_alias_producer to None, run_after=None
[2024-10-20T19:16:17.990-0300] {logging_mixin.py:190} INFO - [2024-10-20T19:16:17.990-0300] {dag.py:4180} INFO - Setting next_dagrun for dataset_s3_bucket_consumer to None, run_after=None
[2024-10-20T19:16:17.992-0300] {logging_mixin.py:190} INFO - [2024-10-20T19:16:17.992-0300] {dag.py:4180} INFO - Setting next_dagrun for dataset_s3_bucket_producer to None, run_after=None
[2024-10-20T19:16:18.026-0300] {processor.py:208} INFO - Processing /mnt/c/Users/Pato_/OneDrive/Documentos/ITBA/PYTHON_DATA_APP/itba/lib/python3.10/site-packages/airflow/example_dags/example_dataset_alias.py took 0.172 seconds
[2024-10-20T19:17:29.655-0300] {processor.py:186} INFO - Started process (PID=308140) to work on /mnt/c/Users/Pato_/OneDrive/Documentos/ITBA/PYTHON_DATA_APP/itba/lib/python3.10/site-packages/airflow/example_dags/example_dataset_alias.py
[2024-10-20T19:17:29.656-0300] {processor.py:914} INFO - Processing file /mnt/c/Users/Pato_/OneDrive/Documentos/ITBA/PYTHON_DATA_APP/itba/lib/python3.10/site-packages/airflow/example_dags/example_dataset_alias.py for tasks to queue
[2024-10-20T19:17:29.658-0300] {logging_mixin.py:190} INFO - [2024-10-20T19:17:29.658-0300] {dagbag.py:588} INFO - Filling up the DagBag from /mnt/c/Users/Pato_/OneDrive/Documentos/ITBA/PYTHON_DATA_APP/itba/lib/python3.10/site-packages/airflow/example_dags/example_dataset_alias.py
[2024-10-20T19:17:29.733-0300] {processor.py:925} INFO - DAG(s) 'dataset_s3_bucket_producer', 'dataset_alias_example_alias_consumer', 'dataset_s3_bucket_consumer', 'dataset_alias_example_alias_producer' retrieved from /mnt/c/Users/Pato_/OneDrive/Documentos/ITBA/PYTHON_DATA_APP/itba/lib/python3.10/site-packages/airflow/example_dags/example_dataset_alias.py
[2024-10-20T19:17:29.759-0300] {logging_mixin.py:190} INFO - [2024-10-20T19:17:29.758-0300] {dag.py:3239} INFO - Sync 4 DAGs
[2024-10-20T19:17:29.773-0300] {logging_mixin.py:190} INFO - [2024-10-20T19:17:29.772-0300] {dag.py:4180} INFO - Setting next_dagrun for dataset_alias_example_alias_consumer to None, run_after=None
[2024-10-20T19:17:29.776-0300] {logging_mixin.py:190} INFO - [2024-10-20T19:17:29.775-0300] {dag.py:4180} INFO - Setting next_dagrun for dataset_alias_example_alias_producer to None, run_after=None
[2024-10-20T19:17:29.778-0300] {logging_mixin.py:190} INFO - [2024-10-20T19:17:29.777-0300] {dag.py:4180} INFO - Setting next_dagrun for dataset_s3_bucket_consumer to None, run_after=None
[2024-10-20T19:17:29.780-0300] {logging_mixin.py:190} INFO - [2024-10-20T19:17:29.779-0300] {dag.py:4180} INFO - Setting next_dagrun for dataset_s3_bucket_producer to None, run_after=None
[2024-10-20T19:17:29.811-0300] {processor.py:208} INFO - Processing /mnt/c/Users/Pato_/OneDrive/Documentos/ITBA/PYTHON_DATA_APP/itba/lib/python3.10/site-packages/airflow/example_dags/example_dataset_alias.py took 0.162 seconds
[2024-10-20T19:18:43.218-0300] {processor.py:186} INFO - Started process (PID=308712) to work on /mnt/c/Users/Pato_/OneDrive/Documentos/ITBA/PYTHON_DATA_APP/itba/lib/python3.10/site-packages/airflow/example_dags/example_dataset_alias.py
[2024-10-20T19:18:43.219-0300] {processor.py:914} INFO - Processing file /mnt/c/Users/Pato_/OneDrive/Documentos/ITBA/PYTHON_DATA_APP/itba/lib/python3.10/site-packages/airflow/example_dags/example_dataset_alias.py for tasks to queue
[2024-10-20T19:18:43.221-0300] {logging_mixin.py:190} INFO - [2024-10-20T19:18:43.221-0300] {dagbag.py:588} INFO - Filling up the DagBag from /mnt/c/Users/Pato_/OneDrive/Documentos/ITBA/PYTHON_DATA_APP/itba/lib/python3.10/site-packages/airflow/example_dags/example_dataset_alias.py
[2024-10-20T19:18:43.297-0300] {processor.py:925} INFO - DAG(s) 'dataset_alias_example_alias_consumer', 'dataset_s3_bucket_producer', 'dataset_alias_example_alias_producer', 'dataset_s3_bucket_consumer' retrieved from /mnt/c/Users/Pato_/OneDrive/Documentos/ITBA/PYTHON_DATA_APP/itba/lib/python3.10/site-packages/airflow/example_dags/example_dataset_alias.py
[2024-10-20T19:18:43.324-0300] {logging_mixin.py:190} INFO - [2024-10-20T19:18:43.323-0300] {dag.py:3239} INFO - Sync 4 DAGs
[2024-10-20T19:18:43.339-0300] {logging_mixin.py:190} INFO - [2024-10-20T19:18:43.338-0300] {dag.py:4180} INFO - Setting next_dagrun for dataset_alias_example_alias_consumer to None, run_after=None
[2024-10-20T19:18:43.342-0300] {logging_mixin.py:190} INFO - [2024-10-20T19:18:43.341-0300] {dag.py:4180} INFO - Setting next_dagrun for dataset_alias_example_alias_producer to None, run_after=None
[2024-10-20T19:18:43.344-0300] {logging_mixin.py:190} INFO - [2024-10-20T19:18:43.344-0300] {dag.py:4180} INFO - Setting next_dagrun for dataset_s3_bucket_consumer to None, run_after=None
[2024-10-20T19:18:43.346-0300] {logging_mixin.py:190} INFO - [2024-10-20T19:18:43.346-0300] {dag.py:4180} INFO - Setting next_dagrun for dataset_s3_bucket_producer to None, run_after=None
[2024-10-20T19:18:43.378-0300] {processor.py:208} INFO - Processing /mnt/c/Users/Pato_/OneDrive/Documentos/ITBA/PYTHON_DATA_APP/itba/lib/python3.10/site-packages/airflow/example_dags/example_dataset_alias.py took 0.166 seconds
[2024-10-20T19:19:55.938-0300] {processor.py:186} INFO - Started process (PID=309306) to work on /mnt/c/Users/Pato_/OneDrive/Documentos/ITBA/PYTHON_DATA_APP/itba/lib/python3.10/site-packages/airflow/example_dags/example_dataset_alias.py
[2024-10-20T19:19:55.939-0300] {processor.py:914} INFO - Processing file /mnt/c/Users/Pato_/OneDrive/Documentos/ITBA/PYTHON_DATA_APP/itba/lib/python3.10/site-packages/airflow/example_dags/example_dataset_alias.py for tasks to queue
[2024-10-20T19:19:55.941-0300] {logging_mixin.py:190} INFO - [2024-10-20T19:19:55.941-0300] {dagbag.py:588} INFO - Filling up the DagBag from /mnt/c/Users/Pato_/OneDrive/Documentos/ITBA/PYTHON_DATA_APP/itba/lib/python3.10/site-packages/airflow/example_dags/example_dataset_alias.py
[2024-10-20T19:19:56.015-0300] {processor.py:925} INFO - DAG(s) 'dataset_alias_example_alias_producer', 'dataset_alias_example_alias_consumer', 'dataset_s3_bucket_producer', 'dataset_s3_bucket_consumer' retrieved from /mnt/c/Users/Pato_/OneDrive/Documentos/ITBA/PYTHON_DATA_APP/itba/lib/python3.10/site-packages/airflow/example_dags/example_dataset_alias.py
[2024-10-20T19:19:56.040-0300] {logging_mixin.py:190} INFO - [2024-10-20T19:19:56.040-0300] {dag.py:3239} INFO - Sync 4 DAGs
[2024-10-20T19:19:56.055-0300] {logging_mixin.py:190} INFO - [2024-10-20T19:19:56.055-0300] {dag.py:4180} INFO - Setting next_dagrun for dataset_alias_example_alias_consumer to None, run_after=None
[2024-10-20T19:19:56.058-0300] {logging_mixin.py:190} INFO - [2024-10-20T19:19:56.057-0300] {dag.py:4180} INFO - Setting next_dagrun for dataset_alias_example_alias_producer to None, run_after=None
[2024-10-20T19:19:56.060-0300] {logging_mixin.py:190} INFO - [2024-10-20T19:19:56.060-0300] {dag.py:4180} INFO - Setting next_dagrun for dataset_s3_bucket_consumer to None, run_after=None
[2024-10-20T19:19:56.062-0300] {logging_mixin.py:190} INFO - [2024-10-20T19:19:56.062-0300] {dag.py:4180} INFO - Setting next_dagrun for dataset_s3_bucket_producer to None, run_after=None
[2024-10-20T19:19:56.095-0300] {processor.py:208} INFO - Processing /mnt/c/Users/Pato_/OneDrive/Documentos/ITBA/PYTHON_DATA_APP/itba/lib/python3.10/site-packages/airflow/example_dags/example_dataset_alias.py took 0.164 seconds
[2024-10-20T19:21:03.490-0300] {processor.py:186} INFO - Started process (PID=309898) to work on /mnt/c/Users/Pato_/OneDrive/Documentos/ITBA/PYTHON_DATA_APP/itba/lib/python3.10/site-packages/airflow/example_dags/example_dataset_alias.py
[2024-10-20T19:21:03.491-0300] {processor.py:914} INFO - Processing file /mnt/c/Users/Pato_/OneDrive/Documentos/ITBA/PYTHON_DATA_APP/itba/lib/python3.10/site-packages/airflow/example_dags/example_dataset_alias.py for tasks to queue
[2024-10-20T19:21:03.494-0300] {logging_mixin.py:190} INFO - [2024-10-20T19:21:03.493-0300] {dagbag.py:588} INFO - Filling up the DagBag from /mnt/c/Users/Pato_/OneDrive/Documentos/ITBA/PYTHON_DATA_APP/itba/lib/python3.10/site-packages/airflow/example_dags/example_dataset_alias.py
[2024-10-20T19:21:03.581-0300] {processor.py:925} INFO - DAG(s) 'dataset_s3_bucket_producer', 'dataset_s3_bucket_consumer', 'dataset_alias_example_alias_consumer', 'dataset_alias_example_alias_producer' retrieved from /mnt/c/Users/Pato_/OneDrive/Documentos/ITBA/PYTHON_DATA_APP/itba/lib/python3.10/site-packages/airflow/example_dags/example_dataset_alias.py
[2024-10-20T19:21:03.612-0300] {logging_mixin.py:190} INFO - [2024-10-20T19:21:03.612-0300] {dag.py:3239} INFO - Sync 4 DAGs
[2024-10-20T19:21:03.628-0300] {logging_mixin.py:190} INFO - [2024-10-20T19:21:03.627-0300] {dag.py:4180} INFO - Setting next_dagrun for dataset_alias_example_alias_consumer to None, run_after=None
[2024-10-20T19:21:03.631-0300] {logging_mixin.py:190} INFO - [2024-10-20T19:21:03.631-0300] {dag.py:4180} INFO - Setting next_dagrun for dataset_alias_example_alias_producer to None, run_after=None
[2024-10-20T19:21:03.633-0300] {logging_mixin.py:190} INFO - [2024-10-20T19:21:03.633-0300] {dag.py:4180} INFO - Setting next_dagrun for dataset_s3_bucket_consumer to None, run_after=None
[2024-10-20T19:21:03.636-0300] {logging_mixin.py:190} INFO - [2024-10-20T19:21:03.635-0300] {dag.py:4180} INFO - Setting next_dagrun for dataset_s3_bucket_producer to None, run_after=None
[2024-10-20T19:21:03.669-0300] {processor.py:208} INFO - Processing /mnt/c/Users/Pato_/OneDrive/Documentos/ITBA/PYTHON_DATA_APP/itba/lib/python3.10/site-packages/airflow/example_dags/example_dataset_alias.py took 0.186 seconds
[2024-10-20T19:22:10.639-0300] {processor.py:186} INFO - Started process (PID=310513) to work on /mnt/c/Users/Pato_/OneDrive/Documentos/ITBA/PYTHON_DATA_APP/itba/lib/python3.10/site-packages/airflow/example_dags/example_dataset_alias.py
[2024-10-20T19:22:10.640-0300] {processor.py:914} INFO - Processing file /mnt/c/Users/Pato_/OneDrive/Documentos/ITBA/PYTHON_DATA_APP/itba/lib/python3.10/site-packages/airflow/example_dags/example_dataset_alias.py for tasks to queue
[2024-10-20T19:22:10.642-0300] {logging_mixin.py:190} INFO - [2024-10-20T19:22:10.641-0300] {dagbag.py:588} INFO - Filling up the DagBag from /mnt/c/Users/Pato_/OneDrive/Documentos/ITBA/PYTHON_DATA_APP/itba/lib/python3.10/site-packages/airflow/example_dags/example_dataset_alias.py
[2024-10-20T19:22:10.720-0300] {processor.py:925} INFO - DAG(s) 'dataset_s3_bucket_producer', 'dataset_alias_example_alias_producer', 'dataset_s3_bucket_consumer', 'dataset_alias_example_alias_consumer' retrieved from /mnt/c/Users/Pato_/OneDrive/Documentos/ITBA/PYTHON_DATA_APP/itba/lib/python3.10/site-packages/airflow/example_dags/example_dataset_alias.py
[2024-10-20T19:22:10.747-0300] {logging_mixin.py:190} INFO - [2024-10-20T19:22:10.746-0300] {dag.py:3239} INFO - Sync 4 DAGs
[2024-10-20T19:22:10.762-0300] {logging_mixin.py:190} INFO - [2024-10-20T19:22:10.761-0300] {dag.py:4180} INFO - Setting next_dagrun for dataset_alias_example_alias_consumer to None, run_after=None
[2024-10-20T19:22:10.765-0300] {logging_mixin.py:190} INFO - [2024-10-20T19:22:10.764-0300] {dag.py:4180} INFO - Setting next_dagrun for dataset_alias_example_alias_producer to None, run_after=None
[2024-10-20T19:22:10.767-0300] {logging_mixin.py:190} INFO - [2024-10-20T19:22:10.766-0300] {dag.py:4180} INFO - Setting next_dagrun for dataset_s3_bucket_consumer to None, run_after=None
[2024-10-20T19:22:10.769-0300] {logging_mixin.py:190} INFO - [2024-10-20T19:22:10.768-0300] {dag.py:4180} INFO - Setting next_dagrun for dataset_s3_bucket_producer to None, run_after=None
[2024-10-20T19:22:10.799-0300] {processor.py:208} INFO - Processing /mnt/c/Users/Pato_/OneDrive/Documentos/ITBA/PYTHON_DATA_APP/itba/lib/python3.10/site-packages/airflow/example_dags/example_dataset_alias.py took 0.167 seconds
[2024-10-20T19:23:16.100-0300] {processor.py:186} INFO - Started process (PID=311033) to work on /mnt/c/Users/Pato_/OneDrive/Documentos/ITBA/PYTHON_DATA_APP/itba/lib/python3.10/site-packages/airflow/example_dags/example_dataset_alias.py
[2024-10-20T19:23:16.101-0300] {processor.py:914} INFO - Processing file /mnt/c/Users/Pato_/OneDrive/Documentos/ITBA/PYTHON_DATA_APP/itba/lib/python3.10/site-packages/airflow/example_dags/example_dataset_alias.py for tasks to queue
[2024-10-20T19:23:16.103-0300] {logging_mixin.py:190} INFO - [2024-10-20T19:23:16.103-0300] {dagbag.py:588} INFO - Filling up the DagBag from /mnt/c/Users/Pato_/OneDrive/Documentos/ITBA/PYTHON_DATA_APP/itba/lib/python3.10/site-packages/airflow/example_dags/example_dataset_alias.py
[2024-10-20T19:23:16.181-0300] {processor.py:925} INFO - DAG(s) 'dataset_s3_bucket_producer', 'dataset_alias_example_alias_producer', 'dataset_alias_example_alias_consumer', 'dataset_s3_bucket_consumer' retrieved from /mnt/c/Users/Pato_/OneDrive/Documentos/ITBA/PYTHON_DATA_APP/itba/lib/python3.10/site-packages/airflow/example_dags/example_dataset_alias.py
[2024-10-20T19:23:16.208-0300] {logging_mixin.py:190} INFO - [2024-10-20T19:23:16.207-0300] {dag.py:3239} INFO - Sync 4 DAGs
[2024-10-20T19:23:16.222-0300] {logging_mixin.py:190} INFO - [2024-10-20T19:23:16.222-0300] {dag.py:4180} INFO - Setting next_dagrun for dataset_alias_example_alias_consumer to None, run_after=None
[2024-10-20T19:23:16.225-0300] {logging_mixin.py:190} INFO - [2024-10-20T19:23:16.225-0300] {dag.py:4180} INFO - Setting next_dagrun for dataset_alias_example_alias_producer to None, run_after=None
[2024-10-20T19:23:16.228-0300] {logging_mixin.py:190} INFO - [2024-10-20T19:23:16.227-0300] {dag.py:4180} INFO - Setting next_dagrun for dataset_s3_bucket_consumer to None, run_after=None
[2024-10-20T19:23:16.230-0300] {logging_mixin.py:190} INFO - [2024-10-20T19:23:16.229-0300] {dag.py:4180} INFO - Setting next_dagrun for dataset_s3_bucket_producer to None, run_after=None
[2024-10-20T19:23:16.260-0300] {processor.py:208} INFO - Processing /mnt/c/Users/Pato_/OneDrive/Documentos/ITBA/PYTHON_DATA_APP/itba/lib/python3.10/site-packages/airflow/example_dags/example_dataset_alias.py took 0.167 seconds
[2024-10-20T19:25:10.727-0300] {processor.py:186} INFO - Started process (PID=312576) to work on /mnt/c/Users/Pato_/OneDrive/Documentos/ITBA/PYTHON_DATA_APP/itba/lib/python3.10/site-packages/airflow/example_dags/example_dataset_alias.py
[2024-10-20T19:25:10.729-0300] {processor.py:914} INFO - Processing file /mnt/c/Users/Pato_/OneDrive/Documentos/ITBA/PYTHON_DATA_APP/itba/lib/python3.10/site-packages/airflow/example_dags/example_dataset_alias.py for tasks to queue
[2024-10-20T19:25:10.731-0300] {logging_mixin.py:190} INFO - [2024-10-20T19:25:10.730-0300] {dagbag.py:588} INFO - Filling up the DagBag from /mnt/c/Users/Pato_/OneDrive/Documentos/ITBA/PYTHON_DATA_APP/itba/lib/python3.10/site-packages/airflow/example_dags/example_dataset_alias.py
[2024-10-20T19:25:10.814-0300] {processor.py:925} INFO - DAG(s) 'dataset_s3_bucket_producer', 'dataset_alias_example_alias_consumer', 'dataset_s3_bucket_consumer', 'dataset_alias_example_alias_producer' retrieved from /mnt/c/Users/Pato_/OneDrive/Documentos/ITBA/PYTHON_DATA_APP/itba/lib/python3.10/site-packages/airflow/example_dags/example_dataset_alias.py
[2024-10-20T19:25:10.842-0300] {logging_mixin.py:190} INFO - [2024-10-20T19:25:10.842-0300] {dag.py:3239} INFO - Sync 4 DAGs
[2024-10-20T19:25:10.858-0300] {logging_mixin.py:190} INFO - [2024-10-20T19:25:10.857-0300] {dag.py:4180} INFO - Setting next_dagrun for dataset_alias_example_alias_consumer to None, run_after=None
[2024-10-20T19:25:10.860-0300] {logging_mixin.py:190} INFO - [2024-10-20T19:25:10.860-0300] {dag.py:4180} INFO - Setting next_dagrun for dataset_alias_example_alias_producer to None, run_after=None
[2024-10-20T19:25:10.863-0300] {logging_mixin.py:190} INFO - [2024-10-20T19:25:10.862-0300] {dag.py:4180} INFO - Setting next_dagrun for dataset_s3_bucket_consumer to None, run_after=None
[2024-10-20T19:25:10.865-0300] {logging_mixin.py:190} INFO - [2024-10-20T19:25:10.864-0300] {dag.py:4180} INFO - Setting next_dagrun for dataset_s3_bucket_producer to None, run_after=None
[2024-10-20T19:25:10.898-0300] {processor.py:208} INFO - Processing /mnt/c/Users/Pato_/OneDrive/Documentos/ITBA/PYTHON_DATA_APP/itba/lib/python3.10/site-packages/airflow/example_dags/example_dataset_alias.py took 0.178 seconds
[2024-10-20T19:26:51.272-0300] {processor.py:186} INFO - Started process (PID=313876) to work on /mnt/c/Users/Pato_/OneDrive/Documentos/ITBA/PYTHON_DATA_APP/itba/lib/python3.10/site-packages/airflow/example_dags/example_dataset_alias.py
[2024-10-20T19:26:51.273-0300] {processor.py:914} INFO - Processing file /mnt/c/Users/Pato_/OneDrive/Documentos/ITBA/PYTHON_DATA_APP/itba/lib/python3.10/site-packages/airflow/example_dags/example_dataset_alias.py for tasks to queue
[2024-10-20T19:26:51.276-0300] {logging_mixin.py:190} INFO - [2024-10-20T19:26:51.275-0300] {dagbag.py:588} INFO - Filling up the DagBag from /mnt/c/Users/Pato_/OneDrive/Documentos/ITBA/PYTHON_DATA_APP/itba/lib/python3.10/site-packages/airflow/example_dags/example_dataset_alias.py
[2024-10-20T19:26:51.361-0300] {processor.py:925} INFO - DAG(s) 'dataset_alias_example_alias_consumer', 'dataset_s3_bucket_consumer', 'dataset_s3_bucket_producer', 'dataset_alias_example_alias_producer' retrieved from /mnt/c/Users/Pato_/OneDrive/Documentos/ITBA/PYTHON_DATA_APP/itba/lib/python3.10/site-packages/airflow/example_dags/example_dataset_alias.py
[2024-10-20T19:26:51.391-0300] {logging_mixin.py:190} INFO - [2024-10-20T19:26:51.391-0300] {dag.py:3239} INFO - Sync 4 DAGs
[2024-10-20T19:26:51.406-0300] {logging_mixin.py:190} INFO - [2024-10-20T19:26:51.406-0300] {dag.py:4180} INFO - Setting next_dagrun for dataset_alias_example_alias_consumer to None, run_after=None
[2024-10-20T19:26:51.410-0300] {logging_mixin.py:190} INFO - [2024-10-20T19:26:51.409-0300] {dag.py:4180} INFO - Setting next_dagrun for dataset_alias_example_alias_producer to None, run_after=None
[2024-10-20T19:26:51.412-0300] {logging_mixin.py:190} INFO - [2024-10-20T19:26:51.411-0300] {dag.py:4180} INFO - Setting next_dagrun for dataset_s3_bucket_consumer to None, run_after=None
[2024-10-20T19:26:51.414-0300] {logging_mixin.py:190} INFO - [2024-10-20T19:26:51.414-0300] {dag.py:4180} INFO - Setting next_dagrun for dataset_s3_bucket_producer to None, run_after=None
[2024-10-20T19:26:51.450-0300] {processor.py:208} INFO - Processing /mnt/c/Users/Pato_/OneDrive/Documentos/ITBA/PYTHON_DATA_APP/itba/lib/python3.10/site-packages/airflow/example_dags/example_dataset_alias.py took 0.186 seconds
[2024-10-20T19:28:02.636-0300] {processor.py:186} INFO - Started process (PID=314836) to work on /mnt/c/Users/Pato_/OneDrive/Documentos/ITBA/PYTHON_DATA_APP/itba/lib/python3.10/site-packages/airflow/example_dags/example_dataset_alias.py
[2024-10-20T19:28:02.637-0300] {processor.py:914} INFO - Processing file /mnt/c/Users/Pato_/OneDrive/Documentos/ITBA/PYTHON_DATA_APP/itba/lib/python3.10/site-packages/airflow/example_dags/example_dataset_alias.py for tasks to queue
[2024-10-20T19:28:02.639-0300] {logging_mixin.py:190} INFO - [2024-10-20T19:28:02.639-0300] {dagbag.py:588} INFO - Filling up the DagBag from /mnt/c/Users/Pato_/OneDrive/Documentos/ITBA/PYTHON_DATA_APP/itba/lib/python3.10/site-packages/airflow/example_dags/example_dataset_alias.py
[2024-10-20T19:28:02.717-0300] {processor.py:925} INFO - DAG(s) 'dataset_alias_example_alias_producer', 'dataset_s3_bucket_consumer', 'dataset_s3_bucket_producer', 'dataset_alias_example_alias_consumer' retrieved from /mnt/c/Users/Pato_/OneDrive/Documentos/ITBA/PYTHON_DATA_APP/itba/lib/python3.10/site-packages/airflow/example_dags/example_dataset_alias.py
[2024-10-20T19:28:02.743-0300] {logging_mixin.py:190} INFO - [2024-10-20T19:28:02.743-0300] {dag.py:3239} INFO - Sync 4 DAGs
[2024-10-20T19:28:02.757-0300] {logging_mixin.py:190} INFO - [2024-10-20T19:28:02.757-0300] {dag.py:4180} INFO - Setting next_dagrun for dataset_alias_example_alias_consumer to None, run_after=None
[2024-10-20T19:28:02.760-0300] {logging_mixin.py:190} INFO - [2024-10-20T19:28:02.759-0300] {dag.py:4180} INFO - Setting next_dagrun for dataset_alias_example_alias_producer to None, run_after=None
[2024-10-20T19:28:02.762-0300] {logging_mixin.py:190} INFO - [2024-10-20T19:28:02.762-0300] {dag.py:4180} INFO - Setting next_dagrun for dataset_s3_bucket_consumer to None, run_after=None
[2024-10-20T19:28:02.765-0300] {logging_mixin.py:190} INFO - [2024-10-20T19:28:02.764-0300] {dag.py:4180} INFO - Setting next_dagrun for dataset_s3_bucket_producer to None, run_after=None
[2024-10-20T19:28:02.799-0300] {processor.py:208} INFO - Processing /mnt/c/Users/Pato_/OneDrive/Documentos/ITBA/PYTHON_DATA_APP/itba/lib/python3.10/site-packages/airflow/example_dags/example_dataset_alias.py took 0.170 seconds
[2024-10-20T19:29:08.443-0300] {processor.py:186} INFO - Started process (PID=315526) to work on /mnt/c/Users/Pato_/OneDrive/Documentos/ITBA/PYTHON_DATA_APP/itba/lib/python3.10/site-packages/airflow/example_dags/example_dataset_alias.py
[2024-10-20T19:29:08.444-0300] {processor.py:914} INFO - Processing file /mnt/c/Users/Pato_/OneDrive/Documentos/ITBA/PYTHON_DATA_APP/itba/lib/python3.10/site-packages/airflow/example_dags/example_dataset_alias.py for tasks to queue
[2024-10-20T19:29:08.446-0300] {logging_mixin.py:190} INFO - [2024-10-20T19:29:08.446-0300] {dagbag.py:588} INFO - Filling up the DagBag from /mnt/c/Users/Pato_/OneDrive/Documentos/ITBA/PYTHON_DATA_APP/itba/lib/python3.10/site-packages/airflow/example_dags/example_dataset_alias.py
[2024-10-20T19:29:08.522-0300] {processor.py:925} INFO - DAG(s) 'dataset_s3_bucket_consumer', 'dataset_alias_example_alias_consumer', 'dataset_alias_example_alias_producer', 'dataset_s3_bucket_producer' retrieved from /mnt/c/Users/Pato_/OneDrive/Documentos/ITBA/PYTHON_DATA_APP/itba/lib/python3.10/site-packages/airflow/example_dags/example_dataset_alias.py
[2024-10-20T19:29:08.548-0300] {logging_mixin.py:190} INFO - [2024-10-20T19:29:08.548-0300] {dag.py:3239} INFO - Sync 4 DAGs
[2024-10-20T19:29:08.563-0300] {logging_mixin.py:190} INFO - [2024-10-20T19:29:08.562-0300] {dag.py:4180} INFO - Setting next_dagrun for dataset_alias_example_alias_consumer to None, run_after=None
[2024-10-20T19:29:08.565-0300] {logging_mixin.py:190} INFO - [2024-10-20T19:29:08.565-0300] {dag.py:4180} INFO - Setting next_dagrun for dataset_alias_example_alias_producer to None, run_after=None
[2024-10-20T19:29:08.568-0300] {logging_mixin.py:190} INFO - [2024-10-20T19:29:08.567-0300] {dag.py:4180} INFO - Setting next_dagrun for dataset_s3_bucket_consumer to None, run_after=None
[2024-10-20T19:29:08.570-0300] {logging_mixin.py:190} INFO - [2024-10-20T19:29:08.569-0300] {dag.py:4180} INFO - Setting next_dagrun for dataset_s3_bucket_producer to None, run_after=None
[2024-10-20T19:29:08.604-0300] {processor.py:208} INFO - Processing /mnt/c/Users/Pato_/OneDrive/Documentos/ITBA/PYTHON_DATA_APP/itba/lib/python3.10/site-packages/airflow/example_dags/example_dataset_alias.py took 0.168 seconds
[2024-10-20T19:30:20.410-0300] {processor.py:186} INFO - Started process (PID=316276) to work on /mnt/c/Users/Pato_/OneDrive/Documentos/ITBA/PYTHON_DATA_APP/itba/lib/python3.10/site-packages/airflow/example_dags/example_dataset_alias.py
[2024-10-20T19:30:20.411-0300] {processor.py:914} INFO - Processing file /mnt/c/Users/Pato_/OneDrive/Documentos/ITBA/PYTHON_DATA_APP/itba/lib/python3.10/site-packages/airflow/example_dags/example_dataset_alias.py for tasks to queue
[2024-10-20T19:30:20.413-0300] {logging_mixin.py:190} INFO - [2024-10-20T19:30:20.413-0300] {dagbag.py:588} INFO - Filling up the DagBag from /mnt/c/Users/Pato_/OneDrive/Documentos/ITBA/PYTHON_DATA_APP/itba/lib/python3.10/site-packages/airflow/example_dags/example_dataset_alias.py
[2024-10-20T19:30:20.499-0300] {processor.py:925} INFO - DAG(s) 'dataset_alias_example_alias_producer', 'dataset_s3_bucket_producer', 'dataset_s3_bucket_consumer', 'dataset_alias_example_alias_consumer' retrieved from /mnt/c/Users/Pato_/OneDrive/Documentos/ITBA/PYTHON_DATA_APP/itba/lib/python3.10/site-packages/airflow/example_dags/example_dataset_alias.py
[2024-10-20T19:30:20.528-0300] {logging_mixin.py:190} INFO - [2024-10-20T19:30:20.527-0300] {dag.py:3239} INFO - Sync 4 DAGs
[2024-10-20T19:30:20.543-0300] {logging_mixin.py:190} INFO - [2024-10-20T19:30:20.542-0300] {dag.py:4180} INFO - Setting next_dagrun for dataset_alias_example_alias_consumer to None, run_after=None
[2024-10-20T19:30:20.546-0300] {logging_mixin.py:190} INFO - [2024-10-20T19:30:20.545-0300] {dag.py:4180} INFO - Setting next_dagrun for dataset_alias_example_alias_producer to None, run_after=None
[2024-10-20T19:30:20.548-0300] {logging_mixin.py:190} INFO - [2024-10-20T19:30:20.547-0300] {dag.py:4180} INFO - Setting next_dagrun for dataset_s3_bucket_consumer to None, run_after=None
[2024-10-20T19:30:20.550-0300] {logging_mixin.py:190} INFO - [2024-10-20T19:30:20.549-0300] {dag.py:4180} INFO - Setting next_dagrun for dataset_s3_bucket_producer to None, run_after=None
[2024-10-20T19:30:20.583-0300] {processor.py:208} INFO - Processing /mnt/c/Users/Pato_/OneDrive/Documentos/ITBA/PYTHON_DATA_APP/itba/lib/python3.10/site-packages/airflow/example_dags/example_dataset_alias.py took 0.181 seconds
[2024-10-20T19:31:26.351-0300] {processor.py:186} INFO - Started process (PID=316789) to work on /mnt/c/Users/Pato_/OneDrive/Documentos/ITBA/PYTHON_DATA_APP/itba/lib/python3.10/site-packages/airflow/example_dags/example_dataset_alias.py
[2024-10-20T19:31:26.352-0300] {processor.py:914} INFO - Processing file /mnt/c/Users/Pato_/OneDrive/Documentos/ITBA/PYTHON_DATA_APP/itba/lib/python3.10/site-packages/airflow/example_dags/example_dataset_alias.py for tasks to queue
[2024-10-20T19:31:26.355-0300] {logging_mixin.py:190} INFO - [2024-10-20T19:31:26.354-0300] {dagbag.py:588} INFO - Filling up the DagBag from /mnt/c/Users/Pato_/OneDrive/Documentos/ITBA/PYTHON_DATA_APP/itba/lib/python3.10/site-packages/airflow/example_dags/example_dataset_alias.py
[2024-10-20T19:31:26.434-0300] {processor.py:925} INFO - DAG(s) 'dataset_alias_example_alias_consumer', 'dataset_s3_bucket_consumer', 'dataset_s3_bucket_producer', 'dataset_alias_example_alias_producer' retrieved from /mnt/c/Users/Pato_/OneDrive/Documentos/ITBA/PYTHON_DATA_APP/itba/lib/python3.10/site-packages/airflow/example_dags/example_dataset_alias.py
[2024-10-20T19:31:26.461-0300] {logging_mixin.py:190} INFO - [2024-10-20T19:31:26.461-0300] {dag.py:3239} INFO - Sync 4 DAGs
[2024-10-20T19:31:26.476-0300] {logging_mixin.py:190} INFO - [2024-10-20T19:31:26.475-0300] {dag.py:4180} INFO - Setting next_dagrun for dataset_alias_example_alias_consumer to None, run_after=None
[2024-10-20T19:31:26.478-0300] {logging_mixin.py:190} INFO - [2024-10-20T19:31:26.478-0300] {dag.py:4180} INFO - Setting next_dagrun for dataset_alias_example_alias_producer to None, run_after=None
[2024-10-20T19:31:26.480-0300] {logging_mixin.py:190} INFO - [2024-10-20T19:31:26.480-0300] {dag.py:4180} INFO - Setting next_dagrun for dataset_s3_bucket_consumer to None, run_after=None
[2024-10-20T19:31:26.483-0300] {logging_mixin.py:190} INFO - [2024-10-20T19:31:26.482-0300] {dag.py:4180} INFO - Setting next_dagrun for dataset_s3_bucket_producer to None, run_after=None
[2024-10-20T19:31:26.514-0300] {processor.py:208} INFO - Processing /mnt/c/Users/Pato_/OneDrive/Documentos/ITBA/PYTHON_DATA_APP/itba/lib/python3.10/site-packages/airflow/example_dags/example_dataset_alias.py took 0.169 seconds
[2024-10-20T19:32:35.118-0300] {processor.py:186} INFO - Started process (PID=317326) to work on /mnt/c/Users/Pato_/OneDrive/Documentos/ITBA/PYTHON_DATA_APP/itba/lib/python3.10/site-packages/airflow/example_dags/example_dataset_alias.py
[2024-10-20T19:32:35.119-0300] {processor.py:914} INFO - Processing file /mnt/c/Users/Pato_/OneDrive/Documentos/ITBA/PYTHON_DATA_APP/itba/lib/python3.10/site-packages/airflow/example_dags/example_dataset_alias.py for tasks to queue
[2024-10-20T19:32:35.121-0300] {logging_mixin.py:190} INFO - [2024-10-20T19:32:35.120-0300] {dagbag.py:588} INFO - Filling up the DagBag from /mnt/c/Users/Pato_/OneDrive/Documentos/ITBA/PYTHON_DATA_APP/itba/lib/python3.10/site-packages/airflow/example_dags/example_dataset_alias.py
[2024-10-20T19:32:35.196-0300] {processor.py:925} INFO - DAG(s) 'dataset_alias_example_alias_producer', 'dataset_s3_bucket_consumer', 'dataset_s3_bucket_producer', 'dataset_alias_example_alias_consumer' retrieved from /mnt/c/Users/Pato_/OneDrive/Documentos/ITBA/PYTHON_DATA_APP/itba/lib/python3.10/site-packages/airflow/example_dags/example_dataset_alias.py
[2024-10-20T19:32:35.224-0300] {logging_mixin.py:190} INFO - [2024-10-20T19:32:35.223-0300] {dag.py:3239} INFO - Sync 4 DAGs
[2024-10-20T19:32:35.237-0300] {logging_mixin.py:190} INFO - [2024-10-20T19:32:35.237-0300] {dag.py:4180} INFO - Setting next_dagrun for dataset_alias_example_alias_consumer to None, run_after=None
[2024-10-20T19:32:35.240-0300] {logging_mixin.py:190} INFO - [2024-10-20T19:32:35.240-0300] {dag.py:4180} INFO - Setting next_dagrun for dataset_alias_example_alias_producer to None, run_after=None
[2024-10-20T19:32:35.242-0300] {logging_mixin.py:190} INFO - [2024-10-20T19:32:35.242-0300] {dag.py:4180} INFO - Setting next_dagrun for dataset_s3_bucket_consumer to None, run_after=None
[2024-10-20T19:32:35.244-0300] {logging_mixin.py:190} INFO - [2024-10-20T19:32:35.244-0300] {dag.py:4180} INFO - Setting next_dagrun for dataset_s3_bucket_producer to None, run_after=None
[2024-10-20T19:32:35.276-0300] {processor.py:208} INFO - Processing /mnt/c/Users/Pato_/OneDrive/Documentos/ITBA/PYTHON_DATA_APP/itba/lib/python3.10/site-packages/airflow/example_dags/example_dataset_alias.py took 0.165 seconds
[2024-10-20T19:33:42.469-0300] {processor.py:186} INFO - Started process (PID=317988) to work on /mnt/c/Users/Pato_/OneDrive/Documentos/ITBA/PYTHON_DATA_APP/itba/lib/python3.10/site-packages/airflow/example_dags/example_dataset_alias.py
[2024-10-20T19:33:42.470-0300] {processor.py:914} INFO - Processing file /mnt/c/Users/Pato_/OneDrive/Documentos/ITBA/PYTHON_DATA_APP/itba/lib/python3.10/site-packages/airflow/example_dags/example_dataset_alias.py for tasks to queue
[2024-10-20T19:33:42.472-0300] {logging_mixin.py:190} INFO - [2024-10-20T19:33:42.471-0300] {dagbag.py:588} INFO - Filling up the DagBag from /mnt/c/Users/Pato_/OneDrive/Documentos/ITBA/PYTHON_DATA_APP/itba/lib/python3.10/site-packages/airflow/example_dags/example_dataset_alias.py
[2024-10-20T19:33:42.548-0300] {processor.py:925} INFO - DAG(s) 'dataset_alias_example_alias_consumer', 'dataset_s3_bucket_consumer', 'dataset_s3_bucket_producer', 'dataset_alias_example_alias_producer' retrieved from /mnt/c/Users/Pato_/OneDrive/Documentos/ITBA/PYTHON_DATA_APP/itba/lib/python3.10/site-packages/airflow/example_dags/example_dataset_alias.py
[2024-10-20T19:33:42.574-0300] {logging_mixin.py:190} INFO - [2024-10-20T19:33:42.574-0300] {dag.py:3239} INFO - Sync 4 DAGs
[2024-10-20T19:33:42.588-0300] {logging_mixin.py:190} INFO - [2024-10-20T19:33:42.588-0300] {dag.py:4180} INFO - Setting next_dagrun for dataset_alias_example_alias_consumer to None, run_after=None
[2024-10-20T19:33:42.591-0300] {logging_mixin.py:190} INFO - [2024-10-20T19:33:42.591-0300] {dag.py:4180} INFO - Setting next_dagrun for dataset_alias_example_alias_producer to None, run_after=None
[2024-10-20T19:33:42.593-0300] {logging_mixin.py:190} INFO - [2024-10-20T19:33:42.593-0300] {dag.py:4180} INFO - Setting next_dagrun for dataset_s3_bucket_consumer to None, run_after=None
[2024-10-20T19:33:42.596-0300] {logging_mixin.py:190} INFO - [2024-10-20T19:33:42.595-0300] {dag.py:4180} INFO - Setting next_dagrun for dataset_s3_bucket_producer to None, run_after=None
[2024-10-20T19:33:42.627-0300] {processor.py:208} INFO - Processing /mnt/c/Users/Pato_/OneDrive/Documentos/ITBA/PYTHON_DATA_APP/itba/lib/python3.10/site-packages/airflow/example_dags/example_dataset_alias.py took 0.165 seconds
[2024-10-20T19:34:49.999-0300] {processor.py:186} INFO - Started process (PID=318697) to work on /mnt/c/Users/Pato_/OneDrive/Documentos/ITBA/PYTHON_DATA_APP/itba/lib/python3.10/site-packages/airflow/example_dags/example_dataset_alias.py
[2024-10-20T19:34:50.000-0300] {processor.py:914} INFO - Processing file /mnt/c/Users/Pato_/OneDrive/Documentos/ITBA/PYTHON_DATA_APP/itba/lib/python3.10/site-packages/airflow/example_dags/example_dataset_alias.py for tasks to queue
[2024-10-20T19:34:50.002-0300] {logging_mixin.py:190} INFO - [2024-10-20T19:34:50.001-0300] {dagbag.py:588} INFO - Filling up the DagBag from /mnt/c/Users/Pato_/OneDrive/Documentos/ITBA/PYTHON_DATA_APP/itba/lib/python3.10/site-packages/airflow/example_dags/example_dataset_alias.py
[2024-10-20T19:34:50.077-0300] {processor.py:925} INFO - DAG(s) 'dataset_s3_bucket_consumer', 'dataset_alias_example_alias_consumer', 'dataset_alias_example_alias_producer', 'dataset_s3_bucket_producer' retrieved from /mnt/c/Users/Pato_/OneDrive/Documentos/ITBA/PYTHON_DATA_APP/itba/lib/python3.10/site-packages/airflow/example_dags/example_dataset_alias.py
[2024-10-20T19:34:50.103-0300] {logging_mixin.py:190} INFO - [2024-10-20T19:34:50.103-0300] {dag.py:3239} INFO - Sync 4 DAGs
[2024-10-20T19:34:50.117-0300] {logging_mixin.py:190} INFO - [2024-10-20T19:34:50.116-0300] {dag.py:4180} INFO - Setting next_dagrun for dataset_alias_example_alias_consumer to None, run_after=None
[2024-10-20T19:34:50.120-0300] {logging_mixin.py:190} INFO - [2024-10-20T19:34:50.119-0300] {dag.py:4180} INFO - Setting next_dagrun for dataset_alias_example_alias_producer to None, run_after=None
[2024-10-20T19:34:50.122-0300] {logging_mixin.py:190} INFO - [2024-10-20T19:34:50.121-0300] {dag.py:4180} INFO - Setting next_dagrun for dataset_s3_bucket_consumer to None, run_after=None
[2024-10-20T19:34:50.124-0300] {logging_mixin.py:190} INFO - [2024-10-20T19:34:50.124-0300] {dag.py:4180} INFO - Setting next_dagrun for dataset_s3_bucket_producer to None, run_after=None
[2024-10-20T19:34:50.156-0300] {processor.py:208} INFO - Processing /mnt/c/Users/Pato_/OneDrive/Documentos/ITBA/PYTHON_DATA_APP/itba/lib/python3.10/site-packages/airflow/example_dags/example_dataset_alias.py took 0.164 seconds
[2024-10-20T19:35:58.264-0300] {processor.py:186} INFO - Started process (PID=319340) to work on /mnt/c/Users/Pato_/OneDrive/Documentos/ITBA/PYTHON_DATA_APP/itba/lib/python3.10/site-packages/airflow/example_dags/example_dataset_alias.py
[2024-10-20T19:35:58.265-0300] {processor.py:914} INFO - Processing file /mnt/c/Users/Pato_/OneDrive/Documentos/ITBA/PYTHON_DATA_APP/itba/lib/python3.10/site-packages/airflow/example_dags/example_dataset_alias.py for tasks to queue
[2024-10-20T19:35:58.267-0300] {logging_mixin.py:190} INFO - [2024-10-20T19:35:58.266-0300] {dagbag.py:588} INFO - Filling up the DagBag from /mnt/c/Users/Pato_/OneDrive/Documentos/ITBA/PYTHON_DATA_APP/itba/lib/python3.10/site-packages/airflow/example_dags/example_dataset_alias.py
[2024-10-20T19:35:58.340-0300] {processor.py:925} INFO - DAG(s) 'dataset_alias_example_alias_producer', 'dataset_alias_example_alias_consumer', 'dataset_s3_bucket_consumer', 'dataset_s3_bucket_producer' retrieved from /mnt/c/Users/Pato_/OneDrive/Documentos/ITBA/PYTHON_DATA_APP/itba/lib/python3.10/site-packages/airflow/example_dags/example_dataset_alias.py
[2024-10-20T19:35:58.366-0300] {logging_mixin.py:190} INFO - [2024-10-20T19:35:58.365-0300] {dag.py:3239} INFO - Sync 4 DAGs
[2024-10-20T19:35:58.379-0300] {logging_mixin.py:190} INFO - [2024-10-20T19:35:58.379-0300] {dag.py:4180} INFO - Setting next_dagrun for dataset_alias_example_alias_consumer to None, run_after=None
[2024-10-20T19:35:58.382-0300] {logging_mixin.py:190} INFO - [2024-10-20T19:35:58.382-0300] {dag.py:4180} INFO - Setting next_dagrun for dataset_alias_example_alias_producer to None, run_after=None
[2024-10-20T19:35:58.384-0300] {logging_mixin.py:190} INFO - [2024-10-20T19:35:58.384-0300] {dag.py:4180} INFO - Setting next_dagrun for dataset_s3_bucket_consumer to None, run_after=None
[2024-10-20T19:35:58.386-0300] {logging_mixin.py:190} INFO - [2024-10-20T19:35:58.386-0300] {dag.py:4180} INFO - Setting next_dagrun for dataset_s3_bucket_producer to None, run_after=None
[2024-10-20T19:35:58.418-0300] {processor.py:208} INFO - Processing /mnt/c/Users/Pato_/OneDrive/Documentos/ITBA/PYTHON_DATA_APP/itba/lib/python3.10/site-packages/airflow/example_dags/example_dataset_alias.py took 0.161 seconds
[2024-10-20T19:37:07.738-0300] {processor.py:186} INFO - Started process (PID=319880) to work on /mnt/c/Users/Pato_/OneDrive/Documentos/ITBA/PYTHON_DATA_APP/itba/lib/python3.10/site-packages/airflow/example_dags/example_dataset_alias.py
[2024-10-20T19:37:07.739-0300] {processor.py:914} INFO - Processing file /mnt/c/Users/Pato_/OneDrive/Documentos/ITBA/PYTHON_DATA_APP/itba/lib/python3.10/site-packages/airflow/example_dags/example_dataset_alias.py for tasks to queue
[2024-10-20T19:37:07.741-0300] {logging_mixin.py:190} INFO - [2024-10-20T19:37:07.740-0300] {dagbag.py:588} INFO - Filling up the DagBag from /mnt/c/Users/Pato_/OneDrive/Documentos/ITBA/PYTHON_DATA_APP/itba/lib/python3.10/site-packages/airflow/example_dags/example_dataset_alias.py
[2024-10-20T19:37:07.816-0300] {processor.py:925} INFO - DAG(s) 'dataset_alias_example_alias_consumer', 'dataset_alias_example_alias_producer', 'dataset_s3_bucket_consumer', 'dataset_s3_bucket_producer' retrieved from /mnt/c/Users/Pato_/OneDrive/Documentos/ITBA/PYTHON_DATA_APP/itba/lib/python3.10/site-packages/airflow/example_dags/example_dataset_alias.py
[2024-10-20T19:37:07.842-0300] {logging_mixin.py:190} INFO - [2024-10-20T19:37:07.841-0300] {dag.py:3239} INFO - Sync 4 DAGs
[2024-10-20T19:37:07.856-0300] {logging_mixin.py:190} INFO - [2024-10-20T19:37:07.855-0300] {dag.py:4180} INFO - Setting next_dagrun for dataset_alias_example_alias_consumer to None, run_after=None
[2024-10-20T19:37:07.858-0300] {logging_mixin.py:190} INFO - [2024-10-20T19:37:07.858-0300] {dag.py:4180} INFO - Setting next_dagrun for dataset_alias_example_alias_producer to None, run_after=None
[2024-10-20T19:37:07.860-0300] {logging_mixin.py:190} INFO - [2024-10-20T19:37:07.860-0300] {dag.py:4180} INFO - Setting next_dagrun for dataset_s3_bucket_consumer to None, run_after=None
[2024-10-20T19:37:07.862-0300] {logging_mixin.py:190} INFO - [2024-10-20T19:37:07.862-0300] {dag.py:4180} INFO - Setting next_dagrun for dataset_s3_bucket_producer to None, run_after=None
[2024-10-20T19:37:07.894-0300] {processor.py:208} INFO - Processing /mnt/c/Users/Pato_/OneDrive/Documentos/ITBA/PYTHON_DATA_APP/itba/lib/python3.10/site-packages/airflow/example_dags/example_dataset_alias.py took 0.163 seconds
[2024-10-20T19:38:14.279-0300] {processor.py:186} INFO - Started process (PID=320401) to work on /mnt/c/Users/Pato_/OneDrive/Documentos/ITBA/PYTHON_DATA_APP/itba/lib/python3.10/site-packages/airflow/example_dags/example_dataset_alias.py
[2024-10-20T19:38:14.280-0300] {processor.py:914} INFO - Processing file /mnt/c/Users/Pato_/OneDrive/Documentos/ITBA/PYTHON_DATA_APP/itba/lib/python3.10/site-packages/airflow/example_dags/example_dataset_alias.py for tasks to queue
[2024-10-20T19:38:14.282-0300] {logging_mixin.py:190} INFO - [2024-10-20T19:38:14.281-0300] {dagbag.py:588} INFO - Filling up the DagBag from /mnt/c/Users/Pato_/OneDrive/Documentos/ITBA/PYTHON_DATA_APP/itba/lib/python3.10/site-packages/airflow/example_dags/example_dataset_alias.py
[2024-10-20T19:38:14.359-0300] {processor.py:925} INFO - DAG(s) 'dataset_s3_bucket_consumer', 'dataset_alias_example_alias_consumer', 'dataset_alias_example_alias_producer', 'dataset_s3_bucket_producer' retrieved from /mnt/c/Users/Pato_/OneDrive/Documentos/ITBA/PYTHON_DATA_APP/itba/lib/python3.10/site-packages/airflow/example_dags/example_dataset_alias.py
[2024-10-20T19:38:14.386-0300] {logging_mixin.py:190} INFO - [2024-10-20T19:38:14.385-0300] {dag.py:3239} INFO - Sync 4 DAGs
[2024-10-20T19:38:14.399-0300] {logging_mixin.py:190} INFO - [2024-10-20T19:38:14.399-0300] {dag.py:4180} INFO - Setting next_dagrun for dataset_alias_example_alias_consumer to None, run_after=None
[2024-10-20T19:38:14.402-0300] {logging_mixin.py:190} INFO - [2024-10-20T19:38:14.402-0300] {dag.py:4180} INFO - Setting next_dagrun for dataset_alias_example_alias_producer to None, run_after=None
[2024-10-20T19:38:14.405-0300] {logging_mixin.py:190} INFO - [2024-10-20T19:38:14.404-0300] {dag.py:4180} INFO - Setting next_dagrun for dataset_s3_bucket_consumer to None, run_after=None
[2024-10-20T19:38:14.407-0300] {logging_mixin.py:190} INFO - [2024-10-20T19:38:14.406-0300] {dag.py:4180} INFO - Setting next_dagrun for dataset_s3_bucket_producer to None, run_after=None
[2024-10-20T19:38:14.437-0300] {processor.py:208} INFO - Processing /mnt/c/Users/Pato_/OneDrive/Documentos/ITBA/PYTHON_DATA_APP/itba/lib/python3.10/site-packages/airflow/example_dags/example_dataset_alias.py took 0.165 seconds
[2024-10-20T19:39:20.121-0300] {processor.py:186} INFO - Started process (PID=320915) to work on /mnt/c/Users/Pato_/OneDrive/Documentos/ITBA/PYTHON_DATA_APP/itba/lib/python3.10/site-packages/airflow/example_dags/example_dataset_alias.py
[2024-10-20T19:39:20.122-0300] {processor.py:914} INFO - Processing file /mnt/c/Users/Pato_/OneDrive/Documentos/ITBA/PYTHON_DATA_APP/itba/lib/python3.10/site-packages/airflow/example_dags/example_dataset_alias.py for tasks to queue
[2024-10-20T19:39:20.124-0300] {logging_mixin.py:190} INFO - [2024-10-20T19:39:20.123-0300] {dagbag.py:588} INFO - Filling up the DagBag from /mnt/c/Users/Pato_/OneDrive/Documentos/ITBA/PYTHON_DATA_APP/itba/lib/python3.10/site-packages/airflow/example_dags/example_dataset_alias.py
[2024-10-20T19:39:20.204-0300] {processor.py:925} INFO - DAG(s) 'dataset_s3_bucket_producer', 'dataset_alias_example_alias_consumer', 'dataset_alias_example_alias_producer', 'dataset_s3_bucket_consumer' retrieved from /mnt/c/Users/Pato_/OneDrive/Documentos/ITBA/PYTHON_DATA_APP/itba/lib/python3.10/site-packages/airflow/example_dags/example_dataset_alias.py
[2024-10-20T19:39:20.231-0300] {logging_mixin.py:190} INFO - [2024-10-20T19:39:20.231-0300] {dag.py:3239} INFO - Sync 4 DAGs
[2024-10-20T19:39:20.245-0300] {logging_mixin.py:190} INFO - [2024-10-20T19:39:20.245-0300] {dag.py:4180} INFO - Setting next_dagrun for dataset_alias_example_alias_consumer to None, run_after=None
[2024-10-20T19:39:20.248-0300] {logging_mixin.py:190} INFO - [2024-10-20T19:39:20.248-0300] {dag.py:4180} INFO - Setting next_dagrun for dataset_alias_example_alias_producer to None, run_after=None
[2024-10-20T19:39:20.250-0300] {logging_mixin.py:190} INFO - [2024-10-20T19:39:20.250-0300] {dag.py:4180} INFO - Setting next_dagrun for dataset_s3_bucket_consumer to None, run_after=None
[2024-10-20T19:39:20.252-0300] {logging_mixin.py:190} INFO - [2024-10-20T19:39:20.252-0300] {dag.py:4180} INFO - Setting next_dagrun for dataset_s3_bucket_producer to None, run_after=None
[2024-10-20T19:39:20.285-0300] {processor.py:208} INFO - Processing /mnt/c/Users/Pato_/OneDrive/Documentos/ITBA/PYTHON_DATA_APP/itba/lib/python3.10/site-packages/airflow/example_dags/example_dataset_alias.py took 0.171 seconds
[2024-10-20T19:40:25.091-0300] {processor.py:186} INFO - Started process (PID=321711) to work on /mnt/c/Users/Pato_/OneDrive/Documentos/ITBA/PYTHON_DATA_APP/itba/lib/python3.10/site-packages/airflow/example_dags/example_dataset_alias.py
[2024-10-20T19:40:25.092-0300] {processor.py:914} INFO - Processing file /mnt/c/Users/Pato_/OneDrive/Documentos/ITBA/PYTHON_DATA_APP/itba/lib/python3.10/site-packages/airflow/example_dags/example_dataset_alias.py for tasks to queue
[2024-10-20T19:40:25.094-0300] {logging_mixin.py:190} INFO - [2024-10-20T19:40:25.093-0300] {dagbag.py:588} INFO - Filling up the DagBag from /mnt/c/Users/Pato_/OneDrive/Documentos/ITBA/PYTHON_DATA_APP/itba/lib/python3.10/site-packages/airflow/example_dags/example_dataset_alias.py
[2024-10-20T19:40:25.171-0300] {processor.py:925} INFO - DAG(s) 'dataset_alias_example_alias_producer', 'dataset_alias_example_alias_consumer', 'dataset_s3_bucket_consumer', 'dataset_s3_bucket_producer' retrieved from /mnt/c/Users/Pato_/OneDrive/Documentos/ITBA/PYTHON_DATA_APP/itba/lib/python3.10/site-packages/airflow/example_dags/example_dataset_alias.py
[2024-10-20T19:40:25.197-0300] {logging_mixin.py:190} INFO - [2024-10-20T19:40:25.197-0300] {dag.py:3239} INFO - Sync 4 DAGs
[2024-10-20T19:40:25.212-0300] {logging_mixin.py:190} INFO - [2024-10-20T19:40:25.211-0300] {dag.py:4180} INFO - Setting next_dagrun for dataset_alias_example_alias_consumer to None, run_after=None
[2024-10-20T19:40:25.215-0300] {logging_mixin.py:190} INFO - [2024-10-20T19:40:25.214-0300] {dag.py:4180} INFO - Setting next_dagrun for dataset_alias_example_alias_producer to None, run_after=None
[2024-10-20T19:40:25.217-0300] {logging_mixin.py:190} INFO - [2024-10-20T19:40:25.217-0300] {dag.py:4180} INFO - Setting next_dagrun for dataset_s3_bucket_consumer to None, run_after=None
[2024-10-20T19:40:25.220-0300] {logging_mixin.py:190} INFO - [2024-10-20T19:40:25.219-0300] {dag.py:4180} INFO - Setting next_dagrun for dataset_s3_bucket_producer to None, run_after=None
[2024-10-20T19:40:25.254-0300] {processor.py:208} INFO - Processing /mnt/c/Users/Pato_/OneDrive/Documentos/ITBA/PYTHON_DATA_APP/itba/lib/python3.10/site-packages/airflow/example_dags/example_dataset_alias.py took 0.171 seconds
[2024-10-20T19:41:32.993-0300] {processor.py:186} INFO - Started process (PID=322342) to work on /mnt/c/Users/Pato_/OneDrive/Documentos/ITBA/PYTHON_DATA_APP/itba/lib/python3.10/site-packages/airflow/example_dags/example_dataset_alias.py
[2024-10-20T19:41:32.994-0300] {processor.py:914} INFO - Processing file /mnt/c/Users/Pato_/OneDrive/Documentos/ITBA/PYTHON_DATA_APP/itba/lib/python3.10/site-packages/airflow/example_dags/example_dataset_alias.py for tasks to queue
[2024-10-20T19:41:32.996-0300] {logging_mixin.py:190} INFO - [2024-10-20T19:41:32.996-0300] {dagbag.py:588} INFO - Filling up the DagBag from /mnt/c/Users/Pato_/OneDrive/Documentos/ITBA/PYTHON_DATA_APP/itba/lib/python3.10/site-packages/airflow/example_dags/example_dataset_alias.py
[2024-10-20T19:41:33.072-0300] {processor.py:925} INFO - DAG(s) 'dataset_s3_bucket_consumer', 'dataset_alias_example_alias_consumer', 'dataset_s3_bucket_producer', 'dataset_alias_example_alias_producer' retrieved from /mnt/c/Users/Pato_/OneDrive/Documentos/ITBA/PYTHON_DATA_APP/itba/lib/python3.10/site-packages/airflow/example_dags/example_dataset_alias.py
[2024-10-20T19:41:33.098-0300] {logging_mixin.py:190} INFO - [2024-10-20T19:41:33.098-0300] {dag.py:3239} INFO - Sync 4 DAGs
[2024-10-20T19:41:33.112-0300] {logging_mixin.py:190} INFO - [2024-10-20T19:41:33.112-0300] {dag.py:4180} INFO - Setting next_dagrun for dataset_alias_example_alias_consumer to None, run_after=None
[2024-10-20T19:41:33.115-0300] {logging_mixin.py:190} INFO - [2024-10-20T19:41:33.115-0300] {dag.py:4180} INFO - Setting next_dagrun for dataset_alias_example_alias_producer to None, run_after=None
[2024-10-20T19:41:33.117-0300] {logging_mixin.py:190} INFO - [2024-10-20T19:41:33.117-0300] {dag.py:4180} INFO - Setting next_dagrun for dataset_s3_bucket_consumer to None, run_after=None
[2024-10-20T19:41:33.119-0300] {logging_mixin.py:190} INFO - [2024-10-20T19:41:33.119-0300] {dag.py:4180} INFO - Setting next_dagrun for dataset_s3_bucket_producer to None, run_after=None
[2024-10-20T19:41:33.152-0300] {processor.py:208} INFO - Processing /mnt/c/Users/Pato_/OneDrive/Documentos/ITBA/PYTHON_DATA_APP/itba/lib/python3.10/site-packages/airflow/example_dags/example_dataset_alias.py took 0.165 seconds
