[2024-10-20T19:01:36.613-0300] {processor.py:186} INFO - Started process (PID=299422) to work on /mnt/c/Users/Pato_/OneDrive/Documentos/ITBA/PYTHON_DATA_APP/itba/lib/python3.10/site-packages/airflow/example_dags/example_dag_decorator.py
[2024-10-20T19:01:36.614-0300] {processor.py:914} INFO - Processing file /mnt/c/Users/Pato_/OneDrive/Documentos/ITBA/PYTHON_DATA_APP/itba/lib/python3.10/site-packages/airflow/example_dags/example_dag_decorator.py for tasks to queue
[2024-10-20T19:01:36.616-0300] {logging_mixin.py:190} INFO - [2024-10-20T19:01:36.616-0300] {dagbag.py:588} INFO - Filling up the DagBag from /mnt/c/Users/Pato_/OneDrive/Documentos/ITBA/PYTHON_DATA_APP/itba/lib/python3.10/site-packages/airflow/example_dags/example_dag_decorator.py
[2024-10-20T19:01:36.664-0300] {processor.py:925} INFO - DAG(s) 'example_dag_decorator' retrieved from /mnt/c/Users/Pato_/OneDrive/Documentos/ITBA/PYTHON_DATA_APP/itba/lib/python3.10/site-packages/airflow/example_dags/example_dag_decorator.py
[2024-10-20T19:01:37.548-0300] {logging_mixin.py:190} INFO - [2024-10-20T19:01:37.547-0300] {override.py:1907} INFO - Created Permission View: can read on DAG:example_dag_decorator
[2024-10-20T19:01:37.712-0300] {logging_mixin.py:190} INFO - [2024-10-20T19:01:37.711-0300] {override.py:1907} INFO - Created Permission View: can delete on DAG:example_dag_decorator
[2024-10-20T19:01:37.840-0300] {logging_mixin.py:190} INFO - [2024-10-20T19:01:37.839-0300] {override.py:1907} INFO - Created Permission View: can edit on DAG:example_dag_decorator
[2024-10-20T19:01:38.518-0300] {logging_mixin.py:190} INFO - [2024-10-20T19:01:38.517-0300] {override.py:1907} INFO - Created Permission View: can read on DAG Run:example_dag_decorator
[2024-10-20T19:01:38.643-0300] {logging_mixin.py:190} INFO - [2024-10-20T19:01:38.642-0300] {override.py:1907} INFO - Created Permission View: can delete on DAG Run:example_dag_decorator
[2024-10-20T19:01:38.764-0300] {logging_mixin.py:190} INFO - [2024-10-20T19:01:38.763-0300] {override.py:1907} INFO - Created Permission View: can create on DAG Run:example_dag_decorator
[2024-10-20T19:01:38.888-0300] {logging_mixin.py:190} INFO - [2024-10-20T19:01:38.888-0300] {override.py:1907} INFO - Created Permission View: menu access on DAG Run:example_dag_decorator
[2024-10-20T19:01:38.890-0300] {logging_mixin.py:190} INFO - [2024-10-20T19:01:38.889-0300] {dag.py:3239} INFO - Sync 1 DAGs
[2024-10-20T19:01:38.901-0300] {logging_mixin.py:190} INFO - [2024-10-20T19:01:38.901-0300] {dag.py:3262} INFO - Creating ORM DAG for example_dag_decorator
[2024-10-20T19:01:38.903-0300] {logging_mixin.py:190} INFO - [2024-10-20T19:01:38.902-0300] {dag.py:4180} INFO - Setting next_dagrun for example_dag_decorator to None, run_after=None
[2024-10-20T19:01:39.038-0300] {processor.py:208} INFO - Processing /mnt/c/Users/Pato_/OneDrive/Documentos/ITBA/PYTHON_DATA_APP/itba/lib/python3.10/site-packages/airflow/example_dags/example_dag_decorator.py took 2.432 seconds
[2024-10-20T19:03:10.841-0300] {processor.py:186} INFO - Started process (PID=300139) to work on /mnt/c/Users/Pato_/OneDrive/Documentos/ITBA/PYTHON_DATA_APP/itba/lib/python3.10/site-packages/airflow/example_dags/example_dag_decorator.py
[2024-10-20T19:03:10.842-0300] {processor.py:914} INFO - Processing file /mnt/c/Users/Pato_/OneDrive/Documentos/ITBA/PYTHON_DATA_APP/itba/lib/python3.10/site-packages/airflow/example_dags/example_dag_decorator.py for tasks to queue
[2024-10-20T19:03:10.844-0300] {logging_mixin.py:190} INFO - [2024-10-20T19:03:10.843-0300] {dagbag.py:588} INFO - Filling up the DagBag from /mnt/c/Users/Pato_/OneDrive/Documentos/ITBA/PYTHON_DATA_APP/itba/lib/python3.10/site-packages/airflow/example_dags/example_dag_decorator.py
[2024-10-20T19:03:10.891-0300] {processor.py:925} INFO - DAG(s) 'example_dag_decorator' retrieved from /mnt/c/Users/Pato_/OneDrive/Documentos/ITBA/PYTHON_DATA_APP/itba/lib/python3.10/site-packages/airflow/example_dags/example_dag_decorator.py
[2024-10-20T19:03:11.558-0300] {logging_mixin.py:190} INFO - [2024-10-20T19:03:11.557-0300] {dag.py:3239} INFO - Sync 1 DAGs
[2024-10-20T19:03:11.566-0300] {logging_mixin.py:190} INFO - [2024-10-20T19:03:11.566-0300] {dag.py:4180} INFO - Setting next_dagrun for example_dag_decorator to None, run_after=None
[2024-10-20T19:03:11.596-0300] {processor.py:208} INFO - Processing /mnt/c/Users/Pato_/OneDrive/Documentos/ITBA/PYTHON_DATA_APP/itba/lib/python3.10/site-packages/airflow/example_dags/example_dag_decorator.py took 0.761 seconds
[2024-10-20T19:04:21.308-0300] {processor.py:186} INFO - Started process (PID=300753) to work on /mnt/c/Users/Pato_/OneDrive/Documentos/ITBA/PYTHON_DATA_APP/itba/lib/python3.10/site-packages/airflow/example_dags/example_dag_decorator.py
[2024-10-20T19:04:21.309-0300] {processor.py:914} INFO - Processing file /mnt/c/Users/Pato_/OneDrive/Documentos/ITBA/PYTHON_DATA_APP/itba/lib/python3.10/site-packages/airflow/example_dags/example_dag_decorator.py for tasks to queue
[2024-10-20T19:04:21.311-0300] {logging_mixin.py:190} INFO - [2024-10-20T19:04:21.310-0300] {dagbag.py:588} INFO - Filling up the DagBag from /mnt/c/Users/Pato_/OneDrive/Documentos/ITBA/PYTHON_DATA_APP/itba/lib/python3.10/site-packages/airflow/example_dags/example_dag_decorator.py
[2024-10-20T19:04:21.356-0300] {processor.py:925} INFO - DAG(s) 'example_dag_decorator' retrieved from /mnt/c/Users/Pato_/OneDrive/Documentos/ITBA/PYTHON_DATA_APP/itba/lib/python3.10/site-packages/airflow/example_dags/example_dag_decorator.py
[2024-10-20T19:04:22.031-0300] {logging_mixin.py:190} INFO - [2024-10-20T19:04:22.031-0300] {dag.py:3239} INFO - Sync 1 DAGs
[2024-10-20T19:04:22.039-0300] {logging_mixin.py:190} INFO - [2024-10-20T19:04:22.038-0300] {dag.py:4180} INFO - Setting next_dagrun for example_dag_decorator to None, run_after=None
[2024-10-20T19:04:22.069-0300] {processor.py:208} INFO - Processing /mnt/c/Users/Pato_/OneDrive/Documentos/ITBA/PYTHON_DATA_APP/itba/lib/python3.10/site-packages/airflow/example_dags/example_dag_decorator.py took 0.768 seconds
[2024-10-20T19:05:31.179-0300] {processor.py:186} INFO - Started process (PID=301484) to work on /mnt/c/Users/Pato_/OneDrive/Documentos/ITBA/PYTHON_DATA_APP/itba/lib/python3.10/site-packages/airflow/example_dags/example_dag_decorator.py
[2024-10-20T19:05:31.180-0300] {processor.py:914} INFO - Processing file /mnt/c/Users/Pato_/OneDrive/Documentos/ITBA/PYTHON_DATA_APP/itba/lib/python3.10/site-packages/airflow/example_dags/example_dag_decorator.py for tasks to queue
[2024-10-20T19:05:31.182-0300] {logging_mixin.py:190} INFO - [2024-10-20T19:05:31.181-0300] {dagbag.py:588} INFO - Filling up the DagBag from /mnt/c/Users/Pato_/OneDrive/Documentos/ITBA/PYTHON_DATA_APP/itba/lib/python3.10/site-packages/airflow/example_dags/example_dag_decorator.py
[2024-10-20T19:05:31.231-0300] {processor.py:925} INFO - DAG(s) 'example_dag_decorator' retrieved from /mnt/c/Users/Pato_/OneDrive/Documentos/ITBA/PYTHON_DATA_APP/itba/lib/python3.10/site-packages/airflow/example_dags/example_dag_decorator.py
[2024-10-20T19:05:31.973-0300] {logging_mixin.py:190} INFO - [2024-10-20T19:05:31.973-0300] {dag.py:3239} INFO - Sync 1 DAGs
[2024-10-20T19:05:31.983-0300] {logging_mixin.py:190} INFO - [2024-10-20T19:05:31.982-0300] {dag.py:4180} INFO - Setting next_dagrun for example_dag_decorator to None, run_after=None
[2024-10-20T19:05:32.015-0300] {processor.py:208} INFO - Processing /mnt/c/Users/Pato_/OneDrive/Documentos/ITBA/PYTHON_DATA_APP/itba/lib/python3.10/site-packages/airflow/example_dags/example_dag_decorator.py took 0.844 seconds
[2024-10-20T19:08:26.631-0300] {processor.py:186} INFO - Started process (PID=303778) to work on /mnt/c/Users/Pato_/OneDrive/Documentos/ITBA/PYTHON_DATA_APP/itba/lib/python3.10/site-packages/airflow/example_dags/example_dag_decorator.py
[2024-10-20T19:08:26.633-0300] {processor.py:914} INFO - Processing file /mnt/c/Users/Pato_/OneDrive/Documentos/ITBA/PYTHON_DATA_APP/itba/lib/python3.10/site-packages/airflow/example_dags/example_dag_decorator.py for tasks to queue
[2024-10-20T19:08:26.634-0300] {logging_mixin.py:190} INFO - [2024-10-20T19:08:26.634-0300] {dagbag.py:588} INFO - Filling up the DagBag from /mnt/c/Users/Pato_/OneDrive/Documentos/ITBA/PYTHON_DATA_APP/itba/lib/python3.10/site-packages/airflow/example_dags/example_dag_decorator.py
[2024-10-20T19:08:26.678-0300] {processor.py:925} INFO - DAG(s) 'example_dag_decorator' retrieved from /mnt/c/Users/Pato_/OneDrive/Documentos/ITBA/PYTHON_DATA_APP/itba/lib/python3.10/site-packages/airflow/example_dags/example_dag_decorator.py
[2024-10-20T19:08:27.347-0300] {logging_mixin.py:190} INFO - [2024-10-20T19:08:27.347-0300] {dag.py:3239} INFO - Sync 1 DAGs
[2024-10-20T19:08:27.356-0300] {logging_mixin.py:190} INFO - [2024-10-20T19:08:27.355-0300] {dag.py:4180} INFO - Setting next_dagrun for example_dag_decorator to None, run_after=None
[2024-10-20T19:08:27.384-0300] {processor.py:208} INFO - Processing /mnt/c/Users/Pato_/OneDrive/Documentos/ITBA/PYTHON_DATA_APP/itba/lib/python3.10/site-packages/airflow/example_dags/example_dag_decorator.py took 0.760 seconds
[2024-10-20T19:09:32.582-0300] {processor.py:186} INFO - Started process (PID=304360) to work on /mnt/c/Users/Pato_/OneDrive/Documentos/ITBA/PYTHON_DATA_APP/itba/lib/python3.10/site-packages/airflow/example_dags/example_dag_decorator.py
[2024-10-20T19:09:32.583-0300] {processor.py:914} INFO - Processing file /mnt/c/Users/Pato_/OneDrive/Documentos/ITBA/PYTHON_DATA_APP/itba/lib/python3.10/site-packages/airflow/example_dags/example_dag_decorator.py for tasks to queue
[2024-10-20T19:09:32.585-0300] {logging_mixin.py:190} INFO - [2024-10-20T19:09:32.584-0300] {dagbag.py:588} INFO - Filling up the DagBag from /mnt/c/Users/Pato_/OneDrive/Documentos/ITBA/PYTHON_DATA_APP/itba/lib/python3.10/site-packages/airflow/example_dags/example_dag_decorator.py
[2024-10-20T19:09:32.630-0300] {processor.py:925} INFO - DAG(s) 'example_dag_decorator' retrieved from /mnt/c/Users/Pato_/OneDrive/Documentos/ITBA/PYTHON_DATA_APP/itba/lib/python3.10/site-packages/airflow/example_dags/example_dag_decorator.py
[2024-10-20T19:09:33.297-0300] {logging_mixin.py:190} INFO - [2024-10-20T19:09:33.296-0300] {dag.py:3239} INFO - Sync 1 DAGs
[2024-10-20T19:09:33.305-0300] {logging_mixin.py:190} INFO - [2024-10-20T19:09:33.305-0300] {dag.py:4180} INFO - Setting next_dagrun for example_dag_decorator to None, run_after=None
[2024-10-20T19:09:33.335-0300] {processor.py:208} INFO - Processing /mnt/c/Users/Pato_/OneDrive/Documentos/ITBA/PYTHON_DATA_APP/itba/lib/python3.10/site-packages/airflow/example_dags/example_dag_decorator.py took 0.760 seconds
[2024-10-20T19:10:37.994-0300] {processor.py:186} INFO - Started process (PID=304898) to work on /mnt/c/Users/Pato_/OneDrive/Documentos/ITBA/PYTHON_DATA_APP/itba/lib/python3.10/site-packages/airflow/example_dags/example_dag_decorator.py
[2024-10-20T19:10:37.995-0300] {processor.py:914} INFO - Processing file /mnt/c/Users/Pato_/OneDrive/Documentos/ITBA/PYTHON_DATA_APP/itba/lib/python3.10/site-packages/airflow/example_dags/example_dag_decorator.py for tasks to queue
[2024-10-20T19:10:37.997-0300] {logging_mixin.py:190} INFO - [2024-10-20T19:10:37.997-0300] {dagbag.py:588} INFO - Filling up the DagBag from /mnt/c/Users/Pato_/OneDrive/Documentos/ITBA/PYTHON_DATA_APP/itba/lib/python3.10/site-packages/airflow/example_dags/example_dag_decorator.py
[2024-10-20T19:10:38.042-0300] {processor.py:925} INFO - DAG(s) 'example_dag_decorator' retrieved from /mnt/c/Users/Pato_/OneDrive/Documentos/ITBA/PYTHON_DATA_APP/itba/lib/python3.10/site-packages/airflow/example_dags/example_dag_decorator.py
[2024-10-20T19:10:38.715-0300] {logging_mixin.py:190} INFO - [2024-10-20T19:10:38.715-0300] {dag.py:3239} INFO - Sync 1 DAGs
[2024-10-20T19:10:38.724-0300] {logging_mixin.py:190} INFO - [2024-10-20T19:10:38.723-0300] {dag.py:4180} INFO - Setting next_dagrun for example_dag_decorator to None, run_after=None
[2024-10-20T19:10:38.753-0300] {processor.py:208} INFO - Processing /mnt/c/Users/Pato_/OneDrive/Documentos/ITBA/PYTHON_DATA_APP/itba/lib/python3.10/site-packages/airflow/example_dags/example_dag_decorator.py took 0.766 seconds
[2024-10-20T19:11:46.378-0300] {processor.py:186} INFO - Started process (PID=305430) to work on /mnt/c/Users/Pato_/OneDrive/Documentos/ITBA/PYTHON_DATA_APP/itba/lib/python3.10/site-packages/airflow/example_dags/example_dag_decorator.py
[2024-10-20T19:11:46.379-0300] {processor.py:914} INFO - Processing file /mnt/c/Users/Pato_/OneDrive/Documentos/ITBA/PYTHON_DATA_APP/itba/lib/python3.10/site-packages/airflow/example_dags/example_dag_decorator.py for tasks to queue
[2024-10-20T19:11:46.381-0300] {logging_mixin.py:190} INFO - [2024-10-20T19:11:46.380-0300] {dagbag.py:588} INFO - Filling up the DagBag from /mnt/c/Users/Pato_/OneDrive/Documentos/ITBA/PYTHON_DATA_APP/itba/lib/python3.10/site-packages/airflow/example_dags/example_dag_decorator.py
[2024-10-20T19:11:46.426-0300] {processor.py:925} INFO - DAG(s) 'example_dag_decorator' retrieved from /mnt/c/Users/Pato_/OneDrive/Documentos/ITBA/PYTHON_DATA_APP/itba/lib/python3.10/site-packages/airflow/example_dags/example_dag_decorator.py
[2024-10-20T19:11:47.081-0300] {logging_mixin.py:190} INFO - [2024-10-20T19:11:47.081-0300] {dag.py:3239} INFO - Sync 1 DAGs
[2024-10-20T19:11:47.090-0300] {logging_mixin.py:190} INFO - [2024-10-20T19:11:47.089-0300] {dag.py:4180} INFO - Setting next_dagrun for example_dag_decorator to None, run_after=None
[2024-10-20T19:11:47.118-0300] {processor.py:208} INFO - Processing /mnt/c/Users/Pato_/OneDrive/Documentos/ITBA/PYTHON_DATA_APP/itba/lib/python3.10/site-packages/airflow/example_dags/example_dag_decorator.py took 0.747 seconds
[2024-10-20T19:12:54.104-0300] {processor.py:186} INFO - Started process (PID=305961) to work on /mnt/c/Users/Pato_/OneDrive/Documentos/ITBA/PYTHON_DATA_APP/itba/lib/python3.10/site-packages/airflow/example_dags/example_dag_decorator.py
[2024-10-20T19:12:54.106-0300] {processor.py:914} INFO - Processing file /mnt/c/Users/Pato_/OneDrive/Documentos/ITBA/PYTHON_DATA_APP/itba/lib/python3.10/site-packages/airflow/example_dags/example_dag_decorator.py for tasks to queue
[2024-10-20T19:12:54.108-0300] {logging_mixin.py:190} INFO - [2024-10-20T19:12:54.107-0300] {dagbag.py:588} INFO - Filling up the DagBag from /mnt/c/Users/Pato_/OneDrive/Documentos/ITBA/PYTHON_DATA_APP/itba/lib/python3.10/site-packages/airflow/example_dags/example_dag_decorator.py
[2024-10-20T19:12:54.154-0300] {processor.py:925} INFO - DAG(s) 'example_dag_decorator' retrieved from /mnt/c/Users/Pato_/OneDrive/Documentos/ITBA/PYTHON_DATA_APP/itba/lib/python3.10/site-packages/airflow/example_dags/example_dag_decorator.py
[2024-10-20T19:12:54.811-0300] {logging_mixin.py:190} INFO - [2024-10-20T19:12:54.810-0300] {dag.py:3239} INFO - Sync 1 DAGs
[2024-10-20T19:12:54.820-0300] {logging_mixin.py:190} INFO - [2024-10-20T19:12:54.819-0300] {dag.py:4180} INFO - Setting next_dagrun for example_dag_decorator to None, run_after=None
[2024-10-20T19:12:54.850-0300] {processor.py:208} INFO - Processing /mnt/c/Users/Pato_/OneDrive/Documentos/ITBA/PYTHON_DATA_APP/itba/lib/python3.10/site-packages/airflow/example_dags/example_dag_decorator.py took 0.752 seconds
[2024-10-20T19:13:57.340-0300] {processor.py:186} INFO - Started process (PID=306455) to work on /mnt/c/Users/Pato_/OneDrive/Documentos/ITBA/PYTHON_DATA_APP/itba/lib/python3.10/site-packages/airflow/example_dags/example_dag_decorator.py
[2024-10-20T19:13:57.341-0300] {processor.py:914} INFO - Processing file /mnt/c/Users/Pato_/OneDrive/Documentos/ITBA/PYTHON_DATA_APP/itba/lib/python3.10/site-packages/airflow/example_dags/example_dag_decorator.py for tasks to queue
[2024-10-20T19:13:57.343-0300] {logging_mixin.py:190} INFO - [2024-10-20T19:13:57.342-0300] {dagbag.py:588} INFO - Filling up the DagBag from /mnt/c/Users/Pato_/OneDrive/Documentos/ITBA/PYTHON_DATA_APP/itba/lib/python3.10/site-packages/airflow/example_dags/example_dag_decorator.py
[2024-10-20T19:13:57.388-0300] {processor.py:925} INFO - DAG(s) 'example_dag_decorator' retrieved from /mnt/c/Users/Pato_/OneDrive/Documentos/ITBA/PYTHON_DATA_APP/itba/lib/python3.10/site-packages/airflow/example_dags/example_dag_decorator.py
[2024-10-20T19:13:58.061-0300] {logging_mixin.py:190} INFO - [2024-10-20T19:13:58.060-0300] {dag.py:3239} INFO - Sync 1 DAGs
[2024-10-20T19:13:58.068-0300] {logging_mixin.py:190} INFO - [2024-10-20T19:13:58.068-0300] {dag.py:4180} INFO - Setting next_dagrun for example_dag_decorator to None, run_after=None
[2024-10-20T19:13:58.099-0300] {processor.py:208} INFO - Processing /mnt/c/Users/Pato_/OneDrive/Documentos/ITBA/PYTHON_DATA_APP/itba/lib/python3.10/site-packages/airflow/example_dags/example_dag_decorator.py took 0.766 seconds
[2024-10-20T19:15:08.025-0300] {processor.py:186} INFO - Started process (PID=307033) to work on /mnt/c/Users/Pato_/OneDrive/Documentos/ITBA/PYTHON_DATA_APP/itba/lib/python3.10/site-packages/airflow/example_dags/example_dag_decorator.py
[2024-10-20T19:15:08.026-0300] {processor.py:914} INFO - Processing file /mnt/c/Users/Pato_/OneDrive/Documentos/ITBA/PYTHON_DATA_APP/itba/lib/python3.10/site-packages/airflow/example_dags/example_dag_decorator.py for tasks to queue
[2024-10-20T19:15:08.028-0300] {logging_mixin.py:190} INFO - [2024-10-20T19:15:08.028-0300] {dagbag.py:588} INFO - Filling up the DagBag from /mnt/c/Users/Pato_/OneDrive/Documentos/ITBA/PYTHON_DATA_APP/itba/lib/python3.10/site-packages/airflow/example_dags/example_dag_decorator.py
[2024-10-20T19:15:08.073-0300] {processor.py:925} INFO - DAG(s) 'example_dag_decorator' retrieved from /mnt/c/Users/Pato_/OneDrive/Documentos/ITBA/PYTHON_DATA_APP/itba/lib/python3.10/site-packages/airflow/example_dags/example_dag_decorator.py
[2024-10-20T19:15:08.730-0300] {logging_mixin.py:190} INFO - [2024-10-20T19:15:08.729-0300] {dag.py:3239} INFO - Sync 1 DAGs
[2024-10-20T19:15:08.738-0300] {logging_mixin.py:190} INFO - [2024-10-20T19:15:08.737-0300] {dag.py:4180} INFO - Setting next_dagrun for example_dag_decorator to None, run_after=None
[2024-10-20T19:15:08.767-0300] {processor.py:208} INFO - Processing /mnt/c/Users/Pato_/OneDrive/Documentos/ITBA/PYTHON_DATA_APP/itba/lib/python3.10/site-packages/airflow/example_dags/example_dag_decorator.py took 0.748 seconds
[2024-10-20T19:16:15.988-0300] {processor.py:186} INFO - Started process (PID=307561) to work on /mnt/c/Users/Pato_/OneDrive/Documentos/ITBA/PYTHON_DATA_APP/itba/lib/python3.10/site-packages/airflow/example_dags/example_dag_decorator.py
[2024-10-20T19:16:15.989-0300] {processor.py:914} INFO - Processing file /mnt/c/Users/Pato_/OneDrive/Documentos/ITBA/PYTHON_DATA_APP/itba/lib/python3.10/site-packages/airflow/example_dags/example_dag_decorator.py for tasks to queue
[2024-10-20T19:16:15.991-0300] {logging_mixin.py:190} INFO - [2024-10-20T19:16:15.991-0300] {dagbag.py:588} INFO - Filling up the DagBag from /mnt/c/Users/Pato_/OneDrive/Documentos/ITBA/PYTHON_DATA_APP/itba/lib/python3.10/site-packages/airflow/example_dags/example_dag_decorator.py
[2024-10-20T19:16:16.035-0300] {processor.py:925} INFO - DAG(s) 'example_dag_decorator' retrieved from /mnt/c/Users/Pato_/OneDrive/Documentos/ITBA/PYTHON_DATA_APP/itba/lib/python3.10/site-packages/airflow/example_dags/example_dag_decorator.py
[2024-10-20T19:16:16.717-0300] {logging_mixin.py:190} INFO - [2024-10-20T19:16:16.717-0300] {dag.py:3239} INFO - Sync 1 DAGs
[2024-10-20T19:16:16.726-0300] {logging_mixin.py:190} INFO - [2024-10-20T19:16:16.725-0300] {dag.py:4180} INFO - Setting next_dagrun for example_dag_decorator to None, run_after=None
[2024-10-20T19:16:16.756-0300] {processor.py:208} INFO - Processing /mnt/c/Users/Pato_/OneDrive/Documentos/ITBA/PYTHON_DATA_APP/itba/lib/python3.10/site-packages/airflow/example_dags/example_dag_decorator.py took 0.775 seconds
[2024-10-20T19:17:27.785-0300] {processor.py:186} INFO - Started process (PID=308125) to work on /mnt/c/Users/Pato_/OneDrive/Documentos/ITBA/PYTHON_DATA_APP/itba/lib/python3.10/site-packages/airflow/example_dags/example_dag_decorator.py
[2024-10-20T19:17:27.786-0300] {processor.py:914} INFO - Processing file /mnt/c/Users/Pato_/OneDrive/Documentos/ITBA/PYTHON_DATA_APP/itba/lib/python3.10/site-packages/airflow/example_dags/example_dag_decorator.py for tasks to queue
[2024-10-20T19:17:27.788-0300] {logging_mixin.py:190} INFO - [2024-10-20T19:17:27.788-0300] {dagbag.py:588} INFO - Filling up the DagBag from /mnt/c/Users/Pato_/OneDrive/Documentos/ITBA/PYTHON_DATA_APP/itba/lib/python3.10/site-packages/airflow/example_dags/example_dag_decorator.py
[2024-10-20T19:17:27.834-0300] {processor.py:925} INFO - DAG(s) 'example_dag_decorator' retrieved from /mnt/c/Users/Pato_/OneDrive/Documentos/ITBA/PYTHON_DATA_APP/itba/lib/python3.10/site-packages/airflow/example_dags/example_dag_decorator.py
[2024-10-20T19:17:28.499-0300] {logging_mixin.py:190} INFO - [2024-10-20T19:17:28.499-0300] {dag.py:3239} INFO - Sync 1 DAGs
[2024-10-20T19:17:28.508-0300] {logging_mixin.py:190} INFO - [2024-10-20T19:17:28.507-0300] {dag.py:4180} INFO - Setting next_dagrun for example_dag_decorator to None, run_after=None
[2024-10-20T19:17:28.537-0300] {processor.py:208} INFO - Processing /mnt/c/Users/Pato_/OneDrive/Documentos/ITBA/PYTHON_DATA_APP/itba/lib/python3.10/site-packages/airflow/example_dags/example_dag_decorator.py took 0.759 seconds
[2024-10-20T19:18:41.350-0300] {processor.py:186} INFO - Started process (PID=308697) to work on /mnt/c/Users/Pato_/OneDrive/Documentos/ITBA/PYTHON_DATA_APP/itba/lib/python3.10/site-packages/airflow/example_dags/example_dag_decorator.py
[2024-10-20T19:18:41.351-0300] {processor.py:914} INFO - Processing file /mnt/c/Users/Pato_/OneDrive/Documentos/ITBA/PYTHON_DATA_APP/itba/lib/python3.10/site-packages/airflow/example_dags/example_dag_decorator.py for tasks to queue
[2024-10-20T19:18:41.353-0300] {logging_mixin.py:190} INFO - [2024-10-20T19:18:41.352-0300] {dagbag.py:588} INFO - Filling up the DagBag from /mnt/c/Users/Pato_/OneDrive/Documentos/ITBA/PYTHON_DATA_APP/itba/lib/python3.10/site-packages/airflow/example_dags/example_dag_decorator.py
[2024-10-20T19:18:41.397-0300] {processor.py:925} INFO - DAG(s) 'example_dag_decorator' retrieved from /mnt/c/Users/Pato_/OneDrive/Documentos/ITBA/PYTHON_DATA_APP/itba/lib/python3.10/site-packages/airflow/example_dags/example_dag_decorator.py
[2024-10-20T19:18:42.070-0300] {logging_mixin.py:190} INFO - [2024-10-20T19:18:42.069-0300] {dag.py:3239} INFO - Sync 1 DAGs
[2024-10-20T19:18:42.078-0300] {logging_mixin.py:190} INFO - [2024-10-20T19:18:42.078-0300] {dag.py:4180} INFO - Setting next_dagrun for example_dag_decorator to None, run_after=None
[2024-10-20T19:18:42.108-0300] {processor.py:208} INFO - Processing /mnt/c/Users/Pato_/OneDrive/Documentos/ITBA/PYTHON_DATA_APP/itba/lib/python3.10/site-packages/airflow/example_dags/example_dag_decorator.py took 0.765 seconds
[2024-10-20T19:19:54.551-0300] {processor.py:186} INFO - Started process (PID=309294) to work on /mnt/c/Users/Pato_/OneDrive/Documentos/ITBA/PYTHON_DATA_APP/itba/lib/python3.10/site-packages/airflow/example_dags/example_dag_decorator.py
[2024-10-20T19:19:54.552-0300] {processor.py:914} INFO - Processing file /mnt/c/Users/Pato_/OneDrive/Documentos/ITBA/PYTHON_DATA_APP/itba/lib/python3.10/site-packages/airflow/example_dags/example_dag_decorator.py for tasks to queue
[2024-10-20T19:19:54.554-0300] {logging_mixin.py:190} INFO - [2024-10-20T19:19:54.553-0300] {dagbag.py:588} INFO - Filling up the DagBag from /mnt/c/Users/Pato_/OneDrive/Documentos/ITBA/PYTHON_DATA_APP/itba/lib/python3.10/site-packages/airflow/example_dags/example_dag_decorator.py
[2024-10-20T19:19:54.598-0300] {processor.py:925} INFO - DAG(s) 'example_dag_decorator' retrieved from /mnt/c/Users/Pato_/OneDrive/Documentos/ITBA/PYTHON_DATA_APP/itba/lib/python3.10/site-packages/airflow/example_dags/example_dag_decorator.py
[2024-10-20T19:19:55.253-0300] {logging_mixin.py:190} INFO - [2024-10-20T19:19:55.253-0300] {dag.py:3239} INFO - Sync 1 DAGs
[2024-10-20T19:19:55.262-0300] {logging_mixin.py:190} INFO - [2024-10-20T19:19:55.261-0300] {dag.py:4180} INFO - Setting next_dagrun for example_dag_decorator to None, run_after=None
[2024-10-20T19:19:55.292-0300] {processor.py:208} INFO - Processing /mnt/c/Users/Pato_/OneDrive/Documentos/ITBA/PYTHON_DATA_APP/itba/lib/python3.10/site-packages/airflow/example_dags/example_dag_decorator.py took 0.748 seconds
[2024-10-20T19:21:02.226-0300] {processor.py:186} INFO - Started process (PID=309884) to work on /mnt/c/Users/Pato_/OneDrive/Documentos/ITBA/PYTHON_DATA_APP/itba/lib/python3.10/site-packages/airflow/example_dags/example_dag_decorator.py
[2024-10-20T19:21:02.228-0300] {processor.py:914} INFO - Processing file /mnt/c/Users/Pato_/OneDrive/Documentos/ITBA/PYTHON_DATA_APP/itba/lib/python3.10/site-packages/airflow/example_dags/example_dag_decorator.py for tasks to queue
[2024-10-20T19:21:02.230-0300] {logging_mixin.py:190} INFO - [2024-10-20T19:21:02.229-0300] {dagbag.py:588} INFO - Filling up the DagBag from /mnt/c/Users/Pato_/OneDrive/Documentos/ITBA/PYTHON_DATA_APP/itba/lib/python3.10/site-packages/airflow/example_dags/example_dag_decorator.py
[2024-10-20T19:21:02.283-0300] {processor.py:925} INFO - DAG(s) 'example_dag_decorator' retrieved from /mnt/c/Users/Pato_/OneDrive/Documentos/ITBA/PYTHON_DATA_APP/itba/lib/python3.10/site-packages/airflow/example_dags/example_dag_decorator.py
[2024-10-20T19:21:02.969-0300] {logging_mixin.py:190} INFO - [2024-10-20T19:21:02.968-0300] {dag.py:3239} INFO - Sync 1 DAGs
[2024-10-20T19:21:02.977-0300] {logging_mixin.py:190} INFO - [2024-10-20T19:21:02.977-0300] {dag.py:4180} INFO - Setting next_dagrun for example_dag_decorator to None, run_after=None
[2024-10-20T19:21:03.008-0300] {processor.py:208} INFO - Processing /mnt/c/Users/Pato_/OneDrive/Documentos/ITBA/PYTHON_DATA_APP/itba/lib/python3.10/site-packages/airflow/example_dags/example_dag_decorator.py took 0.789 seconds
[2024-10-20T19:22:08.763-0300] {processor.py:186} INFO - Started process (PID=310499) to work on /mnt/c/Users/Pato_/OneDrive/Documentos/ITBA/PYTHON_DATA_APP/itba/lib/python3.10/site-packages/airflow/example_dags/example_dag_decorator.py
[2024-10-20T19:22:08.764-0300] {processor.py:914} INFO - Processing file /mnt/c/Users/Pato_/OneDrive/Documentos/ITBA/PYTHON_DATA_APP/itba/lib/python3.10/site-packages/airflow/example_dags/example_dag_decorator.py for tasks to queue
[2024-10-20T19:22:08.766-0300] {logging_mixin.py:190} INFO - [2024-10-20T19:22:08.766-0300] {dagbag.py:588} INFO - Filling up the DagBag from /mnt/c/Users/Pato_/OneDrive/Documentos/ITBA/PYTHON_DATA_APP/itba/lib/python3.10/site-packages/airflow/example_dags/example_dag_decorator.py
[2024-10-20T19:22:08.812-0300] {processor.py:925} INFO - DAG(s) 'example_dag_decorator' retrieved from /mnt/c/Users/Pato_/OneDrive/Documentos/ITBA/PYTHON_DATA_APP/itba/lib/python3.10/site-packages/airflow/example_dags/example_dag_decorator.py
[2024-10-20T19:22:09.496-0300] {logging_mixin.py:190} INFO - [2024-10-20T19:22:09.495-0300] {dag.py:3239} INFO - Sync 1 DAGs
[2024-10-20T19:22:09.504-0300] {logging_mixin.py:190} INFO - [2024-10-20T19:22:09.504-0300] {dag.py:4180} INFO - Setting next_dagrun for example_dag_decorator to None, run_after=None
[2024-10-20T19:22:09.536-0300] {processor.py:208} INFO - Processing /mnt/c/Users/Pato_/OneDrive/Documentos/ITBA/PYTHON_DATA_APP/itba/lib/python3.10/site-packages/airflow/example_dags/example_dag_decorator.py took 0.780 seconds
[2024-10-20T19:23:14.211-0300] {processor.py:186} INFO - Started process (PID=311018) to work on /mnt/c/Users/Pato_/OneDrive/Documentos/ITBA/PYTHON_DATA_APP/itba/lib/python3.10/site-packages/airflow/example_dags/example_dag_decorator.py
[2024-10-20T19:23:14.212-0300] {processor.py:914} INFO - Processing file /mnt/c/Users/Pato_/OneDrive/Documentos/ITBA/PYTHON_DATA_APP/itba/lib/python3.10/site-packages/airflow/example_dags/example_dag_decorator.py for tasks to queue
[2024-10-20T19:23:14.214-0300] {logging_mixin.py:190} INFO - [2024-10-20T19:23:14.213-0300] {dagbag.py:588} INFO - Filling up the DagBag from /mnt/c/Users/Pato_/OneDrive/Documentos/ITBA/PYTHON_DATA_APP/itba/lib/python3.10/site-packages/airflow/example_dags/example_dag_decorator.py
[2024-10-20T19:23:14.260-0300] {processor.py:925} INFO - DAG(s) 'example_dag_decorator' retrieved from /mnt/c/Users/Pato_/OneDrive/Documentos/ITBA/PYTHON_DATA_APP/itba/lib/python3.10/site-packages/airflow/example_dags/example_dag_decorator.py
[2024-10-20T19:23:14.941-0300] {logging_mixin.py:190} INFO - [2024-10-20T19:23:14.940-0300] {dag.py:3239} INFO - Sync 1 DAGs
[2024-10-20T19:23:14.949-0300] {logging_mixin.py:190} INFO - [2024-10-20T19:23:14.949-0300] {dag.py:4180} INFO - Setting next_dagrun for example_dag_decorator to None, run_after=None
[2024-10-20T19:23:14.980-0300] {processor.py:208} INFO - Processing /mnt/c/Users/Pato_/OneDrive/Documentos/ITBA/PYTHON_DATA_APP/itba/lib/python3.10/site-packages/airflow/example_dags/example_dag_decorator.py took 0.776 seconds
[2024-10-20T19:25:08.834-0300] {processor.py:186} INFO - Started process (PID=312559) to work on /mnt/c/Users/Pato_/OneDrive/Documentos/ITBA/PYTHON_DATA_APP/itba/lib/python3.10/site-packages/airflow/example_dags/example_dag_decorator.py
[2024-10-20T19:25:08.835-0300] {processor.py:914} INFO - Processing file /mnt/c/Users/Pato_/OneDrive/Documentos/ITBA/PYTHON_DATA_APP/itba/lib/python3.10/site-packages/airflow/example_dags/example_dag_decorator.py for tasks to queue
[2024-10-20T19:25:08.837-0300] {logging_mixin.py:190} INFO - [2024-10-20T19:25:08.836-0300] {dagbag.py:588} INFO - Filling up the DagBag from /mnt/c/Users/Pato_/OneDrive/Documentos/ITBA/PYTHON_DATA_APP/itba/lib/python3.10/site-packages/airflow/example_dags/example_dag_decorator.py
[2024-10-20T19:25:08.880-0300] {processor.py:925} INFO - DAG(s) 'example_dag_decorator' retrieved from /mnt/c/Users/Pato_/OneDrive/Documentos/ITBA/PYTHON_DATA_APP/itba/lib/python3.10/site-packages/airflow/example_dags/example_dag_decorator.py
[2024-10-20T19:25:09.550-0300] {logging_mixin.py:190} INFO - [2024-10-20T19:25:09.549-0300] {dag.py:3239} INFO - Sync 1 DAGs
[2024-10-20T19:25:09.559-0300] {logging_mixin.py:190} INFO - [2024-10-20T19:25:09.558-0300] {dag.py:4180} INFO - Setting next_dagrun for example_dag_decorator to None, run_after=None
[2024-10-20T19:25:09.589-0300] {processor.py:208} INFO - Processing /mnt/c/Users/Pato_/OneDrive/Documentos/ITBA/PYTHON_DATA_APP/itba/lib/python3.10/site-packages/airflow/example_dags/example_dag_decorator.py took 0.762 seconds
[2024-10-20T19:26:49.380-0300] {processor.py:186} INFO - Started process (PID=313861) to work on /mnt/c/Users/Pato_/OneDrive/Documentos/ITBA/PYTHON_DATA_APP/itba/lib/python3.10/site-packages/airflow/example_dags/example_dag_decorator.py
[2024-10-20T19:26:49.381-0300] {processor.py:914} INFO - Processing file /mnt/c/Users/Pato_/OneDrive/Documentos/ITBA/PYTHON_DATA_APP/itba/lib/python3.10/site-packages/airflow/example_dags/example_dag_decorator.py for tasks to queue
[2024-10-20T19:26:49.383-0300] {logging_mixin.py:190} INFO - [2024-10-20T19:26:49.383-0300] {dagbag.py:588} INFO - Filling up the DagBag from /mnt/c/Users/Pato_/OneDrive/Documentos/ITBA/PYTHON_DATA_APP/itba/lib/python3.10/site-packages/airflow/example_dags/example_dag_decorator.py
[2024-10-20T19:26:49.428-0300] {processor.py:925} INFO - DAG(s) 'example_dag_decorator' retrieved from /mnt/c/Users/Pato_/OneDrive/Documentos/ITBA/PYTHON_DATA_APP/itba/lib/python3.10/site-packages/airflow/example_dags/example_dag_decorator.py
[2024-10-20T19:26:50.106-0300] {logging_mixin.py:190} INFO - [2024-10-20T19:26:50.106-0300] {dag.py:3239} INFO - Sync 1 DAGs
[2024-10-20T19:26:50.114-0300] {logging_mixin.py:190} INFO - [2024-10-20T19:26:50.114-0300] {dag.py:4180} INFO - Setting next_dagrun for example_dag_decorator to None, run_after=None
[2024-10-20T19:26:50.144-0300] {processor.py:208} INFO - Processing /mnt/c/Users/Pato_/OneDrive/Documentos/ITBA/PYTHON_DATA_APP/itba/lib/python3.10/site-packages/airflow/example_dags/example_dag_decorator.py took 0.771 seconds
[2024-10-20T19:28:01.269-0300] {processor.py:186} INFO - Started process (PID=314780) to work on /mnt/c/Users/Pato_/OneDrive/Documentos/ITBA/PYTHON_DATA_APP/itba/lib/python3.10/site-packages/airflow/example_dags/example_dag_decorator.py
[2024-10-20T19:28:01.270-0300] {processor.py:914} INFO - Processing file /mnt/c/Users/Pato_/OneDrive/Documentos/ITBA/PYTHON_DATA_APP/itba/lib/python3.10/site-packages/airflow/example_dags/example_dag_decorator.py for tasks to queue
[2024-10-20T19:28:01.272-0300] {logging_mixin.py:190} INFO - [2024-10-20T19:28:01.272-0300] {dagbag.py:588} INFO - Filling up the DagBag from /mnt/c/Users/Pato_/OneDrive/Documentos/ITBA/PYTHON_DATA_APP/itba/lib/python3.10/site-packages/airflow/example_dags/example_dag_decorator.py
[2024-10-20T19:28:01.320-0300] {processor.py:925} INFO - DAG(s) 'example_dag_decorator' retrieved from /mnt/c/Users/Pato_/OneDrive/Documentos/ITBA/PYTHON_DATA_APP/itba/lib/python3.10/site-packages/airflow/example_dags/example_dag_decorator.py
[2024-10-20T19:28:01.994-0300] {logging_mixin.py:190} INFO - [2024-10-20T19:28:01.993-0300] {dag.py:3239} INFO - Sync 1 DAGs
[2024-10-20T19:28:02.001-0300] {logging_mixin.py:190} INFO - [2024-10-20T19:28:02.001-0300] {dag.py:4180} INFO - Setting next_dagrun for example_dag_decorator to None, run_after=None
[2024-10-20T19:28:02.031-0300] {processor.py:208} INFO - Processing /mnt/c/Users/Pato_/OneDrive/Documentos/ITBA/PYTHON_DATA_APP/itba/lib/python3.10/site-packages/airflow/example_dags/example_dag_decorator.py took 0.768 seconds
[2024-10-20T19:29:06.568-0300] {processor.py:186} INFO - Started process (PID=315483) to work on /mnt/c/Users/Pato_/OneDrive/Documentos/ITBA/PYTHON_DATA_APP/itba/lib/python3.10/site-packages/airflow/example_dags/example_dag_decorator.py
[2024-10-20T19:29:06.569-0300] {processor.py:914} INFO - Processing file /mnt/c/Users/Pato_/OneDrive/Documentos/ITBA/PYTHON_DATA_APP/itba/lib/python3.10/site-packages/airflow/example_dags/example_dag_decorator.py for tasks to queue
[2024-10-20T19:29:06.571-0300] {logging_mixin.py:190} INFO - [2024-10-20T19:29:06.570-0300] {dagbag.py:588} INFO - Filling up the DagBag from /mnt/c/Users/Pato_/OneDrive/Documentos/ITBA/PYTHON_DATA_APP/itba/lib/python3.10/site-packages/airflow/example_dags/example_dag_decorator.py
[2024-10-20T19:29:06.616-0300] {processor.py:925} INFO - DAG(s) 'example_dag_decorator' retrieved from /mnt/c/Users/Pato_/OneDrive/Documentos/ITBA/PYTHON_DATA_APP/itba/lib/python3.10/site-packages/airflow/example_dags/example_dag_decorator.py
[2024-10-20T19:29:07.297-0300] {logging_mixin.py:190} INFO - [2024-10-20T19:29:07.296-0300] {dag.py:3239} INFO - Sync 1 DAGs
[2024-10-20T19:29:07.305-0300] {logging_mixin.py:190} INFO - [2024-10-20T19:29:07.304-0300] {dag.py:4180} INFO - Setting next_dagrun for example_dag_decorator to None, run_after=None
[2024-10-20T19:29:07.335-0300] {processor.py:208} INFO - Processing /mnt/c/Users/Pato_/OneDrive/Documentos/ITBA/PYTHON_DATA_APP/itba/lib/python3.10/site-packages/airflow/example_dags/example_dag_decorator.py took 0.775 seconds
[2024-10-20T19:30:18.506-0300] {processor.py:186} INFO - Started process (PID=316262) to work on /mnt/c/Users/Pato_/OneDrive/Documentos/ITBA/PYTHON_DATA_APP/itba/lib/python3.10/site-packages/airflow/example_dags/example_dag_decorator.py
[2024-10-20T19:30:18.507-0300] {processor.py:914} INFO - Processing file /mnt/c/Users/Pato_/OneDrive/Documentos/ITBA/PYTHON_DATA_APP/itba/lib/python3.10/site-packages/airflow/example_dags/example_dag_decorator.py for tasks to queue
[2024-10-20T19:30:18.509-0300] {logging_mixin.py:190} INFO - [2024-10-20T19:30:18.508-0300] {dagbag.py:588} INFO - Filling up the DagBag from /mnt/c/Users/Pato_/OneDrive/Documentos/ITBA/PYTHON_DATA_APP/itba/lib/python3.10/site-packages/airflow/example_dags/example_dag_decorator.py
[2024-10-20T19:30:18.554-0300] {processor.py:925} INFO - DAG(s) 'example_dag_decorator' retrieved from /mnt/c/Users/Pato_/OneDrive/Documentos/ITBA/PYTHON_DATA_APP/itba/lib/python3.10/site-packages/airflow/example_dags/example_dag_decorator.py
[2024-10-20T19:30:19.229-0300] {logging_mixin.py:190} INFO - [2024-10-20T19:30:19.229-0300] {dag.py:3239} INFO - Sync 1 DAGs
[2024-10-20T19:30:19.238-0300] {logging_mixin.py:190} INFO - [2024-10-20T19:30:19.237-0300] {dag.py:4180} INFO - Setting next_dagrun for example_dag_decorator to None, run_after=None
[2024-10-20T19:30:19.268-0300] {processor.py:208} INFO - Processing /mnt/c/Users/Pato_/OneDrive/Documentos/ITBA/PYTHON_DATA_APP/itba/lib/python3.10/site-packages/airflow/example_dags/example_dag_decorator.py took 0.769 seconds
[2024-10-20T19:31:24.487-0300] {processor.py:186} INFO - Started process (PID=316774) to work on /mnt/c/Users/Pato_/OneDrive/Documentos/ITBA/PYTHON_DATA_APP/itba/lib/python3.10/site-packages/airflow/example_dags/example_dag_decorator.py
[2024-10-20T19:31:24.488-0300] {processor.py:914} INFO - Processing file /mnt/c/Users/Pato_/OneDrive/Documentos/ITBA/PYTHON_DATA_APP/itba/lib/python3.10/site-packages/airflow/example_dags/example_dag_decorator.py for tasks to queue
[2024-10-20T19:31:24.490-0300] {logging_mixin.py:190} INFO - [2024-10-20T19:31:24.490-0300] {dagbag.py:588} INFO - Filling up the DagBag from /mnt/c/Users/Pato_/OneDrive/Documentos/ITBA/PYTHON_DATA_APP/itba/lib/python3.10/site-packages/airflow/example_dags/example_dag_decorator.py
[2024-10-20T19:31:24.536-0300] {processor.py:925} INFO - DAG(s) 'example_dag_decorator' retrieved from /mnt/c/Users/Pato_/OneDrive/Documentos/ITBA/PYTHON_DATA_APP/itba/lib/python3.10/site-packages/airflow/example_dags/example_dag_decorator.py
[2024-10-20T19:31:25.219-0300] {logging_mixin.py:190} INFO - [2024-10-20T19:31:25.219-0300] {dag.py:3239} INFO - Sync 1 DAGs
[2024-10-20T19:31:25.227-0300] {logging_mixin.py:190} INFO - [2024-10-20T19:31:25.227-0300] {dag.py:4180} INFO - Setting next_dagrun for example_dag_decorator to None, run_after=None
[2024-10-20T19:31:25.257-0300] {processor.py:208} INFO - Processing /mnt/c/Users/Pato_/OneDrive/Documentos/ITBA/PYTHON_DATA_APP/itba/lib/python3.10/site-packages/airflow/example_dags/example_dag_decorator.py took 0.778 seconds
[2024-10-20T19:32:33.327-0300] {processor.py:186} INFO - Started process (PID=317312) to work on /mnt/c/Users/Pato_/OneDrive/Documentos/ITBA/PYTHON_DATA_APP/itba/lib/python3.10/site-packages/airflow/example_dags/example_dag_decorator.py
[2024-10-20T19:32:33.328-0300] {processor.py:914} INFO - Processing file /mnt/c/Users/Pato_/OneDrive/Documentos/ITBA/PYTHON_DATA_APP/itba/lib/python3.10/site-packages/airflow/example_dags/example_dag_decorator.py for tasks to queue
[2024-10-20T19:32:33.330-0300] {logging_mixin.py:190} INFO - [2024-10-20T19:32:33.329-0300] {dagbag.py:588} INFO - Filling up the DagBag from /mnt/c/Users/Pato_/OneDrive/Documentos/ITBA/PYTHON_DATA_APP/itba/lib/python3.10/site-packages/airflow/example_dags/example_dag_decorator.py
[2024-10-20T19:32:33.378-0300] {processor.py:925} INFO - DAG(s) 'example_dag_decorator' retrieved from /mnt/c/Users/Pato_/OneDrive/Documentos/ITBA/PYTHON_DATA_APP/itba/lib/python3.10/site-packages/airflow/example_dags/example_dag_decorator.py
[2024-10-20T19:32:34.085-0300] {logging_mixin.py:190} INFO - [2024-10-20T19:32:34.085-0300] {dag.py:3239} INFO - Sync 1 DAGs
[2024-10-20T19:32:34.093-0300] {logging_mixin.py:190} INFO - [2024-10-20T19:32:34.093-0300] {dag.py:4180} INFO - Setting next_dagrun for example_dag_decorator to None, run_after=None
[2024-10-20T19:32:34.122-0300] {processor.py:208} INFO - Processing /mnt/c/Users/Pato_/OneDrive/Documentos/ITBA/PYTHON_DATA_APP/itba/lib/python3.10/site-packages/airflow/example_dags/example_dag_decorator.py took 0.802 seconds
[2024-10-20T19:33:40.603-0300] {processor.py:186} INFO - Started process (PID=317974) to work on /mnt/c/Users/Pato_/OneDrive/Documentos/ITBA/PYTHON_DATA_APP/itba/lib/python3.10/site-packages/airflow/example_dags/example_dag_decorator.py
[2024-10-20T19:33:40.604-0300] {processor.py:914} INFO - Processing file /mnt/c/Users/Pato_/OneDrive/Documentos/ITBA/PYTHON_DATA_APP/itba/lib/python3.10/site-packages/airflow/example_dags/example_dag_decorator.py for tasks to queue
[2024-10-20T19:33:40.606-0300] {logging_mixin.py:190} INFO - [2024-10-20T19:33:40.605-0300] {dagbag.py:588} INFO - Filling up the DagBag from /mnt/c/Users/Pato_/OneDrive/Documentos/ITBA/PYTHON_DATA_APP/itba/lib/python3.10/site-packages/airflow/example_dags/example_dag_decorator.py
[2024-10-20T19:33:40.651-0300] {processor.py:925} INFO - DAG(s) 'example_dag_decorator' retrieved from /mnt/c/Users/Pato_/OneDrive/Documentos/ITBA/PYTHON_DATA_APP/itba/lib/python3.10/site-packages/airflow/example_dags/example_dag_decorator.py
[2024-10-20T19:33:41.325-0300] {logging_mixin.py:190} INFO - [2024-10-20T19:33:41.324-0300] {dag.py:3239} INFO - Sync 1 DAGs
[2024-10-20T19:33:41.333-0300] {logging_mixin.py:190} INFO - [2024-10-20T19:33:41.333-0300] {dag.py:4180} INFO - Setting next_dagrun for example_dag_decorator to None, run_after=None
[2024-10-20T19:33:41.364-0300] {processor.py:208} INFO - Processing /mnt/c/Users/Pato_/OneDrive/Documentos/ITBA/PYTHON_DATA_APP/itba/lib/python3.10/site-packages/airflow/example_dags/example_dag_decorator.py took 0.767 seconds
[2024-10-20T19:34:48.132-0300] {processor.py:186} INFO - Started process (PID=318683) to work on /mnt/c/Users/Pato_/OneDrive/Documentos/ITBA/PYTHON_DATA_APP/itba/lib/python3.10/site-packages/airflow/example_dags/example_dag_decorator.py
[2024-10-20T19:34:48.133-0300] {processor.py:914} INFO - Processing file /mnt/c/Users/Pato_/OneDrive/Documentos/ITBA/PYTHON_DATA_APP/itba/lib/python3.10/site-packages/airflow/example_dags/example_dag_decorator.py for tasks to queue
[2024-10-20T19:34:48.135-0300] {logging_mixin.py:190} INFO - [2024-10-20T19:34:48.134-0300] {dagbag.py:588} INFO - Filling up the DagBag from /mnt/c/Users/Pato_/OneDrive/Documentos/ITBA/PYTHON_DATA_APP/itba/lib/python3.10/site-packages/airflow/example_dags/example_dag_decorator.py
[2024-10-20T19:34:48.179-0300] {processor.py:925} INFO - DAG(s) 'example_dag_decorator' retrieved from /mnt/c/Users/Pato_/OneDrive/Documentos/ITBA/PYTHON_DATA_APP/itba/lib/python3.10/site-packages/airflow/example_dags/example_dag_decorator.py
[2024-10-20T19:34:48.844-0300] {logging_mixin.py:190} INFO - [2024-10-20T19:34:48.844-0300] {dag.py:3239} INFO - Sync 1 DAGs
[2024-10-20T19:34:48.853-0300] {logging_mixin.py:190} INFO - [2024-10-20T19:34:48.852-0300] {dag.py:4180} INFO - Setting next_dagrun for example_dag_decorator to None, run_after=None
[2024-10-20T19:34:48.883-0300] {processor.py:208} INFO - Processing /mnt/c/Users/Pato_/OneDrive/Documentos/ITBA/PYTHON_DATA_APP/itba/lib/python3.10/site-packages/airflow/example_dags/example_dag_decorator.py took 0.757 seconds
[2024-10-20T19:35:56.711-0300] {processor.py:186} INFO - Started process (PID=319327) to work on /mnt/c/Users/Pato_/OneDrive/Documentos/ITBA/PYTHON_DATA_APP/itba/lib/python3.10/site-packages/airflow/example_dags/example_dag_decorator.py
[2024-10-20T19:35:56.712-0300] {processor.py:914} INFO - Processing file /mnt/c/Users/Pato_/OneDrive/Documentos/ITBA/PYTHON_DATA_APP/itba/lib/python3.10/site-packages/airflow/example_dags/example_dag_decorator.py for tasks to queue
[2024-10-20T19:35:56.714-0300] {logging_mixin.py:190} INFO - [2024-10-20T19:35:56.714-0300] {dagbag.py:588} INFO - Filling up the DagBag from /mnt/c/Users/Pato_/OneDrive/Documentos/ITBA/PYTHON_DATA_APP/itba/lib/python3.10/site-packages/airflow/example_dags/example_dag_decorator.py
[2024-10-20T19:35:56.759-0300] {processor.py:925} INFO - DAG(s) 'example_dag_decorator' retrieved from /mnt/c/Users/Pato_/OneDrive/Documentos/ITBA/PYTHON_DATA_APP/itba/lib/python3.10/site-packages/airflow/example_dags/example_dag_decorator.py
[2024-10-20T19:35:57.436-0300] {logging_mixin.py:190} INFO - [2024-10-20T19:35:57.435-0300] {dag.py:3239} INFO - Sync 1 DAGs
[2024-10-20T19:35:57.445-0300] {logging_mixin.py:190} INFO - [2024-10-20T19:35:57.444-0300] {dag.py:4180} INFO - Setting next_dagrun for example_dag_decorator to None, run_after=None
[2024-10-20T19:35:57.476-0300] {processor.py:208} INFO - Processing /mnt/c/Users/Pato_/OneDrive/Documentos/ITBA/PYTHON_DATA_APP/itba/lib/python3.10/site-packages/airflow/example_dags/example_dag_decorator.py took 0.771 seconds
[2024-10-20T19:37:05.853-0300] {processor.py:186} INFO - Started process (PID=319866) to work on /mnt/c/Users/Pato_/OneDrive/Documentos/ITBA/PYTHON_DATA_APP/itba/lib/python3.10/site-packages/airflow/example_dags/example_dag_decorator.py
[2024-10-20T19:37:05.854-0300] {processor.py:914} INFO - Processing file /mnt/c/Users/Pato_/OneDrive/Documentos/ITBA/PYTHON_DATA_APP/itba/lib/python3.10/site-packages/airflow/example_dags/example_dag_decorator.py for tasks to queue
[2024-10-20T19:37:05.857-0300] {logging_mixin.py:190} INFO - [2024-10-20T19:37:05.856-0300] {dagbag.py:588} INFO - Filling up the DagBag from /mnt/c/Users/Pato_/OneDrive/Documentos/ITBA/PYTHON_DATA_APP/itba/lib/python3.10/site-packages/airflow/example_dags/example_dag_decorator.py
[2024-10-20T19:37:05.901-0300] {processor.py:925} INFO - DAG(s) 'example_dag_decorator' retrieved from /mnt/c/Users/Pato_/OneDrive/Documentos/ITBA/PYTHON_DATA_APP/itba/lib/python3.10/site-packages/airflow/example_dags/example_dag_decorator.py
[2024-10-20T19:37:06.554-0300] {logging_mixin.py:190} INFO - [2024-10-20T19:37:06.554-0300] {dag.py:3239} INFO - Sync 1 DAGs
[2024-10-20T19:37:06.562-0300] {logging_mixin.py:190} INFO - [2024-10-20T19:37:06.562-0300] {dag.py:4180} INFO - Setting next_dagrun for example_dag_decorator to None, run_after=None
[2024-10-20T19:37:06.593-0300] {processor.py:208} INFO - Processing /mnt/c/Users/Pato_/OneDrive/Documentos/ITBA/PYTHON_DATA_APP/itba/lib/python3.10/site-packages/airflow/example_dags/example_dag_decorator.py took 0.747 seconds
[2024-10-20T19:38:12.714-0300] {processor.py:186} INFO - Started process (PID=320388) to work on /mnt/c/Users/Pato_/OneDrive/Documentos/ITBA/PYTHON_DATA_APP/itba/lib/python3.10/site-packages/airflow/example_dags/example_dag_decorator.py
[2024-10-20T19:38:12.715-0300] {processor.py:914} INFO - Processing file /mnt/c/Users/Pato_/OneDrive/Documentos/ITBA/PYTHON_DATA_APP/itba/lib/python3.10/site-packages/airflow/example_dags/example_dag_decorator.py for tasks to queue
[2024-10-20T19:38:12.717-0300] {logging_mixin.py:190} INFO - [2024-10-20T19:38:12.716-0300] {dagbag.py:588} INFO - Filling up the DagBag from /mnt/c/Users/Pato_/OneDrive/Documentos/ITBA/PYTHON_DATA_APP/itba/lib/python3.10/site-packages/airflow/example_dags/example_dag_decorator.py
[2024-10-20T19:38:12.762-0300] {processor.py:925} INFO - DAG(s) 'example_dag_decorator' retrieved from /mnt/c/Users/Pato_/OneDrive/Documentos/ITBA/PYTHON_DATA_APP/itba/lib/python3.10/site-packages/airflow/example_dags/example_dag_decorator.py
[2024-10-20T19:38:13.428-0300] {logging_mixin.py:190} INFO - [2024-10-20T19:38:13.427-0300] {dag.py:3239} INFO - Sync 1 DAGs
[2024-10-20T19:38:13.435-0300] {logging_mixin.py:190} INFO - [2024-10-20T19:38:13.435-0300] {dag.py:4180} INFO - Setting next_dagrun for example_dag_decorator to None, run_after=None
[2024-10-20T19:38:13.465-0300] {processor.py:208} INFO - Processing /mnt/c/Users/Pato_/OneDrive/Documentos/ITBA/PYTHON_DATA_APP/itba/lib/python3.10/site-packages/airflow/example_dags/example_dag_decorator.py took 0.758 seconds
[2024-10-20T19:39:18.255-0300] {processor.py:186} INFO - Started process (PID=320906) to work on /mnt/c/Users/Pato_/OneDrive/Documentos/ITBA/PYTHON_DATA_APP/itba/lib/python3.10/site-packages/airflow/example_dags/example_dag_decorator.py
[2024-10-20T19:39:18.256-0300] {processor.py:914} INFO - Processing file /mnt/c/Users/Pato_/OneDrive/Documentos/ITBA/PYTHON_DATA_APP/itba/lib/python3.10/site-packages/airflow/example_dags/example_dag_decorator.py for tasks to queue
[2024-10-20T19:39:18.258-0300] {logging_mixin.py:190} INFO - [2024-10-20T19:39:18.257-0300] {dagbag.py:588} INFO - Filling up the DagBag from /mnt/c/Users/Pato_/OneDrive/Documentos/ITBA/PYTHON_DATA_APP/itba/lib/python3.10/site-packages/airflow/example_dags/example_dag_decorator.py
[2024-10-20T19:39:18.303-0300] {processor.py:925} INFO - DAG(s) 'example_dag_decorator' retrieved from /mnt/c/Users/Pato_/OneDrive/Documentos/ITBA/PYTHON_DATA_APP/itba/lib/python3.10/site-packages/airflow/example_dags/example_dag_decorator.py
[2024-10-20T19:39:18.972-0300] {logging_mixin.py:190} INFO - [2024-10-20T19:39:18.971-0300] {dag.py:3239} INFO - Sync 1 DAGs
[2024-10-20T19:39:18.980-0300] {logging_mixin.py:190} INFO - [2024-10-20T19:39:18.979-0300] {dag.py:4180} INFO - Setting next_dagrun for example_dag_decorator to None, run_after=None
[2024-10-20T19:39:19.010-0300] {processor.py:208} INFO - Processing /mnt/c/Users/Pato_/OneDrive/Documentos/ITBA/PYTHON_DATA_APP/itba/lib/python3.10/site-packages/airflow/example_dags/example_dag_decorator.py took 0.762 seconds
[2024-10-20T19:40:23.920-0300] {processor.py:186} INFO - Started process (PID=321689) to work on /mnt/c/Users/Pato_/OneDrive/Documentos/ITBA/PYTHON_DATA_APP/itba/lib/python3.10/site-packages/airflow/example_dags/example_dag_decorator.py
[2024-10-20T19:40:23.921-0300] {processor.py:914} INFO - Processing file /mnt/c/Users/Pato_/OneDrive/Documentos/ITBA/PYTHON_DATA_APP/itba/lib/python3.10/site-packages/airflow/example_dags/example_dag_decorator.py for tasks to queue
[2024-10-20T19:40:23.923-0300] {logging_mixin.py:190} INFO - [2024-10-20T19:40:23.922-0300] {dagbag.py:588} INFO - Filling up the DagBag from /mnt/c/Users/Pato_/OneDrive/Documentos/ITBA/PYTHON_DATA_APP/itba/lib/python3.10/site-packages/airflow/example_dags/example_dag_decorator.py
[2024-10-20T19:40:23.967-0300] {processor.py:925} INFO - DAG(s) 'example_dag_decorator' retrieved from /mnt/c/Users/Pato_/OneDrive/Documentos/ITBA/PYTHON_DATA_APP/itba/lib/python3.10/site-packages/airflow/example_dags/example_dag_decorator.py
[2024-10-20T19:40:24.644-0300] {logging_mixin.py:190} INFO - [2024-10-20T19:40:24.643-0300] {dag.py:3239} INFO - Sync 1 DAGs
[2024-10-20T19:40:24.652-0300] {logging_mixin.py:190} INFO - [2024-10-20T19:40:24.651-0300] {dag.py:4180} INFO - Setting next_dagrun for example_dag_decorator to None, run_after=None
[2024-10-20T19:40:24.680-0300] {processor.py:208} INFO - Processing /mnt/c/Users/Pato_/OneDrive/Documentos/ITBA/PYTHON_DATA_APP/itba/lib/python3.10/site-packages/airflow/example_dags/example_dag_decorator.py took 0.767 seconds
[2024-10-20T19:41:31.634-0300] {processor.py:186} INFO - Started process (PID=322329) to work on /mnt/c/Users/Pato_/OneDrive/Documentos/ITBA/PYTHON_DATA_APP/itba/lib/python3.10/site-packages/airflow/example_dags/example_dag_decorator.py
[2024-10-20T19:41:31.635-0300] {processor.py:914} INFO - Processing file /mnt/c/Users/Pato_/OneDrive/Documentos/ITBA/PYTHON_DATA_APP/itba/lib/python3.10/site-packages/airflow/example_dags/example_dag_decorator.py for tasks to queue
[2024-10-20T19:41:31.638-0300] {logging_mixin.py:190} INFO - [2024-10-20T19:41:31.637-0300] {dagbag.py:588} INFO - Filling up the DagBag from /mnt/c/Users/Pato_/OneDrive/Documentos/ITBA/PYTHON_DATA_APP/itba/lib/python3.10/site-packages/airflow/example_dags/example_dag_decorator.py
[2024-10-20T19:41:31.684-0300] {processor.py:925} INFO - DAG(s) 'example_dag_decorator' retrieved from /mnt/c/Users/Pato_/OneDrive/Documentos/ITBA/PYTHON_DATA_APP/itba/lib/python3.10/site-packages/airflow/example_dags/example_dag_decorator.py
[2024-10-20T19:41:32.363-0300] {logging_mixin.py:190} INFO - [2024-10-20T19:41:32.363-0300] {dag.py:3239} INFO - Sync 1 DAGs
[2024-10-20T19:41:32.371-0300] {logging_mixin.py:190} INFO - [2024-10-20T19:41:32.370-0300] {dag.py:4180} INFO - Setting next_dagrun for example_dag_decorator to None, run_after=None
[2024-10-20T19:41:32.402-0300] {processor.py:208} INFO - Processing /mnt/c/Users/Pato_/OneDrive/Documentos/ITBA/PYTHON_DATA_APP/itba/lib/python3.10/site-packages/airflow/example_dags/example_dag_decorator.py took 0.775 seconds
