[2024-10-20T19:00:11.221-0300] {processor.py:186} INFO - Started process (PID=298599) to work on /mnt/c/Users/Pato_/OneDrive/Documentos/ITBA/PYTHON_DATA_APP/itba/lib/python3.10/site-packages/airflow/example_dags/example_xcom.py
[2024-10-20T19:00:11.222-0300] {processor.py:914} INFO - Processing file /mnt/c/Users/Pato_/OneDrive/Documentos/ITBA/PYTHON_DATA_APP/itba/lib/python3.10/site-packages/airflow/example_dags/example_xcom.py for tasks to queue
[2024-10-20T19:00:11.224-0300] {logging_mixin.py:190} INFO - [2024-10-20T19:00:11.223-0300] {dagbag.py:588} INFO - Filling up the DagBag from /mnt/c/Users/Pato_/OneDrive/Documentos/ITBA/PYTHON_DATA_APP/itba/lib/python3.10/site-packages/airflow/example_dags/example_xcom.py
[2024-10-20T19:00:11.285-0300] {processor.py:925} INFO - DAG(s) 'example_xcom' retrieved from /mnt/c/Users/Pato_/OneDrive/Documentos/ITBA/PYTHON_DATA_APP/itba/lib/python3.10/site-packages/airflow/example_dags/example_xcom.py
[2024-10-20T19:00:12.072-0300] {logging_mixin.py:190} INFO - [2024-10-20T19:00:12.071-0300] {override.py:1907} INFO - Created Permission View: can read on DAG:example_xcom
[2024-10-20T19:00:12.116-0300] {logging_mixin.py:190} INFO - [2024-10-20T19:00:12.115-0300] {override.py:1907} INFO - Created Permission View: can delete on DAG:example_xcom
[2024-10-20T19:00:12.172-0300] {logging_mixin.py:190} INFO - [2024-10-20T19:00:12.171-0300] {override.py:1907} INFO - Created Permission View: can edit on DAG:example_xcom
[2024-10-20T19:00:12.208-0300] {logging_mixin.py:190} INFO - [2024-10-20T19:00:12.207-0300] {override.py:1907} INFO - Created Permission View: can read on DAG Run:example_xcom
[2024-10-20T19:00:12.226-0300] {logging_mixin.py:190} INFO - [2024-10-20T19:00:12.225-0300] {override.py:1907} INFO - Created Permission View: can delete on DAG Run:example_xcom
[2024-10-20T19:00:12.243-0300] {logging_mixin.py:190} INFO - [2024-10-20T19:00:12.243-0300] {override.py:1907} INFO - Created Permission View: can create on DAG Run:example_xcom
[2024-10-20T19:00:12.262-0300] {logging_mixin.py:190} INFO - [2024-10-20T19:00:12.261-0300] {override.py:1907} INFO - Created Permission View: menu access on DAG Run:example_xcom
[2024-10-20T19:00:12.263-0300] {logging_mixin.py:190} INFO - [2024-10-20T19:00:12.262-0300] {dag.py:3239} INFO - Sync 1 DAGs
[2024-10-20T19:00:12.273-0300] {logging_mixin.py:190} INFO - [2024-10-20T19:00:12.272-0300] {dag.py:3262} INFO - Creating ORM DAG for example_xcom
[2024-10-20T19:00:12.279-0300] {logging_mixin.py:190} INFO - [2024-10-20T19:00:12.279-0300] {dag.py:4180} INFO - Setting next_dagrun for example_xcom to 2021-01-01 00:00:00+00:00, run_after=2021-01-01 00:00:00+00:00
[2024-10-20T19:00:12.312-0300] {processor.py:208} INFO - Processing /mnt/c/Users/Pato_/OneDrive/Documentos/ITBA/PYTHON_DATA_APP/itba/lib/python3.10/site-packages/airflow/example_dags/example_xcom.py took 1.098 seconds
[2024-10-20T19:02:33.754-0300] {processor.py:186} INFO - Started process (PID=299845) to work on /mnt/c/Users/Pato_/OneDrive/Documentos/ITBA/PYTHON_DATA_APP/itba/lib/python3.10/site-packages/airflow/example_dags/example_xcom.py
[2024-10-20T19:02:33.755-0300] {processor.py:914} INFO - Processing file /mnt/c/Users/Pato_/OneDrive/Documentos/ITBA/PYTHON_DATA_APP/itba/lib/python3.10/site-packages/airflow/example_dags/example_xcom.py for tasks to queue
[2024-10-20T19:02:33.760-0300] {logging_mixin.py:190} INFO - [2024-10-20T19:02:33.757-0300] {dagbag.py:588} INFO - Filling up the DagBag from /mnt/c/Users/Pato_/OneDrive/Documentos/ITBA/PYTHON_DATA_APP/itba/lib/python3.10/site-packages/airflow/example_dags/example_xcom.py
[2024-10-20T19:02:33.806-0300] {processor.py:925} INFO - DAG(s) 'example_xcom' retrieved from /mnt/c/Users/Pato_/OneDrive/Documentos/ITBA/PYTHON_DATA_APP/itba/lib/python3.10/site-packages/airflow/example_dags/example_xcom.py
[2024-10-20T19:02:33.825-0300] {logging_mixin.py:190} INFO - [2024-10-20T19:02:33.824-0300] {dag.py:3239} INFO - Sync 1 DAGs
[2024-10-20T19:02:33.841-0300] {logging_mixin.py:190} INFO - [2024-10-20T19:02:33.841-0300] {dag.py:4180} INFO - Setting next_dagrun for example_xcom to 2021-01-01 00:00:00+00:00, run_after=2021-01-01 00:00:00+00:00
[2024-10-20T19:02:33.874-0300] {processor.py:208} INFO - Processing /mnt/c/Users/Pato_/OneDrive/Documentos/ITBA/PYTHON_DATA_APP/itba/lib/python3.10/site-packages/airflow/example_dags/example_xcom.py took 0.127 seconds
[2024-10-20T19:03:28.315-0300] {processor.py:186} INFO - Started process (PID=300271) to work on /mnt/c/Users/Pato_/OneDrive/Documentos/ITBA/PYTHON_DATA_APP/itba/lib/python3.10/site-packages/airflow/example_dags/example_xcom.py
[2024-10-20T19:03:28.316-0300] {processor.py:914} INFO - Processing file /mnt/c/Users/Pato_/OneDrive/Documentos/ITBA/PYTHON_DATA_APP/itba/lib/python3.10/site-packages/airflow/example_dags/example_xcom.py for tasks to queue
[2024-10-20T19:03:28.319-0300] {logging_mixin.py:190} INFO - [2024-10-20T19:03:28.318-0300] {dagbag.py:588} INFO - Filling up the DagBag from /mnt/c/Users/Pato_/OneDrive/Documentos/ITBA/PYTHON_DATA_APP/itba/lib/python3.10/site-packages/airflow/example_dags/example_xcom.py
[2024-10-20T19:03:28.365-0300] {processor.py:925} INFO - DAG(s) 'example_xcom' retrieved from /mnt/c/Users/Pato_/OneDrive/Documentos/ITBA/PYTHON_DATA_APP/itba/lib/python3.10/site-packages/airflow/example_dags/example_xcom.py
[2024-10-20T19:03:28.381-0300] {logging_mixin.py:190} INFO - [2024-10-20T19:03:28.381-0300] {dag.py:3239} INFO - Sync 1 DAGs
[2024-10-20T19:03:28.397-0300] {logging_mixin.py:190} INFO - [2024-10-20T19:03:28.396-0300] {dag.py:4180} INFO - Setting next_dagrun for example_xcom to 2021-01-01 00:00:00+00:00, run_after=2021-01-01 00:00:00+00:00
[2024-10-20T19:03:28.430-0300] {processor.py:208} INFO - Processing /mnt/c/Users/Pato_/OneDrive/Documentos/ITBA/PYTHON_DATA_APP/itba/lib/python3.10/site-packages/airflow/example_dags/example_xcom.py took 0.123 seconds
[2024-10-20T19:04:38.458-0300] {processor.py:186} INFO - Started process (PID=300982) to work on /mnt/c/Users/Pato_/OneDrive/Documentos/ITBA/PYTHON_DATA_APP/itba/lib/python3.10/site-packages/airflow/example_dags/example_xcom.py
[2024-10-20T19:04:38.459-0300] {processor.py:914} INFO - Processing file /mnt/c/Users/Pato_/OneDrive/Documentos/ITBA/PYTHON_DATA_APP/itba/lib/python3.10/site-packages/airflow/example_dags/example_xcom.py for tasks to queue
[2024-10-20T19:04:38.461-0300] {logging_mixin.py:190} INFO - [2024-10-20T19:04:38.460-0300] {dagbag.py:588} INFO - Filling up the DagBag from /mnt/c/Users/Pato_/OneDrive/Documentos/ITBA/PYTHON_DATA_APP/itba/lib/python3.10/site-packages/airflow/example_dags/example_xcom.py
[2024-10-20T19:04:38.503-0300] {processor.py:925} INFO - DAG(s) 'example_xcom' retrieved from /mnt/c/Users/Pato_/OneDrive/Documentos/ITBA/PYTHON_DATA_APP/itba/lib/python3.10/site-packages/airflow/example_dags/example_xcom.py
[2024-10-20T19:04:38.519-0300] {logging_mixin.py:190} INFO - [2024-10-20T19:04:38.519-0300] {dag.py:3239} INFO - Sync 1 DAGs
[2024-10-20T19:04:38.536-0300] {logging_mixin.py:190} INFO - [2024-10-20T19:04:38.535-0300] {dag.py:4180} INFO - Setting next_dagrun for example_xcom to 2021-01-01 00:00:00+00:00, run_after=2021-01-01 00:00:00+00:00
[2024-10-20T19:04:38.570-0300] {processor.py:208} INFO - Processing /mnt/c/Users/Pato_/OneDrive/Documentos/ITBA/PYTHON_DATA_APP/itba/lib/python3.10/site-packages/airflow/example_dags/example_xcom.py took 0.119 seconds
[2024-10-20T19:05:46.577-0300] {processor.py:186} INFO - Started process (PID=301601) to work on /mnt/c/Users/Pato_/OneDrive/Documentos/ITBA/PYTHON_DATA_APP/itba/lib/python3.10/site-packages/airflow/example_dags/example_xcom.py
[2024-10-20T19:05:46.578-0300] {processor.py:914} INFO - Processing file /mnt/c/Users/Pato_/OneDrive/Documentos/ITBA/PYTHON_DATA_APP/itba/lib/python3.10/site-packages/airflow/example_dags/example_xcom.py for tasks to queue
[2024-10-20T19:05:46.581-0300] {logging_mixin.py:190} INFO - [2024-10-20T19:05:46.580-0300] {dagbag.py:588} INFO - Filling up the DagBag from /mnt/c/Users/Pato_/OneDrive/Documentos/ITBA/PYTHON_DATA_APP/itba/lib/python3.10/site-packages/airflow/example_dags/example_xcom.py
[2024-10-20T19:05:46.622-0300] {processor.py:925} INFO - DAG(s) 'example_xcom' retrieved from /mnt/c/Users/Pato_/OneDrive/Documentos/ITBA/PYTHON_DATA_APP/itba/lib/python3.10/site-packages/airflow/example_dags/example_xcom.py
[2024-10-20T19:05:46.639-0300] {logging_mixin.py:190} INFO - [2024-10-20T19:05:46.638-0300] {dag.py:3239} INFO - Sync 1 DAGs
[2024-10-20T19:05:46.653-0300] {logging_mixin.py:190} INFO - [2024-10-20T19:05:46.653-0300] {dag.py:4180} INFO - Setting next_dagrun for example_xcom to 2021-01-01 00:00:00+00:00, run_after=2021-01-01 00:00:00+00:00
[2024-10-20T19:05:46.683-0300] {processor.py:208} INFO - Processing /mnt/c/Users/Pato_/OneDrive/Documentos/ITBA/PYTHON_DATA_APP/itba/lib/python3.10/site-packages/airflow/example_dags/example_xcom.py took 0.112 seconds
[2024-10-20T19:07:51.490-0300] {processor.py:186} INFO - Started process (PID=303505) to work on /mnt/c/Users/Pato_/OneDrive/Documentos/ITBA/PYTHON_DATA_APP/itba/lib/python3.10/site-packages/airflow/example_dags/example_xcom.py
[2024-10-20T19:07:51.491-0300] {processor.py:914} INFO - Processing file /mnt/c/Users/Pato_/OneDrive/Documentos/ITBA/PYTHON_DATA_APP/itba/lib/python3.10/site-packages/airflow/example_dags/example_xcom.py for tasks to queue
[2024-10-20T19:07:51.494-0300] {logging_mixin.py:190} INFO - [2024-10-20T19:07:51.493-0300] {dagbag.py:588} INFO - Filling up the DagBag from /mnt/c/Users/Pato_/OneDrive/Documentos/ITBA/PYTHON_DATA_APP/itba/lib/python3.10/site-packages/airflow/example_dags/example_xcom.py
[2024-10-20T19:07:51.534-0300] {processor.py:925} INFO - DAG(s) 'example_xcom' retrieved from /mnt/c/Users/Pato_/OneDrive/Documentos/ITBA/PYTHON_DATA_APP/itba/lib/python3.10/site-packages/airflow/example_dags/example_xcom.py
[2024-10-20T19:07:51.550-0300] {logging_mixin.py:190} INFO - [2024-10-20T19:07:51.550-0300] {dag.py:3239} INFO - Sync 1 DAGs
[2024-10-20T19:07:51.564-0300] {logging_mixin.py:190} INFO - [2024-10-20T19:07:51.564-0300] {dag.py:4180} INFO - Setting next_dagrun for example_xcom to 2021-01-01 00:00:00+00:00, run_after=2021-01-01 00:00:00+00:00
[2024-10-20T19:07:51.595-0300] {processor.py:208} INFO - Processing /mnt/c/Users/Pato_/OneDrive/Documentos/ITBA/PYTHON_DATA_APP/itba/lib/python3.10/site-packages/airflow/example_dags/example_xcom.py took 0.112 seconds
[2024-10-20T19:08:42.990-0300] {processor.py:186} INFO - Started process (PID=303905) to work on /mnt/c/Users/Pato_/OneDrive/Documentos/ITBA/PYTHON_DATA_APP/itba/lib/python3.10/site-packages/airflow/example_dags/example_xcom.py
[2024-10-20T19:08:42.991-0300] {processor.py:914} INFO - Processing file /mnt/c/Users/Pato_/OneDrive/Documentos/ITBA/PYTHON_DATA_APP/itba/lib/python3.10/site-packages/airflow/example_dags/example_xcom.py for tasks to queue
[2024-10-20T19:08:42.993-0300] {logging_mixin.py:190} INFO - [2024-10-20T19:08:42.993-0300] {dagbag.py:588} INFO - Filling up the DagBag from /mnt/c/Users/Pato_/OneDrive/Documentos/ITBA/PYTHON_DATA_APP/itba/lib/python3.10/site-packages/airflow/example_dags/example_xcom.py
[2024-10-20T19:08:43.033-0300] {processor.py:925} INFO - DAG(s) 'example_xcom' retrieved from /mnt/c/Users/Pato_/OneDrive/Documentos/ITBA/PYTHON_DATA_APP/itba/lib/python3.10/site-packages/airflow/example_dags/example_xcom.py
[2024-10-20T19:08:43.049-0300] {logging_mixin.py:190} INFO - [2024-10-20T19:08:43.048-0300] {dag.py:3239} INFO - Sync 1 DAGs
[2024-10-20T19:08:43.063-0300] {logging_mixin.py:190} INFO - [2024-10-20T19:08:43.063-0300] {dag.py:4180} INFO - Setting next_dagrun for example_xcom to 2021-01-01 00:00:00+00:00, run_after=2021-01-01 00:00:00+00:00
[2024-10-20T19:08:43.091-0300] {processor.py:208} INFO - Processing /mnt/c/Users/Pato_/OneDrive/Documentos/ITBA/PYTHON_DATA_APP/itba/lib/python3.10/site-packages/airflow/example_dags/example_xcom.py took 0.108 seconds
[2024-10-20T19:09:46.803-0300] {processor.py:186} INFO - Started process (PID=304471) to work on /mnt/c/Users/Pato_/OneDrive/Documentos/ITBA/PYTHON_DATA_APP/itba/lib/python3.10/site-packages/airflow/example_dags/example_xcom.py
[2024-10-20T19:09:46.804-0300] {processor.py:914} INFO - Processing file /mnt/c/Users/Pato_/OneDrive/Documentos/ITBA/PYTHON_DATA_APP/itba/lib/python3.10/site-packages/airflow/example_dags/example_xcom.py for tasks to queue
[2024-10-20T19:09:46.807-0300] {logging_mixin.py:190} INFO - [2024-10-20T19:09:46.806-0300] {dagbag.py:588} INFO - Filling up the DagBag from /mnt/c/Users/Pato_/OneDrive/Documentos/ITBA/PYTHON_DATA_APP/itba/lib/python3.10/site-packages/airflow/example_dags/example_xcom.py
[2024-10-20T19:09:46.846-0300] {processor.py:925} INFO - DAG(s) 'example_xcom' retrieved from /mnt/c/Users/Pato_/OneDrive/Documentos/ITBA/PYTHON_DATA_APP/itba/lib/python3.10/site-packages/airflow/example_dags/example_xcom.py
[2024-10-20T19:09:46.862-0300] {logging_mixin.py:190} INFO - [2024-10-20T19:09:46.861-0300] {dag.py:3239} INFO - Sync 1 DAGs
[2024-10-20T19:09:46.876-0300] {logging_mixin.py:190} INFO - [2024-10-20T19:09:46.875-0300] {dag.py:4180} INFO - Setting next_dagrun for example_xcom to 2021-01-01 00:00:00+00:00, run_after=2021-01-01 00:00:00+00:00
[2024-10-20T19:09:46.905-0300] {processor.py:208} INFO - Processing /mnt/c/Users/Pato_/OneDrive/Documentos/ITBA/PYTHON_DATA_APP/itba/lib/python3.10/site-packages/airflow/example_dags/example_xcom.py took 0.108 seconds
[2024-10-20T19:10:54.151-0300] {processor.py:186} INFO - Started process (PID=305024) to work on /mnt/c/Users/Pato_/OneDrive/Documentos/ITBA/PYTHON_DATA_APP/itba/lib/python3.10/site-packages/airflow/example_dags/example_xcom.py
[2024-10-20T19:10:54.152-0300] {processor.py:914} INFO - Processing file /mnt/c/Users/Pato_/OneDrive/Documentos/ITBA/PYTHON_DATA_APP/itba/lib/python3.10/site-packages/airflow/example_dags/example_xcom.py for tasks to queue
[2024-10-20T19:10:54.154-0300] {logging_mixin.py:190} INFO - [2024-10-20T19:10:54.153-0300] {dagbag.py:588} INFO - Filling up the DagBag from /mnt/c/Users/Pato_/OneDrive/Documentos/ITBA/PYTHON_DATA_APP/itba/lib/python3.10/site-packages/airflow/example_dags/example_xcom.py
[2024-10-20T19:10:54.195-0300] {processor.py:925} INFO - DAG(s) 'example_xcom' retrieved from /mnt/c/Users/Pato_/OneDrive/Documentos/ITBA/PYTHON_DATA_APP/itba/lib/python3.10/site-packages/airflow/example_dags/example_xcom.py
[2024-10-20T19:10:54.210-0300] {logging_mixin.py:190} INFO - [2024-10-20T19:10:54.209-0300] {dag.py:3239} INFO - Sync 1 DAGs
[2024-10-20T19:10:54.223-0300] {logging_mixin.py:190} INFO - [2024-10-20T19:10:54.223-0300] {dag.py:4180} INFO - Setting next_dagrun for example_xcom to 2021-01-01 00:00:00+00:00, run_after=2021-01-01 00:00:00+00:00
[2024-10-20T19:10:54.252-0300] {processor.py:208} INFO - Processing /mnt/c/Users/Pato_/OneDrive/Documentos/ITBA/PYTHON_DATA_APP/itba/lib/python3.10/site-packages/airflow/example_dags/example_xcom.py took 0.108 seconds
[2024-10-20T19:12:02.740-0300] {processor.py:186} INFO - Started process (PID=305561) to work on /mnt/c/Users/Pato_/OneDrive/Documentos/ITBA/PYTHON_DATA_APP/itba/lib/python3.10/site-packages/airflow/example_dags/example_xcom.py
[2024-10-20T19:12:02.741-0300] {processor.py:914} INFO - Processing file /mnt/c/Users/Pato_/OneDrive/Documentos/ITBA/PYTHON_DATA_APP/itba/lib/python3.10/site-packages/airflow/example_dags/example_xcom.py for tasks to queue
[2024-10-20T19:12:02.743-0300] {logging_mixin.py:190} INFO - [2024-10-20T19:12:02.743-0300] {dagbag.py:588} INFO - Filling up the DagBag from /mnt/c/Users/Pato_/OneDrive/Documentos/ITBA/PYTHON_DATA_APP/itba/lib/python3.10/site-packages/airflow/example_dags/example_xcom.py
[2024-10-20T19:12:02.782-0300] {processor.py:925} INFO - DAG(s) 'example_xcom' retrieved from /mnt/c/Users/Pato_/OneDrive/Documentos/ITBA/PYTHON_DATA_APP/itba/lib/python3.10/site-packages/airflow/example_dags/example_xcom.py
[2024-10-20T19:12:02.797-0300] {logging_mixin.py:190} INFO - [2024-10-20T19:12:02.796-0300] {dag.py:3239} INFO - Sync 1 DAGs
[2024-10-20T19:12:02.810-0300] {logging_mixin.py:190} INFO - [2024-10-20T19:12:02.810-0300] {dag.py:4180} INFO - Setting next_dagrun for example_xcom to 2021-01-01 00:00:00+00:00, run_after=2021-01-01 00:00:00+00:00
[2024-10-20T19:12:02.840-0300] {processor.py:208} INFO - Processing /mnt/c/Users/Pato_/OneDrive/Documentos/ITBA/PYTHON_DATA_APP/itba/lib/python3.10/site-packages/airflow/example_dags/example_xcom.py took 0.107 seconds
[2024-10-20T19:13:09.001-0300] {processor.py:186} INFO - Started process (PID=306075) to work on /mnt/c/Users/Pato_/OneDrive/Documentos/ITBA/PYTHON_DATA_APP/itba/lib/python3.10/site-packages/airflow/example_dags/example_xcom.py
[2024-10-20T19:13:09.002-0300] {processor.py:914} INFO - Processing file /mnt/c/Users/Pato_/OneDrive/Documentos/ITBA/PYTHON_DATA_APP/itba/lib/python3.10/site-packages/airflow/example_dags/example_xcom.py for tasks to queue
[2024-10-20T19:13:09.004-0300] {logging_mixin.py:190} INFO - [2024-10-20T19:13:09.004-0300] {dagbag.py:588} INFO - Filling up the DagBag from /mnt/c/Users/Pato_/OneDrive/Documentos/ITBA/PYTHON_DATA_APP/itba/lib/python3.10/site-packages/airflow/example_dags/example_xcom.py
[2024-10-20T19:13:09.045-0300] {processor.py:925} INFO - DAG(s) 'example_xcom' retrieved from /mnt/c/Users/Pato_/OneDrive/Documentos/ITBA/PYTHON_DATA_APP/itba/lib/python3.10/site-packages/airflow/example_dags/example_xcom.py
[2024-10-20T19:13:09.060-0300] {logging_mixin.py:190} INFO - [2024-10-20T19:13:09.060-0300] {dag.py:3239} INFO - Sync 1 DAGs
[2024-10-20T19:13:09.074-0300] {logging_mixin.py:190} INFO - [2024-10-20T19:13:09.073-0300] {dag.py:4180} INFO - Setting next_dagrun for example_xcom to 2021-01-01 00:00:00+00:00, run_after=2021-01-01 00:00:00+00:00
[2024-10-20T19:13:09.102-0300] {processor.py:208} INFO - Processing /mnt/c/Users/Pato_/OneDrive/Documentos/ITBA/PYTHON_DATA_APP/itba/lib/python3.10/site-packages/airflow/example_dags/example_xcom.py took 0.108 seconds
[2024-10-20T19:14:13.423-0300] {processor.py:186} INFO - Started process (PID=306580) to work on /mnt/c/Users/Pato_/OneDrive/Documentos/ITBA/PYTHON_DATA_APP/itba/lib/python3.10/site-packages/airflow/example_dags/example_xcom.py
[2024-10-20T19:14:13.424-0300] {processor.py:914} INFO - Processing file /mnt/c/Users/Pato_/OneDrive/Documentos/ITBA/PYTHON_DATA_APP/itba/lib/python3.10/site-packages/airflow/example_dags/example_xcom.py for tasks to queue
[2024-10-20T19:14:13.425-0300] {logging_mixin.py:190} INFO - [2024-10-20T19:14:13.425-0300] {dagbag.py:588} INFO - Filling up the DagBag from /mnt/c/Users/Pato_/OneDrive/Documentos/ITBA/PYTHON_DATA_APP/itba/lib/python3.10/site-packages/airflow/example_dags/example_xcom.py
[2024-10-20T19:14:13.466-0300] {processor.py:925} INFO - DAG(s) 'example_xcom' retrieved from /mnt/c/Users/Pato_/OneDrive/Documentos/ITBA/PYTHON_DATA_APP/itba/lib/python3.10/site-packages/airflow/example_dags/example_xcom.py
[2024-10-20T19:14:13.481-0300] {logging_mixin.py:190} INFO - [2024-10-20T19:14:13.480-0300] {dag.py:3239} INFO - Sync 1 DAGs
[2024-10-20T19:14:13.495-0300] {logging_mixin.py:190} INFO - [2024-10-20T19:14:13.494-0300] {dag.py:4180} INFO - Setting next_dagrun for example_xcom to 2021-01-01 00:00:00+00:00, run_after=2021-01-01 00:00:00+00:00
[2024-10-20T19:14:13.523-0300] {processor.py:208} INFO - Processing /mnt/c/Users/Pato_/OneDrive/Documentos/ITBA/PYTHON_DATA_APP/itba/lib/python3.10/site-packages/airflow/example_dags/example_xcom.py took 0.107 seconds
[2024-10-20T19:15:24.604-0300] {processor.py:186} INFO - Started process (PID=307162) to work on /mnt/c/Users/Pato_/OneDrive/Documentos/ITBA/PYTHON_DATA_APP/itba/lib/python3.10/site-packages/airflow/example_dags/example_xcom.py
[2024-10-20T19:15:24.606-0300] {processor.py:914} INFO - Processing file /mnt/c/Users/Pato_/OneDrive/Documentos/ITBA/PYTHON_DATA_APP/itba/lib/python3.10/site-packages/airflow/example_dags/example_xcom.py for tasks to queue
[2024-10-20T19:15:24.608-0300] {logging_mixin.py:190} INFO - [2024-10-20T19:15:24.607-0300] {dagbag.py:588} INFO - Filling up the DagBag from /mnt/c/Users/Pato_/OneDrive/Documentos/ITBA/PYTHON_DATA_APP/itba/lib/python3.10/site-packages/airflow/example_dags/example_xcom.py
[2024-10-20T19:15:24.647-0300] {processor.py:925} INFO - DAG(s) 'example_xcom' retrieved from /mnt/c/Users/Pato_/OneDrive/Documentos/ITBA/PYTHON_DATA_APP/itba/lib/python3.10/site-packages/airflow/example_dags/example_xcom.py
[2024-10-20T19:15:24.662-0300] {logging_mixin.py:190} INFO - [2024-10-20T19:15:24.661-0300] {dag.py:3239} INFO - Sync 1 DAGs
[2024-10-20T19:15:24.675-0300] {logging_mixin.py:190} INFO - [2024-10-20T19:15:24.675-0300] {dag.py:4180} INFO - Setting next_dagrun for example_xcom to 2021-01-01 00:00:00+00:00, run_after=2021-01-01 00:00:00+00:00
[2024-10-20T19:15:24.703-0300] {processor.py:208} INFO - Processing /mnt/c/Users/Pato_/OneDrive/Documentos/ITBA/PYTHON_DATA_APP/itba/lib/python3.10/site-packages/airflow/example_dags/example_xcom.py took 0.105 seconds
[2024-10-20T19:16:32.701-0300] {processor.py:186} INFO - Started process (PID=307696) to work on /mnt/c/Users/Pato_/OneDrive/Documentos/ITBA/PYTHON_DATA_APP/itba/lib/python3.10/site-packages/airflow/example_dags/example_xcom.py
[2024-10-20T19:16:32.702-0300] {processor.py:914} INFO - Processing file /mnt/c/Users/Pato_/OneDrive/Documentos/ITBA/PYTHON_DATA_APP/itba/lib/python3.10/site-packages/airflow/example_dags/example_xcom.py for tasks to queue
[2024-10-20T19:16:32.704-0300] {logging_mixin.py:190} INFO - [2024-10-20T19:16:32.704-0300] {dagbag.py:588} INFO - Filling up the DagBag from /mnt/c/Users/Pato_/OneDrive/Documentos/ITBA/PYTHON_DATA_APP/itba/lib/python3.10/site-packages/airflow/example_dags/example_xcom.py
[2024-10-20T19:16:32.745-0300] {processor.py:925} INFO - DAG(s) 'example_xcom' retrieved from /mnt/c/Users/Pato_/OneDrive/Documentos/ITBA/PYTHON_DATA_APP/itba/lib/python3.10/site-packages/airflow/example_dags/example_xcom.py
[2024-10-20T19:16:32.760-0300] {logging_mixin.py:190} INFO - [2024-10-20T19:16:32.759-0300] {dag.py:3239} INFO - Sync 1 DAGs
[2024-10-20T19:16:32.774-0300] {logging_mixin.py:190} INFO - [2024-10-20T19:16:32.773-0300] {dag.py:4180} INFO - Setting next_dagrun for example_xcom to 2021-01-01 00:00:00+00:00, run_after=2021-01-01 00:00:00+00:00
[2024-10-20T19:16:32.803-0300] {processor.py:208} INFO - Processing /mnt/c/Users/Pato_/OneDrive/Documentos/ITBA/PYTHON_DATA_APP/itba/lib/python3.10/site-packages/airflow/example_dags/example_xcom.py took 0.109 seconds
[2024-10-20T19:17:46.119-0300] {processor.py:186} INFO - Started process (PID=308267) to work on /mnt/c/Users/Pato_/OneDrive/Documentos/ITBA/PYTHON_DATA_APP/itba/lib/python3.10/site-packages/airflow/example_dags/example_xcom.py
[2024-10-20T19:17:46.120-0300] {processor.py:914} INFO - Processing file /mnt/c/Users/Pato_/OneDrive/Documentos/ITBA/PYTHON_DATA_APP/itba/lib/python3.10/site-packages/airflow/example_dags/example_xcom.py for tasks to queue
[2024-10-20T19:17:46.122-0300] {logging_mixin.py:190} INFO - [2024-10-20T19:17:46.122-0300] {dagbag.py:588} INFO - Filling up the DagBag from /mnt/c/Users/Pato_/OneDrive/Documentos/ITBA/PYTHON_DATA_APP/itba/lib/python3.10/site-packages/airflow/example_dags/example_xcom.py
[2024-10-20T19:17:46.164-0300] {processor.py:925} INFO - DAG(s) 'example_xcom' retrieved from /mnt/c/Users/Pato_/OneDrive/Documentos/ITBA/PYTHON_DATA_APP/itba/lib/python3.10/site-packages/airflow/example_dags/example_xcom.py
[2024-10-20T19:17:46.179-0300] {logging_mixin.py:190} INFO - [2024-10-20T19:17:46.179-0300] {dag.py:3239} INFO - Sync 1 DAGs
[2024-10-20T19:17:46.194-0300] {logging_mixin.py:190} INFO - [2024-10-20T19:17:46.193-0300] {dag.py:4180} INFO - Setting next_dagrun for example_xcom to 2021-01-01 00:00:00+00:00, run_after=2021-01-01 00:00:00+00:00
[2024-10-20T19:17:46.223-0300] {processor.py:208} INFO - Processing /mnt/c/Users/Pato_/OneDrive/Documentos/ITBA/PYTHON_DATA_APP/itba/lib/python3.10/site-packages/airflow/example_dags/example_xcom.py took 0.111 seconds
[2024-10-20T19:18:55.183-0300] {processor.py:186} INFO - Started process (PID=308806) to work on /mnt/c/Users/Pato_/OneDrive/Documentos/ITBA/PYTHON_DATA_APP/itba/lib/python3.10/site-packages/airflow/example_dags/example_xcom.py
[2024-10-20T19:18:55.184-0300] {processor.py:914} INFO - Processing file /mnt/c/Users/Pato_/OneDrive/Documentos/ITBA/PYTHON_DATA_APP/itba/lib/python3.10/site-packages/airflow/example_dags/example_xcom.py for tasks to queue
[2024-10-20T19:18:55.186-0300] {logging_mixin.py:190} INFO - [2024-10-20T19:18:55.185-0300] {dagbag.py:588} INFO - Filling up the DagBag from /mnt/c/Users/Pato_/OneDrive/Documentos/ITBA/PYTHON_DATA_APP/itba/lib/python3.10/site-packages/airflow/example_dags/example_xcom.py
[2024-10-20T19:18:55.226-0300] {processor.py:925} INFO - DAG(s) 'example_xcom' retrieved from /mnt/c/Users/Pato_/OneDrive/Documentos/ITBA/PYTHON_DATA_APP/itba/lib/python3.10/site-packages/airflow/example_dags/example_xcom.py
[2024-10-20T19:18:55.241-0300] {logging_mixin.py:190} INFO - [2024-10-20T19:18:55.240-0300] {dag.py:3239} INFO - Sync 1 DAGs
[2024-10-20T19:18:55.254-0300] {logging_mixin.py:190} INFO - [2024-10-20T19:18:55.254-0300] {dag.py:4180} INFO - Setting next_dagrun for example_xcom to 2021-01-01 00:00:00+00:00, run_after=2021-01-01 00:00:00+00:00
[2024-10-20T19:18:55.284-0300] {processor.py:208} INFO - Processing /mnt/c/Users/Pato_/OneDrive/Documentos/ITBA/PYTHON_DATA_APP/itba/lib/python3.10/site-packages/airflow/example_dags/example_xcom.py took 0.108 seconds
[2024-10-20T19:20:07.279-0300] {processor.py:186} INFO - Started process (PID=309393) to work on /mnt/c/Users/Pato_/OneDrive/Documentos/ITBA/PYTHON_DATA_APP/itba/lib/python3.10/site-packages/airflow/example_dags/example_xcom.py
[2024-10-20T19:20:07.280-0300] {processor.py:914} INFO - Processing file /mnt/c/Users/Pato_/OneDrive/Documentos/ITBA/PYTHON_DATA_APP/itba/lib/python3.10/site-packages/airflow/example_dags/example_xcom.py for tasks to queue
[2024-10-20T19:20:07.282-0300] {logging_mixin.py:190} INFO - [2024-10-20T19:20:07.281-0300] {dagbag.py:588} INFO - Filling up the DagBag from /mnt/c/Users/Pato_/OneDrive/Documentos/ITBA/PYTHON_DATA_APP/itba/lib/python3.10/site-packages/airflow/example_dags/example_xcom.py
[2024-10-20T19:20:07.321-0300] {processor.py:925} INFO - DAG(s) 'example_xcom' retrieved from /mnt/c/Users/Pato_/OneDrive/Documentos/ITBA/PYTHON_DATA_APP/itba/lib/python3.10/site-packages/airflow/example_dags/example_xcom.py
[2024-10-20T19:20:07.336-0300] {logging_mixin.py:190} INFO - [2024-10-20T19:20:07.335-0300] {dag.py:3239} INFO - Sync 1 DAGs
[2024-10-20T19:20:07.349-0300] {logging_mixin.py:190} INFO - [2024-10-20T19:20:07.349-0300] {dag.py:4180} INFO - Setting next_dagrun for example_xcom to 2021-01-01 00:00:00+00:00, run_after=2021-01-01 00:00:00+00:00
[2024-10-20T19:20:07.378-0300] {processor.py:208} INFO - Processing /mnt/c/Users/Pato_/OneDrive/Documentos/ITBA/PYTHON_DATA_APP/itba/lib/python3.10/site-packages/airflow/example_dags/example_xcom.py took 0.106 seconds
[2024-10-20T19:21:17.792-0300] {processor.py:186} INFO - Started process (PID=310009) to work on /mnt/c/Users/Pato_/OneDrive/Documentos/ITBA/PYTHON_DATA_APP/itba/lib/python3.10/site-packages/airflow/example_dags/example_xcom.py
[2024-10-20T19:21:17.793-0300] {processor.py:914} INFO - Processing file /mnt/c/Users/Pato_/OneDrive/Documentos/ITBA/PYTHON_DATA_APP/itba/lib/python3.10/site-packages/airflow/example_dags/example_xcom.py for tasks to queue
[2024-10-20T19:21:17.795-0300] {logging_mixin.py:190} INFO - [2024-10-20T19:21:17.794-0300] {dagbag.py:588} INFO - Filling up the DagBag from /mnt/c/Users/Pato_/OneDrive/Documentos/ITBA/PYTHON_DATA_APP/itba/lib/python3.10/site-packages/airflow/example_dags/example_xcom.py
[2024-10-20T19:21:17.835-0300] {processor.py:925} INFO - DAG(s) 'example_xcom' retrieved from /mnt/c/Users/Pato_/OneDrive/Documentos/ITBA/PYTHON_DATA_APP/itba/lib/python3.10/site-packages/airflow/example_dags/example_xcom.py
[2024-10-20T19:21:17.850-0300] {logging_mixin.py:190} INFO - [2024-10-20T19:21:17.849-0300] {dag.py:3239} INFO - Sync 1 DAGs
[2024-10-20T19:21:17.863-0300] {logging_mixin.py:190} INFO - [2024-10-20T19:21:17.863-0300] {dag.py:4180} INFO - Setting next_dagrun for example_xcom to 2021-01-01 00:00:00+00:00, run_after=2021-01-01 00:00:00+00:00
[2024-10-20T19:21:17.892-0300] {processor.py:208} INFO - Processing /mnt/c/Users/Pato_/OneDrive/Documentos/ITBA/PYTHON_DATA_APP/itba/lib/python3.10/site-packages/airflow/example_dags/example_xcom.py took 0.107 seconds
[2024-10-20T19:22:24.476-0300] {processor.py:186} INFO - Started process (PID=310622) to work on /mnt/c/Users/Pato_/OneDrive/Documentos/ITBA/PYTHON_DATA_APP/itba/lib/python3.10/site-packages/airflow/example_dags/example_xcom.py
[2024-10-20T19:22:24.477-0300] {processor.py:914} INFO - Processing file /mnt/c/Users/Pato_/OneDrive/Documentos/ITBA/PYTHON_DATA_APP/itba/lib/python3.10/site-packages/airflow/example_dags/example_xcom.py for tasks to queue
[2024-10-20T19:22:24.479-0300] {logging_mixin.py:190} INFO - [2024-10-20T19:22:24.478-0300] {dagbag.py:588} INFO - Filling up the DagBag from /mnt/c/Users/Pato_/OneDrive/Documentos/ITBA/PYTHON_DATA_APP/itba/lib/python3.10/site-packages/airflow/example_dags/example_xcom.py
[2024-10-20T19:22:24.519-0300] {processor.py:925} INFO - DAG(s) 'example_xcom' retrieved from /mnt/c/Users/Pato_/OneDrive/Documentos/ITBA/PYTHON_DATA_APP/itba/lib/python3.10/site-packages/airflow/example_dags/example_xcom.py
[2024-10-20T19:22:24.534-0300] {logging_mixin.py:190} INFO - [2024-10-20T19:22:24.534-0300] {dag.py:3239} INFO - Sync 1 DAGs
[2024-10-20T19:22:24.548-0300] {logging_mixin.py:190} INFO - [2024-10-20T19:22:24.547-0300] {dag.py:4180} INFO - Setting next_dagrun for example_xcom to 2021-01-01 00:00:00+00:00, run_after=2021-01-01 00:00:00+00:00
[2024-10-20T19:22:24.577-0300] {processor.py:208} INFO - Processing /mnt/c/Users/Pato_/OneDrive/Documentos/ITBA/PYTHON_DATA_APP/itba/lib/python3.10/site-packages/airflow/example_dags/example_xcom.py took 0.108 seconds
[2024-10-20T19:23:26.374-0300] {processor.py:186} INFO - Started process (PID=311182) to work on /mnt/c/Users/Pato_/OneDrive/Documentos/ITBA/PYTHON_DATA_APP/itba/lib/python3.10/site-packages/airflow/example_dags/example_xcom.py
[2024-10-20T19:23:26.375-0300] {processor.py:914} INFO - Processing file /mnt/c/Users/Pato_/OneDrive/Documentos/ITBA/PYTHON_DATA_APP/itba/lib/python3.10/site-packages/airflow/example_dags/example_xcom.py for tasks to queue
[2024-10-20T19:23:26.378-0300] {logging_mixin.py:190} INFO - [2024-10-20T19:23:26.377-0300] {dagbag.py:588} INFO - Filling up the DagBag from /mnt/c/Users/Pato_/OneDrive/Documentos/ITBA/PYTHON_DATA_APP/itba/lib/python3.10/site-packages/airflow/example_dags/example_xcom.py
[2024-10-20T19:23:26.424-0300] {processor.py:925} INFO - DAG(s) 'example_xcom' retrieved from /mnt/c/Users/Pato_/OneDrive/Documentos/ITBA/PYTHON_DATA_APP/itba/lib/python3.10/site-packages/airflow/example_dags/example_xcom.py
[2024-10-20T19:23:26.441-0300] {logging_mixin.py:190} INFO - [2024-10-20T19:23:26.440-0300] {dag.py:3239} INFO - Sync 1 DAGs
[2024-10-20T19:23:26.455-0300] {logging_mixin.py:190} INFO - [2024-10-20T19:23:26.455-0300] {dag.py:4180} INFO - Setting next_dagrun for example_xcom to 2021-01-01 00:00:00+00:00, run_after=2021-01-01 00:00:00+00:00
[2024-10-20T19:23:26.486-0300] {processor.py:208} INFO - Processing /mnt/c/Users/Pato_/OneDrive/Documentos/ITBA/PYTHON_DATA_APP/itba/lib/python3.10/site-packages/airflow/example_dags/example_xcom.py took 0.120 seconds
[2024-10-20T19:24:32.365-0300] {processor.py:186} INFO - Started process (PID=312171) to work on /mnt/c/Users/Pato_/OneDrive/Documentos/ITBA/PYTHON_DATA_APP/itba/lib/python3.10/site-packages/airflow/example_dags/example_xcom.py
[2024-10-20T19:24:32.366-0300] {processor.py:914} INFO - Processing file /mnt/c/Users/Pato_/OneDrive/Documentos/ITBA/PYTHON_DATA_APP/itba/lib/python3.10/site-packages/airflow/example_dags/example_xcom.py for tasks to queue
[2024-10-20T19:24:32.368-0300] {logging_mixin.py:190} INFO - [2024-10-20T19:24:32.367-0300] {dagbag.py:588} INFO - Filling up the DagBag from /mnt/c/Users/Pato_/OneDrive/Documentos/ITBA/PYTHON_DATA_APP/itba/lib/python3.10/site-packages/airflow/example_dags/example_xcom.py
[2024-10-20T19:24:32.409-0300] {processor.py:925} INFO - DAG(s) 'example_xcom' retrieved from /mnt/c/Users/Pato_/OneDrive/Documentos/ITBA/PYTHON_DATA_APP/itba/lib/python3.10/site-packages/airflow/example_dags/example_xcom.py
[2024-10-20T19:24:32.424-0300] {logging_mixin.py:190} INFO - [2024-10-20T19:24:32.424-0300] {dag.py:3239} INFO - Sync 1 DAGs
[2024-10-20T19:24:32.439-0300] {logging_mixin.py:190} INFO - [2024-10-20T19:24:32.438-0300] {dag.py:4180} INFO - Setting next_dagrun for example_xcom to 2021-01-01 00:00:00+00:00, run_after=2021-01-01 00:00:00+00:00
[2024-10-20T19:24:32.467-0300] {processor.py:208} INFO - Processing /mnt/c/Users/Pato_/OneDrive/Documentos/ITBA/PYTHON_DATA_APP/itba/lib/python3.10/site-packages/airflow/example_dags/example_xcom.py took 0.109 seconds
[2024-10-20T19:26:10.865-0300] {processor.py:186} INFO - Started process (PID=313501) to work on /mnt/c/Users/Pato_/OneDrive/Documentos/ITBA/PYTHON_DATA_APP/itba/lib/python3.10/site-packages/airflow/example_dags/example_xcom.py
[2024-10-20T19:26:10.866-0300] {processor.py:914} INFO - Processing file /mnt/c/Users/Pato_/OneDrive/Documentos/ITBA/PYTHON_DATA_APP/itba/lib/python3.10/site-packages/airflow/example_dags/example_xcom.py for tasks to queue
[2024-10-20T19:26:10.868-0300] {logging_mixin.py:190} INFO - [2024-10-20T19:26:10.867-0300] {dagbag.py:588} INFO - Filling up the DagBag from /mnt/c/Users/Pato_/OneDrive/Documentos/ITBA/PYTHON_DATA_APP/itba/lib/python3.10/site-packages/airflow/example_dags/example_xcom.py
[2024-10-20T19:26:10.908-0300] {processor.py:925} INFO - DAG(s) 'example_xcom' retrieved from /mnt/c/Users/Pato_/OneDrive/Documentos/ITBA/PYTHON_DATA_APP/itba/lib/python3.10/site-packages/airflow/example_dags/example_xcom.py
[2024-10-20T19:26:10.923-0300] {logging_mixin.py:190} INFO - [2024-10-20T19:26:10.922-0300] {dag.py:3239} INFO - Sync 1 DAGs
[2024-10-20T19:26:10.936-0300] {logging_mixin.py:190} INFO - [2024-10-20T19:26:10.936-0300] {dag.py:4180} INFO - Setting next_dagrun for example_xcom to 2021-01-01 00:00:00+00:00, run_after=2021-01-01 00:00:00+00:00
[2024-10-20T19:26:10.964-0300] {processor.py:208} INFO - Processing /mnt/c/Users/Pato_/OneDrive/Documentos/ITBA/PYTHON_DATA_APP/itba/lib/python3.10/site-packages/airflow/example_dags/example_xcom.py took 0.106 seconds
[2024-10-20T19:27:15.894-0300] {processor.py:186} INFO - Started process (PID=314194) to work on /mnt/c/Users/Pato_/OneDrive/Documentos/ITBA/PYTHON_DATA_APP/itba/lib/python3.10/site-packages/airflow/example_dags/example_xcom.py
[2024-10-20T19:27:15.895-0300] {processor.py:914} INFO - Processing file /mnt/c/Users/Pato_/OneDrive/Documentos/ITBA/PYTHON_DATA_APP/itba/lib/python3.10/site-packages/airflow/example_dags/example_xcom.py for tasks to queue
[2024-10-20T19:27:15.898-0300] {logging_mixin.py:190} INFO - [2024-10-20T19:27:15.897-0300] {dagbag.py:588} INFO - Filling up the DagBag from /mnt/c/Users/Pato_/OneDrive/Documentos/ITBA/PYTHON_DATA_APP/itba/lib/python3.10/site-packages/airflow/example_dags/example_xcom.py
[2024-10-20T19:27:15.940-0300] {processor.py:925} INFO - DAG(s) 'example_xcom' retrieved from /mnt/c/Users/Pato_/OneDrive/Documentos/ITBA/PYTHON_DATA_APP/itba/lib/python3.10/site-packages/airflow/example_dags/example_xcom.py
[2024-10-20T19:27:15.958-0300] {logging_mixin.py:190} INFO - [2024-10-20T19:27:15.957-0300] {dag.py:3239} INFO - Sync 1 DAGs
[2024-10-20T19:27:15.975-0300] {logging_mixin.py:190} INFO - [2024-10-20T19:27:15.974-0300] {dag.py:4180} INFO - Setting next_dagrun for example_xcom to 2021-01-01 00:00:00+00:00, run_after=2021-01-01 00:00:00+00:00
[2024-10-20T19:27:16.010-0300] {processor.py:208} INFO - Processing /mnt/c/Users/Pato_/OneDrive/Documentos/ITBA/PYTHON_DATA_APP/itba/lib/python3.10/site-packages/airflow/example_dags/example_xcom.py took 0.122 seconds
[2024-10-20T19:28:23.492-0300] {processor.py:186} INFO - Started process (PID=315050) to work on /mnt/c/Users/Pato_/OneDrive/Documentos/ITBA/PYTHON_DATA_APP/itba/lib/python3.10/site-packages/airflow/example_dags/example_xcom.py
[2024-10-20T19:28:23.493-0300] {processor.py:914} INFO - Processing file /mnt/c/Users/Pato_/OneDrive/Documentos/ITBA/PYTHON_DATA_APP/itba/lib/python3.10/site-packages/airflow/example_dags/example_xcom.py for tasks to queue
[2024-10-20T19:28:23.495-0300] {logging_mixin.py:190} INFO - [2024-10-20T19:28:23.495-0300] {dagbag.py:588} INFO - Filling up the DagBag from /mnt/c/Users/Pato_/OneDrive/Documentos/ITBA/PYTHON_DATA_APP/itba/lib/python3.10/site-packages/airflow/example_dags/example_xcom.py
[2024-10-20T19:28:23.537-0300] {processor.py:925} INFO - DAG(s) 'example_xcom' retrieved from /mnt/c/Users/Pato_/OneDrive/Documentos/ITBA/PYTHON_DATA_APP/itba/lib/python3.10/site-packages/airflow/example_dags/example_xcom.py
[2024-10-20T19:28:23.552-0300] {logging_mixin.py:190} INFO - [2024-10-20T19:28:23.552-0300] {dag.py:3239} INFO - Sync 1 DAGs
[2024-10-20T19:28:23.566-0300] {logging_mixin.py:190} INFO - [2024-10-20T19:28:23.566-0300] {dag.py:4180} INFO - Setting next_dagrun for example_xcom to 2021-01-01 00:00:00+00:00, run_after=2021-01-01 00:00:00+00:00
[2024-10-20T19:28:23.597-0300] {processor.py:208} INFO - Processing /mnt/c/Users/Pato_/OneDrive/Documentos/ITBA/PYTHON_DATA_APP/itba/lib/python3.10/site-packages/airflow/example_dags/example_xcom.py took 0.112 seconds
[2024-10-20T19:29:30.119-0300] {processor.py:186} INFO - Started process (PID=315819) to work on /mnt/c/Users/Pato_/OneDrive/Documentos/ITBA/PYTHON_DATA_APP/itba/lib/python3.10/site-packages/airflow/example_dags/example_xcom.py
[2024-10-20T19:29:30.120-0300] {processor.py:914} INFO - Processing file /mnt/c/Users/Pato_/OneDrive/Documentos/ITBA/PYTHON_DATA_APP/itba/lib/python3.10/site-packages/airflow/example_dags/example_xcom.py for tasks to queue
[2024-10-20T19:29:30.122-0300] {logging_mixin.py:190} INFO - [2024-10-20T19:29:30.121-0300] {dagbag.py:588} INFO - Filling up the DagBag from /mnt/c/Users/Pato_/OneDrive/Documentos/ITBA/PYTHON_DATA_APP/itba/lib/python3.10/site-packages/airflow/example_dags/example_xcom.py
[2024-10-20T19:29:30.161-0300] {processor.py:925} INFO - DAG(s) 'example_xcom' retrieved from /mnt/c/Users/Pato_/OneDrive/Documentos/ITBA/PYTHON_DATA_APP/itba/lib/python3.10/site-packages/airflow/example_dags/example_xcom.py
[2024-10-20T19:29:30.176-0300] {logging_mixin.py:190} INFO - [2024-10-20T19:29:30.176-0300] {dag.py:3239} INFO - Sync 1 DAGs
[2024-10-20T19:29:30.189-0300] {logging_mixin.py:190} INFO - [2024-10-20T19:29:30.189-0300] {dag.py:4180} INFO - Setting next_dagrun for example_xcom to 2021-01-01 00:00:00+00:00, run_after=2021-01-01 00:00:00+00:00
[2024-10-20T19:29:30.216-0300] {processor.py:208} INFO - Processing /mnt/c/Users/Pato_/OneDrive/Documentos/ITBA/PYTHON_DATA_APP/itba/lib/python3.10/site-packages/airflow/example_dags/example_xcom.py took 0.104 seconds
[2024-10-20T19:30:42.584-0300] {processor.py:186} INFO - Started process (PID=316451) to work on /mnt/c/Users/Pato_/OneDrive/Documentos/ITBA/PYTHON_DATA_APP/itba/lib/python3.10/site-packages/airflow/example_dags/example_xcom.py
[2024-10-20T19:30:42.585-0300] {processor.py:914} INFO - Processing file /mnt/c/Users/Pato_/OneDrive/Documentos/ITBA/PYTHON_DATA_APP/itba/lib/python3.10/site-packages/airflow/example_dags/example_xcom.py for tasks to queue
[2024-10-20T19:30:42.587-0300] {logging_mixin.py:190} INFO - [2024-10-20T19:30:42.587-0300] {dagbag.py:588} INFO - Filling up the DagBag from /mnt/c/Users/Pato_/OneDrive/Documentos/ITBA/PYTHON_DATA_APP/itba/lib/python3.10/site-packages/airflow/example_dags/example_xcom.py
[2024-10-20T19:30:42.628-0300] {processor.py:925} INFO - DAG(s) 'example_xcom' retrieved from /mnt/c/Users/Pato_/OneDrive/Documentos/ITBA/PYTHON_DATA_APP/itba/lib/python3.10/site-packages/airflow/example_dags/example_xcom.py
[2024-10-20T19:30:42.642-0300] {logging_mixin.py:190} INFO - [2024-10-20T19:30:42.642-0300] {dag.py:3239} INFO - Sync 1 DAGs
[2024-10-20T19:30:42.656-0300] {logging_mixin.py:190} INFO - [2024-10-20T19:30:42.655-0300] {dag.py:4180} INFO - Setting next_dagrun for example_xcom to 2021-01-01 00:00:00+00:00, run_after=2021-01-01 00:00:00+00:00
[2024-10-20T19:30:42.686-0300] {processor.py:208} INFO - Processing /mnt/c/Users/Pato_/OneDrive/Documentos/ITBA/PYTHON_DATA_APP/itba/lib/python3.10/site-packages/airflow/example_dags/example_xcom.py took 0.109 seconds
[2024-10-20T19:31:49.415-0300] {processor.py:186} INFO - Started process (PID=316973) to work on /mnt/c/Users/Pato_/OneDrive/Documentos/ITBA/PYTHON_DATA_APP/itba/lib/python3.10/site-packages/airflow/example_dags/example_xcom.py
[2024-10-20T19:31:49.416-0300] {processor.py:914} INFO - Processing file /mnt/c/Users/Pato_/OneDrive/Documentos/ITBA/PYTHON_DATA_APP/itba/lib/python3.10/site-packages/airflow/example_dags/example_xcom.py for tasks to queue
[2024-10-20T19:31:49.418-0300] {logging_mixin.py:190} INFO - [2024-10-20T19:31:49.418-0300] {dagbag.py:588} INFO - Filling up the DagBag from /mnt/c/Users/Pato_/OneDrive/Documentos/ITBA/PYTHON_DATA_APP/itba/lib/python3.10/site-packages/airflow/example_dags/example_xcom.py
[2024-10-20T19:31:49.470-0300] {processor.py:925} INFO - DAG(s) 'example_xcom' retrieved from /mnt/c/Users/Pato_/OneDrive/Documentos/ITBA/PYTHON_DATA_APP/itba/lib/python3.10/site-packages/airflow/example_dags/example_xcom.py
[2024-10-20T19:31:49.488-0300] {logging_mixin.py:190} INFO - [2024-10-20T19:31:49.487-0300] {dag.py:3239} INFO - Sync 1 DAGs
[2024-10-20T19:31:49.503-0300] {logging_mixin.py:190} INFO - [2024-10-20T19:31:49.502-0300] {dag.py:4180} INFO - Setting next_dagrun for example_xcom to 2021-01-01 00:00:00+00:00, run_after=2021-01-01 00:00:00+00:00
[2024-10-20T19:31:49.535-0300] {processor.py:208} INFO - Processing /mnt/c/Users/Pato_/OneDrive/Documentos/ITBA/PYTHON_DATA_APP/itba/lib/python3.10/site-packages/airflow/example_dags/example_xcom.py took 0.127 seconds
[2024-10-20T19:32:56.176-0300] {processor.py:186} INFO - Started process (PID=317512) to work on /mnt/c/Users/Pato_/OneDrive/Documentos/ITBA/PYTHON_DATA_APP/itba/lib/python3.10/site-packages/airflow/example_dags/example_xcom.py
[2024-10-20T19:32:56.177-0300] {processor.py:914} INFO - Processing file /mnt/c/Users/Pato_/OneDrive/Documentos/ITBA/PYTHON_DATA_APP/itba/lib/python3.10/site-packages/airflow/example_dags/example_xcom.py for tasks to queue
[2024-10-20T19:32:56.179-0300] {logging_mixin.py:190} INFO - [2024-10-20T19:32:56.178-0300] {dagbag.py:588} INFO - Filling up the DagBag from /mnt/c/Users/Pato_/OneDrive/Documentos/ITBA/PYTHON_DATA_APP/itba/lib/python3.10/site-packages/airflow/example_dags/example_xcom.py
[2024-10-20T19:32:56.222-0300] {processor.py:925} INFO - DAG(s) 'example_xcom' retrieved from /mnt/c/Users/Pato_/OneDrive/Documentos/ITBA/PYTHON_DATA_APP/itba/lib/python3.10/site-packages/airflow/example_dags/example_xcom.py
[2024-10-20T19:32:56.240-0300] {logging_mixin.py:190} INFO - [2024-10-20T19:32:56.239-0300] {dag.py:3239} INFO - Sync 1 DAGs
[2024-10-20T19:32:56.255-0300] {logging_mixin.py:190} INFO - [2024-10-20T19:32:56.255-0300] {dag.py:4180} INFO - Setting next_dagrun for example_xcom to 2021-01-01 00:00:00+00:00, run_after=2021-01-01 00:00:00+00:00
[2024-10-20T19:32:56.285-0300] {processor.py:208} INFO - Processing /mnt/c/Users/Pato_/OneDrive/Documentos/ITBA/PYTHON_DATA_APP/itba/lib/python3.10/site-packages/airflow/example_dags/example_xcom.py took 0.116 seconds
[2024-10-20T19:34:02.324-0300] {processor.py:186} INFO - Started process (PID=318161) to work on /mnt/c/Users/Pato_/OneDrive/Documentos/ITBA/PYTHON_DATA_APP/itba/lib/python3.10/site-packages/airflow/example_dags/example_xcom.py
[2024-10-20T19:34:02.325-0300] {processor.py:914} INFO - Processing file /mnt/c/Users/Pato_/OneDrive/Documentos/ITBA/PYTHON_DATA_APP/itba/lib/python3.10/site-packages/airflow/example_dags/example_xcom.py for tasks to queue
[2024-10-20T19:34:02.327-0300] {logging_mixin.py:190} INFO - [2024-10-20T19:34:02.326-0300] {dagbag.py:588} INFO - Filling up the DagBag from /mnt/c/Users/Pato_/OneDrive/Documentos/ITBA/PYTHON_DATA_APP/itba/lib/python3.10/site-packages/airflow/example_dags/example_xcom.py
[2024-10-20T19:34:02.367-0300] {processor.py:925} INFO - DAG(s) 'example_xcom' retrieved from /mnt/c/Users/Pato_/OneDrive/Documentos/ITBA/PYTHON_DATA_APP/itba/lib/python3.10/site-packages/airflow/example_dags/example_xcom.py
[2024-10-20T19:34:02.382-0300] {logging_mixin.py:190} INFO - [2024-10-20T19:34:02.381-0300] {dag.py:3239} INFO - Sync 1 DAGs
[2024-10-20T19:34:02.395-0300] {logging_mixin.py:190} INFO - [2024-10-20T19:34:02.395-0300] {dag.py:4180} INFO - Setting next_dagrun for example_xcom to 2021-01-01 00:00:00+00:00, run_after=2021-01-01 00:00:00+00:00
[2024-10-20T19:34:02.423-0300] {processor.py:208} INFO - Processing /mnt/c/Users/Pato_/OneDrive/Documentos/ITBA/PYTHON_DATA_APP/itba/lib/python3.10/site-packages/airflow/example_dags/example_xcom.py took 0.106 seconds
[2024-10-20T19:35:12.641-0300] {processor.py:186} INFO - Started process (PID=318972) to work on /mnt/c/Users/Pato_/OneDrive/Documentos/ITBA/PYTHON_DATA_APP/itba/lib/python3.10/site-packages/airflow/example_dags/example_xcom.py
[2024-10-20T19:35:12.642-0300] {processor.py:914} INFO - Processing file /mnt/c/Users/Pato_/OneDrive/Documentos/ITBA/PYTHON_DATA_APP/itba/lib/python3.10/site-packages/airflow/example_dags/example_xcom.py for tasks to queue
[2024-10-20T19:35:12.644-0300] {logging_mixin.py:190} INFO - [2024-10-20T19:35:12.644-0300] {dagbag.py:588} INFO - Filling up the DagBag from /mnt/c/Users/Pato_/OneDrive/Documentos/ITBA/PYTHON_DATA_APP/itba/lib/python3.10/site-packages/airflow/example_dags/example_xcom.py
[2024-10-20T19:35:12.684-0300] {processor.py:925} INFO - DAG(s) 'example_xcom' retrieved from /mnt/c/Users/Pato_/OneDrive/Documentos/ITBA/PYTHON_DATA_APP/itba/lib/python3.10/site-packages/airflow/example_dags/example_xcom.py
[2024-10-20T19:35:12.699-0300] {logging_mixin.py:190} INFO - [2024-10-20T19:35:12.698-0300] {dag.py:3239} INFO - Sync 1 DAGs
[2024-10-20T19:35:12.712-0300] {logging_mixin.py:190} INFO - [2024-10-20T19:35:12.711-0300] {dag.py:4180} INFO - Setting next_dagrun for example_xcom to 2021-01-01 00:00:00+00:00, run_after=2021-01-01 00:00:00+00:00
[2024-10-20T19:35:12.740-0300] {processor.py:208} INFO - Processing /mnt/c/Users/Pato_/OneDrive/Documentos/ITBA/PYTHON_DATA_APP/itba/lib/python3.10/site-packages/airflow/example_dags/example_xcom.py took 0.105 seconds
[2024-10-20T19:36:21.722-0300] {processor.py:186} INFO - Started process (PID=319526) to work on /mnt/c/Users/Pato_/OneDrive/Documentos/ITBA/PYTHON_DATA_APP/itba/lib/python3.10/site-packages/airflow/example_dags/example_xcom.py
[2024-10-20T19:36:21.723-0300] {processor.py:914} INFO - Processing file /mnt/c/Users/Pato_/OneDrive/Documentos/ITBA/PYTHON_DATA_APP/itba/lib/python3.10/site-packages/airflow/example_dags/example_xcom.py for tasks to queue
[2024-10-20T19:36:21.725-0300] {logging_mixin.py:190} INFO - [2024-10-20T19:36:21.725-0300] {dagbag.py:588} INFO - Filling up the DagBag from /mnt/c/Users/Pato_/OneDrive/Documentos/ITBA/PYTHON_DATA_APP/itba/lib/python3.10/site-packages/airflow/example_dags/example_xcom.py
[2024-10-20T19:36:21.765-0300] {processor.py:925} INFO - DAG(s) 'example_xcom' retrieved from /mnt/c/Users/Pato_/OneDrive/Documentos/ITBA/PYTHON_DATA_APP/itba/lib/python3.10/site-packages/airflow/example_dags/example_xcom.py
[2024-10-20T19:36:21.780-0300] {logging_mixin.py:190} INFO - [2024-10-20T19:36:21.779-0300] {dag.py:3239} INFO - Sync 1 DAGs
[2024-10-20T19:36:21.793-0300] {logging_mixin.py:190} INFO - [2024-10-20T19:36:21.793-0300] {dag.py:4180} INFO - Setting next_dagrun for example_xcom to 2021-01-01 00:00:00+00:00, run_after=2021-01-01 00:00:00+00:00
[2024-10-20T19:36:21.820-0300] {processor.py:208} INFO - Processing /mnt/c/Users/Pato_/OneDrive/Documentos/ITBA/PYTHON_DATA_APP/itba/lib/python3.10/site-packages/airflow/example_dags/example_xcom.py took 0.105 seconds
[2024-10-20T19:37:30.458-0300] {processor.py:186} INFO - Started process (PID=320056) to work on /mnt/c/Users/Pato_/OneDrive/Documentos/ITBA/PYTHON_DATA_APP/itba/lib/python3.10/site-packages/airflow/example_dags/example_xcom.py
[2024-10-20T19:37:30.459-0300] {processor.py:914} INFO - Processing file /mnt/c/Users/Pato_/OneDrive/Documentos/ITBA/PYTHON_DATA_APP/itba/lib/python3.10/site-packages/airflow/example_dags/example_xcom.py for tasks to queue
[2024-10-20T19:37:30.461-0300] {logging_mixin.py:190} INFO - [2024-10-20T19:37:30.460-0300] {dagbag.py:588} INFO - Filling up the DagBag from /mnt/c/Users/Pato_/OneDrive/Documentos/ITBA/PYTHON_DATA_APP/itba/lib/python3.10/site-packages/airflow/example_dags/example_xcom.py
[2024-10-20T19:37:30.502-0300] {processor.py:925} INFO - DAG(s) 'example_xcom' retrieved from /mnt/c/Users/Pato_/OneDrive/Documentos/ITBA/PYTHON_DATA_APP/itba/lib/python3.10/site-packages/airflow/example_dags/example_xcom.py
[2024-10-20T19:37:30.517-0300] {logging_mixin.py:190} INFO - [2024-10-20T19:37:30.517-0300] {dag.py:3239} INFO - Sync 1 DAGs
[2024-10-20T19:37:30.531-0300] {logging_mixin.py:190} INFO - [2024-10-20T19:37:30.530-0300] {dag.py:4180} INFO - Setting next_dagrun for example_xcom to 2021-01-01 00:00:00+00:00, run_after=2021-01-01 00:00:00+00:00
[2024-10-20T19:37:30.559-0300] {processor.py:208} INFO - Processing /mnt/c/Users/Pato_/OneDrive/Documentos/ITBA/PYTHON_DATA_APP/itba/lib/python3.10/site-packages/airflow/example_dags/example_xcom.py took 0.108 seconds
[2024-10-20T19:38:35.125-0300] {processor.py:186} INFO - Started process (PID=320564) to work on /mnt/c/Users/Pato_/OneDrive/Documentos/ITBA/PYTHON_DATA_APP/itba/lib/python3.10/site-packages/airflow/example_dags/example_xcom.py
[2024-10-20T19:38:35.127-0300] {processor.py:914} INFO - Processing file /mnt/c/Users/Pato_/OneDrive/Documentos/ITBA/PYTHON_DATA_APP/itba/lib/python3.10/site-packages/airflow/example_dags/example_xcom.py for tasks to queue
[2024-10-20T19:38:35.129-0300] {logging_mixin.py:190} INFO - [2024-10-20T19:38:35.128-0300] {dagbag.py:588} INFO - Filling up the DagBag from /mnt/c/Users/Pato_/OneDrive/Documentos/ITBA/PYTHON_DATA_APP/itba/lib/python3.10/site-packages/airflow/example_dags/example_xcom.py
[2024-10-20T19:38:35.169-0300] {processor.py:925} INFO - DAG(s) 'example_xcom' retrieved from /mnt/c/Users/Pato_/OneDrive/Documentos/ITBA/PYTHON_DATA_APP/itba/lib/python3.10/site-packages/airflow/example_dags/example_xcom.py
[2024-10-20T19:38:35.183-0300] {logging_mixin.py:190} INFO - [2024-10-20T19:38:35.183-0300] {dag.py:3239} INFO - Sync 1 DAGs
[2024-10-20T19:38:35.197-0300] {logging_mixin.py:190} INFO - [2024-10-20T19:38:35.197-0300] {dag.py:4180} INFO - Setting next_dagrun for example_xcom to 2021-01-01 00:00:00+00:00, run_after=2021-01-01 00:00:00+00:00
[2024-10-20T19:38:35.226-0300] {processor.py:208} INFO - Processing /mnt/c/Users/Pato_/OneDrive/Documentos/ITBA/PYTHON_DATA_APP/itba/lib/python3.10/site-packages/airflow/example_dags/example_xcom.py took 0.107 seconds
[2024-10-20T19:39:42.189-0300] {processor.py:186} INFO - Started process (PID=321156) to work on /mnt/c/Users/Pato_/OneDrive/Documentos/ITBA/PYTHON_DATA_APP/itba/lib/python3.10/site-packages/airflow/example_dags/example_xcom.py
[2024-10-20T19:39:42.190-0300] {processor.py:914} INFO - Processing file /mnt/c/Users/Pato_/OneDrive/Documentos/ITBA/PYTHON_DATA_APP/itba/lib/python3.10/site-packages/airflow/example_dags/example_xcom.py for tasks to queue
[2024-10-20T19:39:42.192-0300] {logging_mixin.py:190} INFO - [2024-10-20T19:39:42.192-0300] {dagbag.py:588} INFO - Filling up the DagBag from /mnt/c/Users/Pato_/OneDrive/Documentos/ITBA/PYTHON_DATA_APP/itba/lib/python3.10/site-packages/airflow/example_dags/example_xcom.py
[2024-10-20T19:39:42.231-0300] {processor.py:925} INFO - DAG(s) 'example_xcom' retrieved from /mnt/c/Users/Pato_/OneDrive/Documentos/ITBA/PYTHON_DATA_APP/itba/lib/python3.10/site-packages/airflow/example_dags/example_xcom.py
[2024-10-20T19:39:42.246-0300] {logging_mixin.py:190} INFO - [2024-10-20T19:39:42.245-0300] {dag.py:3239} INFO - Sync 1 DAGs
[2024-10-20T19:39:42.260-0300] {logging_mixin.py:190} INFO - [2024-10-20T19:39:42.259-0300] {dag.py:4180} INFO - Setting next_dagrun for example_xcom to 2021-01-01 00:00:00+00:00, run_after=2021-01-01 00:00:00+00:00
[2024-10-20T19:39:42.287-0300] {processor.py:208} INFO - Processing /mnt/c/Users/Pato_/OneDrive/Documentos/ITBA/PYTHON_DATA_APP/itba/lib/python3.10/site-packages/airflow/example_dags/example_xcom.py took 0.105 seconds
[2024-10-20T19:40:46.097-0300] {processor.py:186} INFO - Started process (PID=321976) to work on /mnt/c/Users/Pato_/OneDrive/Documentos/ITBA/PYTHON_DATA_APP/itba/lib/python3.10/site-packages/airflow/example_dags/example_xcom.py
[2024-10-20T19:40:46.097-0300] {processor.py:914} INFO - Processing file /mnt/c/Users/Pato_/OneDrive/Documentos/ITBA/PYTHON_DATA_APP/itba/lib/python3.10/site-packages/airflow/example_dags/example_xcom.py for tasks to queue
[2024-10-20T19:40:46.099-0300] {logging_mixin.py:190} INFO - [2024-10-20T19:40:46.099-0300] {dagbag.py:588} INFO - Filling up the DagBag from /mnt/c/Users/Pato_/OneDrive/Documentos/ITBA/PYTHON_DATA_APP/itba/lib/python3.10/site-packages/airflow/example_dags/example_xcom.py
[2024-10-20T19:40:46.141-0300] {processor.py:925} INFO - DAG(s) 'example_xcom' retrieved from /mnt/c/Users/Pato_/OneDrive/Documentos/ITBA/PYTHON_DATA_APP/itba/lib/python3.10/site-packages/airflow/example_dags/example_xcom.py
[2024-10-20T19:40:46.157-0300] {logging_mixin.py:190} INFO - [2024-10-20T19:40:46.157-0300] {dag.py:3239} INFO - Sync 1 DAGs
[2024-10-20T19:40:46.173-0300] {logging_mixin.py:190} INFO - [2024-10-20T19:40:46.172-0300] {dag.py:4180} INFO - Setting next_dagrun for example_xcom to 2021-01-01 00:00:00+00:00, run_after=2021-01-01 00:00:00+00:00
[2024-10-20T19:40:46.203-0300] {processor.py:208} INFO - Processing /mnt/c/Users/Pato_/OneDrive/Documentos/ITBA/PYTHON_DATA_APP/itba/lib/python3.10/site-packages/airflow/example_dags/example_xcom.py took 0.113 seconds
[2024-10-20T19:41:55.191-0300] {processor.py:186} INFO - Started process (PID=322515) to work on /mnt/c/Users/Pato_/OneDrive/Documentos/ITBA/PYTHON_DATA_APP/itba/lib/python3.10/site-packages/airflow/example_dags/example_xcom.py
[2024-10-20T19:41:55.192-0300] {processor.py:914} INFO - Processing file /mnt/c/Users/Pato_/OneDrive/Documentos/ITBA/PYTHON_DATA_APP/itba/lib/python3.10/site-packages/airflow/example_dags/example_xcom.py for tasks to queue
[2024-10-20T19:41:55.194-0300] {logging_mixin.py:190} INFO - [2024-10-20T19:41:55.193-0300] {dagbag.py:588} INFO - Filling up the DagBag from /mnt/c/Users/Pato_/OneDrive/Documentos/ITBA/PYTHON_DATA_APP/itba/lib/python3.10/site-packages/airflow/example_dags/example_xcom.py
[2024-10-20T19:41:55.234-0300] {processor.py:925} INFO - DAG(s) 'example_xcom' retrieved from /mnt/c/Users/Pato_/OneDrive/Documentos/ITBA/PYTHON_DATA_APP/itba/lib/python3.10/site-packages/airflow/example_dags/example_xcom.py
[2024-10-20T19:41:55.249-0300] {logging_mixin.py:190} INFO - [2024-10-20T19:41:55.248-0300] {dag.py:3239} INFO - Sync 1 DAGs
[2024-10-20T19:41:55.262-0300] {logging_mixin.py:190} INFO - [2024-10-20T19:41:55.262-0300] {dag.py:4180} INFO - Setting next_dagrun for example_xcom to 2021-01-01 00:00:00+00:00, run_after=2021-01-01 00:00:00+00:00
[2024-10-20T19:41:55.291-0300] {processor.py:208} INFO - Processing /mnt/c/Users/Pato_/OneDrive/Documentos/ITBA/PYTHON_DATA_APP/itba/lib/python3.10/site-packages/airflow/example_dags/example_xcom.py took 0.107 seconds
