[2024-10-20T19:00:39.146-0300] {processor.py:186} INFO - Started process (PID=298801) to work on /mnt/c/Users/Pato_/OneDrive/Documentos/ITBA/PYTHON_DATA_APP/itba/lib/python3.10/site-packages/airflow/example_dags/example_setup_teardown.py
[2024-10-20T19:00:39.147-0300] {processor.py:914} INFO - Processing file /mnt/c/Users/Pato_/OneDrive/Documentos/ITBA/PYTHON_DATA_APP/itba/lib/python3.10/site-packages/airflow/example_dags/example_setup_teardown.py for tasks to queue
[2024-10-20T19:00:39.149-0300] {logging_mixin.py:190} INFO - [2024-10-20T19:00:39.149-0300] {dagbag.py:588} INFO - Filling up the DagBag from /mnt/c/Users/Pato_/OneDrive/Documentos/ITBA/PYTHON_DATA_APP/itba/lib/python3.10/site-packages/airflow/example_dags/example_setup_teardown.py
[2024-10-20T19:00:39.189-0300] {processor.py:925} INFO - DAG(s) 'example_setup_teardown' retrieved from /mnt/c/Users/Pato_/OneDrive/Documentos/ITBA/PYTHON_DATA_APP/itba/lib/python3.10/site-packages/airflow/example_dags/example_setup_teardown.py
[2024-10-20T19:00:39.929-0300] {logging_mixin.py:190} INFO - [2024-10-20T19:00:39.928-0300] {override.py:1907} INFO - Created Permission View: can read on DAG:example_setup_teardown
[2024-10-20T19:00:39.949-0300] {logging_mixin.py:190} INFO - [2024-10-20T19:00:39.948-0300] {override.py:1907} INFO - Created Permission View: can delete on DAG:example_setup_teardown
[2024-10-20T19:00:39.966-0300] {logging_mixin.py:190} INFO - [2024-10-20T19:00:39.966-0300] {override.py:1907} INFO - Created Permission View: can edit on DAG:example_setup_teardown
[2024-10-20T19:00:39.994-0300] {logging_mixin.py:190} INFO - [2024-10-20T19:00:39.994-0300] {override.py:1907} INFO - Created Permission View: can read on DAG Run:example_setup_teardown
[2024-10-20T19:00:40.012-0300] {logging_mixin.py:190} INFO - [2024-10-20T19:00:40.011-0300] {override.py:1907} INFO - Created Permission View: can delete on DAG Run:example_setup_teardown
[2024-10-20T19:00:40.029-0300] {logging_mixin.py:190} INFO - [2024-10-20T19:00:40.028-0300] {override.py:1907} INFO - Created Permission View: can create on DAG Run:example_setup_teardown
[2024-10-20T19:00:40.046-0300] {logging_mixin.py:190} INFO - [2024-10-20T19:00:40.046-0300] {override.py:1907} INFO - Created Permission View: menu access on DAG Run:example_setup_teardown
[2024-10-20T19:00:40.048-0300] {logging_mixin.py:190} INFO - [2024-10-20T19:00:40.047-0300] {dag.py:3239} INFO - Sync 1 DAGs
[2024-10-20T19:00:40.058-0300] {logging_mixin.py:190} INFO - [2024-10-20T19:00:40.057-0300] {dag.py:3262} INFO - Creating ORM DAG for example_setup_teardown
[2024-10-20T19:00:40.059-0300] {logging_mixin.py:190} INFO - [2024-10-20T19:00:40.058-0300] {dag.py:4180} INFO - Setting next_dagrun for example_setup_teardown to None, run_after=None
[2024-10-20T19:00:40.090-0300] {processor.py:208} INFO - Processing /mnt/c/Users/Pato_/OneDrive/Documentos/ITBA/PYTHON_DATA_APP/itba/lib/python3.10/site-packages/airflow/example_dags/example_setup_teardown.py took 0.950 seconds
[2024-10-20T19:02:51.589-0300] {processor.py:186} INFO - Started process (PID=299979) to work on /mnt/c/Users/Pato_/OneDrive/Documentos/ITBA/PYTHON_DATA_APP/itba/lib/python3.10/site-packages/airflow/example_dags/example_setup_teardown.py
[2024-10-20T19:02:51.590-0300] {processor.py:914} INFO - Processing file /mnt/c/Users/Pato_/OneDrive/Documentos/ITBA/PYTHON_DATA_APP/itba/lib/python3.10/site-packages/airflow/example_dags/example_setup_teardown.py for tasks to queue
[2024-10-20T19:02:51.592-0300] {logging_mixin.py:190} INFO - [2024-10-20T19:02:51.591-0300] {dagbag.py:588} INFO - Filling up the DagBag from /mnt/c/Users/Pato_/OneDrive/Documentos/ITBA/PYTHON_DATA_APP/itba/lib/python3.10/site-packages/airflow/example_dags/example_setup_teardown.py
[2024-10-20T19:02:51.632-0300] {processor.py:925} INFO - DAG(s) 'example_setup_teardown' retrieved from /mnt/c/Users/Pato_/OneDrive/Documentos/ITBA/PYTHON_DATA_APP/itba/lib/python3.10/site-packages/airflow/example_dags/example_setup_teardown.py
[2024-10-20T19:02:51.647-0300] {logging_mixin.py:190} INFO - [2024-10-20T19:02:51.646-0300] {dag.py:3239} INFO - Sync 1 DAGs
[2024-10-20T19:02:51.655-0300] {logging_mixin.py:190} INFO - [2024-10-20T19:02:51.654-0300] {dag.py:4180} INFO - Setting next_dagrun for example_setup_teardown to None, run_after=None
[2024-10-20T19:02:51.683-0300] {processor.py:208} INFO - Processing /mnt/c/Users/Pato_/OneDrive/Documentos/ITBA/PYTHON_DATA_APP/itba/lib/python3.10/site-packages/airflow/example_dags/example_setup_teardown.py took 0.101 seconds
[2024-10-20T19:03:59.650-0300] {processor.py:186} INFO - Started process (PID=300521) to work on /mnt/c/Users/Pato_/OneDrive/Documentos/ITBA/PYTHON_DATA_APP/itba/lib/python3.10/site-packages/airflow/example_dags/example_setup_teardown.py
[2024-10-20T19:03:59.651-0300] {processor.py:914} INFO - Processing file /mnt/c/Users/Pato_/OneDrive/Documentos/ITBA/PYTHON_DATA_APP/itba/lib/python3.10/site-packages/airflow/example_dags/example_setup_teardown.py for tasks to queue
[2024-10-20T19:03:59.653-0300] {logging_mixin.py:190} INFO - [2024-10-20T19:03:59.652-0300] {dagbag.py:588} INFO - Filling up the DagBag from /mnt/c/Users/Pato_/OneDrive/Documentos/ITBA/PYTHON_DATA_APP/itba/lib/python3.10/site-packages/airflow/example_dags/example_setup_teardown.py
[2024-10-20T19:03:59.693-0300] {processor.py:925} INFO - DAG(s) 'example_setup_teardown' retrieved from /mnt/c/Users/Pato_/OneDrive/Documentos/ITBA/PYTHON_DATA_APP/itba/lib/python3.10/site-packages/airflow/example_dags/example_setup_teardown.py
[2024-10-20T19:03:59.708-0300] {logging_mixin.py:190} INFO - [2024-10-20T19:03:59.708-0300] {dag.py:3239} INFO - Sync 1 DAGs
[2024-10-20T19:03:59.717-0300] {logging_mixin.py:190} INFO - [2024-10-20T19:03:59.716-0300] {dag.py:4180} INFO - Setting next_dagrun for example_setup_teardown to None, run_after=None
[2024-10-20T19:03:59.746-0300] {processor.py:208} INFO - Processing /mnt/c/Users/Pato_/OneDrive/Documentos/ITBA/PYTHON_DATA_APP/itba/lib/python3.10/site-packages/airflow/example_dags/example_setup_teardown.py took 0.103 seconds
[2024-10-20T19:05:11.528-0300] {processor.py:186} INFO - Started process (PID=301329) to work on /mnt/c/Users/Pato_/OneDrive/Documentos/ITBA/PYTHON_DATA_APP/itba/lib/python3.10/site-packages/airflow/example_dags/example_setup_teardown.py
[2024-10-20T19:05:11.529-0300] {processor.py:914} INFO - Processing file /mnt/c/Users/Pato_/OneDrive/Documentos/ITBA/PYTHON_DATA_APP/itba/lib/python3.10/site-packages/airflow/example_dags/example_setup_teardown.py for tasks to queue
[2024-10-20T19:05:11.531-0300] {logging_mixin.py:190} INFO - [2024-10-20T19:05:11.530-0300] {dagbag.py:588} INFO - Filling up the DagBag from /mnt/c/Users/Pato_/OneDrive/Documentos/ITBA/PYTHON_DATA_APP/itba/lib/python3.10/site-packages/airflow/example_dags/example_setup_teardown.py
[2024-10-20T19:05:11.571-0300] {processor.py:925} INFO - DAG(s) 'example_setup_teardown' retrieved from /mnt/c/Users/Pato_/OneDrive/Documentos/ITBA/PYTHON_DATA_APP/itba/lib/python3.10/site-packages/airflow/example_dags/example_setup_teardown.py
[2024-10-20T19:05:11.586-0300] {logging_mixin.py:190} INFO - [2024-10-20T19:05:11.585-0300] {dag.py:3239} INFO - Sync 1 DAGs
[2024-10-20T19:05:11.594-0300] {logging_mixin.py:190} INFO - [2024-10-20T19:05:11.594-0300] {dag.py:4180} INFO - Setting next_dagrun for example_setup_teardown to None, run_after=None
[2024-10-20T19:05:11.624-0300] {processor.py:208} INFO - Processing /mnt/c/Users/Pato_/OneDrive/Documentos/ITBA/PYTHON_DATA_APP/itba/lib/python3.10/site-packages/airflow/example_dags/example_setup_teardown.py took 0.103 seconds
[2024-10-20T19:08:07.161-0300] {processor.py:186} INFO - Started process (PID=303629) to work on /mnt/c/Users/Pato_/OneDrive/Documentos/ITBA/PYTHON_DATA_APP/itba/lib/python3.10/site-packages/airflow/example_dags/example_setup_teardown.py
[2024-10-20T19:08:07.162-0300] {processor.py:914} INFO - Processing file /mnt/c/Users/Pato_/OneDrive/Documentos/ITBA/PYTHON_DATA_APP/itba/lib/python3.10/site-packages/airflow/example_dags/example_setup_teardown.py for tasks to queue
[2024-10-20T19:08:07.164-0300] {logging_mixin.py:190} INFO - [2024-10-20T19:08:07.164-0300] {dagbag.py:588} INFO - Filling up the DagBag from /mnt/c/Users/Pato_/OneDrive/Documentos/ITBA/PYTHON_DATA_APP/itba/lib/python3.10/site-packages/airflow/example_dags/example_setup_teardown.py
[2024-10-20T19:08:07.204-0300] {processor.py:925} INFO - DAG(s) 'example_setup_teardown' retrieved from /mnt/c/Users/Pato_/OneDrive/Documentos/ITBA/PYTHON_DATA_APP/itba/lib/python3.10/site-packages/airflow/example_dags/example_setup_teardown.py
[2024-10-20T19:08:07.218-0300] {logging_mixin.py:190} INFO - [2024-10-20T19:08:07.218-0300] {dag.py:3239} INFO - Sync 1 DAGs
[2024-10-20T19:08:07.227-0300] {logging_mixin.py:190} INFO - [2024-10-20T19:08:07.226-0300] {dag.py:4180} INFO - Setting next_dagrun for example_setup_teardown to None, run_after=None
[2024-10-20T19:08:07.255-0300] {processor.py:208} INFO - Processing /mnt/c/Users/Pato_/OneDrive/Documentos/ITBA/PYTHON_DATA_APP/itba/lib/python3.10/site-packages/airflow/example_dags/example_setup_teardown.py took 0.101 seconds
[2024-10-20T19:09:14.167-0300] {processor.py:186} INFO - Started process (PID=304216) to work on /mnt/c/Users/Pato_/OneDrive/Documentos/ITBA/PYTHON_DATA_APP/itba/lib/python3.10/site-packages/airflow/example_dags/example_setup_teardown.py
[2024-10-20T19:09:14.168-0300] {processor.py:914} INFO - Processing file /mnt/c/Users/Pato_/OneDrive/Documentos/ITBA/PYTHON_DATA_APP/itba/lib/python3.10/site-packages/airflow/example_dags/example_setup_teardown.py for tasks to queue
[2024-10-20T19:09:14.170-0300] {logging_mixin.py:190} INFO - [2024-10-20T19:09:14.170-0300] {dagbag.py:588} INFO - Filling up the DagBag from /mnt/c/Users/Pato_/OneDrive/Documentos/ITBA/PYTHON_DATA_APP/itba/lib/python3.10/site-packages/airflow/example_dags/example_setup_teardown.py
[2024-10-20T19:09:14.211-0300] {processor.py:925} INFO - DAG(s) 'example_setup_teardown' retrieved from /mnt/c/Users/Pato_/OneDrive/Documentos/ITBA/PYTHON_DATA_APP/itba/lib/python3.10/site-packages/airflow/example_dags/example_setup_teardown.py
[2024-10-20T19:09:14.226-0300] {logging_mixin.py:190} INFO - [2024-10-20T19:09:14.225-0300] {dag.py:3239} INFO - Sync 1 DAGs
[2024-10-20T19:09:14.234-0300] {logging_mixin.py:190} INFO - [2024-10-20T19:09:14.234-0300] {dag.py:4180} INFO - Setting next_dagrun for example_setup_teardown to None, run_after=None
[2024-10-20T19:09:14.262-0300] {processor.py:208} INFO - Processing /mnt/c/Users/Pato_/OneDrive/Documentos/ITBA/PYTHON_DATA_APP/itba/lib/python3.10/site-packages/airflow/example_dags/example_setup_teardown.py took 0.102 seconds
[2024-10-20T19:10:19.315-0300] {processor.py:186} INFO - Started process (PID=304751) to work on /mnt/c/Users/Pato_/OneDrive/Documentos/ITBA/PYTHON_DATA_APP/itba/lib/python3.10/site-packages/airflow/example_dags/example_setup_teardown.py
[2024-10-20T19:10:19.316-0300] {processor.py:914} INFO - Processing file /mnt/c/Users/Pato_/OneDrive/Documentos/ITBA/PYTHON_DATA_APP/itba/lib/python3.10/site-packages/airflow/example_dags/example_setup_teardown.py for tasks to queue
[2024-10-20T19:10:19.319-0300] {logging_mixin.py:190} INFO - [2024-10-20T19:10:19.318-0300] {dagbag.py:588} INFO - Filling up the DagBag from /mnt/c/Users/Pato_/OneDrive/Documentos/ITBA/PYTHON_DATA_APP/itba/lib/python3.10/site-packages/airflow/example_dags/example_setup_teardown.py
[2024-10-20T19:10:19.358-0300] {processor.py:925} INFO - DAG(s) 'example_setup_teardown' retrieved from /mnt/c/Users/Pato_/OneDrive/Documentos/ITBA/PYTHON_DATA_APP/itba/lib/python3.10/site-packages/airflow/example_dags/example_setup_teardown.py
[2024-10-20T19:10:19.373-0300] {logging_mixin.py:190} INFO - [2024-10-20T19:10:19.372-0300] {dag.py:3239} INFO - Sync 1 DAGs
[2024-10-20T19:10:19.381-0300] {logging_mixin.py:190} INFO - [2024-10-20T19:10:19.380-0300] {dag.py:4180} INFO - Setting next_dagrun for example_setup_teardown to None, run_after=None
[2024-10-20T19:10:19.409-0300] {processor.py:208} INFO - Processing /mnt/c/Users/Pato_/OneDrive/Documentos/ITBA/PYTHON_DATA_APP/itba/lib/python3.10/site-packages/airflow/example_dags/example_setup_teardown.py took 0.100 seconds
[2024-10-20T19:11:26.646-0300] {processor.py:186} INFO - Started process (PID=305277) to work on /mnt/c/Users/Pato_/OneDrive/Documentos/ITBA/PYTHON_DATA_APP/itba/lib/python3.10/site-packages/airflow/example_dags/example_setup_teardown.py
[2024-10-20T19:11:26.647-0300] {processor.py:914} INFO - Processing file /mnt/c/Users/Pato_/OneDrive/Documentos/ITBA/PYTHON_DATA_APP/itba/lib/python3.10/site-packages/airflow/example_dags/example_setup_teardown.py for tasks to queue
[2024-10-20T19:11:26.649-0300] {logging_mixin.py:190} INFO - [2024-10-20T19:11:26.649-0300] {dagbag.py:588} INFO - Filling up the DagBag from /mnt/c/Users/Pato_/OneDrive/Documentos/ITBA/PYTHON_DATA_APP/itba/lib/python3.10/site-packages/airflow/example_dags/example_setup_teardown.py
[2024-10-20T19:11:26.689-0300] {processor.py:925} INFO - DAG(s) 'example_setup_teardown' retrieved from /mnt/c/Users/Pato_/OneDrive/Documentos/ITBA/PYTHON_DATA_APP/itba/lib/python3.10/site-packages/airflow/example_dags/example_setup_teardown.py
[2024-10-20T19:11:26.703-0300] {logging_mixin.py:190} INFO - [2024-10-20T19:11:26.703-0300] {dag.py:3239} INFO - Sync 1 DAGs
[2024-10-20T19:11:26.712-0300] {logging_mixin.py:190} INFO - [2024-10-20T19:11:26.712-0300] {dag.py:4180} INFO - Setting next_dagrun for example_setup_teardown to None, run_after=None
[2024-10-20T19:11:26.741-0300] {processor.py:208} INFO - Processing /mnt/c/Users/Pato_/OneDrive/Documentos/ITBA/PYTHON_DATA_APP/itba/lib/python3.10/site-packages/airflow/example_dags/example_setup_teardown.py took 0.102 seconds
[2024-10-20T19:12:34.626-0300] {processor.py:186} INFO - Started process (PID=305806) to work on /mnt/c/Users/Pato_/OneDrive/Documentos/ITBA/PYTHON_DATA_APP/itba/lib/python3.10/site-packages/airflow/example_dags/example_setup_teardown.py
[2024-10-20T19:12:34.627-0300] {processor.py:914} INFO - Processing file /mnt/c/Users/Pato_/OneDrive/Documentos/ITBA/PYTHON_DATA_APP/itba/lib/python3.10/site-packages/airflow/example_dags/example_setup_teardown.py for tasks to queue
[2024-10-20T19:12:34.629-0300] {logging_mixin.py:190} INFO - [2024-10-20T19:12:34.628-0300] {dagbag.py:588} INFO - Filling up the DagBag from /mnt/c/Users/Pato_/OneDrive/Documentos/ITBA/PYTHON_DATA_APP/itba/lib/python3.10/site-packages/airflow/example_dags/example_setup_teardown.py
[2024-10-20T19:12:34.667-0300] {processor.py:925} INFO - DAG(s) 'example_setup_teardown' retrieved from /mnt/c/Users/Pato_/OneDrive/Documentos/ITBA/PYTHON_DATA_APP/itba/lib/python3.10/site-packages/airflow/example_dags/example_setup_teardown.py
[2024-10-20T19:12:34.683-0300] {logging_mixin.py:190} INFO - [2024-10-20T19:12:34.683-0300] {dag.py:3239} INFO - Sync 1 DAGs
[2024-10-20T19:12:34.692-0300] {logging_mixin.py:190} INFO - [2024-10-20T19:12:34.692-0300] {dag.py:4180} INFO - Setting next_dagrun for example_setup_teardown to None, run_after=None
[2024-10-20T19:12:34.723-0300] {processor.py:208} INFO - Processing /mnt/c/Users/Pato_/OneDrive/Documentos/ITBA/PYTHON_DATA_APP/itba/lib/python3.10/site-packages/airflow/example_dags/example_setup_teardown.py took 0.105 seconds
[2024-10-20T19:13:37.787-0300] {processor.py:186} INFO - Started process (PID=306300) to work on /mnt/c/Users/Pato_/OneDrive/Documentos/ITBA/PYTHON_DATA_APP/itba/lib/python3.10/site-packages/airflow/example_dags/example_setup_teardown.py
[2024-10-20T19:13:37.788-0300] {processor.py:914} INFO - Processing file /mnt/c/Users/Pato_/OneDrive/Documentos/ITBA/PYTHON_DATA_APP/itba/lib/python3.10/site-packages/airflow/example_dags/example_setup_teardown.py for tasks to queue
[2024-10-20T19:13:37.790-0300] {logging_mixin.py:190} INFO - [2024-10-20T19:13:37.790-0300] {dagbag.py:588} INFO - Filling up the DagBag from /mnt/c/Users/Pato_/OneDrive/Documentos/ITBA/PYTHON_DATA_APP/itba/lib/python3.10/site-packages/airflow/example_dags/example_setup_teardown.py
[2024-10-20T19:13:37.829-0300] {processor.py:925} INFO - DAG(s) 'example_setup_teardown' retrieved from /mnt/c/Users/Pato_/OneDrive/Documentos/ITBA/PYTHON_DATA_APP/itba/lib/python3.10/site-packages/airflow/example_dags/example_setup_teardown.py
[2024-10-20T19:13:37.844-0300] {logging_mixin.py:190} INFO - [2024-10-20T19:13:37.843-0300] {dag.py:3239} INFO - Sync 1 DAGs
[2024-10-20T19:13:37.852-0300] {logging_mixin.py:190} INFO - [2024-10-20T19:13:37.852-0300] {dag.py:4180} INFO - Setting next_dagrun for example_setup_teardown to None, run_after=None
[2024-10-20T19:13:37.880-0300] {processor.py:208} INFO - Processing /mnt/c/Users/Pato_/OneDrive/Documentos/ITBA/PYTHON_DATA_APP/itba/lib/python3.10/site-packages/airflow/example_dags/example_setup_teardown.py took 0.100 seconds
[2024-10-20T19:14:47.773-0300] {processor.py:186} INFO - Started process (PID=306848) to work on /mnt/c/Users/Pato_/OneDrive/Documentos/ITBA/PYTHON_DATA_APP/itba/lib/python3.10/site-packages/airflow/example_dags/example_setup_teardown.py
[2024-10-20T19:14:47.774-0300] {processor.py:914} INFO - Processing file /mnt/c/Users/Pato_/OneDrive/Documentos/ITBA/PYTHON_DATA_APP/itba/lib/python3.10/site-packages/airflow/example_dags/example_setup_teardown.py for tasks to queue
[2024-10-20T19:14:47.776-0300] {logging_mixin.py:190} INFO - [2024-10-20T19:14:47.776-0300] {dagbag.py:588} INFO - Filling up the DagBag from /mnt/c/Users/Pato_/OneDrive/Documentos/ITBA/PYTHON_DATA_APP/itba/lib/python3.10/site-packages/airflow/example_dags/example_setup_teardown.py
[2024-10-20T19:14:47.816-0300] {processor.py:925} INFO - DAG(s) 'example_setup_teardown' retrieved from /mnt/c/Users/Pato_/OneDrive/Documentos/ITBA/PYTHON_DATA_APP/itba/lib/python3.10/site-packages/airflow/example_dags/example_setup_teardown.py
[2024-10-20T19:14:47.830-0300] {logging_mixin.py:190} INFO - [2024-10-20T19:14:47.830-0300] {dag.py:3239} INFO - Sync 1 DAGs
[2024-10-20T19:14:47.838-0300] {logging_mixin.py:190} INFO - [2024-10-20T19:14:47.838-0300] {dag.py:4180} INFO - Setting next_dagrun for example_setup_teardown to None, run_after=None
[2024-10-20T19:14:47.867-0300] {processor.py:208} INFO - Processing /mnt/c/Users/Pato_/OneDrive/Documentos/ITBA/PYTHON_DATA_APP/itba/lib/python3.10/site-packages/airflow/example_dags/example_setup_teardown.py took 0.100 seconds
[2024-10-20T19:15:55.450-0300] {processor.py:186} INFO - Started process (PID=307402) to work on /mnt/c/Users/Pato_/OneDrive/Documentos/ITBA/PYTHON_DATA_APP/itba/lib/python3.10/site-packages/airflow/example_dags/example_setup_teardown.py
[2024-10-20T19:15:55.451-0300] {processor.py:914} INFO - Processing file /mnt/c/Users/Pato_/OneDrive/Documentos/ITBA/PYTHON_DATA_APP/itba/lib/python3.10/site-packages/airflow/example_dags/example_setup_teardown.py for tasks to queue
[2024-10-20T19:15:55.453-0300] {logging_mixin.py:190} INFO - [2024-10-20T19:15:55.452-0300] {dagbag.py:588} INFO - Filling up the DagBag from /mnt/c/Users/Pato_/OneDrive/Documentos/ITBA/PYTHON_DATA_APP/itba/lib/python3.10/site-packages/airflow/example_dags/example_setup_teardown.py
[2024-10-20T19:15:55.491-0300] {processor.py:925} INFO - DAG(s) 'example_setup_teardown' retrieved from /mnt/c/Users/Pato_/OneDrive/Documentos/ITBA/PYTHON_DATA_APP/itba/lib/python3.10/site-packages/airflow/example_dags/example_setup_teardown.py
[2024-10-20T19:15:55.505-0300] {logging_mixin.py:190} INFO - [2024-10-20T19:15:55.505-0300] {dag.py:3239} INFO - Sync 1 DAGs
[2024-10-20T19:15:55.514-0300] {logging_mixin.py:190} INFO - [2024-10-20T19:15:55.513-0300] {dag.py:4180} INFO - Setting next_dagrun for example_setup_teardown to None, run_after=None
[2024-10-20T19:15:55.543-0300] {processor.py:208} INFO - Processing /mnt/c/Users/Pato_/OneDrive/Documentos/ITBA/PYTHON_DATA_APP/itba/lib/python3.10/site-packages/airflow/example_dags/example_setup_teardown.py took 0.100 seconds
[2024-10-20T19:17:06.173-0300] {processor.py:186} INFO - Started process (PID=307956) to work on /mnt/c/Users/Pato_/OneDrive/Documentos/ITBA/PYTHON_DATA_APP/itba/lib/python3.10/site-packages/airflow/example_dags/example_setup_teardown.py
[2024-10-20T19:17:06.174-0300] {processor.py:914} INFO - Processing file /mnt/c/Users/Pato_/OneDrive/Documentos/ITBA/PYTHON_DATA_APP/itba/lib/python3.10/site-packages/airflow/example_dags/example_setup_teardown.py for tasks to queue
[2024-10-20T19:17:06.176-0300] {logging_mixin.py:190} INFO - [2024-10-20T19:17:06.175-0300] {dagbag.py:588} INFO - Filling up the DagBag from /mnt/c/Users/Pato_/OneDrive/Documentos/ITBA/PYTHON_DATA_APP/itba/lib/python3.10/site-packages/airflow/example_dags/example_setup_teardown.py
[2024-10-20T19:17:06.217-0300] {processor.py:925} INFO - DAG(s) 'example_setup_teardown' retrieved from /mnt/c/Users/Pato_/OneDrive/Documentos/ITBA/PYTHON_DATA_APP/itba/lib/python3.10/site-packages/airflow/example_dags/example_setup_teardown.py
[2024-10-20T19:17:06.232-0300] {logging_mixin.py:190} INFO - [2024-10-20T19:17:06.232-0300] {dag.py:3239} INFO - Sync 1 DAGs
[2024-10-20T19:17:06.241-0300] {logging_mixin.py:190} INFO - [2024-10-20T19:17:06.240-0300] {dag.py:4180} INFO - Setting next_dagrun for example_setup_teardown to None, run_after=None
[2024-10-20T19:17:06.270-0300] {processor.py:208} INFO - Processing /mnt/c/Users/Pato_/OneDrive/Documentos/ITBA/PYTHON_DATA_APP/itba/lib/python3.10/site-packages/airflow/example_dags/example_setup_teardown.py took 0.104 seconds
[2024-10-20T19:18:22.080-0300] {processor.py:186} INFO - Started process (PID=308543) to work on /mnt/c/Users/Pato_/OneDrive/Documentos/ITBA/PYTHON_DATA_APP/itba/lib/python3.10/site-packages/airflow/example_dags/example_setup_teardown.py
[2024-10-20T19:18:22.081-0300] {processor.py:914} INFO - Processing file /mnt/c/Users/Pato_/OneDrive/Documentos/ITBA/PYTHON_DATA_APP/itba/lib/python3.10/site-packages/airflow/example_dags/example_setup_teardown.py for tasks to queue
[2024-10-20T19:18:22.083-0300] {logging_mixin.py:190} INFO - [2024-10-20T19:18:22.082-0300] {dagbag.py:588} INFO - Filling up the DagBag from /mnt/c/Users/Pato_/OneDrive/Documentos/ITBA/PYTHON_DATA_APP/itba/lib/python3.10/site-packages/airflow/example_dags/example_setup_teardown.py
[2024-10-20T19:18:22.124-0300] {processor.py:925} INFO - DAG(s) 'example_setup_teardown' retrieved from /mnt/c/Users/Pato_/OneDrive/Documentos/ITBA/PYTHON_DATA_APP/itba/lib/python3.10/site-packages/airflow/example_dags/example_setup_teardown.py
[2024-10-20T19:18:22.139-0300] {logging_mixin.py:190} INFO - [2024-10-20T19:18:22.138-0300] {dag.py:3239} INFO - Sync 1 DAGs
[2024-10-20T19:18:22.147-0300] {logging_mixin.py:190} INFO - [2024-10-20T19:18:22.146-0300] {dag.py:4180} INFO - Setting next_dagrun for example_setup_teardown to None, run_after=None
[2024-10-20T19:18:22.176-0300] {processor.py:208} INFO - Processing /mnt/c/Users/Pato_/OneDrive/Documentos/ITBA/PYTHON_DATA_APP/itba/lib/python3.10/site-packages/airflow/example_dags/example_setup_teardown.py took 0.103 seconds
[2024-10-20T19:19:35.092-0300] {processor.py:186} INFO - Started process (PID=309112) to work on /mnt/c/Users/Pato_/OneDrive/Documentos/ITBA/PYTHON_DATA_APP/itba/lib/python3.10/site-packages/airflow/example_dags/example_setup_teardown.py
[2024-10-20T19:19:35.093-0300] {processor.py:914} INFO - Processing file /mnt/c/Users/Pato_/OneDrive/Documentos/ITBA/PYTHON_DATA_APP/itba/lib/python3.10/site-packages/airflow/example_dags/example_setup_teardown.py for tasks to queue
[2024-10-20T19:19:35.095-0300] {logging_mixin.py:190} INFO - [2024-10-20T19:19:35.094-0300] {dagbag.py:588} INFO - Filling up the DagBag from /mnt/c/Users/Pato_/OneDrive/Documentos/ITBA/PYTHON_DATA_APP/itba/lib/python3.10/site-packages/airflow/example_dags/example_setup_teardown.py
[2024-10-20T19:19:35.135-0300] {processor.py:925} INFO - DAG(s) 'example_setup_teardown' retrieved from /mnt/c/Users/Pato_/OneDrive/Documentos/ITBA/PYTHON_DATA_APP/itba/lib/python3.10/site-packages/airflow/example_dags/example_setup_teardown.py
[2024-10-20T19:19:35.150-0300] {logging_mixin.py:190} INFO - [2024-10-20T19:19:35.150-0300] {dag.py:3239} INFO - Sync 1 DAGs
[2024-10-20T19:19:35.159-0300] {logging_mixin.py:190} INFO - [2024-10-20T19:19:35.158-0300] {dag.py:4180} INFO - Setting next_dagrun for example_setup_teardown to None, run_after=None
[2024-10-20T19:19:35.188-0300] {processor.py:208} INFO - Processing /mnt/c/Users/Pato_/OneDrive/Documentos/ITBA/PYTHON_DATA_APP/itba/lib/python3.10/site-packages/airflow/example_dags/example_setup_teardown.py took 0.103 seconds
[2024-10-20T19:20:40.385-0300] {processor.py:186} INFO - Started process (PID=309656) to work on /mnt/c/Users/Pato_/OneDrive/Documentos/ITBA/PYTHON_DATA_APP/itba/lib/python3.10/site-packages/airflow/example_dags/example_setup_teardown.py
[2024-10-20T19:20:40.386-0300] {processor.py:914} INFO - Processing file /mnt/c/Users/Pato_/OneDrive/Documentos/ITBA/PYTHON_DATA_APP/itba/lib/python3.10/site-packages/airflow/example_dags/example_setup_teardown.py for tasks to queue
[2024-10-20T19:20:40.388-0300] {logging_mixin.py:190} INFO - [2024-10-20T19:20:40.388-0300] {dagbag.py:588} INFO - Filling up the DagBag from /mnt/c/Users/Pato_/OneDrive/Documentos/ITBA/PYTHON_DATA_APP/itba/lib/python3.10/site-packages/airflow/example_dags/example_setup_teardown.py
[2024-10-20T19:20:40.430-0300] {processor.py:925} INFO - DAG(s) 'example_setup_teardown' retrieved from /mnt/c/Users/Pato_/OneDrive/Documentos/ITBA/PYTHON_DATA_APP/itba/lib/python3.10/site-packages/airflow/example_dags/example_setup_teardown.py
[2024-10-20T19:20:40.447-0300] {logging_mixin.py:190} INFO - [2024-10-20T19:20:40.446-0300] {dag.py:3239} INFO - Sync 1 DAGs
[2024-10-20T19:20:40.456-0300] {logging_mixin.py:190} INFO - [2024-10-20T19:20:40.456-0300] {dag.py:4180} INFO - Setting next_dagrun for example_setup_teardown to None, run_after=None
[2024-10-20T19:20:40.486-0300] {processor.py:208} INFO - Processing /mnt/c/Users/Pato_/OneDrive/Documentos/ITBA/PYTHON_DATA_APP/itba/lib/python3.10/site-packages/airflow/example_dags/example_setup_teardown.py took 0.107 seconds
[2024-10-20T19:21:48.974-0300] {processor.py:186} INFO - Started process (PID=310252) to work on /mnt/c/Users/Pato_/OneDrive/Documentos/ITBA/PYTHON_DATA_APP/itba/lib/python3.10/site-packages/airflow/example_dags/example_setup_teardown.py
[2024-10-20T19:21:48.975-0300] {processor.py:914} INFO - Processing file /mnt/c/Users/Pato_/OneDrive/Documentos/ITBA/PYTHON_DATA_APP/itba/lib/python3.10/site-packages/airflow/example_dags/example_setup_teardown.py for tasks to queue
[2024-10-20T19:21:48.977-0300] {logging_mixin.py:190} INFO - [2024-10-20T19:21:48.977-0300] {dagbag.py:588} INFO - Filling up the DagBag from /mnt/c/Users/Pato_/OneDrive/Documentos/ITBA/PYTHON_DATA_APP/itba/lib/python3.10/site-packages/airflow/example_dags/example_setup_teardown.py
[2024-10-20T19:21:49.019-0300] {processor.py:925} INFO - DAG(s) 'example_setup_teardown' retrieved from /mnt/c/Users/Pato_/OneDrive/Documentos/ITBA/PYTHON_DATA_APP/itba/lib/python3.10/site-packages/airflow/example_dags/example_setup_teardown.py
[2024-10-20T19:21:49.034-0300] {logging_mixin.py:190} INFO - [2024-10-20T19:21:49.033-0300] {dag.py:3239} INFO - Sync 1 DAGs
[2024-10-20T19:21:49.043-0300] {logging_mixin.py:190} INFO - [2024-10-20T19:21:49.042-0300] {dag.py:4180} INFO - Setting next_dagrun for example_setup_teardown to None, run_after=None
[2024-10-20T19:21:49.073-0300] {processor.py:208} INFO - Processing /mnt/c/Users/Pato_/OneDrive/Documentos/ITBA/PYTHON_DATA_APP/itba/lib/python3.10/site-packages/airflow/example_dags/example_setup_teardown.py took 0.106 seconds
[2024-10-20T19:22:55.025-0300] {processor.py:186} INFO - Started process (PID=310863) to work on /mnt/c/Users/Pato_/OneDrive/Documentos/ITBA/PYTHON_DATA_APP/itba/lib/python3.10/site-packages/airflow/example_dags/example_setup_teardown.py
[2024-10-20T19:22:55.026-0300] {processor.py:914} INFO - Processing file /mnt/c/Users/Pato_/OneDrive/Documentos/ITBA/PYTHON_DATA_APP/itba/lib/python3.10/site-packages/airflow/example_dags/example_setup_teardown.py for tasks to queue
[2024-10-20T19:22:55.028-0300] {logging_mixin.py:190} INFO - [2024-10-20T19:22:55.028-0300] {dagbag.py:588} INFO - Filling up the DagBag from /mnt/c/Users/Pato_/OneDrive/Documentos/ITBA/PYTHON_DATA_APP/itba/lib/python3.10/site-packages/airflow/example_dags/example_setup_teardown.py
[2024-10-20T19:22:55.073-0300] {processor.py:925} INFO - DAG(s) 'example_setup_teardown' retrieved from /mnt/c/Users/Pato_/OneDrive/Documentos/ITBA/PYTHON_DATA_APP/itba/lib/python3.10/site-packages/airflow/example_dags/example_setup_teardown.py
[2024-10-20T19:22:55.089-0300] {logging_mixin.py:190} INFO - [2024-10-20T19:22:55.088-0300] {dag.py:3239} INFO - Sync 1 DAGs
[2024-10-20T19:22:55.099-0300] {logging_mixin.py:190} INFO - [2024-10-20T19:22:55.099-0300] {dag.py:4180} INFO - Setting next_dagrun for example_setup_teardown to None, run_after=None
[2024-10-20T19:22:55.129-0300] {processor.py:208} INFO - Processing /mnt/c/Users/Pato_/OneDrive/Documentos/ITBA/PYTHON_DATA_APP/itba/lib/python3.10/site-packages/airflow/example_dags/example_setup_teardown.py took 0.111 seconds
[2024-10-20T19:24:49.068-0300] {processor.py:186} INFO - Started process (PID=312374) to work on /mnt/c/Users/Pato_/OneDrive/Documentos/ITBA/PYTHON_DATA_APP/itba/lib/python3.10/site-packages/airflow/example_dags/example_setup_teardown.py
[2024-10-20T19:24:49.069-0300] {processor.py:914} INFO - Processing file /mnt/c/Users/Pato_/OneDrive/Documentos/ITBA/PYTHON_DATA_APP/itba/lib/python3.10/site-packages/airflow/example_dags/example_setup_teardown.py for tasks to queue
[2024-10-20T19:24:49.071-0300] {logging_mixin.py:190} INFO - [2024-10-20T19:24:49.071-0300] {dagbag.py:588} INFO - Filling up the DagBag from /mnt/c/Users/Pato_/OneDrive/Documentos/ITBA/PYTHON_DATA_APP/itba/lib/python3.10/site-packages/airflow/example_dags/example_setup_teardown.py
[2024-10-20T19:24:49.112-0300] {processor.py:925} INFO - DAG(s) 'example_setup_teardown' retrieved from /mnt/c/Users/Pato_/OneDrive/Documentos/ITBA/PYTHON_DATA_APP/itba/lib/python3.10/site-packages/airflow/example_dags/example_setup_teardown.py
[2024-10-20T19:24:49.127-0300] {logging_mixin.py:190} INFO - [2024-10-20T19:24:49.126-0300] {dag.py:3239} INFO - Sync 1 DAGs
[2024-10-20T19:24:49.135-0300] {logging_mixin.py:190} INFO - [2024-10-20T19:24:49.135-0300] {dag.py:4180} INFO - Setting next_dagrun for example_setup_teardown to None, run_after=None
[2024-10-20T19:24:49.164-0300] {processor.py:208} INFO - Processing /mnt/c/Users/Pato_/OneDrive/Documentos/ITBA/PYTHON_DATA_APP/itba/lib/python3.10/site-packages/airflow/example_dags/example_setup_teardown.py took 0.103 seconds
[2024-10-20T19:26:28.698-0300] {processor.py:186} INFO - Started process (PID=313640) to work on /mnt/c/Users/Pato_/OneDrive/Documentos/ITBA/PYTHON_DATA_APP/itba/lib/python3.10/site-packages/airflow/example_dags/example_setup_teardown.py
[2024-10-20T19:26:28.699-0300] {processor.py:914} INFO - Processing file /mnt/c/Users/Pato_/OneDrive/Documentos/ITBA/PYTHON_DATA_APP/itba/lib/python3.10/site-packages/airflow/example_dags/example_setup_teardown.py for tasks to queue
[2024-10-20T19:26:28.701-0300] {logging_mixin.py:190} INFO - [2024-10-20T19:26:28.701-0300] {dagbag.py:588} INFO - Filling up the DagBag from /mnt/c/Users/Pato_/OneDrive/Documentos/ITBA/PYTHON_DATA_APP/itba/lib/python3.10/site-packages/airflow/example_dags/example_setup_teardown.py
[2024-10-20T19:26:28.741-0300] {processor.py:925} INFO - DAG(s) 'example_setup_teardown' retrieved from /mnt/c/Users/Pato_/OneDrive/Documentos/ITBA/PYTHON_DATA_APP/itba/lib/python3.10/site-packages/airflow/example_dags/example_setup_teardown.py
[2024-10-20T19:26:28.756-0300] {logging_mixin.py:190} INFO - [2024-10-20T19:26:28.755-0300] {dag.py:3239} INFO - Sync 1 DAGs
[2024-10-20T19:26:28.764-0300] {logging_mixin.py:190} INFO - [2024-10-20T19:26:28.764-0300] {dag.py:4180} INFO - Setting next_dagrun for example_setup_teardown to None, run_after=None
[2024-10-20T19:26:28.793-0300] {processor.py:208} INFO - Processing /mnt/c/Users/Pato_/OneDrive/Documentos/ITBA/PYTHON_DATA_APP/itba/lib/python3.10/site-packages/airflow/example_dags/example_setup_teardown.py took 0.101 seconds
[2024-10-20T19:27:32.511-0300] {processor.py:186} INFO - Started process (PID=314463) to work on /mnt/c/Users/Pato_/OneDrive/Documentos/ITBA/PYTHON_DATA_APP/itba/lib/python3.10/site-packages/airflow/example_dags/example_setup_teardown.py
[2024-10-20T19:27:32.512-0300] {processor.py:914} INFO - Processing file /mnt/c/Users/Pato_/OneDrive/Documentos/ITBA/PYTHON_DATA_APP/itba/lib/python3.10/site-packages/airflow/example_dags/example_setup_teardown.py for tasks to queue
[2024-10-20T19:27:32.514-0300] {logging_mixin.py:190} INFO - [2024-10-20T19:27:32.513-0300] {dagbag.py:588} INFO - Filling up the DagBag from /mnt/c/Users/Pato_/OneDrive/Documentos/ITBA/PYTHON_DATA_APP/itba/lib/python3.10/site-packages/airflow/example_dags/example_setup_teardown.py
[2024-10-20T19:27:32.552-0300] {processor.py:925} INFO - DAG(s) 'example_setup_teardown' retrieved from /mnt/c/Users/Pato_/OneDrive/Documentos/ITBA/PYTHON_DATA_APP/itba/lib/python3.10/site-packages/airflow/example_dags/example_setup_teardown.py
[2024-10-20T19:27:32.567-0300] {logging_mixin.py:190} INFO - [2024-10-20T19:27:32.567-0300] {dag.py:3239} INFO - Sync 1 DAGs
[2024-10-20T19:27:32.576-0300] {logging_mixin.py:190} INFO - [2024-10-20T19:27:32.575-0300] {dag.py:4180} INFO - Setting next_dagrun for example_setup_teardown to None, run_after=None
[2024-10-20T19:27:32.606-0300] {processor.py:208} INFO - Processing /mnt/c/Users/Pato_/OneDrive/Documentos/ITBA/PYTHON_DATA_APP/itba/lib/python3.10/site-packages/airflow/example_dags/example_setup_teardown.py took 0.102 seconds
[2024-10-20T19:28:38.999-0300] {processor.py:186} INFO - Started process (PID=315217) to work on /mnt/c/Users/Pato_/OneDrive/Documentos/ITBA/PYTHON_DATA_APP/itba/lib/python3.10/site-packages/airflow/example_dags/example_setup_teardown.py
[2024-10-20T19:28:39.000-0300] {processor.py:914} INFO - Processing file /mnt/c/Users/Pato_/OneDrive/Documentos/ITBA/PYTHON_DATA_APP/itba/lib/python3.10/site-packages/airflow/example_dags/example_setup_teardown.py for tasks to queue
[2024-10-20T19:28:39.002-0300] {logging_mixin.py:190} INFO - [2024-10-20T19:28:39.001-0300] {dagbag.py:588} INFO - Filling up the DagBag from /mnt/c/Users/Pato_/OneDrive/Documentos/ITBA/PYTHON_DATA_APP/itba/lib/python3.10/site-packages/airflow/example_dags/example_setup_teardown.py
[2024-10-20T19:28:39.042-0300] {processor.py:925} INFO - DAG(s) 'example_setup_teardown' retrieved from /mnt/c/Users/Pato_/OneDrive/Documentos/ITBA/PYTHON_DATA_APP/itba/lib/python3.10/site-packages/airflow/example_dags/example_setup_teardown.py
[2024-10-20T19:28:39.057-0300] {logging_mixin.py:190} INFO - [2024-10-20T19:28:39.057-0300] {dag.py:3239} INFO - Sync 1 DAGs
[2024-10-20T19:28:39.067-0300] {logging_mixin.py:190} INFO - [2024-10-20T19:28:39.066-0300] {dag.py:4180} INFO - Setting next_dagrun for example_setup_teardown to None, run_after=None
[2024-10-20T19:28:39.097-0300] {processor.py:208} INFO - Processing /mnt/c/Users/Pato_/OneDrive/Documentos/ITBA/PYTHON_DATA_APP/itba/lib/python3.10/site-packages/airflow/example_dags/example_setup_teardown.py took 0.105 seconds
[2024-10-20T19:29:47.972-0300] {processor.py:186} INFO - Started process (PID=315996) to work on /mnt/c/Users/Pato_/OneDrive/Documentos/ITBA/PYTHON_DATA_APP/itba/lib/python3.10/site-packages/airflow/example_dags/example_setup_teardown.py
[2024-10-20T19:29:47.973-0300] {processor.py:914} INFO - Processing file /mnt/c/Users/Pato_/OneDrive/Documentos/ITBA/PYTHON_DATA_APP/itba/lib/python3.10/site-packages/airflow/example_dags/example_setup_teardown.py for tasks to queue
[2024-10-20T19:29:47.975-0300] {logging_mixin.py:190} INFO - [2024-10-20T19:29:47.974-0300] {dagbag.py:588} INFO - Filling up the DagBag from /mnt/c/Users/Pato_/OneDrive/Documentos/ITBA/PYTHON_DATA_APP/itba/lib/python3.10/site-packages/airflow/example_dags/example_setup_teardown.py
[2024-10-20T19:29:48.014-0300] {processor.py:925} INFO - DAG(s) 'example_setup_teardown' retrieved from /mnt/c/Users/Pato_/OneDrive/Documentos/ITBA/PYTHON_DATA_APP/itba/lib/python3.10/site-packages/airflow/example_dags/example_setup_teardown.py
[2024-10-20T19:29:48.029-0300] {logging_mixin.py:190} INFO - [2024-10-20T19:29:48.028-0300] {dag.py:3239} INFO - Sync 1 DAGs
[2024-10-20T19:29:48.038-0300] {logging_mixin.py:190} INFO - [2024-10-20T19:29:48.037-0300] {dag.py:4180} INFO - Setting next_dagrun for example_setup_teardown to None, run_after=None
[2024-10-20T19:29:48.067-0300] {processor.py:208} INFO - Processing /mnt/c/Users/Pato_/OneDrive/Documentos/ITBA/PYTHON_DATA_APP/itba/lib/python3.10/site-packages/airflow/example_dags/example_setup_teardown.py took 0.102 seconds
[2024-10-20T19:30:57.858-0300] {processor.py:186} INFO - Started process (PID=316567) to work on /mnt/c/Users/Pato_/OneDrive/Documentos/ITBA/PYTHON_DATA_APP/itba/lib/python3.10/site-packages/airflow/example_dags/example_setup_teardown.py
[2024-10-20T19:30:57.859-0300] {processor.py:914} INFO - Processing file /mnt/c/Users/Pato_/OneDrive/Documentos/ITBA/PYTHON_DATA_APP/itba/lib/python3.10/site-packages/airflow/example_dags/example_setup_teardown.py for tasks to queue
[2024-10-20T19:30:57.861-0300] {logging_mixin.py:190} INFO - [2024-10-20T19:30:57.860-0300] {dagbag.py:588} INFO - Filling up the DagBag from /mnt/c/Users/Pato_/OneDrive/Documentos/ITBA/PYTHON_DATA_APP/itba/lib/python3.10/site-packages/airflow/example_dags/example_setup_teardown.py
[2024-10-20T19:30:57.904-0300] {processor.py:925} INFO - DAG(s) 'example_setup_teardown' retrieved from /mnt/c/Users/Pato_/OneDrive/Documentos/ITBA/PYTHON_DATA_APP/itba/lib/python3.10/site-packages/airflow/example_dags/example_setup_teardown.py
[2024-10-20T19:30:57.919-0300] {logging_mixin.py:190} INFO - [2024-10-20T19:30:57.919-0300] {dag.py:3239} INFO - Sync 1 DAGs
[2024-10-20T19:30:57.929-0300] {logging_mixin.py:190} INFO - [2024-10-20T19:30:57.929-0300] {dag.py:4180} INFO - Setting next_dagrun for example_setup_teardown to None, run_after=None
[2024-10-20T19:30:57.959-0300] {processor.py:208} INFO - Processing /mnt/c/Users/Pato_/OneDrive/Documentos/ITBA/PYTHON_DATA_APP/itba/lib/python3.10/site-packages/airflow/example_dags/example_setup_teardown.py took 0.109 seconds
[2024-10-20T19:32:05.083-0300] {processor.py:186} INFO - Started process (PID=317091) to work on /mnt/c/Users/Pato_/OneDrive/Documentos/ITBA/PYTHON_DATA_APP/itba/lib/python3.10/site-packages/airflow/example_dags/example_setup_teardown.py
[2024-10-20T19:32:05.084-0300] {processor.py:914} INFO - Processing file /mnt/c/Users/Pato_/OneDrive/Documentos/ITBA/PYTHON_DATA_APP/itba/lib/python3.10/site-packages/airflow/example_dags/example_setup_teardown.py for tasks to queue
[2024-10-20T19:32:05.086-0300] {logging_mixin.py:190} INFO - [2024-10-20T19:32:05.086-0300] {dagbag.py:588} INFO - Filling up the DagBag from /mnt/c/Users/Pato_/OneDrive/Documentos/ITBA/PYTHON_DATA_APP/itba/lib/python3.10/site-packages/airflow/example_dags/example_setup_teardown.py
[2024-10-20T19:32:05.125-0300] {processor.py:925} INFO - DAG(s) 'example_setup_teardown' retrieved from /mnt/c/Users/Pato_/OneDrive/Documentos/ITBA/PYTHON_DATA_APP/itba/lib/python3.10/site-packages/airflow/example_dags/example_setup_teardown.py
[2024-10-20T19:32:05.140-0300] {logging_mixin.py:190} INFO - [2024-10-20T19:32:05.140-0300] {dag.py:3239} INFO - Sync 1 DAGs
[2024-10-20T19:32:05.149-0300] {logging_mixin.py:190} INFO - [2024-10-20T19:32:05.148-0300] {dag.py:4180} INFO - Setting next_dagrun for example_setup_teardown to None, run_after=None
[2024-10-20T19:32:05.177-0300] {processor.py:208} INFO - Processing /mnt/c/Users/Pato_/OneDrive/Documentos/ITBA/PYTHON_DATA_APP/itba/lib/python3.10/site-packages/airflow/example_dags/example_setup_teardown.py took 0.101 seconds
[2024-10-20T19:33:12.903-0300] {processor.py:186} INFO - Started process (PID=317671) to work on /mnt/c/Users/Pato_/OneDrive/Documentos/ITBA/PYTHON_DATA_APP/itba/lib/python3.10/site-packages/airflow/example_dags/example_setup_teardown.py
[2024-10-20T19:33:12.904-0300] {processor.py:914} INFO - Processing file /mnt/c/Users/Pato_/OneDrive/Documentos/ITBA/PYTHON_DATA_APP/itba/lib/python3.10/site-packages/airflow/example_dags/example_setup_teardown.py for tasks to queue
[2024-10-20T19:33:12.906-0300] {logging_mixin.py:190} INFO - [2024-10-20T19:33:12.906-0300] {dagbag.py:588} INFO - Filling up the DagBag from /mnt/c/Users/Pato_/OneDrive/Documentos/ITBA/PYTHON_DATA_APP/itba/lib/python3.10/site-packages/airflow/example_dags/example_setup_teardown.py
[2024-10-20T19:33:12.945-0300] {processor.py:925} INFO - DAG(s) 'example_setup_teardown' retrieved from /mnt/c/Users/Pato_/OneDrive/Documentos/ITBA/PYTHON_DATA_APP/itba/lib/python3.10/site-packages/airflow/example_dags/example_setup_teardown.py
[2024-10-20T19:33:12.960-0300] {logging_mixin.py:190} INFO - [2024-10-20T19:33:12.959-0300] {dag.py:3239} INFO - Sync 1 DAGs
[2024-10-20T19:33:12.968-0300] {logging_mixin.py:190} INFO - [2024-10-20T19:33:12.968-0300] {dag.py:4180} INFO - Setting next_dagrun for example_setup_teardown to None, run_after=None
[2024-10-20T19:33:12.996-0300] {processor.py:208} INFO - Processing /mnt/c/Users/Pato_/OneDrive/Documentos/ITBA/PYTHON_DATA_APP/itba/lib/python3.10/site-packages/airflow/example_dags/example_setup_teardown.py took 0.099 seconds
[2024-10-20T19:34:18.862-0300] {processor.py:186} INFO - Started process (PID=318346) to work on /mnt/c/Users/Pato_/OneDrive/Documentos/ITBA/PYTHON_DATA_APP/itba/lib/python3.10/site-packages/airflow/example_dags/example_setup_teardown.py
[2024-10-20T19:34:18.863-0300] {processor.py:914} INFO - Processing file /mnt/c/Users/Pato_/OneDrive/Documentos/ITBA/PYTHON_DATA_APP/itba/lib/python3.10/site-packages/airflow/example_dags/example_setup_teardown.py for tasks to queue
[2024-10-20T19:34:18.864-0300] {logging_mixin.py:190} INFO - [2024-10-20T19:34:18.864-0300] {dagbag.py:588} INFO - Filling up the DagBag from /mnt/c/Users/Pato_/OneDrive/Documentos/ITBA/PYTHON_DATA_APP/itba/lib/python3.10/site-packages/airflow/example_dags/example_setup_teardown.py
[2024-10-20T19:34:18.904-0300] {processor.py:925} INFO - DAG(s) 'example_setup_teardown' retrieved from /mnt/c/Users/Pato_/OneDrive/Documentos/ITBA/PYTHON_DATA_APP/itba/lib/python3.10/site-packages/airflow/example_dags/example_setup_teardown.py
[2024-10-20T19:34:18.919-0300] {logging_mixin.py:190} INFO - [2024-10-20T19:34:18.918-0300] {dag.py:3239} INFO - Sync 1 DAGs
[2024-10-20T19:34:18.927-0300] {logging_mixin.py:190} INFO - [2024-10-20T19:34:18.927-0300] {dag.py:4180} INFO - Setting next_dagrun for example_setup_teardown to None, run_after=None
[2024-10-20T19:34:18.958-0300] {processor.py:208} INFO - Processing /mnt/c/Users/Pato_/OneDrive/Documentos/ITBA/PYTHON_DATA_APP/itba/lib/python3.10/site-packages/airflow/example_dags/example_setup_teardown.py took 0.103 seconds
[2024-10-20T19:35:27.214-0300] {processor.py:186} INFO - Started process (PID=319100) to work on /mnt/c/Users/Pato_/OneDrive/Documentos/ITBA/PYTHON_DATA_APP/itba/lib/python3.10/site-packages/airflow/example_dags/example_setup_teardown.py
[2024-10-20T19:35:27.215-0300] {processor.py:914} INFO - Processing file /mnt/c/Users/Pato_/OneDrive/Documentos/ITBA/PYTHON_DATA_APP/itba/lib/python3.10/site-packages/airflow/example_dags/example_setup_teardown.py for tasks to queue
[2024-10-20T19:35:27.217-0300] {logging_mixin.py:190} INFO - [2024-10-20T19:35:27.216-0300] {dagbag.py:588} INFO - Filling up the DagBag from /mnt/c/Users/Pato_/OneDrive/Documentos/ITBA/PYTHON_DATA_APP/itba/lib/python3.10/site-packages/airflow/example_dags/example_setup_teardown.py
[2024-10-20T19:35:27.258-0300] {processor.py:925} INFO - DAG(s) 'example_setup_teardown' retrieved from /mnt/c/Users/Pato_/OneDrive/Documentos/ITBA/PYTHON_DATA_APP/itba/lib/python3.10/site-packages/airflow/example_dags/example_setup_teardown.py
[2024-10-20T19:35:27.276-0300] {logging_mixin.py:190} INFO - [2024-10-20T19:35:27.275-0300] {dag.py:3239} INFO - Sync 1 DAGs
[2024-10-20T19:35:27.285-0300] {logging_mixin.py:190} INFO - [2024-10-20T19:35:27.285-0300] {dag.py:4180} INFO - Setting next_dagrun for example_setup_teardown to None, run_after=None
[2024-10-20T19:35:27.315-0300] {processor.py:208} INFO - Processing /mnt/c/Users/Pato_/OneDrive/Documentos/ITBA/PYTHON_DATA_APP/itba/lib/python3.10/site-packages/airflow/example_dags/example_setup_teardown.py took 0.109 seconds
[2024-10-20T19:36:38.189-0300] {processor.py:186} INFO - Started process (PID=319653) to work on /mnt/c/Users/Pato_/OneDrive/Documentos/ITBA/PYTHON_DATA_APP/itba/lib/python3.10/site-packages/airflow/example_dags/example_setup_teardown.py
[2024-10-20T19:36:38.190-0300] {processor.py:914} INFO - Processing file /mnt/c/Users/Pato_/OneDrive/Documentos/ITBA/PYTHON_DATA_APP/itba/lib/python3.10/site-packages/airflow/example_dags/example_setup_teardown.py for tasks to queue
[2024-10-20T19:36:38.192-0300] {logging_mixin.py:190} INFO - [2024-10-20T19:36:38.192-0300] {dagbag.py:588} INFO - Filling up the DagBag from /mnt/c/Users/Pato_/OneDrive/Documentos/ITBA/PYTHON_DATA_APP/itba/lib/python3.10/site-packages/airflow/example_dags/example_setup_teardown.py
[2024-10-20T19:36:38.231-0300] {processor.py:925} INFO - DAG(s) 'example_setup_teardown' retrieved from /mnt/c/Users/Pato_/OneDrive/Documentos/ITBA/PYTHON_DATA_APP/itba/lib/python3.10/site-packages/airflow/example_dags/example_setup_teardown.py
[2024-10-20T19:36:38.246-0300] {logging_mixin.py:190} INFO - [2024-10-20T19:36:38.245-0300] {dag.py:3239} INFO - Sync 1 DAGs
[2024-10-20T19:36:38.254-0300] {logging_mixin.py:190} INFO - [2024-10-20T19:36:38.254-0300] {dag.py:4180} INFO - Setting next_dagrun for example_setup_teardown to None, run_after=None
[2024-10-20T19:36:38.282-0300] {processor.py:208} INFO - Processing /mnt/c/Users/Pato_/OneDrive/Documentos/ITBA/PYTHON_DATA_APP/itba/lib/python3.10/site-packages/airflow/example_dags/example_setup_teardown.py took 0.100 seconds
[2024-10-20T19:37:45.518-0300] {processor.py:186} INFO - Started process (PID=320178) to work on /mnt/c/Users/Pato_/OneDrive/Documentos/ITBA/PYTHON_DATA_APP/itba/lib/python3.10/site-packages/airflow/example_dags/example_setup_teardown.py
[2024-10-20T19:37:45.519-0300] {processor.py:914} INFO - Processing file /mnt/c/Users/Pato_/OneDrive/Documentos/ITBA/PYTHON_DATA_APP/itba/lib/python3.10/site-packages/airflow/example_dags/example_setup_teardown.py for tasks to queue
[2024-10-20T19:37:45.521-0300] {logging_mixin.py:190} INFO - [2024-10-20T19:37:45.521-0300] {dagbag.py:588} INFO - Filling up the DagBag from /mnt/c/Users/Pato_/OneDrive/Documentos/ITBA/PYTHON_DATA_APP/itba/lib/python3.10/site-packages/airflow/example_dags/example_setup_teardown.py
[2024-10-20T19:37:45.560-0300] {processor.py:925} INFO - DAG(s) 'example_setup_teardown' retrieved from /mnt/c/Users/Pato_/OneDrive/Documentos/ITBA/PYTHON_DATA_APP/itba/lib/python3.10/site-packages/airflow/example_dags/example_setup_teardown.py
[2024-10-20T19:37:45.575-0300] {logging_mixin.py:190} INFO - [2024-10-20T19:37:45.575-0300] {dag.py:3239} INFO - Sync 1 DAGs
[2024-10-20T19:37:45.584-0300] {logging_mixin.py:190} INFO - [2024-10-20T19:37:45.583-0300] {dag.py:4180} INFO - Setting next_dagrun for example_setup_teardown to None, run_after=None
[2024-10-20T19:37:45.613-0300] {processor.py:208} INFO - Processing /mnt/c/Users/Pato_/OneDrive/Documentos/ITBA/PYTHON_DATA_APP/itba/lib/python3.10/site-packages/airflow/example_dags/example_setup_teardown.py took 0.102 seconds
[2024-10-20T19:38:50.421-0300] {processor.py:186} INFO - Started process (PID=320686) to work on /mnt/c/Users/Pato_/OneDrive/Documentos/ITBA/PYTHON_DATA_APP/itba/lib/python3.10/site-packages/airflow/example_dags/example_setup_teardown.py
[2024-10-20T19:38:50.421-0300] {processor.py:914} INFO - Processing file /mnt/c/Users/Pato_/OneDrive/Documentos/ITBA/PYTHON_DATA_APP/itba/lib/python3.10/site-packages/airflow/example_dags/example_setup_teardown.py for tasks to queue
[2024-10-20T19:38:50.423-0300] {logging_mixin.py:190} INFO - [2024-10-20T19:38:50.423-0300] {dagbag.py:588} INFO - Filling up the DagBag from /mnt/c/Users/Pato_/OneDrive/Documentos/ITBA/PYTHON_DATA_APP/itba/lib/python3.10/site-packages/airflow/example_dags/example_setup_teardown.py
[2024-10-20T19:38:50.463-0300] {processor.py:925} INFO - DAG(s) 'example_setup_teardown' retrieved from /mnt/c/Users/Pato_/OneDrive/Documentos/ITBA/PYTHON_DATA_APP/itba/lib/python3.10/site-packages/airflow/example_dags/example_setup_teardown.py
[2024-10-20T19:38:50.479-0300] {logging_mixin.py:190} INFO - [2024-10-20T19:38:50.479-0300] {dag.py:3239} INFO - Sync 1 DAGs
[2024-10-20T19:38:50.488-0300] {logging_mixin.py:190} INFO - [2024-10-20T19:38:50.487-0300] {dag.py:4180} INFO - Setting next_dagrun for example_setup_teardown to None, run_after=None
[2024-10-20T19:38:50.517-0300] {processor.py:208} INFO - Processing /mnt/c/Users/Pato_/OneDrive/Documentos/ITBA/PYTHON_DATA_APP/itba/lib/python3.10/site-packages/airflow/example_dags/example_setup_teardown.py took 0.103 seconds
[2024-10-20T19:39:57.583-0300] {processor.py:186} INFO - Started process (PID=321348) to work on /mnt/c/Users/Pato_/OneDrive/Documentos/ITBA/PYTHON_DATA_APP/itba/lib/python3.10/site-packages/airflow/example_dags/example_setup_teardown.py
[2024-10-20T19:39:57.584-0300] {processor.py:914} INFO - Processing file /mnt/c/Users/Pato_/OneDrive/Documentos/ITBA/PYTHON_DATA_APP/itba/lib/python3.10/site-packages/airflow/example_dags/example_setup_teardown.py for tasks to queue
[2024-10-20T19:39:57.586-0300] {logging_mixin.py:190} INFO - [2024-10-20T19:39:57.586-0300] {dagbag.py:588} INFO - Filling up the DagBag from /mnt/c/Users/Pato_/OneDrive/Documentos/ITBA/PYTHON_DATA_APP/itba/lib/python3.10/site-packages/airflow/example_dags/example_setup_teardown.py
[2024-10-20T19:39:57.627-0300] {processor.py:925} INFO - DAG(s) 'example_setup_teardown' retrieved from /mnt/c/Users/Pato_/OneDrive/Documentos/ITBA/PYTHON_DATA_APP/itba/lib/python3.10/site-packages/airflow/example_dags/example_setup_teardown.py
[2024-10-20T19:39:57.642-0300] {logging_mixin.py:190} INFO - [2024-10-20T19:39:57.641-0300] {dag.py:3239} INFO - Sync 1 DAGs
[2024-10-20T19:39:57.650-0300] {logging_mixin.py:190} INFO - [2024-10-20T19:39:57.650-0300] {dag.py:4180} INFO - Setting next_dagrun for example_setup_teardown to None, run_after=None
[2024-10-20T19:39:57.680-0300] {processor.py:208} INFO - Processing /mnt/c/Users/Pato_/OneDrive/Documentos/ITBA/PYTHON_DATA_APP/itba/lib/python3.10/site-packages/airflow/example_dags/example_setup_teardown.py took 0.103 seconds
[2024-10-20T19:41:02.852-0300] {processor.py:186} INFO - Started process (PID=322104) to work on /mnt/c/Users/Pato_/OneDrive/Documentos/ITBA/PYTHON_DATA_APP/itba/lib/python3.10/site-packages/airflow/example_dags/example_setup_teardown.py
[2024-10-20T19:41:02.853-0300] {processor.py:914} INFO - Processing file /mnt/c/Users/Pato_/OneDrive/Documentos/ITBA/PYTHON_DATA_APP/itba/lib/python3.10/site-packages/airflow/example_dags/example_setup_teardown.py for tasks to queue
[2024-10-20T19:41:02.855-0300] {logging_mixin.py:190} INFO - [2024-10-20T19:41:02.854-0300] {dagbag.py:588} INFO - Filling up the DagBag from /mnt/c/Users/Pato_/OneDrive/Documentos/ITBA/PYTHON_DATA_APP/itba/lib/python3.10/site-packages/airflow/example_dags/example_setup_teardown.py
[2024-10-20T19:41:02.894-0300] {processor.py:925} INFO - DAG(s) 'example_setup_teardown' retrieved from /mnt/c/Users/Pato_/OneDrive/Documentos/ITBA/PYTHON_DATA_APP/itba/lib/python3.10/site-packages/airflow/example_dags/example_setup_teardown.py
[2024-10-20T19:41:02.909-0300] {logging_mixin.py:190} INFO - [2024-10-20T19:41:02.909-0300] {dag.py:3239} INFO - Sync 1 DAGs
[2024-10-20T19:41:02.918-0300] {logging_mixin.py:190} INFO - [2024-10-20T19:41:02.917-0300] {dag.py:4180} INFO - Setting next_dagrun for example_setup_teardown to None, run_after=None
[2024-10-20T19:41:02.948-0300] {processor.py:208} INFO - Processing /mnt/c/Users/Pato_/OneDrive/Documentos/ITBA/PYTHON_DATA_APP/itba/lib/python3.10/site-packages/airflow/example_dags/example_setup_teardown.py took 0.103 seconds
[2024-10-20T19:42:10.858-0300] {processor.py:186} INFO - Started process (PID=322635) to work on /mnt/c/Users/Pato_/OneDrive/Documentos/ITBA/PYTHON_DATA_APP/itba/lib/python3.10/site-packages/airflow/example_dags/example_setup_teardown.py
[2024-10-20T19:42:10.859-0300] {processor.py:914} INFO - Processing file /mnt/c/Users/Pato_/OneDrive/Documentos/ITBA/PYTHON_DATA_APP/itba/lib/python3.10/site-packages/airflow/example_dags/example_setup_teardown.py for tasks to queue
[2024-10-20T19:42:10.861-0300] {logging_mixin.py:190} INFO - [2024-10-20T19:42:10.860-0300] {dagbag.py:588} INFO - Filling up the DagBag from /mnt/c/Users/Pato_/OneDrive/Documentos/ITBA/PYTHON_DATA_APP/itba/lib/python3.10/site-packages/airflow/example_dags/example_setup_teardown.py
[2024-10-20T19:42:10.902-0300] {processor.py:925} INFO - DAG(s) 'example_setup_teardown' retrieved from /mnt/c/Users/Pato_/OneDrive/Documentos/ITBA/PYTHON_DATA_APP/itba/lib/python3.10/site-packages/airflow/example_dags/example_setup_teardown.py
[2024-10-20T19:42:10.917-0300] {logging_mixin.py:190} INFO - [2024-10-20T19:42:10.917-0300] {dag.py:3239} INFO - Sync 1 DAGs
[2024-10-20T19:42:10.926-0300] {logging_mixin.py:190} INFO - [2024-10-20T19:42:10.926-0300] {dag.py:4180} INFO - Setting next_dagrun for example_setup_teardown to None, run_after=None
[2024-10-20T19:42:10.956-0300] {processor.py:208} INFO - Processing /mnt/c/Users/Pato_/OneDrive/Documentos/ITBA/PYTHON_DATA_APP/itba/lib/python3.10/site-packages/airflow/example_dags/example_setup_teardown.py took 0.106 seconds
