[2024-10-20T19:00:19.298-0300] {processor.py:186} INFO - Started process (PID=298659) to work on /mnt/c/Users/Pato_/OneDrive/Documentos/ITBA/PYTHON_DATA_APP/itba/lib/python3.10/site-packages/airflow/example_dags/example_task_group_decorator.py
[2024-10-20T19:00:19.299-0300] {processor.py:914} INFO - Processing file /mnt/c/Users/Pato_/OneDrive/Documentos/ITBA/PYTHON_DATA_APP/itba/lib/python3.10/site-packages/airflow/example_dags/example_task_group_decorator.py for tasks to queue
[2024-10-20T19:00:19.301-0300] {logging_mixin.py:190} INFO - [2024-10-20T19:00:19.300-0300] {dagbag.py:588} INFO - Filling up the DagBag from /mnt/c/Users/Pato_/OneDrive/Documentos/ITBA/PYTHON_DATA_APP/itba/lib/python3.10/site-packages/airflow/example_dags/example_task_group_decorator.py
[2024-10-20T19:00:19.343-0300] {processor.py:925} INFO - DAG(s) 'example_task_group_decorator' retrieved from /mnt/c/Users/Pato_/OneDrive/Documentos/ITBA/PYTHON_DATA_APP/itba/lib/python3.10/site-packages/airflow/example_dags/example_task_group_decorator.py
[2024-10-20T19:00:20.091-0300] {logging_mixin.py:190} INFO - [2024-10-20T19:00:20.090-0300] {override.py:1907} INFO - Created Permission View: can read on DAG:example_task_group_decorator
[2024-10-20T19:00:20.110-0300] {logging_mixin.py:190} INFO - [2024-10-20T19:00:20.110-0300] {override.py:1907} INFO - Created Permission View: can delete on DAG:example_task_group_decorator
[2024-10-20T19:00:20.128-0300] {logging_mixin.py:190} INFO - [2024-10-20T19:00:20.127-0300] {override.py:1907} INFO - Created Permission View: can edit on DAG:example_task_group_decorator
[2024-10-20T19:00:20.156-0300] {logging_mixin.py:190} INFO - [2024-10-20T19:00:20.156-0300] {override.py:1907} INFO - Created Permission View: can read on DAG Run:example_task_group_decorator
[2024-10-20T19:00:20.175-0300] {logging_mixin.py:190} INFO - [2024-10-20T19:00:20.174-0300] {override.py:1907} INFO - Created Permission View: can delete on DAG Run:example_task_group_decorator
[2024-10-20T19:00:20.192-0300] {logging_mixin.py:190} INFO - [2024-10-20T19:00:20.191-0300] {override.py:1907} INFO - Created Permission View: can create on DAG Run:example_task_group_decorator
[2024-10-20T19:00:20.210-0300] {logging_mixin.py:190} INFO - [2024-10-20T19:00:20.210-0300] {override.py:1907} INFO - Created Permission View: menu access on DAG Run:example_task_group_decorator
[2024-10-20T19:00:20.211-0300] {logging_mixin.py:190} INFO - [2024-10-20T19:00:20.211-0300] {dag.py:3239} INFO - Sync 1 DAGs
[2024-10-20T19:00:20.221-0300] {logging_mixin.py:190} INFO - [2024-10-20T19:00:20.221-0300] {dag.py:3262} INFO - Creating ORM DAG for example_task_group_decorator
[2024-10-20T19:00:20.222-0300] {logging_mixin.py:190} INFO - [2024-10-20T19:00:20.222-0300] {dag.py:4180} INFO - Setting next_dagrun for example_task_group_decorator to None, run_after=None
[2024-10-20T19:00:20.253-0300] {processor.py:208} INFO - Processing /mnt/c/Users/Pato_/OneDrive/Documentos/ITBA/PYTHON_DATA_APP/itba/lib/python3.10/site-packages/airflow/example_dags/example_task_group_decorator.py took 0.962 seconds
[2024-10-20T19:02:38.849-0300] {processor.py:186} INFO - Started process (PID=299883) to work on /mnt/c/Users/Pato_/OneDrive/Documentos/ITBA/PYTHON_DATA_APP/itba/lib/python3.10/site-packages/airflow/example_dags/example_task_group_decorator.py
[2024-10-20T19:02:38.850-0300] {processor.py:914} INFO - Processing file /mnt/c/Users/Pato_/OneDrive/Documentos/ITBA/PYTHON_DATA_APP/itba/lib/python3.10/site-packages/airflow/example_dags/example_task_group_decorator.py for tasks to queue
[2024-10-20T19:02:38.852-0300] {logging_mixin.py:190} INFO - [2024-10-20T19:02:38.852-0300] {dagbag.py:588} INFO - Filling up the DagBag from /mnt/c/Users/Pato_/OneDrive/Documentos/ITBA/PYTHON_DATA_APP/itba/lib/python3.10/site-packages/airflow/example_dags/example_task_group_decorator.py
[2024-10-20T19:02:38.897-0300] {processor.py:925} INFO - DAG(s) 'example_task_group_decorator' retrieved from /mnt/c/Users/Pato_/OneDrive/Documentos/ITBA/PYTHON_DATA_APP/itba/lib/python3.10/site-packages/airflow/example_dags/example_task_group_decorator.py
[2024-10-20T19:02:38.915-0300] {logging_mixin.py:190} INFO - [2024-10-20T19:02:38.914-0300] {dag.py:3239} INFO - Sync 1 DAGs
[2024-10-20T19:02:38.924-0300] {logging_mixin.py:190} INFO - [2024-10-20T19:02:38.923-0300] {dag.py:4180} INFO - Setting next_dagrun for example_task_group_decorator to None, run_after=None
[2024-10-20T19:02:38.953-0300] {processor.py:208} INFO - Processing /mnt/c/Users/Pato_/OneDrive/Documentos/ITBA/PYTHON_DATA_APP/itba/lib/python3.10/site-packages/airflow/example_dags/example_task_group_decorator.py took 0.110 seconds
[2024-10-20T19:03:32.309-0300] {processor.py:186} INFO - Started process (PID=300304) to work on /mnt/c/Users/Pato_/OneDrive/Documentos/ITBA/PYTHON_DATA_APP/itba/lib/python3.10/site-packages/airflow/example_dags/example_task_group_decorator.py
[2024-10-20T19:03:32.310-0300] {processor.py:914} INFO - Processing file /mnt/c/Users/Pato_/OneDrive/Documentos/ITBA/PYTHON_DATA_APP/itba/lib/python3.10/site-packages/airflow/example_dags/example_task_group_decorator.py for tasks to queue
[2024-10-20T19:03:32.312-0300] {logging_mixin.py:190} INFO - [2024-10-20T19:03:32.312-0300] {dagbag.py:588} INFO - Filling up the DagBag from /mnt/c/Users/Pato_/OneDrive/Documentos/ITBA/PYTHON_DATA_APP/itba/lib/python3.10/site-packages/airflow/example_dags/example_task_group_decorator.py
[2024-10-20T19:03:32.356-0300] {processor.py:925} INFO - DAG(s) 'example_task_group_decorator' retrieved from /mnt/c/Users/Pato_/OneDrive/Documentos/ITBA/PYTHON_DATA_APP/itba/lib/python3.10/site-packages/airflow/example_dags/example_task_group_decorator.py
[2024-10-20T19:03:32.374-0300] {logging_mixin.py:190} INFO - [2024-10-20T19:03:32.373-0300] {dag.py:3239} INFO - Sync 1 DAGs
[2024-10-20T19:03:32.382-0300] {logging_mixin.py:190} INFO - [2024-10-20T19:03:32.382-0300] {dag.py:4180} INFO - Setting next_dagrun for example_task_group_decorator to None, run_after=None
[2024-10-20T19:03:32.411-0300] {processor.py:208} INFO - Processing /mnt/c/Users/Pato_/OneDrive/Documentos/ITBA/PYTHON_DATA_APP/itba/lib/python3.10/site-packages/airflow/example_dags/example_task_group_decorator.py took 0.108 seconds
[2024-10-20T19:04:42.461-0300] {processor.py:186} INFO - Started process (PID=301046) to work on /mnt/c/Users/Pato_/OneDrive/Documentos/ITBA/PYTHON_DATA_APP/itba/lib/python3.10/site-packages/airflow/example_dags/example_task_group_decorator.py
[2024-10-20T19:04:42.462-0300] {processor.py:914} INFO - Processing file /mnt/c/Users/Pato_/OneDrive/Documentos/ITBA/PYTHON_DATA_APP/itba/lib/python3.10/site-packages/airflow/example_dags/example_task_group_decorator.py for tasks to queue
[2024-10-20T19:04:42.464-0300] {logging_mixin.py:190} INFO - [2024-10-20T19:04:42.464-0300] {dagbag.py:588} INFO - Filling up the DagBag from /mnt/c/Users/Pato_/OneDrive/Documentos/ITBA/PYTHON_DATA_APP/itba/lib/python3.10/site-packages/airflow/example_dags/example_task_group_decorator.py
[2024-10-20T19:04:42.514-0300] {processor.py:925} INFO - DAG(s) 'example_task_group_decorator' retrieved from /mnt/c/Users/Pato_/OneDrive/Documentos/ITBA/PYTHON_DATA_APP/itba/lib/python3.10/site-packages/airflow/example_dags/example_task_group_decorator.py
[2024-10-20T19:04:42.535-0300] {logging_mixin.py:190} INFO - [2024-10-20T19:04:42.534-0300] {dag.py:3239} INFO - Sync 1 DAGs
[2024-10-20T19:04:42.545-0300] {logging_mixin.py:190} INFO - [2024-10-20T19:04:42.545-0300] {dag.py:4180} INFO - Setting next_dagrun for example_task_group_decorator to None, run_after=None
[2024-10-20T19:04:42.578-0300] {processor.py:208} INFO - Processing /mnt/c/Users/Pato_/OneDrive/Documentos/ITBA/PYTHON_DATA_APP/itba/lib/python3.10/site-packages/airflow/example_dags/example_task_group_decorator.py took 0.125 seconds
[2024-10-20T19:05:50.876-0300] {processor.py:186} INFO - Started process (PID=301659) to work on /mnt/c/Users/Pato_/OneDrive/Documentos/ITBA/PYTHON_DATA_APP/itba/lib/python3.10/site-packages/airflow/example_dags/example_task_group_decorator.py
[2024-10-20T19:05:50.877-0300] {processor.py:914} INFO - Processing file /mnt/c/Users/Pato_/OneDrive/Documentos/ITBA/PYTHON_DATA_APP/itba/lib/python3.10/site-packages/airflow/example_dags/example_task_group_decorator.py for tasks to queue
[2024-10-20T19:05:50.879-0300] {logging_mixin.py:190} INFO - [2024-10-20T19:05:50.878-0300] {dagbag.py:588} INFO - Filling up the DagBag from /mnt/c/Users/Pato_/OneDrive/Documentos/ITBA/PYTHON_DATA_APP/itba/lib/python3.10/site-packages/airflow/example_dags/example_task_group_decorator.py
[2024-10-20T19:05:50.924-0300] {processor.py:925} INFO - DAG(s) 'example_task_group_decorator' retrieved from /mnt/c/Users/Pato_/OneDrive/Documentos/ITBA/PYTHON_DATA_APP/itba/lib/python3.10/site-packages/airflow/example_dags/example_task_group_decorator.py
[2024-10-20T19:05:50.943-0300] {logging_mixin.py:190} INFO - [2024-10-20T19:05:50.942-0300] {dag.py:3239} INFO - Sync 1 DAGs
[2024-10-20T19:05:50.952-0300] {logging_mixin.py:190} INFO - [2024-10-20T19:05:50.951-0300] {dag.py:4180} INFO - Setting next_dagrun for example_task_group_decorator to None, run_after=None
[2024-10-20T19:05:50.983-0300] {processor.py:208} INFO - Processing /mnt/c/Users/Pato_/OneDrive/Documentos/ITBA/PYTHON_DATA_APP/itba/lib/python3.10/site-packages/airflow/example_dags/example_task_group_decorator.py took 0.115 seconds
[2024-10-20T19:07:55.493-0300] {processor.py:186} INFO - Started process (PID=303537) to work on /mnt/c/Users/Pato_/OneDrive/Documentos/ITBA/PYTHON_DATA_APP/itba/lib/python3.10/site-packages/airflow/example_dags/example_task_group_decorator.py
[2024-10-20T19:07:55.494-0300] {processor.py:914} INFO - Processing file /mnt/c/Users/Pato_/OneDrive/Documentos/ITBA/PYTHON_DATA_APP/itba/lib/python3.10/site-packages/airflow/example_dags/example_task_group_decorator.py for tasks to queue
[2024-10-20T19:07:55.497-0300] {logging_mixin.py:190} INFO - [2024-10-20T19:07:55.496-0300] {dagbag.py:588} INFO - Filling up the DagBag from /mnt/c/Users/Pato_/OneDrive/Documentos/ITBA/PYTHON_DATA_APP/itba/lib/python3.10/site-packages/airflow/example_dags/example_task_group_decorator.py
[2024-10-20T19:07:55.541-0300] {processor.py:925} INFO - DAG(s) 'example_task_group_decorator' retrieved from /mnt/c/Users/Pato_/OneDrive/Documentos/ITBA/PYTHON_DATA_APP/itba/lib/python3.10/site-packages/airflow/example_dags/example_task_group_decorator.py
[2024-10-20T19:07:55.558-0300] {logging_mixin.py:190} INFO - [2024-10-20T19:07:55.558-0300] {dag.py:3239} INFO - Sync 1 DAGs
[2024-10-20T19:07:55.567-0300] {logging_mixin.py:190} INFO - [2024-10-20T19:07:55.566-0300] {dag.py:4180} INFO - Setting next_dagrun for example_task_group_decorator to None, run_after=None
[2024-10-20T19:07:55.595-0300] {processor.py:208} INFO - Processing /mnt/c/Users/Pato_/OneDrive/Documentos/ITBA/PYTHON_DATA_APP/itba/lib/python3.10/site-packages/airflow/example_dags/example_task_group_decorator.py took 0.109 seconds
[2024-10-20T19:08:47.175-0300] {processor.py:186} INFO - Started process (PID=303938) to work on /mnt/c/Users/Pato_/OneDrive/Documentos/ITBA/PYTHON_DATA_APP/itba/lib/python3.10/site-packages/airflow/example_dags/example_task_group_decorator.py
[2024-10-20T19:08:47.176-0300] {processor.py:914} INFO - Processing file /mnt/c/Users/Pato_/OneDrive/Documentos/ITBA/PYTHON_DATA_APP/itba/lib/python3.10/site-packages/airflow/example_dags/example_task_group_decorator.py for tasks to queue
[2024-10-20T19:08:47.178-0300] {logging_mixin.py:190} INFO - [2024-10-20T19:08:47.177-0300] {dagbag.py:588} INFO - Filling up the DagBag from /mnt/c/Users/Pato_/OneDrive/Documentos/ITBA/PYTHON_DATA_APP/itba/lib/python3.10/site-packages/airflow/example_dags/example_task_group_decorator.py
[2024-10-20T19:08:47.222-0300] {processor.py:925} INFO - DAG(s) 'example_task_group_decorator' retrieved from /mnt/c/Users/Pato_/OneDrive/Documentos/ITBA/PYTHON_DATA_APP/itba/lib/python3.10/site-packages/airflow/example_dags/example_task_group_decorator.py
[2024-10-20T19:08:47.240-0300] {logging_mixin.py:190} INFO - [2024-10-20T19:08:47.239-0300] {dag.py:3239} INFO - Sync 1 DAGs
[2024-10-20T19:08:47.248-0300] {logging_mixin.py:190} INFO - [2024-10-20T19:08:47.248-0300] {dag.py:4180} INFO - Setting next_dagrun for example_task_group_decorator to None, run_after=None
[2024-10-20T19:08:47.278-0300] {processor.py:208} INFO - Processing /mnt/c/Users/Pato_/OneDrive/Documentos/ITBA/PYTHON_DATA_APP/itba/lib/python3.10/site-packages/airflow/example_dags/example_task_group_decorator.py took 0.110 seconds
[2024-10-20T19:09:51.380-0300] {processor.py:186} INFO - Started process (PID=304519) to work on /mnt/c/Users/Pato_/OneDrive/Documentos/ITBA/PYTHON_DATA_APP/itba/lib/python3.10/site-packages/airflow/example_dags/example_task_group_decorator.py
[2024-10-20T19:09:51.381-0300] {processor.py:914} INFO - Processing file /mnt/c/Users/Pato_/OneDrive/Documentos/ITBA/PYTHON_DATA_APP/itba/lib/python3.10/site-packages/airflow/example_dags/example_task_group_decorator.py for tasks to queue
[2024-10-20T19:09:51.383-0300] {logging_mixin.py:190} INFO - [2024-10-20T19:09:51.382-0300] {dagbag.py:588} INFO - Filling up the DagBag from /mnt/c/Users/Pato_/OneDrive/Documentos/ITBA/PYTHON_DATA_APP/itba/lib/python3.10/site-packages/airflow/example_dags/example_task_group_decorator.py
[2024-10-20T19:09:51.428-0300] {processor.py:925} INFO - DAG(s) 'example_task_group_decorator' retrieved from /mnt/c/Users/Pato_/OneDrive/Documentos/ITBA/PYTHON_DATA_APP/itba/lib/python3.10/site-packages/airflow/example_dags/example_task_group_decorator.py
[2024-10-20T19:09:51.448-0300] {logging_mixin.py:190} INFO - [2024-10-20T19:09:51.447-0300] {dag.py:3239} INFO - Sync 1 DAGs
[2024-10-20T19:09:51.457-0300] {logging_mixin.py:190} INFO - [2024-10-20T19:09:51.457-0300] {dag.py:4180} INFO - Setting next_dagrun for example_task_group_decorator to None, run_after=None
[2024-10-20T19:09:51.486-0300] {processor.py:208} INFO - Processing /mnt/c/Users/Pato_/OneDrive/Documentos/ITBA/PYTHON_DATA_APP/itba/lib/python3.10/site-packages/airflow/example_dags/example_task_group_decorator.py took 0.113 seconds
[2024-10-20T19:10:59.038-0300] {processor.py:186} INFO - Started process (PID=305059) to work on /mnt/c/Users/Pato_/OneDrive/Documentos/ITBA/PYTHON_DATA_APP/itba/lib/python3.10/site-packages/airflow/example_dags/example_task_group_decorator.py
[2024-10-20T19:10:59.039-0300] {processor.py:914} INFO - Processing file /mnt/c/Users/Pato_/OneDrive/Documentos/ITBA/PYTHON_DATA_APP/itba/lib/python3.10/site-packages/airflow/example_dags/example_task_group_decorator.py for tasks to queue
[2024-10-20T19:10:59.041-0300] {logging_mixin.py:190} INFO - [2024-10-20T19:10:59.040-0300] {dagbag.py:588} INFO - Filling up the DagBag from /mnt/c/Users/Pato_/OneDrive/Documentos/ITBA/PYTHON_DATA_APP/itba/lib/python3.10/site-packages/airflow/example_dags/example_task_group_decorator.py
[2024-10-20T19:10:59.085-0300] {processor.py:925} INFO - DAG(s) 'example_task_group_decorator' retrieved from /mnt/c/Users/Pato_/OneDrive/Documentos/ITBA/PYTHON_DATA_APP/itba/lib/python3.10/site-packages/airflow/example_dags/example_task_group_decorator.py
[2024-10-20T19:10:59.102-0300] {logging_mixin.py:190} INFO - [2024-10-20T19:10:59.102-0300] {dag.py:3239} INFO - Sync 1 DAGs
[2024-10-20T19:10:59.111-0300] {logging_mixin.py:190} INFO - [2024-10-20T19:10:59.110-0300] {dag.py:4180} INFO - Setting next_dagrun for example_task_group_decorator to None, run_after=None
[2024-10-20T19:10:59.141-0300] {processor.py:208} INFO - Processing /mnt/c/Users/Pato_/OneDrive/Documentos/ITBA/PYTHON_DATA_APP/itba/lib/python3.10/site-packages/airflow/example_dags/example_task_group_decorator.py took 0.110 seconds
[2024-10-20T19:12:07.823-0300] {processor.py:186} INFO - Started process (PID=305597) to work on /mnt/c/Users/Pato_/OneDrive/Documentos/ITBA/PYTHON_DATA_APP/itba/lib/python3.10/site-packages/airflow/example_dags/example_task_group_decorator.py
[2024-10-20T19:12:07.824-0300] {processor.py:914} INFO - Processing file /mnt/c/Users/Pato_/OneDrive/Documentos/ITBA/PYTHON_DATA_APP/itba/lib/python3.10/site-packages/airflow/example_dags/example_task_group_decorator.py for tasks to queue
[2024-10-20T19:12:07.826-0300] {logging_mixin.py:190} INFO - [2024-10-20T19:12:07.826-0300] {dagbag.py:588} INFO - Filling up the DagBag from /mnt/c/Users/Pato_/OneDrive/Documentos/ITBA/PYTHON_DATA_APP/itba/lib/python3.10/site-packages/airflow/example_dags/example_task_group_decorator.py
[2024-10-20T19:12:07.869-0300] {processor.py:925} INFO - DAG(s) 'example_task_group_decorator' retrieved from /mnt/c/Users/Pato_/OneDrive/Documentos/ITBA/PYTHON_DATA_APP/itba/lib/python3.10/site-packages/airflow/example_dags/example_task_group_decorator.py
[2024-10-20T19:12:07.887-0300] {logging_mixin.py:190} INFO - [2024-10-20T19:12:07.886-0300] {dag.py:3239} INFO - Sync 1 DAGs
[2024-10-20T19:12:07.896-0300] {logging_mixin.py:190} INFO - [2024-10-20T19:12:07.895-0300] {dag.py:4180} INFO - Setting next_dagrun for example_task_group_decorator to None, run_after=None
[2024-10-20T19:12:07.924-0300] {processor.py:208} INFO - Processing /mnt/c/Users/Pato_/OneDrive/Documentos/ITBA/PYTHON_DATA_APP/itba/lib/python3.10/site-packages/airflow/example_dags/example_task_group_decorator.py took 0.108 seconds
[2024-10-20T19:13:13.379-0300] {processor.py:186} INFO - Started process (PID=306108) to work on /mnt/c/Users/Pato_/OneDrive/Documentos/ITBA/PYTHON_DATA_APP/itba/lib/python3.10/site-packages/airflow/example_dags/example_task_group_decorator.py
[2024-10-20T19:13:13.380-0300] {processor.py:914} INFO - Processing file /mnt/c/Users/Pato_/OneDrive/Documentos/ITBA/PYTHON_DATA_APP/itba/lib/python3.10/site-packages/airflow/example_dags/example_task_group_decorator.py for tasks to queue
[2024-10-20T19:13:13.382-0300] {logging_mixin.py:190} INFO - [2024-10-20T19:13:13.382-0300] {dagbag.py:588} INFO - Filling up the DagBag from /mnt/c/Users/Pato_/OneDrive/Documentos/ITBA/PYTHON_DATA_APP/itba/lib/python3.10/site-packages/airflow/example_dags/example_task_group_decorator.py
[2024-10-20T19:13:13.425-0300] {processor.py:925} INFO - DAG(s) 'example_task_group_decorator' retrieved from /mnt/c/Users/Pato_/OneDrive/Documentos/ITBA/PYTHON_DATA_APP/itba/lib/python3.10/site-packages/airflow/example_dags/example_task_group_decorator.py
[2024-10-20T19:13:13.442-0300] {logging_mixin.py:190} INFO - [2024-10-20T19:13:13.441-0300] {dag.py:3239} INFO - Sync 1 DAGs
[2024-10-20T19:13:13.451-0300] {logging_mixin.py:190} INFO - [2024-10-20T19:13:13.450-0300] {dag.py:4180} INFO - Setting next_dagrun for example_task_group_decorator to None, run_after=None
[2024-10-20T19:13:13.479-0300] {processor.py:208} INFO - Processing /mnt/c/Users/Pato_/OneDrive/Documentos/ITBA/PYTHON_DATA_APP/itba/lib/python3.10/site-packages/airflow/example_dags/example_task_group_decorator.py took 0.106 seconds
[2024-10-20T19:14:18.519-0300] {processor.py:186} INFO - Started process (PID=306616) to work on /mnt/c/Users/Pato_/OneDrive/Documentos/ITBA/PYTHON_DATA_APP/itba/lib/python3.10/site-packages/airflow/example_dags/example_task_group_decorator.py
[2024-10-20T19:14:18.520-0300] {processor.py:914} INFO - Processing file /mnt/c/Users/Pato_/OneDrive/Documentos/ITBA/PYTHON_DATA_APP/itba/lib/python3.10/site-packages/airflow/example_dags/example_task_group_decorator.py for tasks to queue
[2024-10-20T19:14:18.522-0300] {logging_mixin.py:190} INFO - [2024-10-20T19:14:18.521-0300] {dagbag.py:588} INFO - Filling up the DagBag from /mnt/c/Users/Pato_/OneDrive/Documentos/ITBA/PYTHON_DATA_APP/itba/lib/python3.10/site-packages/airflow/example_dags/example_task_group_decorator.py
[2024-10-20T19:14:18.565-0300] {processor.py:925} INFO - DAG(s) 'example_task_group_decorator' retrieved from /mnt/c/Users/Pato_/OneDrive/Documentos/ITBA/PYTHON_DATA_APP/itba/lib/python3.10/site-packages/airflow/example_dags/example_task_group_decorator.py
[2024-10-20T19:14:18.583-0300] {logging_mixin.py:190} INFO - [2024-10-20T19:14:18.583-0300] {dag.py:3239} INFO - Sync 1 DAGs
[2024-10-20T19:14:18.592-0300] {logging_mixin.py:190} INFO - [2024-10-20T19:14:18.592-0300] {dag.py:4180} INFO - Setting next_dagrun for example_task_group_decorator to None, run_after=None
[2024-10-20T19:14:18.621-0300] {processor.py:208} INFO - Processing /mnt/c/Users/Pato_/OneDrive/Documentos/ITBA/PYTHON_DATA_APP/itba/lib/python3.10/site-packages/airflow/example_dags/example_task_group_decorator.py took 0.109 seconds
[2024-10-20T19:15:29.127-0300] {processor.py:186} INFO - Started process (PID=307196) to work on /mnt/c/Users/Pato_/OneDrive/Documentos/ITBA/PYTHON_DATA_APP/itba/lib/python3.10/site-packages/airflow/example_dags/example_task_group_decorator.py
[2024-10-20T19:15:29.128-0300] {processor.py:914} INFO - Processing file /mnt/c/Users/Pato_/OneDrive/Documentos/ITBA/PYTHON_DATA_APP/itba/lib/python3.10/site-packages/airflow/example_dags/example_task_group_decorator.py for tasks to queue
[2024-10-20T19:15:29.130-0300] {logging_mixin.py:190} INFO - [2024-10-20T19:15:29.129-0300] {dagbag.py:588} INFO - Filling up the DagBag from /mnt/c/Users/Pato_/OneDrive/Documentos/ITBA/PYTHON_DATA_APP/itba/lib/python3.10/site-packages/airflow/example_dags/example_task_group_decorator.py
[2024-10-20T19:15:29.174-0300] {processor.py:925} INFO - DAG(s) 'example_task_group_decorator' retrieved from /mnt/c/Users/Pato_/OneDrive/Documentos/ITBA/PYTHON_DATA_APP/itba/lib/python3.10/site-packages/airflow/example_dags/example_task_group_decorator.py
[2024-10-20T19:15:29.192-0300] {logging_mixin.py:190} INFO - [2024-10-20T19:15:29.191-0300] {dag.py:3239} INFO - Sync 1 DAGs
[2024-10-20T19:15:29.200-0300] {logging_mixin.py:190} INFO - [2024-10-20T19:15:29.200-0300] {dag.py:4180} INFO - Setting next_dagrun for example_task_group_decorator to None, run_after=None
[2024-10-20T19:15:29.228-0300] {processor.py:208} INFO - Processing /mnt/c/Users/Pato_/OneDrive/Documentos/ITBA/PYTHON_DATA_APP/itba/lib/python3.10/site-packages/airflow/example_dags/example_task_group_decorator.py took 0.108 seconds
[2024-10-20T19:16:35.759-0300] {processor.py:186} INFO - Started process (PID=307718) to work on /mnt/c/Users/Pato_/OneDrive/Documentos/ITBA/PYTHON_DATA_APP/itba/lib/python3.10/site-packages/airflow/example_dags/example_task_group_decorator.py
[2024-10-20T19:16:35.759-0300] {processor.py:914} INFO - Processing file /mnt/c/Users/Pato_/OneDrive/Documentos/ITBA/PYTHON_DATA_APP/itba/lib/python3.10/site-packages/airflow/example_dags/example_task_group_decorator.py for tasks to queue
[2024-10-20T19:16:35.762-0300] {logging_mixin.py:190} INFO - [2024-10-20T19:16:35.761-0300] {dagbag.py:588} INFO - Filling up the DagBag from /mnt/c/Users/Pato_/OneDrive/Documentos/ITBA/PYTHON_DATA_APP/itba/lib/python3.10/site-packages/airflow/example_dags/example_task_group_decorator.py
[2024-10-20T19:16:35.805-0300] {processor.py:925} INFO - DAG(s) 'example_task_group_decorator' retrieved from /mnt/c/Users/Pato_/OneDrive/Documentos/ITBA/PYTHON_DATA_APP/itba/lib/python3.10/site-packages/airflow/example_dags/example_task_group_decorator.py
[2024-10-20T19:16:35.822-0300] {logging_mixin.py:190} INFO - [2024-10-20T19:16:35.822-0300] {dag.py:3239} INFO - Sync 1 DAGs
[2024-10-20T19:16:35.831-0300] {logging_mixin.py:190} INFO - [2024-10-20T19:16:35.830-0300] {dag.py:4180} INFO - Setting next_dagrun for example_task_group_decorator to None, run_after=None
[2024-10-20T19:16:35.859-0300] {processor.py:208} INFO - Processing /mnt/c/Users/Pato_/OneDrive/Documentos/ITBA/PYTHON_DATA_APP/itba/lib/python3.10/site-packages/airflow/example_dags/example_task_group_decorator.py took 0.107 seconds
[2024-10-20T19:17:50.400-0300] {processor.py:186} INFO - Started process (PID=308300) to work on /mnt/c/Users/Pato_/OneDrive/Documentos/ITBA/PYTHON_DATA_APP/itba/lib/python3.10/site-packages/airflow/example_dags/example_task_group_decorator.py
[2024-10-20T19:17:50.401-0300] {processor.py:914} INFO - Processing file /mnt/c/Users/Pato_/OneDrive/Documentos/ITBA/PYTHON_DATA_APP/itba/lib/python3.10/site-packages/airflow/example_dags/example_task_group_decorator.py for tasks to queue
[2024-10-20T19:17:50.403-0300] {logging_mixin.py:190} INFO - [2024-10-20T19:17:50.403-0300] {dagbag.py:588} INFO - Filling up the DagBag from /mnt/c/Users/Pato_/OneDrive/Documentos/ITBA/PYTHON_DATA_APP/itba/lib/python3.10/site-packages/airflow/example_dags/example_task_group_decorator.py
[2024-10-20T19:17:50.445-0300] {processor.py:925} INFO - DAG(s) 'example_task_group_decorator' retrieved from /mnt/c/Users/Pato_/OneDrive/Documentos/ITBA/PYTHON_DATA_APP/itba/lib/python3.10/site-packages/airflow/example_dags/example_task_group_decorator.py
[2024-10-20T19:17:50.463-0300] {logging_mixin.py:190} INFO - [2024-10-20T19:17:50.462-0300] {dag.py:3239} INFO - Sync 1 DAGs
[2024-10-20T19:17:50.471-0300] {logging_mixin.py:190} INFO - [2024-10-20T19:17:50.471-0300] {dag.py:4180} INFO - Setting next_dagrun for example_task_group_decorator to None, run_after=None
[2024-10-20T19:17:50.500-0300] {processor.py:208} INFO - Processing /mnt/c/Users/Pato_/OneDrive/Documentos/ITBA/PYTHON_DATA_APP/itba/lib/python3.10/site-packages/airflow/example_dags/example_task_group_decorator.py took 0.107 seconds
[2024-10-20T19:19:00.268-0300] {processor.py:186} INFO - Started process (PID=308842) to work on /mnt/c/Users/Pato_/OneDrive/Documentos/ITBA/PYTHON_DATA_APP/itba/lib/python3.10/site-packages/airflow/example_dags/example_task_group_decorator.py
[2024-10-20T19:19:00.269-0300] {processor.py:914} INFO - Processing file /mnt/c/Users/Pato_/OneDrive/Documentos/ITBA/PYTHON_DATA_APP/itba/lib/python3.10/site-packages/airflow/example_dags/example_task_group_decorator.py for tasks to queue
[2024-10-20T19:19:00.271-0300] {logging_mixin.py:190} INFO - [2024-10-20T19:19:00.271-0300] {dagbag.py:588} INFO - Filling up the DagBag from /mnt/c/Users/Pato_/OneDrive/Documentos/ITBA/PYTHON_DATA_APP/itba/lib/python3.10/site-packages/airflow/example_dags/example_task_group_decorator.py
[2024-10-20T19:19:00.313-0300] {processor.py:925} INFO - DAG(s) 'example_task_group_decorator' retrieved from /mnt/c/Users/Pato_/OneDrive/Documentos/ITBA/PYTHON_DATA_APP/itba/lib/python3.10/site-packages/airflow/example_dags/example_task_group_decorator.py
[2024-10-20T19:19:00.330-0300] {logging_mixin.py:190} INFO - [2024-10-20T19:19:00.330-0300] {dag.py:3239} INFO - Sync 1 DAGs
[2024-10-20T19:19:00.339-0300] {logging_mixin.py:190} INFO - [2024-10-20T19:19:00.339-0300] {dag.py:4180} INFO - Setting next_dagrun for example_task_group_decorator to None, run_after=None
[2024-10-20T19:19:00.368-0300] {processor.py:208} INFO - Processing /mnt/c/Users/Pato_/OneDrive/Documentos/ITBA/PYTHON_DATA_APP/itba/lib/python3.10/site-packages/airflow/example_dags/example_task_group_decorator.py took 0.107 seconds
[2024-10-20T19:20:11.696-0300] {processor.py:186} INFO - Started process (PID=309426) to work on /mnt/c/Users/Pato_/OneDrive/Documentos/ITBA/PYTHON_DATA_APP/itba/lib/python3.10/site-packages/airflow/example_dags/example_task_group_decorator.py
[2024-10-20T19:20:11.697-0300] {processor.py:914} INFO - Processing file /mnt/c/Users/Pato_/OneDrive/Documentos/ITBA/PYTHON_DATA_APP/itba/lib/python3.10/site-packages/airflow/example_dags/example_task_group_decorator.py for tasks to queue
[2024-10-20T19:20:11.699-0300] {logging_mixin.py:190} INFO - [2024-10-20T19:20:11.699-0300] {dagbag.py:588} INFO - Filling up the DagBag from /mnt/c/Users/Pato_/OneDrive/Documentos/ITBA/PYTHON_DATA_APP/itba/lib/python3.10/site-packages/airflow/example_dags/example_task_group_decorator.py
[2024-10-20T19:20:11.743-0300] {processor.py:925} INFO - DAG(s) 'example_task_group_decorator' retrieved from /mnt/c/Users/Pato_/OneDrive/Documentos/ITBA/PYTHON_DATA_APP/itba/lib/python3.10/site-packages/airflow/example_dags/example_task_group_decorator.py
[2024-10-20T19:20:11.760-0300] {logging_mixin.py:190} INFO - [2024-10-20T19:20:11.760-0300] {dag.py:3239} INFO - Sync 1 DAGs
[2024-10-20T19:20:11.768-0300] {logging_mixin.py:190} INFO - [2024-10-20T19:20:11.768-0300] {dag.py:4180} INFO - Setting next_dagrun for example_task_group_decorator to None, run_after=None
[2024-10-20T19:20:11.798-0300] {processor.py:208} INFO - Processing /mnt/c/Users/Pato_/OneDrive/Documentos/ITBA/PYTHON_DATA_APP/itba/lib/python3.10/site-packages/airflow/example_dags/example_task_group_decorator.py took 0.109 seconds
[2024-10-20T19:21:22.879-0300] {processor.py:186} INFO - Started process (PID=310046) to work on /mnt/c/Users/Pato_/OneDrive/Documentos/ITBA/PYTHON_DATA_APP/itba/lib/python3.10/site-packages/airflow/example_dags/example_task_group_decorator.py
[2024-10-20T19:21:22.879-0300] {processor.py:914} INFO - Processing file /mnt/c/Users/Pato_/OneDrive/Documentos/ITBA/PYTHON_DATA_APP/itba/lib/python3.10/site-packages/airflow/example_dags/example_task_group_decorator.py for tasks to queue
[2024-10-20T19:21:22.882-0300] {logging_mixin.py:190} INFO - [2024-10-20T19:21:22.881-0300] {dagbag.py:588} INFO - Filling up the DagBag from /mnt/c/Users/Pato_/OneDrive/Documentos/ITBA/PYTHON_DATA_APP/itba/lib/python3.10/site-packages/airflow/example_dags/example_task_group_decorator.py
[2024-10-20T19:21:22.925-0300] {processor.py:925} INFO - DAG(s) 'example_task_group_decorator' retrieved from /mnt/c/Users/Pato_/OneDrive/Documentos/ITBA/PYTHON_DATA_APP/itba/lib/python3.10/site-packages/airflow/example_dags/example_task_group_decorator.py
[2024-10-20T19:21:22.944-0300] {logging_mixin.py:190} INFO - [2024-10-20T19:21:22.944-0300] {dag.py:3239} INFO - Sync 1 DAGs
[2024-10-20T19:21:22.954-0300] {logging_mixin.py:190} INFO - [2024-10-20T19:21:22.953-0300] {dag.py:4180} INFO - Setting next_dagrun for example_task_group_decorator to None, run_after=None
[2024-10-20T19:21:22.985-0300] {processor.py:208} INFO - Processing /mnt/c/Users/Pato_/OneDrive/Documentos/ITBA/PYTHON_DATA_APP/itba/lib/python3.10/site-packages/airflow/example_dags/example_task_group_decorator.py took 0.113 seconds
[2024-10-20T19:22:28.496-0300] {processor.py:186} INFO - Started process (PID=310654) to work on /mnt/c/Users/Pato_/OneDrive/Documentos/ITBA/PYTHON_DATA_APP/itba/lib/python3.10/site-packages/airflow/example_dags/example_task_group_decorator.py
[2024-10-20T19:22:28.497-0300] {processor.py:914} INFO - Processing file /mnt/c/Users/Pato_/OneDrive/Documentos/ITBA/PYTHON_DATA_APP/itba/lib/python3.10/site-packages/airflow/example_dags/example_task_group_decorator.py for tasks to queue
[2024-10-20T19:22:28.499-0300] {logging_mixin.py:190} INFO - [2024-10-20T19:22:28.498-0300] {dagbag.py:588} INFO - Filling up the DagBag from /mnt/c/Users/Pato_/OneDrive/Documentos/ITBA/PYTHON_DATA_APP/itba/lib/python3.10/site-packages/airflow/example_dags/example_task_group_decorator.py
[2024-10-20T19:22:28.541-0300] {processor.py:925} INFO - DAG(s) 'example_task_group_decorator' retrieved from /mnt/c/Users/Pato_/OneDrive/Documentos/ITBA/PYTHON_DATA_APP/itba/lib/python3.10/site-packages/airflow/example_dags/example_task_group_decorator.py
[2024-10-20T19:22:28.559-0300] {logging_mixin.py:190} INFO - [2024-10-20T19:22:28.558-0300] {dag.py:3239} INFO - Sync 1 DAGs
[2024-10-20T19:22:28.568-0300] {logging_mixin.py:190} INFO - [2024-10-20T19:22:28.567-0300] {dag.py:4180} INFO - Setting next_dagrun for example_task_group_decorator to None, run_after=None
[2024-10-20T19:22:28.596-0300] {processor.py:208} INFO - Processing /mnt/c/Users/Pato_/OneDrive/Documentos/ITBA/PYTHON_DATA_APP/itba/lib/python3.10/site-packages/airflow/example_dags/example_task_group_decorator.py took 0.107 seconds
[2024-10-20T19:23:30.527-0300] {processor.py:186} INFO - Started process (PID=311284) to work on /mnt/c/Users/Pato_/OneDrive/Documentos/ITBA/PYTHON_DATA_APP/itba/lib/python3.10/site-packages/airflow/example_dags/example_task_group_decorator.py
[2024-10-20T19:23:30.528-0300] {processor.py:914} INFO - Processing file /mnt/c/Users/Pato_/OneDrive/Documentos/ITBA/PYTHON_DATA_APP/itba/lib/python3.10/site-packages/airflow/example_dags/example_task_group_decorator.py for tasks to queue
[2024-10-20T19:23:30.531-0300] {logging_mixin.py:190} INFO - [2024-10-20T19:23:30.530-0300] {dagbag.py:588} INFO - Filling up the DagBag from /mnt/c/Users/Pato_/OneDrive/Documentos/ITBA/PYTHON_DATA_APP/itba/lib/python3.10/site-packages/airflow/example_dags/example_task_group_decorator.py
[2024-10-20T19:23:30.580-0300] {processor.py:925} INFO - DAG(s) 'example_task_group_decorator' retrieved from /mnt/c/Users/Pato_/OneDrive/Documentos/ITBA/PYTHON_DATA_APP/itba/lib/python3.10/site-packages/airflow/example_dags/example_task_group_decorator.py
[2024-10-20T19:23:30.600-0300] {logging_mixin.py:190} INFO - [2024-10-20T19:23:30.600-0300] {dag.py:3239} INFO - Sync 1 DAGs
[2024-10-20T19:23:30.611-0300] {logging_mixin.py:190} INFO - [2024-10-20T19:23:30.610-0300] {dag.py:4180} INFO - Setting next_dagrun for example_task_group_decorator to None, run_after=None
[2024-10-20T19:23:30.644-0300] {processor.py:208} INFO - Processing /mnt/c/Users/Pato_/OneDrive/Documentos/ITBA/PYTHON_DATA_APP/itba/lib/python3.10/site-packages/airflow/example_dags/example_task_group_decorator.py took 0.125 seconds
[2024-10-20T19:24:36.908-0300] {processor.py:186} INFO - Started process (PID=312220) to work on /mnt/c/Users/Pato_/OneDrive/Documentos/ITBA/PYTHON_DATA_APP/itba/lib/python3.10/site-packages/airflow/example_dags/example_task_group_decorator.py
[2024-10-20T19:24:36.909-0300] {processor.py:914} INFO - Processing file /mnt/c/Users/Pato_/OneDrive/Documentos/ITBA/PYTHON_DATA_APP/itba/lib/python3.10/site-packages/airflow/example_dags/example_task_group_decorator.py for tasks to queue
[2024-10-20T19:24:36.911-0300] {logging_mixin.py:190} INFO - [2024-10-20T19:24:36.911-0300] {dagbag.py:588} INFO - Filling up the DagBag from /mnt/c/Users/Pato_/OneDrive/Documentos/ITBA/PYTHON_DATA_APP/itba/lib/python3.10/site-packages/airflow/example_dags/example_task_group_decorator.py
[2024-10-20T19:24:36.957-0300] {processor.py:925} INFO - DAG(s) 'example_task_group_decorator' retrieved from /mnt/c/Users/Pato_/OneDrive/Documentos/ITBA/PYTHON_DATA_APP/itba/lib/python3.10/site-packages/airflow/example_dags/example_task_group_decorator.py
[2024-10-20T19:24:36.975-0300] {logging_mixin.py:190} INFO - [2024-10-20T19:24:36.974-0300] {dag.py:3239} INFO - Sync 1 DAGs
[2024-10-20T19:24:36.984-0300] {logging_mixin.py:190} INFO - [2024-10-20T19:24:36.983-0300] {dag.py:4180} INFO - Setting next_dagrun for example_task_group_decorator to None, run_after=None
[2024-10-20T19:24:37.014-0300] {processor.py:208} INFO - Processing /mnt/c/Users/Pato_/OneDrive/Documentos/ITBA/PYTHON_DATA_APP/itba/lib/python3.10/site-packages/airflow/example_dags/example_task_group_decorator.py took 0.113 seconds
[2024-10-20T19:26:15.963-0300] {processor.py:186} INFO - Started process (PID=313543) to work on /mnt/c/Users/Pato_/OneDrive/Documentos/ITBA/PYTHON_DATA_APP/itba/lib/python3.10/site-packages/airflow/example_dags/example_task_group_decorator.py
[2024-10-20T19:26:15.964-0300] {processor.py:914} INFO - Processing file /mnt/c/Users/Pato_/OneDrive/Documentos/ITBA/PYTHON_DATA_APP/itba/lib/python3.10/site-packages/airflow/example_dags/example_task_group_decorator.py for tasks to queue
[2024-10-20T19:26:15.966-0300] {logging_mixin.py:190} INFO - [2024-10-20T19:26:15.966-0300] {dagbag.py:588} INFO - Filling up the DagBag from /mnt/c/Users/Pato_/OneDrive/Documentos/ITBA/PYTHON_DATA_APP/itba/lib/python3.10/site-packages/airflow/example_dags/example_task_group_decorator.py
[2024-10-20T19:26:16.009-0300] {processor.py:925} INFO - DAG(s) 'example_task_group_decorator' retrieved from /mnt/c/Users/Pato_/OneDrive/Documentos/ITBA/PYTHON_DATA_APP/itba/lib/python3.10/site-packages/airflow/example_dags/example_task_group_decorator.py
[2024-10-20T19:26:16.026-0300] {logging_mixin.py:190} INFO - [2024-10-20T19:26:16.026-0300] {dag.py:3239} INFO - Sync 1 DAGs
[2024-10-20T19:26:16.035-0300] {logging_mixin.py:190} INFO - [2024-10-20T19:26:16.035-0300] {dag.py:4180} INFO - Setting next_dagrun for example_task_group_decorator to None, run_after=None
[2024-10-20T19:26:16.064-0300] {processor.py:208} INFO - Processing /mnt/c/Users/Pato_/OneDrive/Documentos/ITBA/PYTHON_DATA_APP/itba/lib/python3.10/site-packages/airflow/example_dags/example_task_group_decorator.py took 0.108 seconds
[2024-10-20T19:27:20.987-0300] {processor.py:186} INFO - Started process (PID=314308) to work on /mnt/c/Users/Pato_/OneDrive/Documentos/ITBA/PYTHON_DATA_APP/itba/lib/python3.10/site-packages/airflow/example_dags/example_task_group_decorator.py
[2024-10-20T19:27:20.988-0300] {processor.py:914} INFO - Processing file /mnt/c/Users/Pato_/OneDrive/Documentos/ITBA/PYTHON_DATA_APP/itba/lib/python3.10/site-packages/airflow/example_dags/example_task_group_decorator.py for tasks to queue
[2024-10-20T19:27:20.991-0300] {logging_mixin.py:190} INFO - [2024-10-20T19:27:20.990-0300] {dagbag.py:588} INFO - Filling up the DagBag from /mnt/c/Users/Pato_/OneDrive/Documentos/ITBA/PYTHON_DATA_APP/itba/lib/python3.10/site-packages/airflow/example_dags/example_task_group_decorator.py
[2024-10-20T19:27:21.033-0300] {processor.py:925} INFO - DAG(s) 'example_task_group_decorator' retrieved from /mnt/c/Users/Pato_/OneDrive/Documentos/ITBA/PYTHON_DATA_APP/itba/lib/python3.10/site-packages/airflow/example_dags/example_task_group_decorator.py
[2024-10-20T19:27:21.050-0300] {logging_mixin.py:190} INFO - [2024-10-20T19:27:21.050-0300] {dag.py:3239} INFO - Sync 1 DAGs
[2024-10-20T19:27:21.059-0300] {logging_mixin.py:190} INFO - [2024-10-20T19:27:21.058-0300] {dag.py:4180} INFO - Setting next_dagrun for example_task_group_decorator to None, run_after=None
[2024-10-20T19:27:21.087-0300] {processor.py:208} INFO - Processing /mnt/c/Users/Pato_/OneDrive/Documentos/ITBA/PYTHON_DATA_APP/itba/lib/python3.10/site-packages/airflow/example_dags/example_task_group_decorator.py took 0.107 seconds
[2024-10-20T19:28:27.468-0300] {processor.py:186} INFO - Started process (PID=315084) to work on /mnt/c/Users/Pato_/OneDrive/Documentos/ITBA/PYTHON_DATA_APP/itba/lib/python3.10/site-packages/airflow/example_dags/example_task_group_decorator.py
[2024-10-20T19:28:27.469-0300] {processor.py:914} INFO - Processing file /mnt/c/Users/Pato_/OneDrive/Documentos/ITBA/PYTHON_DATA_APP/itba/lib/python3.10/site-packages/airflow/example_dags/example_task_group_decorator.py for tasks to queue
[2024-10-20T19:28:27.471-0300] {logging_mixin.py:190} INFO - [2024-10-20T19:28:27.471-0300] {dagbag.py:588} INFO - Filling up the DagBag from /mnt/c/Users/Pato_/OneDrive/Documentos/ITBA/PYTHON_DATA_APP/itba/lib/python3.10/site-packages/airflow/example_dags/example_task_group_decorator.py
[2024-10-20T19:28:27.519-0300] {processor.py:925} INFO - DAG(s) 'example_task_group_decorator' retrieved from /mnt/c/Users/Pato_/OneDrive/Documentos/ITBA/PYTHON_DATA_APP/itba/lib/python3.10/site-packages/airflow/example_dags/example_task_group_decorator.py
[2024-10-20T19:28:27.538-0300] {logging_mixin.py:190} INFO - [2024-10-20T19:28:27.537-0300] {dag.py:3239} INFO - Sync 1 DAGs
[2024-10-20T19:28:27.548-0300] {logging_mixin.py:190} INFO - [2024-10-20T19:28:27.547-0300] {dag.py:4180} INFO - Setting next_dagrun for example_task_group_decorator to None, run_after=None
[2024-10-20T19:28:27.578-0300] {processor.py:208} INFO - Processing /mnt/c/Users/Pato_/OneDrive/Documentos/ITBA/PYTHON_DATA_APP/itba/lib/python3.10/site-packages/airflow/example_dags/example_task_group_decorator.py took 0.118 seconds
[2024-10-20T19:29:35.217-0300] {processor.py:186} INFO - Started process (PID=315897) to work on /mnt/c/Users/Pato_/OneDrive/Documentos/ITBA/PYTHON_DATA_APP/itba/lib/python3.10/site-packages/airflow/example_dags/example_task_group_decorator.py
[2024-10-20T19:29:35.218-0300] {processor.py:914} INFO - Processing file /mnt/c/Users/Pato_/OneDrive/Documentos/ITBA/PYTHON_DATA_APP/itba/lib/python3.10/site-packages/airflow/example_dags/example_task_group_decorator.py for tasks to queue
[2024-10-20T19:29:35.220-0300] {logging_mixin.py:190} INFO - [2024-10-20T19:29:35.220-0300] {dagbag.py:588} INFO - Filling up the DagBag from /mnt/c/Users/Pato_/OneDrive/Documentos/ITBA/PYTHON_DATA_APP/itba/lib/python3.10/site-packages/airflow/example_dags/example_task_group_decorator.py
[2024-10-20T19:29:35.264-0300] {processor.py:925} INFO - DAG(s) 'example_task_group_decorator' retrieved from /mnt/c/Users/Pato_/OneDrive/Documentos/ITBA/PYTHON_DATA_APP/itba/lib/python3.10/site-packages/airflow/example_dags/example_task_group_decorator.py
[2024-10-20T19:29:35.281-0300] {logging_mixin.py:190} INFO - [2024-10-20T19:29:35.281-0300] {dag.py:3239} INFO - Sync 1 DAGs
[2024-10-20T19:29:35.290-0300] {logging_mixin.py:190} INFO - [2024-10-20T19:29:35.289-0300] {dag.py:4180} INFO - Setting next_dagrun for example_task_group_decorator to None, run_after=None
[2024-10-20T19:29:35.319-0300] {processor.py:208} INFO - Processing /mnt/c/Users/Pato_/OneDrive/Documentos/ITBA/PYTHON_DATA_APP/itba/lib/python3.10/site-packages/airflow/example_dags/example_task_group_decorator.py took 0.109 seconds
[2024-10-20T19:30:47.546-0300] {processor.py:186} INFO - Started process (PID=316486) to work on /mnt/c/Users/Pato_/OneDrive/Documentos/ITBA/PYTHON_DATA_APP/itba/lib/python3.10/site-packages/airflow/example_dags/example_task_group_decorator.py
[2024-10-20T19:30:47.547-0300] {processor.py:914} INFO - Processing file /mnt/c/Users/Pato_/OneDrive/Documentos/ITBA/PYTHON_DATA_APP/itba/lib/python3.10/site-packages/airflow/example_dags/example_task_group_decorator.py for tasks to queue
[2024-10-20T19:30:47.549-0300] {logging_mixin.py:190} INFO - [2024-10-20T19:30:47.549-0300] {dagbag.py:588} INFO - Filling up the DagBag from /mnt/c/Users/Pato_/OneDrive/Documentos/ITBA/PYTHON_DATA_APP/itba/lib/python3.10/site-packages/airflow/example_dags/example_task_group_decorator.py
[2024-10-20T19:30:47.593-0300] {processor.py:925} INFO - DAG(s) 'example_task_group_decorator' retrieved from /mnt/c/Users/Pato_/OneDrive/Documentos/ITBA/PYTHON_DATA_APP/itba/lib/python3.10/site-packages/airflow/example_dags/example_task_group_decorator.py
[2024-10-20T19:30:47.610-0300] {logging_mixin.py:190} INFO - [2024-10-20T19:30:47.610-0300] {dag.py:3239} INFO - Sync 1 DAGs
[2024-10-20T19:30:47.619-0300] {logging_mixin.py:190} INFO - [2024-10-20T19:30:47.619-0300] {dag.py:4180} INFO - Setting next_dagrun for example_task_group_decorator to None, run_after=None
[2024-10-20T19:30:47.648-0300] {processor.py:208} INFO - Processing /mnt/c/Users/Pato_/OneDrive/Documentos/ITBA/PYTHON_DATA_APP/itba/lib/python3.10/site-packages/airflow/example_dags/example_task_group_decorator.py took 0.110 seconds
[2024-10-20T19:31:53.411-0300] {processor.py:186} INFO - Started process (PID=317004) to work on /mnt/c/Users/Pato_/OneDrive/Documentos/ITBA/PYTHON_DATA_APP/itba/lib/python3.10/site-packages/airflow/example_dags/example_task_group_decorator.py
[2024-10-20T19:31:53.412-0300] {processor.py:914} INFO - Processing file /mnt/c/Users/Pato_/OneDrive/Documentos/ITBA/PYTHON_DATA_APP/itba/lib/python3.10/site-packages/airflow/example_dags/example_task_group_decorator.py for tasks to queue
[2024-10-20T19:31:53.414-0300] {logging_mixin.py:190} INFO - [2024-10-20T19:31:53.414-0300] {dagbag.py:588} INFO - Filling up the DagBag from /mnt/c/Users/Pato_/OneDrive/Documentos/ITBA/PYTHON_DATA_APP/itba/lib/python3.10/site-packages/airflow/example_dags/example_task_group_decorator.py
[2024-10-20T19:31:53.457-0300] {processor.py:925} INFO - DAG(s) 'example_task_group_decorator' retrieved from /mnt/c/Users/Pato_/OneDrive/Documentos/ITBA/PYTHON_DATA_APP/itba/lib/python3.10/site-packages/airflow/example_dags/example_task_group_decorator.py
[2024-10-20T19:31:53.475-0300] {logging_mixin.py:190} INFO - [2024-10-20T19:31:53.474-0300] {dag.py:3239} INFO - Sync 1 DAGs
[2024-10-20T19:31:53.483-0300] {logging_mixin.py:190} INFO - [2024-10-20T19:31:53.483-0300] {dag.py:4180} INFO - Setting next_dagrun for example_task_group_decorator to None, run_after=None
[2024-10-20T19:31:53.512-0300] {processor.py:208} INFO - Processing /mnt/c/Users/Pato_/OneDrive/Documentos/ITBA/PYTHON_DATA_APP/itba/lib/python3.10/site-packages/airflow/example_dags/example_task_group_decorator.py took 0.107 seconds
[2024-10-20T19:33:01.242-0300] {processor.py:186} INFO - Started process (PID=317563) to work on /mnt/c/Users/Pato_/OneDrive/Documentos/ITBA/PYTHON_DATA_APP/itba/lib/python3.10/site-packages/airflow/example_dags/example_task_group_decorator.py
[2024-10-20T19:33:01.243-0300] {processor.py:914} INFO - Processing file /mnt/c/Users/Pato_/OneDrive/Documentos/ITBA/PYTHON_DATA_APP/itba/lib/python3.10/site-packages/airflow/example_dags/example_task_group_decorator.py for tasks to queue
[2024-10-20T19:33:01.245-0300] {logging_mixin.py:190} INFO - [2024-10-20T19:33:01.245-0300] {dagbag.py:588} INFO - Filling up the DagBag from /mnt/c/Users/Pato_/OneDrive/Documentos/ITBA/PYTHON_DATA_APP/itba/lib/python3.10/site-packages/airflow/example_dags/example_task_group_decorator.py
[2024-10-20T19:33:01.289-0300] {processor.py:925} INFO - DAG(s) 'example_task_group_decorator' retrieved from /mnt/c/Users/Pato_/OneDrive/Documentos/ITBA/PYTHON_DATA_APP/itba/lib/python3.10/site-packages/airflow/example_dags/example_task_group_decorator.py
[2024-10-20T19:33:01.307-0300] {logging_mixin.py:190} INFO - [2024-10-20T19:33:01.307-0300] {dag.py:3239} INFO - Sync 1 DAGs
[2024-10-20T19:33:01.316-0300] {logging_mixin.py:190} INFO - [2024-10-20T19:33:01.316-0300] {dag.py:4180} INFO - Setting next_dagrun for example_task_group_decorator to None, run_after=None
[2024-10-20T19:33:01.345-0300] {processor.py:208} INFO - Processing /mnt/c/Users/Pato_/OneDrive/Documentos/ITBA/PYTHON_DATA_APP/itba/lib/python3.10/site-packages/airflow/example_dags/example_task_group_decorator.py took 0.111 seconds
[2024-10-20T19:34:06.651-0300] {processor.py:186} INFO - Started process (PID=318206) to work on /mnt/c/Users/Pato_/OneDrive/Documentos/ITBA/PYTHON_DATA_APP/itba/lib/python3.10/site-packages/airflow/example_dags/example_task_group_decorator.py
[2024-10-20T19:34:06.652-0300] {processor.py:914} INFO - Processing file /mnt/c/Users/Pato_/OneDrive/Documentos/ITBA/PYTHON_DATA_APP/itba/lib/python3.10/site-packages/airflow/example_dags/example_task_group_decorator.py for tasks to queue
[2024-10-20T19:34:06.654-0300] {logging_mixin.py:190} INFO - [2024-10-20T19:34:06.654-0300] {dagbag.py:588} INFO - Filling up the DagBag from /mnt/c/Users/Pato_/OneDrive/Documentos/ITBA/PYTHON_DATA_APP/itba/lib/python3.10/site-packages/airflow/example_dags/example_task_group_decorator.py
[2024-10-20T19:34:06.697-0300] {processor.py:925} INFO - DAG(s) 'example_task_group_decorator' retrieved from /mnt/c/Users/Pato_/OneDrive/Documentos/ITBA/PYTHON_DATA_APP/itba/lib/python3.10/site-packages/airflow/example_dags/example_task_group_decorator.py
[2024-10-20T19:34:06.714-0300] {logging_mixin.py:190} INFO - [2024-10-20T19:34:06.714-0300] {dag.py:3239} INFO - Sync 1 DAGs
[2024-10-20T19:34:06.723-0300] {logging_mixin.py:190} INFO - [2024-10-20T19:34:06.722-0300] {dag.py:4180} INFO - Setting next_dagrun for example_task_group_decorator to None, run_after=None
[2024-10-20T19:34:06.750-0300] {processor.py:208} INFO - Processing /mnt/c/Users/Pato_/OneDrive/Documentos/ITBA/PYTHON_DATA_APP/itba/lib/python3.10/site-packages/airflow/example_dags/example_task_group_decorator.py took 0.106 seconds
[2024-10-20T19:35:16.635-0300] {processor.py:186} INFO - Started process (PID=319015) to work on /mnt/c/Users/Pato_/OneDrive/Documentos/ITBA/PYTHON_DATA_APP/itba/lib/python3.10/site-packages/airflow/example_dags/example_task_group_decorator.py
[2024-10-20T19:35:16.636-0300] {processor.py:914} INFO - Processing file /mnt/c/Users/Pato_/OneDrive/Documentos/ITBA/PYTHON_DATA_APP/itba/lib/python3.10/site-packages/airflow/example_dags/example_task_group_decorator.py for tasks to queue
[2024-10-20T19:35:16.639-0300] {logging_mixin.py:190} INFO - [2024-10-20T19:35:16.638-0300] {dagbag.py:588} INFO - Filling up the DagBag from /mnt/c/Users/Pato_/OneDrive/Documentos/ITBA/PYTHON_DATA_APP/itba/lib/python3.10/site-packages/airflow/example_dags/example_task_group_decorator.py
[2024-10-20T19:35:16.684-0300] {processor.py:925} INFO - DAG(s) 'example_task_group_decorator' retrieved from /mnt/c/Users/Pato_/OneDrive/Documentos/ITBA/PYTHON_DATA_APP/itba/lib/python3.10/site-packages/airflow/example_dags/example_task_group_decorator.py
[2024-10-20T19:35:16.703-0300] {logging_mixin.py:190} INFO - [2024-10-20T19:35:16.702-0300] {dag.py:3239} INFO - Sync 1 DAGs
[2024-10-20T19:35:16.712-0300] {logging_mixin.py:190} INFO - [2024-10-20T19:35:16.711-0300] {dag.py:4180} INFO - Setting next_dagrun for example_task_group_decorator to None, run_after=None
[2024-10-20T19:35:16.743-0300] {processor.py:208} INFO - Processing /mnt/c/Users/Pato_/OneDrive/Documentos/ITBA/PYTHON_DATA_APP/itba/lib/python3.10/site-packages/airflow/example_dags/example_task_group_decorator.py took 0.115 seconds
[2024-10-20T19:36:26.804-0300] {processor.py:186} INFO - Started process (PID=319562) to work on /mnt/c/Users/Pato_/OneDrive/Documentos/ITBA/PYTHON_DATA_APP/itba/lib/python3.10/site-packages/airflow/example_dags/example_task_group_decorator.py
[2024-10-20T19:36:26.805-0300] {processor.py:914} INFO - Processing file /mnt/c/Users/Pato_/OneDrive/Documentos/ITBA/PYTHON_DATA_APP/itba/lib/python3.10/site-packages/airflow/example_dags/example_task_group_decorator.py for tasks to queue
[2024-10-20T19:36:26.807-0300] {logging_mixin.py:190} INFO - [2024-10-20T19:36:26.807-0300] {dagbag.py:588} INFO - Filling up the DagBag from /mnt/c/Users/Pato_/OneDrive/Documentos/ITBA/PYTHON_DATA_APP/itba/lib/python3.10/site-packages/airflow/example_dags/example_task_group_decorator.py
[2024-10-20T19:36:26.850-0300] {processor.py:925} INFO - DAG(s) 'example_task_group_decorator' retrieved from /mnt/c/Users/Pato_/OneDrive/Documentos/ITBA/PYTHON_DATA_APP/itba/lib/python3.10/site-packages/airflow/example_dags/example_task_group_decorator.py
[2024-10-20T19:36:26.867-0300] {logging_mixin.py:190} INFO - [2024-10-20T19:36:26.867-0300] {dag.py:3239} INFO - Sync 1 DAGs
[2024-10-20T19:36:26.876-0300] {logging_mixin.py:190} INFO - [2024-10-20T19:36:26.876-0300] {dag.py:4180} INFO - Setting next_dagrun for example_task_group_decorator to None, run_after=None
[2024-10-20T19:36:26.904-0300] {processor.py:208} INFO - Processing /mnt/c/Users/Pato_/OneDrive/Documentos/ITBA/PYTHON_DATA_APP/itba/lib/python3.10/site-packages/airflow/example_dags/example_task_group_decorator.py took 0.107 seconds
[2024-10-20T19:37:34.181-0300] {processor.py:186} INFO - Started process (PID=320087) to work on /mnt/c/Users/Pato_/OneDrive/Documentos/ITBA/PYTHON_DATA_APP/itba/lib/python3.10/site-packages/airflow/example_dags/example_task_group_decorator.py
[2024-10-20T19:37:34.182-0300] {processor.py:914} INFO - Processing file /mnt/c/Users/Pato_/OneDrive/Documentos/ITBA/PYTHON_DATA_APP/itba/lib/python3.10/site-packages/airflow/example_dags/example_task_group_decorator.py for tasks to queue
[2024-10-20T19:37:34.184-0300] {logging_mixin.py:190} INFO - [2024-10-20T19:37:34.183-0300] {dagbag.py:588} INFO - Filling up the DagBag from /mnt/c/Users/Pato_/OneDrive/Documentos/ITBA/PYTHON_DATA_APP/itba/lib/python3.10/site-packages/airflow/example_dags/example_task_group_decorator.py
[2024-10-20T19:37:34.226-0300] {processor.py:925} INFO - DAG(s) 'example_task_group_decorator' retrieved from /mnt/c/Users/Pato_/OneDrive/Documentos/ITBA/PYTHON_DATA_APP/itba/lib/python3.10/site-packages/airflow/example_dags/example_task_group_decorator.py
[2024-10-20T19:37:34.243-0300] {logging_mixin.py:190} INFO - [2024-10-20T19:37:34.243-0300] {dag.py:3239} INFO - Sync 1 DAGs
[2024-10-20T19:37:34.252-0300] {logging_mixin.py:190} INFO - [2024-10-20T19:37:34.251-0300] {dag.py:4180} INFO - Setting next_dagrun for example_task_group_decorator to None, run_after=None
[2024-10-20T19:37:34.279-0300] {processor.py:208} INFO - Processing /mnt/c/Users/Pato_/OneDrive/Documentos/ITBA/PYTHON_DATA_APP/itba/lib/python3.10/site-packages/airflow/example_dags/example_task_group_decorator.py took 0.105 seconds
[2024-10-20T19:38:39.944-0300] {processor.py:186} INFO - Started process (PID=320605) to work on /mnt/c/Users/Pato_/OneDrive/Documentos/ITBA/PYTHON_DATA_APP/itba/lib/python3.10/site-packages/airflow/example_dags/example_task_group_decorator.py
[2024-10-20T19:38:39.945-0300] {processor.py:914} INFO - Processing file /mnt/c/Users/Pato_/OneDrive/Documentos/ITBA/PYTHON_DATA_APP/itba/lib/python3.10/site-packages/airflow/example_dags/example_task_group_decorator.py for tasks to queue
[2024-10-20T19:38:39.947-0300] {logging_mixin.py:190} INFO - [2024-10-20T19:38:39.947-0300] {dagbag.py:588} INFO - Filling up the DagBag from /mnt/c/Users/Pato_/OneDrive/Documentos/ITBA/PYTHON_DATA_APP/itba/lib/python3.10/site-packages/airflow/example_dags/example_task_group_decorator.py
[2024-10-20T19:38:39.992-0300] {processor.py:925} INFO - DAG(s) 'example_task_group_decorator' retrieved from /mnt/c/Users/Pato_/OneDrive/Documentos/ITBA/PYTHON_DATA_APP/itba/lib/python3.10/site-packages/airflow/example_dags/example_task_group_decorator.py
[2024-10-20T19:38:40.009-0300] {logging_mixin.py:190} INFO - [2024-10-20T19:38:40.008-0300] {dag.py:3239} INFO - Sync 1 DAGs
[2024-10-20T19:38:40.018-0300] {logging_mixin.py:190} INFO - [2024-10-20T19:38:40.017-0300] {dag.py:4180} INFO - Setting next_dagrun for example_task_group_decorator to None, run_after=None
[2024-10-20T19:38:40.046-0300] {processor.py:208} INFO - Processing /mnt/c/Users/Pato_/OneDrive/Documentos/ITBA/PYTHON_DATA_APP/itba/lib/python3.10/site-packages/airflow/example_dags/example_task_group_decorator.py took 0.108 seconds
[2024-10-20T19:39:46.922-0300] {processor.py:186} INFO - Started process (PID=321196) to work on /mnt/c/Users/Pato_/OneDrive/Documentos/ITBA/PYTHON_DATA_APP/itba/lib/python3.10/site-packages/airflow/example_dags/example_task_group_decorator.py
[2024-10-20T19:39:46.923-0300] {processor.py:914} INFO - Processing file /mnt/c/Users/Pato_/OneDrive/Documentos/ITBA/PYTHON_DATA_APP/itba/lib/python3.10/site-packages/airflow/example_dags/example_task_group_decorator.py for tasks to queue
[2024-10-20T19:39:46.925-0300] {logging_mixin.py:190} INFO - [2024-10-20T19:39:46.924-0300] {dagbag.py:588} INFO - Filling up the DagBag from /mnt/c/Users/Pato_/OneDrive/Documentos/ITBA/PYTHON_DATA_APP/itba/lib/python3.10/site-packages/airflow/example_dags/example_task_group_decorator.py
[2024-10-20T19:39:46.968-0300] {processor.py:925} INFO - DAG(s) 'example_task_group_decorator' retrieved from /mnt/c/Users/Pato_/OneDrive/Documentos/ITBA/PYTHON_DATA_APP/itba/lib/python3.10/site-packages/airflow/example_dags/example_task_group_decorator.py
[2024-10-20T19:39:46.987-0300] {logging_mixin.py:190} INFO - [2024-10-20T19:39:46.986-0300] {dag.py:3239} INFO - Sync 1 DAGs
[2024-10-20T19:39:46.996-0300] {logging_mixin.py:190} INFO - [2024-10-20T19:39:46.996-0300] {dag.py:4180} INFO - Setting next_dagrun for example_task_group_decorator to None, run_after=None
[2024-10-20T19:39:47.026-0300] {processor.py:208} INFO - Processing /mnt/c/Users/Pato_/OneDrive/Documentos/ITBA/PYTHON_DATA_APP/itba/lib/python3.10/site-packages/airflow/example_dags/example_task_group_decorator.py took 0.111 seconds
[2024-10-20T19:40:51.186-0300] {processor.py:186} INFO - Started process (PID=322012) to work on /mnt/c/Users/Pato_/OneDrive/Documentos/ITBA/PYTHON_DATA_APP/itba/lib/python3.10/site-packages/airflow/example_dags/example_task_group_decorator.py
[2024-10-20T19:40:51.187-0300] {processor.py:914} INFO - Processing file /mnt/c/Users/Pato_/OneDrive/Documentos/ITBA/PYTHON_DATA_APP/itba/lib/python3.10/site-packages/airflow/example_dags/example_task_group_decorator.py for tasks to queue
[2024-10-20T19:40:51.190-0300] {logging_mixin.py:190} INFO - [2024-10-20T19:40:51.189-0300] {dagbag.py:588} INFO - Filling up the DagBag from /mnt/c/Users/Pato_/OneDrive/Documentos/ITBA/PYTHON_DATA_APP/itba/lib/python3.10/site-packages/airflow/example_dags/example_task_group_decorator.py
[2024-10-20T19:40:51.234-0300] {processor.py:925} INFO - DAG(s) 'example_task_group_decorator' retrieved from /mnt/c/Users/Pato_/OneDrive/Documentos/ITBA/PYTHON_DATA_APP/itba/lib/python3.10/site-packages/airflow/example_dags/example_task_group_decorator.py
[2024-10-20T19:40:51.252-0300] {logging_mixin.py:190} INFO - [2024-10-20T19:40:51.251-0300] {dag.py:3239} INFO - Sync 1 DAGs
[2024-10-20T19:40:51.261-0300] {logging_mixin.py:190} INFO - [2024-10-20T19:40:51.260-0300] {dag.py:4180} INFO - Setting next_dagrun for example_task_group_decorator to None, run_after=None
[2024-10-20T19:40:51.290-0300] {processor.py:208} INFO - Processing /mnt/c/Users/Pato_/OneDrive/Documentos/ITBA/PYTHON_DATA_APP/itba/lib/python3.10/site-packages/airflow/example_dags/example_task_group_decorator.py took 0.110 seconds
[2024-10-20T19:41:59.194-0300] {processor.py:186} INFO - Started process (PID=322547) to work on /mnt/c/Users/Pato_/OneDrive/Documentos/ITBA/PYTHON_DATA_APP/itba/lib/python3.10/site-packages/airflow/example_dags/example_task_group_decorator.py
[2024-10-20T19:41:59.195-0300] {processor.py:914} INFO - Processing file /mnt/c/Users/Pato_/OneDrive/Documentos/ITBA/PYTHON_DATA_APP/itba/lib/python3.10/site-packages/airflow/example_dags/example_task_group_decorator.py for tasks to queue
[2024-10-20T19:41:59.197-0300] {logging_mixin.py:190} INFO - [2024-10-20T19:41:59.197-0300] {dagbag.py:588} INFO - Filling up the DagBag from /mnt/c/Users/Pato_/OneDrive/Documentos/ITBA/PYTHON_DATA_APP/itba/lib/python3.10/site-packages/airflow/example_dags/example_task_group_decorator.py
[2024-10-20T19:41:59.242-0300] {processor.py:925} INFO - DAG(s) 'example_task_group_decorator' retrieved from /mnt/c/Users/Pato_/OneDrive/Documentos/ITBA/PYTHON_DATA_APP/itba/lib/python3.10/site-packages/airflow/example_dags/example_task_group_decorator.py
[2024-10-20T19:41:59.260-0300] {logging_mixin.py:190} INFO - [2024-10-20T19:41:59.260-0300] {dag.py:3239} INFO - Sync 1 DAGs
[2024-10-20T19:41:59.269-0300] {logging_mixin.py:190} INFO - [2024-10-20T19:41:59.269-0300] {dag.py:4180} INFO - Setting next_dagrun for example_task_group_decorator to None, run_after=None
[2024-10-20T19:41:59.300-0300] {processor.py:208} INFO - Processing /mnt/c/Users/Pato_/OneDrive/Documentos/ITBA/PYTHON_DATA_APP/itba/lib/python3.10/site-packages/airflow/example_dags/example_task_group_decorator.py took 0.114 seconds
