[2024-10-20T19:01:02.193-0300] {processor.py:186} INFO - Started process (PID=299038) to work on /mnt/c/Users/Pato_/OneDrive/Documentos/ITBA/PYTHON_DATA_APP/itba/lib/python3.10/site-packages/airflow/example_dags/example_latest_only.py
[2024-10-20T19:01:02.194-0300] {processor.py:914} INFO - Processing file /mnt/c/Users/Pato_/OneDrive/Documentos/ITBA/PYTHON_DATA_APP/itba/lib/python3.10/site-packages/airflow/example_dags/example_latest_only.py for tasks to queue
[2024-10-20T19:01:02.196-0300] {logging_mixin.py:190} INFO - [2024-10-20T19:01:02.196-0300] {dagbag.py:588} INFO - Filling up the DagBag from /mnt/c/Users/Pato_/OneDrive/Documentos/ITBA/PYTHON_DATA_APP/itba/lib/python3.10/site-packages/airflow/example_dags/example_latest_only.py
[2024-10-20T19:01:02.318-0300] {processor.py:925} INFO - DAG(s) 'latest_only' retrieved from /mnt/c/Users/Pato_/OneDrive/Documentos/ITBA/PYTHON_DATA_APP/itba/lib/python3.10/site-packages/airflow/example_dags/example_latest_only.py
[2024-10-20T19:01:03.177-0300] {logging_mixin.py:190} INFO - [2024-10-20T19:01:03.176-0300] {override.py:1907} INFO - Created Permission View: can read on DAG:latest_only
[2024-10-20T19:01:03.312-0300] {logging_mixin.py:190} INFO - [2024-10-20T19:01:03.311-0300] {override.py:1907} INFO - Created Permission View: can delete on DAG:latest_only
[2024-10-20T19:01:03.428-0300] {logging_mixin.py:190} INFO - [2024-10-20T19:01:03.427-0300] {override.py:1907} INFO - Created Permission View: can edit on DAG:latest_only
[2024-10-20T19:01:03.661-0300] {logging_mixin.py:190} INFO - [2024-10-20T19:01:03.661-0300] {override.py:1907} INFO - Created Permission View: can read on DAG Run:latest_only
[2024-10-20T19:01:03.783-0300] {logging_mixin.py:190} INFO - [2024-10-20T19:01:03.782-0300] {override.py:1907} INFO - Created Permission View: can delete on DAG Run:latest_only
[2024-10-20T19:01:03.906-0300] {logging_mixin.py:190} INFO - [2024-10-20T19:01:03.905-0300] {override.py:1907} INFO - Created Permission View: can create on DAG Run:latest_only
[2024-10-20T19:01:04.107-0300] {logging_mixin.py:190} INFO - [2024-10-20T19:01:04.106-0300] {override.py:1907} INFO - Created Permission View: menu access on DAG Run:latest_only
[2024-10-20T19:01:04.109-0300] {logging_mixin.py:190} INFO - [2024-10-20T19:01:04.108-0300] {dag.py:3239} INFO - Sync 1 DAGs
[2024-10-20T19:01:04.122-0300] {logging_mixin.py:190} INFO - [2024-10-20T19:01:04.122-0300] {dag.py:3262} INFO - Creating ORM DAG for latest_only
[2024-10-20T19:01:04.134-0300] {logging_mixin.py:190} INFO - [2024-10-20T19:01:04.133-0300] {dag.py:4180} INFO - Setting next_dagrun for latest_only to 2024-10-20 16:00:00+00:00, run_after=2024-10-20 20:00:00+00:00
[2024-10-20T19:01:04.684-0300] {processor.py:208} INFO - Processing /mnt/c/Users/Pato_/OneDrive/Documentos/ITBA/PYTHON_DATA_APP/itba/lib/python3.10/site-packages/airflow/example_dags/example_latest_only.py took 2.498 seconds
[2024-10-20T19:03:03.346-0300] {processor.py:186} INFO - Started process (PID=300077) to work on /mnt/c/Users/Pato_/OneDrive/Documentos/ITBA/PYTHON_DATA_APP/itba/lib/python3.10/site-packages/airflow/example_dags/example_latest_only.py
[2024-10-20T19:03:03.347-0300] {processor.py:914} INFO - Processing file /mnt/c/Users/Pato_/OneDrive/Documentos/ITBA/PYTHON_DATA_APP/itba/lib/python3.10/site-packages/airflow/example_dags/example_latest_only.py for tasks to queue
[2024-10-20T19:03:03.349-0300] {logging_mixin.py:190} INFO - [2024-10-20T19:03:03.348-0300] {dagbag.py:588} INFO - Filling up the DagBag from /mnt/c/Users/Pato_/OneDrive/Documentos/ITBA/PYTHON_DATA_APP/itba/lib/python3.10/site-packages/airflow/example_dags/example_latest_only.py
[2024-10-20T19:03:03.392-0300] {processor.py:925} INFO - DAG(s) 'latest_only' retrieved from /mnt/c/Users/Pato_/OneDrive/Documentos/ITBA/PYTHON_DATA_APP/itba/lib/python3.10/site-packages/airflow/example_dags/example_latest_only.py
[2024-10-20T19:03:03.409-0300] {logging_mixin.py:190} INFO - [2024-10-20T19:03:03.408-0300] {dag.py:3239} INFO - Sync 1 DAGs
[2024-10-20T19:03:03.428-0300] {logging_mixin.py:190} INFO - [2024-10-20T19:03:03.427-0300] {dag.py:4180} INFO - Setting next_dagrun for latest_only to 2024-10-20 16:00:00+00:00, run_after=2024-10-20 20:00:00+00:00
[2024-10-20T19:03:03.458-0300] {processor.py:208} INFO - Processing /mnt/c/Users/Pato_/OneDrive/Documentos/ITBA/PYTHON_DATA_APP/itba/lib/python3.10/site-packages/airflow/example_dags/example_latest_only.py took 0.120 seconds
[2024-10-20T19:04:12.314-0300] {processor.py:186} INFO - Started process (PID=300635) to work on /mnt/c/Users/Pato_/OneDrive/Documentos/ITBA/PYTHON_DATA_APP/itba/lib/python3.10/site-packages/airflow/example_dags/example_latest_only.py
[2024-10-20T19:04:12.315-0300] {processor.py:914} INFO - Processing file /mnt/c/Users/Pato_/OneDrive/Documentos/ITBA/PYTHON_DATA_APP/itba/lib/python3.10/site-packages/airflow/example_dags/example_latest_only.py for tasks to queue
[2024-10-20T19:04:12.317-0300] {logging_mixin.py:190} INFO - [2024-10-20T19:04:12.317-0300] {dagbag.py:588} INFO - Filling up the DagBag from /mnt/c/Users/Pato_/OneDrive/Documentos/ITBA/PYTHON_DATA_APP/itba/lib/python3.10/site-packages/airflow/example_dags/example_latest_only.py
[2024-10-20T19:04:12.363-0300] {processor.py:925} INFO - DAG(s) 'latest_only' retrieved from /mnt/c/Users/Pato_/OneDrive/Documentos/ITBA/PYTHON_DATA_APP/itba/lib/python3.10/site-packages/airflow/example_dags/example_latest_only.py
[2024-10-20T19:04:12.379-0300] {logging_mixin.py:190} INFO - [2024-10-20T19:04:12.379-0300] {dag.py:3239} INFO - Sync 1 DAGs
[2024-10-20T19:04:12.401-0300] {logging_mixin.py:190} INFO - [2024-10-20T19:04:12.400-0300] {dag.py:4180} INFO - Setting next_dagrun for latest_only to 2024-10-20 16:00:00+00:00, run_after=2024-10-20 20:00:00+00:00
[2024-10-20T19:04:12.436-0300] {processor.py:208} INFO - Processing /mnt/c/Users/Pato_/OneDrive/Documentos/ITBA/PYTHON_DATA_APP/itba/lib/python3.10/site-packages/airflow/example_dags/example_latest_only.py took 0.130 seconds
[2024-10-20T19:05:22.995-0300] {processor.py:186} INFO - Started process (PID=301421) to work on /mnt/c/Users/Pato_/OneDrive/Documentos/ITBA/PYTHON_DATA_APP/itba/lib/python3.10/site-packages/airflow/example_dags/example_latest_only.py
[2024-10-20T19:05:22.996-0300] {processor.py:914} INFO - Processing file /mnt/c/Users/Pato_/OneDrive/Documentos/ITBA/PYTHON_DATA_APP/itba/lib/python3.10/site-packages/airflow/example_dags/example_latest_only.py for tasks to queue
[2024-10-20T19:05:22.997-0300] {logging_mixin.py:190} INFO - [2024-10-20T19:05:22.997-0300] {dagbag.py:588} INFO - Filling up the DagBag from /mnt/c/Users/Pato_/OneDrive/Documentos/ITBA/PYTHON_DATA_APP/itba/lib/python3.10/site-packages/airflow/example_dags/example_latest_only.py
[2024-10-20T19:05:23.036-0300] {processor.py:925} INFO - DAG(s) 'latest_only' retrieved from /mnt/c/Users/Pato_/OneDrive/Documentos/ITBA/PYTHON_DATA_APP/itba/lib/python3.10/site-packages/airflow/example_dags/example_latest_only.py
[2024-10-20T19:05:23.050-0300] {logging_mixin.py:190} INFO - [2024-10-20T19:05:23.050-0300] {dag.py:3239} INFO - Sync 1 DAGs
[2024-10-20T19:05:23.067-0300] {logging_mixin.py:190} INFO - [2024-10-20T19:05:23.067-0300] {dag.py:4180} INFO - Setting next_dagrun for latest_only to 2024-10-20 16:00:00+00:00, run_after=2024-10-20 20:00:00+00:00
[2024-10-20T19:05:23.096-0300] {processor.py:208} INFO - Processing /mnt/c/Users/Pato_/OneDrive/Documentos/ITBA/PYTHON_DATA_APP/itba/lib/python3.10/site-packages/airflow/example_dags/example_latest_only.py took 0.108 seconds
[2024-10-20T19:08:18.911-0300] {processor.py:186} INFO - Started process (PID=303716) to work on /mnt/c/Users/Pato_/OneDrive/Documentos/ITBA/PYTHON_DATA_APP/itba/lib/python3.10/site-packages/airflow/example_dags/example_latest_only.py
[2024-10-20T19:08:18.912-0300] {processor.py:914} INFO - Processing file /mnt/c/Users/Pato_/OneDrive/Documentos/ITBA/PYTHON_DATA_APP/itba/lib/python3.10/site-packages/airflow/example_dags/example_latest_only.py for tasks to queue
[2024-10-20T19:08:18.914-0300] {logging_mixin.py:190} INFO - [2024-10-20T19:08:18.913-0300] {dagbag.py:588} INFO - Filling up the DagBag from /mnt/c/Users/Pato_/OneDrive/Documentos/ITBA/PYTHON_DATA_APP/itba/lib/python3.10/site-packages/airflow/example_dags/example_latest_only.py
[2024-10-20T19:08:18.955-0300] {processor.py:925} INFO - DAG(s) 'latest_only' retrieved from /mnt/c/Users/Pato_/OneDrive/Documentos/ITBA/PYTHON_DATA_APP/itba/lib/python3.10/site-packages/airflow/example_dags/example_latest_only.py
[2024-10-20T19:08:18.970-0300] {logging_mixin.py:190} INFO - [2024-10-20T19:08:18.970-0300] {dag.py:3239} INFO - Sync 1 DAGs
[2024-10-20T19:08:18.988-0300] {logging_mixin.py:190} INFO - [2024-10-20T19:08:18.988-0300] {dag.py:4180} INFO - Setting next_dagrun for latest_only to 2024-10-20 16:00:00+00:00, run_after=2024-10-20 20:00:00+00:00
[2024-10-20T19:08:19.020-0300] {processor.py:208} INFO - Processing /mnt/c/Users/Pato_/OneDrive/Documentos/ITBA/PYTHON_DATA_APP/itba/lib/python3.10/site-packages/airflow/example_dags/example_latest_only.py took 0.116 seconds
[2024-10-20T19:09:25.929-0300] {processor.py:186} INFO - Started process (PID=304303) to work on /mnt/c/Users/Pato_/OneDrive/Documentos/ITBA/PYTHON_DATA_APP/itba/lib/python3.10/site-packages/airflow/example_dags/example_latest_only.py
[2024-10-20T19:09:25.930-0300] {processor.py:914} INFO - Processing file /mnt/c/Users/Pato_/OneDrive/Documentos/ITBA/PYTHON_DATA_APP/itba/lib/python3.10/site-packages/airflow/example_dags/example_latest_only.py for tasks to queue
[2024-10-20T19:09:25.932-0300] {logging_mixin.py:190} INFO - [2024-10-20T19:09:25.931-0300] {dagbag.py:588} INFO - Filling up the DagBag from /mnt/c/Users/Pato_/OneDrive/Documentos/ITBA/PYTHON_DATA_APP/itba/lib/python3.10/site-packages/airflow/example_dags/example_latest_only.py
[2024-10-20T19:09:25.970-0300] {processor.py:925} INFO - DAG(s) 'latest_only' retrieved from /mnt/c/Users/Pato_/OneDrive/Documentos/ITBA/PYTHON_DATA_APP/itba/lib/python3.10/site-packages/airflow/example_dags/example_latest_only.py
[2024-10-20T19:09:25.985-0300] {logging_mixin.py:190} INFO - [2024-10-20T19:09:25.985-0300] {dag.py:3239} INFO - Sync 1 DAGs
[2024-10-20T19:09:26.003-0300] {logging_mixin.py:190} INFO - [2024-10-20T19:09:26.002-0300] {dag.py:4180} INFO - Setting next_dagrun for latest_only to 2024-10-20 16:00:00+00:00, run_after=2024-10-20 20:00:00+00:00
[2024-10-20T19:09:26.032-0300] {processor.py:208} INFO - Processing /mnt/c/Users/Pato_/OneDrive/Documentos/ITBA/PYTHON_DATA_APP/itba/lib/python3.10/site-packages/airflow/example_dags/example_latest_only.py took 0.110 seconds
[2024-10-20T19:10:30.753-0300] {processor.py:186} INFO - Started process (PID=304838) to work on /mnt/c/Users/Pato_/OneDrive/Documentos/ITBA/PYTHON_DATA_APP/itba/lib/python3.10/site-packages/airflow/example_dags/example_latest_only.py
[2024-10-20T19:10:30.754-0300] {processor.py:914} INFO - Processing file /mnt/c/Users/Pato_/OneDrive/Documentos/ITBA/PYTHON_DATA_APP/itba/lib/python3.10/site-packages/airflow/example_dags/example_latest_only.py for tasks to queue
[2024-10-20T19:10:30.756-0300] {logging_mixin.py:190} INFO - [2024-10-20T19:10:30.755-0300] {dagbag.py:588} INFO - Filling up the DagBag from /mnt/c/Users/Pato_/OneDrive/Documentos/ITBA/PYTHON_DATA_APP/itba/lib/python3.10/site-packages/airflow/example_dags/example_latest_only.py
[2024-10-20T19:10:30.794-0300] {processor.py:925} INFO - DAG(s) 'latest_only' retrieved from /mnt/c/Users/Pato_/OneDrive/Documentos/ITBA/PYTHON_DATA_APP/itba/lib/python3.10/site-packages/airflow/example_dags/example_latest_only.py
[2024-10-20T19:10:30.810-0300] {logging_mixin.py:190} INFO - [2024-10-20T19:10:30.810-0300] {dag.py:3239} INFO - Sync 1 DAGs
[2024-10-20T19:10:30.828-0300] {logging_mixin.py:190} INFO - [2024-10-20T19:10:30.828-0300] {dag.py:4180} INFO - Setting next_dagrun for latest_only to 2024-10-20 16:00:00+00:00, run_after=2024-10-20 20:00:00+00:00
[2024-10-20T19:10:30.858-0300] {processor.py:208} INFO - Processing /mnt/c/Users/Pato_/OneDrive/Documentos/ITBA/PYTHON_DATA_APP/itba/lib/python3.10/site-packages/airflow/example_dags/example_latest_only.py took 0.112 seconds
[2024-10-20T19:11:38.384-0300] {processor.py:186} INFO - Started process (PID=305371) to work on /mnt/c/Users/Pato_/OneDrive/Documentos/ITBA/PYTHON_DATA_APP/itba/lib/python3.10/site-packages/airflow/example_dags/example_latest_only.py
[2024-10-20T19:11:38.385-0300] {processor.py:914} INFO - Processing file /mnt/c/Users/Pato_/OneDrive/Documentos/ITBA/PYTHON_DATA_APP/itba/lib/python3.10/site-packages/airflow/example_dags/example_latest_only.py for tasks to queue
[2024-10-20T19:11:38.387-0300] {logging_mixin.py:190} INFO - [2024-10-20T19:11:38.387-0300] {dagbag.py:588} INFO - Filling up the DagBag from /mnt/c/Users/Pato_/OneDrive/Documentos/ITBA/PYTHON_DATA_APP/itba/lib/python3.10/site-packages/airflow/example_dags/example_latest_only.py
[2024-10-20T19:11:38.426-0300] {processor.py:925} INFO - DAG(s) 'latest_only' retrieved from /mnt/c/Users/Pato_/OneDrive/Documentos/ITBA/PYTHON_DATA_APP/itba/lib/python3.10/site-packages/airflow/example_dags/example_latest_only.py
[2024-10-20T19:11:38.440-0300] {logging_mixin.py:190} INFO - [2024-10-20T19:11:38.440-0300] {dag.py:3239} INFO - Sync 1 DAGs
[2024-10-20T19:11:38.457-0300] {logging_mixin.py:190} INFO - [2024-10-20T19:11:38.456-0300] {dag.py:4180} INFO - Setting next_dagrun for latest_only to 2024-10-20 16:00:00+00:00, run_after=2024-10-20 20:00:00+00:00
[2024-10-20T19:11:38.487-0300] {processor.py:208} INFO - Processing /mnt/c/Users/Pato_/OneDrive/Documentos/ITBA/PYTHON_DATA_APP/itba/lib/python3.10/site-packages/airflow/example_dags/example_latest_only.py took 0.109 seconds
[2024-10-20T19:12:46.097-0300] {processor.py:186} INFO - Started process (PID=305898) to work on /mnt/c/Users/Pato_/OneDrive/Documentos/ITBA/PYTHON_DATA_APP/itba/lib/python3.10/site-packages/airflow/example_dags/example_latest_only.py
[2024-10-20T19:12:46.098-0300] {processor.py:914} INFO - Processing file /mnt/c/Users/Pato_/OneDrive/Documentos/ITBA/PYTHON_DATA_APP/itba/lib/python3.10/site-packages/airflow/example_dags/example_latest_only.py for tasks to queue
[2024-10-20T19:12:46.100-0300] {logging_mixin.py:190} INFO - [2024-10-20T19:12:46.099-0300] {dagbag.py:588} INFO - Filling up the DagBag from /mnt/c/Users/Pato_/OneDrive/Documentos/ITBA/PYTHON_DATA_APP/itba/lib/python3.10/site-packages/airflow/example_dags/example_latest_only.py
[2024-10-20T19:12:46.138-0300] {processor.py:925} INFO - DAG(s) 'latest_only' retrieved from /mnt/c/Users/Pato_/OneDrive/Documentos/ITBA/PYTHON_DATA_APP/itba/lib/python3.10/site-packages/airflow/example_dags/example_latest_only.py
[2024-10-20T19:12:46.153-0300] {logging_mixin.py:190} INFO - [2024-10-20T19:12:46.153-0300] {dag.py:3239} INFO - Sync 1 DAGs
[2024-10-20T19:12:46.171-0300] {logging_mixin.py:190} INFO - [2024-10-20T19:12:46.171-0300] {dag.py:4180} INFO - Setting next_dagrun for latest_only to 2024-10-20 16:00:00+00:00, run_after=2024-10-20 20:00:00+00:00
[2024-10-20T19:12:46.205-0300] {processor.py:208} INFO - Processing /mnt/c/Users/Pato_/OneDrive/Documentos/ITBA/PYTHON_DATA_APP/itba/lib/python3.10/site-packages/airflow/example_dags/example_latest_only.py took 0.115 seconds
[2024-10-20T19:13:50.486-0300] {processor.py:186} INFO - Started process (PID=306403) to work on /mnt/c/Users/Pato_/OneDrive/Documentos/ITBA/PYTHON_DATA_APP/itba/lib/python3.10/site-packages/airflow/example_dags/example_latest_only.py
[2024-10-20T19:13:50.487-0300] {processor.py:914} INFO - Processing file /mnt/c/Users/Pato_/OneDrive/Documentos/ITBA/PYTHON_DATA_APP/itba/lib/python3.10/site-packages/airflow/example_dags/example_latest_only.py for tasks to queue
[2024-10-20T19:13:50.489-0300] {logging_mixin.py:190} INFO - [2024-10-20T19:13:50.488-0300] {dagbag.py:588} INFO - Filling up the DagBag from /mnt/c/Users/Pato_/OneDrive/Documentos/ITBA/PYTHON_DATA_APP/itba/lib/python3.10/site-packages/airflow/example_dags/example_latest_only.py
[2024-10-20T19:13:50.527-0300] {processor.py:925} INFO - DAG(s) 'latest_only' retrieved from /mnt/c/Users/Pato_/OneDrive/Documentos/ITBA/PYTHON_DATA_APP/itba/lib/python3.10/site-packages/airflow/example_dags/example_latest_only.py
[2024-10-20T19:13:50.541-0300] {logging_mixin.py:190} INFO - [2024-10-20T19:13:50.540-0300] {dag.py:3239} INFO - Sync 1 DAGs
[2024-10-20T19:13:50.558-0300] {logging_mixin.py:190} INFO - [2024-10-20T19:13:50.557-0300] {dag.py:4180} INFO - Setting next_dagrun for latest_only to 2024-10-20 16:00:00+00:00, run_after=2024-10-20 20:00:00+00:00
[2024-10-20T19:13:50.587-0300] {processor.py:208} INFO - Processing /mnt/c/Users/Pato_/OneDrive/Documentos/ITBA/PYTHON_DATA_APP/itba/lib/python3.10/site-packages/airflow/example_dags/example_latest_only.py took 0.108 seconds
[2024-10-20T19:15:00.089-0300] {processor.py:186} INFO - Started process (PID=306971) to work on /mnt/c/Users/Pato_/OneDrive/Documentos/ITBA/PYTHON_DATA_APP/itba/lib/python3.10/site-packages/airflow/example_dags/example_latest_only.py
[2024-10-20T19:15:00.090-0300] {processor.py:914} INFO - Processing file /mnt/c/Users/Pato_/OneDrive/Documentos/ITBA/PYTHON_DATA_APP/itba/lib/python3.10/site-packages/airflow/example_dags/example_latest_only.py for tasks to queue
[2024-10-20T19:15:00.092-0300] {logging_mixin.py:190} INFO - [2024-10-20T19:15:00.091-0300] {dagbag.py:588} INFO - Filling up the DagBag from /mnt/c/Users/Pato_/OneDrive/Documentos/ITBA/PYTHON_DATA_APP/itba/lib/python3.10/site-packages/airflow/example_dags/example_latest_only.py
[2024-10-20T19:15:00.132-0300] {processor.py:925} INFO - DAG(s) 'latest_only' retrieved from /mnt/c/Users/Pato_/OneDrive/Documentos/ITBA/PYTHON_DATA_APP/itba/lib/python3.10/site-packages/airflow/example_dags/example_latest_only.py
[2024-10-20T19:15:00.146-0300] {logging_mixin.py:190} INFO - [2024-10-20T19:15:00.146-0300] {dag.py:3239} INFO - Sync 1 DAGs
[2024-10-20T19:15:00.164-0300] {logging_mixin.py:190} INFO - [2024-10-20T19:15:00.163-0300] {dag.py:4180} INFO - Setting next_dagrun for latest_only to 2024-10-20 16:00:00+00:00, run_after=2024-10-20 20:00:00+00:00
[2024-10-20T19:15:00.194-0300] {processor.py:208} INFO - Processing /mnt/c/Users/Pato_/OneDrive/Documentos/ITBA/PYTHON_DATA_APP/itba/lib/python3.10/site-packages/airflow/example_dags/example_latest_only.py took 0.113 seconds
[2024-10-20T19:16:07.984-0300] {processor.py:186} INFO - Started process (PID=307498) to work on /mnt/c/Users/Pato_/OneDrive/Documentos/ITBA/PYTHON_DATA_APP/itba/lib/python3.10/site-packages/airflow/example_dags/example_latest_only.py
[2024-10-20T19:16:07.985-0300] {processor.py:914} INFO - Processing file /mnt/c/Users/Pato_/OneDrive/Documentos/ITBA/PYTHON_DATA_APP/itba/lib/python3.10/site-packages/airflow/example_dags/example_latest_only.py for tasks to queue
[2024-10-20T19:16:07.987-0300] {logging_mixin.py:190} INFO - [2024-10-20T19:16:07.986-0300] {dagbag.py:588} INFO - Filling up the DagBag from /mnt/c/Users/Pato_/OneDrive/Documentos/ITBA/PYTHON_DATA_APP/itba/lib/python3.10/site-packages/airflow/example_dags/example_latest_only.py
[2024-10-20T19:16:08.024-0300] {processor.py:925} INFO - DAG(s) 'latest_only' retrieved from /mnt/c/Users/Pato_/OneDrive/Documentos/ITBA/PYTHON_DATA_APP/itba/lib/python3.10/site-packages/airflow/example_dags/example_latest_only.py
[2024-10-20T19:16:08.038-0300] {logging_mixin.py:190} INFO - [2024-10-20T19:16:08.038-0300] {dag.py:3239} INFO - Sync 1 DAGs
[2024-10-20T19:16:08.055-0300] {logging_mixin.py:190} INFO - [2024-10-20T19:16:08.054-0300] {dag.py:4180} INFO - Setting next_dagrun for latest_only to 2024-10-20 16:00:00+00:00, run_after=2024-10-20 20:00:00+00:00
[2024-10-20T19:16:08.084-0300] {processor.py:208} INFO - Processing /mnt/c/Users/Pato_/OneDrive/Documentos/ITBA/PYTHON_DATA_APP/itba/lib/python3.10/site-packages/airflow/example_dags/example_latest_only.py took 0.107 seconds
[2024-10-20T19:17:19.958-0300] {processor.py:186} INFO - Started process (PID=308064) to work on /mnt/c/Users/Pato_/OneDrive/Documentos/ITBA/PYTHON_DATA_APP/itba/lib/python3.10/site-packages/airflow/example_dags/example_latest_only.py
[2024-10-20T19:17:19.959-0300] {processor.py:914} INFO - Processing file /mnt/c/Users/Pato_/OneDrive/Documentos/ITBA/PYTHON_DATA_APP/itba/lib/python3.10/site-packages/airflow/example_dags/example_latest_only.py for tasks to queue
[2024-10-20T19:17:19.961-0300] {logging_mixin.py:190} INFO - [2024-10-20T19:17:19.961-0300] {dagbag.py:588} INFO - Filling up the DagBag from /mnt/c/Users/Pato_/OneDrive/Documentos/ITBA/PYTHON_DATA_APP/itba/lib/python3.10/site-packages/airflow/example_dags/example_latest_only.py
[2024-10-20T19:17:20.002-0300] {processor.py:925} INFO - DAG(s) 'latest_only' retrieved from /mnt/c/Users/Pato_/OneDrive/Documentos/ITBA/PYTHON_DATA_APP/itba/lib/python3.10/site-packages/airflow/example_dags/example_latest_only.py
[2024-10-20T19:17:20.017-0300] {logging_mixin.py:190} INFO - [2024-10-20T19:17:20.017-0300] {dag.py:3239} INFO - Sync 1 DAGs
[2024-10-20T19:17:20.035-0300] {logging_mixin.py:190} INFO - [2024-10-20T19:17:20.034-0300] {dag.py:4180} INFO - Setting next_dagrun for latest_only to 2024-10-20 16:00:00+00:00, run_after=2024-10-20 20:00:00+00:00
[2024-10-20T19:17:20.067-0300] {processor.py:208} INFO - Processing /mnt/c/Users/Pato_/OneDrive/Documentos/ITBA/PYTHON_DATA_APP/itba/lib/python3.10/site-packages/airflow/example_dags/example_latest_only.py took 0.116 seconds
[2024-10-20T19:18:34.216-0300] {processor.py:186} INFO - Started process (PID=308638) to work on /mnt/c/Users/Pato_/OneDrive/Documentos/ITBA/PYTHON_DATA_APP/itba/lib/python3.10/site-packages/airflow/example_dags/example_latest_only.py
[2024-10-20T19:18:34.217-0300] {processor.py:914} INFO - Processing file /mnt/c/Users/Pato_/OneDrive/Documentos/ITBA/PYTHON_DATA_APP/itba/lib/python3.10/site-packages/airflow/example_dags/example_latest_only.py for tasks to queue
[2024-10-20T19:18:34.219-0300] {logging_mixin.py:190} INFO - [2024-10-20T19:18:34.218-0300] {dagbag.py:588} INFO - Filling up the DagBag from /mnt/c/Users/Pato_/OneDrive/Documentos/ITBA/PYTHON_DATA_APP/itba/lib/python3.10/site-packages/airflow/example_dags/example_latest_only.py
[2024-10-20T19:18:34.257-0300] {processor.py:925} INFO - DAG(s) 'latest_only' retrieved from /mnt/c/Users/Pato_/OneDrive/Documentos/ITBA/PYTHON_DATA_APP/itba/lib/python3.10/site-packages/airflow/example_dags/example_latest_only.py
[2024-10-20T19:18:34.271-0300] {logging_mixin.py:190} INFO - [2024-10-20T19:18:34.270-0300] {dag.py:3239} INFO - Sync 1 DAGs
[2024-10-20T19:18:34.287-0300] {logging_mixin.py:190} INFO - [2024-10-20T19:18:34.287-0300] {dag.py:4180} INFO - Setting next_dagrun for latest_only to 2024-10-20 16:00:00+00:00, run_after=2024-10-20 20:00:00+00:00
[2024-10-20T19:18:34.316-0300] {processor.py:208} INFO - Processing /mnt/c/Users/Pato_/OneDrive/Documentos/ITBA/PYTHON_DATA_APP/itba/lib/python3.10/site-packages/airflow/example_dags/example_latest_only.py took 0.107 seconds
[2024-10-20T19:19:46.653-0300] {processor.py:186} INFO - Started process (PID=309204) to work on /mnt/c/Users/Pato_/OneDrive/Documentos/ITBA/PYTHON_DATA_APP/itba/lib/python3.10/site-packages/airflow/example_dags/example_latest_only.py
[2024-10-20T19:19:46.654-0300] {processor.py:914} INFO - Processing file /mnt/c/Users/Pato_/OneDrive/Documentos/ITBA/PYTHON_DATA_APP/itba/lib/python3.10/site-packages/airflow/example_dags/example_latest_only.py for tasks to queue
[2024-10-20T19:19:46.656-0300] {logging_mixin.py:190} INFO - [2024-10-20T19:19:46.655-0300] {dagbag.py:588} INFO - Filling up the DagBag from /mnt/c/Users/Pato_/OneDrive/Documentos/ITBA/PYTHON_DATA_APP/itba/lib/python3.10/site-packages/airflow/example_dags/example_latest_only.py
[2024-10-20T19:19:46.696-0300] {processor.py:925} INFO - DAG(s) 'latest_only' retrieved from /mnt/c/Users/Pato_/OneDrive/Documentos/ITBA/PYTHON_DATA_APP/itba/lib/python3.10/site-packages/airflow/example_dags/example_latest_only.py
[2024-10-20T19:19:46.710-0300] {logging_mixin.py:190} INFO - [2024-10-20T19:19:46.710-0300] {dag.py:3239} INFO - Sync 1 DAGs
[2024-10-20T19:19:46.727-0300] {logging_mixin.py:190} INFO - [2024-10-20T19:19:46.727-0300] {dag.py:4180} INFO - Setting next_dagrun for latest_only to 2024-10-20 16:00:00+00:00, run_after=2024-10-20 20:00:00+00:00
[2024-10-20T19:19:46.757-0300] {processor.py:208} INFO - Processing /mnt/c/Users/Pato_/OneDrive/Documentos/ITBA/PYTHON_DATA_APP/itba/lib/python3.10/site-packages/airflow/example_dags/example_latest_only.py took 0.111 seconds
[2024-10-20T19:20:53.202-0300] {processor.py:186} INFO - Started process (PID=309815) to work on /mnt/c/Users/Pato_/OneDrive/Documentos/ITBA/PYTHON_DATA_APP/itba/lib/python3.10/site-packages/airflow/example_dags/example_latest_only.py
[2024-10-20T19:20:53.203-0300] {processor.py:914} INFO - Processing file /mnt/c/Users/Pato_/OneDrive/Documentos/ITBA/PYTHON_DATA_APP/itba/lib/python3.10/site-packages/airflow/example_dags/example_latest_only.py for tasks to queue
[2024-10-20T19:20:53.205-0300] {logging_mixin.py:190} INFO - [2024-10-20T19:20:53.205-0300] {dagbag.py:588} INFO - Filling up the DagBag from /mnt/c/Users/Pato_/OneDrive/Documentos/ITBA/PYTHON_DATA_APP/itba/lib/python3.10/site-packages/airflow/example_dags/example_latest_only.py
[2024-10-20T19:20:53.244-0300] {processor.py:925} INFO - DAG(s) 'latest_only' retrieved from /mnt/c/Users/Pato_/OneDrive/Documentos/ITBA/PYTHON_DATA_APP/itba/lib/python3.10/site-packages/airflow/example_dags/example_latest_only.py
[2024-10-20T19:20:53.258-0300] {logging_mixin.py:190} INFO - [2024-10-20T19:20:53.258-0300] {dag.py:3239} INFO - Sync 1 DAGs
[2024-10-20T19:20:53.275-0300] {logging_mixin.py:190} INFO - [2024-10-20T19:20:53.275-0300] {dag.py:4180} INFO - Setting next_dagrun for latest_only to 2024-10-20 16:00:00+00:00, run_after=2024-10-20 20:00:00+00:00
[2024-10-20T19:20:53.305-0300] {processor.py:208} INFO - Processing /mnt/c/Users/Pato_/OneDrive/Documentos/ITBA/PYTHON_DATA_APP/itba/lib/python3.10/site-packages/airflow/example_dags/example_latest_only.py took 0.109 seconds
[2024-10-20T19:22:00.820-0300] {processor.py:186} INFO - Started process (PID=310436) to work on /mnt/c/Users/Pato_/OneDrive/Documentos/ITBA/PYTHON_DATA_APP/itba/lib/python3.10/site-packages/airflow/example_dags/example_latest_only.py
[2024-10-20T19:22:00.821-0300] {processor.py:914} INFO - Processing file /mnt/c/Users/Pato_/OneDrive/Documentos/ITBA/PYTHON_DATA_APP/itba/lib/python3.10/site-packages/airflow/example_dags/example_latest_only.py for tasks to queue
[2024-10-20T19:22:00.823-0300] {logging_mixin.py:190} INFO - [2024-10-20T19:22:00.823-0300] {dagbag.py:588} INFO - Filling up the DagBag from /mnt/c/Users/Pato_/OneDrive/Documentos/ITBA/PYTHON_DATA_APP/itba/lib/python3.10/site-packages/airflow/example_dags/example_latest_only.py
[2024-10-20T19:22:00.866-0300] {processor.py:925} INFO - DAG(s) 'latest_only' retrieved from /mnt/c/Users/Pato_/OneDrive/Documentos/ITBA/PYTHON_DATA_APP/itba/lib/python3.10/site-packages/airflow/example_dags/example_latest_only.py
[2024-10-20T19:22:00.883-0300] {logging_mixin.py:190} INFO - [2024-10-20T19:22:00.882-0300] {dag.py:3239} INFO - Sync 1 DAGs
[2024-10-20T19:22:00.902-0300] {logging_mixin.py:190} INFO - [2024-10-20T19:22:00.901-0300] {dag.py:4180} INFO - Setting next_dagrun for latest_only to 2024-10-20 16:00:00+00:00, run_after=2024-10-20 20:00:00+00:00
[2024-10-20T19:22:00.937-0300] {processor.py:208} INFO - Processing /mnt/c/Users/Pato_/OneDrive/Documentos/ITBA/PYTHON_DATA_APP/itba/lib/python3.10/site-packages/airflow/example_dags/example_latest_only.py took 0.124 seconds
[2024-10-20T19:23:06.021-0300] {processor.py:186} INFO - Started process (PID=310947) to work on /mnt/c/Users/Pato_/OneDrive/Documentos/ITBA/PYTHON_DATA_APP/itba/lib/python3.10/site-packages/airflow/example_dags/example_latest_only.py
[2024-10-20T19:23:06.022-0300] {processor.py:914} INFO - Processing file /mnt/c/Users/Pato_/OneDrive/Documentos/ITBA/PYTHON_DATA_APP/itba/lib/python3.10/site-packages/airflow/example_dags/example_latest_only.py for tasks to queue
[2024-10-20T19:23:06.024-0300] {logging_mixin.py:190} INFO - [2024-10-20T19:23:06.023-0300] {dagbag.py:588} INFO - Filling up the DagBag from /mnt/c/Users/Pato_/OneDrive/Documentos/ITBA/PYTHON_DATA_APP/itba/lib/python3.10/site-packages/airflow/example_dags/example_latest_only.py
[2024-10-20T19:23:06.061-0300] {processor.py:925} INFO - DAG(s) 'latest_only' retrieved from /mnt/c/Users/Pato_/OneDrive/Documentos/ITBA/PYTHON_DATA_APP/itba/lib/python3.10/site-packages/airflow/example_dags/example_latest_only.py
[2024-10-20T19:23:06.075-0300] {logging_mixin.py:190} INFO - [2024-10-20T19:23:06.075-0300] {dag.py:3239} INFO - Sync 1 DAGs
[2024-10-20T19:23:06.092-0300] {logging_mixin.py:190} INFO - [2024-10-20T19:23:06.092-0300] {dag.py:4180} INFO - Setting next_dagrun for latest_only to 2024-10-20 16:00:00+00:00, run_after=2024-10-20 20:00:00+00:00
[2024-10-20T19:23:06.122-0300] {processor.py:208} INFO - Processing /mnt/c/Users/Pato_/OneDrive/Documentos/ITBA/PYTHON_DATA_APP/itba/lib/python3.10/site-packages/airflow/example_dags/example_latest_only.py took 0.108 seconds
[2024-10-20T19:25:01.985-0300] {processor.py:186} INFO - Started process (PID=312501) to work on /mnt/c/Users/Pato_/OneDrive/Documentos/ITBA/PYTHON_DATA_APP/itba/lib/python3.10/site-packages/airflow/example_dags/example_latest_only.py
[2024-10-20T19:25:01.987-0300] {processor.py:914} INFO - Processing file /mnt/c/Users/Pato_/OneDrive/Documentos/ITBA/PYTHON_DATA_APP/itba/lib/python3.10/site-packages/airflow/example_dags/example_latest_only.py for tasks to queue
[2024-10-20T19:25:01.989-0300] {logging_mixin.py:190} INFO - [2024-10-20T19:25:01.988-0300] {dagbag.py:588} INFO - Filling up the DagBag from /mnt/c/Users/Pato_/OneDrive/Documentos/ITBA/PYTHON_DATA_APP/itba/lib/python3.10/site-packages/airflow/example_dags/example_latest_only.py
[2024-10-20T19:25:02.030-0300] {processor.py:925} INFO - DAG(s) 'latest_only' retrieved from /mnt/c/Users/Pato_/OneDrive/Documentos/ITBA/PYTHON_DATA_APP/itba/lib/python3.10/site-packages/airflow/example_dags/example_latest_only.py
[2024-10-20T19:25:02.045-0300] {logging_mixin.py:190} INFO - [2024-10-20T19:25:02.045-0300] {dag.py:3239} INFO - Sync 1 DAGs
[2024-10-20T19:25:02.064-0300] {logging_mixin.py:190} INFO - [2024-10-20T19:25:02.063-0300] {dag.py:4180} INFO - Setting next_dagrun for latest_only to 2024-10-20 16:00:00+00:00, run_after=2024-10-20 20:00:00+00:00
[2024-10-20T19:25:02.095-0300] {processor.py:208} INFO - Processing /mnt/c/Users/Pato_/OneDrive/Documentos/ITBA/PYTHON_DATA_APP/itba/lib/python3.10/site-packages/airflow/example_dags/example_latest_only.py took 0.116 seconds
[2024-10-20T19:26:41.353-0300] {processor.py:186} INFO - Started process (PID=313799) to work on /mnt/c/Users/Pato_/OneDrive/Documentos/ITBA/PYTHON_DATA_APP/itba/lib/python3.10/site-packages/airflow/example_dags/example_latest_only.py
[2024-10-20T19:26:41.354-0300] {processor.py:914} INFO - Processing file /mnt/c/Users/Pato_/OneDrive/Documentos/ITBA/PYTHON_DATA_APP/itba/lib/python3.10/site-packages/airflow/example_dags/example_latest_only.py for tasks to queue
[2024-10-20T19:26:41.356-0300] {logging_mixin.py:190} INFO - [2024-10-20T19:26:41.356-0300] {dagbag.py:588} INFO - Filling up the DagBag from /mnt/c/Users/Pato_/OneDrive/Documentos/ITBA/PYTHON_DATA_APP/itba/lib/python3.10/site-packages/airflow/example_dags/example_latest_only.py
[2024-10-20T19:26:41.397-0300] {processor.py:925} INFO - DAG(s) 'latest_only' retrieved from /mnt/c/Users/Pato_/OneDrive/Documentos/ITBA/PYTHON_DATA_APP/itba/lib/python3.10/site-packages/airflow/example_dags/example_latest_only.py
[2024-10-20T19:26:41.412-0300] {logging_mixin.py:190} INFO - [2024-10-20T19:26:41.411-0300] {dag.py:3239} INFO - Sync 1 DAGs
[2024-10-20T19:26:41.429-0300] {logging_mixin.py:190} INFO - [2024-10-20T19:26:41.429-0300] {dag.py:4180} INFO - Setting next_dagrun for latest_only to 2024-10-20 16:00:00+00:00, run_after=2024-10-20 20:00:00+00:00
[2024-10-20T19:26:41.459-0300] {processor.py:208} INFO - Processing /mnt/c/Users/Pato_/OneDrive/Documentos/ITBA/PYTHON_DATA_APP/itba/lib/python3.10/site-packages/airflow/example_dags/example_latest_only.py took 0.113 seconds
[2024-10-20T19:27:53.582-0300] {processor.py:186} INFO - Started process (PID=314639) to work on /mnt/c/Users/Pato_/OneDrive/Documentos/ITBA/PYTHON_DATA_APP/itba/lib/python3.10/site-packages/airflow/example_dags/example_latest_only.py
[2024-10-20T19:27:53.583-0300] {processor.py:914} INFO - Processing file /mnt/c/Users/Pato_/OneDrive/Documentos/ITBA/PYTHON_DATA_APP/itba/lib/python3.10/site-packages/airflow/example_dags/example_latest_only.py for tasks to queue
[2024-10-20T19:27:53.585-0300] {logging_mixin.py:190} INFO - [2024-10-20T19:27:53.585-0300] {dagbag.py:588} INFO - Filling up the DagBag from /mnt/c/Users/Pato_/OneDrive/Documentos/ITBA/PYTHON_DATA_APP/itba/lib/python3.10/site-packages/airflow/example_dags/example_latest_only.py
[2024-10-20T19:27:53.624-0300] {processor.py:925} INFO - DAG(s) 'latest_only' retrieved from /mnt/c/Users/Pato_/OneDrive/Documentos/ITBA/PYTHON_DATA_APP/itba/lib/python3.10/site-packages/airflow/example_dags/example_latest_only.py
[2024-10-20T19:27:53.641-0300] {logging_mixin.py:190} INFO - [2024-10-20T19:27:53.640-0300] {dag.py:3239} INFO - Sync 1 DAGs
[2024-10-20T19:27:53.659-0300] {logging_mixin.py:190} INFO - [2024-10-20T19:27:53.658-0300] {dag.py:4180} INFO - Setting next_dagrun for latest_only to 2024-10-20 16:00:00+00:00, run_after=2024-10-20 20:00:00+00:00
[2024-10-20T19:27:53.688-0300] {processor.py:208} INFO - Processing /mnt/c/Users/Pato_/OneDrive/Documentos/ITBA/PYTHON_DATA_APP/itba/lib/python3.10/site-packages/airflow/example_dags/example_latest_only.py took 0.113 seconds
[2024-10-20T19:28:58.072-0300] {processor.py:186} INFO - Started process (PID=315389) to work on /mnt/c/Users/Pato_/OneDrive/Documentos/ITBA/PYTHON_DATA_APP/itba/lib/python3.10/site-packages/airflow/example_dags/example_latest_only.py
[2024-10-20T19:28:58.073-0300] {processor.py:914} INFO - Processing file /mnt/c/Users/Pato_/OneDrive/Documentos/ITBA/PYTHON_DATA_APP/itba/lib/python3.10/site-packages/airflow/example_dags/example_latest_only.py for tasks to queue
[2024-10-20T19:28:58.075-0300] {logging_mixin.py:190} INFO - [2024-10-20T19:28:58.075-0300] {dagbag.py:588} INFO - Filling up the DagBag from /mnt/c/Users/Pato_/OneDrive/Documentos/ITBA/PYTHON_DATA_APP/itba/lib/python3.10/site-packages/airflow/example_dags/example_latest_only.py
[2024-10-20T19:28:58.114-0300] {processor.py:925} INFO - DAG(s) 'latest_only' retrieved from /mnt/c/Users/Pato_/OneDrive/Documentos/ITBA/PYTHON_DATA_APP/itba/lib/python3.10/site-packages/airflow/example_dags/example_latest_only.py
[2024-10-20T19:28:58.128-0300] {logging_mixin.py:190} INFO - [2024-10-20T19:28:58.128-0300] {dag.py:3239} INFO - Sync 1 DAGs
[2024-10-20T19:28:58.145-0300] {logging_mixin.py:190} INFO - [2024-10-20T19:28:58.144-0300] {dag.py:4180} INFO - Setting next_dagrun for latest_only to 2024-10-20 16:00:00+00:00, run_after=2024-10-20 20:00:00+00:00
[2024-10-20T19:28:58.173-0300] {processor.py:208} INFO - Processing /mnt/c/Users/Pato_/OneDrive/Documentos/ITBA/PYTHON_DATA_APP/itba/lib/python3.10/site-packages/airflow/example_dags/example_latest_only.py took 0.108 seconds
[2024-10-20T19:30:09.599-0300] {processor.py:186} INFO - Started process (PID=316195) to work on /mnt/c/Users/Pato_/OneDrive/Documentos/ITBA/PYTHON_DATA_APP/itba/lib/python3.10/site-packages/airflow/example_dags/example_latest_only.py
[2024-10-20T19:30:09.600-0300] {processor.py:914} INFO - Processing file /mnt/c/Users/Pato_/OneDrive/Documentos/ITBA/PYTHON_DATA_APP/itba/lib/python3.10/site-packages/airflow/example_dags/example_latest_only.py for tasks to queue
[2024-10-20T19:30:09.603-0300] {logging_mixin.py:190} INFO - [2024-10-20T19:30:09.602-0300] {dagbag.py:588} INFO - Filling up the DagBag from /mnt/c/Users/Pato_/OneDrive/Documentos/ITBA/PYTHON_DATA_APP/itba/lib/python3.10/site-packages/airflow/example_dags/example_latest_only.py
[2024-10-20T19:30:09.646-0300] {processor.py:925} INFO - DAG(s) 'latest_only' retrieved from /mnt/c/Users/Pato_/OneDrive/Documentos/ITBA/PYTHON_DATA_APP/itba/lib/python3.10/site-packages/airflow/example_dags/example_latest_only.py
[2024-10-20T19:30:09.663-0300] {logging_mixin.py:190} INFO - [2024-10-20T19:30:09.662-0300] {dag.py:3239} INFO - Sync 1 DAGs
[2024-10-20T19:30:09.682-0300] {logging_mixin.py:190} INFO - [2024-10-20T19:30:09.681-0300] {dag.py:4180} INFO - Setting next_dagrun for latest_only to 2024-10-20 16:00:00+00:00, run_after=2024-10-20 20:00:00+00:00
[2024-10-20T19:30:09.714-0300] {processor.py:208} INFO - Processing /mnt/c/Users/Pato_/OneDrive/Documentos/ITBA/PYTHON_DATA_APP/itba/lib/python3.10/site-packages/airflow/example_dags/example_latest_only.py took 0.123 seconds
[2024-10-20T19:31:15.577-0300] {processor.py:186} INFO - Started process (PID=316708) to work on /mnt/c/Users/Pato_/OneDrive/Documentos/ITBA/PYTHON_DATA_APP/itba/lib/python3.10/site-packages/airflow/example_dags/example_latest_only.py
[2024-10-20T19:31:15.578-0300] {processor.py:914} INFO - Processing file /mnt/c/Users/Pato_/OneDrive/Documentos/ITBA/PYTHON_DATA_APP/itba/lib/python3.10/site-packages/airflow/example_dags/example_latest_only.py for tasks to queue
[2024-10-20T19:31:15.580-0300] {logging_mixin.py:190} INFO - [2024-10-20T19:31:15.580-0300] {dagbag.py:588} INFO - Filling up the DagBag from /mnt/c/Users/Pato_/OneDrive/Documentos/ITBA/PYTHON_DATA_APP/itba/lib/python3.10/site-packages/airflow/example_dags/example_latest_only.py
[2024-10-20T19:31:15.621-0300] {processor.py:925} INFO - DAG(s) 'latest_only' retrieved from /mnt/c/Users/Pato_/OneDrive/Documentos/ITBA/PYTHON_DATA_APP/itba/lib/python3.10/site-packages/airflow/example_dags/example_latest_only.py
[2024-10-20T19:31:15.637-0300] {logging_mixin.py:190} INFO - [2024-10-20T19:31:15.637-0300] {dag.py:3239} INFO - Sync 1 DAGs
[2024-10-20T19:31:15.654-0300] {logging_mixin.py:190} INFO - [2024-10-20T19:31:15.654-0300] {dag.py:4180} INFO - Setting next_dagrun for latest_only to 2024-10-20 16:00:00+00:00, run_after=2024-10-20 20:00:00+00:00
[2024-10-20T19:31:15.683-0300] {processor.py:208} INFO - Processing /mnt/c/Users/Pato_/OneDrive/Documentos/ITBA/PYTHON_DATA_APP/itba/lib/python3.10/site-packages/airflow/example_dags/example_latest_only.py took 0.112 seconds
[2024-10-20T19:32:25.833-0300] {processor.py:186} INFO - Started process (PID=317258) to work on /mnt/c/Users/Pato_/OneDrive/Documentos/ITBA/PYTHON_DATA_APP/itba/lib/python3.10/site-packages/airflow/example_dags/example_latest_only.py
[2024-10-20T19:32:25.834-0300] {processor.py:914} INFO - Processing file /mnt/c/Users/Pato_/OneDrive/Documentos/ITBA/PYTHON_DATA_APP/itba/lib/python3.10/site-packages/airflow/example_dags/example_latest_only.py for tasks to queue
[2024-10-20T19:32:25.836-0300] {logging_mixin.py:190} INFO - [2024-10-20T19:32:25.836-0300] {dagbag.py:588} INFO - Filling up the DagBag from /mnt/c/Users/Pato_/OneDrive/Documentos/ITBA/PYTHON_DATA_APP/itba/lib/python3.10/site-packages/airflow/example_dags/example_latest_only.py
[2024-10-20T19:32:25.875-0300] {processor.py:925} INFO - DAG(s) 'latest_only' retrieved from /mnt/c/Users/Pato_/OneDrive/Documentos/ITBA/PYTHON_DATA_APP/itba/lib/python3.10/site-packages/airflow/example_dags/example_latest_only.py
[2024-10-20T19:32:25.889-0300] {logging_mixin.py:190} INFO - [2024-10-20T19:32:25.889-0300] {dag.py:3239} INFO - Sync 1 DAGs
[2024-10-20T19:32:25.906-0300] {logging_mixin.py:190} INFO - [2024-10-20T19:32:25.905-0300] {dag.py:4180} INFO - Setting next_dagrun for latest_only to 2024-10-20 16:00:00+00:00, run_after=2024-10-20 20:00:00+00:00
[2024-10-20T19:32:25.934-0300] {processor.py:208} INFO - Processing /mnt/c/Users/Pato_/OneDrive/Documentos/ITBA/PYTHON_DATA_APP/itba/lib/python3.10/site-packages/airflow/example_dags/example_latest_only.py took 0.107 seconds
[2024-10-20T19:33:32.666-0300] {processor.py:186} INFO - Started process (PID=317909) to work on /mnt/c/Users/Pato_/OneDrive/Documentos/ITBA/PYTHON_DATA_APP/itba/lib/python3.10/site-packages/airflow/example_dags/example_latest_only.py
[2024-10-20T19:33:32.667-0300] {processor.py:914} INFO - Processing file /mnt/c/Users/Pato_/OneDrive/Documentos/ITBA/PYTHON_DATA_APP/itba/lib/python3.10/site-packages/airflow/example_dags/example_latest_only.py for tasks to queue
[2024-10-20T19:33:32.669-0300] {logging_mixin.py:190} INFO - [2024-10-20T19:33:32.669-0300] {dagbag.py:588} INFO - Filling up the DagBag from /mnt/c/Users/Pato_/OneDrive/Documentos/ITBA/PYTHON_DATA_APP/itba/lib/python3.10/site-packages/airflow/example_dags/example_latest_only.py
[2024-10-20T19:33:32.709-0300] {processor.py:925} INFO - DAG(s) 'latest_only' retrieved from /mnt/c/Users/Pato_/OneDrive/Documentos/ITBA/PYTHON_DATA_APP/itba/lib/python3.10/site-packages/airflow/example_dags/example_latest_only.py
[2024-10-20T19:33:32.724-0300] {logging_mixin.py:190} INFO - [2024-10-20T19:33:32.723-0300] {dag.py:3239} INFO - Sync 1 DAGs
[2024-10-20T19:33:32.741-0300] {logging_mixin.py:190} INFO - [2024-10-20T19:33:32.741-0300] {dag.py:4180} INFO - Setting next_dagrun for latest_only to 2024-10-20 16:00:00+00:00, run_after=2024-10-20 20:00:00+00:00
[2024-10-20T19:33:32.769-0300] {processor.py:208} INFO - Processing /mnt/c/Users/Pato_/OneDrive/Documentos/ITBA/PYTHON_DATA_APP/itba/lib/python3.10/site-packages/airflow/example_dags/example_latest_only.py took 0.110 seconds
[2024-10-20T19:34:40.191-0300] {processor.py:186} INFO - Started process (PID=318620) to work on /mnt/c/Users/Pato_/OneDrive/Documentos/ITBA/PYTHON_DATA_APP/itba/lib/python3.10/site-packages/airflow/example_dags/example_latest_only.py
[2024-10-20T19:34:40.192-0300] {processor.py:914} INFO - Processing file /mnt/c/Users/Pato_/OneDrive/Documentos/ITBA/PYTHON_DATA_APP/itba/lib/python3.10/site-packages/airflow/example_dags/example_latest_only.py for tasks to queue
[2024-10-20T19:34:40.194-0300] {logging_mixin.py:190} INFO - [2024-10-20T19:34:40.193-0300] {dagbag.py:588} INFO - Filling up the DagBag from /mnt/c/Users/Pato_/OneDrive/Documentos/ITBA/PYTHON_DATA_APP/itba/lib/python3.10/site-packages/airflow/example_dags/example_latest_only.py
[2024-10-20T19:34:40.233-0300] {processor.py:925} INFO - DAG(s) 'latest_only' retrieved from /mnt/c/Users/Pato_/OneDrive/Documentos/ITBA/PYTHON_DATA_APP/itba/lib/python3.10/site-packages/airflow/example_dags/example_latest_only.py
[2024-10-20T19:34:40.248-0300] {logging_mixin.py:190} INFO - [2024-10-20T19:34:40.247-0300] {dag.py:3239} INFO - Sync 1 DAGs
[2024-10-20T19:34:40.265-0300] {logging_mixin.py:190} INFO - [2024-10-20T19:34:40.264-0300] {dag.py:4180} INFO - Setting next_dagrun for latest_only to 2024-10-20 16:00:00+00:00, run_after=2024-10-20 20:00:00+00:00
[2024-10-20T19:34:40.295-0300] {processor.py:208} INFO - Processing /mnt/c/Users/Pato_/OneDrive/Documentos/ITBA/PYTHON_DATA_APP/itba/lib/python3.10/site-packages/airflow/example_dags/example_latest_only.py took 0.111 seconds
[2024-10-20T19:35:47.875-0300] {processor.py:186} INFO - Started process (PID=319261) to work on /mnt/c/Users/Pato_/OneDrive/Documentos/ITBA/PYTHON_DATA_APP/itba/lib/python3.10/site-packages/airflow/example_dags/example_latest_only.py
[2024-10-20T19:35:47.876-0300] {processor.py:914} INFO - Processing file /mnt/c/Users/Pato_/OneDrive/Documentos/ITBA/PYTHON_DATA_APP/itba/lib/python3.10/site-packages/airflow/example_dags/example_latest_only.py for tasks to queue
[2024-10-20T19:35:47.878-0300] {logging_mixin.py:190} INFO - [2024-10-20T19:35:47.877-0300] {dagbag.py:588} INFO - Filling up the DagBag from /mnt/c/Users/Pato_/OneDrive/Documentos/ITBA/PYTHON_DATA_APP/itba/lib/python3.10/site-packages/airflow/example_dags/example_latest_only.py
[2024-10-20T19:35:47.918-0300] {processor.py:925} INFO - DAG(s) 'latest_only' retrieved from /mnt/c/Users/Pato_/OneDrive/Documentos/ITBA/PYTHON_DATA_APP/itba/lib/python3.10/site-packages/airflow/example_dags/example_latest_only.py
[2024-10-20T19:35:47.935-0300] {logging_mixin.py:190} INFO - [2024-10-20T19:35:47.934-0300] {dag.py:3239} INFO - Sync 1 DAGs
[2024-10-20T19:35:47.953-0300] {logging_mixin.py:190} INFO - [2024-10-20T19:35:47.952-0300] {dag.py:4180} INFO - Setting next_dagrun for latest_only to 2024-10-20 16:00:00+00:00, run_after=2024-10-20 20:00:00+00:00
[2024-10-20T19:35:47.982-0300] {processor.py:208} INFO - Processing /mnt/c/Users/Pato_/OneDrive/Documentos/ITBA/PYTHON_DATA_APP/itba/lib/python3.10/site-packages/airflow/example_dags/example_latest_only.py took 0.114 seconds
[2024-10-20T19:36:58.630-0300] {processor.py:186} INFO - Started process (PID=319812) to work on /mnt/c/Users/Pato_/OneDrive/Documentos/ITBA/PYTHON_DATA_APP/itba/lib/python3.10/site-packages/airflow/example_dags/example_latest_only.py
[2024-10-20T19:36:58.631-0300] {processor.py:914} INFO - Processing file /mnt/c/Users/Pato_/OneDrive/Documentos/ITBA/PYTHON_DATA_APP/itba/lib/python3.10/site-packages/airflow/example_dags/example_latest_only.py for tasks to queue
[2024-10-20T19:36:58.633-0300] {logging_mixin.py:190} INFO - [2024-10-20T19:36:58.633-0300] {dagbag.py:588} INFO - Filling up the DagBag from /mnt/c/Users/Pato_/OneDrive/Documentos/ITBA/PYTHON_DATA_APP/itba/lib/python3.10/site-packages/airflow/example_dags/example_latest_only.py
[2024-10-20T19:36:58.672-0300] {processor.py:925} INFO - DAG(s) 'latest_only' retrieved from /mnt/c/Users/Pato_/OneDrive/Documentos/ITBA/PYTHON_DATA_APP/itba/lib/python3.10/site-packages/airflow/example_dags/example_latest_only.py
[2024-10-20T19:36:58.685-0300] {logging_mixin.py:190} INFO - [2024-10-20T19:36:58.685-0300] {dag.py:3239} INFO - Sync 1 DAGs
[2024-10-20T19:36:58.702-0300] {logging_mixin.py:190} INFO - [2024-10-20T19:36:58.701-0300] {dag.py:4180} INFO - Setting next_dagrun for latest_only to 2024-10-20 16:00:00+00:00, run_after=2024-10-20 20:00:00+00:00
[2024-10-20T19:36:58.730-0300] {processor.py:208} INFO - Processing /mnt/c/Users/Pato_/OneDrive/Documentos/ITBA/PYTHON_DATA_APP/itba/lib/python3.10/site-packages/airflow/example_dags/example_latest_only.py took 0.106 seconds
[2024-10-20T19:38:04.605-0300] {processor.py:186} INFO - Started process (PID=320325) to work on /mnt/c/Users/Pato_/OneDrive/Documentos/ITBA/PYTHON_DATA_APP/itba/lib/python3.10/site-packages/airflow/example_dags/example_latest_only.py
[2024-10-20T19:38:04.606-0300] {processor.py:914} INFO - Processing file /mnt/c/Users/Pato_/OneDrive/Documentos/ITBA/PYTHON_DATA_APP/itba/lib/python3.10/site-packages/airflow/example_dags/example_latest_only.py for tasks to queue
[2024-10-20T19:38:04.609-0300] {logging_mixin.py:190} INFO - [2024-10-20T19:38:04.608-0300] {dagbag.py:588} INFO - Filling up the DagBag from /mnt/c/Users/Pato_/OneDrive/Documentos/ITBA/PYTHON_DATA_APP/itba/lib/python3.10/site-packages/airflow/example_dags/example_latest_only.py
[2024-10-20T19:38:04.647-0300] {processor.py:925} INFO - DAG(s) 'latest_only' retrieved from /mnt/c/Users/Pato_/OneDrive/Documentos/ITBA/PYTHON_DATA_APP/itba/lib/python3.10/site-packages/airflow/example_dags/example_latest_only.py
[2024-10-20T19:38:04.661-0300] {logging_mixin.py:190} INFO - [2024-10-20T19:38:04.661-0300] {dag.py:3239} INFO - Sync 1 DAGs
[2024-10-20T19:38:04.679-0300] {logging_mixin.py:190} INFO - [2024-10-20T19:38:04.678-0300] {dag.py:4180} INFO - Setting next_dagrun for latest_only to 2024-10-20 16:00:00+00:00, run_after=2024-10-20 20:00:00+00:00
[2024-10-20T19:38:04.707-0300] {processor.py:208} INFO - Processing /mnt/c/Users/Pato_/OneDrive/Documentos/ITBA/PYTHON_DATA_APP/itba/lib/python3.10/site-packages/airflow/example_dags/example_latest_only.py took 0.109 seconds
[2024-10-20T19:39:10.203-0300] {processor.py:186} INFO - Started process (PID=320843) to work on /mnt/c/Users/Pato_/OneDrive/Documentos/ITBA/PYTHON_DATA_APP/itba/lib/python3.10/site-packages/airflow/example_dags/example_latest_only.py
[2024-10-20T19:39:10.204-0300] {processor.py:914} INFO - Processing file /mnt/c/Users/Pato_/OneDrive/Documentos/ITBA/PYTHON_DATA_APP/itba/lib/python3.10/site-packages/airflow/example_dags/example_latest_only.py for tasks to queue
[2024-10-20T19:39:10.206-0300] {logging_mixin.py:190} INFO - [2024-10-20T19:39:10.206-0300] {dagbag.py:588} INFO - Filling up the DagBag from /mnt/c/Users/Pato_/OneDrive/Documentos/ITBA/PYTHON_DATA_APP/itba/lib/python3.10/site-packages/airflow/example_dags/example_latest_only.py
[2024-10-20T19:39:10.250-0300] {processor.py:925} INFO - DAG(s) 'latest_only' retrieved from /mnt/c/Users/Pato_/OneDrive/Documentos/ITBA/PYTHON_DATA_APP/itba/lib/python3.10/site-packages/airflow/example_dags/example_latest_only.py
[2024-10-20T19:39:10.265-0300] {logging_mixin.py:190} INFO - [2024-10-20T19:39:10.264-0300] {dag.py:3239} INFO - Sync 1 DAGs
[2024-10-20T19:39:10.283-0300] {logging_mixin.py:190} INFO - [2024-10-20T19:39:10.282-0300] {dag.py:4180} INFO - Setting next_dagrun for latest_only to 2024-10-20 16:00:00+00:00, run_after=2024-10-20 20:00:00+00:00
[2024-10-20T19:39:10.314-0300] {processor.py:208} INFO - Processing /mnt/c/Users/Pato_/OneDrive/Documentos/ITBA/PYTHON_DATA_APP/itba/lib/python3.10/site-packages/airflow/example_dags/example_latest_only.py took 0.118 seconds
[2024-10-20T19:40:16.982-0300] {processor.py:186} INFO - Started process (PID=321615) to work on /mnt/c/Users/Pato_/OneDrive/Documentos/ITBA/PYTHON_DATA_APP/itba/lib/python3.10/site-packages/airflow/example_dags/example_latest_only.py
[2024-10-20T19:40:16.983-0300] {processor.py:914} INFO - Processing file /mnt/c/Users/Pato_/OneDrive/Documentos/ITBA/PYTHON_DATA_APP/itba/lib/python3.10/site-packages/airflow/example_dags/example_latest_only.py for tasks to queue
[2024-10-20T19:40:16.985-0300] {logging_mixin.py:190} INFO - [2024-10-20T19:40:16.984-0300] {dagbag.py:588} INFO - Filling up the DagBag from /mnt/c/Users/Pato_/OneDrive/Documentos/ITBA/PYTHON_DATA_APP/itba/lib/python3.10/site-packages/airflow/example_dags/example_latest_only.py
[2024-10-20T19:40:17.024-0300] {processor.py:925} INFO - DAG(s) 'latest_only' retrieved from /mnt/c/Users/Pato_/OneDrive/Documentos/ITBA/PYTHON_DATA_APP/itba/lib/python3.10/site-packages/airflow/example_dags/example_latest_only.py
[2024-10-20T19:40:17.038-0300] {logging_mixin.py:190} INFO - [2024-10-20T19:40:17.038-0300] {dag.py:3239} INFO - Sync 1 DAGs
[2024-10-20T19:40:17.055-0300] {logging_mixin.py:190} INFO - [2024-10-20T19:40:17.054-0300] {dag.py:4180} INFO - Setting next_dagrun for latest_only to 2024-10-20 16:00:00+00:00, run_after=2024-10-20 20:00:00+00:00
[2024-10-20T19:40:17.085-0300] {processor.py:208} INFO - Processing /mnt/c/Users/Pato_/OneDrive/Documentos/ITBA/PYTHON_DATA_APP/itba/lib/python3.10/site-packages/airflow/example_dags/example_latest_only.py took 0.109 seconds
[2024-10-20T19:41:24.195-0300] {processor.py:186} INFO - Started process (PID=322272) to work on /mnt/c/Users/Pato_/OneDrive/Documentos/ITBA/PYTHON_DATA_APP/itba/lib/python3.10/site-packages/airflow/example_dags/example_latest_only.py
[2024-10-20T19:41:24.196-0300] {processor.py:914} INFO - Processing file /mnt/c/Users/Pato_/OneDrive/Documentos/ITBA/PYTHON_DATA_APP/itba/lib/python3.10/site-packages/airflow/example_dags/example_latest_only.py for tasks to queue
[2024-10-20T19:41:24.198-0300] {logging_mixin.py:190} INFO - [2024-10-20T19:41:24.197-0300] {dagbag.py:588} INFO - Filling up the DagBag from /mnt/c/Users/Pato_/OneDrive/Documentos/ITBA/PYTHON_DATA_APP/itba/lib/python3.10/site-packages/airflow/example_dags/example_latest_only.py
[2024-10-20T19:41:24.237-0300] {processor.py:925} INFO - DAG(s) 'latest_only' retrieved from /mnt/c/Users/Pato_/OneDrive/Documentos/ITBA/PYTHON_DATA_APP/itba/lib/python3.10/site-packages/airflow/example_dags/example_latest_only.py
[2024-10-20T19:41:24.251-0300] {logging_mixin.py:190} INFO - [2024-10-20T19:41:24.250-0300] {dag.py:3239} INFO - Sync 1 DAGs
[2024-10-20T19:41:24.268-0300] {logging_mixin.py:190} INFO - [2024-10-20T19:41:24.267-0300] {dag.py:4180} INFO - Setting next_dagrun for latest_only to 2024-10-20 16:00:00+00:00, run_after=2024-10-20 20:00:00+00:00
[2024-10-20T19:41:24.296-0300] {processor.py:208} INFO - Processing /mnt/c/Users/Pato_/OneDrive/Documentos/ITBA/PYTHON_DATA_APP/itba/lib/python3.10/site-packages/airflow/example_dags/example_latest_only.py took 0.108 seconds
