[2024-10-20T19:02:13.449-0300] {processor.py:186} INFO - Started process (PID=299688) to work on /mnt/c/Users/Pato_/OneDrive/Documentos/ITBA/PYTHON_DATA_APP/itba/lib/python3.10/site-packages/airflow/example_dags/example_branch_labels.py
[2024-10-20T19:02:13.450-0300] {processor.py:914} INFO - Processing file /mnt/c/Users/Pato_/OneDrive/Documentos/ITBA/PYTHON_DATA_APP/itba/lib/python3.10/site-packages/airflow/example_dags/example_branch_labels.py for tasks to queue
[2024-10-20T19:02:13.453-0300] {logging_mixin.py:190} INFO - [2024-10-20T19:02:13.452-0300] {dagbag.py:588} INFO - Filling up the DagBag from /mnt/c/Users/Pato_/OneDrive/Documentos/ITBA/PYTHON_DATA_APP/itba/lib/python3.10/site-packages/airflow/example_dags/example_branch_labels.py
[2024-10-20T19:02:13.500-0300] {processor.py:925} INFO - DAG(s) 'example_branch_labels' retrieved from /mnt/c/Users/Pato_/OneDrive/Documentos/ITBA/PYTHON_DATA_APP/itba/lib/python3.10/site-packages/airflow/example_dags/example_branch_labels.py
[2024-10-20T19:02:14.178-0300] {logging_mixin.py:190} INFO - [2024-10-20T19:02:14.177-0300] {override.py:1907} INFO - Created Permission View: can read on DAG:example_branch_labels
[2024-10-20T19:02:14.198-0300] {logging_mixin.py:190} INFO - [2024-10-20T19:02:14.197-0300] {override.py:1907} INFO - Created Permission View: can delete on DAG:example_branch_labels
[2024-10-20T19:02:14.219-0300] {logging_mixin.py:190} INFO - [2024-10-20T19:02:14.218-0300] {override.py:1907} INFO - Created Permission View: can edit on DAG:example_branch_labels
[2024-10-20T19:02:14.249-0300] {logging_mixin.py:190} INFO - [2024-10-20T19:02:14.248-0300] {override.py:1907} INFO - Created Permission View: can read on DAG Run:example_branch_labels
[2024-10-20T19:02:14.268-0300] {logging_mixin.py:190} INFO - [2024-10-20T19:02:14.267-0300] {override.py:1907} INFO - Created Permission View: can delete on DAG Run:example_branch_labels
[2024-10-20T19:02:14.286-0300] {logging_mixin.py:190} INFO - [2024-10-20T19:02:14.286-0300] {override.py:1907} INFO - Created Permission View: can create on DAG Run:example_branch_labels
[2024-10-20T19:02:14.306-0300] {logging_mixin.py:190} INFO - [2024-10-20T19:02:14.306-0300] {override.py:1907} INFO - Created Permission View: menu access on DAG Run:example_branch_labels
[2024-10-20T19:02:14.308-0300] {logging_mixin.py:190} INFO - [2024-10-20T19:02:14.307-0300] {dag.py:3239} INFO - Sync 1 DAGs
[2024-10-20T19:02:14.319-0300] {logging_mixin.py:190} INFO - [2024-10-20T19:02:14.319-0300] {dag.py:3262} INFO - Creating ORM DAG for example_branch_labels
[2024-10-20T19:02:14.327-0300] {logging_mixin.py:190} INFO - [2024-10-20T19:02:14.326-0300] {dag.py:4180} INFO - Setting next_dagrun for example_branch_labels to 2024-10-19 00:00:00+00:00, run_after=2024-10-20 00:00:00+00:00
[2024-10-20T19:02:14.357-0300] {processor.py:208} INFO - Processing /mnt/c/Users/Pato_/OneDrive/Documentos/ITBA/PYTHON_DATA_APP/itba/lib/python3.10/site-packages/airflow/example_dags/example_branch_labels.py took 0.916 seconds
[2024-10-20T19:03:45.247-0300] {processor.py:186} INFO - Started process (PID=300408) to work on /mnt/c/Users/Pato_/OneDrive/Documentos/ITBA/PYTHON_DATA_APP/itba/lib/python3.10/site-packages/airflow/example_dags/example_branch_labels.py
[2024-10-20T19:03:45.248-0300] {processor.py:914} INFO - Processing file /mnt/c/Users/Pato_/OneDrive/Documentos/ITBA/PYTHON_DATA_APP/itba/lib/python3.10/site-packages/airflow/example_dags/example_branch_labels.py for tasks to queue
[2024-10-20T19:03:45.250-0300] {logging_mixin.py:190} INFO - [2024-10-20T19:03:45.250-0300] {dagbag.py:588} INFO - Filling up the DagBag from /mnt/c/Users/Pato_/OneDrive/Documentos/ITBA/PYTHON_DATA_APP/itba/lib/python3.10/site-packages/airflow/example_dags/example_branch_labels.py
[2024-10-20T19:03:45.295-0300] {processor.py:925} INFO - DAG(s) 'example_branch_labels' retrieved from /mnt/c/Users/Pato_/OneDrive/Documentos/ITBA/PYTHON_DATA_APP/itba/lib/python3.10/site-packages/airflow/example_dags/example_branch_labels.py
[2024-10-20T19:03:45.310-0300] {logging_mixin.py:190} INFO - [2024-10-20T19:03:45.309-0300] {dag.py:3239} INFO - Sync 1 DAGs
[2024-10-20T19:03:45.324-0300] {logging_mixin.py:190} INFO - [2024-10-20T19:03:45.324-0300] {dag.py:4180} INFO - Setting next_dagrun for example_branch_labels to 2024-10-19 00:00:00+00:00, run_after=2024-10-20 00:00:00+00:00
[2024-10-20T19:03:45.353-0300] {processor.py:208} INFO - Processing /mnt/c/Users/Pato_/OneDrive/Documentos/ITBA/PYTHON_DATA_APP/itba/lib/python3.10/site-packages/airflow/example_dags/example_branch_labels.py took 0.112 seconds
[2024-10-20T19:04:56.329-0300] {processor.py:186} INFO - Started process (PID=301214) to work on /mnt/c/Users/Pato_/OneDrive/Documentos/ITBA/PYTHON_DATA_APP/itba/lib/python3.10/site-packages/airflow/example_dags/example_branch_labels.py
[2024-10-20T19:04:56.330-0300] {processor.py:914} INFO - Processing file /mnt/c/Users/Pato_/OneDrive/Documentos/ITBA/PYTHON_DATA_APP/itba/lib/python3.10/site-packages/airflow/example_dags/example_branch_labels.py for tasks to queue
[2024-10-20T19:04:56.332-0300] {logging_mixin.py:190} INFO - [2024-10-20T19:04:56.331-0300] {dagbag.py:588} INFO - Filling up the DagBag from /mnt/c/Users/Pato_/OneDrive/Documentos/ITBA/PYTHON_DATA_APP/itba/lib/python3.10/site-packages/airflow/example_dags/example_branch_labels.py
[2024-10-20T19:04:56.380-0300] {processor.py:925} INFO - DAG(s) 'example_branch_labels' retrieved from /mnt/c/Users/Pato_/OneDrive/Documentos/ITBA/PYTHON_DATA_APP/itba/lib/python3.10/site-packages/airflow/example_dags/example_branch_labels.py
[2024-10-20T19:04:56.396-0300] {logging_mixin.py:190} INFO - [2024-10-20T19:04:56.396-0300] {dag.py:3239} INFO - Sync 1 DAGs
[2024-10-20T19:04:56.411-0300] {logging_mixin.py:190} INFO - [2024-10-20T19:04:56.411-0300] {dag.py:4180} INFO - Setting next_dagrun for example_branch_labels to 2024-10-19 00:00:00+00:00, run_after=2024-10-20 00:00:00+00:00
[2024-10-20T19:04:56.442-0300] {processor.py:208} INFO - Processing /mnt/c/Users/Pato_/OneDrive/Documentos/ITBA/PYTHON_DATA_APP/itba/lib/python3.10/site-packages/airflow/example_dags/example_branch_labels.py took 0.121 seconds
[2024-10-20T19:07:33.435-0300] {processor.py:186} INFO - Started process (PID=303362) to work on /mnt/c/Users/Pato_/OneDrive/Documentos/ITBA/PYTHON_DATA_APP/itba/lib/python3.10/site-packages/airflow/example_dags/example_branch_labels.py
[2024-10-20T19:07:33.436-0300] {processor.py:914} INFO - Processing file /mnt/c/Users/Pato_/OneDrive/Documentos/ITBA/PYTHON_DATA_APP/itba/lib/python3.10/site-packages/airflow/example_dags/example_branch_labels.py for tasks to queue
[2024-10-20T19:07:33.438-0300] {logging_mixin.py:190} INFO - [2024-10-20T19:07:33.437-0300] {dagbag.py:588} INFO - Filling up the DagBag from /mnt/c/Users/Pato_/OneDrive/Documentos/ITBA/PYTHON_DATA_APP/itba/lib/python3.10/site-packages/airflow/example_dags/example_branch_labels.py
[2024-10-20T19:07:33.483-0300] {processor.py:925} INFO - DAG(s) 'example_branch_labels' retrieved from /mnt/c/Users/Pato_/OneDrive/Documentos/ITBA/PYTHON_DATA_APP/itba/lib/python3.10/site-packages/airflow/example_dags/example_branch_labels.py
[2024-10-20T19:07:33.498-0300] {logging_mixin.py:190} INFO - [2024-10-20T19:07:33.497-0300] {dag.py:3239} INFO - Sync 1 DAGs
[2024-10-20T19:07:33.512-0300] {logging_mixin.py:190} INFO - [2024-10-20T19:07:33.512-0300] {dag.py:4180} INFO - Setting next_dagrun for example_branch_labels to 2024-10-19 00:00:00+00:00, run_after=2024-10-20 00:00:00+00:00
[2024-10-20T19:07:33.541-0300] {processor.py:208} INFO - Processing /mnt/c/Users/Pato_/OneDrive/Documentos/ITBA/PYTHON_DATA_APP/itba/lib/python3.10/site-packages/airflow/example_dags/example_branch_labels.py took 0.113 seconds
[2024-10-20T19:08:59.928-0300] {processor.py:186} INFO - Started process (PID=304041) to work on /mnt/c/Users/Pato_/OneDrive/Documentos/ITBA/PYTHON_DATA_APP/itba/lib/python3.10/site-packages/airflow/example_dags/example_branch_labels.py
[2024-10-20T19:08:59.929-0300] {processor.py:914} INFO - Processing file /mnt/c/Users/Pato_/OneDrive/Documentos/ITBA/PYTHON_DATA_APP/itba/lib/python3.10/site-packages/airflow/example_dags/example_branch_labels.py for tasks to queue
[2024-10-20T19:08:59.931-0300] {logging_mixin.py:190} INFO - [2024-10-20T19:08:59.930-0300] {dagbag.py:588} INFO - Filling up the DagBag from /mnt/c/Users/Pato_/OneDrive/Documentos/ITBA/PYTHON_DATA_APP/itba/lib/python3.10/site-packages/airflow/example_dags/example_branch_labels.py
[2024-10-20T19:08:59.975-0300] {processor.py:925} INFO - DAG(s) 'example_branch_labels' retrieved from /mnt/c/Users/Pato_/OneDrive/Documentos/ITBA/PYTHON_DATA_APP/itba/lib/python3.10/site-packages/airflow/example_dags/example_branch_labels.py
[2024-10-20T19:08:59.990-0300] {logging_mixin.py:190} INFO - [2024-10-20T19:08:59.989-0300] {dag.py:3239} INFO - Sync 1 DAGs
[2024-10-20T19:09:00.005-0300] {logging_mixin.py:190} INFO - [2024-10-20T19:09:00.004-0300] {dag.py:4180} INFO - Setting next_dagrun for example_branch_labels to 2024-10-19 00:00:00+00:00, run_after=2024-10-20 00:00:00+00:00
[2024-10-20T19:09:00.033-0300] {processor.py:208} INFO - Processing /mnt/c/Users/Pato_/OneDrive/Documentos/ITBA/PYTHON_DATA_APP/itba/lib/python3.10/site-packages/airflow/example_dags/example_branch_labels.py took 0.112 seconds
[2024-10-20T19:10:03.041-0300] {processor.py:186} INFO - Started process (PID=304625) to work on /mnt/c/Users/Pato_/OneDrive/Documentos/ITBA/PYTHON_DATA_APP/itba/lib/python3.10/site-packages/airflow/example_dags/example_branch_labels.py
[2024-10-20T19:10:03.043-0300] {processor.py:914} INFO - Processing file /mnt/c/Users/Pato_/OneDrive/Documentos/ITBA/PYTHON_DATA_APP/itba/lib/python3.10/site-packages/airflow/example_dags/example_branch_labels.py for tasks to queue
[2024-10-20T19:10:03.045-0300] {logging_mixin.py:190} INFO - [2024-10-20T19:10:03.044-0300] {dagbag.py:588} INFO - Filling up the DagBag from /mnt/c/Users/Pato_/OneDrive/Documentos/ITBA/PYTHON_DATA_APP/itba/lib/python3.10/site-packages/airflow/example_dags/example_branch_labels.py
[2024-10-20T19:10:03.088-0300] {processor.py:925} INFO - DAG(s) 'example_branch_labels' retrieved from /mnt/c/Users/Pato_/OneDrive/Documentos/ITBA/PYTHON_DATA_APP/itba/lib/python3.10/site-packages/airflow/example_dags/example_branch_labels.py
[2024-10-20T19:10:03.103-0300] {logging_mixin.py:190} INFO - [2024-10-20T19:10:03.103-0300] {dag.py:3239} INFO - Sync 1 DAGs
[2024-10-20T19:10:03.117-0300] {logging_mixin.py:190} INFO - [2024-10-20T19:10:03.117-0300] {dag.py:4180} INFO - Setting next_dagrun for example_branch_labels to 2024-10-19 00:00:00+00:00, run_after=2024-10-20 00:00:00+00:00
[2024-10-20T19:10:03.148-0300] {processor.py:208} INFO - Processing /mnt/c/Users/Pato_/OneDrive/Documentos/ITBA/PYTHON_DATA_APP/itba/lib/python3.10/site-packages/airflow/example_dags/example_branch_labels.py took 0.113 seconds
[2024-10-20T19:11:11.092-0300] {processor.py:186} INFO - Started process (PID=305154) to work on /mnt/c/Users/Pato_/OneDrive/Documentos/ITBA/PYTHON_DATA_APP/itba/lib/python3.10/site-packages/airflow/example_dags/example_branch_labels.py
[2024-10-20T19:11:11.093-0300] {processor.py:914} INFO - Processing file /mnt/c/Users/Pato_/OneDrive/Documentos/ITBA/PYTHON_DATA_APP/itba/lib/python3.10/site-packages/airflow/example_dags/example_branch_labels.py for tasks to queue
[2024-10-20T19:11:11.095-0300] {logging_mixin.py:190} INFO - [2024-10-20T19:11:11.094-0300] {dagbag.py:588} INFO - Filling up the DagBag from /mnt/c/Users/Pato_/OneDrive/Documentos/ITBA/PYTHON_DATA_APP/itba/lib/python3.10/site-packages/airflow/example_dags/example_branch_labels.py
[2024-10-20T19:11:11.140-0300] {processor.py:925} INFO - DAG(s) 'example_branch_labels' retrieved from /mnt/c/Users/Pato_/OneDrive/Documentos/ITBA/PYTHON_DATA_APP/itba/lib/python3.10/site-packages/airflow/example_dags/example_branch_labels.py
[2024-10-20T19:11:11.155-0300] {logging_mixin.py:190} INFO - [2024-10-20T19:11:11.154-0300] {dag.py:3239} INFO - Sync 1 DAGs
[2024-10-20T19:11:11.169-0300] {logging_mixin.py:190} INFO - [2024-10-20T19:11:11.169-0300] {dag.py:4180} INFO - Setting next_dagrun for example_branch_labels to 2024-10-19 00:00:00+00:00, run_after=2024-10-20 00:00:00+00:00
[2024-10-20T19:11:11.199-0300] {processor.py:208} INFO - Processing /mnt/c/Users/Pato_/OneDrive/Documentos/ITBA/PYTHON_DATA_APP/itba/lib/python3.10/site-packages/airflow/example_dags/example_branch_labels.py took 0.114 seconds
[2024-10-20T19:12:20.737-0300] {processor.py:186} INFO - Started process (PID=305695) to work on /mnt/c/Users/Pato_/OneDrive/Documentos/ITBA/PYTHON_DATA_APP/itba/lib/python3.10/site-packages/airflow/example_dags/example_branch_labels.py
[2024-10-20T19:12:20.738-0300] {processor.py:914} INFO - Processing file /mnt/c/Users/Pato_/OneDrive/Documentos/ITBA/PYTHON_DATA_APP/itba/lib/python3.10/site-packages/airflow/example_dags/example_branch_labels.py for tasks to queue
[2024-10-20T19:12:20.740-0300] {logging_mixin.py:190} INFO - [2024-10-20T19:12:20.739-0300] {dagbag.py:588} INFO - Filling up the DagBag from /mnt/c/Users/Pato_/OneDrive/Documentos/ITBA/PYTHON_DATA_APP/itba/lib/python3.10/site-packages/airflow/example_dags/example_branch_labels.py
[2024-10-20T19:12:20.782-0300] {processor.py:925} INFO - DAG(s) 'example_branch_labels' retrieved from /mnt/c/Users/Pato_/OneDrive/Documentos/ITBA/PYTHON_DATA_APP/itba/lib/python3.10/site-packages/airflow/example_dags/example_branch_labels.py
[2024-10-20T19:12:20.797-0300] {logging_mixin.py:190} INFO - [2024-10-20T19:12:20.796-0300] {dag.py:3239} INFO - Sync 1 DAGs
[2024-10-20T19:12:20.811-0300] {logging_mixin.py:190} INFO - [2024-10-20T19:12:20.810-0300] {dag.py:4180} INFO - Setting next_dagrun for example_branch_labels to 2024-10-19 00:00:00+00:00, run_after=2024-10-20 00:00:00+00:00
[2024-10-20T19:12:20.839-0300] {processor.py:208} INFO - Processing /mnt/c/Users/Pato_/OneDrive/Documentos/ITBA/PYTHON_DATA_APP/itba/lib/python3.10/site-packages/airflow/example_dags/example_branch_labels.py took 0.109 seconds
[2024-10-20T19:13:24.916-0300] {processor.py:186} INFO - Started process (PID=306201) to work on /mnt/c/Users/Pato_/OneDrive/Documentos/ITBA/PYTHON_DATA_APP/itba/lib/python3.10/site-packages/airflow/example_dags/example_branch_labels.py
[2024-10-20T19:13:24.917-0300] {processor.py:914} INFO - Processing file /mnt/c/Users/Pato_/OneDrive/Documentos/ITBA/PYTHON_DATA_APP/itba/lib/python3.10/site-packages/airflow/example_dags/example_branch_labels.py for tasks to queue
[2024-10-20T19:13:24.919-0300] {logging_mixin.py:190} INFO - [2024-10-20T19:13:24.919-0300] {dagbag.py:588} INFO - Filling up the DagBag from /mnt/c/Users/Pato_/OneDrive/Documentos/ITBA/PYTHON_DATA_APP/itba/lib/python3.10/site-packages/airflow/example_dags/example_branch_labels.py
[2024-10-20T19:13:24.962-0300] {processor.py:925} INFO - DAG(s) 'example_branch_labels' retrieved from /mnt/c/Users/Pato_/OneDrive/Documentos/ITBA/PYTHON_DATA_APP/itba/lib/python3.10/site-packages/airflow/example_dags/example_branch_labels.py
[2024-10-20T19:13:24.977-0300] {logging_mixin.py:190} INFO - [2024-10-20T19:13:24.976-0300] {dag.py:3239} INFO - Sync 1 DAGs
[2024-10-20T19:13:24.991-0300] {logging_mixin.py:190} INFO - [2024-10-20T19:13:24.991-0300] {dag.py:4180} INFO - Setting next_dagrun for example_branch_labels to 2024-10-19 00:00:00+00:00, run_after=2024-10-20 00:00:00+00:00
[2024-10-20T19:13:25.020-0300] {processor.py:208} INFO - Processing /mnt/c/Users/Pato_/OneDrive/Documentos/ITBA/PYTHON_DATA_APP/itba/lib/python3.10/site-packages/airflow/example_dags/example_branch_labels.py took 0.110 seconds
[2024-10-20T19:14:32.502-0300] {processor.py:186} INFO - Started process (PID=306725) to work on /mnt/c/Users/Pato_/OneDrive/Documentos/ITBA/PYTHON_DATA_APP/itba/lib/python3.10/site-packages/airflow/example_dags/example_branch_labels.py
[2024-10-20T19:14:32.503-0300] {processor.py:914} INFO - Processing file /mnt/c/Users/Pato_/OneDrive/Documentos/ITBA/PYTHON_DATA_APP/itba/lib/python3.10/site-packages/airflow/example_dags/example_branch_labels.py for tasks to queue
[2024-10-20T19:14:32.505-0300] {logging_mixin.py:190} INFO - [2024-10-20T19:14:32.504-0300] {dagbag.py:588} INFO - Filling up the DagBag from /mnt/c/Users/Pato_/OneDrive/Documentos/ITBA/PYTHON_DATA_APP/itba/lib/python3.10/site-packages/airflow/example_dags/example_branch_labels.py
[2024-10-20T19:14:32.547-0300] {processor.py:925} INFO - DAG(s) 'example_branch_labels' retrieved from /mnt/c/Users/Pato_/OneDrive/Documentos/ITBA/PYTHON_DATA_APP/itba/lib/python3.10/site-packages/airflow/example_dags/example_branch_labels.py
[2024-10-20T19:14:32.561-0300] {logging_mixin.py:190} INFO - [2024-10-20T19:14:32.561-0300] {dag.py:3239} INFO - Sync 1 DAGs
[2024-10-20T19:14:32.576-0300] {logging_mixin.py:190} INFO - [2024-10-20T19:14:32.575-0300] {dag.py:4180} INFO - Setting next_dagrun for example_branch_labels to 2024-10-19 00:00:00+00:00, run_after=2024-10-20 00:00:00+00:00
[2024-10-20T19:14:32.603-0300] {processor.py:208} INFO - Processing /mnt/c/Users/Pato_/OneDrive/Documentos/ITBA/PYTHON_DATA_APP/itba/lib/python3.10/site-packages/airflow/example_dags/example_branch_labels.py took 0.108 seconds
[2024-10-20T19:15:41.854-0300] {processor.py:186} INFO - Started process (PID=307293) to work on /mnt/c/Users/Pato_/OneDrive/Documentos/ITBA/PYTHON_DATA_APP/itba/lib/python3.10/site-packages/airflow/example_dags/example_branch_labels.py
[2024-10-20T19:15:41.855-0300] {processor.py:914} INFO - Processing file /mnt/c/Users/Pato_/OneDrive/Documentos/ITBA/PYTHON_DATA_APP/itba/lib/python3.10/site-packages/airflow/example_dags/example_branch_labels.py for tasks to queue
[2024-10-20T19:15:41.857-0300] {logging_mixin.py:190} INFO - [2024-10-20T19:15:41.857-0300] {dagbag.py:588} INFO - Filling up the DagBag from /mnt/c/Users/Pato_/OneDrive/Documentos/ITBA/PYTHON_DATA_APP/itba/lib/python3.10/site-packages/airflow/example_dags/example_branch_labels.py
[2024-10-20T19:15:41.902-0300] {processor.py:925} INFO - DAG(s) 'example_branch_labels' retrieved from /mnt/c/Users/Pato_/OneDrive/Documentos/ITBA/PYTHON_DATA_APP/itba/lib/python3.10/site-packages/airflow/example_dags/example_branch_labels.py
[2024-10-20T19:15:41.918-0300] {logging_mixin.py:190} INFO - [2024-10-20T19:15:41.918-0300] {dag.py:3239} INFO - Sync 1 DAGs
[2024-10-20T19:15:41.933-0300] {logging_mixin.py:190} INFO - [2024-10-20T19:15:41.932-0300] {dag.py:4180} INFO - Setting next_dagrun for example_branch_labels to 2024-10-19 00:00:00+00:00, run_after=2024-10-20 00:00:00+00:00
[2024-10-20T19:15:41.961-0300] {processor.py:208} INFO - Processing /mnt/c/Users/Pato_/OneDrive/Documentos/ITBA/PYTHON_DATA_APP/itba/lib/python3.10/site-packages/airflow/example_dags/example_branch_labels.py took 0.113 seconds
[2024-10-20T19:16:49.629-0300] {processor.py:186} INFO - Started process (PID=307826) to work on /mnt/c/Users/Pato_/OneDrive/Documentos/ITBA/PYTHON_DATA_APP/itba/lib/python3.10/site-packages/airflow/example_dags/example_branch_labels.py
[2024-10-20T19:16:49.630-0300] {processor.py:914} INFO - Processing file /mnt/c/Users/Pato_/OneDrive/Documentos/ITBA/PYTHON_DATA_APP/itba/lib/python3.10/site-packages/airflow/example_dags/example_branch_labels.py for tasks to queue
[2024-10-20T19:16:49.632-0300] {logging_mixin.py:190} INFO - [2024-10-20T19:16:49.632-0300] {dagbag.py:588} INFO - Filling up the DagBag from /mnt/c/Users/Pato_/OneDrive/Documentos/ITBA/PYTHON_DATA_APP/itba/lib/python3.10/site-packages/airflow/example_dags/example_branch_labels.py
[2024-10-20T19:16:49.675-0300] {processor.py:925} INFO - DAG(s) 'example_branch_labels' retrieved from /mnt/c/Users/Pato_/OneDrive/Documentos/ITBA/PYTHON_DATA_APP/itba/lib/python3.10/site-packages/airflow/example_dags/example_branch_labels.py
[2024-10-20T19:16:49.690-0300] {logging_mixin.py:190} INFO - [2024-10-20T19:16:49.689-0300] {dag.py:3239} INFO - Sync 1 DAGs
[2024-10-20T19:16:49.704-0300] {logging_mixin.py:190} INFO - [2024-10-20T19:16:49.703-0300] {dag.py:4180} INFO - Setting next_dagrun for example_branch_labels to 2024-10-19 00:00:00+00:00, run_after=2024-10-20 00:00:00+00:00
[2024-10-20T19:16:49.732-0300] {processor.py:208} INFO - Processing /mnt/c/Users/Pato_/OneDrive/Documentos/ITBA/PYTHON_DATA_APP/itba/lib/python3.10/site-packages/airflow/example_dags/example_branch_labels.py took 0.109 seconds
[2024-10-20T19:18:05.632-0300] {processor.py:186} INFO - Started process (PID=308415) to work on /mnt/c/Users/Pato_/OneDrive/Documentos/ITBA/PYTHON_DATA_APP/itba/lib/python3.10/site-packages/airflow/example_dags/example_branch_labels.py
[2024-10-20T19:18:05.633-0300] {processor.py:914} INFO - Processing file /mnt/c/Users/Pato_/OneDrive/Documentos/ITBA/PYTHON_DATA_APP/itba/lib/python3.10/site-packages/airflow/example_dags/example_branch_labels.py for tasks to queue
[2024-10-20T19:18:05.635-0300] {logging_mixin.py:190} INFO - [2024-10-20T19:18:05.634-0300] {dagbag.py:588} INFO - Filling up the DagBag from /mnt/c/Users/Pato_/OneDrive/Documentos/ITBA/PYTHON_DATA_APP/itba/lib/python3.10/site-packages/airflow/example_dags/example_branch_labels.py
[2024-10-20T19:18:05.677-0300] {processor.py:925} INFO - DAG(s) 'example_branch_labels' retrieved from /mnt/c/Users/Pato_/OneDrive/Documentos/ITBA/PYTHON_DATA_APP/itba/lib/python3.10/site-packages/airflow/example_dags/example_branch_labels.py
[2024-10-20T19:18:05.691-0300] {logging_mixin.py:190} INFO - [2024-10-20T19:18:05.691-0300] {dag.py:3239} INFO - Sync 1 DAGs
[2024-10-20T19:18:05.705-0300] {logging_mixin.py:190} INFO - [2024-10-20T19:18:05.705-0300] {dag.py:4180} INFO - Setting next_dagrun for example_branch_labels to 2024-10-19 00:00:00+00:00, run_after=2024-10-20 00:00:00+00:00
[2024-10-20T19:18:05.733-0300] {processor.py:208} INFO - Processing /mnt/c/Users/Pato_/OneDrive/Documentos/ITBA/PYTHON_DATA_APP/itba/lib/python3.10/site-packages/airflow/example_dags/example_branch_labels.py took 0.108 seconds
[2024-10-20T19:19:16.806-0300] {processor.py:186} INFO - Started process (PID=308968) to work on /mnt/c/Users/Pato_/OneDrive/Documentos/ITBA/PYTHON_DATA_APP/itba/lib/python3.10/site-packages/airflow/example_dags/example_branch_labels.py
[2024-10-20T19:19:16.807-0300] {processor.py:914} INFO - Processing file /mnt/c/Users/Pato_/OneDrive/Documentos/ITBA/PYTHON_DATA_APP/itba/lib/python3.10/site-packages/airflow/example_dags/example_branch_labels.py for tasks to queue
[2024-10-20T19:19:16.809-0300] {logging_mixin.py:190} INFO - [2024-10-20T19:19:16.809-0300] {dagbag.py:588} INFO - Filling up the DagBag from /mnt/c/Users/Pato_/OneDrive/Documentos/ITBA/PYTHON_DATA_APP/itba/lib/python3.10/site-packages/airflow/example_dags/example_branch_labels.py
[2024-10-20T19:19:16.853-0300] {processor.py:925} INFO - DAG(s) 'example_branch_labels' retrieved from /mnt/c/Users/Pato_/OneDrive/Documentos/ITBA/PYTHON_DATA_APP/itba/lib/python3.10/site-packages/airflow/example_dags/example_branch_labels.py
[2024-10-20T19:19:16.868-0300] {logging_mixin.py:190} INFO - [2024-10-20T19:19:16.867-0300] {dag.py:3239} INFO - Sync 1 DAGs
[2024-10-20T19:19:16.882-0300] {logging_mixin.py:190} INFO - [2024-10-20T19:19:16.881-0300] {dag.py:4180} INFO - Setting next_dagrun for example_branch_labels to 2024-10-19 00:00:00+00:00, run_after=2024-10-20 00:00:00+00:00
[2024-10-20T19:19:16.910-0300] {processor.py:208} INFO - Processing /mnt/c/Users/Pato_/OneDrive/Documentos/ITBA/PYTHON_DATA_APP/itba/lib/python3.10/site-packages/airflow/example_dags/example_branch_labels.py took 0.110 seconds
[2024-10-20T19:20:26.354-0300] {processor.py:186} INFO - Started process (PID=309545) to work on /mnt/c/Users/Pato_/OneDrive/Documentos/ITBA/PYTHON_DATA_APP/itba/lib/python3.10/site-packages/airflow/example_dags/example_branch_labels.py
[2024-10-20T19:20:26.355-0300] {processor.py:914} INFO - Processing file /mnt/c/Users/Pato_/OneDrive/Documentos/ITBA/PYTHON_DATA_APP/itba/lib/python3.10/site-packages/airflow/example_dags/example_branch_labels.py for tasks to queue
[2024-10-20T19:20:26.357-0300] {logging_mixin.py:190} INFO - [2024-10-20T19:20:26.356-0300] {dagbag.py:588} INFO - Filling up the DagBag from /mnt/c/Users/Pato_/OneDrive/Documentos/ITBA/PYTHON_DATA_APP/itba/lib/python3.10/site-packages/airflow/example_dags/example_branch_labels.py
[2024-10-20T19:20:26.400-0300] {processor.py:925} INFO - DAG(s) 'example_branch_labels' retrieved from /mnt/c/Users/Pato_/OneDrive/Documentos/ITBA/PYTHON_DATA_APP/itba/lib/python3.10/site-packages/airflow/example_dags/example_branch_labels.py
[2024-10-20T19:20:26.415-0300] {logging_mixin.py:190} INFO - [2024-10-20T19:20:26.415-0300] {dag.py:3239} INFO - Sync 1 DAGs
[2024-10-20T19:20:26.429-0300] {logging_mixin.py:190} INFO - [2024-10-20T19:20:26.429-0300] {dag.py:4180} INFO - Setting next_dagrun for example_branch_labels to 2024-10-19 00:00:00+00:00, run_after=2024-10-20 00:00:00+00:00
[2024-10-20T19:20:26.457-0300] {processor.py:208} INFO - Processing /mnt/c/Users/Pato_/OneDrive/Documentos/ITBA/PYTHON_DATA_APP/itba/lib/python3.10/site-packages/airflow/example_dags/example_branch_labels.py took 0.110 seconds
[2024-10-20T19:21:35.995-0300] {processor.py:186} INFO - Started process (PID=310152) to work on /mnt/c/Users/Pato_/OneDrive/Documentos/ITBA/PYTHON_DATA_APP/itba/lib/python3.10/site-packages/airflow/example_dags/example_branch_labels.py
[2024-10-20T19:21:35.996-0300] {processor.py:914} INFO - Processing file /mnt/c/Users/Pato_/OneDrive/Documentos/ITBA/PYTHON_DATA_APP/itba/lib/python3.10/site-packages/airflow/example_dags/example_branch_labels.py for tasks to queue
[2024-10-20T19:21:35.998-0300] {logging_mixin.py:190} INFO - [2024-10-20T19:21:35.998-0300] {dagbag.py:588} INFO - Filling up the DagBag from /mnt/c/Users/Pato_/OneDrive/Documentos/ITBA/PYTHON_DATA_APP/itba/lib/python3.10/site-packages/airflow/example_dags/example_branch_labels.py
[2024-10-20T19:21:36.043-0300] {processor.py:925} INFO - DAG(s) 'example_branch_labels' retrieved from /mnt/c/Users/Pato_/OneDrive/Documentos/ITBA/PYTHON_DATA_APP/itba/lib/python3.10/site-packages/airflow/example_dags/example_branch_labels.py
[2024-10-20T19:21:36.058-0300] {logging_mixin.py:190} INFO - [2024-10-20T19:21:36.058-0300] {dag.py:3239} INFO - Sync 1 DAGs
[2024-10-20T19:21:36.073-0300] {logging_mixin.py:190} INFO - [2024-10-20T19:21:36.072-0300] {dag.py:4180} INFO - Setting next_dagrun for example_branch_labels to 2024-10-19 00:00:00+00:00, run_after=2024-10-20 00:00:00+00:00
[2024-10-20T19:21:36.101-0300] {processor.py:208} INFO - Processing /mnt/c/Users/Pato_/OneDrive/Documentos/ITBA/PYTHON_DATA_APP/itba/lib/python3.10/site-packages/airflow/example_dags/example_branch_labels.py took 0.112 seconds
[2024-10-20T19:22:42.290-0300] {processor.py:186} INFO - Started process (PID=310763) to work on /mnt/c/Users/Pato_/OneDrive/Documentos/ITBA/PYTHON_DATA_APP/itba/lib/python3.10/site-packages/airflow/example_dags/example_branch_labels.py
[2024-10-20T19:22:42.291-0300] {processor.py:914} INFO - Processing file /mnt/c/Users/Pato_/OneDrive/Documentos/ITBA/PYTHON_DATA_APP/itba/lib/python3.10/site-packages/airflow/example_dags/example_branch_labels.py for tasks to queue
[2024-10-20T19:22:42.293-0300] {logging_mixin.py:190} INFO - [2024-10-20T19:22:42.292-0300] {dagbag.py:588} INFO - Filling up the DagBag from /mnt/c/Users/Pato_/OneDrive/Documentos/ITBA/PYTHON_DATA_APP/itba/lib/python3.10/site-packages/airflow/example_dags/example_branch_labels.py
[2024-10-20T19:22:42.337-0300] {processor.py:925} INFO - DAG(s) 'example_branch_labels' retrieved from /mnt/c/Users/Pato_/OneDrive/Documentos/ITBA/PYTHON_DATA_APP/itba/lib/python3.10/site-packages/airflow/example_dags/example_branch_labels.py
[2024-10-20T19:22:42.354-0300] {logging_mixin.py:190} INFO - [2024-10-20T19:22:42.353-0300] {dag.py:3239} INFO - Sync 1 DAGs
[2024-10-20T19:22:42.369-0300] {logging_mixin.py:190} INFO - [2024-10-20T19:22:42.368-0300] {dag.py:4180} INFO - Setting next_dagrun for example_branch_labels to 2024-10-19 00:00:00+00:00, run_after=2024-10-20 00:00:00+00:00
[2024-10-20T19:22:42.399-0300] {processor.py:208} INFO - Processing /mnt/c/Users/Pato_/OneDrive/Documentos/ITBA/PYTHON_DATA_APP/itba/lib/python3.10/site-packages/airflow/example_dags/example_branch_labels.py took 0.117 seconds
[2024-10-20T19:24:13.205-0300] {processor.py:186} INFO - Started process (PID=311986) to work on /mnt/c/Users/Pato_/OneDrive/Documentos/ITBA/PYTHON_DATA_APP/itba/lib/python3.10/site-packages/airflow/example_dags/example_branch_labels.py
[2024-10-20T19:24:13.206-0300] {processor.py:914} INFO - Processing file /mnt/c/Users/Pato_/OneDrive/Documentos/ITBA/PYTHON_DATA_APP/itba/lib/python3.10/site-packages/airflow/example_dags/example_branch_labels.py for tasks to queue
[2024-10-20T19:24:13.208-0300] {logging_mixin.py:190} INFO - [2024-10-20T19:24:13.208-0300] {dagbag.py:588} INFO - Filling up the DagBag from /mnt/c/Users/Pato_/OneDrive/Documentos/ITBA/PYTHON_DATA_APP/itba/lib/python3.10/site-packages/airflow/example_dags/example_branch_labels.py
[2024-10-20T19:24:13.251-0300] {processor.py:925} INFO - DAG(s) 'example_branch_labels' retrieved from /mnt/c/Users/Pato_/OneDrive/Documentos/ITBA/PYTHON_DATA_APP/itba/lib/python3.10/site-packages/airflow/example_dags/example_branch_labels.py
[2024-10-20T19:24:13.266-0300] {logging_mixin.py:190} INFO - [2024-10-20T19:24:13.265-0300] {dag.py:3239} INFO - Sync 1 DAGs
[2024-10-20T19:24:13.279-0300] {logging_mixin.py:190} INFO - [2024-10-20T19:24:13.279-0300] {dag.py:4180} INFO - Setting next_dagrun for example_branch_labels to 2024-10-19 00:00:00+00:00, run_after=2024-10-20 00:00:00+00:00
[2024-10-20T19:24:13.307-0300] {processor.py:208} INFO - Processing /mnt/c/Users/Pato_/OneDrive/Documentos/ITBA/PYTHON_DATA_APP/itba/lib/python3.10/site-packages/airflow/example_dags/example_branch_labels.py took 0.108 seconds
[2024-10-20T19:26:57.822-0300] {processor.py:186} INFO - Started process (PID=313973) to work on /mnt/c/Users/Pato_/OneDrive/Documentos/ITBA/PYTHON_DATA_APP/itba/lib/python3.10/site-packages/airflow/example_dags/example_branch_labels.py
[2024-10-20T19:26:57.823-0300] {processor.py:914} INFO - Processing file /mnt/c/Users/Pato_/OneDrive/Documentos/ITBA/PYTHON_DATA_APP/itba/lib/python3.10/site-packages/airflow/example_dags/example_branch_labels.py for tasks to queue
[2024-10-20T19:26:57.825-0300] {logging_mixin.py:190} INFO - [2024-10-20T19:26:57.825-0300] {dagbag.py:588} INFO - Filling up the DagBag from /mnt/c/Users/Pato_/OneDrive/Documentos/ITBA/PYTHON_DATA_APP/itba/lib/python3.10/site-packages/airflow/example_dags/example_branch_labels.py
[2024-10-20T19:26:57.868-0300] {processor.py:925} INFO - DAG(s) 'example_branch_labels' retrieved from /mnt/c/Users/Pato_/OneDrive/Documentos/ITBA/PYTHON_DATA_APP/itba/lib/python3.10/site-packages/airflow/example_dags/example_branch_labels.py
[2024-10-20T19:26:57.883-0300] {logging_mixin.py:190} INFO - [2024-10-20T19:26:57.883-0300] {dag.py:3239} INFO - Sync 1 DAGs
[2024-10-20T19:26:57.897-0300] {logging_mixin.py:190} INFO - [2024-10-20T19:26:57.897-0300] {dag.py:4180} INFO - Setting next_dagrun for example_branch_labels to 2024-10-19 00:00:00+00:00, run_after=2024-10-20 00:00:00+00:00
[2024-10-20T19:26:57.925-0300] {processor.py:208} INFO - Processing /mnt/c/Users/Pato_/OneDrive/Documentos/ITBA/PYTHON_DATA_APP/itba/lib/python3.10/site-packages/airflow/example_dags/example_branch_labels.py took 0.110 seconds
[2024-10-20T19:28:09.210-0300] {processor.py:186} INFO - Started process (PID=314939) to work on /mnt/c/Users/Pato_/OneDrive/Documentos/ITBA/PYTHON_DATA_APP/itba/lib/python3.10/site-packages/airflow/example_dags/example_branch_labels.py
[2024-10-20T19:28:09.211-0300] {processor.py:914} INFO - Processing file /mnt/c/Users/Pato_/OneDrive/Documentos/ITBA/PYTHON_DATA_APP/itba/lib/python3.10/site-packages/airflow/example_dags/example_branch_labels.py for tasks to queue
[2024-10-20T19:28:09.213-0300] {logging_mixin.py:190} INFO - [2024-10-20T19:28:09.212-0300] {dagbag.py:588} INFO - Filling up the DagBag from /mnt/c/Users/Pato_/OneDrive/Documentos/ITBA/PYTHON_DATA_APP/itba/lib/python3.10/site-packages/airflow/example_dags/example_branch_labels.py
[2024-10-20T19:28:09.257-0300] {processor.py:925} INFO - DAG(s) 'example_branch_labels' retrieved from /mnt/c/Users/Pato_/OneDrive/Documentos/ITBA/PYTHON_DATA_APP/itba/lib/python3.10/site-packages/airflow/example_dags/example_branch_labels.py
[2024-10-20T19:28:09.271-0300] {logging_mixin.py:190} INFO - [2024-10-20T19:28:09.271-0300] {dag.py:3239} INFO - Sync 1 DAGs
[2024-10-20T19:28:09.285-0300] {logging_mixin.py:190} INFO - [2024-10-20T19:28:09.284-0300] {dag.py:4180} INFO - Setting next_dagrun for example_branch_labels to 2024-10-19 00:00:00+00:00, run_after=2024-10-20 00:00:00+00:00
[2024-10-20T19:28:09.314-0300] {processor.py:208} INFO - Processing /mnt/c/Users/Pato_/OneDrive/Documentos/ITBA/PYTHON_DATA_APP/itba/lib/python3.10/site-packages/airflow/example_dags/example_branch_labels.py took 0.111 seconds
[2024-10-20T19:29:15.040-0300] {processor.py:186} INFO - Started process (PID=315632) to work on /mnt/c/Users/Pato_/OneDrive/Documentos/ITBA/PYTHON_DATA_APP/itba/lib/python3.10/site-packages/airflow/example_dags/example_branch_labels.py
[2024-10-20T19:29:15.041-0300] {processor.py:914} INFO - Processing file /mnt/c/Users/Pato_/OneDrive/Documentos/ITBA/PYTHON_DATA_APP/itba/lib/python3.10/site-packages/airflow/example_dags/example_branch_labels.py for tasks to queue
[2024-10-20T19:29:15.043-0300] {logging_mixin.py:190} INFO - [2024-10-20T19:29:15.042-0300] {dagbag.py:588} INFO - Filling up the DagBag from /mnt/c/Users/Pato_/OneDrive/Documentos/ITBA/PYTHON_DATA_APP/itba/lib/python3.10/site-packages/airflow/example_dags/example_branch_labels.py
[2024-10-20T19:29:15.087-0300] {processor.py:925} INFO - DAG(s) 'example_branch_labels' retrieved from /mnt/c/Users/Pato_/OneDrive/Documentos/ITBA/PYTHON_DATA_APP/itba/lib/python3.10/site-packages/airflow/example_dags/example_branch_labels.py
[2024-10-20T19:29:15.102-0300] {logging_mixin.py:190} INFO - [2024-10-20T19:29:15.102-0300] {dag.py:3239} INFO - Sync 1 DAGs
[2024-10-20T19:29:15.117-0300] {logging_mixin.py:190} INFO - [2024-10-20T19:29:15.116-0300] {dag.py:4180} INFO - Setting next_dagrun for example_branch_labels to 2024-10-19 00:00:00+00:00, run_after=2024-10-20 00:00:00+00:00
[2024-10-20T19:29:15.145-0300] {processor.py:208} INFO - Processing /mnt/c/Users/Pato_/OneDrive/Documentos/ITBA/PYTHON_DATA_APP/itba/lib/python3.10/site-packages/airflow/example_dags/example_branch_labels.py took 0.112 seconds
[2024-10-20T19:30:27.315-0300] {processor.py:186} INFO - Started process (PID=316327) to work on /mnt/c/Users/Pato_/OneDrive/Documentos/ITBA/PYTHON_DATA_APP/itba/lib/python3.10/site-packages/airflow/example_dags/example_branch_labels.py
[2024-10-20T19:30:27.316-0300] {processor.py:914} INFO - Processing file /mnt/c/Users/Pato_/OneDrive/Documentos/ITBA/PYTHON_DATA_APP/itba/lib/python3.10/site-packages/airflow/example_dags/example_branch_labels.py for tasks to queue
[2024-10-20T19:30:27.318-0300] {logging_mixin.py:190} INFO - [2024-10-20T19:30:27.318-0300] {dagbag.py:588} INFO - Filling up the DagBag from /mnt/c/Users/Pato_/OneDrive/Documentos/ITBA/PYTHON_DATA_APP/itba/lib/python3.10/site-packages/airflow/example_dags/example_branch_labels.py
[2024-10-20T19:30:27.364-0300] {processor.py:925} INFO - DAG(s) 'example_branch_labels' retrieved from /mnt/c/Users/Pato_/OneDrive/Documentos/ITBA/PYTHON_DATA_APP/itba/lib/python3.10/site-packages/airflow/example_dags/example_branch_labels.py
[2024-10-20T19:30:27.379-0300] {logging_mixin.py:190} INFO - [2024-10-20T19:30:27.378-0300] {dag.py:3239} INFO - Sync 1 DAGs
[2024-10-20T19:30:27.393-0300] {logging_mixin.py:190} INFO - [2024-10-20T19:30:27.393-0300] {dag.py:4180} INFO - Setting next_dagrun for example_branch_labels to 2024-10-19 00:00:00+00:00, run_after=2024-10-20 00:00:00+00:00
[2024-10-20T19:30:27.424-0300] {processor.py:208} INFO - Processing /mnt/c/Users/Pato_/OneDrive/Documentos/ITBA/PYTHON_DATA_APP/itba/lib/python3.10/site-packages/airflow/example_dags/example_branch_labels.py took 0.116 seconds
[2024-10-20T19:31:32.507-0300] {processor.py:186} INFO - Started process (PID=316837) to work on /mnt/c/Users/Pato_/OneDrive/Documentos/ITBA/PYTHON_DATA_APP/itba/lib/python3.10/site-packages/airflow/example_dags/example_branch_labels.py
[2024-10-20T19:31:32.508-0300] {processor.py:914} INFO - Processing file /mnt/c/Users/Pato_/OneDrive/Documentos/ITBA/PYTHON_DATA_APP/itba/lib/python3.10/site-packages/airflow/example_dags/example_branch_labels.py for tasks to queue
[2024-10-20T19:31:32.510-0300] {logging_mixin.py:190} INFO - [2024-10-20T19:31:32.509-0300] {dagbag.py:588} INFO - Filling up the DagBag from /mnt/c/Users/Pato_/OneDrive/Documentos/ITBA/PYTHON_DATA_APP/itba/lib/python3.10/site-packages/airflow/example_dags/example_branch_labels.py
[2024-10-20T19:31:32.555-0300] {processor.py:925} INFO - DAG(s) 'example_branch_labels' retrieved from /mnt/c/Users/Pato_/OneDrive/Documentos/ITBA/PYTHON_DATA_APP/itba/lib/python3.10/site-packages/airflow/example_dags/example_branch_labels.py
[2024-10-20T19:31:32.572-0300] {logging_mixin.py:190} INFO - [2024-10-20T19:31:32.571-0300] {dag.py:3239} INFO - Sync 1 DAGs
[2024-10-20T19:31:32.586-0300] {logging_mixin.py:190} INFO - [2024-10-20T19:31:32.585-0300] {dag.py:4180} INFO - Setting next_dagrun for example_branch_labels to 2024-10-19 00:00:00+00:00, run_after=2024-10-20 00:00:00+00:00
[2024-10-20T19:31:32.617-0300] {processor.py:208} INFO - Processing /mnt/c/Users/Pato_/OneDrive/Documentos/ITBA/PYTHON_DATA_APP/itba/lib/python3.10/site-packages/airflow/example_dags/example_branch_labels.py took 0.118 seconds
[2024-10-20T19:32:41.695-0300] {processor.py:186} INFO - Started process (PID=317376) to work on /mnt/c/Users/Pato_/OneDrive/Documentos/ITBA/PYTHON_DATA_APP/itba/lib/python3.10/site-packages/airflow/example_dags/example_branch_labels.py
[2024-10-20T19:32:41.696-0300] {processor.py:914} INFO - Processing file /mnt/c/Users/Pato_/OneDrive/Documentos/ITBA/PYTHON_DATA_APP/itba/lib/python3.10/site-packages/airflow/example_dags/example_branch_labels.py for tasks to queue
[2024-10-20T19:32:41.698-0300] {logging_mixin.py:190} INFO - [2024-10-20T19:32:41.698-0300] {dagbag.py:588} INFO - Filling up the DagBag from /mnt/c/Users/Pato_/OneDrive/Documentos/ITBA/PYTHON_DATA_APP/itba/lib/python3.10/site-packages/airflow/example_dags/example_branch_labels.py
[2024-10-20T19:32:41.743-0300] {processor.py:925} INFO - DAG(s) 'example_branch_labels' retrieved from /mnt/c/Users/Pato_/OneDrive/Documentos/ITBA/PYTHON_DATA_APP/itba/lib/python3.10/site-packages/airflow/example_dags/example_branch_labels.py
[2024-10-20T19:32:41.759-0300] {logging_mixin.py:190} INFO - [2024-10-20T19:32:41.759-0300] {dag.py:3239} INFO - Sync 1 DAGs
[2024-10-20T19:32:41.773-0300] {logging_mixin.py:190} INFO - [2024-10-20T19:32:41.773-0300] {dag.py:4180} INFO - Setting next_dagrun for example_branch_labels to 2024-10-19 00:00:00+00:00, run_after=2024-10-20 00:00:00+00:00
[2024-10-20T19:32:41.803-0300] {processor.py:208} INFO - Processing /mnt/c/Users/Pato_/OneDrive/Documentos/ITBA/PYTHON_DATA_APP/itba/lib/python3.10/site-packages/airflow/example_dags/example_branch_labels.py took 0.114 seconds
[2024-10-20T19:33:48.317-0300] {processor.py:186} INFO - Started process (PID=318035) to work on /mnt/c/Users/Pato_/OneDrive/Documentos/ITBA/PYTHON_DATA_APP/itba/lib/python3.10/site-packages/airflow/example_dags/example_branch_labels.py
[2024-10-20T19:33:48.318-0300] {processor.py:914} INFO - Processing file /mnt/c/Users/Pato_/OneDrive/Documentos/ITBA/PYTHON_DATA_APP/itba/lib/python3.10/site-packages/airflow/example_dags/example_branch_labels.py for tasks to queue
[2024-10-20T19:33:48.320-0300] {logging_mixin.py:190} INFO - [2024-10-20T19:33:48.319-0300] {dagbag.py:588} INFO - Filling up the DagBag from /mnt/c/Users/Pato_/OneDrive/Documentos/ITBA/PYTHON_DATA_APP/itba/lib/python3.10/site-packages/airflow/example_dags/example_branch_labels.py
[2024-10-20T19:33:48.363-0300] {processor.py:925} INFO - DAG(s) 'example_branch_labels' retrieved from /mnt/c/Users/Pato_/OneDrive/Documentos/ITBA/PYTHON_DATA_APP/itba/lib/python3.10/site-packages/airflow/example_dags/example_branch_labels.py
[2024-10-20T19:33:48.378-0300] {logging_mixin.py:190} INFO - [2024-10-20T19:33:48.377-0300] {dag.py:3239} INFO - Sync 1 DAGs
[2024-10-20T19:33:48.392-0300] {logging_mixin.py:190} INFO - [2024-10-20T19:33:48.392-0300] {dag.py:4180} INFO - Setting next_dagrun for example_branch_labels to 2024-10-19 00:00:00+00:00, run_after=2024-10-20 00:00:00+00:00
[2024-10-20T19:33:48.419-0300] {processor.py:208} INFO - Processing /mnt/c/Users/Pato_/OneDrive/Documentos/ITBA/PYTHON_DATA_APP/itba/lib/python3.10/site-packages/airflow/example_dags/example_branch_labels.py took 0.110 seconds
[2024-10-20T19:34:55.935-0300] {processor.py:186} INFO - Started process (PID=318766) to work on /mnt/c/Users/Pato_/OneDrive/Documentos/ITBA/PYTHON_DATA_APP/itba/lib/python3.10/site-packages/airflow/example_dags/example_branch_labels.py
[2024-10-20T19:34:55.936-0300] {processor.py:914} INFO - Processing file /mnt/c/Users/Pato_/OneDrive/Documentos/ITBA/PYTHON_DATA_APP/itba/lib/python3.10/site-packages/airflow/example_dags/example_branch_labels.py for tasks to queue
[2024-10-20T19:34:55.938-0300] {logging_mixin.py:190} INFO - [2024-10-20T19:34:55.938-0300] {dagbag.py:588} INFO - Filling up the DagBag from /mnt/c/Users/Pato_/OneDrive/Documentos/ITBA/PYTHON_DATA_APP/itba/lib/python3.10/site-packages/airflow/example_dags/example_branch_labels.py
[2024-10-20T19:34:55.983-0300] {processor.py:925} INFO - DAG(s) 'example_branch_labels' retrieved from /mnt/c/Users/Pato_/OneDrive/Documentos/ITBA/PYTHON_DATA_APP/itba/lib/python3.10/site-packages/airflow/example_dags/example_branch_labels.py
[2024-10-20T19:34:55.998-0300] {logging_mixin.py:190} INFO - [2024-10-20T19:34:55.998-0300] {dag.py:3239} INFO - Sync 1 DAGs
[2024-10-20T19:34:56.014-0300] {logging_mixin.py:190} INFO - [2024-10-20T19:34:56.013-0300] {dag.py:4180} INFO - Setting next_dagrun for example_branch_labels to 2024-10-19 00:00:00+00:00, run_after=2024-10-20 00:00:00+00:00
[2024-10-20T19:34:56.046-0300] {processor.py:208} INFO - Processing /mnt/c/Users/Pato_/OneDrive/Documentos/ITBA/PYTHON_DATA_APP/itba/lib/python3.10/site-packages/airflow/example_dags/example_branch_labels.py took 0.117 seconds
[2024-10-20T19:36:04.831-0300] {processor.py:186} INFO - Started process (PID=319390) to work on /mnt/c/Users/Pato_/OneDrive/Documentos/ITBA/PYTHON_DATA_APP/itba/lib/python3.10/site-packages/airflow/example_dags/example_branch_labels.py
[2024-10-20T19:36:04.832-0300] {processor.py:914} INFO - Processing file /mnt/c/Users/Pato_/OneDrive/Documentos/ITBA/PYTHON_DATA_APP/itba/lib/python3.10/site-packages/airflow/example_dags/example_branch_labels.py for tasks to queue
[2024-10-20T19:36:04.834-0300] {logging_mixin.py:190} INFO - [2024-10-20T19:36:04.834-0300] {dagbag.py:588} INFO - Filling up the DagBag from /mnt/c/Users/Pato_/OneDrive/Documentos/ITBA/PYTHON_DATA_APP/itba/lib/python3.10/site-packages/airflow/example_dags/example_branch_labels.py
[2024-10-20T19:36:04.876-0300] {processor.py:925} INFO - DAG(s) 'example_branch_labels' retrieved from /mnt/c/Users/Pato_/OneDrive/Documentos/ITBA/PYTHON_DATA_APP/itba/lib/python3.10/site-packages/airflow/example_dags/example_branch_labels.py
[2024-10-20T19:36:04.890-0300] {logging_mixin.py:190} INFO - [2024-10-20T19:36:04.890-0300] {dag.py:3239} INFO - Sync 1 DAGs
[2024-10-20T19:36:04.904-0300] {logging_mixin.py:190} INFO - [2024-10-20T19:36:04.904-0300] {dag.py:4180} INFO - Setting next_dagrun for example_branch_labels to 2024-10-19 00:00:00+00:00, run_after=2024-10-20 00:00:00+00:00
[2024-10-20T19:36:04.932-0300] {processor.py:208} INFO - Processing /mnt/c/Users/Pato_/OneDrive/Documentos/ITBA/PYTHON_DATA_APP/itba/lib/python3.10/site-packages/airflow/example_dags/example_branch_labels.py took 0.107 seconds
[2024-10-20T19:37:14.293-0300] {processor.py:186} INFO - Started process (PID=319936) to work on /mnt/c/Users/Pato_/OneDrive/Documentos/ITBA/PYTHON_DATA_APP/itba/lib/python3.10/site-packages/airflow/example_dags/example_branch_labels.py
[2024-10-20T19:37:14.294-0300] {processor.py:914} INFO - Processing file /mnt/c/Users/Pato_/OneDrive/Documentos/ITBA/PYTHON_DATA_APP/itba/lib/python3.10/site-packages/airflow/example_dags/example_branch_labels.py for tasks to queue
[2024-10-20T19:37:14.296-0300] {logging_mixin.py:190} INFO - [2024-10-20T19:37:14.296-0300] {dagbag.py:588} INFO - Filling up the DagBag from /mnt/c/Users/Pato_/OneDrive/Documentos/ITBA/PYTHON_DATA_APP/itba/lib/python3.10/site-packages/airflow/example_dags/example_branch_labels.py
[2024-10-20T19:37:14.340-0300] {processor.py:925} INFO - DAG(s) 'example_branch_labels' retrieved from /mnt/c/Users/Pato_/OneDrive/Documentos/ITBA/PYTHON_DATA_APP/itba/lib/python3.10/site-packages/airflow/example_dags/example_branch_labels.py
[2024-10-20T19:37:14.355-0300] {logging_mixin.py:190} INFO - [2024-10-20T19:37:14.354-0300] {dag.py:3239} INFO - Sync 1 DAGs
[2024-10-20T19:37:14.370-0300] {logging_mixin.py:190} INFO - [2024-10-20T19:37:14.369-0300] {dag.py:4180} INFO - Setting next_dagrun for example_branch_labels to 2024-10-19 00:00:00+00:00, run_after=2024-10-20 00:00:00+00:00
[2024-10-20T19:37:14.398-0300] {processor.py:208} INFO - Processing /mnt/c/Users/Pato_/OneDrive/Documentos/ITBA/PYTHON_DATA_APP/itba/lib/python3.10/site-packages/airflow/example_dags/example_branch_labels.py took 0.111 seconds
[2024-10-20T19:38:20.448-0300] {processor.py:186} INFO - Started process (PID=320450) to work on /mnt/c/Users/Pato_/OneDrive/Documentos/ITBA/PYTHON_DATA_APP/itba/lib/python3.10/site-packages/airflow/example_dags/example_branch_labels.py
[2024-10-20T19:38:20.449-0300] {processor.py:914} INFO - Processing file /mnt/c/Users/Pato_/OneDrive/Documentos/ITBA/PYTHON_DATA_APP/itba/lib/python3.10/site-packages/airflow/example_dags/example_branch_labels.py for tasks to queue
[2024-10-20T19:38:20.452-0300] {logging_mixin.py:190} INFO - [2024-10-20T19:38:20.451-0300] {dagbag.py:588} INFO - Filling up the DagBag from /mnt/c/Users/Pato_/OneDrive/Documentos/ITBA/PYTHON_DATA_APP/itba/lib/python3.10/site-packages/airflow/example_dags/example_branch_labels.py
[2024-10-20T19:38:20.495-0300] {processor.py:925} INFO - DAG(s) 'example_branch_labels' retrieved from /mnt/c/Users/Pato_/OneDrive/Documentos/ITBA/PYTHON_DATA_APP/itba/lib/python3.10/site-packages/airflow/example_dags/example_branch_labels.py
[2024-10-20T19:38:20.510-0300] {logging_mixin.py:190} INFO - [2024-10-20T19:38:20.510-0300] {dag.py:3239} INFO - Sync 1 DAGs
[2024-10-20T19:38:20.525-0300] {logging_mixin.py:190} INFO - [2024-10-20T19:38:20.524-0300] {dag.py:4180} INFO - Setting next_dagrun for example_branch_labels to 2024-10-19 00:00:00+00:00, run_after=2024-10-20 00:00:00+00:00
[2024-10-20T19:38:20.554-0300] {processor.py:208} INFO - Processing /mnt/c/Users/Pato_/OneDrive/Documentos/ITBA/PYTHON_DATA_APP/itba/lib/python3.10/site-packages/airflow/example_dags/example_branch_labels.py took 0.113 seconds
[2024-10-20T19:39:26.075-0300] {processor.py:186} INFO - Started process (PID=320962) to work on /mnt/c/Users/Pato_/OneDrive/Documentos/ITBA/PYTHON_DATA_APP/itba/lib/python3.10/site-packages/airflow/example_dags/example_branch_labels.py
[2024-10-20T19:39:26.076-0300] {processor.py:914} INFO - Processing file /mnt/c/Users/Pato_/OneDrive/Documentos/ITBA/PYTHON_DATA_APP/itba/lib/python3.10/site-packages/airflow/example_dags/example_branch_labels.py for tasks to queue
[2024-10-20T19:39:26.078-0300] {logging_mixin.py:190} INFO - [2024-10-20T19:39:26.078-0300] {dagbag.py:588} INFO - Filling up the DagBag from /mnt/c/Users/Pato_/OneDrive/Documentos/ITBA/PYTHON_DATA_APP/itba/lib/python3.10/site-packages/airflow/example_dags/example_branch_labels.py
[2024-10-20T19:39:26.123-0300] {processor.py:925} INFO - DAG(s) 'example_branch_labels' retrieved from /mnt/c/Users/Pato_/OneDrive/Documentos/ITBA/PYTHON_DATA_APP/itba/lib/python3.10/site-packages/airflow/example_dags/example_branch_labels.py
[2024-10-20T19:39:26.138-0300] {logging_mixin.py:190} INFO - [2024-10-20T19:39:26.137-0300] {dag.py:3239} INFO - Sync 1 DAGs
[2024-10-20T19:39:26.152-0300] {logging_mixin.py:190} INFO - [2024-10-20T19:39:26.152-0300] {dag.py:4180} INFO - Setting next_dagrun for example_branch_labels to 2024-10-19 00:00:00+00:00, run_after=2024-10-20 00:00:00+00:00
[2024-10-20T19:39:26.181-0300] {processor.py:208} INFO - Processing /mnt/c/Users/Pato_/OneDrive/Documentos/ITBA/PYTHON_DATA_APP/itba/lib/python3.10/site-packages/airflow/example_dags/example_branch_labels.py took 0.113 seconds
[2024-10-20T19:40:32.733-0300] {processor.py:186} INFO - Started process (PID=321849) to work on /mnt/c/Users/Pato_/OneDrive/Documentos/ITBA/PYTHON_DATA_APP/itba/lib/python3.10/site-packages/airflow/example_dags/example_branch_labels.py
[2024-10-20T19:40:32.734-0300] {processor.py:914} INFO - Processing file /mnt/c/Users/Pato_/OneDrive/Documentos/ITBA/PYTHON_DATA_APP/itba/lib/python3.10/site-packages/airflow/example_dags/example_branch_labels.py for tasks to queue
[2024-10-20T19:40:32.736-0300] {logging_mixin.py:190} INFO - [2024-10-20T19:40:32.735-0300] {dagbag.py:588} INFO - Filling up the DagBag from /mnt/c/Users/Pato_/OneDrive/Documentos/ITBA/PYTHON_DATA_APP/itba/lib/python3.10/site-packages/airflow/example_dags/example_branch_labels.py
[2024-10-20T19:40:32.780-0300] {processor.py:925} INFO - DAG(s) 'example_branch_labels' retrieved from /mnt/c/Users/Pato_/OneDrive/Documentos/ITBA/PYTHON_DATA_APP/itba/lib/python3.10/site-packages/airflow/example_dags/example_branch_labels.py
[2024-10-20T19:40:32.795-0300] {logging_mixin.py:190} INFO - [2024-10-20T19:40:32.794-0300] {dag.py:3239} INFO - Sync 1 DAGs
[2024-10-20T19:40:32.810-0300] {logging_mixin.py:190} INFO - [2024-10-20T19:40:32.809-0300] {dag.py:4180} INFO - Setting next_dagrun for example_branch_labels to 2024-10-19 00:00:00+00:00, run_after=2024-10-20 00:00:00+00:00
[2024-10-20T19:40:32.839-0300] {processor.py:208} INFO - Processing /mnt/c/Users/Pato_/OneDrive/Documentos/ITBA/PYTHON_DATA_APP/itba/lib/python3.10/site-packages/airflow/example_dags/example_branch_labels.py took 0.113 seconds
[2024-10-20T19:41:39.492-0300] {processor.py:186} INFO - Started process (PID=322391) to work on /mnt/c/Users/Pato_/OneDrive/Documentos/ITBA/PYTHON_DATA_APP/itba/lib/python3.10/site-packages/airflow/example_dags/example_branch_labels.py
[2024-10-20T19:41:39.493-0300] {processor.py:914} INFO - Processing file /mnt/c/Users/Pato_/OneDrive/Documentos/ITBA/PYTHON_DATA_APP/itba/lib/python3.10/site-packages/airflow/example_dags/example_branch_labels.py for tasks to queue
[2024-10-20T19:41:39.495-0300] {logging_mixin.py:190} INFO - [2024-10-20T19:41:39.494-0300] {dagbag.py:588} INFO - Filling up the DagBag from /mnt/c/Users/Pato_/OneDrive/Documentos/ITBA/PYTHON_DATA_APP/itba/lib/python3.10/site-packages/airflow/example_dags/example_branch_labels.py
[2024-10-20T19:41:39.539-0300] {processor.py:925} INFO - DAG(s) 'example_branch_labels' retrieved from /mnt/c/Users/Pato_/OneDrive/Documentos/ITBA/PYTHON_DATA_APP/itba/lib/python3.10/site-packages/airflow/example_dags/example_branch_labels.py
[2024-10-20T19:41:39.554-0300] {logging_mixin.py:190} INFO - [2024-10-20T19:41:39.554-0300] {dag.py:3239} INFO - Sync 1 DAGs
[2024-10-20T19:41:39.569-0300] {logging_mixin.py:190} INFO - [2024-10-20T19:41:39.568-0300] {dag.py:4180} INFO - Setting next_dagrun for example_branch_labels to 2024-10-19 00:00:00+00:00, run_after=2024-10-20 00:00:00+00:00
[2024-10-20T19:41:39.596-0300] {processor.py:208} INFO - Processing /mnt/c/Users/Pato_/OneDrive/Documentos/ITBA/PYTHON_DATA_APP/itba/lib/python3.10/site-packages/airflow/example_dags/example_branch_labels.py took 0.111 seconds
