[2024-10-20T19:00:22.831-0300] {processor.py:186} INFO - Started process (PID=298681) to work on /mnt/c/Users/Pato_/OneDrive/Documentos/ITBA/PYTHON_DATA_APP/itba/lib/python3.10/site-packages/airflow/example_dags/example_sla_dag.py
[2024-10-20T19:00:22.832-0300] {processor.py:914} INFO - Processing file /mnt/c/Users/Pato_/OneDrive/Documentos/ITBA/PYTHON_DATA_APP/itba/lib/python3.10/site-packages/airflow/example_dags/example_sla_dag.py for tasks to queue
[2024-10-20T19:00:22.834-0300] {logging_mixin.py:190} INFO - [2024-10-20T19:00:22.833-0300] {dagbag.py:588} INFO - Filling up the DagBag from /mnt/c/Users/Pato_/OneDrive/Documentos/ITBA/PYTHON_DATA_APP/itba/lib/python3.10/site-packages/airflow/example_dags/example_sla_dag.py
[2024-10-20T19:00:22.876-0300] {processor.py:925} INFO - DAG(s) 'example_sla_dag' retrieved from /mnt/c/Users/Pato_/OneDrive/Documentos/ITBA/PYTHON_DATA_APP/itba/lib/python3.10/site-packages/airflow/example_dags/example_sla_dag.py
[2024-10-20T19:00:23.632-0300] {logging_mixin.py:190} INFO - [2024-10-20T19:00:23.631-0300] {override.py:1907} INFO - Created Permission View: can read on DAG:example_sla_dag
[2024-10-20T19:00:23.653-0300] {logging_mixin.py:190} INFO - [2024-10-20T19:00:23.652-0300] {override.py:1907} INFO - Created Permission View: can delete on DAG:example_sla_dag
[2024-10-20T19:00:23.670-0300] {logging_mixin.py:190} INFO - [2024-10-20T19:00:23.670-0300] {override.py:1907} INFO - Created Permission View: can edit on DAG:example_sla_dag
[2024-10-20T19:00:23.699-0300] {logging_mixin.py:190} INFO - [2024-10-20T19:00:23.699-0300] {override.py:1907} INFO - Created Permission View: can read on DAG Run:example_sla_dag
[2024-10-20T19:00:23.718-0300] {logging_mixin.py:190} INFO - [2024-10-20T19:00:23.718-0300] {override.py:1907} INFO - Created Permission View: can delete on DAG Run:example_sla_dag
[2024-10-20T19:00:23.736-0300] {logging_mixin.py:190} INFO - [2024-10-20T19:00:23.735-0300] {override.py:1907} INFO - Created Permission View: can create on DAG Run:example_sla_dag
[2024-10-20T19:00:23.754-0300] {logging_mixin.py:190} INFO - [2024-10-20T19:00:23.754-0300] {override.py:1907} INFO - Created Permission View: menu access on DAG Run:example_sla_dag
[2024-10-20T19:00:23.755-0300] {logging_mixin.py:190} INFO - [2024-10-20T19:00:23.755-0300] {dag.py:3239} INFO - Sync 1 DAGs
[2024-10-20T19:00:23.766-0300] {logging_mixin.py:190} INFO - [2024-10-20T19:00:23.765-0300] {dag.py:3262} INFO - Creating ORM DAG for example_sla_dag
[2024-10-20T19:00:23.779-0300] {logging_mixin.py:190} INFO - [2024-10-20T19:00:23.779-0300] {dag.py:4180} INFO - Setting next_dagrun for example_sla_dag to 2024-10-20 21:58:00+00:00, run_after=2024-10-20 22:00:00+00:00
[2024-10-20T19:00:23.808-0300] {processor.py:208} INFO - Processing /mnt/c/Users/Pato_/OneDrive/Documentos/ITBA/PYTHON_DATA_APP/itba/lib/python3.10/site-packages/airflow/example_dags/example_sla_dag.py took 0.985 seconds
[2024-10-20T19:02:41.406-0300] {processor.py:186} INFO - Started process (PID=299901) to work on /mnt/c/Users/Pato_/OneDrive/Documentos/ITBA/PYTHON_DATA_APP/itba/lib/python3.10/site-packages/airflow/example_dags/example_sla_dag.py
[2024-10-20T19:02:41.407-0300] {processor.py:914} INFO - Processing file /mnt/c/Users/Pato_/OneDrive/Documentos/ITBA/PYTHON_DATA_APP/itba/lib/python3.10/site-packages/airflow/example_dags/example_sla_dag.py for tasks to queue
[2024-10-20T19:02:41.409-0300] {logging_mixin.py:190} INFO - [2024-10-20T19:02:41.408-0300] {dagbag.py:588} INFO - Filling up the DagBag from /mnt/c/Users/Pato_/OneDrive/Documentos/ITBA/PYTHON_DATA_APP/itba/lib/python3.10/site-packages/airflow/example_dags/example_sla_dag.py
[2024-10-20T19:02:41.451-0300] {processor.py:925} INFO - DAG(s) 'example_sla_dag' retrieved from /mnt/c/Users/Pato_/OneDrive/Documentos/ITBA/PYTHON_DATA_APP/itba/lib/python3.10/site-packages/airflow/example_dags/example_sla_dag.py
[2024-10-20T19:02:41.466-0300] {logging_mixin.py:190} INFO - [2024-10-20T19:02:41.466-0300] {dag.py:3239} INFO - Sync 1 DAGs
[2024-10-20T19:02:41.488-0300] {logging_mixin.py:190} INFO - [2024-10-20T19:02:41.488-0300] {dag.py:4180} INFO - Setting next_dagrun for example_sla_dag to 2024-10-20 22:00:00+00:00, run_after=2024-10-20 22:02:00+00:00
[2024-10-20T19:02:41.517-0300] {processor.py:208} INFO - Processing /mnt/c/Users/Pato_/OneDrive/Documentos/ITBA/PYTHON_DATA_APP/itba/lib/python3.10/site-packages/airflow/example_dags/example_sla_dag.py took 0.118 seconds
[2024-10-20T19:03:34.865-0300] {processor.py:186} INFO - Started process (PID=300328) to work on /mnt/c/Users/Pato_/OneDrive/Documentos/ITBA/PYTHON_DATA_APP/itba/lib/python3.10/site-packages/airflow/example_dags/example_sla_dag.py
[2024-10-20T19:03:34.866-0300] {processor.py:914} INFO - Processing file /mnt/c/Users/Pato_/OneDrive/Documentos/ITBA/PYTHON_DATA_APP/itba/lib/python3.10/site-packages/airflow/example_dags/example_sla_dag.py for tasks to queue
[2024-10-20T19:03:34.867-0300] {logging_mixin.py:190} INFO - [2024-10-20T19:03:34.867-0300] {dagbag.py:588} INFO - Filling up the DagBag from /mnt/c/Users/Pato_/OneDrive/Documentos/ITBA/PYTHON_DATA_APP/itba/lib/python3.10/site-packages/airflow/example_dags/example_sla_dag.py
[2024-10-20T19:03:34.910-0300] {processor.py:925} INFO - DAG(s) 'example_sla_dag' retrieved from /mnt/c/Users/Pato_/OneDrive/Documentos/ITBA/PYTHON_DATA_APP/itba/lib/python3.10/site-packages/airflow/example_dags/example_sla_dag.py
[2024-10-20T19:03:34.924-0300] {logging_mixin.py:190} INFO - [2024-10-20T19:03:34.924-0300] {dag.py:3239} INFO - Sync 1 DAGs
[2024-10-20T19:03:34.946-0300] {logging_mixin.py:190} INFO - [2024-10-20T19:03:34.945-0300] {dag.py:4180} INFO - Setting next_dagrun for example_sla_dag to 2024-10-20 22:00:00+00:00, run_after=2024-10-20 22:02:00+00:00
[2024-10-20T19:03:34.974-0300] {processor.py:208} INFO - Processing /mnt/c/Users/Pato_/OneDrive/Documentos/ITBA/PYTHON_DATA_APP/itba/lib/python3.10/site-packages/airflow/example_dags/example_sla_dag.py took 0.117 seconds
[2024-10-20T19:04:45.010-0300] {processor.py:186} INFO - Started process (PID=301081) to work on /mnt/c/Users/Pato_/OneDrive/Documentos/ITBA/PYTHON_DATA_APP/itba/lib/python3.10/site-packages/airflow/example_dags/example_sla_dag.py
[2024-10-20T19:04:45.011-0300] {processor.py:914} INFO - Processing file /mnt/c/Users/Pato_/OneDrive/Documentos/ITBA/PYTHON_DATA_APP/itba/lib/python3.10/site-packages/airflow/example_dags/example_sla_dag.py for tasks to queue
[2024-10-20T19:04:45.013-0300] {logging_mixin.py:190} INFO - [2024-10-20T19:04:45.013-0300] {dagbag.py:588} INFO - Filling up the DagBag from /mnt/c/Users/Pato_/OneDrive/Documentos/ITBA/PYTHON_DATA_APP/itba/lib/python3.10/site-packages/airflow/example_dags/example_sla_dag.py
[2024-10-20T19:04:45.060-0300] {processor.py:925} INFO - DAG(s) 'example_sla_dag' retrieved from /mnt/c/Users/Pato_/OneDrive/Documentos/ITBA/PYTHON_DATA_APP/itba/lib/python3.10/site-packages/airflow/example_dags/example_sla_dag.py
[2024-10-20T19:04:45.076-0300] {logging_mixin.py:190} INFO - [2024-10-20T19:04:45.075-0300] {dag.py:3239} INFO - Sync 1 DAGs
[2024-10-20T19:04:45.099-0300] {logging_mixin.py:190} INFO - [2024-10-20T19:04:45.098-0300] {dag.py:4180} INFO - Setting next_dagrun for example_sla_dag to 2024-10-20 22:02:00+00:00, run_after=2024-10-20 22:04:00+00:00
[2024-10-20T19:04:45.131-0300] {processor.py:208} INFO - Processing /mnt/c/Users/Pato_/OneDrive/Documentos/ITBA/PYTHON_DATA_APP/itba/lib/python3.10/site-packages/airflow/example_dags/example_sla_dag.py took 0.130 seconds
[2024-10-20T19:06:33.653-0300] {processor.py:186} INFO - Started process (PID=302369) to work on /mnt/c/Users/Pato_/OneDrive/Documentos/ITBA/PYTHON_DATA_APP/itba/lib/python3.10/site-packages/airflow/example_dags/example_sla_dag.py
[2024-10-20T19:06:33.654-0300] {processor.py:914} INFO - Processing file /mnt/c/Users/Pato_/OneDrive/Documentos/ITBA/PYTHON_DATA_APP/itba/lib/python3.10/site-packages/airflow/example_dags/example_sla_dag.py for tasks to queue
[2024-10-20T19:06:33.656-0300] {logging_mixin.py:190} INFO - [2024-10-20T19:06:33.655-0300] {dagbag.py:588} INFO - Filling up the DagBag from /mnt/c/Users/Pato_/OneDrive/Documentos/ITBA/PYTHON_DATA_APP/itba/lib/python3.10/site-packages/airflow/example_dags/example_sla_dag.py
[2024-10-20T19:06:33.701-0300] {processor.py:925} INFO - DAG(s) 'example_sla_dag' retrieved from /mnt/c/Users/Pato_/OneDrive/Documentos/ITBA/PYTHON_DATA_APP/itba/lib/python3.10/site-packages/airflow/example_dags/example_sla_dag.py
[2024-10-20T19:06:33.716-0300] {logging_mixin.py:190} INFO - [2024-10-20T19:06:33.715-0300] {dag.py:3239} INFO - Sync 1 DAGs
[2024-10-20T19:06:33.738-0300] {logging_mixin.py:190} INFO - [2024-10-20T19:06:33.737-0300] {dag.py:4180} INFO - Setting next_dagrun for example_sla_dag to 2024-10-20 22:04:00+00:00, run_after=2024-10-20 22:06:00+00:00
[2024-10-20T19:06:33.768-0300] {processor.py:208} INFO - Processing /mnt/c/Users/Pato_/OneDrive/Documentos/ITBA/PYTHON_DATA_APP/itba/lib/python3.10/site-packages/airflow/example_dags/example_sla_dag.py took 0.122 seconds
[2024-10-20T19:07:58.045-0300] {processor.py:186} INFO - Started process (PID=303555) to work on /mnt/c/Users/Pato_/OneDrive/Documentos/ITBA/PYTHON_DATA_APP/itba/lib/python3.10/site-packages/airflow/example_dags/example_sla_dag.py
[2024-10-20T19:07:58.046-0300] {processor.py:914} INFO - Processing file /mnt/c/Users/Pato_/OneDrive/Documentos/ITBA/PYTHON_DATA_APP/itba/lib/python3.10/site-packages/airflow/example_dags/example_sla_dag.py for tasks to queue
[2024-10-20T19:07:58.048-0300] {logging_mixin.py:190} INFO - [2024-10-20T19:07:58.048-0300] {dagbag.py:588} INFO - Filling up the DagBag from /mnt/c/Users/Pato_/OneDrive/Documentos/ITBA/PYTHON_DATA_APP/itba/lib/python3.10/site-packages/airflow/example_dags/example_sla_dag.py
[2024-10-20T19:07:58.094-0300] {processor.py:925} INFO - DAG(s) 'example_sla_dag' retrieved from /mnt/c/Users/Pato_/OneDrive/Documentos/ITBA/PYTHON_DATA_APP/itba/lib/python3.10/site-packages/airflow/example_dags/example_sla_dag.py
[2024-10-20T19:07:58.109-0300] {logging_mixin.py:190} INFO - [2024-10-20T19:07:58.108-0300] {dag.py:3239} INFO - Sync 1 DAGs
[2024-10-20T19:07:58.131-0300] {logging_mixin.py:190} INFO - [2024-10-20T19:07:58.131-0300] {dag.py:4180} INFO - Setting next_dagrun for example_sla_dag to 2024-10-20 22:04:00+00:00, run_after=2024-10-20 22:06:00+00:00
[2024-10-20T19:07:58.160-0300] {processor.py:208} INFO - Processing /mnt/c/Users/Pato_/OneDrive/Documentos/ITBA/PYTHON_DATA_APP/itba/lib/python3.10/site-packages/airflow/example_dags/example_sla_dag.py took 0.123 seconds
[2024-10-20T19:08:49.563-0300] {processor.py:186} INFO - Started process (PID=303955) to work on /mnt/c/Users/Pato_/OneDrive/Documentos/ITBA/PYTHON_DATA_APP/itba/lib/python3.10/site-packages/airflow/example_dags/example_sla_dag.py
[2024-10-20T19:08:49.564-0300] {processor.py:914} INFO - Processing file /mnt/c/Users/Pato_/OneDrive/Documentos/ITBA/PYTHON_DATA_APP/itba/lib/python3.10/site-packages/airflow/example_dags/example_sla_dag.py for tasks to queue
[2024-10-20T19:08:49.566-0300] {logging_mixin.py:190} INFO - [2024-10-20T19:08:49.565-0300] {dagbag.py:588} INFO - Filling up the DagBag from /mnt/c/Users/Pato_/OneDrive/Documentos/ITBA/PYTHON_DATA_APP/itba/lib/python3.10/site-packages/airflow/example_dags/example_sla_dag.py
[2024-10-20T19:08:49.609-0300] {processor.py:925} INFO - DAG(s) 'example_sla_dag' retrieved from /mnt/c/Users/Pato_/OneDrive/Documentos/ITBA/PYTHON_DATA_APP/itba/lib/python3.10/site-packages/airflow/example_dags/example_sla_dag.py
[2024-10-20T19:08:49.624-0300] {logging_mixin.py:190} INFO - [2024-10-20T19:08:49.623-0300] {dag.py:3239} INFO - Sync 1 DAGs
[2024-10-20T19:08:49.645-0300] {logging_mixin.py:190} INFO - [2024-10-20T19:08:49.645-0300] {dag.py:4180} INFO - Setting next_dagrun for example_sla_dag to 2024-10-20 22:06:00+00:00, run_after=2024-10-20 22:08:00+00:00
[2024-10-20T19:08:49.675-0300] {processor.py:208} INFO - Processing /mnt/c/Users/Pato_/OneDrive/Documentos/ITBA/PYTHON_DATA_APP/itba/lib/python3.10/site-packages/airflow/example_dags/example_sla_dag.py took 0.119 seconds
[2024-10-20T19:09:53.932-0300] {processor.py:186} INFO - Started process (PID=304550) to work on /mnt/c/Users/Pato_/OneDrive/Documentos/ITBA/PYTHON_DATA_APP/itba/lib/python3.10/site-packages/airflow/example_dags/example_sla_dag.py
[2024-10-20T19:09:53.933-0300] {processor.py:914} INFO - Processing file /mnt/c/Users/Pato_/OneDrive/Documentos/ITBA/PYTHON_DATA_APP/itba/lib/python3.10/site-packages/airflow/example_dags/example_sla_dag.py for tasks to queue
[2024-10-20T19:09:53.935-0300] {logging_mixin.py:190} INFO - [2024-10-20T19:09:53.934-0300] {dagbag.py:588} INFO - Filling up the DagBag from /mnt/c/Users/Pato_/OneDrive/Documentos/ITBA/PYTHON_DATA_APP/itba/lib/python3.10/site-packages/airflow/example_dags/example_sla_dag.py
[2024-10-20T19:09:53.976-0300] {processor.py:925} INFO - DAG(s) 'example_sla_dag' retrieved from /mnt/c/Users/Pato_/OneDrive/Documentos/ITBA/PYTHON_DATA_APP/itba/lib/python3.10/site-packages/airflow/example_dags/example_sla_dag.py
[2024-10-20T19:09:53.990-0300] {logging_mixin.py:190} INFO - [2024-10-20T19:09:53.990-0300] {dag.py:3239} INFO - Sync 1 DAGs
[2024-10-20T19:09:54.011-0300] {logging_mixin.py:190} INFO - [2024-10-20T19:09:54.010-0300] {dag.py:4180} INFO - Setting next_dagrun for example_sla_dag to 2024-10-20 22:06:00+00:00, run_after=2024-10-20 22:08:00+00:00
[2024-10-20T19:09:54.040-0300] {processor.py:208} INFO - Processing /mnt/c/Users/Pato_/OneDrive/Documentos/ITBA/PYTHON_DATA_APP/itba/lib/python3.10/site-packages/airflow/example_dags/example_sla_dag.py took 0.114 seconds
[2024-10-20T19:11:00.722-0300] {processor.py:186} INFO - Started process (PID=305074) to work on /mnt/c/Users/Pato_/OneDrive/Documentos/ITBA/PYTHON_DATA_APP/itba/lib/python3.10/site-packages/airflow/example_dags/example_sla_dag.py
[2024-10-20T19:11:00.723-0300] {processor.py:914} INFO - Processing file /mnt/c/Users/Pato_/OneDrive/Documentos/ITBA/PYTHON_DATA_APP/itba/lib/python3.10/site-packages/airflow/example_dags/example_sla_dag.py for tasks to queue
[2024-10-20T19:11:00.725-0300] {logging_mixin.py:190} INFO - [2024-10-20T19:11:00.724-0300] {dagbag.py:588} INFO - Filling up the DagBag from /mnt/c/Users/Pato_/OneDrive/Documentos/ITBA/PYTHON_DATA_APP/itba/lib/python3.10/site-packages/airflow/example_dags/example_sla_dag.py
[2024-10-20T19:11:00.766-0300] {processor.py:925} INFO - DAG(s) 'example_sla_dag' retrieved from /mnt/c/Users/Pato_/OneDrive/Documentos/ITBA/PYTHON_DATA_APP/itba/lib/python3.10/site-packages/airflow/example_dags/example_sla_dag.py
[2024-10-20T19:11:00.779-0300] {logging_mixin.py:190} INFO - [2024-10-20T19:11:00.779-0300] {dag.py:3239} INFO - Sync 1 DAGs
[2024-10-20T19:11:00.800-0300] {logging_mixin.py:190} INFO - [2024-10-20T19:11:00.800-0300] {dag.py:4180} INFO - Setting next_dagrun for example_sla_dag to 2024-10-20 22:08:00+00:00, run_after=2024-10-20 22:10:00+00:00
[2024-10-20T19:11:00.830-0300] {processor.py:208} INFO - Processing /mnt/c/Users/Pato_/OneDrive/Documentos/ITBA/PYTHON_DATA_APP/itba/lib/python3.10/site-packages/airflow/example_dags/example_sla_dag.py took 0.114 seconds
[2024-10-20T19:12:10.373-0300] {processor.py:186} INFO - Started process (PID=305615) to work on /mnt/c/Users/Pato_/OneDrive/Documentos/ITBA/PYTHON_DATA_APP/itba/lib/python3.10/site-packages/airflow/example_dags/example_sla_dag.py
[2024-10-20T19:12:10.374-0300] {processor.py:914} INFO - Processing file /mnt/c/Users/Pato_/OneDrive/Documentos/ITBA/PYTHON_DATA_APP/itba/lib/python3.10/site-packages/airflow/example_dags/example_sla_dag.py for tasks to queue
[2024-10-20T19:12:10.376-0300] {logging_mixin.py:190} INFO - [2024-10-20T19:12:10.375-0300] {dagbag.py:588} INFO - Filling up the DagBag from /mnt/c/Users/Pato_/OneDrive/Documentos/ITBA/PYTHON_DATA_APP/itba/lib/python3.10/site-packages/airflow/example_dags/example_sla_dag.py
[2024-10-20T19:12:10.418-0300] {processor.py:925} INFO - DAG(s) 'example_sla_dag' retrieved from /mnt/c/Users/Pato_/OneDrive/Documentos/ITBA/PYTHON_DATA_APP/itba/lib/python3.10/site-packages/airflow/example_dags/example_sla_dag.py
[2024-10-20T19:12:10.432-0300] {logging_mixin.py:190} INFO - [2024-10-20T19:12:10.431-0300] {dag.py:3239} INFO - Sync 1 DAGs
[2024-10-20T19:12:10.453-0300] {logging_mixin.py:190} INFO - [2024-10-20T19:12:10.452-0300] {dag.py:4180} INFO - Setting next_dagrun for example_sla_dag to 2024-10-20 22:10:00+00:00, run_after=2024-10-20 22:12:00+00:00
[2024-10-20T19:12:10.483-0300] {processor.py:208} INFO - Processing /mnt/c/Users/Pato_/OneDrive/Documentos/ITBA/PYTHON_DATA_APP/itba/lib/python3.10/site-packages/airflow/example_dags/example_sla_dag.py took 0.117 seconds
[2024-10-20T19:13:15.190-0300] {processor.py:186} INFO - Started process (PID=306123) to work on /mnt/c/Users/Pato_/OneDrive/Documentos/ITBA/PYTHON_DATA_APP/itba/lib/python3.10/site-packages/airflow/example_dags/example_sla_dag.py
[2024-10-20T19:13:15.191-0300] {processor.py:914} INFO - Processing file /mnt/c/Users/Pato_/OneDrive/Documentos/ITBA/PYTHON_DATA_APP/itba/lib/python3.10/site-packages/airflow/example_dags/example_sla_dag.py for tasks to queue
[2024-10-20T19:13:15.194-0300] {logging_mixin.py:190} INFO - [2024-10-20T19:13:15.193-0300] {dagbag.py:588} INFO - Filling up the DagBag from /mnt/c/Users/Pato_/OneDrive/Documentos/ITBA/PYTHON_DATA_APP/itba/lib/python3.10/site-packages/airflow/example_dags/example_sla_dag.py
[2024-10-20T19:13:15.235-0300] {processor.py:925} INFO - DAG(s) 'example_sla_dag' retrieved from /mnt/c/Users/Pato_/OneDrive/Documentos/ITBA/PYTHON_DATA_APP/itba/lib/python3.10/site-packages/airflow/example_dags/example_sla_dag.py
[2024-10-20T19:13:15.249-0300] {logging_mixin.py:190} INFO - [2024-10-20T19:13:15.248-0300] {dag.py:3239} INFO - Sync 1 DAGs
[2024-10-20T19:13:15.270-0300] {logging_mixin.py:190} INFO - [2024-10-20T19:13:15.269-0300] {dag.py:4180} INFO - Setting next_dagrun for example_sla_dag to 2024-10-20 22:10:00+00:00, run_after=2024-10-20 22:12:00+00:00
[2024-10-20T19:13:15.299-0300] {processor.py:208} INFO - Processing /mnt/c/Users/Pato_/OneDrive/Documentos/ITBA/PYTHON_DATA_APP/itba/lib/python3.10/site-packages/airflow/example_dags/example_sla_dag.py took 0.115 seconds
[2024-10-20T19:14:21.072-0300] {processor.py:186} INFO - Started process (PID=306641) to work on /mnt/c/Users/Pato_/OneDrive/Documentos/ITBA/PYTHON_DATA_APP/itba/lib/python3.10/site-packages/airflow/example_dags/example_sla_dag.py
[2024-10-20T19:14:21.073-0300] {processor.py:914} INFO - Processing file /mnt/c/Users/Pato_/OneDrive/Documentos/ITBA/PYTHON_DATA_APP/itba/lib/python3.10/site-packages/airflow/example_dags/example_sla_dag.py for tasks to queue
[2024-10-20T19:14:21.076-0300] {logging_mixin.py:190} INFO - [2024-10-20T19:14:21.075-0300] {dagbag.py:588} INFO - Filling up the DagBag from /mnt/c/Users/Pato_/OneDrive/Documentos/ITBA/PYTHON_DATA_APP/itba/lib/python3.10/site-packages/airflow/example_dags/example_sla_dag.py
[2024-10-20T19:14:21.117-0300] {processor.py:925} INFO - DAG(s) 'example_sla_dag' retrieved from /mnt/c/Users/Pato_/OneDrive/Documentos/ITBA/PYTHON_DATA_APP/itba/lib/python3.10/site-packages/airflow/example_dags/example_sla_dag.py
[2024-10-20T19:14:21.134-0300] {logging_mixin.py:190} INFO - [2024-10-20T19:14:21.133-0300] {dag.py:3239} INFO - Sync 1 DAGs
[2024-10-20T19:14:21.156-0300] {logging_mixin.py:190} INFO - [2024-10-20T19:14:21.156-0300] {dag.py:4180} INFO - Setting next_dagrun for example_sla_dag to 2024-10-20 22:12:00+00:00, run_after=2024-10-20 22:14:00+00:00
[2024-10-20T19:14:21.186-0300] {processor.py:208} INFO - Processing /mnt/c/Users/Pato_/OneDrive/Documentos/ITBA/PYTHON_DATA_APP/itba/lib/python3.10/site-packages/airflow/example_dags/example_sla_dag.py took 0.120 seconds
[2024-10-20T19:15:31.657-0300] {processor.py:186} INFO - Started process (PID=307214) to work on /mnt/c/Users/Pato_/OneDrive/Documentos/ITBA/PYTHON_DATA_APP/itba/lib/python3.10/site-packages/airflow/example_dags/example_sla_dag.py
[2024-10-20T19:15:31.658-0300] {processor.py:914} INFO - Processing file /mnt/c/Users/Pato_/OneDrive/Documentos/ITBA/PYTHON_DATA_APP/itba/lib/python3.10/site-packages/airflow/example_dags/example_sla_dag.py for tasks to queue
[2024-10-20T19:15:31.660-0300] {logging_mixin.py:190} INFO - [2024-10-20T19:15:31.659-0300] {dagbag.py:588} INFO - Filling up the DagBag from /mnt/c/Users/Pato_/OneDrive/Documentos/ITBA/PYTHON_DATA_APP/itba/lib/python3.10/site-packages/airflow/example_dags/example_sla_dag.py
[2024-10-20T19:15:31.700-0300] {processor.py:925} INFO - DAG(s) 'example_sla_dag' retrieved from /mnt/c/Users/Pato_/OneDrive/Documentos/ITBA/PYTHON_DATA_APP/itba/lib/python3.10/site-packages/airflow/example_dags/example_sla_dag.py
[2024-10-20T19:15:31.716-0300] {logging_mixin.py:190} INFO - [2024-10-20T19:15:31.715-0300] {dag.py:3239} INFO - Sync 1 DAGs
[2024-10-20T19:15:31.738-0300] {logging_mixin.py:190} INFO - [2024-10-20T19:15:31.738-0300] {dag.py:4180} INFO - Setting next_dagrun for example_sla_dag to 2024-10-20 22:12:00+00:00, run_after=2024-10-20 22:14:00+00:00
[2024-10-20T19:15:31.767-0300] {processor.py:208} INFO - Processing /mnt/c/Users/Pato_/OneDrive/Documentos/ITBA/PYTHON_DATA_APP/itba/lib/python3.10/site-packages/airflow/example_dags/example_sla_dag.py took 0.117 seconds
[2024-10-20T19:16:38.313-0300] {processor.py:186} INFO - Started process (PID=307736) to work on /mnt/c/Users/Pato_/OneDrive/Documentos/ITBA/PYTHON_DATA_APP/itba/lib/python3.10/site-packages/airflow/example_dags/example_sla_dag.py
[2024-10-20T19:16:38.314-0300] {processor.py:914} INFO - Processing file /mnt/c/Users/Pato_/OneDrive/Documentos/ITBA/PYTHON_DATA_APP/itba/lib/python3.10/site-packages/airflow/example_dags/example_sla_dag.py for tasks to queue
[2024-10-20T19:16:38.316-0300] {logging_mixin.py:190} INFO - [2024-10-20T19:16:38.316-0300] {dagbag.py:588} INFO - Filling up the DagBag from /mnt/c/Users/Pato_/OneDrive/Documentos/ITBA/PYTHON_DATA_APP/itba/lib/python3.10/site-packages/airflow/example_dags/example_sla_dag.py
[2024-10-20T19:16:38.358-0300] {processor.py:925} INFO - DAG(s) 'example_sla_dag' retrieved from /mnt/c/Users/Pato_/OneDrive/Documentos/ITBA/PYTHON_DATA_APP/itba/lib/python3.10/site-packages/airflow/example_dags/example_sla_dag.py
[2024-10-20T19:16:38.372-0300] {logging_mixin.py:190} INFO - [2024-10-20T19:16:38.371-0300] {dag.py:3239} INFO - Sync 1 DAGs
[2024-10-20T19:16:38.393-0300] {logging_mixin.py:190} INFO - [2024-10-20T19:16:38.392-0300] {dag.py:4180} INFO - Setting next_dagrun for example_sla_dag to 2024-10-20 22:14:00+00:00, run_after=2024-10-20 22:16:00+00:00
[2024-10-20T19:16:38.422-0300] {processor.py:208} INFO - Processing /mnt/c/Users/Pato_/OneDrive/Documentos/ITBA/PYTHON_DATA_APP/itba/lib/python3.10/site-packages/airflow/example_dags/example_sla_dag.py took 0.115 seconds
[2024-10-20T19:17:52.720-0300] {processor.py:186} INFO - Started process (PID=308317) to work on /mnt/c/Users/Pato_/OneDrive/Documentos/ITBA/PYTHON_DATA_APP/itba/lib/python3.10/site-packages/airflow/example_dags/example_sla_dag.py
[2024-10-20T19:17:52.721-0300] {processor.py:914} INFO - Processing file /mnt/c/Users/Pato_/OneDrive/Documentos/ITBA/PYTHON_DATA_APP/itba/lib/python3.10/site-packages/airflow/example_dags/example_sla_dag.py for tasks to queue
[2024-10-20T19:17:52.723-0300] {logging_mixin.py:190} INFO - [2024-10-20T19:17:52.723-0300] {dagbag.py:588} INFO - Filling up the DagBag from /mnt/c/Users/Pato_/OneDrive/Documentos/ITBA/PYTHON_DATA_APP/itba/lib/python3.10/site-packages/airflow/example_dags/example_sla_dag.py
[2024-10-20T19:17:52.764-0300] {processor.py:925} INFO - DAG(s) 'example_sla_dag' retrieved from /mnt/c/Users/Pato_/OneDrive/Documentos/ITBA/PYTHON_DATA_APP/itba/lib/python3.10/site-packages/airflow/example_dags/example_sla_dag.py
[2024-10-20T19:17:52.778-0300] {logging_mixin.py:190} INFO - [2024-10-20T19:17:52.778-0300] {dag.py:3239} INFO - Sync 1 DAGs
[2024-10-20T19:17:52.799-0300] {logging_mixin.py:190} INFO - [2024-10-20T19:17:52.798-0300] {dag.py:4180} INFO - Setting next_dagrun for example_sla_dag to 2024-10-20 22:14:00+00:00, run_after=2024-10-20 22:16:00+00:00
[2024-10-20T19:17:52.828-0300] {processor.py:208} INFO - Processing /mnt/c/Users/Pato_/OneDrive/Documentos/ITBA/PYTHON_DATA_APP/itba/lib/python3.10/site-packages/airflow/example_dags/example_sla_dag.py took 0.115 seconds
[2024-10-20T19:19:02.805-0300] {processor.py:186} INFO - Started process (PID=308860) to work on /mnt/c/Users/Pato_/OneDrive/Documentos/ITBA/PYTHON_DATA_APP/itba/lib/python3.10/site-packages/airflow/example_dags/example_sla_dag.py
[2024-10-20T19:19:02.806-0300] {processor.py:914} INFO - Processing file /mnt/c/Users/Pato_/OneDrive/Documentos/ITBA/PYTHON_DATA_APP/itba/lib/python3.10/site-packages/airflow/example_dags/example_sla_dag.py for tasks to queue
[2024-10-20T19:19:02.808-0300] {logging_mixin.py:190} INFO - [2024-10-20T19:19:02.807-0300] {dagbag.py:588} INFO - Filling up the DagBag from /mnt/c/Users/Pato_/OneDrive/Documentos/ITBA/PYTHON_DATA_APP/itba/lib/python3.10/site-packages/airflow/example_dags/example_sla_dag.py
[2024-10-20T19:19:02.849-0300] {processor.py:925} INFO - DAG(s) 'example_sla_dag' retrieved from /mnt/c/Users/Pato_/OneDrive/Documentos/ITBA/PYTHON_DATA_APP/itba/lib/python3.10/site-packages/airflow/example_dags/example_sla_dag.py
[2024-10-20T19:19:02.863-0300] {logging_mixin.py:190} INFO - [2024-10-20T19:19:02.863-0300] {dag.py:3239} INFO - Sync 1 DAGs
[2024-10-20T19:19:02.884-0300] {logging_mixin.py:190} INFO - [2024-10-20T19:19:02.884-0300] {dag.py:4180} INFO - Setting next_dagrun for example_sla_dag to 2024-10-20 22:16:00+00:00, run_after=2024-10-20 22:18:00+00:00
[2024-10-20T19:19:02.916-0300] {processor.py:208} INFO - Processing /mnt/c/Users/Pato_/OneDrive/Documentos/ITBA/PYTHON_DATA_APP/itba/lib/python3.10/site-packages/airflow/example_dags/example_sla_dag.py took 0.117 seconds
[2024-10-20T19:20:13.727-0300] {processor.py:186} INFO - Started process (PID=309442) to work on /mnt/c/Users/Pato_/OneDrive/Documentos/ITBA/PYTHON_DATA_APP/itba/lib/python3.10/site-packages/airflow/example_dags/example_sla_dag.py
[2024-10-20T19:20:13.728-0300] {processor.py:914} INFO - Processing file /mnt/c/Users/Pato_/OneDrive/Documentos/ITBA/PYTHON_DATA_APP/itba/lib/python3.10/site-packages/airflow/example_dags/example_sla_dag.py for tasks to queue
[2024-10-20T19:20:13.730-0300] {logging_mixin.py:190} INFO - [2024-10-20T19:20:13.729-0300] {dagbag.py:588} INFO - Filling up the DagBag from /mnt/c/Users/Pato_/OneDrive/Documentos/ITBA/PYTHON_DATA_APP/itba/lib/python3.10/site-packages/airflow/example_dags/example_sla_dag.py
[2024-10-20T19:20:13.772-0300] {processor.py:925} INFO - DAG(s) 'example_sla_dag' retrieved from /mnt/c/Users/Pato_/OneDrive/Documentos/ITBA/PYTHON_DATA_APP/itba/lib/python3.10/site-packages/airflow/example_dags/example_sla_dag.py
[2024-10-20T19:20:13.786-0300] {logging_mixin.py:190} INFO - [2024-10-20T19:20:13.786-0300] {dag.py:3239} INFO - Sync 1 DAGs
[2024-10-20T19:20:13.807-0300] {logging_mixin.py:190} INFO - [2024-10-20T19:20:13.807-0300] {dag.py:4180} INFO - Setting next_dagrun for example_sla_dag to 2024-10-20 22:18:00+00:00, run_after=2024-10-20 22:20:00+00:00
[2024-10-20T19:20:13.836-0300] {processor.py:208} INFO - Processing /mnt/c/Users/Pato_/OneDrive/Documentos/ITBA/PYTHON_DATA_APP/itba/lib/python3.10/site-packages/airflow/example_dags/example_sla_dag.py took 0.116 seconds
[2024-10-20T19:21:23.943-0300] {processor.py:186} INFO - Started process (PID=310058) to work on /mnt/c/Users/Pato_/OneDrive/Documentos/ITBA/PYTHON_DATA_APP/itba/lib/python3.10/site-packages/airflow/example_dags/example_sla_dag.py
[2024-10-20T19:21:23.944-0300] {processor.py:914} INFO - Processing file /mnt/c/Users/Pato_/OneDrive/Documentos/ITBA/PYTHON_DATA_APP/itba/lib/python3.10/site-packages/airflow/example_dags/example_sla_dag.py for tasks to queue
[2024-10-20T19:21:23.947-0300] {logging_mixin.py:190} INFO - [2024-10-20T19:21:23.946-0300] {dagbag.py:588} INFO - Filling up the DagBag from /mnt/c/Users/Pato_/OneDrive/Documentos/ITBA/PYTHON_DATA_APP/itba/lib/python3.10/site-packages/airflow/example_dags/example_sla_dag.py
[2024-10-20T19:21:23.988-0300] {processor.py:925} INFO - DAG(s) 'example_sla_dag' retrieved from /mnt/c/Users/Pato_/OneDrive/Documentos/ITBA/PYTHON_DATA_APP/itba/lib/python3.10/site-packages/airflow/example_dags/example_sla_dag.py
[2024-10-20T19:21:24.002-0300] {logging_mixin.py:190} INFO - [2024-10-20T19:21:24.001-0300] {dag.py:3239} INFO - Sync 1 DAGs
[2024-10-20T19:21:24.023-0300] {logging_mixin.py:190} INFO - [2024-10-20T19:21:24.022-0300] {dag.py:4180} INFO - Setting next_dagrun for example_sla_dag to 2024-10-20 22:18:00+00:00, run_after=2024-10-20 22:20:00+00:00
[2024-10-20T19:21:24.050-0300] {processor.py:208} INFO - Processing /mnt/c/Users/Pato_/OneDrive/Documentos/ITBA/PYTHON_DATA_APP/itba/lib/python3.10/site-packages/airflow/example_dags/example_sla_dag.py took 0.114 seconds
[2024-10-20T19:22:31.028-0300] {processor.py:186} INFO - Started process (PID=310672) to work on /mnt/c/Users/Pato_/OneDrive/Documentos/ITBA/PYTHON_DATA_APP/itba/lib/python3.10/site-packages/airflow/example_dags/example_sla_dag.py
[2024-10-20T19:22:31.028-0300] {processor.py:914} INFO - Processing file /mnt/c/Users/Pato_/OneDrive/Documentos/ITBA/PYTHON_DATA_APP/itba/lib/python3.10/site-packages/airflow/example_dags/example_sla_dag.py for tasks to queue
[2024-10-20T19:22:31.031-0300] {logging_mixin.py:190} INFO - [2024-10-20T19:22:31.030-0300] {dagbag.py:588} INFO - Filling up the DagBag from /mnt/c/Users/Pato_/OneDrive/Documentos/ITBA/PYTHON_DATA_APP/itba/lib/python3.10/site-packages/airflow/example_dags/example_sla_dag.py
[2024-10-20T19:22:31.071-0300] {processor.py:925} INFO - DAG(s) 'example_sla_dag' retrieved from /mnt/c/Users/Pato_/OneDrive/Documentos/ITBA/PYTHON_DATA_APP/itba/lib/python3.10/site-packages/airflow/example_dags/example_sla_dag.py
[2024-10-20T19:22:31.085-0300] {logging_mixin.py:190} INFO - [2024-10-20T19:22:31.084-0300] {dag.py:3239} INFO - Sync 1 DAGs
[2024-10-20T19:22:31.105-0300] {logging_mixin.py:190} INFO - [2024-10-20T19:22:31.105-0300] {dag.py:4180} INFO - Setting next_dagrun for example_sla_dag to 2024-10-20 22:20:00+00:00, run_after=2024-10-20 22:22:00+00:00
[2024-10-20T19:22:31.133-0300] {processor.py:208} INFO - Processing /mnt/c/Users/Pato_/OneDrive/Documentos/ITBA/PYTHON_DATA_APP/itba/lib/python3.10/site-packages/airflow/example_dags/example_sla_dag.py took 0.112 seconds
[2024-10-20T19:23:33.082-0300] {processor.py:186} INFO - Started process (PID=311308) to work on /mnt/c/Users/Pato_/OneDrive/Documentos/ITBA/PYTHON_DATA_APP/itba/lib/python3.10/site-packages/airflow/example_dags/example_sla_dag.py
[2024-10-20T19:23:33.083-0300] {processor.py:914} INFO - Processing file /mnt/c/Users/Pato_/OneDrive/Documentos/ITBA/PYTHON_DATA_APP/itba/lib/python3.10/site-packages/airflow/example_dags/example_sla_dag.py for tasks to queue
[2024-10-20T19:23:33.085-0300] {logging_mixin.py:190} INFO - [2024-10-20T19:23:33.084-0300] {dagbag.py:588} INFO - Filling up the DagBag from /mnt/c/Users/Pato_/OneDrive/Documentos/ITBA/PYTHON_DATA_APP/itba/lib/python3.10/site-packages/airflow/example_dags/example_sla_dag.py
[2024-10-20T19:23:33.127-0300] {processor.py:925} INFO - DAG(s) 'example_sla_dag' retrieved from /mnt/c/Users/Pato_/OneDrive/Documentos/ITBA/PYTHON_DATA_APP/itba/lib/python3.10/site-packages/airflow/example_dags/example_sla_dag.py
[2024-10-20T19:23:33.141-0300] {logging_mixin.py:190} INFO - [2024-10-20T19:23:33.141-0300] {dag.py:3239} INFO - Sync 1 DAGs
[2024-10-20T19:23:33.163-0300] {logging_mixin.py:190} INFO - [2024-10-20T19:23:33.162-0300] {dag.py:4180} INFO - Setting next_dagrun for example_sla_dag to 2024-10-20 22:20:00+00:00, run_after=2024-10-20 22:22:00+00:00
[2024-10-20T19:23:33.192-0300] {processor.py:208} INFO - Processing /mnt/c/Users/Pato_/OneDrive/Documentos/ITBA/PYTHON_DATA_APP/itba/lib/python3.10/site-packages/airflow/example_dags/example_sla_dag.py took 0.117 seconds
[2024-10-20T19:24:38.878-0300] {processor.py:186} INFO - Started process (PID=312266) to work on /mnt/c/Users/Pato_/OneDrive/Documentos/ITBA/PYTHON_DATA_APP/itba/lib/python3.10/site-packages/airflow/example_dags/example_sla_dag.py
[2024-10-20T19:24:38.879-0300] {processor.py:914} INFO - Processing file /mnt/c/Users/Pato_/OneDrive/Documentos/ITBA/PYTHON_DATA_APP/itba/lib/python3.10/site-packages/airflow/example_dags/example_sla_dag.py for tasks to queue
[2024-10-20T19:24:38.882-0300] {logging_mixin.py:190} INFO - [2024-10-20T19:24:38.881-0300] {dagbag.py:588} INFO - Filling up the DagBag from /mnt/c/Users/Pato_/OneDrive/Documentos/ITBA/PYTHON_DATA_APP/itba/lib/python3.10/site-packages/airflow/example_dags/example_sla_dag.py
[2024-10-20T19:24:38.928-0300] {processor.py:925} INFO - DAG(s) 'example_sla_dag' retrieved from /mnt/c/Users/Pato_/OneDrive/Documentos/ITBA/PYTHON_DATA_APP/itba/lib/python3.10/site-packages/airflow/example_dags/example_sla_dag.py
[2024-10-20T19:24:38.944-0300] {logging_mixin.py:190} INFO - [2024-10-20T19:24:38.943-0300] {dag.py:3239} INFO - Sync 1 DAGs
[2024-10-20T19:24:38.967-0300] {logging_mixin.py:190} INFO - [2024-10-20T19:24:38.966-0300] {dag.py:4180} INFO - Setting next_dagrun for example_sla_dag to 2024-10-20 22:22:00+00:00, run_after=2024-10-20 22:24:00+00:00
[2024-10-20T19:24:38.997-0300] {processor.py:208} INFO - Processing /mnt/c/Users/Pato_/OneDrive/Documentos/ITBA/PYTHON_DATA_APP/itba/lib/python3.10/site-packages/airflow/example_dags/example_sla_dag.py took 0.128 seconds
[2024-10-20T19:26:18.495-0300] {processor.py:186} INFO - Started process (PID=313561) to work on /mnt/c/Users/Pato_/OneDrive/Documentos/ITBA/PYTHON_DATA_APP/itba/lib/python3.10/site-packages/airflow/example_dags/example_sla_dag.py
[2024-10-20T19:26:18.497-0300] {processor.py:914} INFO - Processing file /mnt/c/Users/Pato_/OneDrive/Documentos/ITBA/PYTHON_DATA_APP/itba/lib/python3.10/site-packages/airflow/example_dags/example_sla_dag.py for tasks to queue
[2024-10-20T19:26:18.499-0300] {logging_mixin.py:190} INFO - [2024-10-20T19:26:18.499-0300] {dagbag.py:588} INFO - Filling up the DagBag from /mnt/c/Users/Pato_/OneDrive/Documentos/ITBA/PYTHON_DATA_APP/itba/lib/python3.10/site-packages/airflow/example_dags/example_sla_dag.py
[2024-10-20T19:26:18.545-0300] {processor.py:925} INFO - DAG(s) 'example_sla_dag' retrieved from /mnt/c/Users/Pato_/OneDrive/Documentos/ITBA/PYTHON_DATA_APP/itba/lib/python3.10/site-packages/airflow/example_dags/example_sla_dag.py
[2024-10-20T19:26:18.560-0300] {logging_mixin.py:190} INFO - [2024-10-20T19:26:18.560-0300] {dag.py:3239} INFO - Sync 1 DAGs
[2024-10-20T19:26:18.583-0300] {logging_mixin.py:190} INFO - [2024-10-20T19:26:18.582-0300] {dag.py:4180} INFO - Setting next_dagrun for example_sla_dag to 2024-10-20 22:24:00+00:00, run_after=2024-10-20 22:26:00+00:00
[2024-10-20T19:26:18.614-0300] {processor.py:208} INFO - Processing /mnt/c/Users/Pato_/OneDrive/Documentos/ITBA/PYTHON_DATA_APP/itba/lib/python3.10/site-packages/airflow/example_dags/example_sla_dag.py took 0.126 seconds
[2024-10-20T19:27:23.537-0300] {processor.py:186} INFO - Started process (PID=314326) to work on /mnt/c/Users/Pato_/OneDrive/Documentos/ITBA/PYTHON_DATA_APP/itba/lib/python3.10/site-packages/airflow/example_dags/example_sla_dag.py
[2024-10-20T19:27:23.538-0300] {processor.py:914} INFO - Processing file /mnt/c/Users/Pato_/OneDrive/Documentos/ITBA/PYTHON_DATA_APP/itba/lib/python3.10/site-packages/airflow/example_dags/example_sla_dag.py for tasks to queue
[2024-10-20T19:27:23.541-0300] {logging_mixin.py:190} INFO - [2024-10-20T19:27:23.540-0300] {dagbag.py:588} INFO - Filling up the DagBag from /mnt/c/Users/Pato_/OneDrive/Documentos/ITBA/PYTHON_DATA_APP/itba/lib/python3.10/site-packages/airflow/example_dags/example_sla_dag.py
[2024-10-20T19:27:23.582-0300] {processor.py:925} INFO - DAG(s) 'example_sla_dag' retrieved from /mnt/c/Users/Pato_/OneDrive/Documentos/ITBA/PYTHON_DATA_APP/itba/lib/python3.10/site-packages/airflow/example_dags/example_sla_dag.py
[2024-10-20T19:27:23.596-0300] {logging_mixin.py:190} INFO - [2024-10-20T19:27:23.596-0300] {dag.py:3239} INFO - Sync 1 DAGs
[2024-10-20T19:27:23.617-0300] {logging_mixin.py:190} INFO - [2024-10-20T19:27:23.617-0300] {dag.py:4180} INFO - Setting next_dagrun for example_sla_dag to 2024-10-20 22:24:00+00:00, run_after=2024-10-20 22:26:00+00:00
[2024-10-20T19:27:23.645-0300] {processor.py:208} INFO - Processing /mnt/c/Users/Pato_/OneDrive/Documentos/ITBA/PYTHON_DATA_APP/itba/lib/python3.10/site-packages/airflow/example_dags/example_sla_dag.py took 0.114 seconds
[2024-10-20T19:28:30.020-0300] {processor.py:186} INFO - Started process (PID=315108) to work on /mnt/c/Users/Pato_/OneDrive/Documentos/ITBA/PYTHON_DATA_APP/itba/lib/python3.10/site-packages/airflow/example_dags/example_sla_dag.py
[2024-10-20T19:28:30.021-0300] {processor.py:914} INFO - Processing file /mnt/c/Users/Pato_/OneDrive/Documentos/ITBA/PYTHON_DATA_APP/itba/lib/python3.10/site-packages/airflow/example_dags/example_sla_dag.py for tasks to queue
[2024-10-20T19:28:30.023-0300] {logging_mixin.py:190} INFO - [2024-10-20T19:28:30.022-0300] {dagbag.py:588} INFO - Filling up the DagBag from /mnt/c/Users/Pato_/OneDrive/Documentos/ITBA/PYTHON_DATA_APP/itba/lib/python3.10/site-packages/airflow/example_dags/example_sla_dag.py
[2024-10-20T19:28:30.065-0300] {processor.py:925} INFO - DAG(s) 'example_sla_dag' retrieved from /mnt/c/Users/Pato_/OneDrive/Documentos/ITBA/PYTHON_DATA_APP/itba/lib/python3.10/site-packages/airflow/example_dags/example_sla_dag.py
[2024-10-20T19:28:30.079-0300] {logging_mixin.py:190} INFO - [2024-10-20T19:28:30.078-0300] {dag.py:3239} INFO - Sync 1 DAGs
[2024-10-20T19:28:30.100-0300] {logging_mixin.py:190} INFO - [2024-10-20T19:28:30.099-0300] {dag.py:4180} INFO - Setting next_dagrun for example_sla_dag to 2024-10-20 22:26:00+00:00, run_after=2024-10-20 22:28:00+00:00
[2024-10-20T19:28:30.130-0300] {processor.py:208} INFO - Processing /mnt/c/Users/Pato_/OneDrive/Documentos/ITBA/PYTHON_DATA_APP/itba/lib/python3.10/site-packages/airflow/example_dags/example_sla_dag.py took 0.117 seconds
[2024-10-20T19:29:37.782-0300] {processor.py:186} INFO - Started process (PID=315918) to work on /mnt/c/Users/Pato_/OneDrive/Documentos/ITBA/PYTHON_DATA_APP/itba/lib/python3.10/site-packages/airflow/example_dags/example_sla_dag.py
[2024-10-20T19:29:37.783-0300] {processor.py:914} INFO - Processing file /mnt/c/Users/Pato_/OneDrive/Documentos/ITBA/PYTHON_DATA_APP/itba/lib/python3.10/site-packages/airflow/example_dags/example_sla_dag.py for tasks to queue
[2024-10-20T19:29:37.785-0300] {logging_mixin.py:190} INFO - [2024-10-20T19:29:37.785-0300] {dagbag.py:588} INFO - Filling up the DagBag from /mnt/c/Users/Pato_/OneDrive/Documentos/ITBA/PYTHON_DATA_APP/itba/lib/python3.10/site-packages/airflow/example_dags/example_sla_dag.py
[2024-10-20T19:29:37.831-0300] {processor.py:925} INFO - DAG(s) 'example_sla_dag' retrieved from /mnt/c/Users/Pato_/OneDrive/Documentos/ITBA/PYTHON_DATA_APP/itba/lib/python3.10/site-packages/airflow/example_dags/example_sla_dag.py
[2024-10-20T19:29:37.846-0300] {logging_mixin.py:190} INFO - [2024-10-20T19:29:37.845-0300] {dag.py:3239} INFO - Sync 1 DAGs
[2024-10-20T19:29:37.868-0300] {logging_mixin.py:190} INFO - [2024-10-20T19:29:37.868-0300] {dag.py:4180} INFO - Setting next_dagrun for example_sla_dag to 2024-10-20 22:26:00+00:00, run_after=2024-10-20 22:28:00+00:00
[2024-10-20T19:29:37.898-0300] {processor.py:208} INFO - Processing /mnt/c/Users/Pato_/OneDrive/Documentos/ITBA/PYTHON_DATA_APP/itba/lib/python3.10/site-packages/airflow/example_dags/example_sla_dag.py took 0.124 seconds
[2024-10-20T19:30:49.974-0300] {processor.py:186} INFO - Started process (PID=316504) to work on /mnt/c/Users/Pato_/OneDrive/Documentos/ITBA/PYTHON_DATA_APP/itba/lib/python3.10/site-packages/airflow/example_dags/example_sla_dag.py
[2024-10-20T19:30:49.975-0300] {processor.py:914} INFO - Processing file /mnt/c/Users/Pato_/OneDrive/Documentos/ITBA/PYTHON_DATA_APP/itba/lib/python3.10/site-packages/airflow/example_dags/example_sla_dag.py for tasks to queue
[2024-10-20T19:30:49.977-0300] {logging_mixin.py:190} INFO - [2024-10-20T19:30:49.976-0300] {dagbag.py:588} INFO - Filling up the DagBag from /mnt/c/Users/Pato_/OneDrive/Documentos/ITBA/PYTHON_DATA_APP/itba/lib/python3.10/site-packages/airflow/example_dags/example_sla_dag.py
[2024-10-20T19:30:50.019-0300] {processor.py:925} INFO - DAG(s) 'example_sla_dag' retrieved from /mnt/c/Users/Pato_/OneDrive/Documentos/ITBA/PYTHON_DATA_APP/itba/lib/python3.10/site-packages/airflow/example_dags/example_sla_dag.py
[2024-10-20T19:30:50.035-0300] {logging_mixin.py:190} INFO - [2024-10-20T19:30:50.034-0300] {dag.py:3239} INFO - Sync 1 DAGs
[2024-10-20T19:30:50.058-0300] {logging_mixin.py:190} INFO - [2024-10-20T19:30:50.057-0300] {dag.py:4180} INFO - Setting next_dagrun for example_sla_dag to 2024-10-20 22:28:00+00:00, run_after=2024-10-20 22:30:00+00:00
[2024-10-20T19:30:50.089-0300] {processor.py:208} INFO - Processing /mnt/c/Users/Pato_/OneDrive/Documentos/ITBA/PYTHON_DATA_APP/itba/lib/python3.10/site-packages/airflow/example_dags/example_sla_dag.py took 0.121 seconds
[2024-10-20T19:31:55.973-0300] {processor.py:186} INFO - Started process (PID=317023) to work on /mnt/c/Users/Pato_/OneDrive/Documentos/ITBA/PYTHON_DATA_APP/itba/lib/python3.10/site-packages/airflow/example_dags/example_sla_dag.py
[2024-10-20T19:31:55.974-0300] {processor.py:914} INFO - Processing file /mnt/c/Users/Pato_/OneDrive/Documentos/ITBA/PYTHON_DATA_APP/itba/lib/python3.10/site-packages/airflow/example_dags/example_sla_dag.py for tasks to queue
[2024-10-20T19:31:55.976-0300] {logging_mixin.py:190} INFO - [2024-10-20T19:31:55.976-0300] {dagbag.py:588} INFO - Filling up the DagBag from /mnt/c/Users/Pato_/OneDrive/Documentos/ITBA/PYTHON_DATA_APP/itba/lib/python3.10/site-packages/airflow/example_dags/example_sla_dag.py
[2024-10-20T19:31:56.019-0300] {processor.py:925} INFO - DAG(s) 'example_sla_dag' retrieved from /mnt/c/Users/Pato_/OneDrive/Documentos/ITBA/PYTHON_DATA_APP/itba/lib/python3.10/site-packages/airflow/example_dags/example_sla_dag.py
[2024-10-20T19:31:56.033-0300] {logging_mixin.py:190} INFO - [2024-10-20T19:31:56.033-0300] {dag.py:3239} INFO - Sync 1 DAGs
[2024-10-20T19:31:56.054-0300] {logging_mixin.py:190} INFO - [2024-10-20T19:31:56.054-0300] {dag.py:4180} INFO - Setting next_dagrun for example_sla_dag to 2024-10-20 22:28:00+00:00, run_after=2024-10-20 22:30:00+00:00
[2024-10-20T19:31:56.082-0300] {processor.py:208} INFO - Processing /mnt/c/Users/Pato_/OneDrive/Documentos/ITBA/PYTHON_DATA_APP/itba/lib/python3.10/site-packages/airflow/example_dags/example_sla_dag.py took 0.116 seconds
[2024-10-20T19:33:02.867-0300] {processor.py:186} INFO - Started process (PID=317578) to work on /mnt/c/Users/Pato_/OneDrive/Documentos/ITBA/PYTHON_DATA_APP/itba/lib/python3.10/site-packages/airflow/example_dags/example_sla_dag.py
[2024-10-20T19:33:02.868-0300] {processor.py:914} INFO - Processing file /mnt/c/Users/Pato_/OneDrive/Documentos/ITBA/PYTHON_DATA_APP/itba/lib/python3.10/site-packages/airflow/example_dags/example_sla_dag.py for tasks to queue
[2024-10-20T19:33:02.870-0300] {logging_mixin.py:190} INFO - [2024-10-20T19:33:02.869-0300] {dagbag.py:588} INFO - Filling up the DagBag from /mnt/c/Users/Pato_/OneDrive/Documentos/ITBA/PYTHON_DATA_APP/itba/lib/python3.10/site-packages/airflow/example_dags/example_sla_dag.py
[2024-10-20T19:33:02.912-0300] {processor.py:925} INFO - DAG(s) 'example_sla_dag' retrieved from /mnt/c/Users/Pato_/OneDrive/Documentos/ITBA/PYTHON_DATA_APP/itba/lib/python3.10/site-packages/airflow/example_dags/example_sla_dag.py
[2024-10-20T19:33:02.926-0300] {logging_mixin.py:190} INFO - [2024-10-20T19:33:02.925-0300] {dag.py:3239} INFO - Sync 1 DAGs
[2024-10-20T19:33:02.949-0300] {logging_mixin.py:190} INFO - [2024-10-20T19:33:02.948-0300] {dag.py:4180} INFO - Setting next_dagrun for example_sla_dag to 2024-10-20 22:30:00+00:00, run_after=2024-10-20 22:32:00+00:00
[2024-10-20T19:33:02.982-0300] {processor.py:208} INFO - Processing /mnt/c/Users/Pato_/OneDrive/Documentos/ITBA/PYTHON_DATA_APP/itba/lib/python3.10/site-packages/airflow/example_dags/example_sla_dag.py took 0.122 seconds
[2024-10-20T19:34:09.181-0300] {processor.py:186} INFO - Started process (PID=318224) to work on /mnt/c/Users/Pato_/OneDrive/Documentos/ITBA/PYTHON_DATA_APP/itba/lib/python3.10/site-packages/airflow/example_dags/example_sla_dag.py
[2024-10-20T19:34:09.182-0300] {processor.py:914} INFO - Processing file /mnt/c/Users/Pato_/OneDrive/Documentos/ITBA/PYTHON_DATA_APP/itba/lib/python3.10/site-packages/airflow/example_dags/example_sla_dag.py for tasks to queue
[2024-10-20T19:34:09.185-0300] {logging_mixin.py:190} INFO - [2024-10-20T19:34:09.184-0300] {dagbag.py:588} INFO - Filling up the DagBag from /mnt/c/Users/Pato_/OneDrive/Documentos/ITBA/PYTHON_DATA_APP/itba/lib/python3.10/site-packages/airflow/example_dags/example_sla_dag.py
[2024-10-20T19:34:09.226-0300] {processor.py:925} INFO - DAG(s) 'example_sla_dag' retrieved from /mnt/c/Users/Pato_/OneDrive/Documentos/ITBA/PYTHON_DATA_APP/itba/lib/python3.10/site-packages/airflow/example_dags/example_sla_dag.py
[2024-10-20T19:34:09.240-0300] {logging_mixin.py:190} INFO - [2024-10-20T19:34:09.240-0300] {dag.py:3239} INFO - Sync 1 DAGs
[2024-10-20T19:34:09.262-0300] {logging_mixin.py:190} INFO - [2024-10-20T19:34:09.261-0300] {dag.py:4180} INFO - Setting next_dagrun for example_sla_dag to 2024-10-20 22:32:00+00:00, run_after=2024-10-20 22:34:00+00:00
[2024-10-20T19:34:09.292-0300] {processor.py:208} INFO - Processing /mnt/c/Users/Pato_/OneDrive/Documentos/ITBA/PYTHON_DATA_APP/itba/lib/python3.10/site-packages/airflow/example_dags/example_sla_dag.py took 0.117 seconds
[2024-10-20T19:35:18.583-0300] {processor.py:186} INFO - Started process (PID=319034) to work on /mnt/c/Users/Pato_/OneDrive/Documentos/ITBA/PYTHON_DATA_APP/itba/lib/python3.10/site-packages/airflow/example_dags/example_sla_dag.py
[2024-10-20T19:35:18.584-0300] {processor.py:914} INFO - Processing file /mnt/c/Users/Pato_/OneDrive/Documentos/ITBA/PYTHON_DATA_APP/itba/lib/python3.10/site-packages/airflow/example_dags/example_sla_dag.py for tasks to queue
[2024-10-20T19:35:18.586-0300] {logging_mixin.py:190} INFO - [2024-10-20T19:35:18.586-0300] {dagbag.py:588} INFO - Filling up the DagBag from /mnt/c/Users/Pato_/OneDrive/Documentos/ITBA/PYTHON_DATA_APP/itba/lib/python3.10/site-packages/airflow/example_dags/example_sla_dag.py
[2024-10-20T19:35:18.631-0300] {processor.py:925} INFO - DAG(s) 'example_sla_dag' retrieved from /mnt/c/Users/Pato_/OneDrive/Documentos/ITBA/PYTHON_DATA_APP/itba/lib/python3.10/site-packages/airflow/example_dags/example_sla_dag.py
[2024-10-20T19:35:18.646-0300] {logging_mixin.py:190} INFO - [2024-10-20T19:35:18.645-0300] {dag.py:3239} INFO - Sync 1 DAGs
[2024-10-20T19:35:18.667-0300] {logging_mixin.py:190} INFO - [2024-10-20T19:35:18.667-0300] {dag.py:4180} INFO - Setting next_dagrun for example_sla_dag to 2024-10-20 22:32:00+00:00, run_after=2024-10-20 22:34:00+00:00
[2024-10-20T19:35:18.696-0300] {processor.py:208} INFO - Processing /mnt/c/Users/Pato_/OneDrive/Documentos/ITBA/PYTHON_DATA_APP/itba/lib/python3.10/site-packages/airflow/example_dags/example_sla_dag.py took 0.120 seconds
[2024-10-20T19:36:29.189-0300] {processor.py:186} INFO - Started process (PID=319579) to work on /mnt/c/Users/Pato_/OneDrive/Documentos/ITBA/PYTHON_DATA_APP/itba/lib/python3.10/site-packages/airflow/example_dags/example_sla_dag.py
[2024-10-20T19:36:29.190-0300] {processor.py:914} INFO - Processing file /mnt/c/Users/Pato_/OneDrive/Documentos/ITBA/PYTHON_DATA_APP/itba/lib/python3.10/site-packages/airflow/example_dags/example_sla_dag.py for tasks to queue
[2024-10-20T19:36:29.192-0300] {logging_mixin.py:190} INFO - [2024-10-20T19:36:29.192-0300] {dagbag.py:588} INFO - Filling up the DagBag from /mnt/c/Users/Pato_/OneDrive/Documentos/ITBA/PYTHON_DATA_APP/itba/lib/python3.10/site-packages/airflow/example_dags/example_sla_dag.py
[2024-10-20T19:36:29.233-0300] {processor.py:925} INFO - DAG(s) 'example_sla_dag' retrieved from /mnt/c/Users/Pato_/OneDrive/Documentos/ITBA/PYTHON_DATA_APP/itba/lib/python3.10/site-packages/airflow/example_dags/example_sla_dag.py
[2024-10-20T19:36:29.249-0300] {logging_mixin.py:190} INFO - [2024-10-20T19:36:29.248-0300] {dag.py:3239} INFO - Sync 1 DAGs
[2024-10-20T19:36:29.269-0300] {logging_mixin.py:190} INFO - [2024-10-20T19:36:29.269-0300] {dag.py:4180} INFO - Setting next_dagrun for example_sla_dag to 2024-10-20 22:34:00+00:00, run_after=2024-10-20 22:36:00+00:00
[2024-10-20T19:36:29.300-0300] {processor.py:208} INFO - Processing /mnt/c/Users/Pato_/OneDrive/Documentos/ITBA/PYTHON_DATA_APP/itba/lib/python3.10/site-packages/airflow/example_dags/example_sla_dag.py took 0.118 seconds
[2024-10-20T19:37:36.720-0300] {processor.py:186} INFO - Started process (PID=320111) to work on /mnt/c/Users/Pato_/OneDrive/Documentos/ITBA/PYTHON_DATA_APP/itba/lib/python3.10/site-packages/airflow/example_dags/example_sla_dag.py
[2024-10-20T19:37:36.721-0300] {processor.py:914} INFO - Processing file /mnt/c/Users/Pato_/OneDrive/Documentos/ITBA/PYTHON_DATA_APP/itba/lib/python3.10/site-packages/airflow/example_dags/example_sla_dag.py for tasks to queue
[2024-10-20T19:37:36.724-0300] {logging_mixin.py:190} INFO - [2024-10-20T19:37:36.723-0300] {dagbag.py:588} INFO - Filling up the DagBag from /mnt/c/Users/Pato_/OneDrive/Documentos/ITBA/PYTHON_DATA_APP/itba/lib/python3.10/site-packages/airflow/example_dags/example_sla_dag.py
[2024-10-20T19:37:36.764-0300] {processor.py:925} INFO - DAG(s) 'example_sla_dag' retrieved from /mnt/c/Users/Pato_/OneDrive/Documentos/ITBA/PYTHON_DATA_APP/itba/lib/python3.10/site-packages/airflow/example_dags/example_sla_dag.py
[2024-10-20T19:37:36.780-0300] {logging_mixin.py:190} INFO - [2024-10-20T19:37:36.780-0300] {dag.py:3239} INFO - Sync 1 DAGs
[2024-10-20T19:37:36.801-0300] {logging_mixin.py:190} INFO - [2024-10-20T19:37:36.800-0300] {dag.py:4180} INFO - Setting next_dagrun for example_sla_dag to 2024-10-20 22:34:00+00:00, run_after=2024-10-20 22:36:00+00:00
[2024-10-20T19:37:36.829-0300] {processor.py:208} INFO - Processing /mnt/c/Users/Pato_/OneDrive/Documentos/ITBA/PYTHON_DATA_APP/itba/lib/python3.10/site-packages/airflow/example_dags/example_sla_dag.py took 0.115 seconds
[2024-10-20T19:38:41.001-0300] {processor.py:186} INFO - Started process (PID=320611) to work on /mnt/c/Users/Pato_/OneDrive/Documentos/ITBA/PYTHON_DATA_APP/itba/lib/python3.10/site-packages/airflow/example_dags/example_sla_dag.py
[2024-10-20T19:38:41.002-0300] {processor.py:914} INFO - Processing file /mnt/c/Users/Pato_/OneDrive/Documentos/ITBA/PYTHON_DATA_APP/itba/lib/python3.10/site-packages/airflow/example_dags/example_sla_dag.py for tasks to queue
[2024-10-20T19:38:41.004-0300] {logging_mixin.py:190} INFO - [2024-10-20T19:38:41.004-0300] {dagbag.py:588} INFO - Filling up the DagBag from /mnt/c/Users/Pato_/OneDrive/Documentos/ITBA/PYTHON_DATA_APP/itba/lib/python3.10/site-packages/airflow/example_dags/example_sla_dag.py
[2024-10-20T19:38:41.058-0300] {processor.py:925} INFO - DAG(s) 'example_sla_dag' retrieved from /mnt/c/Users/Pato_/OneDrive/Documentos/ITBA/PYTHON_DATA_APP/itba/lib/python3.10/site-packages/airflow/example_dags/example_sla_dag.py
[2024-10-20T19:38:41.074-0300] {logging_mixin.py:190} INFO - [2024-10-20T19:38:41.073-0300] {dag.py:3239} INFO - Sync 1 DAGs
[2024-10-20T19:38:41.098-0300] {logging_mixin.py:190} INFO - [2024-10-20T19:38:41.097-0300] {dag.py:4180} INFO - Setting next_dagrun for example_sla_dag to 2024-10-20 22:36:00+00:00, run_after=2024-10-20 22:38:00+00:00
[2024-10-20T19:38:41.136-0300] {processor.py:208} INFO - Processing /mnt/c/Users/Pato_/OneDrive/Documentos/ITBA/PYTHON_DATA_APP/itba/lib/python3.10/site-packages/airflow/example_dags/example_sla_dag.py took 0.144 seconds
[2024-10-20T19:39:49.472-0300] {processor.py:186} INFO - Started process (PID=321236) to work on /mnt/c/Users/Pato_/OneDrive/Documentos/ITBA/PYTHON_DATA_APP/itba/lib/python3.10/site-packages/airflow/example_dags/example_sla_dag.py
[2024-10-20T19:39:49.473-0300] {processor.py:914} INFO - Processing file /mnt/c/Users/Pato_/OneDrive/Documentos/ITBA/PYTHON_DATA_APP/itba/lib/python3.10/site-packages/airflow/example_dags/example_sla_dag.py for tasks to queue
[2024-10-20T19:39:49.475-0300] {logging_mixin.py:190} INFO - [2024-10-20T19:39:49.475-0300] {dagbag.py:588} INFO - Filling up the DagBag from /mnt/c/Users/Pato_/OneDrive/Documentos/ITBA/PYTHON_DATA_APP/itba/lib/python3.10/site-packages/airflow/example_dags/example_sla_dag.py
[2024-10-20T19:39:49.519-0300] {processor.py:925} INFO - DAG(s) 'example_sla_dag' retrieved from /mnt/c/Users/Pato_/OneDrive/Documentos/ITBA/PYTHON_DATA_APP/itba/lib/python3.10/site-packages/airflow/example_dags/example_sla_dag.py
[2024-10-20T19:39:49.534-0300] {logging_mixin.py:190} INFO - [2024-10-20T19:39:49.534-0300] {dag.py:3239} INFO - Sync 1 DAGs
[2024-10-20T19:39:49.556-0300] {logging_mixin.py:190} INFO - [2024-10-20T19:39:49.556-0300] {dag.py:4180} INFO - Setting next_dagrun for example_sla_dag to 2024-10-20 22:36:00+00:00, run_after=2024-10-20 22:38:00+00:00
[2024-10-20T19:39:49.585-0300] {processor.py:208} INFO - Processing /mnt/c/Users/Pato_/OneDrive/Documentos/ITBA/PYTHON_DATA_APP/itba/lib/python3.10/site-packages/airflow/example_dags/example_sla_dag.py took 0.120 seconds
[2024-10-20T19:40:53.746-0300] {processor.py:186} INFO - Started process (PID=322037) to work on /mnt/c/Users/Pato_/OneDrive/Documentos/ITBA/PYTHON_DATA_APP/itba/lib/python3.10/site-packages/airflow/example_dags/example_sla_dag.py
[2024-10-20T19:40:53.747-0300] {processor.py:914} INFO - Processing file /mnt/c/Users/Pato_/OneDrive/Documentos/ITBA/PYTHON_DATA_APP/itba/lib/python3.10/site-packages/airflow/example_dags/example_sla_dag.py for tasks to queue
[2024-10-20T19:40:53.749-0300] {logging_mixin.py:190} INFO - [2024-10-20T19:40:53.748-0300] {dagbag.py:588} INFO - Filling up the DagBag from /mnt/c/Users/Pato_/OneDrive/Documentos/ITBA/PYTHON_DATA_APP/itba/lib/python3.10/site-packages/airflow/example_dags/example_sla_dag.py
[2024-10-20T19:40:53.791-0300] {processor.py:925} INFO - DAG(s) 'example_sla_dag' retrieved from /mnt/c/Users/Pato_/OneDrive/Documentos/ITBA/PYTHON_DATA_APP/itba/lib/python3.10/site-packages/airflow/example_dags/example_sla_dag.py
[2024-10-20T19:40:53.805-0300] {logging_mixin.py:190} INFO - [2024-10-20T19:40:53.805-0300] {dag.py:3239} INFO - Sync 1 DAGs
[2024-10-20T19:40:53.827-0300] {logging_mixin.py:190} INFO - [2024-10-20T19:40:53.826-0300] {dag.py:4180} INFO - Setting next_dagrun for example_sla_dag to 2024-10-20 22:38:00+00:00, run_after=2024-10-20 22:40:00+00:00
[2024-10-20T19:40:53.855-0300] {processor.py:208} INFO - Processing /mnt/c/Users/Pato_/OneDrive/Documentos/ITBA/PYTHON_DATA_APP/itba/lib/python3.10/site-packages/airflow/example_dags/example_sla_dag.py took 0.116 seconds
[2024-10-20T19:42:01.751-0300] {processor.py:186} INFO - Started process (PID=322565) to work on /mnt/c/Users/Pato_/OneDrive/Documentos/ITBA/PYTHON_DATA_APP/itba/lib/python3.10/site-packages/airflow/example_dags/example_sla_dag.py
[2024-10-20T19:42:01.752-0300] {processor.py:914} INFO - Processing file /mnt/c/Users/Pato_/OneDrive/Documentos/ITBA/PYTHON_DATA_APP/itba/lib/python3.10/site-packages/airflow/example_dags/example_sla_dag.py for tasks to queue
[2024-10-20T19:42:01.755-0300] {logging_mixin.py:190} INFO - [2024-10-20T19:42:01.754-0300] {dagbag.py:588} INFO - Filling up the DagBag from /mnt/c/Users/Pato_/OneDrive/Documentos/ITBA/PYTHON_DATA_APP/itba/lib/python3.10/site-packages/airflow/example_dags/example_sla_dag.py
[2024-10-20T19:42:01.801-0300] {processor.py:925} INFO - DAG(s) 'example_sla_dag' retrieved from /mnt/c/Users/Pato_/OneDrive/Documentos/ITBA/PYTHON_DATA_APP/itba/lib/python3.10/site-packages/airflow/example_dags/example_sla_dag.py
[2024-10-20T19:42:01.817-0300] {logging_mixin.py:190} INFO - [2024-10-20T19:42:01.816-0300] {dag.py:3239} INFO - Sync 1 DAGs
[2024-10-20T19:42:01.838-0300] {logging_mixin.py:190} INFO - [2024-10-20T19:42:01.838-0300] {dag.py:4180} INFO - Setting next_dagrun for example_sla_dag to 2024-10-20 22:40:00+00:00, run_after=2024-10-20 22:42:00+00:00
[2024-10-20T19:42:01.869-0300] {processor.py:208} INFO - Processing /mnt/c/Users/Pato_/OneDrive/Documentos/ITBA/PYTHON_DATA_APP/itba/lib/python3.10/site-packages/airflow/example_dags/example_sla_dag.py took 0.125 seconds
