[2024-10-20T19:02:17.617-0300] {processor.py:186} INFO - Started process (PID=299719) to work on /mnt/c/Users/Pato_/OneDrive/Documentos/ITBA/PYTHON_DATA_APP/itba/lib/python3.10/site-packages/airflow/example_dags/example_bash_operator.py
[2024-10-20T19:02:17.618-0300] {processor.py:914} INFO - Processing file /mnt/c/Users/Pato_/OneDrive/Documentos/ITBA/PYTHON_DATA_APP/itba/lib/python3.10/site-packages/airflow/example_dags/example_bash_operator.py for tasks to queue
[2024-10-20T19:02:17.620-0300] {logging_mixin.py:190} INFO - [2024-10-20T19:02:17.619-0300] {dagbag.py:588} INFO - Filling up the DagBag from /mnt/c/Users/Pato_/OneDrive/Documentos/ITBA/PYTHON_DATA_APP/itba/lib/python3.10/site-packages/airflow/example_dags/example_bash_operator.py
[2024-10-20T19:02:17.673-0300] {processor.py:925} INFO - DAG(s) 'example_bash_operator' retrieved from /mnt/c/Users/Pato_/OneDrive/Documentos/ITBA/PYTHON_DATA_APP/itba/lib/python3.10/site-packages/airflow/example_dags/example_bash_operator.py
[2024-10-20T19:02:18.436-0300] {logging_mixin.py:190} INFO - [2024-10-20T19:02:18.435-0300] {override.py:1907} INFO - Created Permission View: can read on DAG:example_bash_operator
[2024-10-20T19:02:18.460-0300] {logging_mixin.py:190} INFO - [2024-10-20T19:02:18.459-0300] {override.py:1907} INFO - Created Permission View: can delete on DAG:example_bash_operator
[2024-10-20T19:02:18.480-0300] {logging_mixin.py:190} INFO - [2024-10-20T19:02:18.479-0300] {override.py:1907} INFO - Created Permission View: can edit on DAG:example_bash_operator
[2024-10-20T19:02:18.511-0300] {logging_mixin.py:190} INFO - [2024-10-20T19:02:18.510-0300] {override.py:1907} INFO - Created Permission View: can read on DAG Run:example_bash_operator
[2024-10-20T19:02:18.530-0300] {logging_mixin.py:190} INFO - [2024-10-20T19:02:18.529-0300] {override.py:1907} INFO - Created Permission View: can delete on DAG Run:example_bash_operator
[2024-10-20T19:02:18.549-0300] {logging_mixin.py:190} INFO - [2024-10-20T19:02:18.548-0300] {override.py:1907} INFO - Created Permission View: can create on DAG Run:example_bash_operator
[2024-10-20T19:02:18.570-0300] {logging_mixin.py:190} INFO - [2024-10-20T19:02:18.569-0300] {override.py:1907} INFO - Created Permission View: menu access on DAG Run:example_bash_operator
[2024-10-20T19:02:18.571-0300] {logging_mixin.py:190} INFO - [2024-10-20T19:02:18.570-0300] {dag.py:3239} INFO - Sync 1 DAGs
[2024-10-20T19:02:18.582-0300] {logging_mixin.py:190} INFO - [2024-10-20T19:02:18.582-0300] {dag.py:3262} INFO - Creating ORM DAG for example_bash_operator
[2024-10-20T19:02:18.590-0300] {logging_mixin.py:190} INFO - [2024-10-20T19:02:18.589-0300] {dag.py:4180} INFO - Setting next_dagrun for example_bash_operator to 2024-10-19 00:00:00+00:00, run_after=2024-10-20 00:00:00+00:00
[2024-10-20T19:02:18.624-0300] {processor.py:208} INFO - Processing /mnt/c/Users/Pato_/OneDrive/Documentos/ITBA/PYTHON_DATA_APP/itba/lib/python3.10/site-packages/airflow/example_dags/example_bash_operator.py took 1.015 seconds
[2024-10-20T19:03:47.782-0300] {processor.py:186} INFO - Started process (PID=300426) to work on /mnt/c/Users/Pato_/OneDrive/Documentos/ITBA/PYTHON_DATA_APP/itba/lib/python3.10/site-packages/airflow/example_dags/example_bash_operator.py
[2024-10-20T19:03:47.783-0300] {processor.py:914} INFO - Processing file /mnt/c/Users/Pato_/OneDrive/Documentos/ITBA/PYTHON_DATA_APP/itba/lib/python3.10/site-packages/airflow/example_dags/example_bash_operator.py for tasks to queue
[2024-10-20T19:03:47.785-0300] {logging_mixin.py:190} INFO - [2024-10-20T19:03:47.785-0300] {dagbag.py:588} INFO - Filling up the DagBag from /mnt/c/Users/Pato_/OneDrive/Documentos/ITBA/PYTHON_DATA_APP/itba/lib/python3.10/site-packages/airflow/example_dags/example_bash_operator.py
[2024-10-20T19:03:47.831-0300] {processor.py:925} INFO - DAG(s) 'example_bash_operator' retrieved from /mnt/c/Users/Pato_/OneDrive/Documentos/ITBA/PYTHON_DATA_APP/itba/lib/python3.10/site-packages/airflow/example_dags/example_bash_operator.py
[2024-10-20T19:03:47.851-0300] {logging_mixin.py:190} INFO - [2024-10-20T19:03:47.850-0300] {dag.py:3239} INFO - Sync 1 DAGs
[2024-10-20T19:03:47.867-0300] {logging_mixin.py:190} INFO - [2024-10-20T19:03:47.866-0300] {dag.py:4180} INFO - Setting next_dagrun for example_bash_operator to 2024-10-19 00:00:00+00:00, run_after=2024-10-20 00:00:00+00:00
[2024-10-20T19:03:47.897-0300] {processor.py:208} INFO - Processing /mnt/c/Users/Pato_/OneDrive/Documentos/ITBA/PYTHON_DATA_APP/itba/lib/python3.10/site-packages/airflow/example_dags/example_bash_operator.py took 0.122 seconds
[2024-10-20T19:04:58.888-0300] {processor.py:186} INFO - Started process (PID=301232) to work on /mnt/c/Users/Pato_/OneDrive/Documentos/ITBA/PYTHON_DATA_APP/itba/lib/python3.10/site-packages/airflow/example_dags/example_bash_operator.py
[2024-10-20T19:04:58.889-0300] {processor.py:914} INFO - Processing file /mnt/c/Users/Pato_/OneDrive/Documentos/ITBA/PYTHON_DATA_APP/itba/lib/python3.10/site-packages/airflow/example_dags/example_bash_operator.py for tasks to queue
[2024-10-20T19:04:58.891-0300] {logging_mixin.py:190} INFO - [2024-10-20T19:04:58.890-0300] {dagbag.py:588} INFO - Filling up the DagBag from /mnt/c/Users/Pato_/OneDrive/Documentos/ITBA/PYTHON_DATA_APP/itba/lib/python3.10/site-packages/airflow/example_dags/example_bash_operator.py
[2024-10-20T19:04:58.936-0300] {processor.py:925} INFO - DAG(s) 'example_bash_operator' retrieved from /mnt/c/Users/Pato_/OneDrive/Documentos/ITBA/PYTHON_DATA_APP/itba/lib/python3.10/site-packages/airflow/example_dags/example_bash_operator.py
[2024-10-20T19:04:58.954-0300] {logging_mixin.py:190} INFO - [2024-10-20T19:04:58.953-0300] {dag.py:3239} INFO - Sync 1 DAGs
[2024-10-20T19:04:58.968-0300] {logging_mixin.py:190} INFO - [2024-10-20T19:04:58.967-0300] {dag.py:4180} INFO - Setting next_dagrun for example_bash_operator to 2024-10-19 00:00:00+00:00, run_after=2024-10-20 00:00:00+00:00
[2024-10-20T19:04:58.996-0300] {processor.py:208} INFO - Processing /mnt/c/Users/Pato_/OneDrive/Documentos/ITBA/PYTHON_DATA_APP/itba/lib/python3.10/site-packages/airflow/example_dags/example_bash_operator.py took 0.115 seconds
[2024-10-20T19:07:35.926-0300] {processor.py:186} INFO - Started process (PID=303379) to work on /mnt/c/Users/Pato_/OneDrive/Documentos/ITBA/PYTHON_DATA_APP/itba/lib/python3.10/site-packages/airflow/example_dags/example_bash_operator.py
[2024-10-20T19:07:35.927-0300] {processor.py:914} INFO - Processing file /mnt/c/Users/Pato_/OneDrive/Documentos/ITBA/PYTHON_DATA_APP/itba/lib/python3.10/site-packages/airflow/example_dags/example_bash_operator.py for tasks to queue
[2024-10-20T19:07:35.929-0300] {logging_mixin.py:190} INFO - [2024-10-20T19:07:35.928-0300] {dagbag.py:588} INFO - Filling up the DagBag from /mnt/c/Users/Pato_/OneDrive/Documentos/ITBA/PYTHON_DATA_APP/itba/lib/python3.10/site-packages/airflow/example_dags/example_bash_operator.py
[2024-10-20T19:07:35.973-0300] {processor.py:925} INFO - DAG(s) 'example_bash_operator' retrieved from /mnt/c/Users/Pato_/OneDrive/Documentos/ITBA/PYTHON_DATA_APP/itba/lib/python3.10/site-packages/airflow/example_dags/example_bash_operator.py
[2024-10-20T19:07:35.991-0300] {logging_mixin.py:190} INFO - [2024-10-20T19:07:35.990-0300] {dag.py:3239} INFO - Sync 1 DAGs
[2024-10-20T19:07:36.005-0300] {logging_mixin.py:190} INFO - [2024-10-20T19:07:36.005-0300] {dag.py:4180} INFO - Setting next_dagrun for example_bash_operator to 2024-10-19 00:00:00+00:00, run_after=2024-10-20 00:00:00+00:00
[2024-10-20T19:07:36.034-0300] {processor.py:208} INFO - Processing /mnt/c/Users/Pato_/OneDrive/Documentos/ITBA/PYTHON_DATA_APP/itba/lib/python3.10/site-packages/airflow/example_dags/example_bash_operator.py took 0.115 seconds
[2024-10-20T19:09:02.462-0300] {processor.py:186} INFO - Started process (PID=304062) to work on /mnt/c/Users/Pato_/OneDrive/Documentos/ITBA/PYTHON_DATA_APP/itba/lib/python3.10/site-packages/airflow/example_dags/example_bash_operator.py
[2024-10-20T19:09:02.463-0300] {processor.py:914} INFO - Processing file /mnt/c/Users/Pato_/OneDrive/Documentos/ITBA/PYTHON_DATA_APP/itba/lib/python3.10/site-packages/airflow/example_dags/example_bash_operator.py for tasks to queue
[2024-10-20T19:09:02.465-0300] {logging_mixin.py:190} INFO - [2024-10-20T19:09:02.464-0300] {dagbag.py:588} INFO - Filling up the DagBag from /mnt/c/Users/Pato_/OneDrive/Documentos/ITBA/PYTHON_DATA_APP/itba/lib/python3.10/site-packages/airflow/example_dags/example_bash_operator.py
[2024-10-20T19:09:02.509-0300] {processor.py:925} INFO - DAG(s) 'example_bash_operator' retrieved from /mnt/c/Users/Pato_/OneDrive/Documentos/ITBA/PYTHON_DATA_APP/itba/lib/python3.10/site-packages/airflow/example_dags/example_bash_operator.py
[2024-10-20T19:09:02.528-0300] {logging_mixin.py:190} INFO - [2024-10-20T19:09:02.527-0300] {dag.py:3239} INFO - Sync 1 DAGs
[2024-10-20T19:09:02.543-0300] {logging_mixin.py:190} INFO - [2024-10-20T19:09:02.543-0300] {dag.py:4180} INFO - Setting next_dagrun for example_bash_operator to 2024-10-19 00:00:00+00:00, run_after=2024-10-20 00:00:00+00:00
[2024-10-20T19:09:02.573-0300] {processor.py:208} INFO - Processing /mnt/c/Users/Pato_/OneDrive/Documentos/ITBA/PYTHON_DATA_APP/itba/lib/python3.10/site-packages/airflow/example_dags/example_bash_operator.py took 0.118 seconds
[2024-10-20T19:10:05.573-0300] {processor.py:186} INFO - Started process (PID=304643) to work on /mnt/c/Users/Pato_/OneDrive/Documentos/ITBA/PYTHON_DATA_APP/itba/lib/python3.10/site-packages/airflow/example_dags/example_bash_operator.py
[2024-10-20T19:10:05.574-0300] {processor.py:914} INFO - Processing file /mnt/c/Users/Pato_/OneDrive/Documentos/ITBA/PYTHON_DATA_APP/itba/lib/python3.10/site-packages/airflow/example_dags/example_bash_operator.py for tasks to queue
[2024-10-20T19:10:05.575-0300] {logging_mixin.py:190} INFO - [2024-10-20T19:10:05.575-0300] {dagbag.py:588} INFO - Filling up the DagBag from /mnt/c/Users/Pato_/OneDrive/Documentos/ITBA/PYTHON_DATA_APP/itba/lib/python3.10/site-packages/airflow/example_dags/example_bash_operator.py
[2024-10-20T19:10:05.619-0300] {processor.py:925} INFO - DAG(s) 'example_bash_operator' retrieved from /mnt/c/Users/Pato_/OneDrive/Documentos/ITBA/PYTHON_DATA_APP/itba/lib/python3.10/site-packages/airflow/example_dags/example_bash_operator.py
[2024-10-20T19:10:05.638-0300] {logging_mixin.py:190} INFO - [2024-10-20T19:10:05.638-0300] {dag.py:3239} INFO - Sync 1 DAGs
[2024-10-20T19:10:05.653-0300] {logging_mixin.py:190} INFO - [2024-10-20T19:10:05.652-0300] {dag.py:4180} INFO - Setting next_dagrun for example_bash_operator to 2024-10-19 00:00:00+00:00, run_after=2024-10-20 00:00:00+00:00
[2024-10-20T19:10:05.682-0300] {processor.py:208} INFO - Processing /mnt/c/Users/Pato_/OneDrive/Documentos/ITBA/PYTHON_DATA_APP/itba/lib/python3.10/site-packages/airflow/example_dags/example_bash_operator.py took 0.116 seconds
[2024-10-20T19:11:13.194-0300] {processor.py:186} INFO - Started process (PID=305170) to work on /mnt/c/Users/Pato_/OneDrive/Documentos/ITBA/PYTHON_DATA_APP/itba/lib/python3.10/site-packages/airflow/example_dags/example_bash_operator.py
[2024-10-20T19:11:13.195-0300] {processor.py:914} INFO - Processing file /mnt/c/Users/Pato_/OneDrive/Documentos/ITBA/PYTHON_DATA_APP/itba/lib/python3.10/site-packages/airflow/example_dags/example_bash_operator.py for tasks to queue
[2024-10-20T19:11:13.198-0300] {logging_mixin.py:190} INFO - [2024-10-20T19:11:13.197-0300] {dagbag.py:588} INFO - Filling up the DagBag from /mnt/c/Users/Pato_/OneDrive/Documentos/ITBA/PYTHON_DATA_APP/itba/lib/python3.10/site-packages/airflow/example_dags/example_bash_operator.py
[2024-10-20T19:11:13.242-0300] {processor.py:925} INFO - DAG(s) 'example_bash_operator' retrieved from /mnt/c/Users/Pato_/OneDrive/Documentos/ITBA/PYTHON_DATA_APP/itba/lib/python3.10/site-packages/airflow/example_dags/example_bash_operator.py
[2024-10-20T19:11:13.261-0300] {logging_mixin.py:190} INFO - [2024-10-20T19:11:13.260-0300] {dag.py:3239} INFO - Sync 1 DAGs
[2024-10-20T19:11:13.275-0300] {logging_mixin.py:190} INFO - [2024-10-20T19:11:13.274-0300] {dag.py:4180} INFO - Setting next_dagrun for example_bash_operator to 2024-10-19 00:00:00+00:00, run_after=2024-10-20 00:00:00+00:00
[2024-10-20T19:11:13.304-0300] {processor.py:208} INFO - Processing /mnt/c/Users/Pato_/OneDrive/Documentos/ITBA/PYTHON_DATA_APP/itba/lib/python3.10/site-packages/airflow/example_dags/example_bash_operator.py took 0.117 seconds
[2024-10-20T19:12:23.273-0300] {processor.py:186} INFO - Started process (PID=305719) to work on /mnt/c/Users/Pato_/OneDrive/Documentos/ITBA/PYTHON_DATA_APP/itba/lib/python3.10/site-packages/airflow/example_dags/example_bash_operator.py
[2024-10-20T19:12:23.274-0300] {processor.py:914} INFO - Processing file /mnt/c/Users/Pato_/OneDrive/Documentos/ITBA/PYTHON_DATA_APP/itba/lib/python3.10/site-packages/airflow/example_dags/example_bash_operator.py for tasks to queue
[2024-10-20T19:12:23.276-0300] {logging_mixin.py:190} INFO - [2024-10-20T19:12:23.276-0300] {dagbag.py:588} INFO - Filling up the DagBag from /mnt/c/Users/Pato_/OneDrive/Documentos/ITBA/PYTHON_DATA_APP/itba/lib/python3.10/site-packages/airflow/example_dags/example_bash_operator.py
[2024-10-20T19:12:23.321-0300] {processor.py:925} INFO - DAG(s) 'example_bash_operator' retrieved from /mnt/c/Users/Pato_/OneDrive/Documentos/ITBA/PYTHON_DATA_APP/itba/lib/python3.10/site-packages/airflow/example_dags/example_bash_operator.py
[2024-10-20T19:12:23.341-0300] {logging_mixin.py:190} INFO - [2024-10-20T19:12:23.340-0300] {dag.py:3239} INFO - Sync 1 DAGs
[2024-10-20T19:12:23.355-0300] {logging_mixin.py:190} INFO - [2024-10-20T19:12:23.355-0300] {dag.py:4180} INFO - Setting next_dagrun for example_bash_operator to 2024-10-19 00:00:00+00:00, run_after=2024-10-20 00:00:00+00:00
[2024-10-20T19:12:23.384-0300] {processor.py:208} INFO - Processing /mnt/c/Users/Pato_/OneDrive/Documentos/ITBA/PYTHON_DATA_APP/itba/lib/python3.10/site-packages/airflow/example_dags/example_bash_operator.py took 0.117 seconds
[2024-10-20T19:13:27.215-0300] {processor.py:186} INFO - Started process (PID=306218) to work on /mnt/c/Users/Pato_/OneDrive/Documentos/ITBA/PYTHON_DATA_APP/itba/lib/python3.10/site-packages/airflow/example_dags/example_bash_operator.py
[2024-10-20T19:13:27.216-0300] {processor.py:914} INFO - Processing file /mnt/c/Users/Pato_/OneDrive/Documentos/ITBA/PYTHON_DATA_APP/itba/lib/python3.10/site-packages/airflow/example_dags/example_bash_operator.py for tasks to queue
[2024-10-20T19:13:27.218-0300] {logging_mixin.py:190} INFO - [2024-10-20T19:13:27.218-0300] {dagbag.py:588} INFO - Filling up the DagBag from /mnt/c/Users/Pato_/OneDrive/Documentos/ITBA/PYTHON_DATA_APP/itba/lib/python3.10/site-packages/airflow/example_dags/example_bash_operator.py
[2024-10-20T19:13:27.261-0300] {processor.py:925} INFO - DAG(s) 'example_bash_operator' retrieved from /mnt/c/Users/Pato_/OneDrive/Documentos/ITBA/PYTHON_DATA_APP/itba/lib/python3.10/site-packages/airflow/example_dags/example_bash_operator.py
[2024-10-20T19:13:27.279-0300] {logging_mixin.py:190} INFO - [2024-10-20T19:13:27.279-0300] {dag.py:3239} INFO - Sync 1 DAGs
[2024-10-20T19:13:27.294-0300] {logging_mixin.py:190} INFO - [2024-10-20T19:13:27.293-0300] {dag.py:4180} INFO - Setting next_dagrun for example_bash_operator to 2024-10-19 00:00:00+00:00, run_after=2024-10-20 00:00:00+00:00
[2024-10-20T19:13:27.322-0300] {processor.py:208} INFO - Processing /mnt/c/Users/Pato_/OneDrive/Documentos/ITBA/PYTHON_DATA_APP/itba/lib/python3.10/site-packages/airflow/example_dags/example_bash_operator.py took 0.114 seconds
[2024-10-20T19:14:34.347-0300] {processor.py:186} INFO - Started process (PID=306740) to work on /mnt/c/Users/Pato_/OneDrive/Documentos/ITBA/PYTHON_DATA_APP/itba/lib/python3.10/site-packages/airflow/example_dags/example_bash_operator.py
[2024-10-20T19:14:34.348-0300] {processor.py:914} INFO - Processing file /mnt/c/Users/Pato_/OneDrive/Documentos/ITBA/PYTHON_DATA_APP/itba/lib/python3.10/site-packages/airflow/example_dags/example_bash_operator.py for tasks to queue
[2024-10-20T19:14:34.350-0300] {logging_mixin.py:190} INFO - [2024-10-20T19:14:34.349-0300] {dagbag.py:588} INFO - Filling up the DagBag from /mnt/c/Users/Pato_/OneDrive/Documentos/ITBA/PYTHON_DATA_APP/itba/lib/python3.10/site-packages/airflow/example_dags/example_bash_operator.py
[2024-10-20T19:14:34.393-0300] {processor.py:925} INFO - DAG(s) 'example_bash_operator' retrieved from /mnt/c/Users/Pato_/OneDrive/Documentos/ITBA/PYTHON_DATA_APP/itba/lib/python3.10/site-packages/airflow/example_dags/example_bash_operator.py
[2024-10-20T19:14:34.411-0300] {logging_mixin.py:190} INFO - [2024-10-20T19:14:34.411-0300] {dag.py:3239} INFO - Sync 1 DAGs
[2024-10-20T19:14:34.426-0300] {logging_mixin.py:190} INFO - [2024-10-20T19:14:34.425-0300] {dag.py:4180} INFO - Setting next_dagrun for example_bash_operator to 2024-10-19 00:00:00+00:00, run_after=2024-10-20 00:00:00+00:00
[2024-10-20T19:14:34.454-0300] {processor.py:208} INFO - Processing /mnt/c/Users/Pato_/OneDrive/Documentos/ITBA/PYTHON_DATA_APP/itba/lib/python3.10/site-packages/airflow/example_dags/example_bash_operator.py took 0.114 seconds
[2024-10-20T19:15:44.406-0300] {processor.py:186} INFO - Started process (PID=307317) to work on /mnt/c/Users/Pato_/OneDrive/Documentos/ITBA/PYTHON_DATA_APP/itba/lib/python3.10/site-packages/airflow/example_dags/example_bash_operator.py
[2024-10-20T19:15:44.407-0300] {processor.py:914} INFO - Processing file /mnt/c/Users/Pato_/OneDrive/Documentos/ITBA/PYTHON_DATA_APP/itba/lib/python3.10/site-packages/airflow/example_dags/example_bash_operator.py for tasks to queue
[2024-10-20T19:15:44.409-0300] {logging_mixin.py:190} INFO - [2024-10-20T19:15:44.409-0300] {dagbag.py:588} INFO - Filling up the DagBag from /mnt/c/Users/Pato_/OneDrive/Documentos/ITBA/PYTHON_DATA_APP/itba/lib/python3.10/site-packages/airflow/example_dags/example_bash_operator.py
[2024-10-20T19:15:44.452-0300] {processor.py:925} INFO - DAG(s) 'example_bash_operator' retrieved from /mnt/c/Users/Pato_/OneDrive/Documentos/ITBA/PYTHON_DATA_APP/itba/lib/python3.10/site-packages/airflow/example_dags/example_bash_operator.py
[2024-10-20T19:15:44.470-0300] {logging_mixin.py:190} INFO - [2024-10-20T19:15:44.469-0300] {dag.py:3239} INFO - Sync 1 DAGs
[2024-10-20T19:15:44.485-0300] {logging_mixin.py:190} INFO - [2024-10-20T19:15:44.484-0300] {dag.py:4180} INFO - Setting next_dagrun for example_bash_operator to 2024-10-19 00:00:00+00:00, run_after=2024-10-20 00:00:00+00:00
[2024-10-20T19:15:44.513-0300] {processor.py:208} INFO - Processing /mnt/c/Users/Pato_/OneDrive/Documentos/ITBA/PYTHON_DATA_APP/itba/lib/python3.10/site-packages/airflow/example_dags/example_bash_operator.py took 0.113 seconds
[2024-10-20T19:16:52.182-0300] {processor.py:186} INFO - Started process (PID=307844) to work on /mnt/c/Users/Pato_/OneDrive/Documentos/ITBA/PYTHON_DATA_APP/itba/lib/python3.10/site-packages/airflow/example_dags/example_bash_operator.py
[2024-10-20T19:16:52.183-0300] {processor.py:914} INFO - Processing file /mnt/c/Users/Pato_/OneDrive/Documentos/ITBA/PYTHON_DATA_APP/itba/lib/python3.10/site-packages/airflow/example_dags/example_bash_operator.py for tasks to queue
[2024-10-20T19:16:52.185-0300] {logging_mixin.py:190} INFO - [2024-10-20T19:16:52.184-0300] {dagbag.py:588} INFO - Filling up the DagBag from /mnt/c/Users/Pato_/OneDrive/Documentos/ITBA/PYTHON_DATA_APP/itba/lib/python3.10/site-packages/airflow/example_dags/example_bash_operator.py
[2024-10-20T19:16:52.228-0300] {processor.py:925} INFO - DAG(s) 'example_bash_operator' retrieved from /mnt/c/Users/Pato_/OneDrive/Documentos/ITBA/PYTHON_DATA_APP/itba/lib/python3.10/site-packages/airflow/example_dags/example_bash_operator.py
[2024-10-20T19:16:52.246-0300] {logging_mixin.py:190} INFO - [2024-10-20T19:16:52.246-0300] {dag.py:3239} INFO - Sync 1 DAGs
[2024-10-20T19:16:52.260-0300] {logging_mixin.py:190} INFO - [2024-10-20T19:16:52.260-0300] {dag.py:4180} INFO - Setting next_dagrun for example_bash_operator to 2024-10-19 00:00:00+00:00, run_after=2024-10-20 00:00:00+00:00
[2024-10-20T19:16:52.288-0300] {processor.py:208} INFO - Processing /mnt/c/Users/Pato_/OneDrive/Documentos/ITBA/PYTHON_DATA_APP/itba/lib/python3.10/site-packages/airflow/example_dags/example_bash_operator.py took 0.113 seconds
[2024-10-20T19:18:08.184-0300] {processor.py:186} INFO - Started process (PID=308439) to work on /mnt/c/Users/Pato_/OneDrive/Documentos/ITBA/PYTHON_DATA_APP/itba/lib/python3.10/site-packages/airflow/example_dags/example_bash_operator.py
[2024-10-20T19:18:08.185-0300] {processor.py:914} INFO - Processing file /mnt/c/Users/Pato_/OneDrive/Documentos/ITBA/PYTHON_DATA_APP/itba/lib/python3.10/site-packages/airflow/example_dags/example_bash_operator.py for tasks to queue
[2024-10-20T19:18:08.187-0300] {logging_mixin.py:190} INFO - [2024-10-20T19:18:08.187-0300] {dagbag.py:588} INFO - Filling up the DagBag from /mnt/c/Users/Pato_/OneDrive/Documentos/ITBA/PYTHON_DATA_APP/itba/lib/python3.10/site-packages/airflow/example_dags/example_bash_operator.py
[2024-10-20T19:18:08.230-0300] {processor.py:925} INFO - DAG(s) 'example_bash_operator' retrieved from /mnt/c/Users/Pato_/OneDrive/Documentos/ITBA/PYTHON_DATA_APP/itba/lib/python3.10/site-packages/airflow/example_dags/example_bash_operator.py
[2024-10-20T19:18:08.248-0300] {logging_mixin.py:190} INFO - [2024-10-20T19:18:08.248-0300] {dag.py:3239} INFO - Sync 1 DAGs
[2024-10-20T19:18:08.262-0300] {logging_mixin.py:190} INFO - [2024-10-20T19:18:08.262-0300] {dag.py:4180} INFO - Setting next_dagrun for example_bash_operator to 2024-10-19 00:00:00+00:00, run_after=2024-10-20 00:00:00+00:00
[2024-10-20T19:18:08.291-0300] {processor.py:208} INFO - Processing /mnt/c/Users/Pato_/OneDrive/Documentos/ITBA/PYTHON_DATA_APP/itba/lib/python3.10/site-packages/airflow/example_dags/example_bash_operator.py took 0.114 seconds
[2024-10-20T19:19:19.337-0300] {processor.py:186} INFO - Started process (PID=308992) to work on /mnt/c/Users/Pato_/OneDrive/Documentos/ITBA/PYTHON_DATA_APP/itba/lib/python3.10/site-packages/airflow/example_dags/example_bash_operator.py
[2024-10-20T19:19:19.338-0300] {processor.py:914} INFO - Processing file /mnt/c/Users/Pato_/OneDrive/Documentos/ITBA/PYTHON_DATA_APP/itba/lib/python3.10/site-packages/airflow/example_dags/example_bash_operator.py for tasks to queue
[2024-10-20T19:19:19.340-0300] {logging_mixin.py:190} INFO - [2024-10-20T19:19:19.339-0300] {dagbag.py:588} INFO - Filling up the DagBag from /mnt/c/Users/Pato_/OneDrive/Documentos/ITBA/PYTHON_DATA_APP/itba/lib/python3.10/site-packages/airflow/example_dags/example_bash_operator.py
[2024-10-20T19:19:19.383-0300] {processor.py:925} INFO - DAG(s) 'example_bash_operator' retrieved from /mnt/c/Users/Pato_/OneDrive/Documentos/ITBA/PYTHON_DATA_APP/itba/lib/python3.10/site-packages/airflow/example_dags/example_bash_operator.py
[2024-10-20T19:19:19.402-0300] {logging_mixin.py:190} INFO - [2024-10-20T19:19:19.401-0300] {dag.py:3239} INFO - Sync 1 DAGs
[2024-10-20T19:19:19.416-0300] {logging_mixin.py:190} INFO - [2024-10-20T19:19:19.416-0300] {dag.py:4180} INFO - Setting next_dagrun for example_bash_operator to 2024-10-19 00:00:00+00:00, run_after=2024-10-20 00:00:00+00:00
[2024-10-20T19:19:19.445-0300] {processor.py:208} INFO - Processing /mnt/c/Users/Pato_/OneDrive/Documentos/ITBA/PYTHON_DATA_APP/itba/lib/python3.10/site-packages/airflow/example_dags/example_bash_operator.py took 0.115 seconds
[2024-10-20T19:20:28.634-0300] {processor.py:186} INFO - Started process (PID=309562) to work on /mnt/c/Users/Pato_/OneDrive/Documentos/ITBA/PYTHON_DATA_APP/itba/lib/python3.10/site-packages/airflow/example_dags/example_bash_operator.py
[2024-10-20T19:20:28.635-0300] {processor.py:914} INFO - Processing file /mnt/c/Users/Pato_/OneDrive/Documentos/ITBA/PYTHON_DATA_APP/itba/lib/python3.10/site-packages/airflow/example_dags/example_bash_operator.py for tasks to queue
[2024-10-20T19:20:28.637-0300] {logging_mixin.py:190} INFO - [2024-10-20T19:20:28.636-0300] {dagbag.py:588} INFO - Filling up the DagBag from /mnt/c/Users/Pato_/OneDrive/Documentos/ITBA/PYTHON_DATA_APP/itba/lib/python3.10/site-packages/airflow/example_dags/example_bash_operator.py
[2024-10-20T19:20:28.681-0300] {processor.py:925} INFO - DAG(s) 'example_bash_operator' retrieved from /mnt/c/Users/Pato_/OneDrive/Documentos/ITBA/PYTHON_DATA_APP/itba/lib/python3.10/site-packages/airflow/example_dags/example_bash_operator.py
[2024-10-20T19:20:28.701-0300] {logging_mixin.py:190} INFO - [2024-10-20T19:20:28.700-0300] {dag.py:3239} INFO - Sync 1 DAGs
[2024-10-20T19:20:28.716-0300] {logging_mixin.py:190} INFO - [2024-10-20T19:20:28.716-0300] {dag.py:4180} INFO - Setting next_dagrun for example_bash_operator to 2024-10-19 00:00:00+00:00, run_after=2024-10-20 00:00:00+00:00
[2024-10-20T19:20:28.744-0300] {processor.py:208} INFO - Processing /mnt/c/Users/Pato_/OneDrive/Documentos/ITBA/PYTHON_DATA_APP/itba/lib/python3.10/site-packages/airflow/example_dags/example_bash_operator.py took 0.117 seconds
[2024-10-20T19:21:38.186-0300] {processor.py:186} INFO - Started process (PID=310169) to work on /mnt/c/Users/Pato_/OneDrive/Documentos/ITBA/PYTHON_DATA_APP/itba/lib/python3.10/site-packages/airflow/example_dags/example_bash_operator.py
[2024-10-20T19:21:38.187-0300] {processor.py:914} INFO - Processing file /mnt/c/Users/Pato_/OneDrive/Documentos/ITBA/PYTHON_DATA_APP/itba/lib/python3.10/site-packages/airflow/example_dags/example_bash_operator.py for tasks to queue
[2024-10-20T19:21:38.189-0300] {logging_mixin.py:190} INFO - [2024-10-20T19:21:38.188-0300] {dagbag.py:588} INFO - Filling up the DagBag from /mnt/c/Users/Pato_/OneDrive/Documentos/ITBA/PYTHON_DATA_APP/itba/lib/python3.10/site-packages/airflow/example_dags/example_bash_operator.py
[2024-10-20T19:21:38.232-0300] {processor.py:925} INFO - DAG(s) 'example_bash_operator' retrieved from /mnt/c/Users/Pato_/OneDrive/Documentos/ITBA/PYTHON_DATA_APP/itba/lib/python3.10/site-packages/airflow/example_dags/example_bash_operator.py
[2024-10-20T19:21:38.250-0300] {logging_mixin.py:190} INFO - [2024-10-20T19:21:38.249-0300] {dag.py:3239} INFO - Sync 1 DAGs
[2024-10-20T19:21:38.264-0300] {logging_mixin.py:190} INFO - [2024-10-20T19:21:38.263-0300] {dag.py:4180} INFO - Setting next_dagrun for example_bash_operator to 2024-10-19 00:00:00+00:00, run_after=2024-10-20 00:00:00+00:00
[2024-10-20T19:21:38.292-0300] {processor.py:208} INFO - Processing /mnt/c/Users/Pato_/OneDrive/Documentos/ITBA/PYTHON_DATA_APP/itba/lib/python3.10/site-packages/airflow/example_dags/example_bash_operator.py took 0.112 seconds
[2024-10-20T19:22:44.158-0300] {processor.py:186} INFO - Started process (PID=310773) to work on /mnt/c/Users/Pato_/OneDrive/Documentos/ITBA/PYTHON_DATA_APP/itba/lib/python3.10/site-packages/airflow/example_dags/example_bash_operator.py
[2024-10-20T19:22:44.159-0300] {processor.py:914} INFO - Processing file /mnt/c/Users/Pato_/OneDrive/Documentos/ITBA/PYTHON_DATA_APP/itba/lib/python3.10/site-packages/airflow/example_dags/example_bash_operator.py for tasks to queue
[2024-10-20T19:22:44.160-0300] {logging_mixin.py:190} INFO - [2024-10-20T19:22:44.160-0300] {dagbag.py:588} INFO - Filling up the DagBag from /mnt/c/Users/Pato_/OneDrive/Documentos/ITBA/PYTHON_DATA_APP/itba/lib/python3.10/site-packages/airflow/example_dags/example_bash_operator.py
[2024-10-20T19:22:44.204-0300] {processor.py:925} INFO - DAG(s) 'example_bash_operator' retrieved from /mnt/c/Users/Pato_/OneDrive/Documentos/ITBA/PYTHON_DATA_APP/itba/lib/python3.10/site-packages/airflow/example_dags/example_bash_operator.py
[2024-10-20T19:22:44.223-0300] {logging_mixin.py:190} INFO - [2024-10-20T19:22:44.223-0300] {dag.py:3239} INFO - Sync 1 DAGs
[2024-10-20T19:22:44.238-0300] {logging_mixin.py:190} INFO - [2024-10-20T19:22:44.237-0300] {dag.py:4180} INFO - Setting next_dagrun for example_bash_operator to 2024-10-19 00:00:00+00:00, run_after=2024-10-20 00:00:00+00:00
[2024-10-20T19:22:44.266-0300] {processor.py:208} INFO - Processing /mnt/c/Users/Pato_/OneDrive/Documentos/ITBA/PYTHON_DATA_APP/itba/lib/python3.10/site-packages/airflow/example_dags/example_bash_operator.py took 0.115 seconds
[2024-10-20T19:24:15.735-0300] {processor.py:186} INFO - Started process (PID=312023) to work on /mnt/c/Users/Pato_/OneDrive/Documentos/ITBA/PYTHON_DATA_APP/itba/lib/python3.10/site-packages/airflow/example_dags/example_bash_operator.py
[2024-10-20T19:24:15.736-0300] {processor.py:914} INFO - Processing file /mnt/c/Users/Pato_/OneDrive/Documentos/ITBA/PYTHON_DATA_APP/itba/lib/python3.10/site-packages/airflow/example_dags/example_bash_operator.py for tasks to queue
[2024-10-20T19:24:15.738-0300] {logging_mixin.py:190} INFO - [2024-10-20T19:24:15.738-0300] {dagbag.py:588} INFO - Filling up the DagBag from /mnt/c/Users/Pato_/OneDrive/Documentos/ITBA/PYTHON_DATA_APP/itba/lib/python3.10/site-packages/airflow/example_dags/example_bash_operator.py
[2024-10-20T19:24:15.781-0300] {processor.py:925} INFO - DAG(s) 'example_bash_operator' retrieved from /mnt/c/Users/Pato_/OneDrive/Documentos/ITBA/PYTHON_DATA_APP/itba/lib/python3.10/site-packages/airflow/example_dags/example_bash_operator.py
[2024-10-20T19:24:15.801-0300] {logging_mixin.py:190} INFO - [2024-10-20T19:24:15.800-0300] {dag.py:3239} INFO - Sync 1 DAGs
[2024-10-20T19:24:15.816-0300] {logging_mixin.py:190} INFO - [2024-10-20T19:24:15.816-0300] {dag.py:4180} INFO - Setting next_dagrun for example_bash_operator to 2024-10-19 00:00:00+00:00, run_after=2024-10-20 00:00:00+00:00
[2024-10-20T19:24:15.845-0300] {processor.py:208} INFO - Processing /mnt/c/Users/Pato_/OneDrive/Documentos/ITBA/PYTHON_DATA_APP/itba/lib/python3.10/site-packages/airflow/example_dags/example_bash_operator.py took 0.116 seconds
[2024-10-20T19:27:00.366-0300] {processor.py:186} INFO - Started process (PID=314009) to work on /mnt/c/Users/Pato_/OneDrive/Documentos/ITBA/PYTHON_DATA_APP/itba/lib/python3.10/site-packages/airflow/example_dags/example_bash_operator.py
[2024-10-20T19:27:00.367-0300] {processor.py:914} INFO - Processing file /mnt/c/Users/Pato_/OneDrive/Documentos/ITBA/PYTHON_DATA_APP/itba/lib/python3.10/site-packages/airflow/example_dags/example_bash_operator.py for tasks to queue
[2024-10-20T19:27:00.369-0300] {logging_mixin.py:190} INFO - [2024-10-20T19:27:00.368-0300] {dagbag.py:588} INFO - Filling up the DagBag from /mnt/c/Users/Pato_/OneDrive/Documentos/ITBA/PYTHON_DATA_APP/itba/lib/python3.10/site-packages/airflow/example_dags/example_bash_operator.py
[2024-10-20T19:27:00.421-0300] {processor.py:925} INFO - DAG(s) 'example_bash_operator' retrieved from /mnt/c/Users/Pato_/OneDrive/Documentos/ITBA/PYTHON_DATA_APP/itba/lib/python3.10/site-packages/airflow/example_dags/example_bash_operator.py
[2024-10-20T19:27:00.443-0300] {logging_mixin.py:190} INFO - [2024-10-20T19:27:00.443-0300] {dag.py:3239} INFO - Sync 1 DAGs
[2024-10-20T19:27:00.459-0300] {logging_mixin.py:190} INFO - [2024-10-20T19:27:00.458-0300] {dag.py:4180} INFO - Setting next_dagrun for example_bash_operator to 2024-10-19 00:00:00+00:00, run_after=2024-10-20 00:00:00+00:00
[2024-10-20T19:27:00.492-0300] {processor.py:208} INFO - Processing /mnt/c/Users/Pato_/OneDrive/Documentos/ITBA/PYTHON_DATA_APP/itba/lib/python3.10/site-packages/airflow/example_dags/example_bash_operator.py took 0.134 seconds
[2024-10-20T19:28:11.414-0300] {processor.py:186} INFO - Started process (PID=314956) to work on /mnt/c/Users/Pato_/OneDrive/Documentos/ITBA/PYTHON_DATA_APP/itba/lib/python3.10/site-packages/airflow/example_dags/example_bash_operator.py
[2024-10-20T19:28:11.415-0300] {processor.py:914} INFO - Processing file /mnt/c/Users/Pato_/OneDrive/Documentos/ITBA/PYTHON_DATA_APP/itba/lib/python3.10/site-packages/airflow/example_dags/example_bash_operator.py for tasks to queue
[2024-10-20T19:28:11.417-0300] {logging_mixin.py:190} INFO - [2024-10-20T19:28:11.417-0300] {dagbag.py:588} INFO - Filling up the DagBag from /mnt/c/Users/Pato_/OneDrive/Documentos/ITBA/PYTHON_DATA_APP/itba/lib/python3.10/site-packages/airflow/example_dags/example_bash_operator.py
[2024-10-20T19:28:11.462-0300] {processor.py:925} INFO - DAG(s) 'example_bash_operator' retrieved from /mnt/c/Users/Pato_/OneDrive/Documentos/ITBA/PYTHON_DATA_APP/itba/lib/python3.10/site-packages/airflow/example_dags/example_bash_operator.py
[2024-10-20T19:28:11.479-0300] {logging_mixin.py:190} INFO - [2024-10-20T19:28:11.479-0300] {dag.py:3239} INFO - Sync 1 DAGs
[2024-10-20T19:28:11.493-0300] {logging_mixin.py:190} INFO - [2024-10-20T19:28:11.493-0300] {dag.py:4180} INFO - Setting next_dagrun for example_bash_operator to 2024-10-19 00:00:00+00:00, run_after=2024-10-20 00:00:00+00:00
[2024-10-20T19:28:11.523-0300] {processor.py:208} INFO - Processing /mnt/c/Users/Pato_/OneDrive/Documentos/ITBA/PYTHON_DATA_APP/itba/lib/python3.10/site-packages/airflow/example_dags/example_bash_operator.py took 0.115 seconds
[2024-10-20T19:29:17.148-0300] {processor.py:186} INFO - Started process (PID=315651) to work on /mnt/c/Users/Pato_/OneDrive/Documentos/ITBA/PYTHON_DATA_APP/itba/lib/python3.10/site-packages/airflow/example_dags/example_bash_operator.py
[2024-10-20T19:29:17.148-0300] {processor.py:914} INFO - Processing file /mnt/c/Users/Pato_/OneDrive/Documentos/ITBA/PYTHON_DATA_APP/itba/lib/python3.10/site-packages/airflow/example_dags/example_bash_operator.py for tasks to queue
[2024-10-20T19:29:17.150-0300] {logging_mixin.py:190} INFO - [2024-10-20T19:29:17.150-0300] {dagbag.py:588} INFO - Filling up the DagBag from /mnt/c/Users/Pato_/OneDrive/Documentos/ITBA/PYTHON_DATA_APP/itba/lib/python3.10/site-packages/airflow/example_dags/example_bash_operator.py
[2024-10-20T19:29:17.195-0300] {processor.py:925} INFO - DAG(s) 'example_bash_operator' retrieved from /mnt/c/Users/Pato_/OneDrive/Documentos/ITBA/PYTHON_DATA_APP/itba/lib/python3.10/site-packages/airflow/example_dags/example_bash_operator.py
[2024-10-20T19:29:17.213-0300] {logging_mixin.py:190} INFO - [2024-10-20T19:29:17.213-0300] {dag.py:3239} INFO - Sync 1 DAGs
[2024-10-20T19:29:17.228-0300] {logging_mixin.py:190} INFO - [2024-10-20T19:29:17.227-0300] {dag.py:4180} INFO - Setting next_dagrun for example_bash_operator to 2024-10-19 00:00:00+00:00, run_after=2024-10-20 00:00:00+00:00
[2024-10-20T19:29:17.257-0300] {processor.py:208} INFO - Processing /mnt/c/Users/Pato_/OneDrive/Documentos/ITBA/PYTHON_DATA_APP/itba/lib/python3.10/site-packages/airflow/example_dags/example_bash_operator.py took 0.116 seconds
[2024-10-20T19:30:29.398-0300] {processor.py:186} INFO - Started process (PID=316344) to work on /mnt/c/Users/Pato_/OneDrive/Documentos/ITBA/PYTHON_DATA_APP/itba/lib/python3.10/site-packages/airflow/example_dags/example_bash_operator.py
[2024-10-20T19:30:29.399-0300] {processor.py:914} INFO - Processing file /mnt/c/Users/Pato_/OneDrive/Documentos/ITBA/PYTHON_DATA_APP/itba/lib/python3.10/site-packages/airflow/example_dags/example_bash_operator.py for tasks to queue
[2024-10-20T19:30:29.401-0300] {logging_mixin.py:190} INFO - [2024-10-20T19:30:29.400-0300] {dagbag.py:588} INFO - Filling up the DagBag from /mnt/c/Users/Pato_/OneDrive/Documentos/ITBA/PYTHON_DATA_APP/itba/lib/python3.10/site-packages/airflow/example_dags/example_bash_operator.py
[2024-10-20T19:30:29.444-0300] {processor.py:925} INFO - DAG(s) 'example_bash_operator' retrieved from /mnt/c/Users/Pato_/OneDrive/Documentos/ITBA/PYTHON_DATA_APP/itba/lib/python3.10/site-packages/airflow/example_dags/example_bash_operator.py
[2024-10-20T19:30:29.464-0300] {logging_mixin.py:190} INFO - [2024-10-20T19:30:29.464-0300] {dag.py:3239} INFO - Sync 1 DAGs
[2024-10-20T19:30:29.480-0300] {logging_mixin.py:190} INFO - [2024-10-20T19:30:29.479-0300] {dag.py:4180} INFO - Setting next_dagrun for example_bash_operator to 2024-10-19 00:00:00+00:00, run_after=2024-10-20 00:00:00+00:00
[2024-10-20T19:30:29.508-0300] {processor.py:208} INFO - Processing /mnt/c/Users/Pato_/OneDrive/Documentos/ITBA/PYTHON_DATA_APP/itba/lib/python3.10/site-packages/airflow/example_dags/example_bash_operator.py took 0.117 seconds
[2024-10-20T19:31:35.062-0300] {processor.py:186} INFO - Started process (PID=316861) to work on /mnt/c/Users/Pato_/OneDrive/Documentos/ITBA/PYTHON_DATA_APP/itba/lib/python3.10/site-packages/airflow/example_dags/example_bash_operator.py
[2024-10-20T19:31:35.063-0300] {processor.py:914} INFO - Processing file /mnt/c/Users/Pato_/OneDrive/Documentos/ITBA/PYTHON_DATA_APP/itba/lib/python3.10/site-packages/airflow/example_dags/example_bash_operator.py for tasks to queue
[2024-10-20T19:31:35.065-0300] {logging_mixin.py:190} INFO - [2024-10-20T19:31:35.064-0300] {dagbag.py:588} INFO - Filling up the DagBag from /mnt/c/Users/Pato_/OneDrive/Documentos/ITBA/PYTHON_DATA_APP/itba/lib/python3.10/site-packages/airflow/example_dags/example_bash_operator.py
[2024-10-20T19:31:35.110-0300] {processor.py:925} INFO - DAG(s) 'example_bash_operator' retrieved from /mnt/c/Users/Pato_/OneDrive/Documentos/ITBA/PYTHON_DATA_APP/itba/lib/python3.10/site-packages/airflow/example_dags/example_bash_operator.py
[2024-10-20T19:31:35.129-0300] {logging_mixin.py:190} INFO - [2024-10-20T19:31:35.128-0300] {dag.py:3239} INFO - Sync 1 DAGs
[2024-10-20T19:31:35.143-0300] {logging_mixin.py:190} INFO - [2024-10-20T19:31:35.143-0300] {dag.py:4180} INFO - Setting next_dagrun for example_bash_operator to 2024-10-19 00:00:00+00:00, run_after=2024-10-20 00:00:00+00:00
[2024-10-20T19:31:35.173-0300] {processor.py:208} INFO - Processing /mnt/c/Users/Pato_/OneDrive/Documentos/ITBA/PYTHON_DATA_APP/itba/lib/python3.10/site-packages/airflow/example_dags/example_bash_operator.py took 0.118 seconds
[2024-10-20T19:32:43.602-0300] {processor.py:186} INFO - Started process (PID=317392) to work on /mnt/c/Users/Pato_/OneDrive/Documentos/ITBA/PYTHON_DATA_APP/itba/lib/python3.10/site-packages/airflow/example_dags/example_bash_operator.py
[2024-10-20T19:32:43.603-0300] {processor.py:914} INFO - Processing file /mnt/c/Users/Pato_/OneDrive/Documentos/ITBA/PYTHON_DATA_APP/itba/lib/python3.10/site-packages/airflow/example_dags/example_bash_operator.py for tasks to queue
[2024-10-20T19:32:43.605-0300] {logging_mixin.py:190} INFO - [2024-10-20T19:32:43.605-0300] {dagbag.py:588} INFO - Filling up the DagBag from /mnt/c/Users/Pato_/OneDrive/Documentos/ITBA/PYTHON_DATA_APP/itba/lib/python3.10/site-packages/airflow/example_dags/example_bash_operator.py
[2024-10-20T19:32:43.651-0300] {processor.py:925} INFO - DAG(s) 'example_bash_operator' retrieved from /mnt/c/Users/Pato_/OneDrive/Documentos/ITBA/PYTHON_DATA_APP/itba/lib/python3.10/site-packages/airflow/example_dags/example_bash_operator.py
[2024-10-20T19:32:43.670-0300] {logging_mixin.py:190} INFO - [2024-10-20T19:32:43.670-0300] {dag.py:3239} INFO - Sync 1 DAGs
[2024-10-20T19:32:43.685-0300] {logging_mixin.py:190} INFO - [2024-10-20T19:32:43.684-0300] {dag.py:4180} INFO - Setting next_dagrun for example_bash_operator to 2024-10-19 00:00:00+00:00, run_after=2024-10-20 00:00:00+00:00
[2024-10-20T19:32:43.713-0300] {processor.py:208} INFO - Processing /mnt/c/Users/Pato_/OneDrive/Documentos/ITBA/PYTHON_DATA_APP/itba/lib/python3.10/site-packages/airflow/example_dags/example_bash_operator.py took 0.118 seconds
[2024-10-20T19:33:49.907-0300] {processor.py:186} INFO - Started process (PID=318050) to work on /mnt/c/Users/Pato_/OneDrive/Documentos/ITBA/PYTHON_DATA_APP/itba/lib/python3.10/site-packages/airflow/example_dags/example_bash_operator.py
[2024-10-20T19:33:49.908-0300] {processor.py:914} INFO - Processing file /mnt/c/Users/Pato_/OneDrive/Documentos/ITBA/PYTHON_DATA_APP/itba/lib/python3.10/site-packages/airflow/example_dags/example_bash_operator.py for tasks to queue
[2024-10-20T19:33:49.910-0300] {logging_mixin.py:190} INFO - [2024-10-20T19:33:49.909-0300] {dagbag.py:588} INFO - Filling up the DagBag from /mnt/c/Users/Pato_/OneDrive/Documentos/ITBA/PYTHON_DATA_APP/itba/lib/python3.10/site-packages/airflow/example_dags/example_bash_operator.py
[2024-10-20T19:33:49.953-0300] {processor.py:925} INFO - DAG(s) 'example_bash_operator' retrieved from /mnt/c/Users/Pato_/OneDrive/Documentos/ITBA/PYTHON_DATA_APP/itba/lib/python3.10/site-packages/airflow/example_dags/example_bash_operator.py
[2024-10-20T19:33:49.972-0300] {logging_mixin.py:190} INFO - [2024-10-20T19:33:49.971-0300] {dag.py:3239} INFO - Sync 1 DAGs
[2024-10-20T19:33:49.986-0300] {logging_mixin.py:190} INFO - [2024-10-20T19:33:49.985-0300] {dag.py:4180} INFO - Setting next_dagrun for example_bash_operator to 2024-10-19 00:00:00+00:00, run_after=2024-10-20 00:00:00+00:00
[2024-10-20T19:33:50.013-0300] {processor.py:208} INFO - Processing /mnt/c/Users/Pato_/OneDrive/Documentos/ITBA/PYTHON_DATA_APP/itba/lib/python3.10/site-packages/airflow/example_dags/example_bash_operator.py took 0.113 seconds
[2024-10-20T19:34:58.490-0300] {processor.py:186} INFO - Started process (PID=318810) to work on /mnt/c/Users/Pato_/OneDrive/Documentos/ITBA/PYTHON_DATA_APP/itba/lib/python3.10/site-packages/airflow/example_dags/example_bash_operator.py
[2024-10-20T19:34:58.491-0300] {processor.py:914} INFO - Processing file /mnt/c/Users/Pato_/OneDrive/Documentos/ITBA/PYTHON_DATA_APP/itba/lib/python3.10/site-packages/airflow/example_dags/example_bash_operator.py for tasks to queue
[2024-10-20T19:34:58.493-0300] {logging_mixin.py:190} INFO - [2024-10-20T19:34:58.492-0300] {dagbag.py:588} INFO - Filling up the DagBag from /mnt/c/Users/Pato_/OneDrive/Documentos/ITBA/PYTHON_DATA_APP/itba/lib/python3.10/site-packages/airflow/example_dags/example_bash_operator.py
[2024-10-20T19:34:58.536-0300] {processor.py:925} INFO - DAG(s) 'example_bash_operator' retrieved from /mnt/c/Users/Pato_/OneDrive/Documentos/ITBA/PYTHON_DATA_APP/itba/lib/python3.10/site-packages/airflow/example_dags/example_bash_operator.py
[2024-10-20T19:34:58.556-0300] {logging_mixin.py:190} INFO - [2024-10-20T19:34:58.555-0300] {dag.py:3239} INFO - Sync 1 DAGs
[2024-10-20T19:34:58.570-0300] {logging_mixin.py:190} INFO - [2024-10-20T19:34:58.569-0300] {dag.py:4180} INFO - Setting next_dagrun for example_bash_operator to 2024-10-19 00:00:00+00:00, run_after=2024-10-20 00:00:00+00:00
[2024-10-20T19:34:58.599-0300] {processor.py:208} INFO - Processing /mnt/c/Users/Pato_/OneDrive/Documentos/ITBA/PYTHON_DATA_APP/itba/lib/python3.10/site-packages/airflow/example_dags/example_bash_operator.py took 0.116 seconds
[2024-10-20T19:36:07.371-0300] {processor.py:186} INFO - Started process (PID=319414) to work on /mnt/c/Users/Pato_/OneDrive/Documentos/ITBA/PYTHON_DATA_APP/itba/lib/python3.10/site-packages/airflow/example_dags/example_bash_operator.py
[2024-10-20T19:36:07.372-0300] {processor.py:914} INFO - Processing file /mnt/c/Users/Pato_/OneDrive/Documentos/ITBA/PYTHON_DATA_APP/itba/lib/python3.10/site-packages/airflow/example_dags/example_bash_operator.py for tasks to queue
[2024-10-20T19:36:07.374-0300] {logging_mixin.py:190} INFO - [2024-10-20T19:36:07.374-0300] {dagbag.py:588} INFO - Filling up the DagBag from /mnt/c/Users/Pato_/OneDrive/Documentos/ITBA/PYTHON_DATA_APP/itba/lib/python3.10/site-packages/airflow/example_dags/example_bash_operator.py
[2024-10-20T19:36:07.424-0300] {processor.py:925} INFO - DAG(s) 'example_bash_operator' retrieved from /mnt/c/Users/Pato_/OneDrive/Documentos/ITBA/PYTHON_DATA_APP/itba/lib/python3.10/site-packages/airflow/example_dags/example_bash_operator.py
[2024-10-20T19:36:07.444-0300] {logging_mixin.py:190} INFO - [2024-10-20T19:36:07.444-0300] {dag.py:3239} INFO - Sync 1 DAGs
[2024-10-20T19:36:07.460-0300] {logging_mixin.py:190} INFO - [2024-10-20T19:36:07.459-0300] {dag.py:4180} INFO - Setting next_dagrun for example_bash_operator to 2024-10-19 00:00:00+00:00, run_after=2024-10-20 00:00:00+00:00
[2024-10-20T19:36:07.489-0300] {processor.py:208} INFO - Processing /mnt/c/Users/Pato_/OneDrive/Documentos/ITBA/PYTHON_DATA_APP/itba/lib/python3.10/site-packages/airflow/example_dags/example_bash_operator.py took 0.126 seconds
[2024-10-20T19:37:16.824-0300] {processor.py:186} INFO - Started process (PID=319954) to work on /mnt/c/Users/Pato_/OneDrive/Documentos/ITBA/PYTHON_DATA_APP/itba/lib/python3.10/site-packages/airflow/example_dags/example_bash_operator.py
[2024-10-20T19:37:16.825-0300] {processor.py:914} INFO - Processing file /mnt/c/Users/Pato_/OneDrive/Documentos/ITBA/PYTHON_DATA_APP/itba/lib/python3.10/site-packages/airflow/example_dags/example_bash_operator.py for tasks to queue
[2024-10-20T19:37:16.827-0300] {logging_mixin.py:190} INFO - [2024-10-20T19:37:16.826-0300] {dagbag.py:588} INFO - Filling up the DagBag from /mnt/c/Users/Pato_/OneDrive/Documentos/ITBA/PYTHON_DATA_APP/itba/lib/python3.10/site-packages/airflow/example_dags/example_bash_operator.py
[2024-10-20T19:37:16.872-0300] {processor.py:925} INFO - DAG(s) 'example_bash_operator' retrieved from /mnt/c/Users/Pato_/OneDrive/Documentos/ITBA/PYTHON_DATA_APP/itba/lib/python3.10/site-packages/airflow/example_dags/example_bash_operator.py
[2024-10-20T19:37:16.890-0300] {logging_mixin.py:190} INFO - [2024-10-20T19:37:16.890-0300] {dag.py:3239} INFO - Sync 1 DAGs
[2024-10-20T19:37:16.904-0300] {logging_mixin.py:190} INFO - [2024-10-20T19:37:16.904-0300] {dag.py:4180} INFO - Setting next_dagrun for example_bash_operator to 2024-10-19 00:00:00+00:00, run_after=2024-10-20 00:00:00+00:00
[2024-10-20T19:37:16.933-0300] {processor.py:208} INFO - Processing /mnt/c/Users/Pato_/OneDrive/Documentos/ITBA/PYTHON_DATA_APP/itba/lib/python3.10/site-packages/airflow/example_dags/example_bash_operator.py took 0.115 seconds
[2024-10-20T19:38:22.984-0300] {processor.py:186} INFO - Started process (PID=320468) to work on /mnt/c/Users/Pato_/OneDrive/Documentos/ITBA/PYTHON_DATA_APP/itba/lib/python3.10/site-packages/airflow/example_dags/example_bash_operator.py
[2024-10-20T19:38:22.985-0300] {processor.py:914} INFO - Processing file /mnt/c/Users/Pato_/OneDrive/Documentos/ITBA/PYTHON_DATA_APP/itba/lib/python3.10/site-packages/airflow/example_dags/example_bash_operator.py for tasks to queue
[2024-10-20T19:38:22.986-0300] {logging_mixin.py:190} INFO - [2024-10-20T19:38:22.986-0300] {dagbag.py:588} INFO - Filling up the DagBag from /mnt/c/Users/Pato_/OneDrive/Documentos/ITBA/PYTHON_DATA_APP/itba/lib/python3.10/site-packages/airflow/example_dags/example_bash_operator.py
[2024-10-20T19:38:23.030-0300] {processor.py:925} INFO - DAG(s) 'example_bash_operator' retrieved from /mnt/c/Users/Pato_/OneDrive/Documentos/ITBA/PYTHON_DATA_APP/itba/lib/python3.10/site-packages/airflow/example_dags/example_bash_operator.py
[2024-10-20T19:38:23.048-0300] {logging_mixin.py:190} INFO - [2024-10-20T19:38:23.048-0300] {dag.py:3239} INFO - Sync 1 DAGs
[2024-10-20T19:38:23.063-0300] {logging_mixin.py:190} INFO - [2024-10-20T19:38:23.062-0300] {dag.py:4180} INFO - Setting next_dagrun for example_bash_operator to 2024-10-19 00:00:00+00:00, run_after=2024-10-20 00:00:00+00:00
[2024-10-20T19:38:23.091-0300] {processor.py:208} INFO - Processing /mnt/c/Users/Pato_/OneDrive/Documentos/ITBA/PYTHON_DATA_APP/itba/lib/python3.10/site-packages/airflow/example_dags/example_bash_operator.py took 0.115 seconds
[2024-10-20T19:39:28.631-0300] {processor.py:186} INFO - Started process (PID=320986) to work on /mnt/c/Users/Pato_/OneDrive/Documentos/ITBA/PYTHON_DATA_APP/itba/lib/python3.10/site-packages/airflow/example_dags/example_bash_operator.py
[2024-10-20T19:39:28.632-0300] {processor.py:914} INFO - Processing file /mnt/c/Users/Pato_/OneDrive/Documentos/ITBA/PYTHON_DATA_APP/itba/lib/python3.10/site-packages/airflow/example_dags/example_bash_operator.py for tasks to queue
[2024-10-20T19:39:28.634-0300] {logging_mixin.py:190} INFO - [2024-10-20T19:39:28.633-0300] {dagbag.py:588} INFO - Filling up the DagBag from /mnt/c/Users/Pato_/OneDrive/Documentos/ITBA/PYTHON_DATA_APP/itba/lib/python3.10/site-packages/airflow/example_dags/example_bash_operator.py
[2024-10-20T19:39:28.680-0300] {processor.py:925} INFO - DAG(s) 'example_bash_operator' retrieved from /mnt/c/Users/Pato_/OneDrive/Documentos/ITBA/PYTHON_DATA_APP/itba/lib/python3.10/site-packages/airflow/example_dags/example_bash_operator.py
[2024-10-20T19:39:28.699-0300] {logging_mixin.py:190} INFO - [2024-10-20T19:39:28.699-0300] {dag.py:3239} INFO - Sync 1 DAGs
[2024-10-20T19:39:28.714-0300] {logging_mixin.py:190} INFO - [2024-10-20T19:39:28.713-0300] {dag.py:4180} INFO - Setting next_dagrun for example_bash_operator to 2024-10-19 00:00:00+00:00, run_after=2024-10-20 00:00:00+00:00
[2024-10-20T19:39:28.744-0300] {processor.py:208} INFO - Processing /mnt/c/Users/Pato_/OneDrive/Documentos/ITBA/PYTHON_DATA_APP/itba/lib/python3.10/site-packages/airflow/example_dags/example_bash_operator.py took 0.120 seconds
[2024-10-20T19:40:34.798-0300] {processor.py:186} INFO - Started process (PID=321872) to work on /mnt/c/Users/Pato_/OneDrive/Documentos/ITBA/PYTHON_DATA_APP/itba/lib/python3.10/site-packages/airflow/example_dags/example_bash_operator.py
[2024-10-20T19:40:34.799-0300] {processor.py:914} INFO - Processing file /mnt/c/Users/Pato_/OneDrive/Documentos/ITBA/PYTHON_DATA_APP/itba/lib/python3.10/site-packages/airflow/example_dags/example_bash_operator.py for tasks to queue
[2024-10-20T19:40:34.801-0300] {logging_mixin.py:190} INFO - [2024-10-20T19:40:34.800-0300] {dagbag.py:588} INFO - Filling up the DagBag from /mnt/c/Users/Pato_/OneDrive/Documentos/ITBA/PYTHON_DATA_APP/itba/lib/python3.10/site-packages/airflow/example_dags/example_bash_operator.py
[2024-10-20T19:40:34.846-0300] {processor.py:925} INFO - DAG(s) 'example_bash_operator' retrieved from /mnt/c/Users/Pato_/OneDrive/Documentos/ITBA/PYTHON_DATA_APP/itba/lib/python3.10/site-packages/airflow/example_dags/example_bash_operator.py
[2024-10-20T19:40:34.865-0300] {logging_mixin.py:190} INFO - [2024-10-20T19:40:34.864-0300] {dag.py:3239} INFO - Sync 1 DAGs
[2024-10-20T19:40:34.881-0300] {logging_mixin.py:190} INFO - [2024-10-20T19:40:34.880-0300] {dag.py:4180} INFO - Setting next_dagrun for example_bash_operator to 2024-10-19 00:00:00+00:00, run_after=2024-10-20 00:00:00+00:00
[2024-10-20T19:40:34.912-0300] {processor.py:208} INFO - Processing /mnt/c/Users/Pato_/OneDrive/Documentos/ITBA/PYTHON_DATA_APP/itba/lib/python3.10/site-packages/airflow/example_dags/example_bash_operator.py took 0.122 seconds
[2024-10-20T19:41:42.023-0300] {processor.py:186} INFO - Started process (PID=322409) to work on /mnt/c/Users/Pato_/OneDrive/Documentos/ITBA/PYTHON_DATA_APP/itba/lib/python3.10/site-packages/airflow/example_dags/example_bash_operator.py
[2024-10-20T19:41:42.024-0300] {processor.py:914} INFO - Processing file /mnt/c/Users/Pato_/OneDrive/Documentos/ITBA/PYTHON_DATA_APP/itba/lib/python3.10/site-packages/airflow/example_dags/example_bash_operator.py for tasks to queue
[2024-10-20T19:41:42.026-0300] {logging_mixin.py:190} INFO - [2024-10-20T19:41:42.025-0300] {dagbag.py:588} INFO - Filling up the DagBag from /mnt/c/Users/Pato_/OneDrive/Documentos/ITBA/PYTHON_DATA_APP/itba/lib/python3.10/site-packages/airflow/example_dags/example_bash_operator.py
[2024-10-20T19:41:42.069-0300] {processor.py:925} INFO - DAG(s) 'example_bash_operator' retrieved from /mnt/c/Users/Pato_/OneDrive/Documentos/ITBA/PYTHON_DATA_APP/itba/lib/python3.10/site-packages/airflow/example_dags/example_bash_operator.py
[2024-10-20T19:41:42.088-0300] {logging_mixin.py:190} INFO - [2024-10-20T19:41:42.087-0300] {dag.py:3239} INFO - Sync 1 DAGs
[2024-10-20T19:41:42.102-0300] {logging_mixin.py:190} INFO - [2024-10-20T19:41:42.101-0300] {dag.py:4180} INFO - Setting next_dagrun for example_bash_operator to 2024-10-19 00:00:00+00:00, run_after=2024-10-20 00:00:00+00:00
[2024-10-20T19:41:42.131-0300] {processor.py:208} INFO - Processing /mnt/c/Users/Pato_/OneDrive/Documentos/ITBA/PYTHON_DATA_APP/itba/lib/python3.10/site-packages/airflow/example_dags/example_bash_operator.py took 0.114 seconds
