[2024-10-20T19:00:09.385-0300] {processor.py:186} INFO - Started process (PID=298585) to work on /mnt/c/Users/Pato_/OneDrive/Documentos/ITBA/PYTHON_DATA_APP/itba/lib/python3.10/site-packages/airflow/example_dags/example_workday_timetable.py
[2024-10-20T19:00:09.386-0300] {processor.py:914} INFO - Processing file /mnt/c/Users/Pato_/OneDrive/Documentos/ITBA/PYTHON_DATA_APP/itba/lib/python3.10/site-packages/airflow/example_dags/example_workday_timetable.py for tasks to queue
[2024-10-20T19:00:09.388-0300] {logging_mixin.py:190} INFO - [2024-10-20T19:00:09.387-0300] {dagbag.py:588} INFO - Filling up the DagBag from /mnt/c/Users/Pato_/OneDrive/Documentos/ITBA/PYTHON_DATA_APP/itba/lib/python3.10/site-packages/airflow/example_dags/example_workday_timetable.py
[2024-10-20T19:00:09.446-0300] {processor.py:925} INFO - DAG(s) 'example_workday_timetable' retrieved from /mnt/c/Users/Pato_/OneDrive/Documentos/ITBA/PYTHON_DATA_APP/itba/lib/python3.10/site-packages/airflow/example_dags/example_workday_timetable.py
[2024-10-20T19:00:10.241-0300] {logging_mixin.py:190} INFO - [2024-10-20T19:00:10.240-0300] {override.py:1907} INFO - Created Permission View: can read on DAG:example_workday_timetable
[2024-10-20T19:00:10.259-0300] {logging_mixin.py:190} INFO - [2024-10-20T19:00:10.259-0300] {override.py:1907} INFO - Created Permission View: can delete on DAG:example_workday_timetable
[2024-10-20T19:00:10.278-0300] {logging_mixin.py:190} INFO - [2024-10-20T19:00:10.277-0300] {override.py:1907} INFO - Created Permission View: can edit on DAG:example_workday_timetable
[2024-10-20T19:00:10.309-0300] {logging_mixin.py:190} INFO - [2024-10-20T19:00:10.308-0300] {override.py:1907} INFO - Created Permission View: can read on DAG Run:example_workday_timetable
[2024-10-20T19:00:10.326-0300] {logging_mixin.py:190} INFO - [2024-10-20T19:00:10.326-0300] {override.py:1907} INFO - Created Permission View: can delete on DAG Run:example_workday_timetable
[2024-10-20T19:00:10.345-0300] {logging_mixin.py:190} INFO - [2024-10-20T19:00:10.344-0300] {override.py:1907} INFO - Created Permission View: can create on DAG Run:example_workday_timetable
[2024-10-20T19:00:10.362-0300] {logging_mixin.py:190} INFO - [2024-10-20T19:00:10.362-0300] {override.py:1907} INFO - Created Permission View: menu access on DAG Run:example_workday_timetable
[2024-10-20T19:00:10.363-0300] {logging_mixin.py:190} INFO - [2024-10-20T19:00:10.363-0300] {dag.py:3239} INFO - Sync 1 DAGs
[2024-10-20T19:00:10.374-0300] {logging_mixin.py:190} INFO - [2024-10-20T19:00:10.373-0300] {dag.py:3262} INFO - Creating ORM DAG for example_workday_timetable
[2024-10-20T19:00:10.441-0300] {logging_mixin.py:190} INFO - [2024-10-20T19:00:10.440-0300] {dag.py:4180} INFO - Setting next_dagrun for example_workday_timetable to 2021-01-04 00:00:00+00:00, run_after=2021-01-05 00:00:00+00:00
[2024-10-20T19:00:10.472-0300] {processor.py:208} INFO - Processing /mnt/c/Users/Pato_/OneDrive/Documentos/ITBA/PYTHON_DATA_APP/itba/lib/python3.10/site-packages/airflow/example_dags/example_workday_timetable.py took 1.093 seconds
[2024-10-20T19:02:32.484-0300] {processor.py:186} INFO - Started process (PID=299833) to work on /mnt/c/Users/Pato_/OneDrive/Documentos/ITBA/PYTHON_DATA_APP/itba/lib/python3.10/site-packages/airflow/example_dags/example_workday_timetable.py
[2024-10-20T19:02:32.485-0300] {processor.py:914} INFO - Processing file /mnt/c/Users/Pato_/OneDrive/Documentos/ITBA/PYTHON_DATA_APP/itba/lib/python3.10/site-packages/airflow/example_dags/example_workday_timetable.py for tasks to queue
[2024-10-20T19:02:32.487-0300] {logging_mixin.py:190} INFO - [2024-10-20T19:02:32.486-0300] {dagbag.py:588} INFO - Filling up the DagBag from /mnt/c/Users/Pato_/OneDrive/Documentos/ITBA/PYTHON_DATA_APP/itba/lib/python3.10/site-packages/airflow/example_dags/example_workday_timetable.py
[2024-10-20T19:02:32.525-0300] {processor.py:925} INFO - DAG(s) 'example_workday_timetable' retrieved from /mnt/c/Users/Pato_/OneDrive/Documentos/ITBA/PYTHON_DATA_APP/itba/lib/python3.10/site-packages/airflow/example_dags/example_workday_timetable.py
[2024-10-20T19:02:32.540-0300] {logging_mixin.py:190} INFO - [2024-10-20T19:02:32.539-0300] {dag.py:3239} INFO - Sync 1 DAGs
[2024-10-20T19:02:32.630-0300] {logging_mixin.py:190} INFO - [2024-10-20T19:02:32.630-0300] {dag.py:4180} INFO - Setting next_dagrun for example_workday_timetable to 2021-01-04 00:00:00+00:00, run_after=2021-01-05 00:00:00+00:00
[2024-10-20T19:02:32.661-0300] {processor.py:208} INFO - Processing /mnt/c/Users/Pato_/OneDrive/Documentos/ITBA/PYTHON_DATA_APP/itba/lib/python3.10/site-packages/airflow/example_dags/example_workday_timetable.py took 0.184 seconds
[2024-10-20T19:03:27.021-0300] {processor.py:186} INFO - Started process (PID=300265) to work on /mnt/c/Users/Pato_/OneDrive/Documentos/ITBA/PYTHON_DATA_APP/itba/lib/python3.10/site-packages/airflow/example_dags/example_workday_timetable.py
[2024-10-20T19:03:27.022-0300] {processor.py:914} INFO - Processing file /mnt/c/Users/Pato_/OneDrive/Documentos/ITBA/PYTHON_DATA_APP/itba/lib/python3.10/site-packages/airflow/example_dags/example_workday_timetable.py for tasks to queue
[2024-10-20T19:03:27.024-0300] {logging_mixin.py:190} INFO - [2024-10-20T19:03:27.024-0300] {dagbag.py:588} INFO - Filling up the DagBag from /mnt/c/Users/Pato_/OneDrive/Documentos/ITBA/PYTHON_DATA_APP/itba/lib/python3.10/site-packages/airflow/example_dags/example_workday_timetable.py
[2024-10-20T19:03:27.065-0300] {processor.py:925} INFO - DAG(s) 'example_workday_timetable' retrieved from /mnt/c/Users/Pato_/OneDrive/Documentos/ITBA/PYTHON_DATA_APP/itba/lib/python3.10/site-packages/airflow/example_dags/example_workday_timetable.py
[2024-10-20T19:03:27.081-0300] {logging_mixin.py:190} INFO - [2024-10-20T19:03:27.081-0300] {dag.py:3239} INFO - Sync 1 DAGs
[2024-10-20T19:03:27.124-0300] {logging_mixin.py:190} INFO - [2024-10-20T19:03:27.124-0300] {dag.py:4180} INFO - Setting next_dagrun for example_workday_timetable to 2021-01-04 00:00:00+00:00, run_after=2021-01-05 00:00:00+00:00
[2024-10-20T19:03:27.156-0300] {processor.py:208} INFO - Processing /mnt/c/Users/Pato_/OneDrive/Documentos/ITBA/PYTHON_DATA_APP/itba/lib/python3.10/site-packages/airflow/example_dags/example_workday_timetable.py took 0.142 seconds
[2024-10-20T19:04:37.187-0300] {processor.py:186} INFO - Started process (PID=300970) to work on /mnt/c/Users/Pato_/OneDrive/Documentos/ITBA/PYTHON_DATA_APP/itba/lib/python3.10/site-packages/airflow/example_dags/example_workday_timetable.py
[2024-10-20T19:04:37.188-0300] {processor.py:914} INFO - Processing file /mnt/c/Users/Pato_/OneDrive/Documentos/ITBA/PYTHON_DATA_APP/itba/lib/python3.10/site-packages/airflow/example_dags/example_workday_timetable.py for tasks to queue
[2024-10-20T19:04:37.190-0300] {logging_mixin.py:190} INFO - [2024-10-20T19:04:37.189-0300] {dagbag.py:588} INFO - Filling up the DagBag from /mnt/c/Users/Pato_/OneDrive/Documentos/ITBA/PYTHON_DATA_APP/itba/lib/python3.10/site-packages/airflow/example_dags/example_workday_timetable.py
[2024-10-20T19:04:37.228-0300] {processor.py:925} INFO - DAG(s) 'example_workday_timetable' retrieved from /mnt/c/Users/Pato_/OneDrive/Documentos/ITBA/PYTHON_DATA_APP/itba/lib/python3.10/site-packages/airflow/example_dags/example_workday_timetable.py
[2024-10-20T19:04:37.243-0300] {logging_mixin.py:190} INFO - [2024-10-20T19:04:37.242-0300] {dag.py:3239} INFO - Sync 1 DAGs
[2024-10-20T19:04:37.282-0300] {logging_mixin.py:190} INFO - [2024-10-20T19:04:37.282-0300] {dag.py:4180} INFO - Setting next_dagrun for example_workday_timetable to 2021-01-04 00:00:00+00:00, run_after=2021-01-05 00:00:00+00:00
[2024-10-20T19:04:37.311-0300] {processor.py:208} INFO - Processing /mnt/c/Users/Pato_/OneDrive/Documentos/ITBA/PYTHON_DATA_APP/itba/lib/python3.10/site-packages/airflow/example_dags/example_workday_timetable.py took 0.131 seconds
[2024-10-20T19:05:45.314-0300] {processor.py:186} INFO - Started process (PID=301595) to work on /mnt/c/Users/Pato_/OneDrive/Documentos/ITBA/PYTHON_DATA_APP/itba/lib/python3.10/site-packages/airflow/example_dags/example_workday_timetable.py
[2024-10-20T19:05:45.315-0300] {processor.py:914} INFO - Processing file /mnt/c/Users/Pato_/OneDrive/Documentos/ITBA/PYTHON_DATA_APP/itba/lib/python3.10/site-packages/airflow/example_dags/example_workday_timetable.py for tasks to queue
[2024-10-20T19:05:45.317-0300] {logging_mixin.py:190} INFO - [2024-10-20T19:05:45.317-0300] {dagbag.py:588} INFO - Filling up the DagBag from /mnt/c/Users/Pato_/OneDrive/Documentos/ITBA/PYTHON_DATA_APP/itba/lib/python3.10/site-packages/airflow/example_dags/example_workday_timetable.py
[2024-10-20T19:05:45.356-0300] {processor.py:925} INFO - DAG(s) 'example_workday_timetable' retrieved from /mnt/c/Users/Pato_/OneDrive/Documentos/ITBA/PYTHON_DATA_APP/itba/lib/python3.10/site-packages/airflow/example_dags/example_workday_timetable.py
[2024-10-20T19:05:45.370-0300] {logging_mixin.py:190} INFO - [2024-10-20T19:05:45.369-0300] {dag.py:3239} INFO - Sync 1 DAGs
[2024-10-20T19:05:45.460-0300] {logging_mixin.py:190} INFO - [2024-10-20T19:05:45.459-0300] {dag.py:4180} INFO - Setting next_dagrun for example_workday_timetable to 2021-01-04 00:00:00+00:00, run_after=2021-01-05 00:00:00+00:00
[2024-10-20T19:05:45.488-0300] {processor.py:208} INFO - Processing /mnt/c/Users/Pato_/OneDrive/Documentos/ITBA/PYTHON_DATA_APP/itba/lib/python3.10/site-packages/airflow/example_dags/example_workday_timetable.py took 0.180 seconds
[2024-10-20T19:07:50.202-0300] {processor.py:186} INFO - Started process (PID=303491) to work on /mnt/c/Users/Pato_/OneDrive/Documentos/ITBA/PYTHON_DATA_APP/itba/lib/python3.10/site-packages/airflow/example_dags/example_workday_timetable.py
[2024-10-20T19:07:50.203-0300] {processor.py:914} INFO - Processing file /mnt/c/Users/Pato_/OneDrive/Documentos/ITBA/PYTHON_DATA_APP/itba/lib/python3.10/site-packages/airflow/example_dags/example_workday_timetable.py for tasks to queue
[2024-10-20T19:07:50.205-0300] {logging_mixin.py:190} INFO - [2024-10-20T19:07:50.204-0300] {dagbag.py:588} INFO - Filling up the DagBag from /mnt/c/Users/Pato_/OneDrive/Documentos/ITBA/PYTHON_DATA_APP/itba/lib/python3.10/site-packages/airflow/example_dags/example_workday_timetable.py
[2024-10-20T19:07:50.245-0300] {processor.py:925} INFO - DAG(s) 'example_workday_timetable' retrieved from /mnt/c/Users/Pato_/OneDrive/Documentos/ITBA/PYTHON_DATA_APP/itba/lib/python3.10/site-packages/airflow/example_dags/example_workday_timetable.py
[2024-10-20T19:07:50.259-0300] {logging_mixin.py:190} INFO - [2024-10-20T19:07:50.259-0300] {dag.py:3239} INFO - Sync 1 DAGs
[2024-10-20T19:07:50.299-0300] {logging_mixin.py:190} INFO - [2024-10-20T19:07:50.299-0300] {dag.py:4180} INFO - Setting next_dagrun for example_workday_timetable to 2021-01-04 00:00:00+00:00, run_after=2021-01-05 00:00:00+00:00
[2024-10-20T19:07:50.328-0300] {processor.py:208} INFO - Processing /mnt/c/Users/Pato_/OneDrive/Documentos/ITBA/PYTHON_DATA_APP/itba/lib/python3.10/site-packages/airflow/example_dags/example_workday_timetable.py took 0.133 seconds
[2024-10-20T19:08:41.896-0300] {processor.py:186} INFO - Started process (PID=303900) to work on /mnt/c/Users/Pato_/OneDrive/Documentos/ITBA/PYTHON_DATA_APP/itba/lib/python3.10/site-packages/airflow/example_dags/example_workday_timetable.py
[2024-10-20T19:08:41.897-0300] {processor.py:914} INFO - Processing file /mnt/c/Users/Pato_/OneDrive/Documentos/ITBA/PYTHON_DATA_APP/itba/lib/python3.10/site-packages/airflow/example_dags/example_workday_timetable.py for tasks to queue
[2024-10-20T19:08:41.899-0300] {logging_mixin.py:190} INFO - [2024-10-20T19:08:41.898-0300] {dagbag.py:588} INFO - Filling up the DagBag from /mnt/c/Users/Pato_/OneDrive/Documentos/ITBA/PYTHON_DATA_APP/itba/lib/python3.10/site-packages/airflow/example_dags/example_workday_timetable.py
[2024-10-20T19:08:41.937-0300] {processor.py:925} INFO - DAG(s) 'example_workday_timetable' retrieved from /mnt/c/Users/Pato_/OneDrive/Documentos/ITBA/PYTHON_DATA_APP/itba/lib/python3.10/site-packages/airflow/example_dags/example_workday_timetable.py
[2024-10-20T19:08:41.953-0300] {logging_mixin.py:190} INFO - [2024-10-20T19:08:41.953-0300] {dag.py:3239} INFO - Sync 1 DAGs
[2024-10-20T19:08:41.992-0300] {logging_mixin.py:190} INFO - [2024-10-20T19:08:41.991-0300] {dag.py:4180} INFO - Setting next_dagrun for example_workday_timetable to 2021-01-04 00:00:00+00:00, run_after=2021-01-05 00:00:00+00:00
[2024-10-20T19:08:42.033-0300] {processor.py:208} INFO - Processing /mnt/c/Users/Pato_/OneDrive/Documentos/ITBA/PYTHON_DATA_APP/itba/lib/python3.10/site-packages/airflow/example_dags/example_workday_timetable.py took 0.144 seconds
[2024-10-20T19:09:45.518-0300] {processor.py:186} INFO - Started process (PID=304458) to work on /mnt/c/Users/Pato_/OneDrive/Documentos/ITBA/PYTHON_DATA_APP/itba/lib/python3.10/site-packages/airflow/example_dags/example_workday_timetable.py
[2024-10-20T19:09:45.518-0300] {processor.py:914} INFO - Processing file /mnt/c/Users/Pato_/OneDrive/Documentos/ITBA/PYTHON_DATA_APP/itba/lib/python3.10/site-packages/airflow/example_dags/example_workday_timetable.py for tasks to queue
[2024-10-20T19:09:45.520-0300] {logging_mixin.py:190} INFO - [2024-10-20T19:09:45.520-0300] {dagbag.py:588} INFO - Filling up the DagBag from /mnt/c/Users/Pato_/OneDrive/Documentos/ITBA/PYTHON_DATA_APP/itba/lib/python3.10/site-packages/airflow/example_dags/example_workday_timetable.py
[2024-10-20T19:09:45.560-0300] {processor.py:925} INFO - DAG(s) 'example_workday_timetable' retrieved from /mnt/c/Users/Pato_/OneDrive/Documentos/ITBA/PYTHON_DATA_APP/itba/lib/python3.10/site-packages/airflow/example_dags/example_workday_timetable.py
[2024-10-20T19:09:45.574-0300] {logging_mixin.py:190} INFO - [2024-10-20T19:09:45.573-0300] {dag.py:3239} INFO - Sync 1 DAGs
[2024-10-20T19:09:45.613-0300] {logging_mixin.py:190} INFO - [2024-10-20T19:09:45.613-0300] {dag.py:4180} INFO - Setting next_dagrun for example_workday_timetable to 2021-01-04 00:00:00+00:00, run_after=2021-01-05 00:00:00+00:00
[2024-10-20T19:09:45.642-0300] {processor.py:208} INFO - Processing /mnt/c/Users/Pato_/OneDrive/Documentos/ITBA/PYTHON_DATA_APP/itba/lib/python3.10/site-packages/airflow/example_dags/example_workday_timetable.py took 0.132 seconds
[2024-10-20T19:10:52.886-0300] {processor.py:186} INFO - Started process (PID=305012) to work on /mnt/c/Users/Pato_/OneDrive/Documentos/ITBA/PYTHON_DATA_APP/itba/lib/python3.10/site-packages/airflow/example_dags/example_workday_timetable.py
[2024-10-20T19:10:52.887-0300] {processor.py:914} INFO - Processing file /mnt/c/Users/Pato_/OneDrive/Documentos/ITBA/PYTHON_DATA_APP/itba/lib/python3.10/site-packages/airflow/example_dags/example_workday_timetable.py for tasks to queue
[2024-10-20T19:10:52.889-0300] {logging_mixin.py:190} INFO - [2024-10-20T19:10:52.888-0300] {dagbag.py:588} INFO - Filling up the DagBag from /mnt/c/Users/Pato_/OneDrive/Documentos/ITBA/PYTHON_DATA_APP/itba/lib/python3.10/site-packages/airflow/example_dags/example_workday_timetable.py
[2024-10-20T19:10:52.927-0300] {processor.py:925} INFO - DAG(s) 'example_workday_timetable' retrieved from /mnt/c/Users/Pato_/OneDrive/Documentos/ITBA/PYTHON_DATA_APP/itba/lib/python3.10/site-packages/airflow/example_dags/example_workday_timetable.py
[2024-10-20T19:10:52.941-0300] {logging_mixin.py:190} INFO - [2024-10-20T19:10:52.940-0300] {dag.py:3239} INFO - Sync 1 DAGs
[2024-10-20T19:10:52.981-0300] {logging_mixin.py:190} INFO - [2024-10-20T19:10:52.980-0300] {dag.py:4180} INFO - Setting next_dagrun for example_workday_timetable to 2021-01-04 00:00:00+00:00, run_after=2021-01-05 00:00:00+00:00
[2024-10-20T19:10:53.011-0300] {processor.py:208} INFO - Processing /mnt/c/Users/Pato_/OneDrive/Documentos/ITBA/PYTHON_DATA_APP/itba/lib/python3.10/site-packages/airflow/example_dags/example_workday_timetable.py took 0.133 seconds
[2024-10-20T19:12:01.655-0300] {processor.py:186} INFO - Started process (PID=305550) to work on /mnt/c/Users/Pato_/OneDrive/Documentos/ITBA/PYTHON_DATA_APP/itba/lib/python3.10/site-packages/airflow/example_dags/example_workday_timetable.py
[2024-10-20T19:12:01.656-0300] {processor.py:914} INFO - Processing file /mnt/c/Users/Pato_/OneDrive/Documentos/ITBA/PYTHON_DATA_APP/itba/lib/python3.10/site-packages/airflow/example_dags/example_workday_timetable.py for tasks to queue
[2024-10-20T19:12:01.658-0300] {logging_mixin.py:190} INFO - [2024-10-20T19:12:01.657-0300] {dagbag.py:588} INFO - Filling up the DagBag from /mnt/c/Users/Pato_/OneDrive/Documentos/ITBA/PYTHON_DATA_APP/itba/lib/python3.10/site-packages/airflow/example_dags/example_workday_timetable.py
[2024-10-20T19:12:01.697-0300] {processor.py:925} INFO - DAG(s) 'example_workday_timetable' retrieved from /mnt/c/Users/Pato_/OneDrive/Documentos/ITBA/PYTHON_DATA_APP/itba/lib/python3.10/site-packages/airflow/example_dags/example_workday_timetable.py
[2024-10-20T19:12:01.711-0300] {logging_mixin.py:190} INFO - [2024-10-20T19:12:01.710-0300] {dag.py:3239} INFO - Sync 1 DAGs
[2024-10-20T19:12:01.750-0300] {logging_mixin.py:190} INFO - [2024-10-20T19:12:01.749-0300] {dag.py:4180} INFO - Setting next_dagrun for example_workday_timetable to 2021-01-04 00:00:00+00:00, run_after=2021-01-05 00:00:00+00:00
[2024-10-20T19:12:01.779-0300] {processor.py:208} INFO - Processing /mnt/c/Users/Pato_/OneDrive/Documentos/ITBA/PYTHON_DATA_APP/itba/lib/python3.10/site-packages/airflow/example_dags/example_workday_timetable.py took 0.131 seconds
[2024-10-20T19:13:07.736-0300] {processor.py:186} INFO - Started process (PID=306069) to work on /mnt/c/Users/Pato_/OneDrive/Documentos/ITBA/PYTHON_DATA_APP/itba/lib/python3.10/site-packages/airflow/example_dags/example_workday_timetable.py
[2024-10-20T19:13:07.737-0300] {processor.py:914} INFO - Processing file /mnt/c/Users/Pato_/OneDrive/Documentos/ITBA/PYTHON_DATA_APP/itba/lib/python3.10/site-packages/airflow/example_dags/example_workday_timetable.py for tasks to queue
[2024-10-20T19:13:07.739-0300] {logging_mixin.py:190} INFO - [2024-10-20T19:13:07.738-0300] {dagbag.py:588} INFO - Filling up the DagBag from /mnt/c/Users/Pato_/OneDrive/Documentos/ITBA/PYTHON_DATA_APP/itba/lib/python3.10/site-packages/airflow/example_dags/example_workday_timetable.py
[2024-10-20T19:13:07.776-0300] {processor.py:925} INFO - DAG(s) 'example_workday_timetable' retrieved from /mnt/c/Users/Pato_/OneDrive/Documentos/ITBA/PYTHON_DATA_APP/itba/lib/python3.10/site-packages/airflow/example_dags/example_workday_timetable.py
[2024-10-20T19:13:07.792-0300] {logging_mixin.py:190} INFO - [2024-10-20T19:13:07.792-0300] {dag.py:3239} INFO - Sync 1 DAGs
[2024-10-20T19:13:07.833-0300] {logging_mixin.py:190} INFO - [2024-10-20T19:13:07.833-0300] {dag.py:4180} INFO - Setting next_dagrun for example_workday_timetable to 2021-01-04 00:00:00+00:00, run_after=2021-01-05 00:00:00+00:00
[2024-10-20T19:13:07.863-0300] {processor.py:208} INFO - Processing /mnt/c/Users/Pato_/OneDrive/Documentos/ITBA/PYTHON_DATA_APP/itba/lib/python3.10/site-packages/airflow/example_dags/example_workday_timetable.py took 0.134 seconds
[2024-10-20T19:14:12.232-0300] {processor.py:186} INFO - Started process (PID=306569) to work on /mnt/c/Users/Pato_/OneDrive/Documentos/ITBA/PYTHON_DATA_APP/itba/lib/python3.10/site-packages/airflow/example_dags/example_workday_timetable.py
[2024-10-20T19:14:12.233-0300] {processor.py:914} INFO - Processing file /mnt/c/Users/Pato_/OneDrive/Documentos/ITBA/PYTHON_DATA_APP/itba/lib/python3.10/site-packages/airflow/example_dags/example_workday_timetable.py for tasks to queue
[2024-10-20T19:14:12.235-0300] {logging_mixin.py:190} INFO - [2024-10-20T19:14:12.235-0300] {dagbag.py:588} INFO - Filling up the DagBag from /mnt/c/Users/Pato_/OneDrive/Documentos/ITBA/PYTHON_DATA_APP/itba/lib/python3.10/site-packages/airflow/example_dags/example_workday_timetable.py
[2024-10-20T19:14:12.273-0300] {processor.py:925} INFO - DAG(s) 'example_workday_timetable' retrieved from /mnt/c/Users/Pato_/OneDrive/Documentos/ITBA/PYTHON_DATA_APP/itba/lib/python3.10/site-packages/airflow/example_dags/example_workday_timetable.py
[2024-10-20T19:14:12.286-0300] {logging_mixin.py:190} INFO - [2024-10-20T19:14:12.286-0300] {dag.py:3239} INFO - Sync 1 DAGs
[2024-10-20T19:14:12.325-0300] {logging_mixin.py:190} INFO - [2024-10-20T19:14:12.324-0300] {dag.py:4180} INFO - Setting next_dagrun for example_workday_timetable to 2021-01-04 00:00:00+00:00, run_after=2021-01-05 00:00:00+00:00
[2024-10-20T19:14:12.354-0300] {processor.py:208} INFO - Processing /mnt/c/Users/Pato_/OneDrive/Documentos/ITBA/PYTHON_DATA_APP/itba/lib/python3.10/site-packages/airflow/example_dags/example_workday_timetable.py took 0.128 seconds
[2024-10-20T19:15:23.841-0300] {processor.py:186} INFO - Started process (PID=307158) to work on /mnt/c/Users/Pato_/OneDrive/Documentos/ITBA/PYTHON_DATA_APP/itba/lib/python3.10/site-packages/airflow/example_dags/example_workday_timetable.py
[2024-10-20T19:15:23.842-0300] {processor.py:914} INFO - Processing file /mnt/c/Users/Pato_/OneDrive/Documentos/ITBA/PYTHON_DATA_APP/itba/lib/python3.10/site-packages/airflow/example_dags/example_workday_timetable.py for tasks to queue
[2024-10-20T19:15:23.844-0300] {logging_mixin.py:190} INFO - [2024-10-20T19:15:23.844-0300] {dagbag.py:588} INFO - Filling up the DagBag from /mnt/c/Users/Pato_/OneDrive/Documentos/ITBA/PYTHON_DATA_APP/itba/lib/python3.10/site-packages/airflow/example_dags/example_workday_timetable.py
[2024-10-20T19:15:23.883-0300] {processor.py:925} INFO - DAG(s) 'example_workday_timetable' retrieved from /mnt/c/Users/Pato_/OneDrive/Documentos/ITBA/PYTHON_DATA_APP/itba/lib/python3.10/site-packages/airflow/example_dags/example_workday_timetable.py
[2024-10-20T19:15:23.897-0300] {logging_mixin.py:190} INFO - [2024-10-20T19:15:23.897-0300] {dag.py:3239} INFO - Sync 1 DAGs
[2024-10-20T19:15:23.984-0300] {logging_mixin.py:190} INFO - [2024-10-20T19:15:23.984-0300] {dag.py:4180} INFO - Setting next_dagrun for example_workday_timetable to 2021-01-04 00:00:00+00:00, run_after=2021-01-05 00:00:00+00:00
[2024-10-20T19:15:24.013-0300] {processor.py:208} INFO - Processing /mnt/c/Users/Pato_/OneDrive/Documentos/ITBA/PYTHON_DATA_APP/itba/lib/python3.10/site-packages/airflow/example_dags/example_workday_timetable.py took 0.178 seconds
[2024-10-20T19:16:31.436-0300] {processor.py:186} INFO - Started process (PID=307684) to work on /mnt/c/Users/Pato_/OneDrive/Documentos/ITBA/PYTHON_DATA_APP/itba/lib/python3.10/site-packages/airflow/example_dags/example_workday_timetable.py
[2024-10-20T19:16:31.437-0300] {processor.py:914} INFO - Processing file /mnt/c/Users/Pato_/OneDrive/Documentos/ITBA/PYTHON_DATA_APP/itba/lib/python3.10/site-packages/airflow/example_dags/example_workday_timetable.py for tasks to queue
[2024-10-20T19:16:31.439-0300] {logging_mixin.py:190} INFO - [2024-10-20T19:16:31.438-0300] {dagbag.py:588} INFO - Filling up the DagBag from /mnt/c/Users/Pato_/OneDrive/Documentos/ITBA/PYTHON_DATA_APP/itba/lib/python3.10/site-packages/airflow/example_dags/example_workday_timetable.py
[2024-10-20T19:16:31.477-0300] {processor.py:925} INFO - DAG(s) 'example_workday_timetable' retrieved from /mnt/c/Users/Pato_/OneDrive/Documentos/ITBA/PYTHON_DATA_APP/itba/lib/python3.10/site-packages/airflow/example_dags/example_workday_timetable.py
[2024-10-20T19:16:31.491-0300] {logging_mixin.py:190} INFO - [2024-10-20T19:16:31.491-0300] {dag.py:3239} INFO - Sync 1 DAGs
[2024-10-20T19:16:31.532-0300] {logging_mixin.py:190} INFO - [2024-10-20T19:16:31.531-0300] {dag.py:4180} INFO - Setting next_dagrun for example_workday_timetable to 2021-01-04 00:00:00+00:00, run_after=2021-01-05 00:00:00+00:00
[2024-10-20T19:16:31.562-0300] {processor.py:208} INFO - Processing /mnt/c/Users/Pato_/OneDrive/Documentos/ITBA/PYTHON_DATA_APP/itba/lib/python3.10/site-packages/airflow/example_dags/example_workday_timetable.py took 0.133 seconds
[2024-10-20T19:17:44.852-0300] {processor.py:186} INFO - Started process (PID=308255) to work on /mnt/c/Users/Pato_/OneDrive/Documentos/ITBA/PYTHON_DATA_APP/itba/lib/python3.10/site-packages/airflow/example_dags/example_workday_timetable.py
[2024-10-20T19:17:44.853-0300] {processor.py:914} INFO - Processing file /mnt/c/Users/Pato_/OneDrive/Documentos/ITBA/PYTHON_DATA_APP/itba/lib/python3.10/site-packages/airflow/example_dags/example_workday_timetable.py for tasks to queue
[2024-10-20T19:17:44.855-0300] {logging_mixin.py:190} INFO - [2024-10-20T19:17:44.855-0300] {dagbag.py:588} INFO - Filling up the DagBag from /mnt/c/Users/Pato_/OneDrive/Documentos/ITBA/PYTHON_DATA_APP/itba/lib/python3.10/site-packages/airflow/example_dags/example_workday_timetable.py
[2024-10-20T19:17:44.894-0300] {processor.py:925} INFO - DAG(s) 'example_workday_timetable' retrieved from /mnt/c/Users/Pato_/OneDrive/Documentos/ITBA/PYTHON_DATA_APP/itba/lib/python3.10/site-packages/airflow/example_dags/example_workday_timetable.py
[2024-10-20T19:17:44.908-0300] {logging_mixin.py:190} INFO - [2024-10-20T19:17:44.907-0300] {dag.py:3239} INFO - Sync 1 DAGs
[2024-10-20T19:17:44.947-0300] {logging_mixin.py:190} INFO - [2024-10-20T19:17:44.946-0300] {dag.py:4180} INFO - Setting next_dagrun for example_workday_timetable to 2021-01-04 00:00:00+00:00, run_after=2021-01-05 00:00:00+00:00
[2024-10-20T19:17:44.976-0300] {processor.py:208} INFO - Processing /mnt/c/Users/Pato_/OneDrive/Documentos/ITBA/PYTHON_DATA_APP/itba/lib/python3.10/site-packages/airflow/example_dags/example_workday_timetable.py took 0.130 seconds
[2024-10-20T19:18:53.895-0300] {processor.py:186} INFO - Started process (PID=308794) to work on /mnt/c/Users/Pato_/OneDrive/Documentos/ITBA/PYTHON_DATA_APP/itba/lib/python3.10/site-packages/airflow/example_dags/example_workday_timetable.py
[2024-10-20T19:18:53.896-0300] {processor.py:914} INFO - Processing file /mnt/c/Users/Pato_/OneDrive/Documentos/ITBA/PYTHON_DATA_APP/itba/lib/python3.10/site-packages/airflow/example_dags/example_workday_timetable.py for tasks to queue
[2024-10-20T19:18:53.898-0300] {logging_mixin.py:190} INFO - [2024-10-20T19:18:53.897-0300] {dagbag.py:588} INFO - Filling up the DagBag from /mnt/c/Users/Pato_/OneDrive/Documentos/ITBA/PYTHON_DATA_APP/itba/lib/python3.10/site-packages/airflow/example_dags/example_workday_timetable.py
[2024-10-20T19:18:53.936-0300] {processor.py:925} INFO - DAG(s) 'example_workday_timetable' retrieved from /mnt/c/Users/Pato_/OneDrive/Documentos/ITBA/PYTHON_DATA_APP/itba/lib/python3.10/site-packages/airflow/example_dags/example_workday_timetable.py
[2024-10-20T19:18:53.950-0300] {logging_mixin.py:190} INFO - [2024-10-20T19:18:53.950-0300] {dag.py:3239} INFO - Sync 1 DAGs
[2024-10-20T19:18:53.989-0300] {logging_mixin.py:190} INFO - [2024-10-20T19:18:53.989-0300] {dag.py:4180} INFO - Setting next_dagrun for example_workday_timetable to 2021-01-04 00:00:00+00:00, run_after=2021-01-05 00:00:00+00:00
[2024-10-20T19:18:54.017-0300] {processor.py:208} INFO - Processing /mnt/c/Users/Pato_/OneDrive/Documentos/ITBA/PYTHON_DATA_APP/itba/lib/python3.10/site-packages/airflow/example_dags/example_workday_timetable.py took 0.129 seconds
[2024-10-20T19:20:06.410-0300] {processor.py:186} INFO - Started process (PID=309388) to work on /mnt/c/Users/Pato_/OneDrive/Documentos/ITBA/PYTHON_DATA_APP/itba/lib/python3.10/site-packages/airflow/example_dags/example_workday_timetable.py
[2024-10-20T19:20:06.411-0300] {processor.py:914} INFO - Processing file /mnt/c/Users/Pato_/OneDrive/Documentos/ITBA/PYTHON_DATA_APP/itba/lib/python3.10/site-packages/airflow/example_dags/example_workday_timetable.py for tasks to queue
[2024-10-20T19:20:06.413-0300] {logging_mixin.py:190} INFO - [2024-10-20T19:20:06.413-0300] {dagbag.py:588} INFO - Filling up the DagBag from /mnt/c/Users/Pato_/OneDrive/Documentos/ITBA/PYTHON_DATA_APP/itba/lib/python3.10/site-packages/airflow/example_dags/example_workday_timetable.py
[2024-10-20T19:20:06.452-0300] {processor.py:925} INFO - DAG(s) 'example_workday_timetable' retrieved from /mnt/c/Users/Pato_/OneDrive/Documentos/ITBA/PYTHON_DATA_APP/itba/lib/python3.10/site-packages/airflow/example_dags/example_workday_timetable.py
[2024-10-20T19:20:06.467-0300] {logging_mixin.py:190} INFO - [2024-10-20T19:20:06.467-0300] {dag.py:3239} INFO - Sync 1 DAGs
[2024-10-20T19:20:06.508-0300] {logging_mixin.py:190} INFO - [2024-10-20T19:20:06.508-0300] {dag.py:4180} INFO - Setting next_dagrun for example_workday_timetable to 2021-01-04 00:00:00+00:00, run_after=2021-01-05 00:00:00+00:00
[2024-10-20T19:20:06.538-0300] {processor.py:208} INFO - Processing /mnt/c/Users/Pato_/OneDrive/Documentos/ITBA/PYTHON_DATA_APP/itba/lib/python3.10/site-packages/airflow/example_dags/example_workday_timetable.py took 0.134 seconds
[2024-10-20T19:21:16.526-0300] {processor.py:186} INFO - Started process (PID=309997) to work on /mnt/c/Users/Pato_/OneDrive/Documentos/ITBA/PYTHON_DATA_APP/itba/lib/python3.10/site-packages/airflow/example_dags/example_workday_timetable.py
[2024-10-20T19:21:16.527-0300] {processor.py:914} INFO - Processing file /mnt/c/Users/Pato_/OneDrive/Documentos/ITBA/PYTHON_DATA_APP/itba/lib/python3.10/site-packages/airflow/example_dags/example_workday_timetable.py for tasks to queue
[2024-10-20T19:21:16.529-0300] {logging_mixin.py:190} INFO - [2024-10-20T19:21:16.528-0300] {dagbag.py:588} INFO - Filling up the DagBag from /mnt/c/Users/Pato_/OneDrive/Documentos/ITBA/PYTHON_DATA_APP/itba/lib/python3.10/site-packages/airflow/example_dags/example_workday_timetable.py
[2024-10-20T19:21:16.567-0300] {processor.py:925} INFO - DAG(s) 'example_workday_timetable' retrieved from /mnt/c/Users/Pato_/OneDrive/Documentos/ITBA/PYTHON_DATA_APP/itba/lib/python3.10/site-packages/airflow/example_dags/example_workday_timetable.py
[2024-10-20T19:21:16.581-0300] {logging_mixin.py:190} INFO - [2024-10-20T19:21:16.581-0300] {dag.py:3239} INFO - Sync 1 DAGs
[2024-10-20T19:21:16.620-0300] {logging_mixin.py:190} INFO - [2024-10-20T19:21:16.620-0300] {dag.py:4180} INFO - Setting next_dagrun for example_workday_timetable to 2021-01-04 00:00:00+00:00, run_after=2021-01-05 00:00:00+00:00
[2024-10-20T19:21:16.649-0300] {processor.py:208} INFO - Processing /mnt/c/Users/Pato_/OneDrive/Documentos/ITBA/PYTHON_DATA_APP/itba/lib/python3.10/site-packages/airflow/example_dags/example_workday_timetable.py took 0.131 seconds
[2024-10-20T19:22:23.210-0300] {processor.py:186} INFO - Started process (PID=310610) to work on /mnt/c/Users/Pato_/OneDrive/Documentos/ITBA/PYTHON_DATA_APP/itba/lib/python3.10/site-packages/airflow/example_dags/example_workday_timetable.py
[2024-10-20T19:22:23.211-0300] {processor.py:914} INFO - Processing file /mnt/c/Users/Pato_/OneDrive/Documentos/ITBA/PYTHON_DATA_APP/itba/lib/python3.10/site-packages/airflow/example_dags/example_workday_timetable.py for tasks to queue
[2024-10-20T19:22:23.213-0300] {logging_mixin.py:190} INFO - [2024-10-20T19:22:23.212-0300] {dagbag.py:588} INFO - Filling up the DagBag from /mnt/c/Users/Pato_/OneDrive/Documentos/ITBA/PYTHON_DATA_APP/itba/lib/python3.10/site-packages/airflow/example_dags/example_workday_timetable.py
[2024-10-20T19:22:23.251-0300] {processor.py:925} INFO - DAG(s) 'example_workday_timetable' retrieved from /mnt/c/Users/Pato_/OneDrive/Documentos/ITBA/PYTHON_DATA_APP/itba/lib/python3.10/site-packages/airflow/example_dags/example_workday_timetable.py
[2024-10-20T19:22:23.266-0300] {logging_mixin.py:190} INFO - [2024-10-20T19:22:23.266-0300] {dag.py:3239} INFO - Sync 1 DAGs
[2024-10-20T19:22:23.357-0300] {logging_mixin.py:190} INFO - [2024-10-20T19:22:23.357-0300] {dag.py:4180} INFO - Setting next_dagrun for example_workday_timetable to 2021-01-04 00:00:00+00:00, run_after=2021-01-05 00:00:00+00:00
[2024-10-20T19:22:23.386-0300] {processor.py:208} INFO - Processing /mnt/c/Users/Pato_/OneDrive/Documentos/ITBA/PYTHON_DATA_APP/itba/lib/python3.10/site-packages/airflow/example_dags/example_workday_timetable.py took 0.183 seconds
[2024-10-20T19:23:25.573-0300] {processor.py:186} INFO - Started process (PID=311178) to work on /mnt/c/Users/Pato_/OneDrive/Documentos/ITBA/PYTHON_DATA_APP/itba/lib/python3.10/site-packages/airflow/example_dags/example_workday_timetable.py
[2024-10-20T19:23:25.574-0300] {processor.py:914} INFO - Processing file /mnt/c/Users/Pato_/OneDrive/Documentos/ITBA/PYTHON_DATA_APP/itba/lib/python3.10/site-packages/airflow/example_dags/example_workday_timetable.py for tasks to queue
[2024-10-20T19:23:25.576-0300] {logging_mixin.py:190} INFO - [2024-10-20T19:23:25.576-0300] {dagbag.py:588} INFO - Filling up the DagBag from /mnt/c/Users/Pato_/OneDrive/Documentos/ITBA/PYTHON_DATA_APP/itba/lib/python3.10/site-packages/airflow/example_dags/example_workday_timetable.py
[2024-10-20T19:23:25.615-0300] {processor.py:925} INFO - DAG(s) 'example_workday_timetable' retrieved from /mnt/c/Users/Pato_/OneDrive/Documentos/ITBA/PYTHON_DATA_APP/itba/lib/python3.10/site-packages/airflow/example_dags/example_workday_timetable.py
[2024-10-20T19:23:25.630-0300] {logging_mixin.py:190} INFO - [2024-10-20T19:23:25.629-0300] {dag.py:3239} INFO - Sync 1 DAGs
[2024-10-20T19:23:25.673-0300] {logging_mixin.py:190} INFO - [2024-10-20T19:23:25.672-0300] {dag.py:4180} INFO - Setting next_dagrun for example_workday_timetable to 2021-01-04 00:00:00+00:00, run_after=2021-01-05 00:00:00+00:00
[2024-10-20T19:23:25.706-0300] {processor.py:208} INFO - Processing /mnt/c/Users/Pato_/OneDrive/Documentos/ITBA/PYTHON_DATA_APP/itba/lib/python3.10/site-packages/airflow/example_dags/example_workday_timetable.py took 0.140 seconds
[2024-10-20T19:24:31.100-0300] {processor.py:186} INFO - Started process (PID=312144) to work on /mnt/c/Users/Pato_/OneDrive/Documentos/ITBA/PYTHON_DATA_APP/itba/lib/python3.10/site-packages/airflow/example_dags/example_workday_timetable.py
[2024-10-20T19:24:31.101-0300] {processor.py:914} INFO - Processing file /mnt/c/Users/Pato_/OneDrive/Documentos/ITBA/PYTHON_DATA_APP/itba/lib/python3.10/site-packages/airflow/example_dags/example_workday_timetable.py for tasks to queue
[2024-10-20T19:24:31.103-0300] {logging_mixin.py:190} INFO - [2024-10-20T19:24:31.102-0300] {dagbag.py:588} INFO - Filling up the DagBag from /mnt/c/Users/Pato_/OneDrive/Documentos/ITBA/PYTHON_DATA_APP/itba/lib/python3.10/site-packages/airflow/example_dags/example_workday_timetable.py
[2024-10-20T19:24:31.147-0300] {processor.py:925} INFO - DAG(s) 'example_workday_timetable' retrieved from /mnt/c/Users/Pato_/OneDrive/Documentos/ITBA/PYTHON_DATA_APP/itba/lib/python3.10/site-packages/airflow/example_dags/example_workday_timetable.py
[2024-10-20T19:24:31.163-0300] {logging_mixin.py:190} INFO - [2024-10-20T19:24:31.163-0300] {dag.py:3239} INFO - Sync 1 DAGs
[2024-10-20T19:24:31.206-0300] {logging_mixin.py:190} INFO - [2024-10-20T19:24:31.206-0300] {dag.py:4180} INFO - Setting next_dagrun for example_workday_timetable to 2021-01-04 00:00:00+00:00, run_after=2021-01-05 00:00:00+00:00
[2024-10-20T19:24:31.241-0300] {processor.py:208} INFO - Processing /mnt/c/Users/Pato_/OneDrive/Documentos/ITBA/PYTHON_DATA_APP/itba/lib/python3.10/site-packages/airflow/example_dags/example_workday_timetable.py took 0.149 seconds
[2024-10-20T19:26:09.600-0300] {processor.py:186} INFO - Started process (PID=313492) to work on /mnt/c/Users/Pato_/OneDrive/Documentos/ITBA/PYTHON_DATA_APP/itba/lib/python3.10/site-packages/airflow/example_dags/example_workday_timetable.py
[2024-10-20T19:26:09.600-0300] {processor.py:914} INFO - Processing file /mnt/c/Users/Pato_/OneDrive/Documentos/ITBA/PYTHON_DATA_APP/itba/lib/python3.10/site-packages/airflow/example_dags/example_workday_timetable.py for tasks to queue
[2024-10-20T19:26:09.602-0300] {logging_mixin.py:190} INFO - [2024-10-20T19:26:09.602-0300] {dagbag.py:588} INFO - Filling up the DagBag from /mnt/c/Users/Pato_/OneDrive/Documentos/ITBA/PYTHON_DATA_APP/itba/lib/python3.10/site-packages/airflow/example_dags/example_workday_timetable.py
[2024-10-20T19:26:09.641-0300] {processor.py:925} INFO - DAG(s) 'example_workday_timetable' retrieved from /mnt/c/Users/Pato_/OneDrive/Documentos/ITBA/PYTHON_DATA_APP/itba/lib/python3.10/site-packages/airflow/example_dags/example_workday_timetable.py
[2024-10-20T19:26:09.656-0300] {logging_mixin.py:190} INFO - [2024-10-20T19:26:09.655-0300] {dag.py:3239} INFO - Sync 1 DAGs
[2024-10-20T19:26:09.709-0300] {logging_mixin.py:190} INFO - [2024-10-20T19:26:09.708-0300] {dag.py:4180} INFO - Setting next_dagrun for example_workday_timetable to 2021-01-04 00:00:00+00:00, run_after=2021-01-05 00:00:00+00:00
[2024-10-20T19:26:09.737-0300] {processor.py:208} INFO - Processing /mnt/c/Users/Pato_/OneDrive/Documentos/ITBA/PYTHON_DATA_APP/itba/lib/python3.10/site-packages/airflow/example_dags/example_workday_timetable.py took 0.144 seconds
[2024-10-20T19:27:14.626-0300] {processor.py:186} INFO - Started process (PID=314182) to work on /mnt/c/Users/Pato_/OneDrive/Documentos/ITBA/PYTHON_DATA_APP/itba/lib/python3.10/site-packages/airflow/example_dags/example_workday_timetable.py
[2024-10-20T19:27:14.628-0300] {processor.py:914} INFO - Processing file /mnt/c/Users/Pato_/OneDrive/Documentos/ITBA/PYTHON_DATA_APP/itba/lib/python3.10/site-packages/airflow/example_dags/example_workday_timetable.py for tasks to queue
[2024-10-20T19:27:14.631-0300] {logging_mixin.py:190} INFO - [2024-10-20T19:27:14.630-0300] {dagbag.py:588} INFO - Filling up the DagBag from /mnt/c/Users/Pato_/OneDrive/Documentos/ITBA/PYTHON_DATA_APP/itba/lib/python3.10/site-packages/airflow/example_dags/example_workday_timetable.py
[2024-10-20T19:27:14.677-0300] {processor.py:925} INFO - DAG(s) 'example_workday_timetable' retrieved from /mnt/c/Users/Pato_/OneDrive/Documentos/ITBA/PYTHON_DATA_APP/itba/lib/python3.10/site-packages/airflow/example_dags/example_workday_timetable.py
[2024-10-20T19:27:14.693-0300] {logging_mixin.py:190} INFO - [2024-10-20T19:27:14.692-0300] {dag.py:3239} INFO - Sync 1 DAGs
[2024-10-20T19:27:14.737-0300] {logging_mixin.py:190} INFO - [2024-10-20T19:27:14.737-0300] {dag.py:4180} INFO - Setting next_dagrun for example_workday_timetable to 2021-01-04 00:00:00+00:00, run_after=2021-01-05 00:00:00+00:00
[2024-10-20T19:27:14.771-0300] {processor.py:208} INFO - Processing /mnt/c/Users/Pato_/OneDrive/Documentos/ITBA/PYTHON_DATA_APP/itba/lib/python3.10/site-packages/airflow/example_dags/example_workday_timetable.py took 0.155 seconds
[2024-10-20T19:28:22.227-0300] {processor.py:186} INFO - Started process (PID=315044) to work on /mnt/c/Users/Pato_/OneDrive/Documentos/ITBA/PYTHON_DATA_APP/itba/lib/python3.10/site-packages/airflow/example_dags/example_workday_timetable.py
[2024-10-20T19:28:22.228-0300] {processor.py:914} INFO - Processing file /mnt/c/Users/Pato_/OneDrive/Documentos/ITBA/PYTHON_DATA_APP/itba/lib/python3.10/site-packages/airflow/example_dags/example_workday_timetable.py for tasks to queue
[2024-10-20T19:28:22.230-0300] {logging_mixin.py:190} INFO - [2024-10-20T19:28:22.229-0300] {dagbag.py:588} INFO - Filling up the DagBag from /mnt/c/Users/Pato_/OneDrive/Documentos/ITBA/PYTHON_DATA_APP/itba/lib/python3.10/site-packages/airflow/example_dags/example_workday_timetable.py
[2024-10-20T19:28:22.269-0300] {processor.py:925} INFO - DAG(s) 'example_workday_timetable' retrieved from /mnt/c/Users/Pato_/OneDrive/Documentos/ITBA/PYTHON_DATA_APP/itba/lib/python3.10/site-packages/airflow/example_dags/example_workday_timetable.py
[2024-10-20T19:28:22.283-0300] {logging_mixin.py:190} INFO - [2024-10-20T19:28:22.283-0300] {dag.py:3239} INFO - Sync 1 DAGs
[2024-10-20T19:28:22.323-0300] {logging_mixin.py:190} INFO - [2024-10-20T19:28:22.322-0300] {dag.py:4180} INFO - Setting next_dagrun for example_workday_timetable to 2021-01-04 00:00:00+00:00, run_after=2021-01-05 00:00:00+00:00
[2024-10-20T19:28:22.352-0300] {processor.py:208} INFO - Processing /mnt/c/Users/Pato_/OneDrive/Documentos/ITBA/PYTHON_DATA_APP/itba/lib/python3.10/site-packages/airflow/example_dags/example_workday_timetable.py took 0.132 seconds
[2024-10-20T19:29:28.851-0300] {processor.py:186} INFO - Started process (PID=315781) to work on /mnt/c/Users/Pato_/OneDrive/Documentos/ITBA/PYTHON_DATA_APP/itba/lib/python3.10/site-packages/airflow/example_dags/example_workday_timetable.py
[2024-10-20T19:29:28.852-0300] {processor.py:914} INFO - Processing file /mnt/c/Users/Pato_/OneDrive/Documentos/ITBA/PYTHON_DATA_APP/itba/lib/python3.10/site-packages/airflow/example_dags/example_workday_timetable.py for tasks to queue
[2024-10-20T19:29:28.854-0300] {logging_mixin.py:190} INFO - [2024-10-20T19:29:28.853-0300] {dagbag.py:588} INFO - Filling up the DagBag from /mnt/c/Users/Pato_/OneDrive/Documentos/ITBA/PYTHON_DATA_APP/itba/lib/python3.10/site-packages/airflow/example_dags/example_workday_timetable.py
[2024-10-20T19:29:28.894-0300] {processor.py:925} INFO - DAG(s) 'example_workday_timetable' retrieved from /mnt/c/Users/Pato_/OneDrive/Documentos/ITBA/PYTHON_DATA_APP/itba/lib/python3.10/site-packages/airflow/example_dags/example_workday_timetable.py
[2024-10-20T19:29:28.909-0300] {logging_mixin.py:190} INFO - [2024-10-20T19:29:28.908-0300] {dag.py:3239} INFO - Sync 1 DAGs
[2024-10-20T19:29:28.949-0300] {logging_mixin.py:190} INFO - [2024-10-20T19:29:28.948-0300] {dag.py:4180} INFO - Setting next_dagrun for example_workday_timetable to 2021-01-04 00:00:00+00:00, run_after=2021-01-05 00:00:00+00:00
[2024-10-20T19:29:28.979-0300] {processor.py:208} INFO - Processing /mnt/c/Users/Pato_/OneDrive/Documentos/ITBA/PYTHON_DATA_APP/itba/lib/python3.10/site-packages/airflow/example_dags/example_workday_timetable.py took 0.135 seconds
[2024-10-20T19:30:42.247-0300] {processor.py:186} INFO - Started process (PID=316448) to work on /mnt/c/Users/Pato_/OneDrive/Documentos/ITBA/PYTHON_DATA_APP/itba/lib/python3.10/site-packages/airflow/example_dags/example_workday_timetable.py
[2024-10-20T19:30:42.249-0300] {processor.py:914} INFO - Processing file /mnt/c/Users/Pato_/OneDrive/Documentos/ITBA/PYTHON_DATA_APP/itba/lib/python3.10/site-packages/airflow/example_dags/example_workday_timetable.py for tasks to queue
[2024-10-20T19:30:42.250-0300] {logging_mixin.py:190} INFO - [2024-10-20T19:30:42.250-0300] {dagbag.py:588} INFO - Filling up the DagBag from /mnt/c/Users/Pato_/OneDrive/Documentos/ITBA/PYTHON_DATA_APP/itba/lib/python3.10/site-packages/airflow/example_dags/example_workday_timetable.py
[2024-10-20T19:30:42.290-0300] {processor.py:925} INFO - DAG(s) 'example_workday_timetable' retrieved from /mnt/c/Users/Pato_/OneDrive/Documentos/ITBA/PYTHON_DATA_APP/itba/lib/python3.10/site-packages/airflow/example_dags/example_workday_timetable.py
[2024-10-20T19:30:42.303-0300] {logging_mixin.py:190} INFO - [2024-10-20T19:30:42.303-0300] {dag.py:3239} INFO - Sync 1 DAGs
[2024-10-20T19:30:42.342-0300] {logging_mixin.py:190} INFO - [2024-10-20T19:30:42.341-0300] {dag.py:4180} INFO - Setting next_dagrun for example_workday_timetable to 2021-01-04 00:00:00+00:00, run_after=2021-01-05 00:00:00+00:00
[2024-10-20T19:30:42.371-0300] {processor.py:208} INFO - Processing /mnt/c/Users/Pato_/OneDrive/Documentos/ITBA/PYTHON_DATA_APP/itba/lib/python3.10/site-packages/airflow/example_dags/example_workday_timetable.py took 0.130 seconds
[2024-10-20T19:31:48.126-0300] {processor.py:186} INFO - Started process (PID=316961) to work on /mnt/c/Users/Pato_/OneDrive/Documentos/ITBA/PYTHON_DATA_APP/itba/lib/python3.10/site-packages/airflow/example_dags/example_workday_timetable.py
[2024-10-20T19:31:48.127-0300] {processor.py:914} INFO - Processing file /mnt/c/Users/Pato_/OneDrive/Documentos/ITBA/PYTHON_DATA_APP/itba/lib/python3.10/site-packages/airflow/example_dags/example_workday_timetable.py for tasks to queue
[2024-10-20T19:31:48.129-0300] {logging_mixin.py:190} INFO - [2024-10-20T19:31:48.128-0300] {dagbag.py:588} INFO - Filling up the DagBag from /mnt/c/Users/Pato_/OneDrive/Documentos/ITBA/PYTHON_DATA_APP/itba/lib/python3.10/site-packages/airflow/example_dags/example_workday_timetable.py
[2024-10-20T19:31:48.166-0300] {processor.py:925} INFO - DAG(s) 'example_workday_timetable' retrieved from /mnt/c/Users/Pato_/OneDrive/Documentos/ITBA/PYTHON_DATA_APP/itba/lib/python3.10/site-packages/airflow/example_dags/example_workday_timetable.py
[2024-10-20T19:31:48.182-0300] {logging_mixin.py:190} INFO - [2024-10-20T19:31:48.182-0300] {dag.py:3239} INFO - Sync 1 DAGs
[2024-10-20T19:31:48.222-0300] {logging_mixin.py:190} INFO - [2024-10-20T19:31:48.221-0300] {dag.py:4180} INFO - Setting next_dagrun for example_workday_timetable to 2021-01-04 00:00:00+00:00, run_after=2021-01-05 00:00:00+00:00
[2024-10-20T19:31:48.251-0300] {processor.py:208} INFO - Processing /mnt/c/Users/Pato_/OneDrive/Documentos/ITBA/PYTHON_DATA_APP/itba/lib/python3.10/site-packages/airflow/example_dags/example_workday_timetable.py took 0.132 seconds
[2024-10-20T19:32:54.971-0300] {processor.py:186} INFO - Started process (PID=317496) to work on /mnt/c/Users/Pato_/OneDrive/Documentos/ITBA/PYTHON_DATA_APP/itba/lib/python3.10/site-packages/airflow/example_dags/example_workday_timetable.py
[2024-10-20T19:32:54.972-0300] {processor.py:914} INFO - Processing file /mnt/c/Users/Pato_/OneDrive/Documentos/ITBA/PYTHON_DATA_APP/itba/lib/python3.10/site-packages/airflow/example_dags/example_workday_timetable.py for tasks to queue
[2024-10-20T19:32:54.974-0300] {logging_mixin.py:190} INFO - [2024-10-20T19:32:54.974-0300] {dagbag.py:588} INFO - Filling up the DagBag from /mnt/c/Users/Pato_/OneDrive/Documentos/ITBA/PYTHON_DATA_APP/itba/lib/python3.10/site-packages/airflow/example_dags/example_workday_timetable.py
[2024-10-20T19:32:55.015-0300] {processor.py:925} INFO - DAG(s) 'example_workday_timetable' retrieved from /mnt/c/Users/Pato_/OneDrive/Documentos/ITBA/PYTHON_DATA_APP/itba/lib/python3.10/site-packages/airflow/example_dags/example_workday_timetable.py
[2024-10-20T19:32:55.031-0300] {logging_mixin.py:190} INFO - [2024-10-20T19:32:55.030-0300] {dag.py:3239} INFO - Sync 1 DAGs
[2024-10-20T19:32:55.072-0300] {logging_mixin.py:190} INFO - [2024-10-20T19:32:55.072-0300] {dag.py:4180} INFO - Setting next_dagrun for example_workday_timetable to 2021-01-04 00:00:00+00:00, run_after=2021-01-05 00:00:00+00:00
[2024-10-20T19:32:55.104-0300] {processor.py:208} INFO - Processing /mnt/c/Users/Pato_/OneDrive/Documentos/ITBA/PYTHON_DATA_APP/itba/lib/python3.10/site-packages/airflow/example_dags/example_workday_timetable.py took 0.141 seconds
[2024-10-20T19:34:01.052-0300] {processor.py:186} INFO - Started process (PID=318149) to work on /mnt/c/Users/Pato_/OneDrive/Documentos/ITBA/PYTHON_DATA_APP/itba/lib/python3.10/site-packages/airflow/example_dags/example_workday_timetable.py
[2024-10-20T19:34:01.053-0300] {processor.py:914} INFO - Processing file /mnt/c/Users/Pato_/OneDrive/Documentos/ITBA/PYTHON_DATA_APP/itba/lib/python3.10/site-packages/airflow/example_dags/example_workday_timetable.py for tasks to queue
[2024-10-20T19:34:01.055-0300] {logging_mixin.py:190} INFO - [2024-10-20T19:34:01.054-0300] {dagbag.py:588} INFO - Filling up the DagBag from /mnt/c/Users/Pato_/OneDrive/Documentos/ITBA/PYTHON_DATA_APP/itba/lib/python3.10/site-packages/airflow/example_dags/example_workday_timetable.py
[2024-10-20T19:34:01.093-0300] {processor.py:925} INFO - DAG(s) 'example_workday_timetable' retrieved from /mnt/c/Users/Pato_/OneDrive/Documentos/ITBA/PYTHON_DATA_APP/itba/lib/python3.10/site-packages/airflow/example_dags/example_workday_timetable.py
[2024-10-20T19:34:01.107-0300] {logging_mixin.py:190} INFO - [2024-10-20T19:34:01.106-0300] {dag.py:3239} INFO - Sync 1 DAGs
[2024-10-20T19:34:01.197-0300] {logging_mixin.py:190} INFO - [2024-10-20T19:34:01.197-0300] {dag.py:4180} INFO - Setting next_dagrun for example_workday_timetable to 2021-01-04 00:00:00+00:00, run_after=2021-01-05 00:00:00+00:00
[2024-10-20T19:34:01.227-0300] {processor.py:208} INFO - Processing /mnt/c/Users/Pato_/OneDrive/Documentos/ITBA/PYTHON_DATA_APP/itba/lib/python3.10/site-packages/airflow/example_dags/example_workday_timetable.py took 0.182 seconds
[2024-10-20T19:35:11.342-0300] {processor.py:186} INFO - Started process (PID=318922) to work on /mnt/c/Users/Pato_/OneDrive/Documentos/ITBA/PYTHON_DATA_APP/itba/lib/python3.10/site-packages/airflow/example_dags/example_workday_timetable.py
[2024-10-20T19:35:11.343-0300] {processor.py:914} INFO - Processing file /mnt/c/Users/Pato_/OneDrive/Documentos/ITBA/PYTHON_DATA_APP/itba/lib/python3.10/site-packages/airflow/example_dags/example_workday_timetable.py for tasks to queue
[2024-10-20T19:35:11.345-0300] {logging_mixin.py:190} INFO - [2024-10-20T19:35:11.344-0300] {dagbag.py:588} INFO - Filling up the DagBag from /mnt/c/Users/Pato_/OneDrive/Documentos/ITBA/PYTHON_DATA_APP/itba/lib/python3.10/site-packages/airflow/example_dags/example_workday_timetable.py
[2024-10-20T19:35:11.382-0300] {processor.py:925} INFO - DAG(s) 'example_workday_timetable' retrieved from /mnt/c/Users/Pato_/OneDrive/Documentos/ITBA/PYTHON_DATA_APP/itba/lib/python3.10/site-packages/airflow/example_dags/example_workday_timetable.py
[2024-10-20T19:35:11.397-0300] {logging_mixin.py:190} INFO - [2024-10-20T19:35:11.396-0300] {dag.py:3239} INFO - Sync 1 DAGs
[2024-10-20T19:35:11.493-0300] {logging_mixin.py:190} INFO - [2024-10-20T19:35:11.492-0300] {dag.py:4180} INFO - Setting next_dagrun for example_workday_timetable to 2021-01-04 00:00:00+00:00, run_after=2021-01-05 00:00:00+00:00
[2024-10-20T19:35:11.523-0300] {processor.py:208} INFO - Processing /mnt/c/Users/Pato_/OneDrive/Documentos/ITBA/PYTHON_DATA_APP/itba/lib/python3.10/site-packages/airflow/example_dags/example_workday_timetable.py took 0.188 seconds
[2024-10-20T19:36:20.457-0300] {processor.py:186} INFO - Started process (PID=319514) to work on /mnt/c/Users/Pato_/OneDrive/Documentos/ITBA/PYTHON_DATA_APP/itba/lib/python3.10/site-packages/airflow/example_dags/example_workday_timetable.py
[2024-10-20T19:36:20.458-0300] {processor.py:914} INFO - Processing file /mnt/c/Users/Pato_/OneDrive/Documentos/ITBA/PYTHON_DATA_APP/itba/lib/python3.10/site-packages/airflow/example_dags/example_workday_timetable.py for tasks to queue
[2024-10-20T19:36:20.460-0300] {logging_mixin.py:190} INFO - [2024-10-20T19:36:20.459-0300] {dagbag.py:588} INFO - Filling up the DagBag from /mnt/c/Users/Pato_/OneDrive/Documentos/ITBA/PYTHON_DATA_APP/itba/lib/python3.10/site-packages/airflow/example_dags/example_workday_timetable.py
[2024-10-20T19:36:20.496-0300] {processor.py:925} INFO - DAG(s) 'example_workday_timetable' retrieved from /mnt/c/Users/Pato_/OneDrive/Documentos/ITBA/PYTHON_DATA_APP/itba/lib/python3.10/site-packages/airflow/example_dags/example_workday_timetable.py
[2024-10-20T19:36:20.510-0300] {logging_mixin.py:190} INFO - [2024-10-20T19:36:20.509-0300] {dag.py:3239} INFO - Sync 1 DAGs
[2024-10-20T19:36:20.548-0300] {logging_mixin.py:190} INFO - [2024-10-20T19:36:20.547-0300] {dag.py:4180} INFO - Setting next_dagrun for example_workday_timetable to 2021-01-04 00:00:00+00:00, run_after=2021-01-05 00:00:00+00:00
[2024-10-20T19:36:20.575-0300] {processor.py:208} INFO - Processing /mnt/c/Users/Pato_/OneDrive/Documentos/ITBA/PYTHON_DATA_APP/itba/lib/python3.10/site-packages/airflow/example_dags/example_workday_timetable.py took 0.125 seconds
[2024-10-20T19:37:29.187-0300] {processor.py:186} INFO - Started process (PID=320050) to work on /mnt/c/Users/Pato_/OneDrive/Documentos/ITBA/PYTHON_DATA_APP/itba/lib/python3.10/site-packages/airflow/example_dags/example_workday_timetable.py
[2024-10-20T19:37:29.188-0300] {processor.py:914} INFO - Processing file /mnt/c/Users/Pato_/OneDrive/Documentos/ITBA/PYTHON_DATA_APP/itba/lib/python3.10/site-packages/airflow/example_dags/example_workday_timetable.py for tasks to queue
[2024-10-20T19:37:29.190-0300] {logging_mixin.py:190} INFO - [2024-10-20T19:37:29.189-0300] {dagbag.py:588} INFO - Filling up the DagBag from /mnt/c/Users/Pato_/OneDrive/Documentos/ITBA/PYTHON_DATA_APP/itba/lib/python3.10/site-packages/airflow/example_dags/example_workday_timetable.py
[2024-10-20T19:37:29.227-0300] {processor.py:925} INFO - DAG(s) 'example_workday_timetable' retrieved from /mnt/c/Users/Pato_/OneDrive/Documentos/ITBA/PYTHON_DATA_APP/itba/lib/python3.10/site-packages/airflow/example_dags/example_workday_timetable.py
[2024-10-20T19:37:29.241-0300] {logging_mixin.py:190} INFO - [2024-10-20T19:37:29.240-0300] {dag.py:3239} INFO - Sync 1 DAGs
[2024-10-20T19:37:29.280-0300] {logging_mixin.py:190} INFO - [2024-10-20T19:37:29.280-0300] {dag.py:4180} INFO - Setting next_dagrun for example_workday_timetable to 2021-01-04 00:00:00+00:00, run_after=2021-01-05 00:00:00+00:00
[2024-10-20T19:37:29.309-0300] {processor.py:208} INFO - Processing /mnt/c/Users/Pato_/OneDrive/Documentos/ITBA/PYTHON_DATA_APP/itba/lib/python3.10/site-packages/airflow/example_dags/example_workday_timetable.py took 0.129 seconds
[2024-10-20T19:38:34.523-0300] {processor.py:186} INFO - Started process (PID=320560) to work on /mnt/c/Users/Pato_/OneDrive/Documentos/ITBA/PYTHON_DATA_APP/itba/lib/python3.10/site-packages/airflow/example_dags/example_workday_timetable.py
[2024-10-20T19:38:34.524-0300] {processor.py:914} INFO - Processing file /mnt/c/Users/Pato_/OneDrive/Documentos/ITBA/PYTHON_DATA_APP/itba/lib/python3.10/site-packages/airflow/example_dags/example_workday_timetable.py for tasks to queue
[2024-10-20T19:38:34.527-0300] {logging_mixin.py:190} INFO - [2024-10-20T19:38:34.526-0300] {dagbag.py:588} INFO - Filling up the DagBag from /mnt/c/Users/Pato_/OneDrive/Documentos/ITBA/PYTHON_DATA_APP/itba/lib/python3.10/site-packages/airflow/example_dags/example_workday_timetable.py
[2024-10-20T19:38:34.567-0300] {processor.py:925} INFO - DAG(s) 'example_workday_timetable' retrieved from /mnt/c/Users/Pato_/OneDrive/Documentos/ITBA/PYTHON_DATA_APP/itba/lib/python3.10/site-packages/airflow/example_dags/example_workday_timetable.py
[2024-10-20T19:38:34.583-0300] {logging_mixin.py:190} INFO - [2024-10-20T19:38:34.582-0300] {dag.py:3239} INFO - Sync 1 DAGs
[2024-10-20T19:38:34.624-0300] {logging_mixin.py:190} INFO - [2024-10-20T19:38:34.623-0300] {dag.py:4180} INFO - Setting next_dagrun for example_workday_timetable to 2021-01-04 00:00:00+00:00, run_after=2021-01-05 00:00:00+00:00
[2024-10-20T19:38:34.652-0300] {processor.py:208} INFO - Processing /mnt/c/Users/Pato_/OneDrive/Documentos/ITBA/PYTHON_DATA_APP/itba/lib/python3.10/site-packages/airflow/example_dags/example_workday_timetable.py took 0.137 seconds
[2024-10-20T19:39:41.634-0300] {processor.py:186} INFO - Started process (PID=321153) to work on /mnt/c/Users/Pato_/OneDrive/Documentos/ITBA/PYTHON_DATA_APP/itba/lib/python3.10/site-packages/airflow/example_dags/example_workday_timetable.py
[2024-10-20T19:39:41.635-0300] {processor.py:914} INFO - Processing file /mnt/c/Users/Pato_/OneDrive/Documentos/ITBA/PYTHON_DATA_APP/itba/lib/python3.10/site-packages/airflow/example_dags/example_workday_timetable.py for tasks to queue
[2024-10-20T19:39:41.637-0300] {logging_mixin.py:190} INFO - [2024-10-20T19:39:41.636-0300] {dagbag.py:588} INFO - Filling up the DagBag from /mnt/c/Users/Pato_/OneDrive/Documentos/ITBA/PYTHON_DATA_APP/itba/lib/python3.10/site-packages/airflow/example_dags/example_workday_timetable.py
[2024-10-20T19:39:41.675-0300] {processor.py:925} INFO - DAG(s) 'example_workday_timetable' retrieved from /mnt/c/Users/Pato_/OneDrive/Documentos/ITBA/PYTHON_DATA_APP/itba/lib/python3.10/site-packages/airflow/example_dags/example_workday_timetable.py
[2024-10-20T19:39:41.690-0300] {logging_mixin.py:190} INFO - [2024-10-20T19:39:41.690-0300] {dag.py:3239} INFO - Sync 1 DAGs
[2024-10-20T19:39:41.729-0300] {logging_mixin.py:190} INFO - [2024-10-20T19:39:41.728-0300] {dag.py:4180} INFO - Setting next_dagrun for example_workday_timetable to 2021-01-04 00:00:00+00:00, run_after=2021-01-05 00:00:00+00:00
[2024-10-20T19:39:41.758-0300] {processor.py:208} INFO - Processing /mnt/c/Users/Pato_/OneDrive/Documentos/ITBA/PYTHON_DATA_APP/itba/lib/python3.10/site-packages/airflow/example_dags/example_workday_timetable.py took 0.131 seconds
[2024-10-20T19:40:45.070-0300] {processor.py:186} INFO - Started process (PID=321965) to work on /mnt/c/Users/Pato_/OneDrive/Documentos/ITBA/PYTHON_DATA_APP/itba/lib/python3.10/site-packages/airflow/example_dags/example_workday_timetable.py
[2024-10-20T19:40:45.071-0300] {processor.py:914} INFO - Processing file /mnt/c/Users/Pato_/OneDrive/Documentos/ITBA/PYTHON_DATA_APP/itba/lib/python3.10/site-packages/airflow/example_dags/example_workday_timetable.py for tasks to queue
[2024-10-20T19:40:45.073-0300] {logging_mixin.py:190} INFO - [2024-10-20T19:40:45.073-0300] {dagbag.py:588} INFO - Filling up the DagBag from /mnt/c/Users/Pato_/OneDrive/Documentos/ITBA/PYTHON_DATA_APP/itba/lib/python3.10/site-packages/airflow/example_dags/example_workday_timetable.py
[2024-10-20T19:40:45.112-0300] {processor.py:925} INFO - DAG(s) 'example_workday_timetable' retrieved from /mnt/c/Users/Pato_/OneDrive/Documentos/ITBA/PYTHON_DATA_APP/itba/lib/python3.10/site-packages/airflow/example_dags/example_workday_timetable.py
[2024-10-20T19:40:45.126-0300] {logging_mixin.py:190} INFO - [2024-10-20T19:40:45.125-0300] {dag.py:3239} INFO - Sync 1 DAGs
[2024-10-20T19:40:45.165-0300] {logging_mixin.py:190} INFO - [2024-10-20T19:40:45.164-0300] {dag.py:4180} INFO - Setting next_dagrun for example_workday_timetable to 2021-01-04 00:00:00+00:00, run_after=2021-01-05 00:00:00+00:00
[2024-10-20T19:40:45.194-0300] {processor.py:208} INFO - Processing /mnt/c/Users/Pato_/OneDrive/Documentos/ITBA/PYTHON_DATA_APP/itba/lib/python3.10/site-packages/airflow/example_dags/example_workday_timetable.py took 0.131 seconds
[2024-10-20T19:41:53.905-0300] {processor.py:186} INFO - Started process (PID=322503) to work on /mnt/c/Users/Pato_/OneDrive/Documentos/ITBA/PYTHON_DATA_APP/itba/lib/python3.10/site-packages/airflow/example_dags/example_workday_timetable.py
[2024-10-20T19:41:53.906-0300] {processor.py:914} INFO - Processing file /mnt/c/Users/Pato_/OneDrive/Documentos/ITBA/PYTHON_DATA_APP/itba/lib/python3.10/site-packages/airflow/example_dags/example_workday_timetable.py for tasks to queue
[2024-10-20T19:41:53.908-0300] {logging_mixin.py:190} INFO - [2024-10-20T19:41:53.908-0300] {dagbag.py:588} INFO - Filling up the DagBag from /mnt/c/Users/Pato_/OneDrive/Documentos/ITBA/PYTHON_DATA_APP/itba/lib/python3.10/site-packages/airflow/example_dags/example_workday_timetable.py
[2024-10-20T19:41:53.947-0300] {processor.py:925} INFO - DAG(s) 'example_workday_timetable' retrieved from /mnt/c/Users/Pato_/OneDrive/Documentos/ITBA/PYTHON_DATA_APP/itba/lib/python3.10/site-packages/airflow/example_dags/example_workday_timetable.py
[2024-10-20T19:41:53.961-0300] {logging_mixin.py:190} INFO - [2024-10-20T19:41:53.960-0300] {dag.py:3239} INFO - Sync 1 DAGs
[2024-10-20T19:41:54.049-0300] {logging_mixin.py:190} INFO - [2024-10-20T19:41:54.049-0300] {dag.py:4180} INFO - Setting next_dagrun for example_workday_timetable to 2021-01-04 00:00:00+00:00, run_after=2021-01-05 00:00:00+00:00
[2024-10-20T19:41:54.078-0300] {processor.py:208} INFO - Processing /mnt/c/Users/Pato_/OneDrive/Documentos/ITBA/PYTHON_DATA_APP/itba/lib/python3.10/site-packages/airflow/example_dags/example_workday_timetable.py took 0.180 seconds
