[2024-10-20T19:00:27.069-0300] {processor.py:186} INFO - Started process (PID=298712) to work on /mnt/c/Users/Pato_/OneDrive/Documentos/ITBA/PYTHON_DATA_APP/itba/lib/python3.10/site-packages/airflow/example_dags/example_short_circuit_operator.py
[2024-10-20T19:00:27.070-0300] {processor.py:914} INFO - Processing file /mnt/c/Users/Pato_/OneDrive/Documentos/ITBA/PYTHON_DATA_APP/itba/lib/python3.10/site-packages/airflow/example_dags/example_short_circuit_operator.py for tasks to queue
[2024-10-20T19:00:27.072-0300] {logging_mixin.py:190} INFO - [2024-10-20T19:00:27.071-0300] {dagbag.py:588} INFO - Filling up the DagBag from /mnt/c/Users/Pato_/OneDrive/Documentos/ITBA/PYTHON_DATA_APP/itba/lib/python3.10/site-packages/airflow/example_dags/example_short_circuit_operator.py
[2024-10-20T19:00:27.112-0300] {processor.py:925} INFO - DAG(s) 'example_short_circuit_operator' retrieved from /mnt/c/Users/Pato_/OneDrive/Documentos/ITBA/PYTHON_DATA_APP/itba/lib/python3.10/site-packages/airflow/example_dags/example_short_circuit_operator.py
[2024-10-20T19:00:27.861-0300] {logging_mixin.py:190} INFO - [2024-10-20T19:00:27.860-0300] {override.py:1907} INFO - Created Permission View: can read on DAG:example_short_circuit_operator
[2024-10-20T19:00:27.881-0300] {logging_mixin.py:190} INFO - [2024-10-20T19:00:27.880-0300] {override.py:1907} INFO - Created Permission View: can delete on DAG:example_short_circuit_operator
[2024-10-20T19:00:27.899-0300] {logging_mixin.py:190} INFO - [2024-10-20T19:00:27.899-0300] {override.py:1907} INFO - Created Permission View: can edit on DAG:example_short_circuit_operator
[2024-10-20T19:00:27.927-0300] {logging_mixin.py:190} INFO - [2024-10-20T19:00:27.927-0300] {override.py:1907} INFO - Created Permission View: can read on DAG Run:example_short_circuit_operator
[2024-10-20T19:00:27.945-0300] {logging_mixin.py:190} INFO - [2024-10-20T19:00:27.944-0300] {override.py:1907} INFO - Created Permission View: can delete on DAG Run:example_short_circuit_operator
[2024-10-20T19:00:27.963-0300] {logging_mixin.py:190} INFO - [2024-10-20T19:00:27.963-0300] {override.py:1907} INFO - Created Permission View: can create on DAG Run:example_short_circuit_operator
[2024-10-20T19:00:27.980-0300] {logging_mixin.py:190} INFO - [2024-10-20T19:00:27.980-0300] {override.py:1907} INFO - Created Permission View: menu access on DAG Run:example_short_circuit_operator
[2024-10-20T19:00:27.982-0300] {logging_mixin.py:190} INFO - [2024-10-20T19:00:27.981-0300] {dag.py:3239} INFO - Sync 1 DAGs
[2024-10-20T19:00:27.992-0300] {logging_mixin.py:190} INFO - [2024-10-20T19:00:27.992-0300] {dag.py:3262} INFO - Creating ORM DAG for example_short_circuit_operator
[2024-10-20T19:00:27.993-0300] {logging_mixin.py:190} INFO - [2024-10-20T19:00:27.993-0300] {dag.py:4180} INFO - Setting next_dagrun for example_short_circuit_operator to None, run_after=None
[2024-10-20T19:00:28.025-0300] {processor.py:208} INFO - Processing /mnt/c/Users/Pato_/OneDrive/Documentos/ITBA/PYTHON_DATA_APP/itba/lib/python3.10/site-packages/airflow/example_dags/example_short_circuit_operator.py took 0.963 seconds
[2024-10-20T19:02:43.940-0300] {processor.py:186} INFO - Started process (PID=299925) to work on /mnt/c/Users/Pato_/OneDrive/Documentos/ITBA/PYTHON_DATA_APP/itba/lib/python3.10/site-packages/airflow/example_dags/example_short_circuit_operator.py
[2024-10-20T19:02:43.941-0300] {processor.py:914} INFO - Processing file /mnt/c/Users/Pato_/OneDrive/Documentos/ITBA/PYTHON_DATA_APP/itba/lib/python3.10/site-packages/airflow/example_dags/example_short_circuit_operator.py for tasks to queue
[2024-10-20T19:02:43.944-0300] {logging_mixin.py:190} INFO - [2024-10-20T19:02:43.943-0300] {dagbag.py:588} INFO - Filling up the DagBag from /mnt/c/Users/Pato_/OneDrive/Documentos/ITBA/PYTHON_DATA_APP/itba/lib/python3.10/site-packages/airflow/example_dags/example_short_circuit_operator.py
[2024-10-20T19:02:43.988-0300] {processor.py:925} INFO - DAG(s) 'example_short_circuit_operator' retrieved from /mnt/c/Users/Pato_/OneDrive/Documentos/ITBA/PYTHON_DATA_APP/itba/lib/python3.10/site-packages/airflow/example_dags/example_short_circuit_operator.py
[2024-10-20T19:02:44.006-0300] {logging_mixin.py:190} INFO - [2024-10-20T19:02:44.005-0300] {dag.py:3239} INFO - Sync 1 DAGs
[2024-10-20T19:02:44.015-0300] {logging_mixin.py:190} INFO - [2024-10-20T19:02:44.014-0300] {dag.py:4180} INFO - Setting next_dagrun for example_short_circuit_operator to None, run_after=None
[2024-10-20T19:02:44.045-0300] {processor.py:208} INFO - Processing /mnt/c/Users/Pato_/OneDrive/Documentos/ITBA/PYTHON_DATA_APP/itba/lib/python3.10/site-packages/airflow/example_dags/example_short_circuit_operator.py took 0.113 seconds
[2024-10-20T19:03:53.071-0300] {processor.py:186} INFO - Started process (PID=300471) to work on /mnt/c/Users/Pato_/OneDrive/Documentos/ITBA/PYTHON_DATA_APP/itba/lib/python3.10/site-packages/airflow/example_dags/example_short_circuit_operator.py
[2024-10-20T19:03:53.072-0300] {processor.py:914} INFO - Processing file /mnt/c/Users/Pato_/OneDrive/Documentos/ITBA/PYTHON_DATA_APP/itba/lib/python3.10/site-packages/airflow/example_dags/example_short_circuit_operator.py for tasks to queue
[2024-10-20T19:03:53.074-0300] {logging_mixin.py:190} INFO - [2024-10-20T19:03:53.073-0300] {dagbag.py:588} INFO - Filling up the DagBag from /mnt/c/Users/Pato_/OneDrive/Documentos/ITBA/PYTHON_DATA_APP/itba/lib/python3.10/site-packages/airflow/example_dags/example_short_circuit_operator.py
[2024-10-20T19:03:53.114-0300] {processor.py:925} INFO - DAG(s) 'example_short_circuit_operator' retrieved from /mnt/c/Users/Pato_/OneDrive/Documentos/ITBA/PYTHON_DATA_APP/itba/lib/python3.10/site-packages/airflow/example_dags/example_short_circuit_operator.py
[2024-10-20T19:03:53.131-0300] {logging_mixin.py:190} INFO - [2024-10-20T19:03:53.130-0300] {dag.py:3239} INFO - Sync 1 DAGs
[2024-10-20T19:03:53.140-0300] {logging_mixin.py:190} INFO - [2024-10-20T19:03:53.139-0300] {dag.py:4180} INFO - Setting next_dagrun for example_short_circuit_operator to None, run_after=None
[2024-10-20T19:03:53.170-0300] {processor.py:208} INFO - Processing /mnt/c/Users/Pato_/OneDrive/Documentos/ITBA/PYTHON_DATA_APP/itba/lib/python3.10/site-packages/airflow/example_dags/example_short_circuit_operator.py took 0.107 seconds
[2024-10-20T19:04:47.440-0300] {processor.py:186} INFO - Started process (PID=301114) to work on /mnt/c/Users/Pato_/OneDrive/Documentos/ITBA/PYTHON_DATA_APP/itba/lib/python3.10/site-packages/airflow/example_dags/example_short_circuit_operator.py
[2024-10-20T19:04:47.441-0300] {processor.py:914} INFO - Processing file /mnt/c/Users/Pato_/OneDrive/Documentos/ITBA/PYTHON_DATA_APP/itba/lib/python3.10/site-packages/airflow/example_dags/example_short_circuit_operator.py for tasks to queue
[2024-10-20T19:04:47.444-0300] {logging_mixin.py:190} INFO - [2024-10-20T19:04:47.443-0300] {dagbag.py:588} INFO - Filling up the DagBag from /mnt/c/Users/Pato_/OneDrive/Documentos/ITBA/PYTHON_DATA_APP/itba/lib/python3.10/site-packages/airflow/example_dags/example_short_circuit_operator.py
[2024-10-20T19:04:47.486-0300] {processor.py:925} INFO - DAG(s) 'example_short_circuit_operator' retrieved from /mnt/c/Users/Pato_/OneDrive/Documentos/ITBA/PYTHON_DATA_APP/itba/lib/python3.10/site-packages/airflow/example_dags/example_short_circuit_operator.py
[2024-10-20T19:04:47.503-0300] {logging_mixin.py:190} INFO - [2024-10-20T19:04:47.502-0300] {dag.py:3239} INFO - Sync 1 DAGs
[2024-10-20T19:04:47.512-0300] {logging_mixin.py:190} INFO - [2024-10-20T19:04:47.511-0300] {dag.py:4180} INFO - Setting next_dagrun for example_short_circuit_operator to None, run_after=None
[2024-10-20T19:04:47.541-0300] {processor.py:208} INFO - Processing /mnt/c/Users/Pato_/OneDrive/Documentos/ITBA/PYTHON_DATA_APP/itba/lib/python3.10/site-packages/airflow/example_dags/example_short_circuit_operator.py took 0.107 seconds
[2024-10-20T19:07:01.064-0300] {processor.py:186} INFO - Started process (PID=302895) to work on /mnt/c/Users/Pato_/OneDrive/Documentos/ITBA/PYTHON_DATA_APP/itba/lib/python3.10/site-packages/airflow/example_dags/example_short_circuit_operator.py
[2024-10-20T19:07:01.065-0300] {processor.py:914} INFO - Processing file /mnt/c/Users/Pato_/OneDrive/Documentos/ITBA/PYTHON_DATA_APP/itba/lib/python3.10/site-packages/airflow/example_dags/example_short_circuit_operator.py for tasks to queue
[2024-10-20T19:07:01.068-0300] {logging_mixin.py:190} INFO - [2024-10-20T19:07:01.067-0300] {dagbag.py:588} INFO - Filling up the DagBag from /mnt/c/Users/Pato_/OneDrive/Documentos/ITBA/PYTHON_DATA_APP/itba/lib/python3.10/site-packages/airflow/example_dags/example_short_circuit_operator.py
[2024-10-20T19:07:01.111-0300] {processor.py:925} INFO - DAG(s) 'example_short_circuit_operator' retrieved from /mnt/c/Users/Pato_/OneDrive/Documentos/ITBA/PYTHON_DATA_APP/itba/lib/python3.10/site-packages/airflow/example_dags/example_short_circuit_operator.py
[2024-10-20T19:07:01.129-0300] {logging_mixin.py:190} INFO - [2024-10-20T19:07:01.129-0300] {dag.py:3239} INFO - Sync 1 DAGs
[2024-10-20T19:07:01.139-0300] {logging_mixin.py:190} INFO - [2024-10-20T19:07:01.138-0300] {dag.py:4180} INFO - Setting next_dagrun for example_short_circuit_operator to None, run_after=None
[2024-10-20T19:07:01.171-0300] {processor.py:208} INFO - Processing /mnt/c/Users/Pato_/OneDrive/Documentos/ITBA/PYTHON_DATA_APP/itba/lib/python3.10/site-packages/airflow/example_dags/example_short_circuit_operator.py took 0.114 seconds
[2024-10-20T19:08:00.577-0300] {processor.py:186} INFO - Started process (PID=303573) to work on /mnt/c/Users/Pato_/OneDrive/Documentos/ITBA/PYTHON_DATA_APP/itba/lib/python3.10/site-packages/airflow/example_dags/example_short_circuit_operator.py
[2024-10-20T19:08:00.578-0300] {processor.py:914} INFO - Processing file /mnt/c/Users/Pato_/OneDrive/Documentos/ITBA/PYTHON_DATA_APP/itba/lib/python3.10/site-packages/airflow/example_dags/example_short_circuit_operator.py for tasks to queue
[2024-10-20T19:08:00.580-0300] {logging_mixin.py:190} INFO - [2024-10-20T19:08:00.579-0300] {dagbag.py:588} INFO - Filling up the DagBag from /mnt/c/Users/Pato_/OneDrive/Documentos/ITBA/PYTHON_DATA_APP/itba/lib/python3.10/site-packages/airflow/example_dags/example_short_circuit_operator.py
[2024-10-20T19:08:00.620-0300] {processor.py:925} INFO - DAG(s) 'example_short_circuit_operator' retrieved from /mnt/c/Users/Pato_/OneDrive/Documentos/ITBA/PYTHON_DATA_APP/itba/lib/python3.10/site-packages/airflow/example_dags/example_short_circuit_operator.py
[2024-10-20T19:08:00.636-0300] {logging_mixin.py:190} INFO - [2024-10-20T19:08:00.635-0300] {dag.py:3239} INFO - Sync 1 DAGs
[2024-10-20T19:08:00.644-0300] {logging_mixin.py:190} INFO - [2024-10-20T19:08:00.643-0300] {dag.py:4180} INFO - Setting next_dagrun for example_short_circuit_operator to None, run_after=None
[2024-10-20T19:08:00.672-0300] {processor.py:208} INFO - Processing /mnt/c/Users/Pato_/OneDrive/Documentos/ITBA/PYTHON_DATA_APP/itba/lib/python3.10/site-packages/airflow/example_dags/example_short_circuit_operator.py took 0.102 seconds
[2024-10-20T19:09:07.615-0300] {processor.py:186} INFO - Started process (PID=304145) to work on /mnt/c/Users/Pato_/OneDrive/Documentos/ITBA/PYTHON_DATA_APP/itba/lib/python3.10/site-packages/airflow/example_dags/example_short_circuit_operator.py
[2024-10-20T19:09:07.616-0300] {processor.py:914} INFO - Processing file /mnt/c/Users/Pato_/OneDrive/Documentos/ITBA/PYTHON_DATA_APP/itba/lib/python3.10/site-packages/airflow/example_dags/example_short_circuit_operator.py for tasks to queue
[2024-10-20T19:09:07.618-0300] {logging_mixin.py:190} INFO - [2024-10-20T19:09:07.617-0300] {dagbag.py:588} INFO - Filling up the DagBag from /mnt/c/Users/Pato_/OneDrive/Documentos/ITBA/PYTHON_DATA_APP/itba/lib/python3.10/site-packages/airflow/example_dags/example_short_circuit_operator.py
[2024-10-20T19:09:07.657-0300] {processor.py:925} INFO - DAG(s) 'example_short_circuit_operator' retrieved from /mnt/c/Users/Pato_/OneDrive/Documentos/ITBA/PYTHON_DATA_APP/itba/lib/python3.10/site-packages/airflow/example_dags/example_short_circuit_operator.py
[2024-10-20T19:09:07.674-0300] {logging_mixin.py:190} INFO - [2024-10-20T19:09:07.673-0300] {dag.py:3239} INFO - Sync 1 DAGs
[2024-10-20T19:09:07.682-0300] {logging_mixin.py:190} INFO - [2024-10-20T19:09:07.682-0300] {dag.py:4180} INFO - Setting next_dagrun for example_short_circuit_operator to None, run_after=None
[2024-10-20T19:09:07.711-0300] {processor.py:208} INFO - Processing /mnt/c/Users/Pato_/OneDrive/Documentos/ITBA/PYTHON_DATA_APP/itba/lib/python3.10/site-packages/airflow/example_dags/example_short_circuit_operator.py took 0.103 seconds
[2024-10-20T19:10:12.183-0300] {processor.py:186} INFO - Started process (PID=304693) to work on /mnt/c/Users/Pato_/OneDrive/Documentos/ITBA/PYTHON_DATA_APP/itba/lib/python3.10/site-packages/airflow/example_dags/example_short_circuit_operator.py
[2024-10-20T19:10:12.184-0300] {processor.py:914} INFO - Processing file /mnt/c/Users/Pato_/OneDrive/Documentos/ITBA/PYTHON_DATA_APP/itba/lib/python3.10/site-packages/airflow/example_dags/example_short_circuit_operator.py for tasks to queue
[2024-10-20T19:10:12.187-0300] {logging_mixin.py:190} INFO - [2024-10-20T19:10:12.186-0300] {dagbag.py:588} INFO - Filling up the DagBag from /mnt/c/Users/Pato_/OneDrive/Documentos/ITBA/PYTHON_DATA_APP/itba/lib/python3.10/site-packages/airflow/example_dags/example_short_circuit_operator.py
[2024-10-20T19:10:12.226-0300] {processor.py:925} INFO - DAG(s) 'example_short_circuit_operator' retrieved from /mnt/c/Users/Pato_/OneDrive/Documentos/ITBA/PYTHON_DATA_APP/itba/lib/python3.10/site-packages/airflow/example_dags/example_short_circuit_operator.py
[2024-10-20T19:10:12.243-0300] {logging_mixin.py:190} INFO - [2024-10-20T19:10:12.242-0300] {dag.py:3239} INFO - Sync 1 DAGs
[2024-10-20T19:10:12.251-0300] {logging_mixin.py:190} INFO - [2024-10-20T19:10:12.250-0300] {dag.py:4180} INFO - Setting next_dagrun for example_short_circuit_operator to None, run_after=None
[2024-10-20T19:10:12.280-0300] {processor.py:208} INFO - Processing /mnt/c/Users/Pato_/OneDrive/Documentos/ITBA/PYTHON_DATA_APP/itba/lib/python3.10/site-packages/airflow/example_dags/example_short_circuit_operator.py took 0.104 seconds
[2024-10-20T19:11:19.581-0300] {processor.py:186} INFO - Started process (PID=305219) to work on /mnt/c/Users/Pato_/OneDrive/Documentos/ITBA/PYTHON_DATA_APP/itba/lib/python3.10/site-packages/airflow/example_dags/example_short_circuit_operator.py
[2024-10-20T19:11:19.582-0300] {processor.py:914} INFO - Processing file /mnt/c/Users/Pato_/OneDrive/Documentos/ITBA/PYTHON_DATA_APP/itba/lib/python3.10/site-packages/airflow/example_dags/example_short_circuit_operator.py for tasks to queue
[2024-10-20T19:11:19.584-0300] {logging_mixin.py:190} INFO - [2024-10-20T19:11:19.583-0300] {dagbag.py:588} INFO - Filling up the DagBag from /mnt/c/Users/Pato_/OneDrive/Documentos/ITBA/PYTHON_DATA_APP/itba/lib/python3.10/site-packages/airflow/example_dags/example_short_circuit_operator.py
[2024-10-20T19:11:19.628-0300] {processor.py:925} INFO - DAG(s) 'example_short_circuit_operator' retrieved from /mnt/c/Users/Pato_/OneDrive/Documentos/ITBA/PYTHON_DATA_APP/itba/lib/python3.10/site-packages/airflow/example_dags/example_short_circuit_operator.py
[2024-10-20T19:11:19.646-0300] {logging_mixin.py:190} INFO - [2024-10-20T19:11:19.645-0300] {dag.py:3239} INFO - Sync 1 DAGs
[2024-10-20T19:11:19.655-0300] {logging_mixin.py:190} INFO - [2024-10-20T19:11:19.654-0300] {dag.py:4180} INFO - Setting next_dagrun for example_short_circuit_operator to None, run_after=None
[2024-10-20T19:11:19.687-0300] {processor.py:208} INFO - Processing /mnt/c/Users/Pato_/OneDrive/Documentos/ITBA/PYTHON_DATA_APP/itba/lib/python3.10/site-packages/airflow/example_dags/example_short_circuit_operator.py took 0.113 seconds
[2024-10-20T19:12:29.651-0300] {processor.py:186} INFO - Started process (PID=305768) to work on /mnt/c/Users/Pato_/OneDrive/Documentos/ITBA/PYTHON_DATA_APP/itba/lib/python3.10/site-packages/airflow/example_dags/example_short_circuit_operator.py
[2024-10-20T19:12:29.652-0300] {processor.py:914} INFO - Processing file /mnt/c/Users/Pato_/OneDrive/Documentos/ITBA/PYTHON_DATA_APP/itba/lib/python3.10/site-packages/airflow/example_dags/example_short_circuit_operator.py for tasks to queue
[2024-10-20T19:12:29.654-0300] {logging_mixin.py:190} INFO - [2024-10-20T19:12:29.654-0300] {dagbag.py:588} INFO - Filling up the DagBag from /mnt/c/Users/Pato_/OneDrive/Documentos/ITBA/PYTHON_DATA_APP/itba/lib/python3.10/site-packages/airflow/example_dags/example_short_circuit_operator.py
[2024-10-20T19:12:29.693-0300] {processor.py:925} INFO - DAG(s) 'example_short_circuit_operator' retrieved from /mnt/c/Users/Pato_/OneDrive/Documentos/ITBA/PYTHON_DATA_APP/itba/lib/python3.10/site-packages/airflow/example_dags/example_short_circuit_operator.py
[2024-10-20T19:12:29.710-0300] {logging_mixin.py:190} INFO - [2024-10-20T19:12:29.709-0300] {dag.py:3239} INFO - Sync 1 DAGs
[2024-10-20T19:12:29.718-0300] {logging_mixin.py:190} INFO - [2024-10-20T19:12:29.718-0300] {dag.py:4180} INFO - Setting next_dagrun for example_short_circuit_operator to None, run_after=None
[2024-10-20T19:12:29.747-0300] {processor.py:208} INFO - Processing /mnt/c/Users/Pato_/OneDrive/Documentos/ITBA/PYTHON_DATA_APP/itba/lib/python3.10/site-packages/airflow/example_dags/example_short_circuit_operator.py took 0.102 seconds
[2024-10-20T19:13:31.216-0300] {processor.py:186} INFO - Started process (PID=306250) to work on /mnt/c/Users/Pato_/OneDrive/Documentos/ITBA/PYTHON_DATA_APP/itba/lib/python3.10/site-packages/airflow/example_dags/example_short_circuit_operator.py
[2024-10-20T19:13:31.217-0300] {processor.py:914} INFO - Processing file /mnt/c/Users/Pato_/OneDrive/Documentos/ITBA/PYTHON_DATA_APP/itba/lib/python3.10/site-packages/airflow/example_dags/example_short_circuit_operator.py for tasks to queue
[2024-10-20T19:13:31.218-0300] {logging_mixin.py:190} INFO - [2024-10-20T19:13:31.218-0300] {dagbag.py:588} INFO - Filling up the DagBag from /mnt/c/Users/Pato_/OneDrive/Documentos/ITBA/PYTHON_DATA_APP/itba/lib/python3.10/site-packages/airflow/example_dags/example_short_circuit_operator.py
[2024-10-20T19:13:31.258-0300] {processor.py:925} INFO - DAG(s) 'example_short_circuit_operator' retrieved from /mnt/c/Users/Pato_/OneDrive/Documentos/ITBA/PYTHON_DATA_APP/itba/lib/python3.10/site-packages/airflow/example_dags/example_short_circuit_operator.py
[2024-10-20T19:13:31.276-0300] {logging_mixin.py:190} INFO - [2024-10-20T19:13:31.276-0300] {dag.py:3239} INFO - Sync 1 DAGs
[2024-10-20T19:13:31.286-0300] {logging_mixin.py:190} INFO - [2024-10-20T19:13:31.285-0300] {dag.py:4180} INFO - Setting next_dagrun for example_short_circuit_operator to None, run_after=None
[2024-10-20T19:13:31.315-0300] {processor.py:208} INFO - Processing /mnt/c/Users/Pato_/OneDrive/Documentos/ITBA/PYTHON_DATA_APP/itba/lib/python3.10/site-packages/airflow/example_dags/example_short_circuit_operator.py took 0.106 seconds
[2024-10-20T19:14:41.397-0300] {processor.py:186} INFO - Started process (PID=306799) to work on /mnt/c/Users/Pato_/OneDrive/Documentos/ITBA/PYTHON_DATA_APP/itba/lib/python3.10/site-packages/airflow/example_dags/example_short_circuit_operator.py
[2024-10-20T19:14:41.398-0300] {processor.py:914} INFO - Processing file /mnt/c/Users/Pato_/OneDrive/Documentos/ITBA/PYTHON_DATA_APP/itba/lib/python3.10/site-packages/airflow/example_dags/example_short_circuit_operator.py for tasks to queue
[2024-10-20T19:14:41.400-0300] {logging_mixin.py:190} INFO - [2024-10-20T19:14:41.400-0300] {dagbag.py:588} INFO - Filling up the DagBag from /mnt/c/Users/Pato_/OneDrive/Documentos/ITBA/PYTHON_DATA_APP/itba/lib/python3.10/site-packages/airflow/example_dags/example_short_circuit_operator.py
[2024-10-20T19:14:41.439-0300] {processor.py:925} INFO - DAG(s) 'example_short_circuit_operator' retrieved from /mnt/c/Users/Pato_/OneDrive/Documentos/ITBA/PYTHON_DATA_APP/itba/lib/python3.10/site-packages/airflow/example_dags/example_short_circuit_operator.py
[2024-10-20T19:14:41.455-0300] {logging_mixin.py:190} INFO - [2024-10-20T19:14:41.455-0300] {dag.py:3239} INFO - Sync 1 DAGs
[2024-10-20T19:14:41.464-0300] {logging_mixin.py:190} INFO - [2024-10-20T19:14:41.463-0300] {dag.py:4180} INFO - Setting next_dagrun for example_short_circuit_operator to None, run_after=None
[2024-10-20T19:14:41.492-0300] {processor.py:208} INFO - Processing /mnt/c/Users/Pato_/OneDrive/Documentos/ITBA/PYTHON_DATA_APP/itba/lib/python3.10/site-packages/airflow/example_dags/example_short_circuit_operator.py took 0.101 seconds
[2024-10-20T19:15:48.754-0300] {processor.py:186} INFO - Started process (PID=307351) to work on /mnt/c/Users/Pato_/OneDrive/Documentos/ITBA/PYTHON_DATA_APP/itba/lib/python3.10/site-packages/airflow/example_dags/example_short_circuit_operator.py
[2024-10-20T19:15:48.755-0300] {processor.py:914} INFO - Processing file /mnt/c/Users/Pato_/OneDrive/Documentos/ITBA/PYTHON_DATA_APP/itba/lib/python3.10/site-packages/airflow/example_dags/example_short_circuit_operator.py for tasks to queue
[2024-10-20T19:15:48.757-0300] {logging_mixin.py:190} INFO - [2024-10-20T19:15:48.756-0300] {dagbag.py:588} INFO - Filling up the DagBag from /mnt/c/Users/Pato_/OneDrive/Documentos/ITBA/PYTHON_DATA_APP/itba/lib/python3.10/site-packages/airflow/example_dags/example_short_circuit_operator.py
[2024-10-20T19:15:48.796-0300] {processor.py:925} INFO - DAG(s) 'example_short_circuit_operator' retrieved from /mnt/c/Users/Pato_/OneDrive/Documentos/ITBA/PYTHON_DATA_APP/itba/lib/python3.10/site-packages/airflow/example_dags/example_short_circuit_operator.py
[2024-10-20T19:15:48.814-0300] {logging_mixin.py:190} INFO - [2024-10-20T19:15:48.813-0300] {dag.py:3239} INFO - Sync 1 DAGs
[2024-10-20T19:15:48.822-0300] {logging_mixin.py:190} INFO - [2024-10-20T19:15:48.822-0300] {dag.py:4180} INFO - Setting next_dagrun for example_short_circuit_operator to None, run_after=None
[2024-10-20T19:15:48.853-0300] {processor.py:208} INFO - Processing /mnt/c/Users/Pato_/OneDrive/Documentos/ITBA/PYTHON_DATA_APP/itba/lib/python3.10/site-packages/airflow/example_dags/example_short_circuit_operator.py took 0.106 seconds
[2024-10-20T19:16:58.527-0300] {processor.py:186} INFO - Started process (PID=307893) to work on /mnt/c/Users/Pato_/OneDrive/Documentos/ITBA/PYTHON_DATA_APP/itba/lib/python3.10/site-packages/airflow/example_dags/example_short_circuit_operator.py
[2024-10-20T19:16:58.528-0300] {processor.py:914} INFO - Processing file /mnt/c/Users/Pato_/OneDrive/Documentos/ITBA/PYTHON_DATA_APP/itba/lib/python3.10/site-packages/airflow/example_dags/example_short_circuit_operator.py for tasks to queue
[2024-10-20T19:16:58.530-0300] {logging_mixin.py:190} INFO - [2024-10-20T19:16:58.529-0300] {dagbag.py:588} INFO - Filling up the DagBag from /mnt/c/Users/Pato_/OneDrive/Documentos/ITBA/PYTHON_DATA_APP/itba/lib/python3.10/site-packages/airflow/example_dags/example_short_circuit_operator.py
[2024-10-20T19:16:58.570-0300] {processor.py:925} INFO - DAG(s) 'example_short_circuit_operator' retrieved from /mnt/c/Users/Pato_/OneDrive/Documentos/ITBA/PYTHON_DATA_APP/itba/lib/python3.10/site-packages/airflow/example_dags/example_short_circuit_operator.py
[2024-10-20T19:16:58.587-0300] {logging_mixin.py:190} INFO - [2024-10-20T19:16:58.587-0300] {dag.py:3239} INFO - Sync 1 DAGs
[2024-10-20T19:16:58.596-0300] {logging_mixin.py:190} INFO - [2024-10-20T19:16:58.595-0300] {dag.py:4180} INFO - Setting next_dagrun for example_short_circuit_operator to None, run_after=None
[2024-10-20T19:16:58.623-0300] {processor.py:208} INFO - Processing /mnt/c/Users/Pato_/OneDrive/Documentos/ITBA/PYTHON_DATA_APP/itba/lib/python3.10/site-packages/airflow/example_dags/example_short_circuit_operator.py took 0.103 seconds
[2024-10-20T19:17:55.252-0300] {processor.py:186} INFO - Started process (PID=308335) to work on /mnt/c/Users/Pato_/OneDrive/Documentos/ITBA/PYTHON_DATA_APP/itba/lib/python3.10/site-packages/airflow/example_dags/example_short_circuit_operator.py
[2024-10-20T19:17:55.253-0300] {processor.py:914} INFO - Processing file /mnt/c/Users/Pato_/OneDrive/Documentos/ITBA/PYTHON_DATA_APP/itba/lib/python3.10/site-packages/airflow/example_dags/example_short_circuit_operator.py for tasks to queue
[2024-10-20T19:17:55.255-0300] {logging_mixin.py:190} INFO - [2024-10-20T19:17:55.255-0300] {dagbag.py:588} INFO - Filling up the DagBag from /mnt/c/Users/Pato_/OneDrive/Documentos/ITBA/PYTHON_DATA_APP/itba/lib/python3.10/site-packages/airflow/example_dags/example_short_circuit_operator.py
[2024-10-20T19:17:55.295-0300] {processor.py:925} INFO - DAG(s) 'example_short_circuit_operator' retrieved from /mnt/c/Users/Pato_/OneDrive/Documentos/ITBA/PYTHON_DATA_APP/itba/lib/python3.10/site-packages/airflow/example_dags/example_short_circuit_operator.py
[2024-10-20T19:17:55.311-0300] {logging_mixin.py:190} INFO - [2024-10-20T19:17:55.310-0300] {dag.py:3239} INFO - Sync 1 DAGs
[2024-10-20T19:17:55.320-0300] {logging_mixin.py:190} INFO - [2024-10-20T19:17:55.319-0300] {dag.py:4180} INFO - Setting next_dagrun for example_short_circuit_operator to None, run_after=None
[2024-10-20T19:17:55.348-0300] {processor.py:208} INFO - Processing /mnt/c/Users/Pato_/OneDrive/Documentos/ITBA/PYTHON_DATA_APP/itba/lib/python3.10/site-packages/airflow/example_dags/example_short_circuit_operator.py took 0.103 seconds
[2024-10-20T19:19:05.357-0300] {processor.py:186} INFO - Started process (PID=308884) to work on /mnt/c/Users/Pato_/OneDrive/Documentos/ITBA/PYTHON_DATA_APP/itba/lib/python3.10/site-packages/airflow/example_dags/example_short_circuit_operator.py
[2024-10-20T19:19:05.358-0300] {processor.py:914} INFO - Processing file /mnt/c/Users/Pato_/OneDrive/Documentos/ITBA/PYTHON_DATA_APP/itba/lib/python3.10/site-packages/airflow/example_dags/example_short_circuit_operator.py for tasks to queue
[2024-10-20T19:19:05.360-0300] {logging_mixin.py:190} INFO - [2024-10-20T19:19:05.359-0300] {dagbag.py:588} INFO - Filling up the DagBag from /mnt/c/Users/Pato_/OneDrive/Documentos/ITBA/PYTHON_DATA_APP/itba/lib/python3.10/site-packages/airflow/example_dags/example_short_circuit_operator.py
[2024-10-20T19:19:05.399-0300] {processor.py:925} INFO - DAG(s) 'example_short_circuit_operator' retrieved from /mnt/c/Users/Pato_/OneDrive/Documentos/ITBA/PYTHON_DATA_APP/itba/lib/python3.10/site-packages/airflow/example_dags/example_short_circuit_operator.py
[2024-10-20T19:19:05.415-0300] {logging_mixin.py:190} INFO - [2024-10-20T19:19:05.415-0300] {dag.py:3239} INFO - Sync 1 DAGs
[2024-10-20T19:19:05.424-0300] {logging_mixin.py:190} INFO - [2024-10-20T19:19:05.423-0300] {dag.py:4180} INFO - Setting next_dagrun for example_short_circuit_operator to None, run_after=None
[2024-10-20T19:19:05.453-0300] {processor.py:208} INFO - Processing /mnt/c/Users/Pato_/OneDrive/Documentos/ITBA/PYTHON_DATA_APP/itba/lib/python3.10/site-packages/airflow/example_dags/example_short_circuit_operator.py took 0.103 seconds
[2024-10-20T19:20:16.258-0300] {processor.py:186} INFO - Started process (PID=309466) to work on /mnt/c/Users/Pato_/OneDrive/Documentos/ITBA/PYTHON_DATA_APP/itba/lib/python3.10/site-packages/airflow/example_dags/example_short_circuit_operator.py
[2024-10-20T19:20:16.259-0300] {processor.py:914} INFO - Processing file /mnt/c/Users/Pato_/OneDrive/Documentos/ITBA/PYTHON_DATA_APP/itba/lib/python3.10/site-packages/airflow/example_dags/example_short_circuit_operator.py for tasks to queue
[2024-10-20T19:20:16.261-0300] {logging_mixin.py:190} INFO - [2024-10-20T19:20:16.261-0300] {dagbag.py:588} INFO - Filling up the DagBag from /mnt/c/Users/Pato_/OneDrive/Documentos/ITBA/PYTHON_DATA_APP/itba/lib/python3.10/site-packages/airflow/example_dags/example_short_circuit_operator.py
[2024-10-20T19:20:16.301-0300] {processor.py:925} INFO - DAG(s) 'example_short_circuit_operator' retrieved from /mnt/c/Users/Pato_/OneDrive/Documentos/ITBA/PYTHON_DATA_APP/itba/lib/python3.10/site-packages/airflow/example_dags/example_short_circuit_operator.py
[2024-10-20T19:20:16.317-0300] {logging_mixin.py:190} INFO - [2024-10-20T19:20:16.317-0300] {dag.py:3239} INFO - Sync 1 DAGs
[2024-10-20T19:20:16.326-0300] {logging_mixin.py:190} INFO - [2024-10-20T19:20:16.325-0300] {dag.py:4180} INFO - Setting next_dagrun for example_short_circuit_operator to None, run_after=None
[2024-10-20T19:20:16.355-0300] {processor.py:208} INFO - Processing /mnt/c/Users/Pato_/OneDrive/Documentos/ITBA/PYTHON_DATA_APP/itba/lib/python3.10/site-packages/airflow/example_dags/example_short_circuit_operator.py took 0.103 seconds
[2024-10-20T19:21:25.631-0300] {processor.py:186} INFO - Started process (PID=310072) to work on /mnt/c/Users/Pato_/OneDrive/Documentos/ITBA/PYTHON_DATA_APP/itba/lib/python3.10/site-packages/airflow/example_dags/example_short_circuit_operator.py
[2024-10-20T19:21:25.632-0300] {processor.py:914} INFO - Processing file /mnt/c/Users/Pato_/OneDrive/Documentos/ITBA/PYTHON_DATA_APP/itba/lib/python3.10/site-packages/airflow/example_dags/example_short_circuit_operator.py for tasks to queue
[2024-10-20T19:21:25.634-0300] {logging_mixin.py:190} INFO - [2024-10-20T19:21:25.634-0300] {dagbag.py:588} INFO - Filling up the DagBag from /mnt/c/Users/Pato_/OneDrive/Documentos/ITBA/PYTHON_DATA_APP/itba/lib/python3.10/site-packages/airflow/example_dags/example_short_circuit_operator.py
[2024-10-20T19:21:25.674-0300] {processor.py:925} INFO - DAG(s) 'example_short_circuit_operator' retrieved from /mnt/c/Users/Pato_/OneDrive/Documentos/ITBA/PYTHON_DATA_APP/itba/lib/python3.10/site-packages/airflow/example_dags/example_short_circuit_operator.py
[2024-10-20T19:21:25.690-0300] {logging_mixin.py:190} INFO - [2024-10-20T19:21:25.689-0300] {dag.py:3239} INFO - Sync 1 DAGs
[2024-10-20T19:21:25.698-0300] {logging_mixin.py:190} INFO - [2024-10-20T19:21:25.698-0300] {dag.py:4180} INFO - Setting next_dagrun for example_short_circuit_operator to None, run_after=None
[2024-10-20T19:21:25.726-0300] {processor.py:208} INFO - Processing /mnt/c/Users/Pato_/OneDrive/Documentos/ITBA/PYTHON_DATA_APP/itba/lib/python3.10/site-packages/airflow/example_dags/example_short_circuit_operator.py took 0.102 seconds
[2024-10-20T19:22:33.583-0300] {processor.py:186} INFO - Started process (PID=310690) to work on /mnt/c/Users/Pato_/OneDrive/Documentos/ITBA/PYTHON_DATA_APP/itba/lib/python3.10/site-packages/airflow/example_dags/example_short_circuit_operator.py
[2024-10-20T19:22:33.584-0300] {processor.py:914} INFO - Processing file /mnt/c/Users/Pato_/OneDrive/Documentos/ITBA/PYTHON_DATA_APP/itba/lib/python3.10/site-packages/airflow/example_dags/example_short_circuit_operator.py for tasks to queue
[2024-10-20T19:22:33.586-0300] {logging_mixin.py:190} INFO - [2024-10-20T19:22:33.585-0300] {dagbag.py:588} INFO - Filling up the DagBag from /mnt/c/Users/Pato_/OneDrive/Documentos/ITBA/PYTHON_DATA_APP/itba/lib/python3.10/site-packages/airflow/example_dags/example_short_circuit_operator.py
[2024-10-20T19:22:33.626-0300] {processor.py:925} INFO - DAG(s) 'example_short_circuit_operator' retrieved from /mnt/c/Users/Pato_/OneDrive/Documentos/ITBA/PYTHON_DATA_APP/itba/lib/python3.10/site-packages/airflow/example_dags/example_short_circuit_operator.py
[2024-10-20T19:22:33.643-0300] {logging_mixin.py:190} INFO - [2024-10-20T19:22:33.642-0300] {dag.py:3239} INFO - Sync 1 DAGs
[2024-10-20T19:22:33.652-0300] {logging_mixin.py:190} INFO - [2024-10-20T19:22:33.651-0300] {dag.py:4180} INFO - Setting next_dagrun for example_short_circuit_operator to None, run_after=None
[2024-10-20T19:22:33.680-0300] {processor.py:208} INFO - Processing /mnt/c/Users/Pato_/OneDrive/Documentos/ITBA/PYTHON_DATA_APP/itba/lib/python3.10/site-packages/airflow/example_dags/example_short_circuit_operator.py took 0.104 seconds
[2024-10-20T19:23:35.612-0300] {processor.py:186} INFO - Started process (PID=311326) to work on /mnt/c/Users/Pato_/OneDrive/Documentos/ITBA/PYTHON_DATA_APP/itba/lib/python3.10/site-packages/airflow/example_dags/example_short_circuit_operator.py
[2024-10-20T19:23:35.613-0300] {processor.py:914} INFO - Processing file /mnt/c/Users/Pato_/OneDrive/Documentos/ITBA/PYTHON_DATA_APP/itba/lib/python3.10/site-packages/airflow/example_dags/example_short_circuit_operator.py for tasks to queue
[2024-10-20T19:23:35.615-0300] {logging_mixin.py:190} INFO - [2024-10-20T19:23:35.615-0300] {dagbag.py:588} INFO - Filling up the DagBag from /mnt/c/Users/Pato_/OneDrive/Documentos/ITBA/PYTHON_DATA_APP/itba/lib/python3.10/site-packages/airflow/example_dags/example_short_circuit_operator.py
[2024-10-20T19:23:35.654-0300] {processor.py:925} INFO - DAG(s) 'example_short_circuit_operator' retrieved from /mnt/c/Users/Pato_/OneDrive/Documentos/ITBA/PYTHON_DATA_APP/itba/lib/python3.10/site-packages/airflow/example_dags/example_short_circuit_operator.py
[2024-10-20T19:23:35.669-0300] {logging_mixin.py:190} INFO - [2024-10-20T19:23:35.669-0300] {dag.py:3239} INFO - Sync 1 DAGs
[2024-10-20T19:23:35.678-0300] {logging_mixin.py:190} INFO - [2024-10-20T19:23:35.677-0300] {dag.py:4180} INFO - Setting next_dagrun for example_short_circuit_operator to None, run_after=None
[2024-10-20T19:23:35.706-0300] {processor.py:208} INFO - Processing /mnt/c/Users/Pato_/OneDrive/Documentos/ITBA/PYTHON_DATA_APP/itba/lib/python3.10/site-packages/airflow/example_dags/example_short_circuit_operator.py took 0.101 seconds
[2024-10-20T19:24:41.412-0300] {processor.py:186} INFO - Started process (PID=312284) to work on /mnt/c/Users/Pato_/OneDrive/Documentos/ITBA/PYTHON_DATA_APP/itba/lib/python3.10/site-packages/airflow/example_dags/example_short_circuit_operator.py
[2024-10-20T19:24:41.413-0300] {processor.py:914} INFO - Processing file /mnt/c/Users/Pato_/OneDrive/Documentos/ITBA/PYTHON_DATA_APP/itba/lib/python3.10/site-packages/airflow/example_dags/example_short_circuit_operator.py for tasks to queue
[2024-10-20T19:24:41.415-0300] {logging_mixin.py:190} INFO - [2024-10-20T19:24:41.415-0300] {dagbag.py:588} INFO - Filling up the DagBag from /mnt/c/Users/Pato_/OneDrive/Documentos/ITBA/PYTHON_DATA_APP/itba/lib/python3.10/site-packages/airflow/example_dags/example_short_circuit_operator.py
[2024-10-20T19:24:41.456-0300] {processor.py:925} INFO - DAG(s) 'example_short_circuit_operator' retrieved from /mnt/c/Users/Pato_/OneDrive/Documentos/ITBA/PYTHON_DATA_APP/itba/lib/python3.10/site-packages/airflow/example_dags/example_short_circuit_operator.py
[2024-10-20T19:24:41.473-0300] {logging_mixin.py:190} INFO - [2024-10-20T19:24:41.473-0300] {dag.py:3239} INFO - Sync 1 DAGs
[2024-10-20T19:24:41.482-0300] {logging_mixin.py:190} INFO - [2024-10-20T19:24:41.482-0300] {dag.py:4180} INFO - Setting next_dagrun for example_short_circuit_operator to None, run_after=None
[2024-10-20T19:24:41.512-0300] {processor.py:208} INFO - Processing /mnt/c/Users/Pato_/OneDrive/Documentos/ITBA/PYTHON_DATA_APP/itba/lib/python3.10/site-packages/airflow/example_dags/example_short_circuit_operator.py took 0.107 seconds
[2024-10-20T19:26:21.054-0300] {processor.py:186} INFO - Started process (PID=313579) to work on /mnt/c/Users/Pato_/OneDrive/Documentos/ITBA/PYTHON_DATA_APP/itba/lib/python3.10/site-packages/airflow/example_dags/example_short_circuit_operator.py
[2024-10-20T19:26:21.055-0300] {processor.py:914} INFO - Processing file /mnt/c/Users/Pato_/OneDrive/Documentos/ITBA/PYTHON_DATA_APP/itba/lib/python3.10/site-packages/airflow/example_dags/example_short_circuit_operator.py for tasks to queue
[2024-10-20T19:26:21.057-0300] {logging_mixin.py:190} INFO - [2024-10-20T19:26:21.057-0300] {dagbag.py:588} INFO - Filling up the DagBag from /mnt/c/Users/Pato_/OneDrive/Documentos/ITBA/PYTHON_DATA_APP/itba/lib/python3.10/site-packages/airflow/example_dags/example_short_circuit_operator.py
[2024-10-20T19:26:21.098-0300] {processor.py:925} INFO - DAG(s) 'example_short_circuit_operator' retrieved from /mnt/c/Users/Pato_/OneDrive/Documentos/ITBA/PYTHON_DATA_APP/itba/lib/python3.10/site-packages/airflow/example_dags/example_short_circuit_operator.py
[2024-10-20T19:26:21.115-0300] {logging_mixin.py:190} INFO - [2024-10-20T19:26:21.115-0300] {dag.py:3239} INFO - Sync 1 DAGs
[2024-10-20T19:26:21.125-0300] {logging_mixin.py:190} INFO - [2024-10-20T19:26:21.125-0300] {dag.py:4180} INFO - Setting next_dagrun for example_short_circuit_operator to None, run_after=None
[2024-10-20T19:26:21.157-0300] {processor.py:208} INFO - Processing /mnt/c/Users/Pato_/OneDrive/Documentos/ITBA/PYTHON_DATA_APP/itba/lib/python3.10/site-packages/airflow/example_dags/example_short_circuit_operator.py took 0.110 seconds
[2024-10-20T19:27:24.891-0300] {processor.py:186} INFO - Started process (PID=314378) to work on /mnt/c/Users/Pato_/OneDrive/Documentos/ITBA/PYTHON_DATA_APP/itba/lib/python3.10/site-packages/airflow/example_dags/example_short_circuit_operator.py
[2024-10-20T19:27:24.892-0300] {processor.py:914} INFO - Processing file /mnt/c/Users/Pato_/OneDrive/Documentos/ITBA/PYTHON_DATA_APP/itba/lib/python3.10/site-packages/airflow/example_dags/example_short_circuit_operator.py for tasks to queue
[2024-10-20T19:27:24.894-0300] {logging_mixin.py:190} INFO - [2024-10-20T19:27:24.893-0300] {dagbag.py:588} INFO - Filling up the DagBag from /mnt/c/Users/Pato_/OneDrive/Documentos/ITBA/PYTHON_DATA_APP/itba/lib/python3.10/site-packages/airflow/example_dags/example_short_circuit_operator.py
[2024-10-20T19:27:24.935-0300] {processor.py:925} INFO - DAG(s) 'example_short_circuit_operator' retrieved from /mnt/c/Users/Pato_/OneDrive/Documentos/ITBA/PYTHON_DATA_APP/itba/lib/python3.10/site-packages/airflow/example_dags/example_short_circuit_operator.py
[2024-10-20T19:27:24.952-0300] {logging_mixin.py:190} INFO - [2024-10-20T19:27:24.951-0300] {dag.py:3239} INFO - Sync 1 DAGs
[2024-10-20T19:27:24.960-0300] {logging_mixin.py:190} INFO - [2024-10-20T19:27:24.960-0300] {dag.py:4180} INFO - Setting next_dagrun for example_short_circuit_operator to None, run_after=None
[2024-10-20T19:27:24.989-0300] {processor.py:208} INFO - Processing /mnt/c/Users/Pato_/OneDrive/Documentos/ITBA/PYTHON_DATA_APP/itba/lib/python3.10/site-packages/airflow/example_dags/example_short_circuit_operator.py took 0.106 seconds
[2024-10-20T19:28:32.551-0300] {processor.py:186} INFO - Started process (PID=315131) to work on /mnt/c/Users/Pato_/OneDrive/Documentos/ITBA/PYTHON_DATA_APP/itba/lib/python3.10/site-packages/airflow/example_dags/example_short_circuit_operator.py
[2024-10-20T19:28:32.552-0300] {processor.py:914} INFO - Processing file /mnt/c/Users/Pato_/OneDrive/Documentos/ITBA/PYTHON_DATA_APP/itba/lib/python3.10/site-packages/airflow/example_dags/example_short_circuit_operator.py for tasks to queue
[2024-10-20T19:28:32.554-0300] {logging_mixin.py:190} INFO - [2024-10-20T19:28:32.553-0300] {dagbag.py:588} INFO - Filling up the DagBag from /mnt/c/Users/Pato_/OneDrive/Documentos/ITBA/PYTHON_DATA_APP/itba/lib/python3.10/site-packages/airflow/example_dags/example_short_circuit_operator.py
[2024-10-20T19:28:32.594-0300] {processor.py:925} INFO - DAG(s) 'example_short_circuit_operator' retrieved from /mnt/c/Users/Pato_/OneDrive/Documentos/ITBA/PYTHON_DATA_APP/itba/lib/python3.10/site-packages/airflow/example_dags/example_short_circuit_operator.py
[2024-10-20T19:28:32.611-0300] {logging_mixin.py:190} INFO - [2024-10-20T19:28:32.610-0300] {dag.py:3239} INFO - Sync 1 DAGs
[2024-10-20T19:28:32.619-0300] {logging_mixin.py:190} INFO - [2024-10-20T19:28:32.619-0300] {dag.py:4180} INFO - Setting next_dagrun for example_short_circuit_operator to None, run_after=None
[2024-10-20T19:28:32.648-0300] {processor.py:208} INFO - Processing /mnt/c/Users/Pato_/OneDrive/Documentos/ITBA/PYTHON_DATA_APP/itba/lib/python3.10/site-packages/airflow/example_dags/example_short_circuit_operator.py took 0.104 seconds
[2024-10-20T19:29:40.323-0300] {processor.py:186} INFO - Started process (PID=315936) to work on /mnt/c/Users/Pato_/OneDrive/Documentos/ITBA/PYTHON_DATA_APP/itba/lib/python3.10/site-packages/airflow/example_dags/example_short_circuit_operator.py
[2024-10-20T19:29:40.324-0300] {processor.py:914} INFO - Processing file /mnt/c/Users/Pato_/OneDrive/Documentos/ITBA/PYTHON_DATA_APP/itba/lib/python3.10/site-packages/airflow/example_dags/example_short_circuit_operator.py for tasks to queue
[2024-10-20T19:29:40.326-0300] {logging_mixin.py:190} INFO - [2024-10-20T19:29:40.325-0300] {dagbag.py:588} INFO - Filling up the DagBag from /mnt/c/Users/Pato_/OneDrive/Documentos/ITBA/PYTHON_DATA_APP/itba/lib/python3.10/site-packages/airflow/example_dags/example_short_circuit_operator.py
[2024-10-20T19:29:40.367-0300] {processor.py:925} INFO - DAG(s) 'example_short_circuit_operator' retrieved from /mnt/c/Users/Pato_/OneDrive/Documentos/ITBA/PYTHON_DATA_APP/itba/lib/python3.10/site-packages/airflow/example_dags/example_short_circuit_operator.py
[2024-10-20T19:29:40.384-0300] {logging_mixin.py:190} INFO - [2024-10-20T19:29:40.383-0300] {dag.py:3239} INFO - Sync 1 DAGs
[2024-10-20T19:29:40.394-0300] {logging_mixin.py:190} INFO - [2024-10-20T19:29:40.393-0300] {dag.py:4180} INFO - Setting next_dagrun for example_short_circuit_operator to None, run_after=None
[2024-10-20T19:29:40.426-0300] {processor.py:208} INFO - Processing /mnt/c/Users/Pato_/OneDrive/Documentos/ITBA/PYTHON_DATA_APP/itba/lib/python3.10/site-packages/airflow/example_dags/example_short_circuit_operator.py took 0.110 seconds
[2024-10-20T19:30:51.568-0300] {processor.py:186} INFO - Started process (PID=316518) to work on /mnt/c/Users/Pato_/OneDrive/Documentos/ITBA/PYTHON_DATA_APP/itba/lib/python3.10/site-packages/airflow/example_dags/example_short_circuit_operator.py
[2024-10-20T19:30:51.569-0300] {processor.py:914} INFO - Processing file /mnt/c/Users/Pato_/OneDrive/Documentos/ITBA/PYTHON_DATA_APP/itba/lib/python3.10/site-packages/airflow/example_dags/example_short_circuit_operator.py for tasks to queue
[2024-10-20T19:30:51.571-0300] {logging_mixin.py:190} INFO - [2024-10-20T19:30:51.570-0300] {dagbag.py:588} INFO - Filling up the DagBag from /mnt/c/Users/Pato_/OneDrive/Documentos/ITBA/PYTHON_DATA_APP/itba/lib/python3.10/site-packages/airflow/example_dags/example_short_circuit_operator.py
[2024-10-20T19:30:51.610-0300] {processor.py:925} INFO - DAG(s) 'example_short_circuit_operator' retrieved from /mnt/c/Users/Pato_/OneDrive/Documentos/ITBA/PYTHON_DATA_APP/itba/lib/python3.10/site-packages/airflow/example_dags/example_short_circuit_operator.py
[2024-10-20T19:30:51.627-0300] {logging_mixin.py:190} INFO - [2024-10-20T19:30:51.626-0300] {dag.py:3239} INFO - Sync 1 DAGs
[2024-10-20T19:30:51.635-0300] {logging_mixin.py:190} INFO - [2024-10-20T19:30:51.635-0300] {dag.py:4180} INFO - Setting next_dagrun for example_short_circuit_operator to None, run_after=None
[2024-10-20T19:30:51.663-0300] {processor.py:208} INFO - Processing /mnt/c/Users/Pato_/OneDrive/Documentos/ITBA/PYTHON_DATA_APP/itba/lib/python3.10/site-packages/airflow/example_dags/example_short_circuit_operator.py took 0.102 seconds
[2024-10-20T19:31:58.511-0300] {processor.py:186} INFO - Started process (PID=317041) to work on /mnt/c/Users/Pato_/OneDrive/Documentos/ITBA/PYTHON_DATA_APP/itba/lib/python3.10/site-packages/airflow/example_dags/example_short_circuit_operator.py
[2024-10-20T19:31:58.512-0300] {processor.py:914} INFO - Processing file /mnt/c/Users/Pato_/OneDrive/Documentos/ITBA/PYTHON_DATA_APP/itba/lib/python3.10/site-packages/airflow/example_dags/example_short_circuit_operator.py for tasks to queue
[2024-10-20T19:31:58.513-0300] {logging_mixin.py:190} INFO - [2024-10-20T19:31:58.513-0300] {dagbag.py:588} INFO - Filling up the DagBag from /mnt/c/Users/Pato_/OneDrive/Documentos/ITBA/PYTHON_DATA_APP/itba/lib/python3.10/site-packages/airflow/example_dags/example_short_circuit_operator.py
[2024-10-20T19:31:58.553-0300] {processor.py:925} INFO - DAG(s) 'example_short_circuit_operator' retrieved from /mnt/c/Users/Pato_/OneDrive/Documentos/ITBA/PYTHON_DATA_APP/itba/lib/python3.10/site-packages/airflow/example_dags/example_short_circuit_operator.py
[2024-10-20T19:31:58.571-0300] {logging_mixin.py:190} INFO - [2024-10-20T19:31:58.571-0300] {dag.py:3239} INFO - Sync 1 DAGs
[2024-10-20T19:31:58.580-0300] {logging_mixin.py:190} INFO - [2024-10-20T19:31:58.580-0300] {dag.py:4180} INFO - Setting next_dagrun for example_short_circuit_operator to None, run_after=None
[2024-10-20T19:31:58.609-0300] {processor.py:208} INFO - Processing /mnt/c/Users/Pato_/OneDrive/Documentos/ITBA/PYTHON_DATA_APP/itba/lib/python3.10/site-packages/airflow/example_dags/example_short_circuit_operator.py took 0.106 seconds
[2024-10-20T19:33:05.404-0300] {processor.py:186} INFO - Started process (PID=317596) to work on /mnt/c/Users/Pato_/OneDrive/Documentos/ITBA/PYTHON_DATA_APP/itba/lib/python3.10/site-packages/airflow/example_dags/example_short_circuit_operator.py
[2024-10-20T19:33:05.405-0300] {processor.py:914} INFO - Processing file /mnt/c/Users/Pato_/OneDrive/Documentos/ITBA/PYTHON_DATA_APP/itba/lib/python3.10/site-packages/airflow/example_dags/example_short_circuit_operator.py for tasks to queue
[2024-10-20T19:33:05.407-0300] {logging_mixin.py:190} INFO - [2024-10-20T19:33:05.406-0300] {dagbag.py:588} INFO - Filling up the DagBag from /mnt/c/Users/Pato_/OneDrive/Documentos/ITBA/PYTHON_DATA_APP/itba/lib/python3.10/site-packages/airflow/example_dags/example_short_circuit_operator.py
[2024-10-20T19:33:05.445-0300] {processor.py:925} INFO - DAG(s) 'example_short_circuit_operator' retrieved from /mnt/c/Users/Pato_/OneDrive/Documentos/ITBA/PYTHON_DATA_APP/itba/lib/python3.10/site-packages/airflow/example_dags/example_short_circuit_operator.py
[2024-10-20T19:33:05.461-0300] {logging_mixin.py:190} INFO - [2024-10-20T19:33:05.461-0300] {dag.py:3239} INFO - Sync 1 DAGs
[2024-10-20T19:33:05.470-0300] {logging_mixin.py:190} INFO - [2024-10-20T19:33:05.469-0300] {dag.py:4180} INFO - Setting next_dagrun for example_short_circuit_operator to None, run_after=None
[2024-10-20T19:33:05.498-0300] {processor.py:208} INFO - Processing /mnt/c/Users/Pato_/OneDrive/Documentos/ITBA/PYTHON_DATA_APP/itba/lib/python3.10/site-packages/airflow/example_dags/example_short_circuit_operator.py took 0.101 seconds
[2024-10-20T19:34:11.742-0300] {processor.py:186} INFO - Started process (PID=318248) to work on /mnt/c/Users/Pato_/OneDrive/Documentos/ITBA/PYTHON_DATA_APP/itba/lib/python3.10/site-packages/airflow/example_dags/example_short_circuit_operator.py
[2024-10-20T19:34:11.743-0300] {processor.py:914} INFO - Processing file /mnt/c/Users/Pato_/OneDrive/Documentos/ITBA/PYTHON_DATA_APP/itba/lib/python3.10/site-packages/airflow/example_dags/example_short_circuit_operator.py for tasks to queue
[2024-10-20T19:34:11.745-0300] {logging_mixin.py:190} INFO - [2024-10-20T19:34:11.744-0300] {dagbag.py:588} INFO - Filling up the DagBag from /mnt/c/Users/Pato_/OneDrive/Documentos/ITBA/PYTHON_DATA_APP/itba/lib/python3.10/site-packages/airflow/example_dags/example_short_circuit_operator.py
[2024-10-20T19:34:11.784-0300] {processor.py:925} INFO - DAG(s) 'example_short_circuit_operator' retrieved from /mnt/c/Users/Pato_/OneDrive/Documentos/ITBA/PYTHON_DATA_APP/itba/lib/python3.10/site-packages/airflow/example_dags/example_short_circuit_operator.py
[2024-10-20T19:34:11.800-0300] {logging_mixin.py:190} INFO - [2024-10-20T19:34:11.800-0300] {dag.py:3239} INFO - Sync 1 DAGs
[2024-10-20T19:34:11.809-0300] {logging_mixin.py:190} INFO - [2024-10-20T19:34:11.809-0300] {dag.py:4180} INFO - Setting next_dagrun for example_short_circuit_operator to None, run_after=None
[2024-10-20T19:34:11.841-0300] {processor.py:208} INFO - Processing /mnt/c/Users/Pato_/OneDrive/Documentos/ITBA/PYTHON_DATA_APP/itba/lib/python3.10/site-packages/airflow/example_dags/example_short_circuit_operator.py took 0.105 seconds
[2024-10-20T19:35:21.135-0300] {processor.py:186} INFO - Started process (PID=319052) to work on /mnt/c/Users/Pato_/OneDrive/Documentos/ITBA/PYTHON_DATA_APP/itba/lib/python3.10/site-packages/airflow/example_dags/example_short_circuit_operator.py
[2024-10-20T19:35:21.136-0300] {processor.py:914} INFO - Processing file /mnt/c/Users/Pato_/OneDrive/Documentos/ITBA/PYTHON_DATA_APP/itba/lib/python3.10/site-packages/airflow/example_dags/example_short_circuit_operator.py for tasks to queue
[2024-10-20T19:35:21.138-0300] {logging_mixin.py:190} INFO - [2024-10-20T19:35:21.138-0300] {dagbag.py:588} INFO - Filling up the DagBag from /mnt/c/Users/Pato_/OneDrive/Documentos/ITBA/PYTHON_DATA_APP/itba/lib/python3.10/site-packages/airflow/example_dags/example_short_circuit_operator.py
[2024-10-20T19:35:21.184-0300] {processor.py:925} INFO - DAG(s) 'example_short_circuit_operator' retrieved from /mnt/c/Users/Pato_/OneDrive/Documentos/ITBA/PYTHON_DATA_APP/itba/lib/python3.10/site-packages/airflow/example_dags/example_short_circuit_operator.py
[2024-10-20T19:35:21.202-0300] {logging_mixin.py:190} INFO - [2024-10-20T19:35:21.202-0300] {dag.py:3239} INFO - Sync 1 DAGs
[2024-10-20T19:35:21.212-0300] {logging_mixin.py:190} INFO - [2024-10-20T19:35:21.211-0300] {dag.py:4180} INFO - Setting next_dagrun for example_short_circuit_operator to None, run_after=None
[2024-10-20T19:35:21.243-0300] {processor.py:208} INFO - Processing /mnt/c/Users/Pato_/OneDrive/Documentos/ITBA/PYTHON_DATA_APP/itba/lib/python3.10/site-packages/airflow/example_dags/example_short_circuit_operator.py took 0.116 seconds
[2024-10-20T19:36:30.826-0300] {processor.py:186} INFO - Started process (PID=319593) to work on /mnt/c/Users/Pato_/OneDrive/Documentos/ITBA/PYTHON_DATA_APP/itba/lib/python3.10/site-packages/airflow/example_dags/example_short_circuit_operator.py
[2024-10-20T19:36:30.827-0300] {processor.py:914} INFO - Processing file /mnt/c/Users/Pato_/OneDrive/Documentos/ITBA/PYTHON_DATA_APP/itba/lib/python3.10/site-packages/airflow/example_dags/example_short_circuit_operator.py for tasks to queue
[2024-10-20T19:36:30.829-0300] {logging_mixin.py:190} INFO - [2024-10-20T19:36:30.828-0300] {dagbag.py:588} INFO - Filling up the DagBag from /mnt/c/Users/Pato_/OneDrive/Documentos/ITBA/PYTHON_DATA_APP/itba/lib/python3.10/site-packages/airflow/example_dags/example_short_circuit_operator.py
[2024-10-20T19:36:30.868-0300] {processor.py:925} INFO - DAG(s) 'example_short_circuit_operator' retrieved from /mnt/c/Users/Pato_/OneDrive/Documentos/ITBA/PYTHON_DATA_APP/itba/lib/python3.10/site-packages/airflow/example_dags/example_short_circuit_operator.py
[2024-10-20T19:36:30.885-0300] {logging_mixin.py:190} INFO - [2024-10-20T19:36:30.884-0300] {dag.py:3239} INFO - Sync 1 DAGs
[2024-10-20T19:36:30.893-0300] {logging_mixin.py:190} INFO - [2024-10-20T19:36:30.893-0300] {dag.py:4180} INFO - Setting next_dagrun for example_short_circuit_operator to None, run_after=None
[2024-10-20T19:36:30.923-0300] {processor.py:208} INFO - Processing /mnt/c/Users/Pato_/OneDrive/Documentos/ITBA/PYTHON_DATA_APP/itba/lib/python3.10/site-packages/airflow/example_dags/example_short_circuit_operator.py took 0.104 seconds
[2024-10-20T19:37:38.967-0300] {processor.py:186} INFO - Started process (PID=320128) to work on /mnt/c/Users/Pato_/OneDrive/Documentos/ITBA/PYTHON_DATA_APP/itba/lib/python3.10/site-packages/airflow/example_dags/example_short_circuit_operator.py
[2024-10-20T19:37:38.968-0300] {processor.py:914} INFO - Processing file /mnt/c/Users/Pato_/OneDrive/Documentos/ITBA/PYTHON_DATA_APP/itba/lib/python3.10/site-packages/airflow/example_dags/example_short_circuit_operator.py for tasks to queue
[2024-10-20T19:37:38.970-0300] {logging_mixin.py:190} INFO - [2024-10-20T19:37:38.970-0300] {dagbag.py:588} INFO - Filling up the DagBag from /mnt/c/Users/Pato_/OneDrive/Documentos/ITBA/PYTHON_DATA_APP/itba/lib/python3.10/site-packages/airflow/example_dags/example_short_circuit_operator.py
[2024-10-20T19:37:39.009-0300] {processor.py:925} INFO - DAG(s) 'example_short_circuit_operator' retrieved from /mnt/c/Users/Pato_/OneDrive/Documentos/ITBA/PYTHON_DATA_APP/itba/lib/python3.10/site-packages/airflow/example_dags/example_short_circuit_operator.py
[2024-10-20T19:37:39.025-0300] {logging_mixin.py:190} INFO - [2024-10-20T19:37:39.025-0300] {dag.py:3239} INFO - Sync 1 DAGs
[2024-10-20T19:37:39.034-0300] {logging_mixin.py:190} INFO - [2024-10-20T19:37:39.033-0300] {dag.py:4180} INFO - Setting next_dagrun for example_short_circuit_operator to None, run_after=None
[2024-10-20T19:37:39.063-0300] {processor.py:208} INFO - Processing /mnt/c/Users/Pato_/OneDrive/Documentos/ITBA/PYTHON_DATA_APP/itba/lib/python3.10/site-packages/airflow/example_dags/example_short_circuit_operator.py took 0.102 seconds
[2024-10-20T19:38:43.546-0300] {processor.py:186} INFO - Started process (PID=320629) to work on /mnt/c/Users/Pato_/OneDrive/Documentos/ITBA/PYTHON_DATA_APP/itba/lib/python3.10/site-packages/airflow/example_dags/example_short_circuit_operator.py
[2024-10-20T19:38:43.547-0300] {processor.py:914} INFO - Processing file /mnt/c/Users/Pato_/OneDrive/Documentos/ITBA/PYTHON_DATA_APP/itba/lib/python3.10/site-packages/airflow/example_dags/example_short_circuit_operator.py for tasks to queue
[2024-10-20T19:38:43.549-0300] {logging_mixin.py:190} INFO - [2024-10-20T19:38:43.549-0300] {dagbag.py:588} INFO - Filling up the DagBag from /mnt/c/Users/Pato_/OneDrive/Documentos/ITBA/PYTHON_DATA_APP/itba/lib/python3.10/site-packages/airflow/example_dags/example_short_circuit_operator.py
[2024-10-20T19:38:43.589-0300] {processor.py:925} INFO - DAG(s) 'example_short_circuit_operator' retrieved from /mnt/c/Users/Pato_/OneDrive/Documentos/ITBA/PYTHON_DATA_APP/itba/lib/python3.10/site-packages/airflow/example_dags/example_short_circuit_operator.py
[2024-10-20T19:38:43.607-0300] {logging_mixin.py:190} INFO - [2024-10-20T19:38:43.607-0300] {dag.py:3239} INFO - Sync 1 DAGs
[2024-10-20T19:38:43.616-0300] {logging_mixin.py:190} INFO - [2024-10-20T19:38:43.616-0300] {dag.py:4180} INFO - Setting next_dagrun for example_short_circuit_operator to None, run_after=None
[2024-10-20T19:38:43.647-0300] {processor.py:208} INFO - Processing /mnt/c/Users/Pato_/OneDrive/Documentos/ITBA/PYTHON_DATA_APP/itba/lib/python3.10/site-packages/airflow/example_dags/example_short_circuit_operator.py took 0.107 seconds
[2024-10-20T19:39:51.430-0300] {processor.py:186} INFO - Started process (PID=321251) to work on /mnt/c/Users/Pato_/OneDrive/Documentos/ITBA/PYTHON_DATA_APP/itba/lib/python3.10/site-packages/airflow/example_dags/example_short_circuit_operator.py
[2024-10-20T19:39:51.431-0300] {processor.py:914} INFO - Processing file /mnt/c/Users/Pato_/OneDrive/Documentos/ITBA/PYTHON_DATA_APP/itba/lib/python3.10/site-packages/airflow/example_dags/example_short_circuit_operator.py for tasks to queue
[2024-10-20T19:39:51.433-0300] {logging_mixin.py:190} INFO - [2024-10-20T19:39:51.432-0300] {dagbag.py:588} INFO - Filling up the DagBag from /mnt/c/Users/Pato_/OneDrive/Documentos/ITBA/PYTHON_DATA_APP/itba/lib/python3.10/site-packages/airflow/example_dags/example_short_circuit_operator.py
[2024-10-20T19:39:51.473-0300] {processor.py:925} INFO - DAG(s) 'example_short_circuit_operator' retrieved from /mnt/c/Users/Pato_/OneDrive/Documentos/ITBA/PYTHON_DATA_APP/itba/lib/python3.10/site-packages/airflow/example_dags/example_short_circuit_operator.py
[2024-10-20T19:39:51.490-0300] {logging_mixin.py:190} INFO - [2024-10-20T19:39:51.489-0300] {dag.py:3239} INFO - Sync 1 DAGs
[2024-10-20T19:39:51.499-0300] {logging_mixin.py:190} INFO - [2024-10-20T19:39:51.498-0300] {dag.py:4180} INFO - Setting next_dagrun for example_short_circuit_operator to None, run_after=None
[2024-10-20T19:39:51.528-0300] {processor.py:208} INFO - Processing /mnt/c/Users/Pato_/OneDrive/Documentos/ITBA/PYTHON_DATA_APP/itba/lib/python3.10/site-packages/airflow/example_dags/example_short_circuit_operator.py took 0.105 seconds
[2024-10-20T19:40:55.340-0300] {processor.py:186} INFO - Started process (PID=322045) to work on /mnt/c/Users/Pato_/OneDrive/Documentos/ITBA/PYTHON_DATA_APP/itba/lib/python3.10/site-packages/airflow/example_dags/example_short_circuit_operator.py
[2024-10-20T19:40:55.341-0300] {processor.py:914} INFO - Processing file /mnt/c/Users/Pato_/OneDrive/Documentos/ITBA/PYTHON_DATA_APP/itba/lib/python3.10/site-packages/airflow/example_dags/example_short_circuit_operator.py for tasks to queue
[2024-10-20T19:40:55.343-0300] {logging_mixin.py:190} INFO - [2024-10-20T19:40:55.343-0300] {dagbag.py:588} INFO - Filling up the DagBag from /mnt/c/Users/Pato_/OneDrive/Documentos/ITBA/PYTHON_DATA_APP/itba/lib/python3.10/site-packages/airflow/example_dags/example_short_circuit_operator.py
[2024-10-20T19:40:55.382-0300] {processor.py:925} INFO - DAG(s) 'example_short_circuit_operator' retrieved from /mnt/c/Users/Pato_/OneDrive/Documentos/ITBA/PYTHON_DATA_APP/itba/lib/python3.10/site-packages/airflow/example_dags/example_short_circuit_operator.py
[2024-10-20T19:40:55.401-0300] {logging_mixin.py:190} INFO - [2024-10-20T19:40:55.400-0300] {dag.py:3239} INFO - Sync 1 DAGs
[2024-10-20T19:40:55.410-0300] {logging_mixin.py:190} INFO - [2024-10-20T19:40:55.410-0300] {dag.py:4180} INFO - Setting next_dagrun for example_short_circuit_operator to None, run_after=None
[2024-10-20T19:40:55.439-0300] {processor.py:208} INFO - Processing /mnt/c/Users/Pato_/OneDrive/Documentos/ITBA/PYTHON_DATA_APP/itba/lib/python3.10/site-packages/airflow/example_dags/example_short_circuit_operator.py took 0.106 seconds
[2024-10-20T19:42:04.284-0300] {processor.py:186} INFO - Started process (PID=322585) to work on /mnt/c/Users/Pato_/OneDrive/Documentos/ITBA/PYTHON_DATA_APP/itba/lib/python3.10/site-packages/airflow/example_dags/example_short_circuit_operator.py
[2024-10-20T19:42:04.285-0300] {processor.py:914} INFO - Processing file /mnt/c/Users/Pato_/OneDrive/Documentos/ITBA/PYTHON_DATA_APP/itba/lib/python3.10/site-packages/airflow/example_dags/example_short_circuit_operator.py for tasks to queue
[2024-10-20T19:42:04.287-0300] {logging_mixin.py:190} INFO - [2024-10-20T19:42:04.286-0300] {dagbag.py:588} INFO - Filling up the DagBag from /mnt/c/Users/Pato_/OneDrive/Documentos/ITBA/PYTHON_DATA_APP/itba/lib/python3.10/site-packages/airflow/example_dags/example_short_circuit_operator.py
[2024-10-20T19:42:04.326-0300] {processor.py:925} INFO - DAG(s) 'example_short_circuit_operator' retrieved from /mnt/c/Users/Pato_/OneDrive/Documentos/ITBA/PYTHON_DATA_APP/itba/lib/python3.10/site-packages/airflow/example_dags/example_short_circuit_operator.py
[2024-10-20T19:42:04.342-0300] {logging_mixin.py:190} INFO - [2024-10-20T19:42:04.341-0300] {dag.py:3239} INFO - Sync 1 DAGs
[2024-10-20T19:42:04.350-0300] {logging_mixin.py:190} INFO - [2024-10-20T19:42:04.350-0300] {dag.py:4180} INFO - Setting next_dagrun for example_short_circuit_operator to None, run_after=None
[2024-10-20T19:42:04.380-0300] {processor.py:208} INFO - Processing /mnt/c/Users/Pato_/OneDrive/Documentos/ITBA/PYTHON_DATA_APP/itba/lib/python3.10/site-packages/airflow/example_dags/example_short_circuit_operator.py took 0.103 seconds
