[2024-10-20T19:00:43.156-0300] {processor.py:186} INFO - Started process (PID=298831) to work on /mnt/c/Users/Pato_/OneDrive/Documentos/ITBA/PYTHON_DATA_APP/itba/lib/python3.10/site-packages/airflow/example_dags/example_python_operator.py
[2024-10-20T19:00:43.157-0300] {processor.py:914} INFO - Processing file /mnt/c/Users/Pato_/OneDrive/Documentos/ITBA/PYTHON_DATA_APP/itba/lib/python3.10/site-packages/airflow/example_dags/example_python_operator.py for tasks to queue
[2024-10-20T19:00:43.159-0300] {logging_mixin.py:190} INFO - [2024-10-20T19:00:43.159-0300] {dagbag.py:588} INFO - Filling up the DagBag from /mnt/c/Users/Pato_/OneDrive/Documentos/ITBA/PYTHON_DATA_APP/itba/lib/python3.10/site-packages/airflow/example_dags/example_python_operator.py
[2024-10-20T19:00:43.205-0300] {processor.py:925} INFO - DAG(s) 'example_python_operator' retrieved from /mnt/c/Users/Pato_/OneDrive/Documentos/ITBA/PYTHON_DATA_APP/itba/lib/python3.10/site-packages/airflow/example_dags/example_python_operator.py
[2024-10-20T19:00:43.939-0300] {logging_mixin.py:190} INFO - [2024-10-20T19:00:43.938-0300] {override.py:1907} INFO - Created Permission View: can read on DAG:example_python_operator
[2024-10-20T19:00:43.958-0300] {logging_mixin.py:190} INFO - [2024-10-20T19:00:43.958-0300] {override.py:1907} INFO - Created Permission View: can delete on DAG:example_python_operator
[2024-10-20T19:00:43.976-0300] {logging_mixin.py:190} INFO - [2024-10-20T19:00:43.975-0300] {override.py:1907} INFO - Created Permission View: can edit on DAG:example_python_operator
[2024-10-20T19:00:44.004-0300] {logging_mixin.py:190} INFO - [2024-10-20T19:00:44.003-0300] {override.py:1907} INFO - Created Permission View: can read on DAG Run:example_python_operator
[2024-10-20T19:00:44.021-0300] {logging_mixin.py:190} INFO - [2024-10-20T19:00:44.020-0300] {override.py:1907} INFO - Created Permission View: can delete on DAG Run:example_python_operator
[2024-10-20T19:00:44.038-0300] {logging_mixin.py:190} INFO - [2024-10-20T19:00:44.038-0300] {override.py:1907} INFO - Created Permission View: can create on DAG Run:example_python_operator
[2024-10-20T19:00:44.056-0300] {logging_mixin.py:190} INFO - [2024-10-20T19:00:44.055-0300] {override.py:1907} INFO - Created Permission View: menu access on DAG Run:example_python_operator
[2024-10-20T19:00:44.057-0300] {logging_mixin.py:190} INFO - [2024-10-20T19:00:44.056-0300] {dag.py:3239} INFO - Sync 1 DAGs
[2024-10-20T19:00:44.067-0300] {logging_mixin.py:190} INFO - [2024-10-20T19:00:44.066-0300] {dag.py:3262} INFO - Creating ORM DAG for example_python_operator
[2024-10-20T19:00:44.068-0300] {logging_mixin.py:190} INFO - [2024-10-20T19:00:44.068-0300] {dag.py:4180} INFO - Setting next_dagrun for example_python_operator to None, run_after=None
[2024-10-20T19:00:44.100-0300] {processor.py:208} INFO - Processing /mnt/c/Users/Pato_/OneDrive/Documentos/ITBA/PYTHON_DATA_APP/itba/lib/python3.10/site-packages/airflow/example_dags/example_python_operator.py took 0.950 seconds
[2024-10-20T19:02:54.123-0300] {processor.py:186} INFO - Started process (PID=300003) to work on /mnt/c/Users/Pato_/OneDrive/Documentos/ITBA/PYTHON_DATA_APP/itba/lib/python3.10/site-packages/airflow/example_dags/example_python_operator.py
[2024-10-20T19:02:54.124-0300] {processor.py:914} INFO - Processing file /mnt/c/Users/Pato_/OneDrive/Documentos/ITBA/PYTHON_DATA_APP/itba/lib/python3.10/site-packages/airflow/example_dags/example_python_operator.py for tasks to queue
[2024-10-20T19:02:54.126-0300] {logging_mixin.py:190} INFO - [2024-10-20T19:02:54.126-0300] {dagbag.py:588} INFO - Filling up the DagBag from /mnt/c/Users/Pato_/OneDrive/Documentos/ITBA/PYTHON_DATA_APP/itba/lib/python3.10/site-packages/airflow/example_dags/example_python_operator.py
[2024-10-20T19:02:54.173-0300] {processor.py:925} INFO - DAG(s) 'example_python_operator' retrieved from /mnt/c/Users/Pato_/OneDrive/Documentos/ITBA/PYTHON_DATA_APP/itba/lib/python3.10/site-packages/airflow/example_dags/example_python_operator.py
[2024-10-20T19:02:54.189-0300] {logging_mixin.py:190} INFO - [2024-10-20T19:02:54.188-0300] {dag.py:3239} INFO - Sync 1 DAGs
[2024-10-20T19:02:54.197-0300] {logging_mixin.py:190} INFO - [2024-10-20T19:02:54.197-0300] {dag.py:4180} INFO - Setting next_dagrun for example_python_operator to None, run_after=None
[2024-10-20T19:02:54.226-0300] {processor.py:208} INFO - Processing /mnt/c/Users/Pato_/OneDrive/Documentos/ITBA/PYTHON_DATA_APP/itba/lib/python3.10/site-packages/airflow/example_dags/example_python_operator.py took 0.109 seconds
[2024-10-20T19:04:02.122-0300] {processor.py:186} INFO - Started process (PID=300539) to work on /mnt/c/Users/Pato_/OneDrive/Documentos/ITBA/PYTHON_DATA_APP/itba/lib/python3.10/site-packages/airflow/example_dags/example_python_operator.py
[2024-10-20T19:04:02.123-0300] {processor.py:914} INFO - Processing file /mnt/c/Users/Pato_/OneDrive/Documentos/ITBA/PYTHON_DATA_APP/itba/lib/python3.10/site-packages/airflow/example_dags/example_python_operator.py for tasks to queue
[2024-10-20T19:04:02.125-0300] {logging_mixin.py:190} INFO - [2024-10-20T19:04:02.124-0300] {dagbag.py:588} INFO - Filling up the DagBag from /mnt/c/Users/Pato_/OneDrive/Documentos/ITBA/PYTHON_DATA_APP/itba/lib/python3.10/site-packages/airflow/example_dags/example_python_operator.py
[2024-10-20T19:04:02.182-0300] {processor.py:925} INFO - DAG(s) 'example_python_operator' retrieved from /mnt/c/Users/Pato_/OneDrive/Documentos/ITBA/PYTHON_DATA_APP/itba/lib/python3.10/site-packages/airflow/example_dags/example_python_operator.py
[2024-10-20T19:04:02.203-0300] {logging_mixin.py:190} INFO - [2024-10-20T19:04:02.203-0300] {dag.py:3239} INFO - Sync 1 DAGs
[2024-10-20T19:04:02.213-0300] {logging_mixin.py:190} INFO - [2024-10-20T19:04:02.212-0300] {dag.py:4180} INFO - Setting next_dagrun for example_python_operator to None, run_after=None
[2024-10-20T19:04:02.247-0300] {processor.py:208} INFO - Processing /mnt/c/Users/Pato_/OneDrive/Documentos/ITBA/PYTHON_DATA_APP/itba/lib/python3.10/site-packages/airflow/example_dags/example_python_operator.py took 0.132 seconds
[2024-10-20T19:05:13.183-0300] {processor.py:186} INFO - Started process (PID=301343) to work on /mnt/c/Users/Pato_/OneDrive/Documentos/ITBA/PYTHON_DATA_APP/itba/lib/python3.10/site-packages/airflow/example_dags/example_python_operator.py
[2024-10-20T19:05:13.184-0300] {processor.py:914} INFO - Processing file /mnt/c/Users/Pato_/OneDrive/Documentos/ITBA/PYTHON_DATA_APP/itba/lib/python3.10/site-packages/airflow/example_dags/example_python_operator.py for tasks to queue
[2024-10-20T19:05:13.186-0300] {logging_mixin.py:190} INFO - [2024-10-20T19:05:13.186-0300] {dagbag.py:588} INFO - Filling up the DagBag from /mnt/c/Users/Pato_/OneDrive/Documentos/ITBA/PYTHON_DATA_APP/itba/lib/python3.10/site-packages/airflow/example_dags/example_python_operator.py
[2024-10-20T19:05:13.238-0300] {processor.py:925} INFO - DAG(s) 'example_python_operator' retrieved from /mnt/c/Users/Pato_/OneDrive/Documentos/ITBA/PYTHON_DATA_APP/itba/lib/python3.10/site-packages/airflow/example_dags/example_python_operator.py
[2024-10-20T19:05:13.255-0300] {logging_mixin.py:190} INFO - [2024-10-20T19:05:13.254-0300] {dag.py:3239} INFO - Sync 1 DAGs
[2024-10-20T19:05:13.264-0300] {logging_mixin.py:190} INFO - [2024-10-20T19:05:13.263-0300] {dag.py:4180} INFO - Setting next_dagrun for example_python_operator to None, run_after=None
[2024-10-20T19:05:13.298-0300] {processor.py:208} INFO - Processing /mnt/c/Users/Pato_/OneDrive/Documentos/ITBA/PYTHON_DATA_APP/itba/lib/python3.10/site-packages/airflow/example_dags/example_python_operator.py took 0.123 seconds
[2024-10-20T19:08:09.694-0300] {processor.py:186} INFO - Started process (PID=303647) to work on /mnt/c/Users/Pato_/OneDrive/Documentos/ITBA/PYTHON_DATA_APP/itba/lib/python3.10/site-packages/airflow/example_dags/example_python_operator.py
[2024-10-20T19:08:09.695-0300] {processor.py:914} INFO - Processing file /mnt/c/Users/Pato_/OneDrive/Documentos/ITBA/PYTHON_DATA_APP/itba/lib/python3.10/site-packages/airflow/example_dags/example_python_operator.py for tasks to queue
[2024-10-20T19:08:09.697-0300] {logging_mixin.py:190} INFO - [2024-10-20T19:08:09.696-0300] {dagbag.py:588} INFO - Filling up the DagBag from /mnt/c/Users/Pato_/OneDrive/Documentos/ITBA/PYTHON_DATA_APP/itba/lib/python3.10/site-packages/airflow/example_dags/example_python_operator.py
[2024-10-20T19:08:09.742-0300] {processor.py:925} INFO - DAG(s) 'example_python_operator' retrieved from /mnt/c/Users/Pato_/OneDrive/Documentos/ITBA/PYTHON_DATA_APP/itba/lib/python3.10/site-packages/airflow/example_dags/example_python_operator.py
[2024-10-20T19:08:09.758-0300] {logging_mixin.py:190} INFO - [2024-10-20T19:08:09.757-0300] {dag.py:3239} INFO - Sync 1 DAGs
[2024-10-20T19:08:09.767-0300] {logging_mixin.py:190} INFO - [2024-10-20T19:08:09.767-0300] {dag.py:4180} INFO - Setting next_dagrun for example_python_operator to None, run_after=None
[2024-10-20T19:08:09.796-0300] {processor.py:208} INFO - Processing /mnt/c/Users/Pato_/OneDrive/Documentos/ITBA/PYTHON_DATA_APP/itba/lib/python3.10/site-packages/airflow/example_dags/example_python_operator.py took 0.110 seconds
[2024-10-20T19:09:16.615-0300] {processor.py:186} INFO - Started process (PID=304233) to work on /mnt/c/Users/Pato_/OneDrive/Documentos/ITBA/PYTHON_DATA_APP/itba/lib/python3.10/site-packages/airflow/example_dags/example_python_operator.py
[2024-10-20T19:09:16.616-0300] {processor.py:914} INFO - Processing file /mnt/c/Users/Pato_/OneDrive/Documentos/ITBA/PYTHON_DATA_APP/itba/lib/python3.10/site-packages/airflow/example_dags/example_python_operator.py for tasks to queue
[2024-10-20T19:09:16.618-0300] {logging_mixin.py:190} INFO - [2024-10-20T19:09:16.617-0300] {dagbag.py:588} INFO - Filling up the DagBag from /mnt/c/Users/Pato_/OneDrive/Documentos/ITBA/PYTHON_DATA_APP/itba/lib/python3.10/site-packages/airflow/example_dags/example_python_operator.py
[2024-10-20T19:09:16.664-0300] {processor.py:925} INFO - DAG(s) 'example_python_operator' retrieved from /mnt/c/Users/Pato_/OneDrive/Documentos/ITBA/PYTHON_DATA_APP/itba/lib/python3.10/site-packages/airflow/example_dags/example_python_operator.py
[2024-10-20T19:09:16.679-0300] {logging_mixin.py:190} INFO - [2024-10-20T19:09:16.679-0300] {dag.py:3239} INFO - Sync 1 DAGs
[2024-10-20T19:09:16.688-0300] {logging_mixin.py:190} INFO - [2024-10-20T19:09:16.687-0300] {dag.py:4180} INFO - Setting next_dagrun for example_python_operator to None, run_after=None
[2024-10-20T19:09:16.716-0300] {processor.py:208} INFO - Processing /mnt/c/Users/Pato_/OneDrive/Documentos/ITBA/PYTHON_DATA_APP/itba/lib/python3.10/site-packages/airflow/example_dags/example_python_operator.py took 0.109 seconds
[2024-10-20T19:10:21.848-0300] {processor.py:186} INFO - Started process (PID=304769) to work on /mnt/c/Users/Pato_/OneDrive/Documentos/ITBA/PYTHON_DATA_APP/itba/lib/python3.10/site-packages/airflow/example_dags/example_python_operator.py
[2024-10-20T19:10:21.849-0300] {processor.py:914} INFO - Processing file /mnt/c/Users/Pato_/OneDrive/Documentos/ITBA/PYTHON_DATA_APP/itba/lib/python3.10/site-packages/airflow/example_dags/example_python_operator.py for tasks to queue
[2024-10-20T19:10:21.851-0300] {logging_mixin.py:190} INFO - [2024-10-20T19:10:21.850-0300] {dagbag.py:588} INFO - Filling up the DagBag from /mnt/c/Users/Pato_/OneDrive/Documentos/ITBA/PYTHON_DATA_APP/itba/lib/python3.10/site-packages/airflow/example_dags/example_python_operator.py
[2024-10-20T19:10:21.896-0300] {processor.py:925} INFO - DAG(s) 'example_python_operator' retrieved from /mnt/c/Users/Pato_/OneDrive/Documentos/ITBA/PYTHON_DATA_APP/itba/lib/python3.10/site-packages/airflow/example_dags/example_python_operator.py
[2024-10-20T19:10:21.911-0300] {logging_mixin.py:190} INFO - [2024-10-20T19:10:21.911-0300] {dag.py:3239} INFO - Sync 1 DAGs
[2024-10-20T19:10:21.920-0300] {logging_mixin.py:190} INFO - [2024-10-20T19:10:21.919-0300] {dag.py:4180} INFO - Setting next_dagrun for example_python_operator to None, run_after=None
[2024-10-20T19:10:21.950-0300] {processor.py:208} INFO - Processing /mnt/c/Users/Pato_/OneDrive/Documentos/ITBA/PYTHON_DATA_APP/itba/lib/python3.10/site-packages/airflow/example_dags/example_python_operator.py took 0.109 seconds
[2024-10-20T19:11:28.464-0300] {processor.py:186} INFO - Started process (PID=305292) to work on /mnt/c/Users/Pato_/OneDrive/Documentos/ITBA/PYTHON_DATA_APP/itba/lib/python3.10/site-packages/airflow/example_dags/example_python_operator.py
[2024-10-20T19:11:28.465-0300] {processor.py:914} INFO - Processing file /mnt/c/Users/Pato_/OneDrive/Documentos/ITBA/PYTHON_DATA_APP/itba/lib/python3.10/site-packages/airflow/example_dags/example_python_operator.py for tasks to queue
[2024-10-20T19:11:28.467-0300] {logging_mixin.py:190} INFO - [2024-10-20T19:11:28.467-0300] {dagbag.py:588} INFO - Filling up the DagBag from /mnt/c/Users/Pato_/OneDrive/Documentos/ITBA/PYTHON_DATA_APP/itba/lib/python3.10/site-packages/airflow/example_dags/example_python_operator.py
[2024-10-20T19:11:28.514-0300] {processor.py:925} INFO - DAG(s) 'example_python_operator' retrieved from /mnt/c/Users/Pato_/OneDrive/Documentos/ITBA/PYTHON_DATA_APP/itba/lib/python3.10/site-packages/airflow/example_dags/example_python_operator.py
[2024-10-20T19:11:28.530-0300] {logging_mixin.py:190} INFO - [2024-10-20T19:11:28.529-0300] {dag.py:3239} INFO - Sync 1 DAGs
[2024-10-20T19:11:28.538-0300] {logging_mixin.py:190} INFO - [2024-10-20T19:11:28.537-0300] {dag.py:4180} INFO - Setting next_dagrun for example_python_operator to None, run_after=None
[2024-10-20T19:11:28.568-0300] {processor.py:208} INFO - Processing /mnt/c/Users/Pato_/OneDrive/Documentos/ITBA/PYTHON_DATA_APP/itba/lib/python3.10/site-packages/airflow/example_dags/example_python_operator.py took 0.111 seconds
[2024-10-20T19:12:37.175-0300] {processor.py:186} INFO - Started process (PID=305830) to work on /mnt/c/Users/Pato_/OneDrive/Documentos/ITBA/PYTHON_DATA_APP/itba/lib/python3.10/site-packages/airflow/example_dags/example_python_operator.py
[2024-10-20T19:12:37.176-0300] {processor.py:914} INFO - Processing file /mnt/c/Users/Pato_/OneDrive/Documentos/ITBA/PYTHON_DATA_APP/itba/lib/python3.10/site-packages/airflow/example_dags/example_python_operator.py for tasks to queue
[2024-10-20T19:12:37.179-0300] {logging_mixin.py:190} INFO - [2024-10-20T19:12:37.178-0300] {dagbag.py:588} INFO - Filling up the DagBag from /mnt/c/Users/Pato_/OneDrive/Documentos/ITBA/PYTHON_DATA_APP/itba/lib/python3.10/site-packages/airflow/example_dags/example_python_operator.py
[2024-10-20T19:12:37.225-0300] {processor.py:925} INFO - DAG(s) 'example_python_operator' retrieved from /mnt/c/Users/Pato_/OneDrive/Documentos/ITBA/PYTHON_DATA_APP/itba/lib/python3.10/site-packages/airflow/example_dags/example_python_operator.py
[2024-10-20T19:12:37.242-0300] {logging_mixin.py:190} INFO - [2024-10-20T19:12:37.242-0300] {dag.py:3239} INFO - Sync 1 DAGs
[2024-10-20T19:12:37.252-0300] {logging_mixin.py:190} INFO - [2024-10-20T19:12:37.251-0300] {dag.py:4180} INFO - Setting next_dagrun for example_python_operator to None, run_after=None
[2024-10-20T19:12:37.280-0300] {processor.py:208} INFO - Processing /mnt/c/Users/Pato_/OneDrive/Documentos/ITBA/PYTHON_DATA_APP/itba/lib/python3.10/site-packages/airflow/example_dags/example_python_operator.py took 0.112 seconds
[2024-10-20T19:13:40.319-0300] {processor.py:186} INFO - Started process (PID=306324) to work on /mnt/c/Users/Pato_/OneDrive/Documentos/ITBA/PYTHON_DATA_APP/itba/lib/python3.10/site-packages/airflow/example_dags/example_python_operator.py
[2024-10-20T19:13:40.320-0300] {processor.py:914} INFO - Processing file /mnt/c/Users/Pato_/OneDrive/Documentos/ITBA/PYTHON_DATA_APP/itba/lib/python3.10/site-packages/airflow/example_dags/example_python_operator.py for tasks to queue
[2024-10-20T19:13:40.322-0300] {logging_mixin.py:190} INFO - [2024-10-20T19:13:40.321-0300] {dagbag.py:588} INFO - Filling up the DagBag from /mnt/c/Users/Pato_/OneDrive/Documentos/ITBA/PYTHON_DATA_APP/itba/lib/python3.10/site-packages/airflow/example_dags/example_python_operator.py
[2024-10-20T19:13:40.368-0300] {processor.py:925} INFO - DAG(s) 'example_python_operator' retrieved from /mnt/c/Users/Pato_/OneDrive/Documentos/ITBA/PYTHON_DATA_APP/itba/lib/python3.10/site-packages/airflow/example_dags/example_python_operator.py
[2024-10-20T19:13:40.383-0300] {logging_mixin.py:190} INFO - [2024-10-20T19:13:40.383-0300] {dag.py:3239} INFO - Sync 1 DAGs
[2024-10-20T19:13:40.392-0300] {logging_mixin.py:190} INFO - [2024-10-20T19:13:40.391-0300] {dag.py:4180} INFO - Setting next_dagrun for example_python_operator to None, run_after=None
[2024-10-20T19:13:40.421-0300] {processor.py:208} INFO - Processing /mnt/c/Users/Pato_/OneDrive/Documentos/ITBA/PYTHON_DATA_APP/itba/lib/python3.10/site-packages/airflow/example_dags/example_python_operator.py took 0.109 seconds
[2024-10-20T19:14:49.518-0300] {processor.py:186} INFO - Started process (PID=306863) to work on /mnt/c/Users/Pato_/OneDrive/Documentos/ITBA/PYTHON_DATA_APP/itba/lib/python3.10/site-packages/airflow/example_dags/example_python_operator.py
[2024-10-20T19:14:49.519-0300] {processor.py:914} INFO - Processing file /mnt/c/Users/Pato_/OneDrive/Documentos/ITBA/PYTHON_DATA_APP/itba/lib/python3.10/site-packages/airflow/example_dags/example_python_operator.py for tasks to queue
[2024-10-20T19:14:49.521-0300] {logging_mixin.py:190} INFO - [2024-10-20T19:14:49.520-0300] {dagbag.py:588} INFO - Filling up the DagBag from /mnt/c/Users/Pato_/OneDrive/Documentos/ITBA/PYTHON_DATA_APP/itba/lib/python3.10/site-packages/airflow/example_dags/example_python_operator.py
[2024-10-20T19:14:49.567-0300] {processor.py:925} INFO - DAG(s) 'example_python_operator' retrieved from /mnt/c/Users/Pato_/OneDrive/Documentos/ITBA/PYTHON_DATA_APP/itba/lib/python3.10/site-packages/airflow/example_dags/example_python_operator.py
[2024-10-20T19:14:49.583-0300] {logging_mixin.py:190} INFO - [2024-10-20T19:14:49.582-0300] {dag.py:3239} INFO - Sync 1 DAGs
[2024-10-20T19:14:49.591-0300] {logging_mixin.py:190} INFO - [2024-10-20T19:14:49.591-0300] {dag.py:4180} INFO - Setting next_dagrun for example_python_operator to None, run_after=None
[2024-10-20T19:14:49.621-0300] {processor.py:208} INFO - Processing /mnt/c/Users/Pato_/OneDrive/Documentos/ITBA/PYTHON_DATA_APP/itba/lib/python3.10/site-packages/airflow/example_dags/example_python_operator.py took 0.110 seconds
[2024-10-20T19:15:57.610-0300] {processor.py:186} INFO - Started process (PID=307418) to work on /mnt/c/Users/Pato_/OneDrive/Documentos/ITBA/PYTHON_DATA_APP/itba/lib/python3.10/site-packages/airflow/example_dags/example_python_operator.py
[2024-10-20T19:15:57.611-0300] {processor.py:914} INFO - Processing file /mnt/c/Users/Pato_/OneDrive/Documentos/ITBA/PYTHON_DATA_APP/itba/lib/python3.10/site-packages/airflow/example_dags/example_python_operator.py for tasks to queue
[2024-10-20T19:15:57.613-0300] {logging_mixin.py:190} INFO - [2024-10-20T19:15:57.613-0300] {dagbag.py:588} INFO - Filling up the DagBag from /mnt/c/Users/Pato_/OneDrive/Documentos/ITBA/PYTHON_DATA_APP/itba/lib/python3.10/site-packages/airflow/example_dags/example_python_operator.py
[2024-10-20T19:15:57.659-0300] {processor.py:925} INFO - DAG(s) 'example_python_operator' retrieved from /mnt/c/Users/Pato_/OneDrive/Documentos/ITBA/PYTHON_DATA_APP/itba/lib/python3.10/site-packages/airflow/example_dags/example_python_operator.py
[2024-10-20T19:15:57.674-0300] {logging_mixin.py:190} INFO - [2024-10-20T19:15:57.674-0300] {dag.py:3239} INFO - Sync 1 DAGs
[2024-10-20T19:15:57.683-0300] {logging_mixin.py:190} INFO - [2024-10-20T19:15:57.682-0300] {dag.py:4180} INFO - Setting next_dagrun for example_python_operator to None, run_after=None
[2024-10-20T19:15:57.713-0300] {processor.py:208} INFO - Processing /mnt/c/Users/Pato_/OneDrive/Documentos/ITBA/PYTHON_DATA_APP/itba/lib/python3.10/site-packages/airflow/example_dags/example_python_operator.py took 0.109 seconds
[2024-10-20T19:17:08.709-0300] {processor.py:186} INFO - Started process (PID=307974) to work on /mnt/c/Users/Pato_/OneDrive/Documentos/ITBA/PYTHON_DATA_APP/itba/lib/python3.10/site-packages/airflow/example_dags/example_python_operator.py
[2024-10-20T19:17:08.710-0300] {processor.py:914} INFO - Processing file /mnt/c/Users/Pato_/OneDrive/Documentos/ITBA/PYTHON_DATA_APP/itba/lib/python3.10/site-packages/airflow/example_dags/example_python_operator.py for tasks to queue
[2024-10-20T19:17:08.712-0300] {logging_mixin.py:190} INFO - [2024-10-20T19:17:08.711-0300] {dagbag.py:588} INFO - Filling up the DagBag from /mnt/c/Users/Pato_/OneDrive/Documentos/ITBA/PYTHON_DATA_APP/itba/lib/python3.10/site-packages/airflow/example_dags/example_python_operator.py
[2024-10-20T19:17:08.758-0300] {processor.py:925} INFO - DAG(s) 'example_python_operator' retrieved from /mnt/c/Users/Pato_/OneDrive/Documentos/ITBA/PYTHON_DATA_APP/itba/lib/python3.10/site-packages/airflow/example_dags/example_python_operator.py
[2024-10-20T19:17:08.775-0300] {logging_mixin.py:190} INFO - [2024-10-20T19:17:08.775-0300] {dag.py:3239} INFO - Sync 1 DAGs
[2024-10-20T19:17:08.784-0300] {logging_mixin.py:190} INFO - [2024-10-20T19:17:08.784-0300] {dag.py:4180} INFO - Setting next_dagrun for example_python_operator to None, run_after=None
[2024-10-20T19:17:08.815-0300] {processor.py:208} INFO - Processing /mnt/c/Users/Pato_/OneDrive/Documentos/ITBA/PYTHON_DATA_APP/itba/lib/python3.10/site-packages/airflow/example_dags/example_python_operator.py took 0.114 seconds
[2024-10-20T19:18:23.941-0300] {processor.py:186} INFO - Started process (PID=308558) to work on /mnt/c/Users/Pato_/OneDrive/Documentos/ITBA/PYTHON_DATA_APP/itba/lib/python3.10/site-packages/airflow/example_dags/example_python_operator.py
[2024-10-20T19:18:23.942-0300] {processor.py:914} INFO - Processing file /mnt/c/Users/Pato_/OneDrive/Documentos/ITBA/PYTHON_DATA_APP/itba/lib/python3.10/site-packages/airflow/example_dags/example_python_operator.py for tasks to queue
[2024-10-20T19:18:23.944-0300] {logging_mixin.py:190} INFO - [2024-10-20T19:18:23.944-0300] {dagbag.py:588} INFO - Filling up the DagBag from /mnt/c/Users/Pato_/OneDrive/Documentos/ITBA/PYTHON_DATA_APP/itba/lib/python3.10/site-packages/airflow/example_dags/example_python_operator.py
[2024-10-20T19:18:23.991-0300] {processor.py:925} INFO - DAG(s) 'example_python_operator' retrieved from /mnt/c/Users/Pato_/OneDrive/Documentos/ITBA/PYTHON_DATA_APP/itba/lib/python3.10/site-packages/airflow/example_dags/example_python_operator.py
[2024-10-20T19:18:24.006-0300] {logging_mixin.py:190} INFO - [2024-10-20T19:18:24.005-0300] {dag.py:3239} INFO - Sync 1 DAGs
[2024-10-20T19:18:24.014-0300] {logging_mixin.py:190} INFO - [2024-10-20T19:18:24.014-0300] {dag.py:4180} INFO - Setting next_dagrun for example_python_operator to None, run_after=None
[2024-10-20T19:18:24.044-0300] {processor.py:208} INFO - Processing /mnt/c/Users/Pato_/OneDrive/Documentos/ITBA/PYTHON_DATA_APP/itba/lib/python3.10/site-packages/airflow/example_dags/example_python_operator.py took 0.109 seconds
[2024-10-20T19:19:36.362-0300] {processor.py:186} INFO - Started process (PID=309125) to work on /mnt/c/Users/Pato_/OneDrive/Documentos/ITBA/PYTHON_DATA_APP/itba/lib/python3.10/site-packages/airflow/example_dags/example_python_operator.py
[2024-10-20T19:19:36.363-0300] {processor.py:914} INFO - Processing file /mnt/c/Users/Pato_/OneDrive/Documentos/ITBA/PYTHON_DATA_APP/itba/lib/python3.10/site-packages/airflow/example_dags/example_python_operator.py for tasks to queue
[2024-10-20T19:19:36.365-0300] {logging_mixin.py:190} INFO - [2024-10-20T19:19:36.364-0300] {dagbag.py:588} INFO - Filling up the DagBag from /mnt/c/Users/Pato_/OneDrive/Documentos/ITBA/PYTHON_DATA_APP/itba/lib/python3.10/site-packages/airflow/example_dags/example_python_operator.py
[2024-10-20T19:19:36.410-0300] {processor.py:925} INFO - DAG(s) 'example_python_operator' retrieved from /mnt/c/Users/Pato_/OneDrive/Documentos/ITBA/PYTHON_DATA_APP/itba/lib/python3.10/site-packages/airflow/example_dags/example_python_operator.py
[2024-10-20T19:19:36.426-0300] {logging_mixin.py:190} INFO - [2024-10-20T19:19:36.425-0300] {dag.py:3239} INFO - Sync 1 DAGs
[2024-10-20T19:19:36.434-0300] {logging_mixin.py:190} INFO - [2024-10-20T19:19:36.434-0300] {dag.py:4180} INFO - Setting next_dagrun for example_python_operator to None, run_after=None
[2024-10-20T19:19:36.463-0300] {processor.py:208} INFO - Processing /mnt/c/Users/Pato_/OneDrive/Documentos/ITBA/PYTHON_DATA_APP/itba/lib/python3.10/site-packages/airflow/example_dags/example_python_operator.py took 0.107 seconds
[2024-10-20T19:20:42.917-0300] {processor.py:186} INFO - Started process (PID=309691) to work on /mnt/c/Users/Pato_/OneDrive/Documentos/ITBA/PYTHON_DATA_APP/itba/lib/python3.10/site-packages/airflow/example_dags/example_python_operator.py
[2024-10-20T19:20:42.918-0300] {processor.py:914} INFO - Processing file /mnt/c/Users/Pato_/OneDrive/Documentos/ITBA/PYTHON_DATA_APP/itba/lib/python3.10/site-packages/airflow/example_dags/example_python_operator.py for tasks to queue
[2024-10-20T19:20:42.920-0300] {logging_mixin.py:190} INFO - [2024-10-20T19:20:42.919-0300] {dagbag.py:588} INFO - Filling up the DagBag from /mnt/c/Users/Pato_/OneDrive/Documentos/ITBA/PYTHON_DATA_APP/itba/lib/python3.10/site-packages/airflow/example_dags/example_python_operator.py
[2024-10-20T19:20:42.967-0300] {processor.py:925} INFO - DAG(s) 'example_python_operator' retrieved from /mnt/c/Users/Pato_/OneDrive/Documentos/ITBA/PYTHON_DATA_APP/itba/lib/python3.10/site-packages/airflow/example_dags/example_python_operator.py
[2024-10-20T19:20:42.983-0300] {logging_mixin.py:190} INFO - [2024-10-20T19:20:42.982-0300] {dag.py:3239} INFO - Sync 1 DAGs
[2024-10-20T19:20:42.992-0300] {logging_mixin.py:190} INFO - [2024-10-20T19:20:42.991-0300] {dag.py:4180} INFO - Setting next_dagrun for example_python_operator to None, run_after=None
[2024-10-20T19:20:43.021-0300] {processor.py:208} INFO - Processing /mnt/c/Users/Pato_/OneDrive/Documentos/ITBA/PYTHON_DATA_APP/itba/lib/python3.10/site-packages/airflow/example_dags/example_python_operator.py took 0.111 seconds
[2024-10-20T19:21:51.531-0300] {processor.py:186} INFO - Started process (PID=310279) to work on /mnt/c/Users/Pato_/OneDrive/Documentos/ITBA/PYTHON_DATA_APP/itba/lib/python3.10/site-packages/airflow/example_dags/example_python_operator.py
[2024-10-20T19:21:51.532-0300] {processor.py:914} INFO - Processing file /mnt/c/Users/Pato_/OneDrive/Documentos/ITBA/PYTHON_DATA_APP/itba/lib/python3.10/site-packages/airflow/example_dags/example_python_operator.py for tasks to queue
[2024-10-20T19:21:51.534-0300] {logging_mixin.py:190} INFO - [2024-10-20T19:21:51.534-0300] {dagbag.py:588} INFO - Filling up the DagBag from /mnt/c/Users/Pato_/OneDrive/Documentos/ITBA/PYTHON_DATA_APP/itba/lib/python3.10/site-packages/airflow/example_dags/example_python_operator.py
[2024-10-20T19:21:51.581-0300] {processor.py:925} INFO - DAG(s) 'example_python_operator' retrieved from /mnt/c/Users/Pato_/OneDrive/Documentos/ITBA/PYTHON_DATA_APP/itba/lib/python3.10/site-packages/airflow/example_dags/example_python_operator.py
[2024-10-20T19:21:51.597-0300] {logging_mixin.py:190} INFO - [2024-10-20T19:21:51.597-0300] {dag.py:3239} INFO - Sync 1 DAGs
[2024-10-20T19:21:51.606-0300] {logging_mixin.py:190} INFO - [2024-10-20T19:21:51.605-0300] {dag.py:4180} INFO - Setting next_dagrun for example_python_operator to None, run_after=None
[2024-10-20T19:21:51.637-0300] {processor.py:208} INFO - Processing /mnt/c/Users/Pato_/OneDrive/Documentos/ITBA/PYTHON_DATA_APP/itba/lib/python3.10/site-packages/airflow/example_dags/example_python_operator.py took 0.113 seconds
[2024-10-20T19:22:57.022-0300] {processor.py:186} INFO - Started process (PID=310879) to work on /mnt/c/Users/Pato_/OneDrive/Documentos/ITBA/PYTHON_DATA_APP/itba/lib/python3.10/site-packages/airflow/example_dags/example_python_operator.py
[2024-10-20T19:22:57.023-0300] {processor.py:914} INFO - Processing file /mnt/c/Users/Pato_/OneDrive/Documentos/ITBA/PYTHON_DATA_APP/itba/lib/python3.10/site-packages/airflow/example_dags/example_python_operator.py for tasks to queue
[2024-10-20T19:22:57.025-0300] {logging_mixin.py:190} INFO - [2024-10-20T19:22:57.024-0300] {dagbag.py:588} INFO - Filling up the DagBag from /mnt/c/Users/Pato_/OneDrive/Documentos/ITBA/PYTHON_DATA_APP/itba/lib/python3.10/site-packages/airflow/example_dags/example_python_operator.py
[2024-10-20T19:22:57.074-0300] {processor.py:925} INFO - DAG(s) 'example_python_operator' retrieved from /mnt/c/Users/Pato_/OneDrive/Documentos/ITBA/PYTHON_DATA_APP/itba/lib/python3.10/site-packages/airflow/example_dags/example_python_operator.py
[2024-10-20T19:22:57.091-0300] {logging_mixin.py:190} INFO - [2024-10-20T19:22:57.090-0300] {dag.py:3239} INFO - Sync 1 DAGs
[2024-10-20T19:22:57.100-0300] {logging_mixin.py:190} INFO - [2024-10-20T19:22:57.099-0300] {dag.py:4180} INFO - Setting next_dagrun for example_python_operator to None, run_after=None
[2024-10-20T19:22:57.128-0300] {processor.py:208} INFO - Processing /mnt/c/Users/Pato_/OneDrive/Documentos/ITBA/PYTHON_DATA_APP/itba/lib/python3.10/site-packages/airflow/example_dags/example_python_operator.py took 0.112 seconds
[2024-10-20T19:24:52.081-0300] {processor.py:186} INFO - Started process (PID=312408) to work on /mnt/c/Users/Pato_/OneDrive/Documentos/ITBA/PYTHON_DATA_APP/itba/lib/python3.10/site-packages/airflow/example_dags/example_python_operator.py
[2024-10-20T19:24:52.082-0300] {processor.py:914} INFO - Processing file /mnt/c/Users/Pato_/OneDrive/Documentos/ITBA/PYTHON_DATA_APP/itba/lib/python3.10/site-packages/airflow/example_dags/example_python_operator.py for tasks to queue
[2024-10-20T19:24:52.084-0300] {logging_mixin.py:190} INFO - [2024-10-20T19:24:52.084-0300] {dagbag.py:588} INFO - Filling up the DagBag from /mnt/c/Users/Pato_/OneDrive/Documentos/ITBA/PYTHON_DATA_APP/itba/lib/python3.10/site-packages/airflow/example_dags/example_python_operator.py
[2024-10-20T19:24:52.132-0300] {processor.py:925} INFO - DAG(s) 'example_python_operator' retrieved from /mnt/c/Users/Pato_/OneDrive/Documentos/ITBA/PYTHON_DATA_APP/itba/lib/python3.10/site-packages/airflow/example_dags/example_python_operator.py
[2024-10-20T19:24:52.148-0300] {logging_mixin.py:190} INFO - [2024-10-20T19:24:52.147-0300] {dag.py:3239} INFO - Sync 1 DAGs
[2024-10-20T19:24:52.157-0300] {logging_mixin.py:190} INFO - [2024-10-20T19:24:52.156-0300] {dag.py:4180} INFO - Setting next_dagrun for example_python_operator to None, run_after=None
[2024-10-20T19:24:52.186-0300] {processor.py:208} INFO - Processing /mnt/c/Users/Pato_/OneDrive/Documentos/ITBA/PYTHON_DATA_APP/itba/lib/python3.10/site-packages/airflow/example_dags/example_python_operator.py took 0.112 seconds
[2024-10-20T19:26:31.256-0300] {processor.py:186} INFO - Started process (PID=313658) to work on /mnt/c/Users/Pato_/OneDrive/Documentos/ITBA/PYTHON_DATA_APP/itba/lib/python3.10/site-packages/airflow/example_dags/example_python_operator.py
[2024-10-20T19:26:31.257-0300] {processor.py:914} INFO - Processing file /mnt/c/Users/Pato_/OneDrive/Documentos/ITBA/PYTHON_DATA_APP/itba/lib/python3.10/site-packages/airflow/example_dags/example_python_operator.py for tasks to queue
[2024-10-20T19:26:31.259-0300] {logging_mixin.py:190} INFO - [2024-10-20T19:26:31.258-0300] {dagbag.py:588} INFO - Filling up the DagBag from /mnt/c/Users/Pato_/OneDrive/Documentos/ITBA/PYTHON_DATA_APP/itba/lib/python3.10/site-packages/airflow/example_dags/example_python_operator.py
[2024-10-20T19:26:31.310-0300] {processor.py:925} INFO - DAG(s) 'example_python_operator' retrieved from /mnt/c/Users/Pato_/OneDrive/Documentos/ITBA/PYTHON_DATA_APP/itba/lib/python3.10/site-packages/airflow/example_dags/example_python_operator.py
[2024-10-20T19:26:31.327-0300] {logging_mixin.py:190} INFO - [2024-10-20T19:26:31.327-0300] {dag.py:3239} INFO - Sync 1 DAGs
[2024-10-20T19:26:31.337-0300] {logging_mixin.py:190} INFO - [2024-10-20T19:26:31.336-0300] {dag.py:4180} INFO - Setting next_dagrun for example_python_operator to None, run_after=None
[2024-10-20T19:26:31.368-0300] {processor.py:208} INFO - Processing /mnt/c/Users/Pato_/OneDrive/Documentos/ITBA/PYTHON_DATA_APP/itba/lib/python3.10/site-packages/airflow/example_dags/example_python_operator.py took 0.120 seconds
[2024-10-20T19:27:35.034-0300] {processor.py:186} INFO - Started process (PID=314487) to work on /mnt/c/Users/Pato_/OneDrive/Documentos/ITBA/PYTHON_DATA_APP/itba/lib/python3.10/site-packages/airflow/example_dags/example_python_operator.py
[2024-10-20T19:27:35.034-0300] {processor.py:914} INFO - Processing file /mnt/c/Users/Pato_/OneDrive/Documentos/ITBA/PYTHON_DATA_APP/itba/lib/python3.10/site-packages/airflow/example_dags/example_python_operator.py for tasks to queue
[2024-10-20T19:27:35.037-0300] {logging_mixin.py:190} INFO - [2024-10-20T19:27:35.036-0300] {dagbag.py:588} INFO - Filling up the DagBag from /mnt/c/Users/Pato_/OneDrive/Documentos/ITBA/PYTHON_DATA_APP/itba/lib/python3.10/site-packages/airflow/example_dags/example_python_operator.py
[2024-10-20T19:27:35.082-0300] {processor.py:925} INFO - DAG(s) 'example_python_operator' retrieved from /mnt/c/Users/Pato_/OneDrive/Documentos/ITBA/PYTHON_DATA_APP/itba/lib/python3.10/site-packages/airflow/example_dags/example_python_operator.py
[2024-10-20T19:27:35.099-0300] {logging_mixin.py:190} INFO - [2024-10-20T19:27:35.098-0300] {dag.py:3239} INFO - Sync 1 DAGs
[2024-10-20T19:27:35.108-0300] {logging_mixin.py:190} INFO - [2024-10-20T19:27:35.108-0300] {dag.py:4180} INFO - Setting next_dagrun for example_python_operator to None, run_after=None
[2024-10-20T19:27:35.137-0300] {processor.py:208} INFO - Processing /mnt/c/Users/Pato_/OneDrive/Documentos/ITBA/PYTHON_DATA_APP/itba/lib/python3.10/site-packages/airflow/example_dags/example_python_operator.py took 0.110 seconds
[2024-10-20T19:28:40.690-0300] {processor.py:186} INFO - Started process (PID=315232) to work on /mnt/c/Users/Pato_/OneDrive/Documentos/ITBA/PYTHON_DATA_APP/itba/lib/python3.10/site-packages/airflow/example_dags/example_python_operator.py
[2024-10-20T19:28:40.691-0300] {processor.py:914} INFO - Processing file /mnt/c/Users/Pato_/OneDrive/Documentos/ITBA/PYTHON_DATA_APP/itba/lib/python3.10/site-packages/airflow/example_dags/example_python_operator.py for tasks to queue
[2024-10-20T19:28:40.693-0300] {logging_mixin.py:190} INFO - [2024-10-20T19:28:40.692-0300] {dagbag.py:588} INFO - Filling up the DagBag from /mnt/c/Users/Pato_/OneDrive/Documentos/ITBA/PYTHON_DATA_APP/itba/lib/python3.10/site-packages/airflow/example_dags/example_python_operator.py
[2024-10-20T19:28:40.740-0300] {processor.py:925} INFO - DAG(s) 'example_python_operator' retrieved from /mnt/c/Users/Pato_/OneDrive/Documentos/ITBA/PYTHON_DATA_APP/itba/lib/python3.10/site-packages/airflow/example_dags/example_python_operator.py
[2024-10-20T19:28:40.756-0300] {logging_mixin.py:190} INFO - [2024-10-20T19:28:40.756-0300] {dag.py:3239} INFO - Sync 1 DAGs
[2024-10-20T19:28:40.765-0300] {logging_mixin.py:190} INFO - [2024-10-20T19:28:40.764-0300] {dag.py:4180} INFO - Setting next_dagrun for example_python_operator to None, run_after=None
[2024-10-20T19:28:40.793-0300] {processor.py:208} INFO - Processing /mnt/c/Users/Pato_/OneDrive/Documentos/ITBA/PYTHON_DATA_APP/itba/lib/python3.10/site-packages/airflow/example_dags/example_python_operator.py took 0.111 seconds
[2024-10-20T19:29:50.365-0300] {processor.py:186} INFO - Started process (PID=316013) to work on /mnt/c/Users/Pato_/OneDrive/Documentos/ITBA/PYTHON_DATA_APP/itba/lib/python3.10/site-packages/airflow/example_dags/example_python_operator.py
[2024-10-20T19:29:50.366-0300] {processor.py:914} INFO - Processing file /mnt/c/Users/Pato_/OneDrive/Documentos/ITBA/PYTHON_DATA_APP/itba/lib/python3.10/site-packages/airflow/example_dags/example_python_operator.py for tasks to queue
[2024-10-20T19:29:50.368-0300] {logging_mixin.py:190} INFO - [2024-10-20T19:29:50.368-0300] {dagbag.py:588} INFO - Filling up the DagBag from /mnt/c/Users/Pato_/OneDrive/Documentos/ITBA/PYTHON_DATA_APP/itba/lib/python3.10/site-packages/airflow/example_dags/example_python_operator.py
[2024-10-20T19:29:50.421-0300] {processor.py:925} INFO - DAG(s) 'example_python_operator' retrieved from /mnt/c/Users/Pato_/OneDrive/Documentos/ITBA/PYTHON_DATA_APP/itba/lib/python3.10/site-packages/airflow/example_dags/example_python_operator.py
[2024-10-20T19:29:50.439-0300] {logging_mixin.py:190} INFO - [2024-10-20T19:29:50.438-0300] {dag.py:3239} INFO - Sync 1 DAGs
[2024-10-20T19:29:50.448-0300] {logging_mixin.py:190} INFO - [2024-10-20T19:29:50.447-0300] {dag.py:4180} INFO - Setting next_dagrun for example_python_operator to None, run_after=None
[2024-10-20T19:29:50.482-0300] {processor.py:208} INFO - Processing /mnt/c/Users/Pato_/OneDrive/Documentos/ITBA/PYTHON_DATA_APP/itba/lib/python3.10/site-packages/airflow/example_dags/example_python_operator.py took 0.124 seconds
[2024-10-20T19:31:00.250-0300] {processor.py:186} INFO - Started process (PID=316591) to work on /mnt/c/Users/Pato_/OneDrive/Documentos/ITBA/PYTHON_DATA_APP/itba/lib/python3.10/site-packages/airflow/example_dags/example_python_operator.py
[2024-10-20T19:31:00.251-0300] {processor.py:914} INFO - Processing file /mnt/c/Users/Pato_/OneDrive/Documentos/ITBA/PYTHON_DATA_APP/itba/lib/python3.10/site-packages/airflow/example_dags/example_python_operator.py for tasks to queue
[2024-10-20T19:31:00.254-0300] {logging_mixin.py:190} INFO - [2024-10-20T19:31:00.253-0300] {dagbag.py:588} INFO - Filling up the DagBag from /mnt/c/Users/Pato_/OneDrive/Documentos/ITBA/PYTHON_DATA_APP/itba/lib/python3.10/site-packages/airflow/example_dags/example_python_operator.py
[2024-10-20T19:31:00.300-0300] {processor.py:925} INFO - DAG(s) 'example_python_operator' retrieved from /mnt/c/Users/Pato_/OneDrive/Documentos/ITBA/PYTHON_DATA_APP/itba/lib/python3.10/site-packages/airflow/example_dags/example_python_operator.py
[2024-10-20T19:31:00.316-0300] {logging_mixin.py:190} INFO - [2024-10-20T19:31:00.316-0300] {dag.py:3239} INFO - Sync 1 DAGs
[2024-10-20T19:31:00.325-0300] {logging_mixin.py:190} INFO - [2024-10-20T19:31:00.325-0300] {dag.py:4180} INFO - Setting next_dagrun for example_python_operator to None, run_after=None
[2024-10-20T19:31:00.354-0300] {processor.py:208} INFO - Processing /mnt/c/Users/Pato_/OneDrive/Documentos/ITBA/PYTHON_DATA_APP/itba/lib/python3.10/site-packages/airflow/example_dags/example_python_operator.py took 0.112 seconds
[2024-10-20T19:32:07.618-0300] {processor.py:186} INFO - Started process (PID=317115) to work on /mnt/c/Users/Pato_/OneDrive/Documentos/ITBA/PYTHON_DATA_APP/itba/lib/python3.10/site-packages/airflow/example_dags/example_python_operator.py
[2024-10-20T19:32:07.619-0300] {processor.py:914} INFO - Processing file /mnt/c/Users/Pato_/OneDrive/Documentos/ITBA/PYTHON_DATA_APP/itba/lib/python3.10/site-packages/airflow/example_dags/example_python_operator.py for tasks to queue
[2024-10-20T19:32:07.621-0300] {logging_mixin.py:190} INFO - [2024-10-20T19:32:07.621-0300] {dagbag.py:588} INFO - Filling up the DagBag from /mnt/c/Users/Pato_/OneDrive/Documentos/ITBA/PYTHON_DATA_APP/itba/lib/python3.10/site-packages/airflow/example_dags/example_python_operator.py
[2024-10-20T19:32:07.669-0300] {processor.py:925} INFO - DAG(s) 'example_python_operator' retrieved from /mnt/c/Users/Pato_/OneDrive/Documentos/ITBA/PYTHON_DATA_APP/itba/lib/python3.10/site-packages/airflow/example_dags/example_python_operator.py
[2024-10-20T19:32:07.686-0300] {logging_mixin.py:190} INFO - [2024-10-20T19:32:07.685-0300] {dag.py:3239} INFO - Sync 1 DAGs
[2024-10-20T19:32:07.694-0300] {logging_mixin.py:190} INFO - [2024-10-20T19:32:07.694-0300] {dag.py:4180} INFO - Setting next_dagrun for example_python_operator to None, run_after=None
[2024-10-20T19:32:07.723-0300] {processor.py:208} INFO - Processing /mnt/c/Users/Pato_/OneDrive/Documentos/ITBA/PYTHON_DATA_APP/itba/lib/python3.10/site-packages/airflow/example_dags/example_python_operator.py took 0.111 seconds
[2024-10-20T19:33:15.240-0300] {processor.py:186} INFO - Started process (PID=317700) to work on /mnt/c/Users/Pato_/OneDrive/Documentos/ITBA/PYTHON_DATA_APP/itba/lib/python3.10/site-packages/airflow/example_dags/example_python_operator.py
[2024-10-20T19:33:15.241-0300] {processor.py:914} INFO - Processing file /mnt/c/Users/Pato_/OneDrive/Documentos/ITBA/PYTHON_DATA_APP/itba/lib/python3.10/site-packages/airflow/example_dags/example_python_operator.py for tasks to queue
[2024-10-20T19:33:15.243-0300] {logging_mixin.py:190} INFO - [2024-10-20T19:33:15.242-0300] {dagbag.py:588} INFO - Filling up the DagBag from /mnt/c/Users/Pato_/OneDrive/Documentos/ITBA/PYTHON_DATA_APP/itba/lib/python3.10/site-packages/airflow/example_dags/example_python_operator.py
[2024-10-20T19:33:15.288-0300] {processor.py:925} INFO - DAG(s) 'example_python_operator' retrieved from /mnt/c/Users/Pato_/OneDrive/Documentos/ITBA/PYTHON_DATA_APP/itba/lib/python3.10/site-packages/airflow/example_dags/example_python_operator.py
[2024-10-20T19:33:15.303-0300] {logging_mixin.py:190} INFO - [2024-10-20T19:33:15.303-0300] {dag.py:3239} INFO - Sync 1 DAGs
[2024-10-20T19:33:15.312-0300] {logging_mixin.py:190} INFO - [2024-10-20T19:33:15.311-0300] {dag.py:4180} INFO - Setting next_dagrun for example_python_operator to None, run_after=None
[2024-10-20T19:33:15.340-0300] {processor.py:208} INFO - Processing /mnt/c/Users/Pato_/OneDrive/Documentos/ITBA/PYTHON_DATA_APP/itba/lib/python3.10/site-packages/airflow/example_dags/example_python_operator.py took 0.107 seconds
[2024-10-20T19:34:20.852-0300] {processor.py:186} INFO - Started process (PID=318391) to work on /mnt/c/Users/Pato_/OneDrive/Documentos/ITBA/PYTHON_DATA_APP/itba/lib/python3.10/site-packages/airflow/example_dags/example_python_operator.py
[2024-10-20T19:34:20.853-0300] {processor.py:914} INFO - Processing file /mnt/c/Users/Pato_/OneDrive/Documentos/ITBA/PYTHON_DATA_APP/itba/lib/python3.10/site-packages/airflow/example_dags/example_python_operator.py for tasks to queue
[2024-10-20T19:34:20.855-0300] {logging_mixin.py:190} INFO - [2024-10-20T19:34:20.855-0300] {dagbag.py:588} INFO - Filling up the DagBag from /mnt/c/Users/Pato_/OneDrive/Documentos/ITBA/PYTHON_DATA_APP/itba/lib/python3.10/site-packages/airflow/example_dags/example_python_operator.py
[2024-10-20T19:34:20.901-0300] {processor.py:925} INFO - DAG(s) 'example_python_operator' retrieved from /mnt/c/Users/Pato_/OneDrive/Documentos/ITBA/PYTHON_DATA_APP/itba/lib/python3.10/site-packages/airflow/example_dags/example_python_operator.py
[2024-10-20T19:34:20.917-0300] {logging_mixin.py:190} INFO - [2024-10-20T19:34:20.916-0300] {dag.py:3239} INFO - Sync 1 DAGs
[2024-10-20T19:34:20.925-0300] {logging_mixin.py:190} INFO - [2024-10-20T19:34:20.925-0300] {dag.py:4180} INFO - Setting next_dagrun for example_python_operator to None, run_after=None
[2024-10-20T19:34:20.953-0300] {processor.py:208} INFO - Processing /mnt/c/Users/Pato_/OneDrive/Documentos/ITBA/PYTHON_DATA_APP/itba/lib/python3.10/site-packages/airflow/example_dags/example_python_operator.py took 0.108 seconds
[2024-10-20T19:35:29.771-0300] {processor.py:186} INFO - Started process (PID=319118) to work on /mnt/c/Users/Pato_/OneDrive/Documentos/ITBA/PYTHON_DATA_APP/itba/lib/python3.10/site-packages/airflow/example_dags/example_python_operator.py
[2024-10-20T19:35:29.772-0300] {processor.py:914} INFO - Processing file /mnt/c/Users/Pato_/OneDrive/Documentos/ITBA/PYTHON_DATA_APP/itba/lib/python3.10/site-packages/airflow/example_dags/example_python_operator.py for tasks to queue
[2024-10-20T19:35:29.774-0300] {logging_mixin.py:190} INFO - [2024-10-20T19:35:29.773-0300] {dagbag.py:588} INFO - Filling up the DagBag from /mnt/c/Users/Pato_/OneDrive/Documentos/ITBA/PYTHON_DATA_APP/itba/lib/python3.10/site-packages/airflow/example_dags/example_python_operator.py
[2024-10-20T19:35:29.818-0300] {processor.py:925} INFO - DAG(s) 'example_python_operator' retrieved from /mnt/c/Users/Pato_/OneDrive/Documentos/ITBA/PYTHON_DATA_APP/itba/lib/python3.10/site-packages/airflow/example_dags/example_python_operator.py
[2024-10-20T19:35:29.834-0300] {logging_mixin.py:190} INFO - [2024-10-20T19:35:29.834-0300] {dag.py:3239} INFO - Sync 1 DAGs
[2024-10-20T19:35:29.843-0300] {logging_mixin.py:190} INFO - [2024-10-20T19:35:29.842-0300] {dag.py:4180} INFO - Setting next_dagrun for example_python_operator to None, run_after=None
[2024-10-20T19:35:29.873-0300] {processor.py:208} INFO - Processing /mnt/c/Users/Pato_/OneDrive/Documentos/ITBA/PYTHON_DATA_APP/itba/lib/python3.10/site-packages/airflow/example_dags/example_python_operator.py took 0.109 seconds
[2024-10-20T19:36:39.871-0300] {processor.py:186} INFO - Started process (PID=319667) to work on /mnt/c/Users/Pato_/OneDrive/Documentos/ITBA/PYTHON_DATA_APP/itba/lib/python3.10/site-packages/airflow/example_dags/example_python_operator.py
[2024-10-20T19:36:39.872-0300] {processor.py:914} INFO - Processing file /mnt/c/Users/Pato_/OneDrive/Documentos/ITBA/PYTHON_DATA_APP/itba/lib/python3.10/site-packages/airflow/example_dags/example_python_operator.py for tasks to queue
[2024-10-20T19:36:39.874-0300] {logging_mixin.py:190} INFO - [2024-10-20T19:36:39.873-0300] {dagbag.py:588} INFO - Filling up the DagBag from /mnt/c/Users/Pato_/OneDrive/Documentos/ITBA/PYTHON_DATA_APP/itba/lib/python3.10/site-packages/airflow/example_dags/example_python_operator.py
[2024-10-20T19:36:39.919-0300] {processor.py:925} INFO - DAG(s) 'example_python_operator' retrieved from /mnt/c/Users/Pato_/OneDrive/Documentos/ITBA/PYTHON_DATA_APP/itba/lib/python3.10/site-packages/airflow/example_dags/example_python_operator.py
[2024-10-20T19:36:39.934-0300] {logging_mixin.py:190} INFO - [2024-10-20T19:36:39.934-0300] {dag.py:3239} INFO - Sync 1 DAGs
[2024-10-20T19:36:39.943-0300] {logging_mixin.py:190} INFO - [2024-10-20T19:36:39.943-0300] {dag.py:4180} INFO - Setting next_dagrun for example_python_operator to None, run_after=None
[2024-10-20T19:36:39.972-0300] {processor.py:208} INFO - Processing /mnt/c/Users/Pato_/OneDrive/Documentos/ITBA/PYTHON_DATA_APP/itba/lib/python3.10/site-packages/airflow/example_dags/example_python_operator.py took 0.108 seconds
[2024-10-20T19:37:48.048-0300] {processor.py:186} INFO - Started process (PID=320196) to work on /mnt/c/Users/Pato_/OneDrive/Documentos/ITBA/PYTHON_DATA_APP/itba/lib/python3.10/site-packages/airflow/example_dags/example_python_operator.py
[2024-10-20T19:37:48.049-0300] {processor.py:914} INFO - Processing file /mnt/c/Users/Pato_/OneDrive/Documentos/ITBA/PYTHON_DATA_APP/itba/lib/python3.10/site-packages/airflow/example_dags/example_python_operator.py for tasks to queue
[2024-10-20T19:37:48.051-0300] {logging_mixin.py:190} INFO - [2024-10-20T19:37:48.050-0300] {dagbag.py:588} INFO - Filling up the DagBag from /mnt/c/Users/Pato_/OneDrive/Documentos/ITBA/PYTHON_DATA_APP/itba/lib/python3.10/site-packages/airflow/example_dags/example_python_operator.py
[2024-10-20T19:37:48.097-0300] {processor.py:925} INFO - DAG(s) 'example_python_operator' retrieved from /mnt/c/Users/Pato_/OneDrive/Documentos/ITBA/PYTHON_DATA_APP/itba/lib/python3.10/site-packages/airflow/example_dags/example_python_operator.py
[2024-10-20T19:37:48.113-0300] {logging_mixin.py:190} INFO - [2024-10-20T19:37:48.112-0300] {dag.py:3239} INFO - Sync 1 DAGs
[2024-10-20T19:37:48.121-0300] {logging_mixin.py:190} INFO - [2024-10-20T19:37:48.121-0300] {dag.py:4180} INFO - Setting next_dagrun for example_python_operator to None, run_after=None
[2024-10-20T19:37:48.150-0300] {processor.py:208} INFO - Processing /mnt/c/Users/Pato_/OneDrive/Documentos/ITBA/PYTHON_DATA_APP/itba/lib/python3.10/site-packages/airflow/example_dags/example_python_operator.py took 0.109 seconds
[2024-10-20T19:38:52.291-0300] {processor.py:186} INFO - Started process (PID=320702) to work on /mnt/c/Users/Pato_/OneDrive/Documentos/ITBA/PYTHON_DATA_APP/itba/lib/python3.10/site-packages/airflow/example_dags/example_python_operator.py
[2024-10-20T19:38:52.292-0300] {processor.py:914} INFO - Processing file /mnt/c/Users/Pato_/OneDrive/Documentos/ITBA/PYTHON_DATA_APP/itba/lib/python3.10/site-packages/airflow/example_dags/example_python_operator.py for tasks to queue
[2024-10-20T19:38:52.294-0300] {logging_mixin.py:190} INFO - [2024-10-20T19:38:52.293-0300] {dagbag.py:588} INFO - Filling up the DagBag from /mnt/c/Users/Pato_/OneDrive/Documentos/ITBA/PYTHON_DATA_APP/itba/lib/python3.10/site-packages/airflow/example_dags/example_python_operator.py
[2024-10-20T19:38:52.342-0300] {processor.py:925} INFO - DAG(s) 'example_python_operator' retrieved from /mnt/c/Users/Pato_/OneDrive/Documentos/ITBA/PYTHON_DATA_APP/itba/lib/python3.10/site-packages/airflow/example_dags/example_python_operator.py
[2024-10-20T19:38:52.359-0300] {logging_mixin.py:190} INFO - [2024-10-20T19:38:52.358-0300] {dag.py:3239} INFO - Sync 1 DAGs
[2024-10-20T19:38:52.368-0300] {logging_mixin.py:190} INFO - [2024-10-20T19:38:52.367-0300] {dag.py:4180} INFO - Setting next_dagrun for example_python_operator to None, run_after=None
[2024-10-20T19:38:52.396-0300] {processor.py:208} INFO - Processing /mnt/c/Users/Pato_/OneDrive/Documentos/ITBA/PYTHON_DATA_APP/itba/lib/python3.10/site-packages/airflow/example_dags/example_python_operator.py took 0.112 seconds
[2024-10-20T19:40:00.044-0300] {processor.py:186} INFO - Started process (PID=321386) to work on /mnt/c/Users/Pato_/OneDrive/Documentos/ITBA/PYTHON_DATA_APP/itba/lib/python3.10/site-packages/airflow/example_dags/example_python_operator.py
[2024-10-20T19:40:00.045-0300] {processor.py:914} INFO - Processing file /mnt/c/Users/Pato_/OneDrive/Documentos/ITBA/PYTHON_DATA_APP/itba/lib/python3.10/site-packages/airflow/example_dags/example_python_operator.py for tasks to queue
[2024-10-20T19:40:00.047-0300] {logging_mixin.py:190} INFO - [2024-10-20T19:40:00.046-0300] {dagbag.py:588} INFO - Filling up the DagBag from /mnt/c/Users/Pato_/OneDrive/Documentos/ITBA/PYTHON_DATA_APP/itba/lib/python3.10/site-packages/airflow/example_dags/example_python_operator.py
[2024-10-20T19:40:00.094-0300] {processor.py:925} INFO - DAG(s) 'example_python_operator' retrieved from /mnt/c/Users/Pato_/OneDrive/Documentos/ITBA/PYTHON_DATA_APP/itba/lib/python3.10/site-packages/airflow/example_dags/example_python_operator.py
[2024-10-20T19:40:00.110-0300] {logging_mixin.py:190} INFO - [2024-10-20T19:40:00.109-0300] {dag.py:3239} INFO - Sync 1 DAGs
[2024-10-20T19:40:00.118-0300] {logging_mixin.py:190} INFO - [2024-10-20T19:40:00.118-0300] {dag.py:4180} INFO - Setting next_dagrun for example_python_operator to None, run_after=None
[2024-10-20T19:40:00.147-0300] {processor.py:208} INFO - Processing /mnt/c/Users/Pato_/OneDrive/Documentos/ITBA/PYTHON_DATA_APP/itba/lib/python3.10/site-packages/airflow/example_dags/example_python_operator.py took 0.110 seconds
[2024-10-20T19:41:05.384-0300] {processor.py:186} INFO - Started process (PID=322122) to work on /mnt/c/Users/Pato_/OneDrive/Documentos/ITBA/PYTHON_DATA_APP/itba/lib/python3.10/site-packages/airflow/example_dags/example_python_operator.py
[2024-10-20T19:41:05.385-0300] {processor.py:914} INFO - Processing file /mnt/c/Users/Pato_/OneDrive/Documentos/ITBA/PYTHON_DATA_APP/itba/lib/python3.10/site-packages/airflow/example_dags/example_python_operator.py for tasks to queue
[2024-10-20T19:41:05.387-0300] {logging_mixin.py:190} INFO - [2024-10-20T19:41:05.387-0300] {dagbag.py:588} INFO - Filling up the DagBag from /mnt/c/Users/Pato_/OneDrive/Documentos/ITBA/PYTHON_DATA_APP/itba/lib/python3.10/site-packages/airflow/example_dags/example_python_operator.py
[2024-10-20T19:41:05.433-0300] {processor.py:925} INFO - DAG(s) 'example_python_operator' retrieved from /mnt/c/Users/Pato_/OneDrive/Documentos/ITBA/PYTHON_DATA_APP/itba/lib/python3.10/site-packages/airflow/example_dags/example_python_operator.py
[2024-10-20T19:41:05.450-0300] {logging_mixin.py:190} INFO - [2024-10-20T19:41:05.449-0300] {dag.py:3239} INFO - Sync 1 DAGs
[2024-10-20T19:41:05.459-0300] {logging_mixin.py:190} INFO - [2024-10-20T19:41:05.458-0300] {dag.py:4180} INFO - Setting next_dagrun for example_python_operator to None, run_after=None
[2024-10-20T19:41:05.487-0300] {processor.py:208} INFO - Processing /mnt/c/Users/Pato_/OneDrive/Documentos/ITBA/PYTHON_DATA_APP/itba/lib/python3.10/site-packages/airflow/example_dags/example_python_operator.py took 0.110 seconds
[2024-10-20T19:42:13.395-0300] {processor.py:186} INFO - Started process (PID=322697) to work on /mnt/c/Users/Pato_/OneDrive/Documentos/ITBA/PYTHON_DATA_APP/itba/lib/python3.10/site-packages/airflow/example_dags/example_python_operator.py
[2024-10-20T19:42:13.397-0300] {processor.py:914} INFO - Processing file /mnt/c/Users/Pato_/OneDrive/Documentos/ITBA/PYTHON_DATA_APP/itba/lib/python3.10/site-packages/airflow/example_dags/example_python_operator.py for tasks to queue
[2024-10-20T19:42:13.399-0300] {logging_mixin.py:190} INFO - [2024-10-20T19:42:13.398-0300] {dagbag.py:588} INFO - Filling up the DagBag from /mnt/c/Users/Pato_/OneDrive/Documentos/ITBA/PYTHON_DATA_APP/itba/lib/python3.10/site-packages/airflow/example_dags/example_python_operator.py
[2024-10-20T19:42:13.447-0300] {processor.py:925} INFO - DAG(s) 'example_python_operator' retrieved from /mnt/c/Users/Pato_/OneDrive/Documentos/ITBA/PYTHON_DATA_APP/itba/lib/python3.10/site-packages/airflow/example_dags/example_python_operator.py
[2024-10-20T19:42:13.464-0300] {logging_mixin.py:190} INFO - [2024-10-20T19:42:13.463-0300] {dag.py:3239} INFO - Sync 1 DAGs
[2024-10-20T19:42:13.473-0300] {logging_mixin.py:190} INFO - [2024-10-20T19:42:13.473-0300] {dag.py:4180} INFO - Setting next_dagrun for example_python_operator to None, run_after=None
[2024-10-20T19:42:13.502-0300] {processor.py:208} INFO - Processing /mnt/c/Users/Pato_/OneDrive/Documentos/ITBA/PYTHON_DATA_APP/itba/lib/python3.10/site-packages/airflow/example_dags/example_python_operator.py took 0.114 seconds
