[2024-10-20T19:01:14.775-0300] {processor.py:186} INFO - Started process (PID=299266) to work on /mnt/c/Users/Pato_/OneDrive/Documentos/ITBA/PYTHON_DATA_APP/itba/lib/python3.10/site-packages/airflow/example_dags/example_dynamic_task_mapping.py
[2024-10-20T19:01:14.776-0300] {processor.py:914} INFO - Processing file /mnt/c/Users/Pato_/OneDrive/Documentos/ITBA/PYTHON_DATA_APP/itba/lib/python3.10/site-packages/airflow/example_dags/example_dynamic_task_mapping.py for tasks to queue
[2024-10-20T19:01:14.848-0300] {logging_mixin.py:190} INFO - [2024-10-20T19:01:14.847-0300] {dagbag.py:588} INFO - Filling up the DagBag from /mnt/c/Users/Pato_/OneDrive/Documentos/ITBA/PYTHON_DATA_APP/itba/lib/python3.10/site-packages/airflow/example_dags/example_dynamic_task_mapping.py
[2024-10-20T19:01:14.897-0300] {processor.py:925} INFO - DAG(s) 'example_dynamic_task_mapping' retrieved from /mnt/c/Users/Pato_/OneDrive/Documentos/ITBA/PYTHON_DATA_APP/itba/lib/python3.10/site-packages/airflow/example_dags/example_dynamic_task_mapping.py
[2024-10-20T19:01:15.935-0300] {logging_mixin.py:190} INFO - [2024-10-20T19:01:15.934-0300] {override.py:1907} INFO - Created Permission View: can read on DAG:example_dynamic_task_mapping
[2024-10-20T19:01:16.078-0300] {logging_mixin.py:190} INFO - [2024-10-20T19:01:16.077-0300] {override.py:1907} INFO - Created Permission View: can delete on DAG:example_dynamic_task_mapping
[2024-10-20T19:01:16.282-0300] {logging_mixin.py:190} INFO - [2024-10-20T19:01:16.281-0300] {override.py:1907} INFO - Created Permission View: can edit on DAG:example_dynamic_task_mapping
[2024-10-20T19:01:16.574-0300] {logging_mixin.py:190} INFO - [2024-10-20T19:01:16.574-0300] {override.py:1907} INFO - Created Permission View: can read on DAG Run:example_dynamic_task_mapping
[2024-10-20T19:01:16.685-0300] {logging_mixin.py:190} INFO - [2024-10-20T19:01:16.684-0300] {override.py:1907} INFO - Created Permission View: can delete on DAG Run:example_dynamic_task_mapping
[2024-10-20T19:01:16.817-0300] {logging_mixin.py:190} INFO - [2024-10-20T19:01:16.816-0300] {override.py:1907} INFO - Created Permission View: can create on DAG Run:example_dynamic_task_mapping
[2024-10-20T19:01:16.928-0300] {logging_mixin.py:190} INFO - [2024-10-20T19:01:16.928-0300] {override.py:1907} INFO - Created Permission View: menu access on DAG Run:example_dynamic_task_mapping
[2024-10-20T19:01:16.930-0300] {logging_mixin.py:190} INFO - [2024-10-20T19:01:16.929-0300] {dag.py:3239} INFO - Sync 1 DAGs
[2024-10-20T19:01:16.941-0300] {logging_mixin.py:190} INFO - [2024-10-20T19:01:16.940-0300] {dag.py:3262} INFO - Creating ORM DAG for example_dynamic_task_mapping
[2024-10-20T19:01:16.943-0300] {logging_mixin.py:190} INFO - [2024-10-20T19:01:16.942-0300] {dag.py:4180} INFO - Setting next_dagrun for example_dynamic_task_mapping to None, run_after=None
[2024-10-20T19:01:17.128-0300] {processor.py:208} INFO - Processing /mnt/c/Users/Pato_/OneDrive/Documentos/ITBA/PYTHON_DATA_APP/itba/lib/python3.10/site-packages/airflow/example_dags/example_dynamic_task_mapping.py took 2.359 seconds
[2024-10-20T19:03:06.174-0300] {processor.py:186} INFO - Started process (PID=300104) to work on /mnt/c/Users/Pato_/OneDrive/Documentos/ITBA/PYTHON_DATA_APP/itba/lib/python3.10/site-packages/airflow/example_dags/example_dynamic_task_mapping.py
[2024-10-20T19:03:06.176-0300] {processor.py:914} INFO - Processing file /mnt/c/Users/Pato_/OneDrive/Documentos/ITBA/PYTHON_DATA_APP/itba/lib/python3.10/site-packages/airflow/example_dags/example_dynamic_task_mapping.py for tasks to queue
[2024-10-20T19:03:06.177-0300] {logging_mixin.py:190} INFO - [2024-10-20T19:03:06.177-0300] {dagbag.py:588} INFO - Filling up the DagBag from /mnt/c/Users/Pato_/OneDrive/Documentos/ITBA/PYTHON_DATA_APP/itba/lib/python3.10/site-packages/airflow/example_dags/example_dynamic_task_mapping.py
[2024-10-20T19:03:06.217-0300] {processor.py:925} INFO - DAG(s) 'example_dynamic_task_mapping' retrieved from /mnt/c/Users/Pato_/OneDrive/Documentos/ITBA/PYTHON_DATA_APP/itba/lib/python3.10/site-packages/airflow/example_dags/example_dynamic_task_mapping.py
[2024-10-20T19:03:06.232-0300] {logging_mixin.py:190} INFO - [2024-10-20T19:03:06.231-0300] {dag.py:3239} INFO - Sync 1 DAGs
[2024-10-20T19:03:06.240-0300] {logging_mixin.py:190} INFO - [2024-10-20T19:03:06.240-0300] {dag.py:4180} INFO - Setting next_dagrun for example_dynamic_task_mapping to None, run_after=None
[2024-10-20T19:03:06.268-0300] {processor.py:208} INFO - Processing /mnt/c/Users/Pato_/OneDrive/Documentos/ITBA/PYTHON_DATA_APP/itba/lib/python3.10/site-packages/airflow/example_dags/example_dynamic_task_mapping.py took 0.101 seconds
[2024-10-20T19:04:16.148-0300] {processor.py:186} INFO - Started process (PID=300681) to work on /mnt/c/Users/Pato_/OneDrive/Documentos/ITBA/PYTHON_DATA_APP/itba/lib/python3.10/site-packages/airflow/example_dags/example_dynamic_task_mapping.py
[2024-10-20T19:04:16.149-0300] {processor.py:914} INFO - Processing file /mnt/c/Users/Pato_/OneDrive/Documentos/ITBA/PYTHON_DATA_APP/itba/lib/python3.10/site-packages/airflow/example_dags/example_dynamic_task_mapping.py for tasks to queue
[2024-10-20T19:04:16.151-0300] {logging_mixin.py:190} INFO - [2024-10-20T19:04:16.150-0300] {dagbag.py:588} INFO - Filling up the DagBag from /mnt/c/Users/Pato_/OneDrive/Documentos/ITBA/PYTHON_DATA_APP/itba/lib/python3.10/site-packages/airflow/example_dags/example_dynamic_task_mapping.py
[2024-10-20T19:04:16.192-0300] {processor.py:925} INFO - DAG(s) 'example_dynamic_task_mapping' retrieved from /mnt/c/Users/Pato_/OneDrive/Documentos/ITBA/PYTHON_DATA_APP/itba/lib/python3.10/site-packages/airflow/example_dags/example_dynamic_task_mapping.py
[2024-10-20T19:04:16.207-0300] {logging_mixin.py:190} INFO - [2024-10-20T19:04:16.207-0300] {dag.py:3239} INFO - Sync 1 DAGs
[2024-10-20T19:04:16.216-0300] {logging_mixin.py:190} INFO - [2024-10-20T19:04:16.216-0300] {dag.py:4180} INFO - Setting next_dagrun for example_dynamic_task_mapping to None, run_after=None
[2024-10-20T19:04:16.245-0300] {processor.py:208} INFO - Processing /mnt/c/Users/Pato_/OneDrive/Documentos/ITBA/PYTHON_DATA_APP/itba/lib/python3.10/site-packages/airflow/example_dags/example_dynamic_task_mapping.py took 0.105 seconds
[2024-10-20T19:05:25.991-0300] {processor.py:186} INFO - Started process (PID=301442) to work on /mnt/c/Users/Pato_/OneDrive/Documentos/ITBA/PYTHON_DATA_APP/itba/lib/python3.10/site-packages/airflow/example_dags/example_dynamic_task_mapping.py
[2024-10-20T19:05:25.992-0300] {processor.py:914} INFO - Processing file /mnt/c/Users/Pato_/OneDrive/Documentos/ITBA/PYTHON_DATA_APP/itba/lib/python3.10/site-packages/airflow/example_dags/example_dynamic_task_mapping.py for tasks to queue
[2024-10-20T19:05:25.994-0300] {logging_mixin.py:190} INFO - [2024-10-20T19:05:25.993-0300] {dagbag.py:588} INFO - Filling up the DagBag from /mnt/c/Users/Pato_/OneDrive/Documentos/ITBA/PYTHON_DATA_APP/itba/lib/python3.10/site-packages/airflow/example_dags/example_dynamic_task_mapping.py
[2024-10-20T19:05:26.037-0300] {processor.py:925} INFO - DAG(s) 'example_dynamic_task_mapping' retrieved from /mnt/c/Users/Pato_/OneDrive/Documentos/ITBA/PYTHON_DATA_APP/itba/lib/python3.10/site-packages/airflow/example_dags/example_dynamic_task_mapping.py
[2024-10-20T19:05:26.053-0300] {logging_mixin.py:190} INFO - [2024-10-20T19:05:26.052-0300] {dag.py:3239} INFO - Sync 1 DAGs
[2024-10-20T19:05:26.061-0300] {logging_mixin.py:190} INFO - [2024-10-20T19:05:26.061-0300] {dag.py:4180} INFO - Setting next_dagrun for example_dynamic_task_mapping to None, run_after=None
[2024-10-20T19:05:26.092-0300] {processor.py:208} INFO - Processing /mnt/c/Users/Pato_/OneDrive/Documentos/ITBA/PYTHON_DATA_APP/itba/lib/python3.10/site-packages/airflow/example_dags/example_dynamic_task_mapping.py took 0.109 seconds
[2024-10-20T19:08:21.737-0300] {processor.py:186} INFO - Started process (PID=303742) to work on /mnt/c/Users/Pato_/OneDrive/Documentos/ITBA/PYTHON_DATA_APP/itba/lib/python3.10/site-packages/airflow/example_dags/example_dynamic_task_mapping.py
[2024-10-20T19:08:21.738-0300] {processor.py:914} INFO - Processing file /mnt/c/Users/Pato_/OneDrive/Documentos/ITBA/PYTHON_DATA_APP/itba/lib/python3.10/site-packages/airflow/example_dags/example_dynamic_task_mapping.py for tasks to queue
[2024-10-20T19:08:21.740-0300] {logging_mixin.py:190} INFO - [2024-10-20T19:08:21.739-0300] {dagbag.py:588} INFO - Filling up the DagBag from /mnt/c/Users/Pato_/OneDrive/Documentos/ITBA/PYTHON_DATA_APP/itba/lib/python3.10/site-packages/airflow/example_dags/example_dynamic_task_mapping.py
[2024-10-20T19:08:21.779-0300] {processor.py:925} INFO - DAG(s) 'example_dynamic_task_mapping' retrieved from /mnt/c/Users/Pato_/OneDrive/Documentos/ITBA/PYTHON_DATA_APP/itba/lib/python3.10/site-packages/airflow/example_dags/example_dynamic_task_mapping.py
[2024-10-20T19:08:21.794-0300] {logging_mixin.py:190} INFO - [2024-10-20T19:08:21.793-0300] {dag.py:3239} INFO - Sync 1 DAGs
[2024-10-20T19:08:21.803-0300] {logging_mixin.py:190} INFO - [2024-10-20T19:08:21.802-0300] {dag.py:4180} INFO - Setting next_dagrun for example_dynamic_task_mapping to None, run_after=None
[2024-10-20T19:08:21.832-0300] {processor.py:208} INFO - Processing /mnt/c/Users/Pato_/OneDrive/Documentos/ITBA/PYTHON_DATA_APP/itba/lib/python3.10/site-packages/airflow/example_dags/example_dynamic_task_mapping.py took 0.102 seconds
[2024-10-20T19:09:28.160-0300] {processor.py:186} INFO - Started process (PID=304321) to work on /mnt/c/Users/Pato_/OneDrive/Documentos/ITBA/PYTHON_DATA_APP/itba/lib/python3.10/site-packages/airflow/example_dags/example_dynamic_task_mapping.py
[2024-10-20T19:09:28.161-0300] {processor.py:914} INFO - Processing file /mnt/c/Users/Pato_/OneDrive/Documentos/ITBA/PYTHON_DATA_APP/itba/lib/python3.10/site-packages/airflow/example_dags/example_dynamic_task_mapping.py for tasks to queue
[2024-10-20T19:09:28.163-0300] {logging_mixin.py:190} INFO - [2024-10-20T19:09:28.162-0300] {dagbag.py:588} INFO - Filling up the DagBag from /mnt/c/Users/Pato_/OneDrive/Documentos/ITBA/PYTHON_DATA_APP/itba/lib/python3.10/site-packages/airflow/example_dags/example_dynamic_task_mapping.py
[2024-10-20T19:09:28.204-0300] {processor.py:925} INFO - DAG(s) 'example_dynamic_task_mapping' retrieved from /mnt/c/Users/Pato_/OneDrive/Documentos/ITBA/PYTHON_DATA_APP/itba/lib/python3.10/site-packages/airflow/example_dags/example_dynamic_task_mapping.py
[2024-10-20T19:09:28.219-0300] {logging_mixin.py:190} INFO - [2024-10-20T19:09:28.218-0300] {dag.py:3239} INFO - Sync 1 DAGs
[2024-10-20T19:09:28.228-0300] {logging_mixin.py:190} INFO - [2024-10-20T19:09:28.227-0300] {dag.py:4180} INFO - Setting next_dagrun for example_dynamic_task_mapping to None, run_after=None
[2024-10-20T19:09:28.258-0300] {processor.py:208} INFO - Processing /mnt/c/Users/Pato_/OneDrive/Documentos/ITBA/PYTHON_DATA_APP/itba/lib/python3.10/site-packages/airflow/example_dags/example_dynamic_task_mapping.py took 0.106 seconds
[2024-10-20T19:10:33.805-0300] {processor.py:186} INFO - Started process (PID=304865) to work on /mnt/c/Users/Pato_/OneDrive/Documentos/ITBA/PYTHON_DATA_APP/itba/lib/python3.10/site-packages/airflow/example_dags/example_dynamic_task_mapping.py
[2024-10-20T19:10:33.806-0300] {processor.py:914} INFO - Processing file /mnt/c/Users/Pato_/OneDrive/Documentos/ITBA/PYTHON_DATA_APP/itba/lib/python3.10/site-packages/airflow/example_dags/example_dynamic_task_mapping.py for tasks to queue
[2024-10-20T19:10:33.808-0300] {logging_mixin.py:190} INFO - [2024-10-20T19:10:33.808-0300] {dagbag.py:588} INFO - Filling up the DagBag from /mnt/c/Users/Pato_/OneDrive/Documentos/ITBA/PYTHON_DATA_APP/itba/lib/python3.10/site-packages/airflow/example_dags/example_dynamic_task_mapping.py
[2024-10-20T19:10:33.847-0300] {processor.py:925} INFO - DAG(s) 'example_dynamic_task_mapping' retrieved from /mnt/c/Users/Pato_/OneDrive/Documentos/ITBA/PYTHON_DATA_APP/itba/lib/python3.10/site-packages/airflow/example_dags/example_dynamic_task_mapping.py
[2024-10-20T19:10:33.861-0300] {logging_mixin.py:190} INFO - [2024-10-20T19:10:33.860-0300] {dag.py:3239} INFO - Sync 1 DAGs
[2024-10-20T19:10:33.869-0300] {logging_mixin.py:190} INFO - [2024-10-20T19:10:33.869-0300] {dag.py:4180} INFO - Setting next_dagrun for example_dynamic_task_mapping to None, run_after=None
[2024-10-20T19:10:33.897-0300] {processor.py:208} INFO - Processing /mnt/c/Users/Pato_/OneDrive/Documentos/ITBA/PYTHON_DATA_APP/itba/lib/python3.10/site-packages/airflow/example_dags/example_dynamic_task_mapping.py took 0.099 seconds
[2024-10-20T19:11:41.218-0300] {processor.py:186} INFO - Started process (PID=305391) to work on /mnt/c/Users/Pato_/OneDrive/Documentos/ITBA/PYTHON_DATA_APP/itba/lib/python3.10/site-packages/airflow/example_dags/example_dynamic_task_mapping.py
[2024-10-20T19:11:41.219-0300] {processor.py:914} INFO - Processing file /mnt/c/Users/Pato_/OneDrive/Documentos/ITBA/PYTHON_DATA_APP/itba/lib/python3.10/site-packages/airflow/example_dags/example_dynamic_task_mapping.py for tasks to queue
[2024-10-20T19:11:41.221-0300] {logging_mixin.py:190} INFO - [2024-10-20T19:11:41.221-0300] {dagbag.py:588} INFO - Filling up the DagBag from /mnt/c/Users/Pato_/OneDrive/Documentos/ITBA/PYTHON_DATA_APP/itba/lib/python3.10/site-packages/airflow/example_dags/example_dynamic_task_mapping.py
[2024-10-20T19:11:41.260-0300] {processor.py:925} INFO - DAG(s) 'example_dynamic_task_mapping' retrieved from /mnt/c/Users/Pato_/OneDrive/Documentos/ITBA/PYTHON_DATA_APP/itba/lib/python3.10/site-packages/airflow/example_dags/example_dynamic_task_mapping.py
[2024-10-20T19:11:41.274-0300] {logging_mixin.py:190} INFO - [2024-10-20T19:11:41.273-0300] {dag.py:3239} INFO - Sync 1 DAGs
[2024-10-20T19:11:41.282-0300] {logging_mixin.py:190} INFO - [2024-10-20T19:11:41.281-0300] {dag.py:4180} INFO - Setting next_dagrun for example_dynamic_task_mapping to None, run_after=None
[2024-10-20T19:11:41.310-0300] {processor.py:208} INFO - Processing /mnt/c/Users/Pato_/OneDrive/Documentos/ITBA/PYTHON_DATA_APP/itba/lib/python3.10/site-packages/airflow/example_dags/example_dynamic_task_mapping.py took 0.098 seconds
[2024-10-20T19:12:49.602-0300] {processor.py:186} INFO - Started process (PID=305927) to work on /mnt/c/Users/Pato_/OneDrive/Documentos/ITBA/PYTHON_DATA_APP/itba/lib/python3.10/site-packages/airflow/example_dags/example_dynamic_task_mapping.py
[2024-10-20T19:12:49.603-0300] {processor.py:914} INFO - Processing file /mnt/c/Users/Pato_/OneDrive/Documentos/ITBA/PYTHON_DATA_APP/itba/lib/python3.10/site-packages/airflow/example_dags/example_dynamic_task_mapping.py for tasks to queue
[2024-10-20T19:12:49.605-0300] {logging_mixin.py:190} INFO - [2024-10-20T19:12:49.604-0300] {dagbag.py:588} INFO - Filling up the DagBag from /mnt/c/Users/Pato_/OneDrive/Documentos/ITBA/PYTHON_DATA_APP/itba/lib/python3.10/site-packages/airflow/example_dags/example_dynamic_task_mapping.py
[2024-10-20T19:12:49.644-0300] {processor.py:925} INFO - DAG(s) 'example_dynamic_task_mapping' retrieved from /mnt/c/Users/Pato_/OneDrive/Documentos/ITBA/PYTHON_DATA_APP/itba/lib/python3.10/site-packages/airflow/example_dags/example_dynamic_task_mapping.py
[2024-10-20T19:12:49.660-0300] {logging_mixin.py:190} INFO - [2024-10-20T19:12:49.660-0300] {dag.py:3239} INFO - Sync 1 DAGs
[2024-10-20T19:12:49.669-0300] {logging_mixin.py:190} INFO - [2024-10-20T19:12:49.669-0300] {dag.py:4180} INFO - Setting next_dagrun for example_dynamic_task_mapping to None, run_after=None
[2024-10-20T19:12:49.697-0300] {processor.py:208} INFO - Processing /mnt/c/Users/Pato_/OneDrive/Documentos/ITBA/PYTHON_DATA_APP/itba/lib/python3.10/site-packages/airflow/example_dags/example_dynamic_task_mapping.py took 0.102 seconds
[2024-10-20T19:13:53.043-0300] {processor.py:186} INFO - Started process (PID=306422) to work on /mnt/c/Users/Pato_/OneDrive/Documentos/ITBA/PYTHON_DATA_APP/itba/lib/python3.10/site-packages/airflow/example_dags/example_dynamic_task_mapping.py
[2024-10-20T19:13:53.044-0300] {processor.py:914} INFO - Processing file /mnt/c/Users/Pato_/OneDrive/Documentos/ITBA/PYTHON_DATA_APP/itba/lib/python3.10/site-packages/airflow/example_dags/example_dynamic_task_mapping.py for tasks to queue
[2024-10-20T19:13:53.046-0300] {logging_mixin.py:190} INFO - [2024-10-20T19:13:53.045-0300] {dagbag.py:588} INFO - Filling up the DagBag from /mnt/c/Users/Pato_/OneDrive/Documentos/ITBA/PYTHON_DATA_APP/itba/lib/python3.10/site-packages/airflow/example_dags/example_dynamic_task_mapping.py
[2024-10-20T19:13:53.085-0300] {processor.py:925} INFO - DAG(s) 'example_dynamic_task_mapping' retrieved from /mnt/c/Users/Pato_/OneDrive/Documentos/ITBA/PYTHON_DATA_APP/itba/lib/python3.10/site-packages/airflow/example_dags/example_dynamic_task_mapping.py
[2024-10-20T19:13:53.099-0300] {logging_mixin.py:190} INFO - [2024-10-20T19:13:53.099-0300] {dag.py:3239} INFO - Sync 1 DAGs
[2024-10-20T19:13:53.108-0300] {logging_mixin.py:190} INFO - [2024-10-20T19:13:53.107-0300] {dag.py:4180} INFO - Setting next_dagrun for example_dynamic_task_mapping to None, run_after=None
[2024-10-20T19:13:53.137-0300] {processor.py:208} INFO - Processing /mnt/c/Users/Pato_/OneDrive/Documentos/ITBA/PYTHON_DATA_APP/itba/lib/python3.10/site-packages/airflow/example_dags/example_dynamic_task_mapping.py took 0.101 seconds
[2024-10-20T19:15:03.043-0300] {processor.py:186} INFO - Started process (PID=306991) to work on /mnt/c/Users/Pato_/OneDrive/Documentos/ITBA/PYTHON_DATA_APP/itba/lib/python3.10/site-packages/airflow/example_dags/example_dynamic_task_mapping.py
[2024-10-20T19:15:03.044-0300] {processor.py:914} INFO - Processing file /mnt/c/Users/Pato_/OneDrive/Documentos/ITBA/PYTHON_DATA_APP/itba/lib/python3.10/site-packages/airflow/example_dags/example_dynamic_task_mapping.py for tasks to queue
[2024-10-20T19:15:03.046-0300] {logging_mixin.py:190} INFO - [2024-10-20T19:15:03.046-0300] {dagbag.py:588} INFO - Filling up the DagBag from /mnt/c/Users/Pato_/OneDrive/Documentos/ITBA/PYTHON_DATA_APP/itba/lib/python3.10/site-packages/airflow/example_dags/example_dynamic_task_mapping.py
[2024-10-20T19:15:03.086-0300] {processor.py:925} INFO - DAG(s) 'example_dynamic_task_mapping' retrieved from /mnt/c/Users/Pato_/OneDrive/Documentos/ITBA/PYTHON_DATA_APP/itba/lib/python3.10/site-packages/airflow/example_dags/example_dynamic_task_mapping.py
[2024-10-20T19:15:03.100-0300] {logging_mixin.py:190} INFO - [2024-10-20T19:15:03.100-0300] {dag.py:3239} INFO - Sync 1 DAGs
[2024-10-20T19:15:03.109-0300] {logging_mixin.py:190} INFO - [2024-10-20T19:15:03.108-0300] {dag.py:4180} INFO - Setting next_dagrun for example_dynamic_task_mapping to None, run_after=None
[2024-10-20T19:15:03.138-0300] {processor.py:208} INFO - Processing /mnt/c/Users/Pato_/OneDrive/Documentos/ITBA/PYTHON_DATA_APP/itba/lib/python3.10/site-packages/airflow/example_dags/example_dynamic_task_mapping.py took 0.102 seconds
[2024-10-20T19:16:11.799-0300] {processor.py:186} INFO - Started process (PID=307528) to work on /mnt/c/Users/Pato_/OneDrive/Documentos/ITBA/PYTHON_DATA_APP/itba/lib/python3.10/site-packages/airflow/example_dags/example_dynamic_task_mapping.py
[2024-10-20T19:16:11.800-0300] {processor.py:914} INFO - Processing file /mnt/c/Users/Pato_/OneDrive/Documentos/ITBA/PYTHON_DATA_APP/itba/lib/python3.10/site-packages/airflow/example_dags/example_dynamic_task_mapping.py for tasks to queue
[2024-10-20T19:16:11.803-0300] {logging_mixin.py:190} INFO - [2024-10-20T19:16:11.802-0300] {dagbag.py:588} INFO - Filling up the DagBag from /mnt/c/Users/Pato_/OneDrive/Documentos/ITBA/PYTHON_DATA_APP/itba/lib/python3.10/site-packages/airflow/example_dags/example_dynamic_task_mapping.py
[2024-10-20T19:16:11.842-0300] {processor.py:925} INFO - DAG(s) 'example_dynamic_task_mapping' retrieved from /mnt/c/Users/Pato_/OneDrive/Documentos/ITBA/PYTHON_DATA_APP/itba/lib/python3.10/site-packages/airflow/example_dags/example_dynamic_task_mapping.py
[2024-10-20T19:16:11.856-0300] {logging_mixin.py:190} INFO - [2024-10-20T19:16:11.855-0300] {dag.py:3239} INFO - Sync 1 DAGs
[2024-10-20T19:16:11.864-0300] {logging_mixin.py:190} INFO - [2024-10-20T19:16:11.864-0300] {dag.py:4180} INFO - Setting next_dagrun for example_dynamic_task_mapping to None, run_after=None
[2024-10-20T19:16:11.894-0300] {processor.py:208} INFO - Processing /mnt/c/Users/Pato_/OneDrive/Documentos/ITBA/PYTHON_DATA_APP/itba/lib/python3.10/site-packages/airflow/example_dags/example_dynamic_task_mapping.py took 0.101 seconds
[2024-10-20T19:17:22.897-0300] {processor.py:186} INFO - Started process (PID=308084) to work on /mnt/c/Users/Pato_/OneDrive/Documentos/ITBA/PYTHON_DATA_APP/itba/lib/python3.10/site-packages/airflow/example_dags/example_dynamic_task_mapping.py
[2024-10-20T19:17:22.898-0300] {processor.py:914} INFO - Processing file /mnt/c/Users/Pato_/OneDrive/Documentos/ITBA/PYTHON_DATA_APP/itba/lib/python3.10/site-packages/airflow/example_dags/example_dynamic_task_mapping.py for tasks to queue
[2024-10-20T19:17:22.900-0300] {logging_mixin.py:190} INFO - [2024-10-20T19:17:22.899-0300] {dagbag.py:588} INFO - Filling up the DagBag from /mnt/c/Users/Pato_/OneDrive/Documentos/ITBA/PYTHON_DATA_APP/itba/lib/python3.10/site-packages/airflow/example_dags/example_dynamic_task_mapping.py
[2024-10-20T19:17:22.940-0300] {processor.py:925} INFO - DAG(s) 'example_dynamic_task_mapping' retrieved from /mnt/c/Users/Pato_/OneDrive/Documentos/ITBA/PYTHON_DATA_APP/itba/lib/python3.10/site-packages/airflow/example_dags/example_dynamic_task_mapping.py
[2024-10-20T19:17:22.954-0300] {logging_mixin.py:190} INFO - [2024-10-20T19:17:22.953-0300] {dag.py:3239} INFO - Sync 1 DAGs
[2024-10-20T19:17:22.962-0300] {logging_mixin.py:190} INFO - [2024-10-20T19:17:22.962-0300] {dag.py:4180} INFO - Setting next_dagrun for example_dynamic_task_mapping to None, run_after=None
[2024-10-20T19:17:22.992-0300] {processor.py:208} INFO - Processing /mnt/c/Users/Pato_/OneDrive/Documentos/ITBA/PYTHON_DATA_APP/itba/lib/python3.10/site-packages/airflow/example_dags/example_dynamic_task_mapping.py took 0.102 seconds
[2024-10-20T19:18:37.376-0300] {processor.py:186} INFO - Started process (PID=308666) to work on /mnt/c/Users/Pato_/OneDrive/Documentos/ITBA/PYTHON_DATA_APP/itba/lib/python3.10/site-packages/airflow/example_dags/example_dynamic_task_mapping.py
[2024-10-20T19:18:37.377-0300] {processor.py:914} INFO - Processing file /mnt/c/Users/Pato_/OneDrive/Documentos/ITBA/PYTHON_DATA_APP/itba/lib/python3.10/site-packages/airflow/example_dags/example_dynamic_task_mapping.py for tasks to queue
[2024-10-20T19:18:37.379-0300] {logging_mixin.py:190} INFO - [2024-10-20T19:18:37.379-0300] {dagbag.py:588} INFO - Filling up the DagBag from /mnt/c/Users/Pato_/OneDrive/Documentos/ITBA/PYTHON_DATA_APP/itba/lib/python3.10/site-packages/airflow/example_dags/example_dynamic_task_mapping.py
[2024-10-20T19:18:37.418-0300] {processor.py:925} INFO - DAG(s) 'example_dynamic_task_mapping' retrieved from /mnt/c/Users/Pato_/OneDrive/Documentos/ITBA/PYTHON_DATA_APP/itba/lib/python3.10/site-packages/airflow/example_dags/example_dynamic_task_mapping.py
[2024-10-20T19:18:37.431-0300] {logging_mixin.py:190} INFO - [2024-10-20T19:18:37.431-0300] {dag.py:3239} INFO - Sync 1 DAGs
[2024-10-20T19:18:37.440-0300] {logging_mixin.py:190} INFO - [2024-10-20T19:18:37.439-0300] {dag.py:4180} INFO - Setting next_dagrun for example_dynamic_task_mapping to None, run_after=None
[2024-10-20T19:18:37.469-0300] {processor.py:208} INFO - Processing /mnt/c/Users/Pato_/OneDrive/Documentos/ITBA/PYTHON_DATA_APP/itba/lib/python3.10/site-packages/airflow/example_dags/example_dynamic_task_mapping.py took 0.100 seconds
[2024-10-20T19:19:49.810-0300] {processor.py:186} INFO - Started process (PID=309232) to work on /mnt/c/Users/Pato_/OneDrive/Documentos/ITBA/PYTHON_DATA_APP/itba/lib/python3.10/site-packages/airflow/example_dags/example_dynamic_task_mapping.py
[2024-10-20T19:19:49.811-0300] {processor.py:914} INFO - Processing file /mnt/c/Users/Pato_/OneDrive/Documentos/ITBA/PYTHON_DATA_APP/itba/lib/python3.10/site-packages/airflow/example_dags/example_dynamic_task_mapping.py for tasks to queue
[2024-10-20T19:19:49.813-0300] {logging_mixin.py:190} INFO - [2024-10-20T19:19:49.812-0300] {dagbag.py:588} INFO - Filling up the DagBag from /mnt/c/Users/Pato_/OneDrive/Documentos/ITBA/PYTHON_DATA_APP/itba/lib/python3.10/site-packages/airflow/example_dags/example_dynamic_task_mapping.py
[2024-10-20T19:19:49.853-0300] {processor.py:925} INFO - DAG(s) 'example_dynamic_task_mapping' retrieved from /mnt/c/Users/Pato_/OneDrive/Documentos/ITBA/PYTHON_DATA_APP/itba/lib/python3.10/site-packages/airflow/example_dags/example_dynamic_task_mapping.py
[2024-10-20T19:19:49.867-0300] {logging_mixin.py:190} INFO - [2024-10-20T19:19:49.866-0300] {dag.py:3239} INFO - Sync 1 DAGs
[2024-10-20T19:19:49.875-0300] {logging_mixin.py:190} INFO - [2024-10-20T19:19:49.875-0300] {dag.py:4180} INFO - Setting next_dagrun for example_dynamic_task_mapping to None, run_after=None
[2024-10-20T19:19:49.905-0300] {processor.py:208} INFO - Processing /mnt/c/Users/Pato_/OneDrive/Documentos/ITBA/PYTHON_DATA_APP/itba/lib/python3.10/site-packages/airflow/example_dags/example_dynamic_task_mapping.py took 0.101 seconds
[2024-10-20T19:20:57.024-0300] {processor.py:186} INFO - Started process (PID=309845) to work on /mnt/c/Users/Pato_/OneDrive/Documentos/ITBA/PYTHON_DATA_APP/itba/lib/python3.10/site-packages/airflow/example_dags/example_dynamic_task_mapping.py
[2024-10-20T19:20:57.025-0300] {processor.py:914} INFO - Processing file /mnt/c/Users/Pato_/OneDrive/Documentos/ITBA/PYTHON_DATA_APP/itba/lib/python3.10/site-packages/airflow/example_dags/example_dynamic_task_mapping.py for tasks to queue
[2024-10-20T19:20:57.027-0300] {logging_mixin.py:190} INFO - [2024-10-20T19:20:57.027-0300] {dagbag.py:588} INFO - Filling up the DagBag from /mnt/c/Users/Pato_/OneDrive/Documentos/ITBA/PYTHON_DATA_APP/itba/lib/python3.10/site-packages/airflow/example_dags/example_dynamic_task_mapping.py
[2024-10-20T19:20:57.070-0300] {processor.py:925} INFO - DAG(s) 'example_dynamic_task_mapping' retrieved from /mnt/c/Users/Pato_/OneDrive/Documentos/ITBA/PYTHON_DATA_APP/itba/lib/python3.10/site-packages/airflow/example_dags/example_dynamic_task_mapping.py
[2024-10-20T19:20:57.085-0300] {logging_mixin.py:190} INFO - [2024-10-20T19:20:57.085-0300] {dag.py:3239} INFO - Sync 1 DAGs
[2024-10-20T19:20:57.095-0300] {logging_mixin.py:190} INFO - [2024-10-20T19:20:57.094-0300] {dag.py:4180} INFO - Setting next_dagrun for example_dynamic_task_mapping to None, run_after=None
[2024-10-20T19:20:57.128-0300] {processor.py:208} INFO - Processing /mnt/c/Users/Pato_/OneDrive/Documentos/ITBA/PYTHON_DATA_APP/itba/lib/python3.10/site-packages/airflow/example_dags/example_dynamic_task_mapping.py took 0.111 seconds
[2024-10-20T19:22:04.646-0300] {processor.py:186} INFO - Started process (PID=310467) to work on /mnt/c/Users/Pato_/OneDrive/Documentos/ITBA/PYTHON_DATA_APP/itba/lib/python3.10/site-packages/airflow/example_dags/example_dynamic_task_mapping.py
[2024-10-20T19:22:04.647-0300] {processor.py:914} INFO - Processing file /mnt/c/Users/Pato_/OneDrive/Documentos/ITBA/PYTHON_DATA_APP/itba/lib/python3.10/site-packages/airflow/example_dags/example_dynamic_task_mapping.py for tasks to queue
[2024-10-20T19:22:04.649-0300] {logging_mixin.py:190} INFO - [2024-10-20T19:22:04.648-0300] {dagbag.py:588} INFO - Filling up the DagBag from /mnt/c/Users/Pato_/OneDrive/Documentos/ITBA/PYTHON_DATA_APP/itba/lib/python3.10/site-packages/airflow/example_dags/example_dynamic_task_mapping.py
[2024-10-20T19:22:04.689-0300] {processor.py:925} INFO - DAG(s) 'example_dynamic_task_mapping' retrieved from /mnt/c/Users/Pato_/OneDrive/Documentos/ITBA/PYTHON_DATA_APP/itba/lib/python3.10/site-packages/airflow/example_dags/example_dynamic_task_mapping.py
[2024-10-20T19:22:04.704-0300] {logging_mixin.py:190} INFO - [2024-10-20T19:22:04.703-0300] {dag.py:3239} INFO - Sync 1 DAGs
[2024-10-20T19:22:04.712-0300] {logging_mixin.py:190} INFO - [2024-10-20T19:22:04.712-0300] {dag.py:4180} INFO - Setting next_dagrun for example_dynamic_task_mapping to None, run_after=None
[2024-10-20T19:22:04.742-0300] {processor.py:208} INFO - Processing /mnt/c/Users/Pato_/OneDrive/Documentos/ITBA/PYTHON_DATA_APP/itba/lib/python3.10/site-packages/airflow/example_dags/example_dynamic_task_mapping.py took 0.103 seconds
[2024-10-20T19:23:09.202-0300] {processor.py:186} INFO - Started process (PID=310975) to work on /mnt/c/Users/Pato_/OneDrive/Documentos/ITBA/PYTHON_DATA_APP/itba/lib/python3.10/site-packages/airflow/example_dags/example_dynamic_task_mapping.py
[2024-10-20T19:23:09.203-0300] {processor.py:914} INFO - Processing file /mnt/c/Users/Pato_/OneDrive/Documentos/ITBA/PYTHON_DATA_APP/itba/lib/python3.10/site-packages/airflow/example_dags/example_dynamic_task_mapping.py for tasks to queue
[2024-10-20T19:23:09.205-0300] {logging_mixin.py:190} INFO - [2024-10-20T19:23:09.204-0300] {dagbag.py:588} INFO - Filling up the DagBag from /mnt/c/Users/Pato_/OneDrive/Documentos/ITBA/PYTHON_DATA_APP/itba/lib/python3.10/site-packages/airflow/example_dags/example_dynamic_task_mapping.py
[2024-10-20T19:23:09.244-0300] {processor.py:925} INFO - DAG(s) 'example_dynamic_task_mapping' retrieved from /mnt/c/Users/Pato_/OneDrive/Documentos/ITBA/PYTHON_DATA_APP/itba/lib/python3.10/site-packages/airflow/example_dags/example_dynamic_task_mapping.py
[2024-10-20T19:23:09.258-0300] {logging_mixin.py:190} INFO - [2024-10-20T19:23:09.258-0300] {dag.py:3239} INFO - Sync 1 DAGs
[2024-10-20T19:23:09.267-0300] {logging_mixin.py:190} INFO - [2024-10-20T19:23:09.266-0300] {dag.py:4180} INFO - Setting next_dagrun for example_dynamic_task_mapping to None, run_after=None
[2024-10-20T19:23:09.295-0300] {processor.py:208} INFO - Processing /mnt/c/Users/Pato_/OneDrive/Documentos/ITBA/PYTHON_DATA_APP/itba/lib/python3.10/site-packages/airflow/example_dags/example_dynamic_task_mapping.py took 0.101 seconds
[2024-10-20T19:25:04.835-0300] {processor.py:186} INFO - Started process (PID=312527) to work on /mnt/c/Users/Pato_/OneDrive/Documentos/ITBA/PYTHON_DATA_APP/itba/lib/python3.10/site-packages/airflow/example_dags/example_dynamic_task_mapping.py
[2024-10-20T19:25:04.836-0300] {processor.py:914} INFO - Processing file /mnt/c/Users/Pato_/OneDrive/Documentos/ITBA/PYTHON_DATA_APP/itba/lib/python3.10/site-packages/airflow/example_dags/example_dynamic_task_mapping.py for tasks to queue
[2024-10-20T19:25:04.837-0300] {logging_mixin.py:190} INFO - [2024-10-20T19:25:04.837-0300] {dagbag.py:588} INFO - Filling up the DagBag from /mnt/c/Users/Pato_/OneDrive/Documentos/ITBA/PYTHON_DATA_APP/itba/lib/python3.10/site-packages/airflow/example_dags/example_dynamic_task_mapping.py
[2024-10-20T19:25:04.878-0300] {processor.py:925} INFO - DAG(s) 'example_dynamic_task_mapping' retrieved from /mnt/c/Users/Pato_/OneDrive/Documentos/ITBA/PYTHON_DATA_APP/itba/lib/python3.10/site-packages/airflow/example_dags/example_dynamic_task_mapping.py
[2024-10-20T19:25:04.893-0300] {logging_mixin.py:190} INFO - [2024-10-20T19:25:04.892-0300] {dag.py:3239} INFO - Sync 1 DAGs
[2024-10-20T19:25:04.901-0300] {logging_mixin.py:190} INFO - [2024-10-20T19:25:04.901-0300] {dag.py:4180} INFO - Setting next_dagrun for example_dynamic_task_mapping to None, run_after=None
[2024-10-20T19:25:04.931-0300] {processor.py:208} INFO - Processing /mnt/c/Users/Pato_/OneDrive/Documentos/ITBA/PYTHON_DATA_APP/itba/lib/python3.10/site-packages/airflow/example_dags/example_dynamic_task_mapping.py took 0.103 seconds
[2024-10-20T19:26:44.182-0300] {processor.py:186} INFO - Started process (PID=313825) to work on /mnt/c/Users/Pato_/OneDrive/Documentos/ITBA/PYTHON_DATA_APP/itba/lib/python3.10/site-packages/airflow/example_dags/example_dynamic_task_mapping.py
[2024-10-20T19:26:44.183-0300] {processor.py:914} INFO - Processing file /mnt/c/Users/Pato_/OneDrive/Documentos/ITBA/PYTHON_DATA_APP/itba/lib/python3.10/site-packages/airflow/example_dags/example_dynamic_task_mapping.py for tasks to queue
[2024-10-20T19:26:44.186-0300] {logging_mixin.py:190} INFO - [2024-10-20T19:26:44.185-0300] {dagbag.py:588} INFO - Filling up the DagBag from /mnt/c/Users/Pato_/OneDrive/Documentos/ITBA/PYTHON_DATA_APP/itba/lib/python3.10/site-packages/airflow/example_dags/example_dynamic_task_mapping.py
[2024-10-20T19:26:44.229-0300] {processor.py:925} INFO - DAG(s) 'example_dynamic_task_mapping' retrieved from /mnt/c/Users/Pato_/OneDrive/Documentos/ITBA/PYTHON_DATA_APP/itba/lib/python3.10/site-packages/airflow/example_dags/example_dynamic_task_mapping.py
[2024-10-20T19:26:44.244-0300] {logging_mixin.py:190} INFO - [2024-10-20T19:26:44.244-0300] {dag.py:3239} INFO - Sync 1 DAGs
[2024-10-20T19:26:44.253-0300] {logging_mixin.py:190} INFO - [2024-10-20T19:26:44.253-0300] {dag.py:4180} INFO - Setting next_dagrun for example_dynamic_task_mapping to None, run_after=None
[2024-10-20T19:26:44.285-0300] {processor.py:208} INFO - Processing /mnt/c/Users/Pato_/OneDrive/Documentos/ITBA/PYTHON_DATA_APP/itba/lib/python3.10/site-packages/airflow/example_dags/example_dynamic_task_mapping.py took 0.110 seconds
[2024-10-20T19:27:56.655-0300] {processor.py:186} INFO - Started process (PID=314660) to work on /mnt/c/Users/Pato_/OneDrive/Documentos/ITBA/PYTHON_DATA_APP/itba/lib/python3.10/site-packages/airflow/example_dags/example_dynamic_task_mapping.py
[2024-10-20T19:27:56.656-0300] {processor.py:914} INFO - Processing file /mnt/c/Users/Pato_/OneDrive/Documentos/ITBA/PYTHON_DATA_APP/itba/lib/python3.10/site-packages/airflow/example_dags/example_dynamic_task_mapping.py for tasks to queue
[2024-10-20T19:27:56.659-0300] {logging_mixin.py:190} INFO - [2024-10-20T19:27:56.658-0300] {dagbag.py:588} INFO - Filling up the DagBag from /mnt/c/Users/Pato_/OneDrive/Documentos/ITBA/PYTHON_DATA_APP/itba/lib/python3.10/site-packages/airflow/example_dags/example_dynamic_task_mapping.py
[2024-10-20T19:27:56.700-0300] {processor.py:925} INFO - DAG(s) 'example_dynamic_task_mapping' retrieved from /mnt/c/Users/Pato_/OneDrive/Documentos/ITBA/PYTHON_DATA_APP/itba/lib/python3.10/site-packages/airflow/example_dags/example_dynamic_task_mapping.py
[2024-10-20T19:27:56.715-0300] {logging_mixin.py:190} INFO - [2024-10-20T19:27:56.715-0300] {dag.py:3239} INFO - Sync 1 DAGs
[2024-10-20T19:27:56.724-0300] {logging_mixin.py:190} INFO - [2024-10-20T19:27:56.723-0300] {dag.py:4180} INFO - Setting next_dagrun for example_dynamic_task_mapping to None, run_after=None
[2024-10-20T19:27:56.753-0300] {processor.py:208} INFO - Processing /mnt/c/Users/Pato_/OneDrive/Documentos/ITBA/PYTHON_DATA_APP/itba/lib/python3.10/site-packages/airflow/example_dags/example_dynamic_task_mapping.py took 0.105 seconds
[2024-10-20T19:29:01.383-0300] {processor.py:186} INFO - Started process (PID=315429) to work on /mnt/c/Users/Pato_/OneDrive/Documentos/ITBA/PYTHON_DATA_APP/itba/lib/python3.10/site-packages/airflow/example_dags/example_dynamic_task_mapping.py
[2024-10-20T19:29:01.384-0300] {processor.py:914} INFO - Processing file /mnt/c/Users/Pato_/OneDrive/Documentos/ITBA/PYTHON_DATA_APP/itba/lib/python3.10/site-packages/airflow/example_dags/example_dynamic_task_mapping.py for tasks to queue
[2024-10-20T19:29:01.386-0300] {logging_mixin.py:190} INFO - [2024-10-20T19:29:01.385-0300] {dagbag.py:588} INFO - Filling up the DagBag from /mnt/c/Users/Pato_/OneDrive/Documentos/ITBA/PYTHON_DATA_APP/itba/lib/python3.10/site-packages/airflow/example_dags/example_dynamic_task_mapping.py
[2024-10-20T19:29:01.426-0300] {processor.py:925} INFO - DAG(s) 'example_dynamic_task_mapping' retrieved from /mnt/c/Users/Pato_/OneDrive/Documentos/ITBA/PYTHON_DATA_APP/itba/lib/python3.10/site-packages/airflow/example_dags/example_dynamic_task_mapping.py
[2024-10-20T19:29:01.440-0300] {logging_mixin.py:190} INFO - [2024-10-20T19:29:01.440-0300] {dag.py:3239} INFO - Sync 1 DAGs
[2024-10-20T19:29:01.449-0300] {logging_mixin.py:190} INFO - [2024-10-20T19:29:01.448-0300] {dag.py:4180} INFO - Setting next_dagrun for example_dynamic_task_mapping to None, run_after=None
[2024-10-20T19:29:01.478-0300] {processor.py:208} INFO - Processing /mnt/c/Users/Pato_/OneDrive/Documentos/ITBA/PYTHON_DATA_APP/itba/lib/python3.10/site-packages/airflow/example_dags/example_dynamic_task_mapping.py took 0.102 seconds
[2024-10-20T19:30:13.312-0300] {processor.py:186} INFO - Started process (PID=316219) to work on /mnt/c/Users/Pato_/OneDrive/Documentos/ITBA/PYTHON_DATA_APP/itba/lib/python3.10/site-packages/airflow/example_dags/example_dynamic_task_mapping.py
[2024-10-20T19:30:13.313-0300] {processor.py:914} INFO - Processing file /mnt/c/Users/Pato_/OneDrive/Documentos/ITBA/PYTHON_DATA_APP/itba/lib/python3.10/site-packages/airflow/example_dags/example_dynamic_task_mapping.py for tasks to queue
[2024-10-20T19:30:13.315-0300] {logging_mixin.py:190} INFO - [2024-10-20T19:30:13.314-0300] {dagbag.py:588} INFO - Filling up the DagBag from /mnt/c/Users/Pato_/OneDrive/Documentos/ITBA/PYTHON_DATA_APP/itba/lib/python3.10/site-packages/airflow/example_dags/example_dynamic_task_mapping.py
[2024-10-20T19:30:13.357-0300] {processor.py:925} INFO - DAG(s) 'example_dynamic_task_mapping' retrieved from /mnt/c/Users/Pato_/OneDrive/Documentos/ITBA/PYTHON_DATA_APP/itba/lib/python3.10/site-packages/airflow/example_dags/example_dynamic_task_mapping.py
[2024-10-20T19:30:13.372-0300] {logging_mixin.py:190} INFO - [2024-10-20T19:30:13.371-0300] {dag.py:3239} INFO - Sync 1 DAGs
[2024-10-20T19:30:13.381-0300] {logging_mixin.py:190} INFO - [2024-10-20T19:30:13.380-0300] {dag.py:4180} INFO - Setting next_dagrun for example_dynamic_task_mapping to None, run_after=None
[2024-10-20T19:30:13.412-0300] {processor.py:208} INFO - Processing /mnt/c/Users/Pato_/OneDrive/Documentos/ITBA/PYTHON_DATA_APP/itba/lib/python3.10/site-packages/airflow/example_dags/example_dynamic_task_mapping.py took 0.107 seconds
[2024-10-20T19:31:19.287-0300] {processor.py:186} INFO - Started process (PID=316738) to work on /mnt/c/Users/Pato_/OneDrive/Documentos/ITBA/PYTHON_DATA_APP/itba/lib/python3.10/site-packages/airflow/example_dags/example_dynamic_task_mapping.py
[2024-10-20T19:31:19.288-0300] {processor.py:914} INFO - Processing file /mnt/c/Users/Pato_/OneDrive/Documentos/ITBA/PYTHON_DATA_APP/itba/lib/python3.10/site-packages/airflow/example_dags/example_dynamic_task_mapping.py for tasks to queue
[2024-10-20T19:31:19.290-0300] {logging_mixin.py:190} INFO - [2024-10-20T19:31:19.289-0300] {dagbag.py:588} INFO - Filling up the DagBag from /mnt/c/Users/Pato_/OneDrive/Documentos/ITBA/PYTHON_DATA_APP/itba/lib/python3.10/site-packages/airflow/example_dags/example_dynamic_task_mapping.py
[2024-10-20T19:31:19.336-0300] {processor.py:925} INFO - DAG(s) 'example_dynamic_task_mapping' retrieved from /mnt/c/Users/Pato_/OneDrive/Documentos/ITBA/PYTHON_DATA_APP/itba/lib/python3.10/site-packages/airflow/example_dags/example_dynamic_task_mapping.py
[2024-10-20T19:31:19.353-0300] {logging_mixin.py:190} INFO - [2024-10-20T19:31:19.352-0300] {dag.py:3239} INFO - Sync 1 DAGs
[2024-10-20T19:31:19.363-0300] {logging_mixin.py:190} INFO - [2024-10-20T19:31:19.363-0300] {dag.py:4180} INFO - Setting next_dagrun for example_dynamic_task_mapping to None, run_after=None
[2024-10-20T19:31:19.398-0300] {processor.py:208} INFO - Processing /mnt/c/Users/Pato_/OneDrive/Documentos/ITBA/PYTHON_DATA_APP/itba/lib/python3.10/site-packages/airflow/example_dags/example_dynamic_task_mapping.py took 0.119 seconds
[2024-10-20T19:32:29.364-0300] {processor.py:186} INFO - Started process (PID=317281) to work on /mnt/c/Users/Pato_/OneDrive/Documentos/ITBA/PYTHON_DATA_APP/itba/lib/python3.10/site-packages/airflow/example_dags/example_dynamic_task_mapping.py
[2024-10-20T19:32:29.365-0300] {processor.py:914} INFO - Processing file /mnt/c/Users/Pato_/OneDrive/Documentos/ITBA/PYTHON_DATA_APP/itba/lib/python3.10/site-packages/airflow/example_dags/example_dynamic_task_mapping.py for tasks to queue
[2024-10-20T19:32:29.367-0300] {logging_mixin.py:190} INFO - [2024-10-20T19:32:29.367-0300] {dagbag.py:588} INFO - Filling up the DagBag from /mnt/c/Users/Pato_/OneDrive/Documentos/ITBA/PYTHON_DATA_APP/itba/lib/python3.10/site-packages/airflow/example_dags/example_dynamic_task_mapping.py
[2024-10-20T19:32:29.407-0300] {processor.py:925} INFO - DAG(s) 'example_dynamic_task_mapping' retrieved from /mnt/c/Users/Pato_/OneDrive/Documentos/ITBA/PYTHON_DATA_APP/itba/lib/python3.10/site-packages/airflow/example_dags/example_dynamic_task_mapping.py
[2024-10-20T19:32:29.422-0300] {logging_mixin.py:190} INFO - [2024-10-20T19:32:29.421-0300] {dag.py:3239} INFO - Sync 1 DAGs
[2024-10-20T19:32:29.431-0300] {logging_mixin.py:190} INFO - [2024-10-20T19:32:29.430-0300] {dag.py:4180} INFO - Setting next_dagrun for example_dynamic_task_mapping to None, run_after=None
[2024-10-20T19:32:29.459-0300] {processor.py:208} INFO - Processing /mnt/c/Users/Pato_/OneDrive/Documentos/ITBA/PYTHON_DATA_APP/itba/lib/python3.10/site-packages/airflow/example_dags/example_dynamic_task_mapping.py took 0.102 seconds
[2024-10-20T19:33:35.982-0300] {processor.py:186} INFO - Started process (PID=317940) to work on /mnt/c/Users/Pato_/OneDrive/Documentos/ITBA/PYTHON_DATA_APP/itba/lib/python3.10/site-packages/airflow/example_dags/example_dynamic_task_mapping.py
[2024-10-20T19:33:35.983-0300] {processor.py:914} INFO - Processing file /mnt/c/Users/Pato_/OneDrive/Documentos/ITBA/PYTHON_DATA_APP/itba/lib/python3.10/site-packages/airflow/example_dags/example_dynamic_task_mapping.py for tasks to queue
[2024-10-20T19:33:35.985-0300] {logging_mixin.py:190} INFO - [2024-10-20T19:33:35.985-0300] {dagbag.py:588} INFO - Filling up the DagBag from /mnt/c/Users/Pato_/OneDrive/Documentos/ITBA/PYTHON_DATA_APP/itba/lib/python3.10/site-packages/airflow/example_dags/example_dynamic_task_mapping.py
[2024-10-20T19:33:36.025-0300] {processor.py:925} INFO - DAG(s) 'example_dynamic_task_mapping' retrieved from /mnt/c/Users/Pato_/OneDrive/Documentos/ITBA/PYTHON_DATA_APP/itba/lib/python3.10/site-packages/airflow/example_dags/example_dynamic_task_mapping.py
[2024-10-20T19:33:36.039-0300] {logging_mixin.py:190} INFO - [2024-10-20T19:33:36.039-0300] {dag.py:3239} INFO - Sync 1 DAGs
[2024-10-20T19:33:36.048-0300] {logging_mixin.py:190} INFO - [2024-10-20T19:33:36.048-0300] {dag.py:4180} INFO - Setting next_dagrun for example_dynamic_task_mapping to None, run_after=None
[2024-10-20T19:33:36.078-0300] {processor.py:208} INFO - Processing /mnt/c/Users/Pato_/OneDrive/Documentos/ITBA/PYTHON_DATA_APP/itba/lib/python3.10/site-packages/airflow/example_dags/example_dynamic_task_mapping.py took 0.102 seconds
[2024-10-20T19:34:44.007-0300] {processor.py:186} INFO - Started process (PID=318650) to work on /mnt/c/Users/Pato_/OneDrive/Documentos/ITBA/PYTHON_DATA_APP/itba/lib/python3.10/site-packages/airflow/example_dags/example_dynamic_task_mapping.py
[2024-10-20T19:34:44.008-0300] {processor.py:914} INFO - Processing file /mnt/c/Users/Pato_/OneDrive/Documentos/ITBA/PYTHON_DATA_APP/itba/lib/python3.10/site-packages/airflow/example_dags/example_dynamic_task_mapping.py for tasks to queue
[2024-10-20T19:34:44.010-0300] {logging_mixin.py:190} INFO - [2024-10-20T19:34:44.009-0300] {dagbag.py:588} INFO - Filling up the DagBag from /mnt/c/Users/Pato_/OneDrive/Documentos/ITBA/PYTHON_DATA_APP/itba/lib/python3.10/site-packages/airflow/example_dags/example_dynamic_task_mapping.py
[2024-10-20T19:34:44.049-0300] {processor.py:925} INFO - DAG(s) 'example_dynamic_task_mapping' retrieved from /mnt/c/Users/Pato_/OneDrive/Documentos/ITBA/PYTHON_DATA_APP/itba/lib/python3.10/site-packages/airflow/example_dags/example_dynamic_task_mapping.py
[2024-10-20T19:34:44.063-0300] {logging_mixin.py:190} INFO - [2024-10-20T19:34:44.063-0300] {dag.py:3239} INFO - Sync 1 DAGs
[2024-10-20T19:34:44.072-0300] {logging_mixin.py:190} INFO - [2024-10-20T19:34:44.072-0300] {dag.py:4180} INFO - Setting next_dagrun for example_dynamic_task_mapping to None, run_after=None
[2024-10-20T19:34:44.101-0300] {processor.py:208} INFO - Processing /mnt/c/Users/Pato_/OneDrive/Documentos/ITBA/PYTHON_DATA_APP/itba/lib/python3.10/site-packages/airflow/example_dags/example_dynamic_task_mapping.py took 0.101 seconds
[2024-10-20T19:35:51.713-0300] {processor.py:186} INFO - Started process (PID=319291) to work on /mnt/c/Users/Pato_/OneDrive/Documentos/ITBA/PYTHON_DATA_APP/itba/lib/python3.10/site-packages/airflow/example_dags/example_dynamic_task_mapping.py
[2024-10-20T19:35:51.714-0300] {processor.py:914} INFO - Processing file /mnt/c/Users/Pato_/OneDrive/Documentos/ITBA/PYTHON_DATA_APP/itba/lib/python3.10/site-packages/airflow/example_dags/example_dynamic_task_mapping.py for tasks to queue
[2024-10-20T19:35:51.716-0300] {logging_mixin.py:190} INFO - [2024-10-20T19:35:51.715-0300] {dagbag.py:588} INFO - Filling up the DagBag from /mnt/c/Users/Pato_/OneDrive/Documentos/ITBA/PYTHON_DATA_APP/itba/lib/python3.10/site-packages/airflow/example_dags/example_dynamic_task_mapping.py
[2024-10-20T19:35:51.755-0300] {processor.py:925} INFO - DAG(s) 'example_dynamic_task_mapping' retrieved from /mnt/c/Users/Pato_/OneDrive/Documentos/ITBA/PYTHON_DATA_APP/itba/lib/python3.10/site-packages/airflow/example_dags/example_dynamic_task_mapping.py
[2024-10-20T19:35:51.770-0300] {logging_mixin.py:190} INFO - [2024-10-20T19:35:51.769-0300] {dag.py:3239} INFO - Sync 1 DAGs
[2024-10-20T19:35:51.778-0300] {logging_mixin.py:190} INFO - [2024-10-20T19:35:51.778-0300] {dag.py:4180} INFO - Setting next_dagrun for example_dynamic_task_mapping to None, run_after=None
[2024-10-20T19:35:51.807-0300] {processor.py:208} INFO - Processing /mnt/c/Users/Pato_/OneDrive/Documentos/ITBA/PYTHON_DATA_APP/itba/lib/python3.10/site-packages/airflow/example_dags/example_dynamic_task_mapping.py took 0.101 seconds
[2024-10-20T19:37:01.853-0300] {processor.py:186} INFO - Started process (PID=319834) to work on /mnt/c/Users/Pato_/OneDrive/Documentos/ITBA/PYTHON_DATA_APP/itba/lib/python3.10/site-packages/airflow/example_dags/example_dynamic_task_mapping.py
[2024-10-20T19:37:01.854-0300] {processor.py:914} INFO - Processing file /mnt/c/Users/Pato_/OneDrive/Documentos/ITBA/PYTHON_DATA_APP/itba/lib/python3.10/site-packages/airflow/example_dags/example_dynamic_task_mapping.py for tasks to queue
[2024-10-20T19:37:01.856-0300] {logging_mixin.py:190} INFO - [2024-10-20T19:37:01.856-0300] {dagbag.py:588} INFO - Filling up the DagBag from /mnt/c/Users/Pato_/OneDrive/Documentos/ITBA/PYTHON_DATA_APP/itba/lib/python3.10/site-packages/airflow/example_dags/example_dynamic_task_mapping.py
[2024-10-20T19:37:01.894-0300] {processor.py:925} INFO - DAG(s) 'example_dynamic_task_mapping' retrieved from /mnt/c/Users/Pato_/OneDrive/Documentos/ITBA/PYTHON_DATA_APP/itba/lib/python3.10/site-packages/airflow/example_dags/example_dynamic_task_mapping.py
[2024-10-20T19:37:01.908-0300] {logging_mixin.py:190} INFO - [2024-10-20T19:37:01.907-0300] {dag.py:3239} INFO - Sync 1 DAGs
[2024-10-20T19:37:01.916-0300] {logging_mixin.py:190} INFO - [2024-10-20T19:37:01.916-0300] {dag.py:4180} INFO - Setting next_dagrun for example_dynamic_task_mapping to None, run_after=None
[2024-10-20T19:37:01.944-0300] {processor.py:208} INFO - Processing /mnt/c/Users/Pato_/OneDrive/Documentos/ITBA/PYTHON_DATA_APP/itba/lib/python3.10/site-packages/airflow/example_dags/example_dynamic_task_mapping.py took 0.098 seconds
[2024-10-20T19:38:08.410-0300] {processor.py:186} INFO - Started process (PID=320355) to work on /mnt/c/Users/Pato_/OneDrive/Documentos/ITBA/PYTHON_DATA_APP/itba/lib/python3.10/site-packages/airflow/example_dags/example_dynamic_task_mapping.py
[2024-10-20T19:38:08.411-0300] {processor.py:914} INFO - Processing file /mnt/c/Users/Pato_/OneDrive/Documentos/ITBA/PYTHON_DATA_APP/itba/lib/python3.10/site-packages/airflow/example_dags/example_dynamic_task_mapping.py for tasks to queue
[2024-10-20T19:38:08.413-0300] {logging_mixin.py:190} INFO - [2024-10-20T19:38:08.412-0300] {dagbag.py:588} INFO - Filling up the DagBag from /mnt/c/Users/Pato_/OneDrive/Documentos/ITBA/PYTHON_DATA_APP/itba/lib/python3.10/site-packages/airflow/example_dags/example_dynamic_task_mapping.py
[2024-10-20T19:38:08.452-0300] {processor.py:925} INFO - DAG(s) 'example_dynamic_task_mapping' retrieved from /mnt/c/Users/Pato_/OneDrive/Documentos/ITBA/PYTHON_DATA_APP/itba/lib/python3.10/site-packages/airflow/example_dags/example_dynamic_task_mapping.py
[2024-10-20T19:38:08.466-0300] {logging_mixin.py:190} INFO - [2024-10-20T19:38:08.466-0300] {dag.py:3239} INFO - Sync 1 DAGs
[2024-10-20T19:38:08.475-0300] {logging_mixin.py:190} INFO - [2024-10-20T19:38:08.474-0300] {dag.py:4180} INFO - Setting next_dagrun for example_dynamic_task_mapping to None, run_after=None
[2024-10-20T19:38:08.503-0300] {processor.py:208} INFO - Processing /mnt/c/Users/Pato_/OneDrive/Documentos/ITBA/PYTHON_DATA_APP/itba/lib/python3.10/site-packages/airflow/example_dags/example_dynamic_task_mapping.py took 0.100 seconds
[2024-10-20T19:39:13.061-0300] {processor.py:186} INFO - Started process (PID=320864) to work on /mnt/c/Users/Pato_/OneDrive/Documentos/ITBA/PYTHON_DATA_APP/itba/lib/python3.10/site-packages/airflow/example_dags/example_dynamic_task_mapping.py
[2024-10-20T19:39:13.062-0300] {processor.py:914} INFO - Processing file /mnt/c/Users/Pato_/OneDrive/Documentos/ITBA/PYTHON_DATA_APP/itba/lib/python3.10/site-packages/airflow/example_dags/example_dynamic_task_mapping.py for tasks to queue
[2024-10-20T19:39:13.065-0300] {logging_mixin.py:190} INFO - [2024-10-20T19:39:13.064-0300] {dagbag.py:588} INFO - Filling up the DagBag from /mnt/c/Users/Pato_/OneDrive/Documentos/ITBA/PYTHON_DATA_APP/itba/lib/python3.10/site-packages/airflow/example_dags/example_dynamic_task_mapping.py
[2024-10-20T19:39:13.107-0300] {processor.py:925} INFO - DAG(s) 'example_dynamic_task_mapping' retrieved from /mnt/c/Users/Pato_/OneDrive/Documentos/ITBA/PYTHON_DATA_APP/itba/lib/python3.10/site-packages/airflow/example_dags/example_dynamic_task_mapping.py
[2024-10-20T19:39:13.122-0300] {logging_mixin.py:190} INFO - [2024-10-20T19:39:13.122-0300] {dag.py:3239} INFO - Sync 1 DAGs
[2024-10-20T19:39:13.131-0300] {logging_mixin.py:190} INFO - [2024-10-20T19:39:13.131-0300] {dag.py:4180} INFO - Setting next_dagrun for example_dynamic_task_mapping to None, run_after=None
[2024-10-20T19:39:13.159-0300] {processor.py:208} INFO - Processing /mnt/c/Users/Pato_/OneDrive/Documentos/ITBA/PYTHON_DATA_APP/itba/lib/python3.10/site-packages/airflow/example_dags/example_dynamic_task_mapping.py took 0.105 seconds
[2024-10-20T19:40:19.804-0300] {processor.py:186} INFO - Started process (PID=321653) to work on /mnt/c/Users/Pato_/OneDrive/Documentos/ITBA/PYTHON_DATA_APP/itba/lib/python3.10/site-packages/airflow/example_dags/example_dynamic_task_mapping.py
[2024-10-20T19:40:19.805-0300] {processor.py:914} INFO - Processing file /mnt/c/Users/Pato_/OneDrive/Documentos/ITBA/PYTHON_DATA_APP/itba/lib/python3.10/site-packages/airflow/example_dags/example_dynamic_task_mapping.py for tasks to queue
[2024-10-20T19:40:19.808-0300] {logging_mixin.py:190} INFO - [2024-10-20T19:40:19.806-0300] {dagbag.py:588} INFO - Filling up the DagBag from /mnt/c/Users/Pato_/OneDrive/Documentos/ITBA/PYTHON_DATA_APP/itba/lib/python3.10/site-packages/airflow/example_dags/example_dynamic_task_mapping.py
[2024-10-20T19:40:19.848-0300] {processor.py:925} INFO - DAG(s) 'example_dynamic_task_mapping' retrieved from /mnt/c/Users/Pato_/OneDrive/Documentos/ITBA/PYTHON_DATA_APP/itba/lib/python3.10/site-packages/airflow/example_dags/example_dynamic_task_mapping.py
[2024-10-20T19:40:19.863-0300] {logging_mixin.py:190} INFO - [2024-10-20T19:40:19.862-0300] {dag.py:3239} INFO - Sync 1 DAGs
[2024-10-20T19:40:19.871-0300] {logging_mixin.py:190} INFO - [2024-10-20T19:40:19.871-0300] {dag.py:4180} INFO - Setting next_dagrun for example_dynamic_task_mapping to None, run_after=None
[2024-10-20T19:40:19.900-0300] {processor.py:208} INFO - Processing /mnt/c/Users/Pato_/OneDrive/Documentos/ITBA/PYTHON_DATA_APP/itba/lib/python3.10/site-packages/airflow/example_dags/example_dynamic_task_mapping.py took 0.103 seconds
[2024-10-20T19:41:27.006-0300] {processor.py:186} INFO - Started process (PID=322295) to work on /mnt/c/Users/Pato_/OneDrive/Documentos/ITBA/PYTHON_DATA_APP/itba/lib/python3.10/site-packages/airflow/example_dags/example_dynamic_task_mapping.py
[2024-10-20T19:41:27.007-0300] {processor.py:914} INFO - Processing file /mnt/c/Users/Pato_/OneDrive/Documentos/ITBA/PYTHON_DATA_APP/itba/lib/python3.10/site-packages/airflow/example_dags/example_dynamic_task_mapping.py for tasks to queue
[2024-10-20T19:41:27.009-0300] {logging_mixin.py:190} INFO - [2024-10-20T19:41:27.008-0300] {dagbag.py:588} INFO - Filling up the DagBag from /mnt/c/Users/Pato_/OneDrive/Documentos/ITBA/PYTHON_DATA_APP/itba/lib/python3.10/site-packages/airflow/example_dags/example_dynamic_task_mapping.py
[2024-10-20T19:41:27.048-0300] {processor.py:925} INFO - DAG(s) 'example_dynamic_task_mapping' retrieved from /mnt/c/Users/Pato_/OneDrive/Documentos/ITBA/PYTHON_DATA_APP/itba/lib/python3.10/site-packages/airflow/example_dags/example_dynamic_task_mapping.py
[2024-10-20T19:41:27.062-0300] {logging_mixin.py:190} INFO - [2024-10-20T19:41:27.062-0300] {dag.py:3239} INFO - Sync 1 DAGs
[2024-10-20T19:41:27.071-0300] {logging_mixin.py:190} INFO - [2024-10-20T19:41:27.070-0300] {dag.py:4180} INFO - Setting next_dagrun for example_dynamic_task_mapping to None, run_after=None
[2024-10-20T19:41:27.100-0300] {processor.py:208} INFO - Processing /mnt/c/Users/Pato_/OneDrive/Documentos/ITBA/PYTHON_DATA_APP/itba/lib/python3.10/site-packages/airflow/example_dags/example_dynamic_task_mapping.py took 0.101 seconds
