[2024-10-20T19:01:18.432-0300] {processor.py:186} INFO - Started process (PID=299293) to work on /mnt/c/Users/Pato_/OneDrive/Documentos/ITBA/PYTHON_DATA_APP/itba/lib/python3.10/site-packages/airflow/example_dags/example_dynamic_task_mapping_with_no_taskflow_operators.py
[2024-10-20T19:01:18.433-0300] {processor.py:914} INFO - Processing file /mnt/c/Users/Pato_/OneDrive/Documentos/ITBA/PYTHON_DATA_APP/itba/lib/python3.10/site-packages/airflow/example_dags/example_dynamic_task_mapping_with_no_taskflow_operators.py for tasks to queue
[2024-10-20T19:01:18.436-0300] {logging_mixin.py:190} INFO - [2024-10-20T19:01:18.435-0300] {dagbag.py:588} INFO - Filling up the DagBag from /mnt/c/Users/Pato_/OneDrive/Documentos/ITBA/PYTHON_DATA_APP/itba/lib/python3.10/site-packages/airflow/example_dags/example_dynamic_task_mapping_with_no_taskflow_operators.py
[2024-10-20T19:01:18.474-0300] {processor.py:925} INFO - DAG(s) 'example_dynamic_task_mapping_with_no_taskflow_operators' retrieved from /mnt/c/Users/Pato_/OneDrive/Documentos/ITBA/PYTHON_DATA_APP/itba/lib/python3.10/site-packages/airflow/example_dags/example_dynamic_task_mapping_with_no_taskflow_operators.py
[2024-10-20T19:01:19.466-0300] {logging_mixin.py:190} INFO - [2024-10-20T19:01:19.465-0300] {override.py:1907} INFO - Created Permission View: can read on DAG:example_dynamic_task_mapping_with_no_taskflow_operators
[2024-10-20T19:01:19.598-0300] {logging_mixin.py:190} INFO - [2024-10-20T19:01:19.597-0300] {override.py:1907} INFO - Created Permission View: can delete on DAG:example_dynamic_task_mapping_with_no_taskflow_operators
[2024-10-20T19:01:19.768-0300] {logging_mixin.py:190} INFO - [2024-10-20T19:01:19.767-0300] {override.py:1907} INFO - Created Permission View: can edit on DAG:example_dynamic_task_mapping_with_no_taskflow_operators
[2024-10-20T19:01:20.114-0300] {logging_mixin.py:190} INFO - [2024-10-20T19:01:20.114-0300] {override.py:1907} INFO - Created Permission View: can read on DAG Run:example_dynamic_task_mapping_with_no_taskflow_operators
[2024-10-20T19:01:20.242-0300] {logging_mixin.py:190} INFO - [2024-10-20T19:01:20.241-0300] {override.py:1907} INFO - Created Permission View: can delete on DAG Run:example_dynamic_task_mapping_with_no_taskflow_operators
[2024-10-20T19:01:20.371-0300] {logging_mixin.py:190} INFO - [2024-10-20T19:01:20.370-0300] {override.py:1907} INFO - Created Permission View: can create on DAG Run:example_dynamic_task_mapping_with_no_taskflow_operators
[2024-10-20T19:01:20.504-0300] {logging_mixin.py:190} INFO - [2024-10-20T19:01:20.503-0300] {override.py:1907} INFO - Created Permission View: menu access on DAG Run:example_dynamic_task_mapping_with_no_taskflow_operators
[2024-10-20T19:01:20.506-0300] {logging_mixin.py:190} INFO - [2024-10-20T19:01:20.505-0300] {dag.py:3239} INFO - Sync 1 DAGs
[2024-10-20T19:01:20.517-0300] {logging_mixin.py:190} INFO - [2024-10-20T19:01:20.517-0300] {dag.py:3262} INFO - Creating ORM DAG for example_dynamic_task_mapping_with_no_taskflow_operators
[2024-10-20T19:01:20.519-0300] {logging_mixin.py:190} INFO - [2024-10-20T19:01:20.518-0300] {dag.py:4180} INFO - Setting next_dagrun for example_dynamic_task_mapping_with_no_taskflow_operators to None, run_after=None
[2024-10-20T19:01:20.725-0300] {processor.py:208} INFO - Processing /mnt/c/Users/Pato_/OneDrive/Documentos/ITBA/PYTHON_DATA_APP/itba/lib/python3.10/site-packages/airflow/example_dags/example_dynamic_task_mapping_with_no_taskflow_operators.py took 2.368 seconds
[2024-10-20T19:03:07.459-0300] {processor.py:186} INFO - Started process (PID=300110) to work on /mnt/c/Users/Pato_/OneDrive/Documentos/ITBA/PYTHON_DATA_APP/itba/lib/python3.10/site-packages/airflow/example_dags/example_dynamic_task_mapping_with_no_taskflow_operators.py
[2024-10-20T19:03:07.460-0300] {processor.py:914} INFO - Processing file /mnt/c/Users/Pato_/OneDrive/Documentos/ITBA/PYTHON_DATA_APP/itba/lib/python3.10/site-packages/airflow/example_dags/example_dynamic_task_mapping_with_no_taskflow_operators.py for tasks to queue
[2024-10-20T19:03:07.462-0300] {logging_mixin.py:190} INFO - [2024-10-20T19:03:07.461-0300] {dagbag.py:588} INFO - Filling up the DagBag from /mnt/c/Users/Pato_/OneDrive/Documentos/ITBA/PYTHON_DATA_APP/itba/lib/python3.10/site-packages/airflow/example_dags/example_dynamic_task_mapping_with_no_taskflow_operators.py
[2024-10-20T19:03:07.503-0300] {processor.py:925} INFO - DAG(s) 'example_dynamic_task_mapping_with_no_taskflow_operators' retrieved from /mnt/c/Users/Pato_/OneDrive/Documentos/ITBA/PYTHON_DATA_APP/itba/lib/python3.10/site-packages/airflow/example_dags/example_dynamic_task_mapping_with_no_taskflow_operators.py
[2024-10-20T19:03:07.518-0300] {logging_mixin.py:190} INFO - [2024-10-20T19:03:07.518-0300] {dag.py:3239} INFO - Sync 1 DAGs
[2024-10-20T19:03:07.527-0300] {logging_mixin.py:190} INFO - [2024-10-20T19:03:07.526-0300] {dag.py:4180} INFO - Setting next_dagrun for example_dynamic_task_mapping_with_no_taskflow_operators to None, run_after=None
[2024-10-20T19:03:07.556-0300] {processor.py:208} INFO - Processing /mnt/c/Users/Pato_/OneDrive/Documentos/ITBA/PYTHON_DATA_APP/itba/lib/python3.10/site-packages/airflow/example_dags/example_dynamic_task_mapping_with_no_taskflow_operators.py took 0.104 seconds
[2024-10-20T19:04:17.416-0300] {processor.py:186} INFO - Started process (PID=300708) to work on /mnt/c/Users/Pato_/OneDrive/Documentos/ITBA/PYTHON_DATA_APP/itba/lib/python3.10/site-packages/airflow/example_dags/example_dynamic_task_mapping_with_no_taskflow_operators.py
[2024-10-20T19:04:17.417-0300] {processor.py:914} INFO - Processing file /mnt/c/Users/Pato_/OneDrive/Documentos/ITBA/PYTHON_DATA_APP/itba/lib/python3.10/site-packages/airflow/example_dags/example_dynamic_task_mapping_with_no_taskflow_operators.py for tasks to queue
[2024-10-20T19:04:17.419-0300] {logging_mixin.py:190} INFO - [2024-10-20T19:04:17.418-0300] {dagbag.py:588} INFO - Filling up the DagBag from /mnt/c/Users/Pato_/OneDrive/Documentos/ITBA/PYTHON_DATA_APP/itba/lib/python3.10/site-packages/airflow/example_dags/example_dynamic_task_mapping_with_no_taskflow_operators.py
[2024-10-20T19:04:17.457-0300] {processor.py:925} INFO - DAG(s) 'example_dynamic_task_mapping_with_no_taskflow_operators' retrieved from /mnt/c/Users/Pato_/OneDrive/Documentos/ITBA/PYTHON_DATA_APP/itba/lib/python3.10/site-packages/airflow/example_dags/example_dynamic_task_mapping_with_no_taskflow_operators.py
[2024-10-20T19:04:17.472-0300] {logging_mixin.py:190} INFO - [2024-10-20T19:04:17.472-0300] {dag.py:3239} INFO - Sync 1 DAGs
[2024-10-20T19:04:17.482-0300] {logging_mixin.py:190} INFO - [2024-10-20T19:04:17.481-0300] {dag.py:4180} INFO - Setting next_dagrun for example_dynamic_task_mapping_with_no_taskflow_operators to None, run_after=None
[2024-10-20T19:04:17.511-0300] {processor.py:208} INFO - Processing /mnt/c/Users/Pato_/OneDrive/Documentos/ITBA/PYTHON_DATA_APP/itba/lib/python3.10/site-packages/airflow/example_dags/example_dynamic_task_mapping_with_no_taskflow_operators.py took 0.102 seconds
[2024-10-20T19:05:27.256-0300] {processor.py:186} INFO - Started process (PID=301454) to work on /mnt/c/Users/Pato_/OneDrive/Documentos/ITBA/PYTHON_DATA_APP/itba/lib/python3.10/site-packages/airflow/example_dags/example_dynamic_task_mapping_with_no_taskflow_operators.py
[2024-10-20T19:05:27.257-0300] {processor.py:914} INFO - Processing file /mnt/c/Users/Pato_/OneDrive/Documentos/ITBA/PYTHON_DATA_APP/itba/lib/python3.10/site-packages/airflow/example_dags/example_dynamic_task_mapping_with_no_taskflow_operators.py for tasks to queue
[2024-10-20T19:05:27.259-0300] {logging_mixin.py:190} INFO - [2024-10-20T19:05:27.258-0300] {dagbag.py:588} INFO - Filling up the DagBag from /mnt/c/Users/Pato_/OneDrive/Documentos/ITBA/PYTHON_DATA_APP/itba/lib/python3.10/site-packages/airflow/example_dags/example_dynamic_task_mapping_with_no_taskflow_operators.py
[2024-10-20T19:05:27.298-0300] {processor.py:925} INFO - DAG(s) 'example_dynamic_task_mapping_with_no_taskflow_operators' retrieved from /mnt/c/Users/Pato_/OneDrive/Documentos/ITBA/PYTHON_DATA_APP/itba/lib/python3.10/site-packages/airflow/example_dags/example_dynamic_task_mapping_with_no_taskflow_operators.py
[2024-10-20T19:05:27.312-0300] {logging_mixin.py:190} INFO - [2024-10-20T19:05:27.311-0300] {dag.py:3239} INFO - Sync 1 DAGs
[2024-10-20T19:05:27.322-0300] {logging_mixin.py:190} INFO - [2024-10-20T19:05:27.321-0300] {dag.py:4180} INFO - Setting next_dagrun for example_dynamic_task_mapping_with_no_taskflow_operators to None, run_after=None
[2024-10-20T19:05:27.349-0300] {processor.py:208} INFO - Processing /mnt/c/Users/Pato_/OneDrive/Documentos/ITBA/PYTHON_DATA_APP/itba/lib/python3.10/site-packages/airflow/example_dags/example_dynamic_task_mapping_with_no_taskflow_operators.py took 0.100 seconds
[2024-10-20T19:08:23.024-0300] {processor.py:186} INFO - Started process (PID=303748) to work on /mnt/c/Users/Pato_/OneDrive/Documentos/ITBA/PYTHON_DATA_APP/itba/lib/python3.10/site-packages/airflow/example_dags/example_dynamic_task_mapping_with_no_taskflow_operators.py
[2024-10-20T19:08:23.025-0300] {processor.py:914} INFO - Processing file /mnt/c/Users/Pato_/OneDrive/Documentos/ITBA/PYTHON_DATA_APP/itba/lib/python3.10/site-packages/airflow/example_dags/example_dynamic_task_mapping_with_no_taskflow_operators.py for tasks to queue
[2024-10-20T19:08:23.027-0300] {logging_mixin.py:190} INFO - [2024-10-20T19:08:23.027-0300] {dagbag.py:588} INFO - Filling up the DagBag from /mnt/c/Users/Pato_/OneDrive/Documentos/ITBA/PYTHON_DATA_APP/itba/lib/python3.10/site-packages/airflow/example_dags/example_dynamic_task_mapping_with_no_taskflow_operators.py
[2024-10-20T19:08:23.066-0300] {processor.py:925} INFO - DAG(s) 'example_dynamic_task_mapping_with_no_taskflow_operators' retrieved from /mnt/c/Users/Pato_/OneDrive/Documentos/ITBA/PYTHON_DATA_APP/itba/lib/python3.10/site-packages/airflow/example_dags/example_dynamic_task_mapping_with_no_taskflow_operators.py
[2024-10-20T19:08:23.081-0300] {logging_mixin.py:190} INFO - [2024-10-20T19:08:23.080-0300] {dag.py:3239} INFO - Sync 1 DAGs
[2024-10-20T19:08:23.089-0300] {logging_mixin.py:190} INFO - [2024-10-20T19:08:23.088-0300] {dag.py:4180} INFO - Setting next_dagrun for example_dynamic_task_mapping_with_no_taskflow_operators to None, run_after=None
[2024-10-20T19:08:23.124-0300] {processor.py:208} INFO - Processing /mnt/c/Users/Pato_/OneDrive/Documentos/ITBA/PYTHON_DATA_APP/itba/lib/python3.10/site-packages/airflow/example_dags/example_dynamic_task_mapping_with_no_taskflow_operators.py took 0.107 seconds
[2024-10-20T19:09:29.425-0300] {processor.py:186} INFO - Started process (PID=304333) to work on /mnt/c/Users/Pato_/OneDrive/Documentos/ITBA/PYTHON_DATA_APP/itba/lib/python3.10/site-packages/airflow/example_dags/example_dynamic_task_mapping_with_no_taskflow_operators.py
[2024-10-20T19:09:29.426-0300] {processor.py:914} INFO - Processing file /mnt/c/Users/Pato_/OneDrive/Documentos/ITBA/PYTHON_DATA_APP/itba/lib/python3.10/site-packages/airflow/example_dags/example_dynamic_task_mapping_with_no_taskflow_operators.py for tasks to queue
[2024-10-20T19:09:29.428-0300] {logging_mixin.py:190} INFO - [2024-10-20T19:09:29.428-0300] {dagbag.py:588} INFO - Filling up the DagBag from /mnt/c/Users/Pato_/OneDrive/Documentos/ITBA/PYTHON_DATA_APP/itba/lib/python3.10/site-packages/airflow/example_dags/example_dynamic_task_mapping_with_no_taskflow_operators.py
[2024-10-20T19:09:29.469-0300] {processor.py:925} INFO - DAG(s) 'example_dynamic_task_mapping_with_no_taskflow_operators' retrieved from /mnt/c/Users/Pato_/OneDrive/Documentos/ITBA/PYTHON_DATA_APP/itba/lib/python3.10/site-packages/airflow/example_dags/example_dynamic_task_mapping_with_no_taskflow_operators.py
[2024-10-20T19:09:29.484-0300] {logging_mixin.py:190} INFO - [2024-10-20T19:09:29.483-0300] {dag.py:3239} INFO - Sync 1 DAGs
[2024-10-20T19:09:29.492-0300] {logging_mixin.py:190} INFO - [2024-10-20T19:09:29.492-0300] {dag.py:4180} INFO - Setting next_dagrun for example_dynamic_task_mapping_with_no_taskflow_operators to None, run_after=None
[2024-10-20T19:09:29.521-0300] {processor.py:208} INFO - Processing /mnt/c/Users/Pato_/OneDrive/Documentos/ITBA/PYTHON_DATA_APP/itba/lib/python3.10/site-packages/airflow/example_dags/example_dynamic_task_mapping_with_no_taskflow_operators.py took 0.103 seconds
[2024-10-20T19:10:34.081-0300] {processor.py:186} INFO - Started process (PID=304867) to work on /mnt/c/Users/Pato_/OneDrive/Documentos/ITBA/PYTHON_DATA_APP/itba/lib/python3.10/site-packages/airflow/example_dags/example_dynamic_task_mapping_with_no_taskflow_operators.py
[2024-10-20T19:10:34.082-0300] {processor.py:914} INFO - Processing file /mnt/c/Users/Pato_/OneDrive/Documentos/ITBA/PYTHON_DATA_APP/itba/lib/python3.10/site-packages/airflow/example_dags/example_dynamic_task_mapping_with_no_taskflow_operators.py for tasks to queue
[2024-10-20T19:10:34.085-0300] {logging_mixin.py:190} INFO - [2024-10-20T19:10:34.084-0300] {dagbag.py:588} INFO - Filling up the DagBag from /mnt/c/Users/Pato_/OneDrive/Documentos/ITBA/PYTHON_DATA_APP/itba/lib/python3.10/site-packages/airflow/example_dags/example_dynamic_task_mapping_with_no_taskflow_operators.py
[2024-10-20T19:10:34.125-0300] {processor.py:925} INFO - DAG(s) 'example_dynamic_task_mapping_with_no_taskflow_operators' retrieved from /mnt/c/Users/Pato_/OneDrive/Documentos/ITBA/PYTHON_DATA_APP/itba/lib/python3.10/site-packages/airflow/example_dags/example_dynamic_task_mapping_with_no_taskflow_operators.py
[2024-10-20T19:10:34.139-0300] {logging_mixin.py:190} INFO - [2024-10-20T19:10:34.139-0300] {dag.py:3239} INFO - Sync 1 DAGs
[2024-10-20T19:10:34.148-0300] {logging_mixin.py:190} INFO - [2024-10-20T19:10:34.147-0300] {dag.py:4180} INFO - Setting next_dagrun for example_dynamic_task_mapping_with_no_taskflow_operators to None, run_after=None
[2024-10-20T19:10:34.176-0300] {processor.py:208} INFO - Processing /mnt/c/Users/Pato_/OneDrive/Documentos/ITBA/PYTHON_DATA_APP/itba/lib/python3.10/site-packages/airflow/example_dags/example_dynamic_task_mapping_with_no_taskflow_operators.py took 0.102 seconds
[2024-10-20T19:11:42.504-0300] {processor.py:186} INFO - Started process (PID=305403) to work on /mnt/c/Users/Pato_/OneDrive/Documentos/ITBA/PYTHON_DATA_APP/itba/lib/python3.10/site-packages/airflow/example_dags/example_dynamic_task_mapping_with_no_taskflow_operators.py
[2024-10-20T19:11:42.505-0300] {processor.py:914} INFO - Processing file /mnt/c/Users/Pato_/OneDrive/Documentos/ITBA/PYTHON_DATA_APP/itba/lib/python3.10/site-packages/airflow/example_dags/example_dynamic_task_mapping_with_no_taskflow_operators.py for tasks to queue
[2024-10-20T19:11:42.507-0300] {logging_mixin.py:190} INFO - [2024-10-20T19:11:42.507-0300] {dagbag.py:588} INFO - Filling up the DagBag from /mnt/c/Users/Pato_/OneDrive/Documentos/ITBA/PYTHON_DATA_APP/itba/lib/python3.10/site-packages/airflow/example_dags/example_dynamic_task_mapping_with_no_taskflow_operators.py
[2024-10-20T19:11:42.548-0300] {processor.py:925} INFO - DAG(s) 'example_dynamic_task_mapping_with_no_taskflow_operators' retrieved from /mnt/c/Users/Pato_/OneDrive/Documentos/ITBA/PYTHON_DATA_APP/itba/lib/python3.10/site-packages/airflow/example_dags/example_dynamic_task_mapping_with_no_taskflow_operators.py
[2024-10-20T19:11:42.562-0300] {logging_mixin.py:190} INFO - [2024-10-20T19:11:42.562-0300] {dag.py:3239} INFO - Sync 1 DAGs
[2024-10-20T19:11:42.571-0300] {logging_mixin.py:190} INFO - [2024-10-20T19:11:42.570-0300] {dag.py:4180} INFO - Setting next_dagrun for example_dynamic_task_mapping_with_no_taskflow_operators to None, run_after=None
[2024-10-20T19:11:42.599-0300] {processor.py:208} INFO - Processing /mnt/c/Users/Pato_/OneDrive/Documentos/ITBA/PYTHON_DATA_APP/itba/lib/python3.10/site-packages/airflow/example_dags/example_dynamic_task_mapping_with_no_taskflow_operators.py took 0.101 seconds
[2024-10-20T19:12:50.888-0300] {processor.py:186} INFO - Started process (PID=305933) to work on /mnt/c/Users/Pato_/OneDrive/Documentos/ITBA/PYTHON_DATA_APP/itba/lib/python3.10/site-packages/airflow/example_dags/example_dynamic_task_mapping_with_no_taskflow_operators.py
[2024-10-20T19:12:50.890-0300] {processor.py:914} INFO - Processing file /mnt/c/Users/Pato_/OneDrive/Documentos/ITBA/PYTHON_DATA_APP/itba/lib/python3.10/site-packages/airflow/example_dags/example_dynamic_task_mapping_with_no_taskflow_operators.py for tasks to queue
[2024-10-20T19:12:50.892-0300] {logging_mixin.py:190} INFO - [2024-10-20T19:12:50.891-0300] {dagbag.py:588} INFO - Filling up the DagBag from /mnt/c/Users/Pato_/OneDrive/Documentos/ITBA/PYTHON_DATA_APP/itba/lib/python3.10/site-packages/airflow/example_dags/example_dynamic_task_mapping_with_no_taskflow_operators.py
[2024-10-20T19:12:50.932-0300] {processor.py:925} INFO - DAG(s) 'example_dynamic_task_mapping_with_no_taskflow_operators' retrieved from /mnt/c/Users/Pato_/OneDrive/Documentos/ITBA/PYTHON_DATA_APP/itba/lib/python3.10/site-packages/airflow/example_dags/example_dynamic_task_mapping_with_no_taskflow_operators.py
[2024-10-20T19:12:50.948-0300] {logging_mixin.py:190} INFO - [2024-10-20T19:12:50.947-0300] {dag.py:3239} INFO - Sync 1 DAGs
[2024-10-20T19:12:50.957-0300] {logging_mixin.py:190} INFO - [2024-10-20T19:12:50.956-0300] {dag.py:4180} INFO - Setting next_dagrun for example_dynamic_task_mapping_with_no_taskflow_operators to None, run_after=None
[2024-10-20T19:12:50.987-0300] {processor.py:208} INFO - Processing /mnt/c/Users/Pato_/OneDrive/Documentos/ITBA/PYTHON_DATA_APP/itba/lib/python3.10/site-packages/airflow/example_dags/example_dynamic_task_mapping_with_no_taskflow_operators.py took 0.106 seconds
[2024-10-20T19:13:54.313-0300] {processor.py:186} INFO - Started process (PID=306431) to work on /mnt/c/Users/Pato_/OneDrive/Documentos/ITBA/PYTHON_DATA_APP/itba/lib/python3.10/site-packages/airflow/example_dags/example_dynamic_task_mapping_with_no_taskflow_operators.py
[2024-10-20T19:13:54.314-0300] {processor.py:914} INFO - Processing file /mnt/c/Users/Pato_/OneDrive/Documentos/ITBA/PYTHON_DATA_APP/itba/lib/python3.10/site-packages/airflow/example_dags/example_dynamic_task_mapping_with_no_taskflow_operators.py for tasks to queue
[2024-10-20T19:13:54.316-0300] {logging_mixin.py:190} INFO - [2024-10-20T19:13:54.315-0300] {dagbag.py:588} INFO - Filling up the DagBag from /mnt/c/Users/Pato_/OneDrive/Documentos/ITBA/PYTHON_DATA_APP/itba/lib/python3.10/site-packages/airflow/example_dags/example_dynamic_task_mapping_with_no_taskflow_operators.py
[2024-10-20T19:13:54.355-0300] {processor.py:925} INFO - DAG(s) 'example_dynamic_task_mapping_with_no_taskflow_operators' retrieved from /mnt/c/Users/Pato_/OneDrive/Documentos/ITBA/PYTHON_DATA_APP/itba/lib/python3.10/site-packages/airflow/example_dags/example_dynamic_task_mapping_with_no_taskflow_operators.py
[2024-10-20T19:13:54.371-0300] {logging_mixin.py:190} INFO - [2024-10-20T19:13:54.370-0300] {dag.py:3239} INFO - Sync 1 DAGs
[2024-10-20T19:13:54.380-0300] {logging_mixin.py:190} INFO - [2024-10-20T19:13:54.380-0300] {dag.py:4180} INFO - Setting next_dagrun for example_dynamic_task_mapping_with_no_taskflow_operators to None, run_after=None
[2024-10-20T19:13:54.409-0300] {processor.py:208} INFO - Processing /mnt/c/Users/Pato_/OneDrive/Documentos/ITBA/PYTHON_DATA_APP/itba/lib/python3.10/site-packages/airflow/example_dags/example_dynamic_task_mapping_with_no_taskflow_operators.py took 0.103 seconds
[2024-10-20T19:15:04.299-0300] {processor.py:186} INFO - Started process (PID=307003) to work on /mnt/c/Users/Pato_/OneDrive/Documentos/ITBA/PYTHON_DATA_APP/itba/lib/python3.10/site-packages/airflow/example_dags/example_dynamic_task_mapping_with_no_taskflow_operators.py
[2024-10-20T19:15:04.300-0300] {processor.py:914} INFO - Processing file /mnt/c/Users/Pato_/OneDrive/Documentos/ITBA/PYTHON_DATA_APP/itba/lib/python3.10/site-packages/airflow/example_dags/example_dynamic_task_mapping_with_no_taskflow_operators.py for tasks to queue
[2024-10-20T19:15:04.302-0300] {logging_mixin.py:190} INFO - [2024-10-20T19:15:04.302-0300] {dagbag.py:588} INFO - Filling up the DagBag from /mnt/c/Users/Pato_/OneDrive/Documentos/ITBA/PYTHON_DATA_APP/itba/lib/python3.10/site-packages/airflow/example_dags/example_dynamic_task_mapping_with_no_taskflow_operators.py
[2024-10-20T19:15:04.342-0300] {processor.py:925} INFO - DAG(s) 'example_dynamic_task_mapping_with_no_taskflow_operators' retrieved from /mnt/c/Users/Pato_/OneDrive/Documentos/ITBA/PYTHON_DATA_APP/itba/lib/python3.10/site-packages/airflow/example_dags/example_dynamic_task_mapping_with_no_taskflow_operators.py
[2024-10-20T19:15:04.356-0300] {logging_mixin.py:190} INFO - [2024-10-20T19:15:04.356-0300] {dag.py:3239} INFO - Sync 1 DAGs
[2024-10-20T19:15:04.365-0300] {logging_mixin.py:190} INFO - [2024-10-20T19:15:04.364-0300] {dag.py:4180} INFO - Setting next_dagrun for example_dynamic_task_mapping_with_no_taskflow_operators to None, run_after=None
[2024-10-20T19:15:04.395-0300] {processor.py:208} INFO - Processing /mnt/c/Users/Pato_/OneDrive/Documentos/ITBA/PYTHON_DATA_APP/itba/lib/python3.10/site-packages/airflow/example_dags/example_dynamic_task_mapping_with_no_taskflow_operators.py took 0.102 seconds
[2024-10-20T19:16:13.065-0300] {processor.py:186} INFO - Started process (PID=307540) to work on /mnt/c/Users/Pato_/OneDrive/Documentos/ITBA/PYTHON_DATA_APP/itba/lib/python3.10/site-packages/airflow/example_dags/example_dynamic_task_mapping_with_no_taskflow_operators.py
[2024-10-20T19:16:13.066-0300] {processor.py:914} INFO - Processing file /mnt/c/Users/Pato_/OneDrive/Documentos/ITBA/PYTHON_DATA_APP/itba/lib/python3.10/site-packages/airflow/example_dags/example_dynamic_task_mapping_with_no_taskflow_operators.py for tasks to queue
[2024-10-20T19:16:13.068-0300] {logging_mixin.py:190} INFO - [2024-10-20T19:16:13.067-0300] {dagbag.py:588} INFO - Filling up the DagBag from /mnt/c/Users/Pato_/OneDrive/Documentos/ITBA/PYTHON_DATA_APP/itba/lib/python3.10/site-packages/airflow/example_dags/example_dynamic_task_mapping_with_no_taskflow_operators.py
[2024-10-20T19:16:13.108-0300] {processor.py:925} INFO - DAG(s) 'example_dynamic_task_mapping_with_no_taskflow_operators' retrieved from /mnt/c/Users/Pato_/OneDrive/Documentos/ITBA/PYTHON_DATA_APP/itba/lib/python3.10/site-packages/airflow/example_dags/example_dynamic_task_mapping_with_no_taskflow_operators.py
[2024-10-20T19:16:13.123-0300] {logging_mixin.py:190} INFO - [2024-10-20T19:16:13.122-0300] {dag.py:3239} INFO - Sync 1 DAGs
[2024-10-20T19:16:13.132-0300] {logging_mixin.py:190} INFO - [2024-10-20T19:16:13.131-0300] {dag.py:4180} INFO - Setting next_dagrun for example_dynamic_task_mapping_with_no_taskflow_operators to None, run_after=None
[2024-10-20T19:16:13.162-0300] {processor.py:208} INFO - Processing /mnt/c/Users/Pato_/OneDrive/Documentos/ITBA/PYTHON_DATA_APP/itba/lib/python3.10/site-packages/airflow/example_dags/example_dynamic_task_mapping_with_no_taskflow_operators.py took 0.104 seconds
[2024-10-20T19:17:24.163-0300] {processor.py:186} INFO - Started process (PID=308096) to work on /mnt/c/Users/Pato_/OneDrive/Documentos/ITBA/PYTHON_DATA_APP/itba/lib/python3.10/site-packages/airflow/example_dags/example_dynamic_task_mapping_with_no_taskflow_operators.py
[2024-10-20T19:17:24.164-0300] {processor.py:914} INFO - Processing file /mnt/c/Users/Pato_/OneDrive/Documentos/ITBA/PYTHON_DATA_APP/itba/lib/python3.10/site-packages/airflow/example_dags/example_dynamic_task_mapping_with_no_taskflow_operators.py for tasks to queue
[2024-10-20T19:17:24.166-0300] {logging_mixin.py:190} INFO - [2024-10-20T19:17:24.165-0300] {dagbag.py:588} INFO - Filling up the DagBag from /mnt/c/Users/Pato_/OneDrive/Documentos/ITBA/PYTHON_DATA_APP/itba/lib/python3.10/site-packages/airflow/example_dags/example_dynamic_task_mapping_with_no_taskflow_operators.py
[2024-10-20T19:17:24.206-0300] {processor.py:925} INFO - DAG(s) 'example_dynamic_task_mapping_with_no_taskflow_operators' retrieved from /mnt/c/Users/Pato_/OneDrive/Documentos/ITBA/PYTHON_DATA_APP/itba/lib/python3.10/site-packages/airflow/example_dags/example_dynamic_task_mapping_with_no_taskflow_operators.py
[2024-10-20T19:17:24.220-0300] {logging_mixin.py:190} INFO - [2024-10-20T19:17:24.220-0300] {dag.py:3239} INFO - Sync 1 DAGs
[2024-10-20T19:17:24.228-0300] {logging_mixin.py:190} INFO - [2024-10-20T19:17:24.228-0300] {dag.py:4180} INFO - Setting next_dagrun for example_dynamic_task_mapping_with_no_taskflow_operators to None, run_after=None
[2024-10-20T19:17:24.257-0300] {processor.py:208} INFO - Processing /mnt/c/Users/Pato_/OneDrive/Documentos/ITBA/PYTHON_DATA_APP/itba/lib/python3.10/site-packages/airflow/example_dags/example_dynamic_task_mapping_with_no_taskflow_operators.py took 0.101 seconds
[2024-10-20T19:18:38.216-0300] {processor.py:186} INFO - Started process (PID=308670) to work on /mnt/c/Users/Pato_/OneDrive/Documentos/ITBA/PYTHON_DATA_APP/itba/lib/python3.10/site-packages/airflow/example_dags/example_dynamic_task_mapping_with_no_taskflow_operators.py
[2024-10-20T19:18:38.217-0300] {processor.py:914} INFO - Processing file /mnt/c/Users/Pato_/OneDrive/Documentos/ITBA/PYTHON_DATA_APP/itba/lib/python3.10/site-packages/airflow/example_dags/example_dynamic_task_mapping_with_no_taskflow_operators.py for tasks to queue
[2024-10-20T19:18:38.219-0300] {logging_mixin.py:190} INFO - [2024-10-20T19:18:38.219-0300] {dagbag.py:588} INFO - Filling up the DagBag from /mnt/c/Users/Pato_/OneDrive/Documentos/ITBA/PYTHON_DATA_APP/itba/lib/python3.10/site-packages/airflow/example_dags/example_dynamic_task_mapping_with_no_taskflow_operators.py
[2024-10-20T19:18:38.259-0300] {processor.py:925} INFO - DAG(s) 'example_dynamic_task_mapping_with_no_taskflow_operators' retrieved from /mnt/c/Users/Pato_/OneDrive/Documentos/ITBA/PYTHON_DATA_APP/itba/lib/python3.10/site-packages/airflow/example_dags/example_dynamic_task_mapping_with_no_taskflow_operators.py
[2024-10-20T19:18:38.273-0300] {logging_mixin.py:190} INFO - [2024-10-20T19:18:38.272-0300] {dag.py:3239} INFO - Sync 1 DAGs
[2024-10-20T19:18:38.281-0300] {logging_mixin.py:190} INFO - [2024-10-20T19:18:38.281-0300] {dag.py:4180} INFO - Setting next_dagrun for example_dynamic_task_mapping_with_no_taskflow_operators to None, run_after=None
[2024-10-20T19:18:38.311-0300] {processor.py:208} INFO - Processing /mnt/c/Users/Pato_/OneDrive/Documentos/ITBA/PYTHON_DATA_APP/itba/lib/python3.10/site-packages/airflow/example_dags/example_dynamic_task_mapping_with_no_taskflow_operators.py took 0.101 seconds
[2024-10-20T19:19:50.653-0300] {processor.py:186} INFO - Started process (PID=309236) to work on /mnt/c/Users/Pato_/OneDrive/Documentos/ITBA/PYTHON_DATA_APP/itba/lib/python3.10/site-packages/airflow/example_dags/example_dynamic_task_mapping_with_no_taskflow_operators.py
[2024-10-20T19:19:50.654-0300] {processor.py:914} INFO - Processing file /mnt/c/Users/Pato_/OneDrive/Documentos/ITBA/PYTHON_DATA_APP/itba/lib/python3.10/site-packages/airflow/example_dags/example_dynamic_task_mapping_with_no_taskflow_operators.py for tasks to queue
[2024-10-20T19:19:50.656-0300] {logging_mixin.py:190} INFO - [2024-10-20T19:19:50.655-0300] {dagbag.py:588} INFO - Filling up the DagBag from /mnt/c/Users/Pato_/OneDrive/Documentos/ITBA/PYTHON_DATA_APP/itba/lib/python3.10/site-packages/airflow/example_dags/example_dynamic_task_mapping_with_no_taskflow_operators.py
[2024-10-20T19:19:50.695-0300] {processor.py:925} INFO - DAG(s) 'example_dynamic_task_mapping_with_no_taskflow_operators' retrieved from /mnt/c/Users/Pato_/OneDrive/Documentos/ITBA/PYTHON_DATA_APP/itba/lib/python3.10/site-packages/airflow/example_dags/example_dynamic_task_mapping_with_no_taskflow_operators.py
[2024-10-20T19:19:50.709-0300] {logging_mixin.py:190} INFO - [2024-10-20T19:19:50.708-0300] {dag.py:3239} INFO - Sync 1 DAGs
[2024-10-20T19:19:50.718-0300] {logging_mixin.py:190} INFO - [2024-10-20T19:19:50.717-0300] {dag.py:4180} INFO - Setting next_dagrun for example_dynamic_task_mapping_with_no_taskflow_operators to None, run_after=None
[2024-10-20T19:19:50.748-0300] {processor.py:208} INFO - Processing /mnt/c/Users/Pato_/OneDrive/Documentos/ITBA/PYTHON_DATA_APP/itba/lib/python3.10/site-packages/airflow/example_dags/example_dynamic_task_mapping_with_no_taskflow_operators.py took 0.101 seconds
[2024-10-20T19:20:58.301-0300] {processor.py:186} INFO - Started process (PID=309851) to work on /mnt/c/Users/Pato_/OneDrive/Documentos/ITBA/PYTHON_DATA_APP/itba/lib/python3.10/site-packages/airflow/example_dags/example_dynamic_task_mapping_with_no_taskflow_operators.py
[2024-10-20T19:20:58.303-0300] {processor.py:914} INFO - Processing file /mnt/c/Users/Pato_/OneDrive/Documentos/ITBA/PYTHON_DATA_APP/itba/lib/python3.10/site-packages/airflow/example_dags/example_dynamic_task_mapping_with_no_taskflow_operators.py for tasks to queue
[2024-10-20T19:20:58.305-0300] {logging_mixin.py:190} INFO - [2024-10-20T19:20:58.304-0300] {dagbag.py:588} INFO - Filling up the DagBag from /mnt/c/Users/Pato_/OneDrive/Documentos/ITBA/PYTHON_DATA_APP/itba/lib/python3.10/site-packages/airflow/example_dags/example_dynamic_task_mapping_with_no_taskflow_operators.py
[2024-10-20T19:20:58.348-0300] {processor.py:925} INFO - DAG(s) 'example_dynamic_task_mapping_with_no_taskflow_operators' retrieved from /mnt/c/Users/Pato_/OneDrive/Documentos/ITBA/PYTHON_DATA_APP/itba/lib/python3.10/site-packages/airflow/example_dags/example_dynamic_task_mapping_with_no_taskflow_operators.py
[2024-10-20T19:20:58.363-0300] {logging_mixin.py:190} INFO - [2024-10-20T19:20:58.363-0300] {dag.py:3239} INFO - Sync 1 DAGs
[2024-10-20T19:20:58.373-0300] {logging_mixin.py:190} INFO - [2024-10-20T19:20:58.372-0300] {dag.py:4180} INFO - Setting next_dagrun for example_dynamic_task_mapping_with_no_taskflow_operators to None, run_after=None
[2024-10-20T19:20:58.406-0300] {processor.py:208} INFO - Processing /mnt/c/Users/Pato_/OneDrive/Documentos/ITBA/PYTHON_DATA_APP/itba/lib/python3.10/site-packages/airflow/example_dags/example_dynamic_task_mapping_with_no_taskflow_operators.py took 0.113 seconds
[2024-10-20T19:22:05.027-0300] {processor.py:186} INFO - Started process (PID=310469) to work on /mnt/c/Users/Pato_/OneDrive/Documentos/ITBA/PYTHON_DATA_APP/itba/lib/python3.10/site-packages/airflow/example_dags/example_dynamic_task_mapping_with_no_taskflow_operators.py
[2024-10-20T19:22:05.028-0300] {processor.py:914} INFO - Processing file /mnt/c/Users/Pato_/OneDrive/Documentos/ITBA/PYTHON_DATA_APP/itba/lib/python3.10/site-packages/airflow/example_dags/example_dynamic_task_mapping_with_no_taskflow_operators.py for tasks to queue
[2024-10-20T19:22:05.030-0300] {logging_mixin.py:190} INFO - [2024-10-20T19:22:05.029-0300] {dagbag.py:588} INFO - Filling up the DagBag from /mnt/c/Users/Pato_/OneDrive/Documentos/ITBA/PYTHON_DATA_APP/itba/lib/python3.10/site-packages/airflow/example_dags/example_dynamic_task_mapping_with_no_taskflow_operators.py
[2024-10-20T19:22:05.070-0300] {processor.py:925} INFO - DAG(s) 'example_dynamic_task_mapping_with_no_taskflow_operators' retrieved from /mnt/c/Users/Pato_/OneDrive/Documentos/ITBA/PYTHON_DATA_APP/itba/lib/python3.10/site-packages/airflow/example_dags/example_dynamic_task_mapping_with_no_taskflow_operators.py
[2024-10-20T19:22:05.085-0300] {logging_mixin.py:190} INFO - [2024-10-20T19:22:05.084-0300] {dag.py:3239} INFO - Sync 1 DAGs
[2024-10-20T19:22:05.094-0300] {logging_mixin.py:190} INFO - [2024-10-20T19:22:05.093-0300] {dag.py:4180} INFO - Setting next_dagrun for example_dynamic_task_mapping_with_no_taskflow_operators to None, run_after=None
[2024-10-20T19:22:05.124-0300] {processor.py:208} INFO - Processing /mnt/c/Users/Pato_/OneDrive/Documentos/ITBA/PYTHON_DATA_APP/itba/lib/python3.10/site-packages/airflow/example_dags/example_dynamic_task_mapping_with_no_taskflow_operators.py took 0.104 seconds
[2024-10-20T19:23:10.297-0300] {processor.py:186} INFO - Started process (PID=310982) to work on /mnt/c/Users/Pato_/OneDrive/Documentos/ITBA/PYTHON_DATA_APP/itba/lib/python3.10/site-packages/airflow/example_dags/example_dynamic_task_mapping_with_no_taskflow_operators.py
[2024-10-20T19:23:10.298-0300] {processor.py:914} INFO - Processing file /mnt/c/Users/Pato_/OneDrive/Documentos/ITBA/PYTHON_DATA_APP/itba/lib/python3.10/site-packages/airflow/example_dags/example_dynamic_task_mapping_with_no_taskflow_operators.py for tasks to queue
[2024-10-20T19:23:10.300-0300] {logging_mixin.py:190} INFO - [2024-10-20T19:23:10.299-0300] {dagbag.py:588} INFO - Filling up the DagBag from /mnt/c/Users/Pato_/OneDrive/Documentos/ITBA/PYTHON_DATA_APP/itba/lib/python3.10/site-packages/airflow/example_dags/example_dynamic_task_mapping_with_no_taskflow_operators.py
[2024-10-20T19:23:10.345-0300] {processor.py:925} INFO - DAG(s) 'example_dynamic_task_mapping_with_no_taskflow_operators' retrieved from /mnt/c/Users/Pato_/OneDrive/Documentos/ITBA/PYTHON_DATA_APP/itba/lib/python3.10/site-packages/airflow/example_dags/example_dynamic_task_mapping_with_no_taskflow_operators.py
[2024-10-20T19:23:10.365-0300] {logging_mixin.py:190} INFO - [2024-10-20T19:23:10.364-0300] {dag.py:3239} INFO - Sync 1 DAGs
[2024-10-20T19:23:10.373-0300] {logging_mixin.py:190} INFO - [2024-10-20T19:23:10.373-0300] {dag.py:4180} INFO - Setting next_dagrun for example_dynamic_task_mapping_with_no_taskflow_operators to None, run_after=None
[2024-10-20T19:23:10.404-0300] {processor.py:208} INFO - Processing /mnt/c/Users/Pato_/OneDrive/Documentos/ITBA/PYTHON_DATA_APP/itba/lib/python3.10/site-packages/airflow/example_dags/example_dynamic_task_mapping_with_no_taskflow_operators.py took 0.114 seconds
[2024-10-20T19:25:06.101-0300] {processor.py:186} INFO - Started process (PID=312533) to work on /mnt/c/Users/Pato_/OneDrive/Documentos/ITBA/PYTHON_DATA_APP/itba/lib/python3.10/site-packages/airflow/example_dags/example_dynamic_task_mapping_with_no_taskflow_operators.py
[2024-10-20T19:25:06.102-0300] {processor.py:914} INFO - Processing file /mnt/c/Users/Pato_/OneDrive/Documentos/ITBA/PYTHON_DATA_APP/itba/lib/python3.10/site-packages/airflow/example_dags/example_dynamic_task_mapping_with_no_taskflow_operators.py for tasks to queue
[2024-10-20T19:25:06.104-0300] {logging_mixin.py:190} INFO - [2024-10-20T19:25:06.104-0300] {dagbag.py:588} INFO - Filling up the DagBag from /mnt/c/Users/Pato_/OneDrive/Documentos/ITBA/PYTHON_DATA_APP/itba/lib/python3.10/site-packages/airflow/example_dags/example_dynamic_task_mapping_with_no_taskflow_operators.py
[2024-10-20T19:25:06.145-0300] {processor.py:925} INFO - DAG(s) 'example_dynamic_task_mapping_with_no_taskflow_operators' retrieved from /mnt/c/Users/Pato_/OneDrive/Documentos/ITBA/PYTHON_DATA_APP/itba/lib/python3.10/site-packages/airflow/example_dags/example_dynamic_task_mapping_with_no_taskflow_operators.py
[2024-10-20T19:25:06.161-0300] {logging_mixin.py:190} INFO - [2024-10-20T19:25:06.160-0300] {dag.py:3239} INFO - Sync 1 DAGs
[2024-10-20T19:25:06.170-0300] {logging_mixin.py:190} INFO - [2024-10-20T19:25:06.169-0300] {dag.py:4180} INFO - Setting next_dagrun for example_dynamic_task_mapping_with_no_taskflow_operators to None, run_after=None
[2024-10-20T19:25:06.200-0300] {processor.py:208} INFO - Processing /mnt/c/Users/Pato_/OneDrive/Documentos/ITBA/PYTHON_DATA_APP/itba/lib/python3.10/site-packages/airflow/example_dags/example_dynamic_task_mapping_with_no_taskflow_operators.py took 0.106 seconds
[2024-10-20T19:26:45.471-0300] {processor.py:186} INFO - Started process (PID=313831) to work on /mnt/c/Users/Pato_/OneDrive/Documentos/ITBA/PYTHON_DATA_APP/itba/lib/python3.10/site-packages/airflow/example_dags/example_dynamic_task_mapping_with_no_taskflow_operators.py
[2024-10-20T19:26:45.472-0300] {processor.py:914} INFO - Processing file /mnt/c/Users/Pato_/OneDrive/Documentos/ITBA/PYTHON_DATA_APP/itba/lib/python3.10/site-packages/airflow/example_dags/example_dynamic_task_mapping_with_no_taskflow_operators.py for tasks to queue
[2024-10-20T19:26:45.474-0300] {logging_mixin.py:190} INFO - [2024-10-20T19:26:45.473-0300] {dagbag.py:588} INFO - Filling up the DagBag from /mnt/c/Users/Pato_/OneDrive/Documentos/ITBA/PYTHON_DATA_APP/itba/lib/python3.10/site-packages/airflow/example_dags/example_dynamic_task_mapping_with_no_taskflow_operators.py
[2024-10-20T19:26:45.514-0300] {processor.py:925} INFO - DAG(s) 'example_dynamic_task_mapping_with_no_taskflow_operators' retrieved from /mnt/c/Users/Pato_/OneDrive/Documentos/ITBA/PYTHON_DATA_APP/itba/lib/python3.10/site-packages/airflow/example_dags/example_dynamic_task_mapping_with_no_taskflow_operators.py
[2024-10-20T19:26:45.528-0300] {logging_mixin.py:190} INFO - [2024-10-20T19:26:45.528-0300] {dag.py:3239} INFO - Sync 1 DAGs
[2024-10-20T19:26:45.537-0300] {logging_mixin.py:190} INFO - [2024-10-20T19:26:45.536-0300] {dag.py:4180} INFO - Setting next_dagrun for example_dynamic_task_mapping_with_no_taskflow_operators to None, run_after=None
[2024-10-20T19:26:45.566-0300] {processor.py:208} INFO - Processing /mnt/c/Users/Pato_/OneDrive/Documentos/ITBA/PYTHON_DATA_APP/itba/lib/python3.10/site-packages/airflow/example_dags/example_dynamic_task_mapping_with_no_taskflow_operators.py took 0.102 seconds
[2024-10-20T19:27:57.348-0300] {processor.py:186} INFO - Started process (PID=314709) to work on /mnt/c/Users/Pato_/OneDrive/Documentos/ITBA/PYTHON_DATA_APP/itba/lib/python3.10/site-packages/airflow/example_dags/example_dynamic_task_mapping_with_no_taskflow_operators.py
[2024-10-20T19:27:57.349-0300] {processor.py:914} INFO - Processing file /mnt/c/Users/Pato_/OneDrive/Documentos/ITBA/PYTHON_DATA_APP/itba/lib/python3.10/site-packages/airflow/example_dags/example_dynamic_task_mapping_with_no_taskflow_operators.py for tasks to queue
[2024-10-20T19:27:57.351-0300] {logging_mixin.py:190} INFO - [2024-10-20T19:27:57.350-0300] {dagbag.py:588} INFO - Filling up the DagBag from /mnt/c/Users/Pato_/OneDrive/Documentos/ITBA/PYTHON_DATA_APP/itba/lib/python3.10/site-packages/airflow/example_dags/example_dynamic_task_mapping_with_no_taskflow_operators.py
[2024-10-20T19:27:57.391-0300] {processor.py:925} INFO - DAG(s) 'example_dynamic_task_mapping_with_no_taskflow_operators' retrieved from /mnt/c/Users/Pato_/OneDrive/Documentos/ITBA/PYTHON_DATA_APP/itba/lib/python3.10/site-packages/airflow/example_dags/example_dynamic_task_mapping_with_no_taskflow_operators.py
[2024-10-20T19:27:57.409-0300] {logging_mixin.py:190} INFO - [2024-10-20T19:27:57.408-0300] {dag.py:3239} INFO - Sync 1 DAGs
[2024-10-20T19:27:57.417-0300] {logging_mixin.py:190} INFO - [2024-10-20T19:27:57.416-0300] {dag.py:4180} INFO - Setting next_dagrun for example_dynamic_task_mapping_with_no_taskflow_operators to None, run_after=None
[2024-10-20T19:27:57.446-0300] {processor.py:208} INFO - Processing /mnt/c/Users/Pato_/OneDrive/Documentos/ITBA/PYTHON_DATA_APP/itba/lib/python3.10/site-packages/airflow/example_dags/example_dynamic_task_mapping_with_no_taskflow_operators.py took 0.105 seconds
[2024-10-20T19:29:02.647-0300] {processor.py:186} INFO - Started process (PID=315441) to work on /mnt/c/Users/Pato_/OneDrive/Documentos/ITBA/PYTHON_DATA_APP/itba/lib/python3.10/site-packages/airflow/example_dags/example_dynamic_task_mapping_with_no_taskflow_operators.py
[2024-10-20T19:29:02.649-0300] {processor.py:914} INFO - Processing file /mnt/c/Users/Pato_/OneDrive/Documentos/ITBA/PYTHON_DATA_APP/itba/lib/python3.10/site-packages/airflow/example_dags/example_dynamic_task_mapping_with_no_taskflow_operators.py for tasks to queue
[2024-10-20T19:29:02.651-0300] {logging_mixin.py:190} INFO - [2024-10-20T19:29:02.650-0300] {dagbag.py:588} INFO - Filling up the DagBag from /mnt/c/Users/Pato_/OneDrive/Documentos/ITBA/PYTHON_DATA_APP/itba/lib/python3.10/site-packages/airflow/example_dags/example_dynamic_task_mapping_with_no_taskflow_operators.py
[2024-10-20T19:29:02.692-0300] {processor.py:925} INFO - DAG(s) 'example_dynamic_task_mapping_with_no_taskflow_operators' retrieved from /mnt/c/Users/Pato_/OneDrive/Documentos/ITBA/PYTHON_DATA_APP/itba/lib/python3.10/site-packages/airflow/example_dags/example_dynamic_task_mapping_with_no_taskflow_operators.py
[2024-10-20T19:29:02.707-0300] {logging_mixin.py:190} INFO - [2024-10-20T19:29:02.706-0300] {dag.py:3239} INFO - Sync 1 DAGs
[2024-10-20T19:29:02.716-0300] {logging_mixin.py:190} INFO - [2024-10-20T19:29:02.715-0300] {dag.py:4180} INFO - Setting next_dagrun for example_dynamic_task_mapping_with_no_taskflow_operators to None, run_after=None
[2024-10-20T19:29:02.744-0300] {processor.py:208} INFO - Processing /mnt/c/Users/Pato_/OneDrive/Documentos/ITBA/PYTHON_DATA_APP/itba/lib/python3.10/site-packages/airflow/example_dags/example_dynamic_task_mapping_with_no_taskflow_operators.py took 0.104 seconds
[2024-10-20T19:30:14.604-0300] {processor.py:186} INFO - Started process (PID=316231) to work on /mnt/c/Users/Pato_/OneDrive/Documentos/ITBA/PYTHON_DATA_APP/itba/lib/python3.10/site-packages/airflow/example_dags/example_dynamic_task_mapping_with_no_taskflow_operators.py
[2024-10-20T19:30:14.605-0300] {processor.py:914} INFO - Processing file /mnt/c/Users/Pato_/OneDrive/Documentos/ITBA/PYTHON_DATA_APP/itba/lib/python3.10/site-packages/airflow/example_dags/example_dynamic_task_mapping_with_no_taskflow_operators.py for tasks to queue
[2024-10-20T19:30:14.607-0300] {logging_mixin.py:190} INFO - [2024-10-20T19:30:14.606-0300] {dagbag.py:588} INFO - Filling up the DagBag from /mnt/c/Users/Pato_/OneDrive/Documentos/ITBA/PYTHON_DATA_APP/itba/lib/python3.10/site-packages/airflow/example_dags/example_dynamic_task_mapping_with_no_taskflow_operators.py
[2024-10-20T19:30:14.647-0300] {processor.py:925} INFO - DAG(s) 'example_dynamic_task_mapping_with_no_taskflow_operators' retrieved from /mnt/c/Users/Pato_/OneDrive/Documentos/ITBA/PYTHON_DATA_APP/itba/lib/python3.10/site-packages/airflow/example_dags/example_dynamic_task_mapping_with_no_taskflow_operators.py
[2024-10-20T19:30:14.662-0300] {logging_mixin.py:190} INFO - [2024-10-20T19:30:14.661-0300] {dag.py:3239} INFO - Sync 1 DAGs
[2024-10-20T19:30:14.671-0300] {logging_mixin.py:190} INFO - [2024-10-20T19:30:14.670-0300] {dag.py:4180} INFO - Setting next_dagrun for example_dynamic_task_mapping_with_no_taskflow_operators to None, run_after=None
[2024-10-20T19:30:14.700-0300] {processor.py:208} INFO - Processing /mnt/c/Users/Pato_/OneDrive/Documentos/ITBA/PYTHON_DATA_APP/itba/lib/python3.10/site-packages/airflow/example_dags/example_dynamic_task_mapping_with_no_taskflow_operators.py took 0.104 seconds
[2024-10-20T19:31:20.555-0300] {processor.py:186} INFO - Started process (PID=316744) to work on /mnt/c/Users/Pato_/OneDrive/Documentos/ITBA/PYTHON_DATA_APP/itba/lib/python3.10/site-packages/airflow/example_dags/example_dynamic_task_mapping_with_no_taskflow_operators.py
[2024-10-20T19:31:20.556-0300] {processor.py:914} INFO - Processing file /mnt/c/Users/Pato_/OneDrive/Documentos/ITBA/PYTHON_DATA_APP/itba/lib/python3.10/site-packages/airflow/example_dags/example_dynamic_task_mapping_with_no_taskflow_operators.py for tasks to queue
[2024-10-20T19:31:20.558-0300] {logging_mixin.py:190} INFO - [2024-10-20T19:31:20.557-0300] {dagbag.py:588} INFO - Filling up the DagBag from /mnt/c/Users/Pato_/OneDrive/Documentos/ITBA/PYTHON_DATA_APP/itba/lib/python3.10/site-packages/airflow/example_dags/example_dynamic_task_mapping_with_no_taskflow_operators.py
[2024-10-20T19:31:20.599-0300] {processor.py:925} INFO - DAG(s) 'example_dynamic_task_mapping_with_no_taskflow_operators' retrieved from /mnt/c/Users/Pato_/OneDrive/Documentos/ITBA/PYTHON_DATA_APP/itba/lib/python3.10/site-packages/airflow/example_dags/example_dynamic_task_mapping_with_no_taskflow_operators.py
[2024-10-20T19:31:20.615-0300] {logging_mixin.py:190} INFO - [2024-10-20T19:31:20.615-0300] {dag.py:3239} INFO - Sync 1 DAGs
[2024-10-20T19:31:20.630-0300] {logging_mixin.py:190} INFO - [2024-10-20T19:31:20.629-0300] {dag.py:4180} INFO - Setting next_dagrun for example_dynamic_task_mapping_with_no_taskflow_operators to None, run_after=None
[2024-10-20T19:31:20.661-0300] {processor.py:208} INFO - Processing /mnt/c/Users/Pato_/OneDrive/Documentos/ITBA/PYTHON_DATA_APP/itba/lib/python3.10/site-packages/airflow/example_dags/example_dynamic_task_mapping_with_no_taskflow_operators.py took 0.113 seconds
[2024-10-20T19:32:29.832-0300] {processor.py:186} INFO - Started process (PID=317289) to work on /mnt/c/Users/Pato_/OneDrive/Documentos/ITBA/PYTHON_DATA_APP/itba/lib/python3.10/site-packages/airflow/example_dags/example_dynamic_task_mapping_with_no_taskflow_operators.py
[2024-10-20T19:32:29.833-0300] {processor.py:914} INFO - Processing file /mnt/c/Users/Pato_/OneDrive/Documentos/ITBA/PYTHON_DATA_APP/itba/lib/python3.10/site-packages/airflow/example_dags/example_dynamic_task_mapping_with_no_taskflow_operators.py for tasks to queue
[2024-10-20T19:32:29.835-0300] {logging_mixin.py:190} INFO - [2024-10-20T19:32:29.835-0300] {dagbag.py:588} INFO - Filling up the DagBag from /mnt/c/Users/Pato_/OneDrive/Documentos/ITBA/PYTHON_DATA_APP/itba/lib/python3.10/site-packages/airflow/example_dags/example_dynamic_task_mapping_with_no_taskflow_operators.py
[2024-10-20T19:32:29.875-0300] {processor.py:925} INFO - DAG(s) 'example_dynamic_task_mapping_with_no_taskflow_operators' retrieved from /mnt/c/Users/Pato_/OneDrive/Documentos/ITBA/PYTHON_DATA_APP/itba/lib/python3.10/site-packages/airflow/example_dags/example_dynamic_task_mapping_with_no_taskflow_operators.py
[2024-10-20T19:32:29.889-0300] {logging_mixin.py:190} INFO - [2024-10-20T19:32:29.889-0300] {dag.py:3239} INFO - Sync 1 DAGs
[2024-10-20T19:32:29.898-0300] {logging_mixin.py:190} INFO - [2024-10-20T19:32:29.897-0300] {dag.py:4180} INFO - Setting next_dagrun for example_dynamic_task_mapping_with_no_taskflow_operators to None, run_after=None
[2024-10-20T19:32:29.926-0300] {processor.py:208} INFO - Processing /mnt/c/Users/Pato_/OneDrive/Documentos/ITBA/PYTHON_DATA_APP/itba/lib/python3.10/site-packages/airflow/example_dags/example_dynamic_task_mapping_with_no_taskflow_operators.py took 0.100 seconds
[2024-10-20T19:33:37.249-0300] {processor.py:186} INFO - Started process (PID=317952) to work on /mnt/c/Users/Pato_/OneDrive/Documentos/ITBA/PYTHON_DATA_APP/itba/lib/python3.10/site-packages/airflow/example_dags/example_dynamic_task_mapping_with_no_taskflow_operators.py
[2024-10-20T19:33:37.250-0300] {processor.py:914} INFO - Processing file /mnt/c/Users/Pato_/OneDrive/Documentos/ITBA/PYTHON_DATA_APP/itba/lib/python3.10/site-packages/airflow/example_dags/example_dynamic_task_mapping_with_no_taskflow_operators.py for tasks to queue
[2024-10-20T19:33:37.252-0300] {logging_mixin.py:190} INFO - [2024-10-20T19:33:37.251-0300] {dagbag.py:588} INFO - Filling up the DagBag from /mnt/c/Users/Pato_/OneDrive/Documentos/ITBA/PYTHON_DATA_APP/itba/lib/python3.10/site-packages/airflow/example_dags/example_dynamic_task_mapping_with_no_taskflow_operators.py
[2024-10-20T19:33:37.292-0300] {processor.py:925} INFO - DAG(s) 'example_dynamic_task_mapping_with_no_taskflow_operators' retrieved from /mnt/c/Users/Pato_/OneDrive/Documentos/ITBA/PYTHON_DATA_APP/itba/lib/python3.10/site-packages/airflow/example_dags/example_dynamic_task_mapping_with_no_taskflow_operators.py
[2024-10-20T19:33:37.306-0300] {logging_mixin.py:190} INFO - [2024-10-20T19:33:37.306-0300] {dag.py:3239} INFO - Sync 1 DAGs
[2024-10-20T19:33:37.315-0300] {logging_mixin.py:190} INFO - [2024-10-20T19:33:37.314-0300] {dag.py:4180} INFO - Setting next_dagrun for example_dynamic_task_mapping_with_no_taskflow_operators to None, run_after=None
[2024-10-20T19:33:37.342-0300] {processor.py:208} INFO - Processing /mnt/c/Users/Pato_/OneDrive/Documentos/ITBA/PYTHON_DATA_APP/itba/lib/python3.10/site-packages/airflow/example_dags/example_dynamic_task_mapping_with_no_taskflow_operators.py took 0.101 seconds
[2024-10-20T19:34:45.186-0300] {processor.py:186} INFO - Started process (PID=318656) to work on /mnt/c/Users/Pato_/OneDrive/Documentos/ITBA/PYTHON_DATA_APP/itba/lib/python3.10/site-packages/airflow/example_dags/example_dynamic_task_mapping_with_no_taskflow_operators.py
[2024-10-20T19:34:45.187-0300] {processor.py:914} INFO - Processing file /mnt/c/Users/Pato_/OneDrive/Documentos/ITBA/PYTHON_DATA_APP/itba/lib/python3.10/site-packages/airflow/example_dags/example_dynamic_task_mapping_with_no_taskflow_operators.py for tasks to queue
[2024-10-20T19:34:45.189-0300] {logging_mixin.py:190} INFO - [2024-10-20T19:34:45.188-0300] {dagbag.py:588} INFO - Filling up the DagBag from /mnt/c/Users/Pato_/OneDrive/Documentos/ITBA/PYTHON_DATA_APP/itba/lib/python3.10/site-packages/airflow/example_dags/example_dynamic_task_mapping_with_no_taskflow_operators.py
[2024-10-20T19:34:45.228-0300] {processor.py:925} INFO - DAG(s) 'example_dynamic_task_mapping_with_no_taskflow_operators' retrieved from /mnt/c/Users/Pato_/OneDrive/Documentos/ITBA/PYTHON_DATA_APP/itba/lib/python3.10/site-packages/airflow/example_dags/example_dynamic_task_mapping_with_no_taskflow_operators.py
[2024-10-20T19:34:45.242-0300] {logging_mixin.py:190} INFO - [2024-10-20T19:34:45.242-0300] {dag.py:3239} INFO - Sync 1 DAGs
[2024-10-20T19:34:45.251-0300] {logging_mixin.py:190} INFO - [2024-10-20T19:34:45.250-0300] {dag.py:4180} INFO - Setting next_dagrun for example_dynamic_task_mapping_with_no_taskflow_operators to None, run_after=None
[2024-10-20T19:34:45.280-0300] {processor.py:208} INFO - Processing /mnt/c/Users/Pato_/OneDrive/Documentos/ITBA/PYTHON_DATA_APP/itba/lib/python3.10/site-packages/airflow/example_dags/example_dynamic_task_mapping_with_no_taskflow_operators.py took 0.101 seconds
[2024-10-20T19:35:52.979-0300] {processor.py:186} INFO - Started process (PID=319303) to work on /mnt/c/Users/Pato_/OneDrive/Documentos/ITBA/PYTHON_DATA_APP/itba/lib/python3.10/site-packages/airflow/example_dags/example_dynamic_task_mapping_with_no_taskflow_operators.py
[2024-10-20T19:35:52.980-0300] {processor.py:914} INFO - Processing file /mnt/c/Users/Pato_/OneDrive/Documentos/ITBA/PYTHON_DATA_APP/itba/lib/python3.10/site-packages/airflow/example_dags/example_dynamic_task_mapping_with_no_taskflow_operators.py for tasks to queue
[2024-10-20T19:35:52.982-0300] {logging_mixin.py:190} INFO - [2024-10-20T19:35:52.981-0300] {dagbag.py:588} INFO - Filling up the DagBag from /mnt/c/Users/Pato_/OneDrive/Documentos/ITBA/PYTHON_DATA_APP/itba/lib/python3.10/site-packages/airflow/example_dags/example_dynamic_task_mapping_with_no_taskflow_operators.py
[2024-10-20T19:35:53.020-0300] {processor.py:925} INFO - DAG(s) 'example_dynamic_task_mapping_with_no_taskflow_operators' retrieved from /mnt/c/Users/Pato_/OneDrive/Documentos/ITBA/PYTHON_DATA_APP/itba/lib/python3.10/site-packages/airflow/example_dags/example_dynamic_task_mapping_with_no_taskflow_operators.py
[2024-10-20T19:35:53.034-0300] {logging_mixin.py:190} INFO - [2024-10-20T19:35:53.034-0300] {dag.py:3239} INFO - Sync 1 DAGs
[2024-10-20T19:35:53.042-0300] {logging_mixin.py:190} INFO - [2024-10-20T19:35:53.042-0300] {dag.py:4180} INFO - Setting next_dagrun for example_dynamic_task_mapping_with_no_taskflow_operators to None, run_after=None
[2024-10-20T19:35:53.071-0300] {processor.py:208} INFO - Processing /mnt/c/Users/Pato_/OneDrive/Documentos/ITBA/PYTHON_DATA_APP/itba/lib/python3.10/site-packages/airflow/example_dags/example_dynamic_task_mapping_with_no_taskflow_operators.py took 0.099 seconds
[2024-10-20T19:37:03.118-0300] {processor.py:186} INFO - Started process (PID=319846) to work on /mnt/c/Users/Pato_/OneDrive/Documentos/ITBA/PYTHON_DATA_APP/itba/lib/python3.10/site-packages/airflow/example_dags/example_dynamic_task_mapping_with_no_taskflow_operators.py
[2024-10-20T19:37:03.119-0300] {processor.py:914} INFO - Processing file /mnt/c/Users/Pato_/OneDrive/Documentos/ITBA/PYTHON_DATA_APP/itba/lib/python3.10/site-packages/airflow/example_dags/example_dynamic_task_mapping_with_no_taskflow_operators.py for tasks to queue
[2024-10-20T19:37:03.121-0300] {logging_mixin.py:190} INFO - [2024-10-20T19:37:03.121-0300] {dagbag.py:588} INFO - Filling up the DagBag from /mnt/c/Users/Pato_/OneDrive/Documentos/ITBA/PYTHON_DATA_APP/itba/lib/python3.10/site-packages/airflow/example_dags/example_dynamic_task_mapping_with_no_taskflow_operators.py
[2024-10-20T19:37:03.160-0300] {processor.py:925} INFO - DAG(s) 'example_dynamic_task_mapping_with_no_taskflow_operators' retrieved from /mnt/c/Users/Pato_/OneDrive/Documentos/ITBA/PYTHON_DATA_APP/itba/lib/python3.10/site-packages/airflow/example_dags/example_dynamic_task_mapping_with_no_taskflow_operators.py
[2024-10-20T19:37:03.174-0300] {logging_mixin.py:190} INFO - [2024-10-20T19:37:03.173-0300] {dag.py:3239} INFO - Sync 1 DAGs
[2024-10-20T19:37:03.182-0300] {logging_mixin.py:190} INFO - [2024-10-20T19:37:03.182-0300] {dag.py:4180} INFO - Setting next_dagrun for example_dynamic_task_mapping_with_no_taskflow_operators to None, run_after=None
[2024-10-20T19:37:03.212-0300] {processor.py:208} INFO - Processing /mnt/c/Users/Pato_/OneDrive/Documentos/ITBA/PYTHON_DATA_APP/itba/lib/python3.10/site-packages/airflow/example_dags/example_dynamic_task_mapping_with_no_taskflow_operators.py took 0.100 seconds
[2024-10-20T19:38:08.991-0300] {processor.py:186} INFO - Started process (PID=320358) to work on /mnt/c/Users/Pato_/OneDrive/Documentos/ITBA/PYTHON_DATA_APP/itba/lib/python3.10/site-packages/airflow/example_dags/example_dynamic_task_mapping_with_no_taskflow_operators.py
[2024-10-20T19:38:08.992-0300] {processor.py:914} INFO - Processing file /mnt/c/Users/Pato_/OneDrive/Documentos/ITBA/PYTHON_DATA_APP/itba/lib/python3.10/site-packages/airflow/example_dags/example_dynamic_task_mapping_with_no_taskflow_operators.py for tasks to queue
[2024-10-20T19:38:08.994-0300] {logging_mixin.py:190} INFO - [2024-10-20T19:38:08.994-0300] {dagbag.py:588} INFO - Filling up the DagBag from /mnt/c/Users/Pato_/OneDrive/Documentos/ITBA/PYTHON_DATA_APP/itba/lib/python3.10/site-packages/airflow/example_dags/example_dynamic_task_mapping_with_no_taskflow_operators.py
[2024-10-20T19:38:09.034-0300] {processor.py:925} INFO - DAG(s) 'example_dynamic_task_mapping_with_no_taskflow_operators' retrieved from /mnt/c/Users/Pato_/OneDrive/Documentos/ITBA/PYTHON_DATA_APP/itba/lib/python3.10/site-packages/airflow/example_dags/example_dynamic_task_mapping_with_no_taskflow_operators.py
[2024-10-20T19:38:09.048-0300] {logging_mixin.py:190} INFO - [2024-10-20T19:38:09.047-0300] {dag.py:3239} INFO - Sync 1 DAGs
[2024-10-20T19:38:09.057-0300] {logging_mixin.py:190} INFO - [2024-10-20T19:38:09.056-0300] {dag.py:4180} INFO - Setting next_dagrun for example_dynamic_task_mapping_with_no_taskflow_operators to None, run_after=None
[2024-10-20T19:38:09.086-0300] {processor.py:208} INFO - Processing /mnt/c/Users/Pato_/OneDrive/Documentos/ITBA/PYTHON_DATA_APP/itba/lib/python3.10/site-packages/airflow/example_dags/example_dynamic_task_mapping_with_no_taskflow_operators.py took 0.102 seconds
[2024-10-20T19:39:14.330-0300] {processor.py:186} INFO - Started process (PID=320876) to work on /mnt/c/Users/Pato_/OneDrive/Documentos/ITBA/PYTHON_DATA_APP/itba/lib/python3.10/site-packages/airflow/example_dags/example_dynamic_task_mapping_with_no_taskflow_operators.py
[2024-10-20T19:39:14.331-0300] {processor.py:914} INFO - Processing file /mnt/c/Users/Pato_/OneDrive/Documentos/ITBA/PYTHON_DATA_APP/itba/lib/python3.10/site-packages/airflow/example_dags/example_dynamic_task_mapping_with_no_taskflow_operators.py for tasks to queue
[2024-10-20T19:39:14.333-0300] {logging_mixin.py:190} INFO - [2024-10-20T19:39:14.333-0300] {dagbag.py:588} INFO - Filling up the DagBag from /mnt/c/Users/Pato_/OneDrive/Documentos/ITBA/PYTHON_DATA_APP/itba/lib/python3.10/site-packages/airflow/example_dags/example_dynamic_task_mapping_with_no_taskflow_operators.py
[2024-10-20T19:39:14.378-0300] {processor.py:925} INFO - DAG(s) 'example_dynamic_task_mapping_with_no_taskflow_operators' retrieved from /mnt/c/Users/Pato_/OneDrive/Documentos/ITBA/PYTHON_DATA_APP/itba/lib/python3.10/site-packages/airflow/example_dags/example_dynamic_task_mapping_with_no_taskflow_operators.py
[2024-10-20T19:39:14.393-0300] {logging_mixin.py:190} INFO - [2024-10-20T19:39:14.393-0300] {dag.py:3239} INFO - Sync 1 DAGs
[2024-10-20T19:39:14.402-0300] {logging_mixin.py:190} INFO - [2024-10-20T19:39:14.402-0300] {dag.py:4180} INFO - Setting next_dagrun for example_dynamic_task_mapping_with_no_taskflow_operators to None, run_after=None
[2024-10-20T19:39:14.435-0300] {processor.py:208} INFO - Processing /mnt/c/Users/Pato_/OneDrive/Documentos/ITBA/PYTHON_DATA_APP/itba/lib/python3.10/site-packages/airflow/example_dags/example_dynamic_task_mapping_with_no_taskflow_operators.py took 0.112 seconds
[2024-10-20T19:40:21.091-0300] {processor.py:186} INFO - Started process (PID=321663) to work on /mnt/c/Users/Pato_/OneDrive/Documentos/ITBA/PYTHON_DATA_APP/itba/lib/python3.10/site-packages/airflow/example_dags/example_dynamic_task_mapping_with_no_taskflow_operators.py
[2024-10-20T19:40:21.092-0300] {processor.py:914} INFO - Processing file /mnt/c/Users/Pato_/OneDrive/Documentos/ITBA/PYTHON_DATA_APP/itba/lib/python3.10/site-packages/airflow/example_dags/example_dynamic_task_mapping_with_no_taskflow_operators.py for tasks to queue
[2024-10-20T19:40:21.094-0300] {logging_mixin.py:190} INFO - [2024-10-20T19:40:21.093-0300] {dagbag.py:588} INFO - Filling up the DagBag from /mnt/c/Users/Pato_/OneDrive/Documentos/ITBA/PYTHON_DATA_APP/itba/lib/python3.10/site-packages/airflow/example_dags/example_dynamic_task_mapping_with_no_taskflow_operators.py
[2024-10-20T19:40:21.133-0300] {processor.py:925} INFO - DAG(s) 'example_dynamic_task_mapping_with_no_taskflow_operators' retrieved from /mnt/c/Users/Pato_/OneDrive/Documentos/ITBA/PYTHON_DATA_APP/itba/lib/python3.10/site-packages/airflow/example_dags/example_dynamic_task_mapping_with_no_taskflow_operators.py
[2024-10-20T19:40:21.147-0300] {logging_mixin.py:190} INFO - [2024-10-20T19:40:21.146-0300] {dag.py:3239} INFO - Sync 1 DAGs
[2024-10-20T19:40:21.155-0300] {logging_mixin.py:190} INFO - [2024-10-20T19:40:21.155-0300] {dag.py:4180} INFO - Setting next_dagrun for example_dynamic_task_mapping_with_no_taskflow_operators to None, run_after=None
[2024-10-20T19:40:21.184-0300] {processor.py:208} INFO - Processing /mnt/c/Users/Pato_/OneDrive/Documentos/ITBA/PYTHON_DATA_APP/itba/lib/python3.10/site-packages/airflow/example_dags/example_dynamic_task_mapping_with_no_taskflow_operators.py took 0.101 seconds
[2024-10-20T19:41:27.708-0300] {processor.py:186} INFO - Started process (PID=322299) to work on /mnt/c/Users/Pato_/OneDrive/Documentos/ITBA/PYTHON_DATA_APP/itba/lib/python3.10/site-packages/airflow/example_dags/example_dynamic_task_mapping_with_no_taskflow_operators.py
[2024-10-20T19:41:27.709-0300] {processor.py:914} INFO - Processing file /mnt/c/Users/Pato_/OneDrive/Documentos/ITBA/PYTHON_DATA_APP/itba/lib/python3.10/site-packages/airflow/example_dags/example_dynamic_task_mapping_with_no_taskflow_operators.py for tasks to queue
[2024-10-20T19:41:27.711-0300] {logging_mixin.py:190} INFO - [2024-10-20T19:41:27.710-0300] {dagbag.py:588} INFO - Filling up the DagBag from /mnt/c/Users/Pato_/OneDrive/Documentos/ITBA/PYTHON_DATA_APP/itba/lib/python3.10/site-packages/airflow/example_dags/example_dynamic_task_mapping_with_no_taskflow_operators.py
[2024-10-20T19:41:27.750-0300] {processor.py:925} INFO - DAG(s) 'example_dynamic_task_mapping_with_no_taskflow_operators' retrieved from /mnt/c/Users/Pato_/OneDrive/Documentos/ITBA/PYTHON_DATA_APP/itba/lib/python3.10/site-packages/airflow/example_dags/example_dynamic_task_mapping_with_no_taskflow_operators.py
[2024-10-20T19:41:27.765-0300] {logging_mixin.py:190} INFO - [2024-10-20T19:41:27.765-0300] {dag.py:3239} INFO - Sync 1 DAGs
[2024-10-20T19:41:27.774-0300] {logging_mixin.py:190} INFO - [2024-10-20T19:41:27.773-0300] {dag.py:4180} INFO - Setting next_dagrun for example_dynamic_task_mapping_with_no_taskflow_operators to None, run_after=None
[2024-10-20T19:41:27.804-0300] {processor.py:208} INFO - Processing /mnt/c/Users/Pato_/OneDrive/Documentos/ITBA/PYTHON_DATA_APP/itba/lib/python3.10/site-packages/airflow/example_dags/example_dynamic_task_mapping_with_no_taskflow_operators.py took 0.103 seconds
