[2024-10-20T19:00:20.746-0300] {processor.py:186} INFO - Started process (PID=298666) to work on /mnt/c/Users/Pato_/OneDrive/Documentos/ITBA/PYTHON_DATA_APP/itba/lib/python3.10/site-packages/airflow/example_dags/example_time_delta_sensor_async.py
[2024-10-20T19:00:20.747-0300] {processor.py:914} INFO - Processing file /mnt/c/Users/Pato_/OneDrive/Documentos/ITBA/PYTHON_DATA_APP/itba/lib/python3.10/site-packages/airflow/example_dags/example_time_delta_sensor_async.py for tasks to queue
[2024-10-20T19:00:20.750-0300] {logging_mixin.py:190} INFO - [2024-10-20T19:00:20.749-0300] {dagbag.py:588} INFO - Filling up the DagBag from /mnt/c/Users/Pato_/OneDrive/Documentos/ITBA/PYTHON_DATA_APP/itba/lib/python3.10/site-packages/airflow/example_dags/example_time_delta_sensor_async.py
[2024-10-20T19:00:20.790-0300] {processor.py:925} INFO - DAG(s) 'example_time_delta_sensor_async' retrieved from /mnt/c/Users/Pato_/OneDrive/Documentos/ITBA/PYTHON_DATA_APP/itba/lib/python3.10/site-packages/airflow/example_dags/example_time_delta_sensor_async.py
[2024-10-20T19:00:21.542-0300] {logging_mixin.py:190} INFO - [2024-10-20T19:00:21.541-0300] {override.py:1907} INFO - Created Permission View: can read on DAG:example_time_delta_sensor_async
[2024-10-20T19:00:21.562-0300] {logging_mixin.py:190} INFO - [2024-10-20T19:00:21.561-0300] {override.py:1907} INFO - Created Permission View: can delete on DAG:example_time_delta_sensor_async
[2024-10-20T19:00:21.581-0300] {logging_mixin.py:190} INFO - [2024-10-20T19:00:21.580-0300] {override.py:1907} INFO - Created Permission View: can edit on DAG:example_time_delta_sensor_async
[2024-10-20T19:00:21.609-0300] {logging_mixin.py:190} INFO - [2024-10-20T19:00:21.608-0300] {override.py:1907} INFO - Created Permission View: can read on DAG Run:example_time_delta_sensor_async
[2024-10-20T19:00:21.626-0300] {logging_mixin.py:190} INFO - [2024-10-20T19:00:21.625-0300] {override.py:1907} INFO - Created Permission View: can delete on DAG Run:example_time_delta_sensor_async
[2024-10-20T19:00:21.644-0300] {logging_mixin.py:190} INFO - [2024-10-20T19:00:21.643-0300] {override.py:1907} INFO - Created Permission View: can create on DAG Run:example_time_delta_sensor_async
[2024-10-20T19:00:21.662-0300] {logging_mixin.py:190} INFO - [2024-10-20T19:00:21.661-0300] {override.py:1907} INFO - Created Permission View: menu access on DAG Run:example_time_delta_sensor_async
[2024-10-20T19:00:21.663-0300] {logging_mixin.py:190} INFO - [2024-10-20T19:00:21.663-0300] {dag.py:3239} INFO - Sync 1 DAGs
[2024-10-20T19:00:21.673-0300] {logging_mixin.py:190} INFO - [2024-10-20T19:00:21.673-0300] {dag.py:3262} INFO - Creating ORM DAG for example_time_delta_sensor_async
[2024-10-20T19:00:21.674-0300] {logging_mixin.py:190} INFO - [2024-10-20T19:00:21.674-0300] {dag.py:4180} INFO - Setting next_dagrun for example_time_delta_sensor_async to None, run_after=None
[2024-10-20T19:00:21.705-0300] {processor.py:208} INFO - Processing /mnt/c/Users/Pato_/OneDrive/Documentos/ITBA/PYTHON_DATA_APP/itba/lib/python3.10/site-packages/airflow/example_dags/example_time_delta_sensor_async.py took 0.966 seconds
[2024-10-20T19:02:40.121-0300] {processor.py:186} INFO - Started process (PID=299895) to work on /mnt/c/Users/Pato_/OneDrive/Documentos/ITBA/PYTHON_DATA_APP/itba/lib/python3.10/site-packages/airflow/example_dags/example_time_delta_sensor_async.py
[2024-10-20T19:02:40.122-0300] {processor.py:914} INFO - Processing file /mnt/c/Users/Pato_/OneDrive/Documentos/ITBA/PYTHON_DATA_APP/itba/lib/python3.10/site-packages/airflow/example_dags/example_time_delta_sensor_async.py for tasks to queue
[2024-10-20T19:02:40.124-0300] {logging_mixin.py:190} INFO - [2024-10-20T19:02:40.123-0300] {dagbag.py:588} INFO - Filling up the DagBag from /mnt/c/Users/Pato_/OneDrive/Documentos/ITBA/PYTHON_DATA_APP/itba/lib/python3.10/site-packages/airflow/example_dags/example_time_delta_sensor_async.py
[2024-10-20T19:02:40.163-0300] {processor.py:925} INFO - DAG(s) 'example_time_delta_sensor_async' retrieved from /mnt/c/Users/Pato_/OneDrive/Documentos/ITBA/PYTHON_DATA_APP/itba/lib/python3.10/site-packages/airflow/example_dags/example_time_delta_sensor_async.py
[2024-10-20T19:02:40.177-0300] {logging_mixin.py:190} INFO - [2024-10-20T19:02:40.176-0300] {dag.py:3239} INFO - Sync 1 DAGs
[2024-10-20T19:02:40.186-0300] {logging_mixin.py:190} INFO - [2024-10-20T19:02:40.185-0300] {dag.py:4180} INFO - Setting next_dagrun for example_time_delta_sensor_async to None, run_after=None
[2024-10-20T19:02:40.214-0300] {processor.py:208} INFO - Processing /mnt/c/Users/Pato_/OneDrive/Documentos/ITBA/PYTHON_DATA_APP/itba/lib/python3.10/site-packages/airflow/example_dags/example_time_delta_sensor_async.py took 0.100 seconds
[2024-10-20T19:03:33.596-0300] {processor.py:186} INFO - Started process (PID=300316) to work on /mnt/c/Users/Pato_/OneDrive/Documentos/ITBA/PYTHON_DATA_APP/itba/lib/python3.10/site-packages/airflow/example_dags/example_time_delta_sensor_async.py
[2024-10-20T19:03:33.597-0300] {processor.py:914} INFO - Processing file /mnt/c/Users/Pato_/OneDrive/Documentos/ITBA/PYTHON_DATA_APP/itba/lib/python3.10/site-packages/airflow/example_dags/example_time_delta_sensor_async.py for tasks to queue
[2024-10-20T19:03:33.599-0300] {logging_mixin.py:190} INFO - [2024-10-20T19:03:33.599-0300] {dagbag.py:588} INFO - Filling up the DagBag from /mnt/c/Users/Pato_/OneDrive/Documentos/ITBA/PYTHON_DATA_APP/itba/lib/python3.10/site-packages/airflow/example_dags/example_time_delta_sensor_async.py
[2024-10-20T19:03:33.639-0300] {processor.py:925} INFO - DAG(s) 'example_time_delta_sensor_async' retrieved from /mnt/c/Users/Pato_/OneDrive/Documentos/ITBA/PYTHON_DATA_APP/itba/lib/python3.10/site-packages/airflow/example_dags/example_time_delta_sensor_async.py
[2024-10-20T19:03:33.653-0300] {logging_mixin.py:190} INFO - [2024-10-20T19:03:33.652-0300] {dag.py:3239} INFO - Sync 1 DAGs
[2024-10-20T19:03:33.661-0300] {logging_mixin.py:190} INFO - [2024-10-20T19:03:33.661-0300] {dag.py:4180} INFO - Setting next_dagrun for example_time_delta_sensor_async to None, run_after=None
[2024-10-20T19:03:33.690-0300] {processor.py:208} INFO - Processing /mnt/c/Users/Pato_/OneDrive/Documentos/ITBA/PYTHON_DATA_APP/itba/lib/python3.10/site-packages/airflow/example_dags/example_time_delta_sensor_async.py took 0.101 seconds
[2024-10-20T19:04:43.740-0300] {processor.py:186} INFO - Started process (PID=301060) to work on /mnt/c/Users/Pato_/OneDrive/Documentos/ITBA/PYTHON_DATA_APP/itba/lib/python3.10/site-packages/airflow/example_dags/example_time_delta_sensor_async.py
[2024-10-20T19:04:43.741-0300] {processor.py:914} INFO - Processing file /mnt/c/Users/Pato_/OneDrive/Documentos/ITBA/PYTHON_DATA_APP/itba/lib/python3.10/site-packages/airflow/example_dags/example_time_delta_sensor_async.py for tasks to queue
[2024-10-20T19:04:43.744-0300] {logging_mixin.py:190} INFO - [2024-10-20T19:04:43.743-0300] {dagbag.py:588} INFO - Filling up the DagBag from /mnt/c/Users/Pato_/OneDrive/Documentos/ITBA/PYTHON_DATA_APP/itba/lib/python3.10/site-packages/airflow/example_dags/example_time_delta_sensor_async.py
[2024-10-20T19:04:43.784-0300] {processor.py:925} INFO - DAG(s) 'example_time_delta_sensor_async' retrieved from /mnt/c/Users/Pato_/OneDrive/Documentos/ITBA/PYTHON_DATA_APP/itba/lib/python3.10/site-packages/airflow/example_dags/example_time_delta_sensor_async.py
[2024-10-20T19:04:43.799-0300] {logging_mixin.py:190} INFO - [2024-10-20T19:04:43.798-0300] {dag.py:3239} INFO - Sync 1 DAGs
[2024-10-20T19:04:43.808-0300] {logging_mixin.py:190} INFO - [2024-10-20T19:04:43.808-0300] {dag.py:4180} INFO - Setting next_dagrun for example_time_delta_sensor_async to None, run_after=None
[2024-10-20T19:04:43.841-0300] {processor.py:208} INFO - Processing /mnt/c/Users/Pato_/OneDrive/Documentos/ITBA/PYTHON_DATA_APP/itba/lib/python3.10/site-packages/airflow/example_dags/example_time_delta_sensor_async.py took 0.109 seconds
[2024-10-20T19:05:52.156-0300] {processor.py:186} INFO - Started process (PID=301680) to work on /mnt/c/Users/Pato_/OneDrive/Documentos/ITBA/PYTHON_DATA_APP/itba/lib/python3.10/site-packages/airflow/example_dags/example_time_delta_sensor_async.py
[2024-10-20T19:05:52.158-0300] {processor.py:914} INFO - Processing file /mnt/c/Users/Pato_/OneDrive/Documentos/ITBA/PYTHON_DATA_APP/itba/lib/python3.10/site-packages/airflow/example_dags/example_time_delta_sensor_async.py for tasks to queue
[2024-10-20T19:05:52.160-0300] {logging_mixin.py:190} INFO - [2024-10-20T19:05:52.160-0300] {dagbag.py:588} INFO - Filling up the DagBag from /mnt/c/Users/Pato_/OneDrive/Documentos/ITBA/PYTHON_DATA_APP/itba/lib/python3.10/site-packages/airflow/example_dags/example_time_delta_sensor_async.py
[2024-10-20T19:05:52.204-0300] {processor.py:925} INFO - DAG(s) 'example_time_delta_sensor_async' retrieved from /mnt/c/Users/Pato_/OneDrive/Documentos/ITBA/PYTHON_DATA_APP/itba/lib/python3.10/site-packages/airflow/example_dags/example_time_delta_sensor_async.py
[2024-10-20T19:05:52.220-0300] {logging_mixin.py:190} INFO - [2024-10-20T19:05:52.219-0300] {dag.py:3239} INFO - Sync 1 DAGs
[2024-10-20T19:05:52.230-0300] {logging_mixin.py:190} INFO - [2024-10-20T19:05:52.229-0300] {dag.py:4180} INFO - Setting next_dagrun for example_time_delta_sensor_async to None, run_after=None
[2024-10-20T19:05:52.264-0300] {processor.py:208} INFO - Processing /mnt/c/Users/Pato_/OneDrive/Documentos/ITBA/PYTHON_DATA_APP/itba/lib/python3.10/site-packages/airflow/example_dags/example_time_delta_sensor_async.py took 0.116 seconds
[2024-10-20T19:07:56.778-0300] {processor.py:186} INFO - Started process (PID=303543) to work on /mnt/c/Users/Pato_/OneDrive/Documentos/ITBA/PYTHON_DATA_APP/itba/lib/python3.10/site-packages/airflow/example_dags/example_time_delta_sensor_async.py
[2024-10-20T19:07:56.779-0300] {processor.py:914} INFO - Processing file /mnt/c/Users/Pato_/OneDrive/Documentos/ITBA/PYTHON_DATA_APP/itba/lib/python3.10/site-packages/airflow/example_dags/example_time_delta_sensor_async.py for tasks to queue
[2024-10-20T19:07:56.781-0300] {logging_mixin.py:190} INFO - [2024-10-20T19:07:56.780-0300] {dagbag.py:588} INFO - Filling up the DagBag from /mnt/c/Users/Pato_/OneDrive/Documentos/ITBA/PYTHON_DATA_APP/itba/lib/python3.10/site-packages/airflow/example_dags/example_time_delta_sensor_async.py
[2024-10-20T19:07:56.821-0300] {processor.py:925} INFO - DAG(s) 'example_time_delta_sensor_async' retrieved from /mnt/c/Users/Pato_/OneDrive/Documentos/ITBA/PYTHON_DATA_APP/itba/lib/python3.10/site-packages/airflow/example_dags/example_time_delta_sensor_async.py
[2024-10-20T19:07:56.836-0300] {logging_mixin.py:190} INFO - [2024-10-20T19:07:56.835-0300] {dag.py:3239} INFO - Sync 1 DAGs
[2024-10-20T19:07:56.844-0300] {logging_mixin.py:190} INFO - [2024-10-20T19:07:56.844-0300] {dag.py:4180} INFO - Setting next_dagrun for example_time_delta_sensor_async to None, run_after=None
[2024-10-20T19:07:56.872-0300] {processor.py:208} INFO - Processing /mnt/c/Users/Pato_/OneDrive/Documentos/ITBA/PYTHON_DATA_APP/itba/lib/python3.10/site-packages/airflow/example_dags/example_time_delta_sensor_async.py took 0.101 seconds
[2024-10-20T19:08:48.275-0300] {processor.py:186} INFO - Started process (PID=303949) to work on /mnt/c/Users/Pato_/OneDrive/Documentos/ITBA/PYTHON_DATA_APP/itba/lib/python3.10/site-packages/airflow/example_dags/example_time_delta_sensor_async.py
[2024-10-20T19:08:48.276-0300] {processor.py:914} INFO - Processing file /mnt/c/Users/Pato_/OneDrive/Documentos/ITBA/PYTHON_DATA_APP/itba/lib/python3.10/site-packages/airflow/example_dags/example_time_delta_sensor_async.py for tasks to queue
[2024-10-20T19:08:48.279-0300] {logging_mixin.py:190} INFO - [2024-10-20T19:08:48.278-0300] {dagbag.py:588} INFO - Filling up the DagBag from /mnt/c/Users/Pato_/OneDrive/Documentos/ITBA/PYTHON_DATA_APP/itba/lib/python3.10/site-packages/airflow/example_dags/example_time_delta_sensor_async.py
[2024-10-20T19:08:48.316-0300] {processor.py:925} INFO - DAG(s) 'example_time_delta_sensor_async' retrieved from /mnt/c/Users/Pato_/OneDrive/Documentos/ITBA/PYTHON_DATA_APP/itba/lib/python3.10/site-packages/airflow/example_dags/example_time_delta_sensor_async.py
[2024-10-20T19:08:48.330-0300] {logging_mixin.py:190} INFO - [2024-10-20T19:08:48.330-0300] {dag.py:3239} INFO - Sync 1 DAGs
[2024-10-20T19:08:48.339-0300] {logging_mixin.py:190} INFO - [2024-10-20T19:08:48.339-0300] {dag.py:4180} INFO - Setting next_dagrun for example_time_delta_sensor_async to None, run_after=None
[2024-10-20T19:08:48.369-0300] {processor.py:208} INFO - Processing /mnt/c/Users/Pato_/OneDrive/Documentos/ITBA/PYTHON_DATA_APP/itba/lib/python3.10/site-packages/airflow/example_dags/example_time_delta_sensor_async.py took 0.100 seconds
[2024-10-20T19:09:52.668-0300] {processor.py:186} INFO - Started process (PID=304544) to work on /mnt/c/Users/Pato_/OneDrive/Documentos/ITBA/PYTHON_DATA_APP/itba/lib/python3.10/site-packages/airflow/example_dags/example_time_delta_sensor_async.py
[2024-10-20T19:09:52.669-0300] {processor.py:914} INFO - Processing file /mnt/c/Users/Pato_/OneDrive/Documentos/ITBA/PYTHON_DATA_APP/itba/lib/python3.10/site-packages/airflow/example_dags/example_time_delta_sensor_async.py for tasks to queue
[2024-10-20T19:09:52.671-0300] {logging_mixin.py:190} INFO - [2024-10-20T19:09:52.670-0300] {dagbag.py:588} INFO - Filling up the DagBag from /mnt/c/Users/Pato_/OneDrive/Documentos/ITBA/PYTHON_DATA_APP/itba/lib/python3.10/site-packages/airflow/example_dags/example_time_delta_sensor_async.py
[2024-10-20T19:09:52.709-0300] {processor.py:925} INFO - DAG(s) 'example_time_delta_sensor_async' retrieved from /mnt/c/Users/Pato_/OneDrive/Documentos/ITBA/PYTHON_DATA_APP/itba/lib/python3.10/site-packages/airflow/example_dags/example_time_delta_sensor_async.py
[2024-10-20T19:09:52.723-0300] {logging_mixin.py:190} INFO - [2024-10-20T19:09:52.722-0300] {dag.py:3239} INFO - Sync 1 DAGs
[2024-10-20T19:09:52.732-0300] {logging_mixin.py:190} INFO - [2024-10-20T19:09:52.731-0300] {dag.py:4180} INFO - Setting next_dagrun for example_time_delta_sensor_async to None, run_after=None
[2024-10-20T19:09:52.760-0300] {processor.py:208} INFO - Processing /mnt/c/Users/Pato_/OneDrive/Documentos/ITBA/PYTHON_DATA_APP/itba/lib/python3.10/site-packages/airflow/example_dags/example_time_delta_sensor_async.py took 0.099 seconds
[2024-10-20T19:10:59.437-0300] {processor.py:186} INFO - Started process (PID=305062) to work on /mnt/c/Users/Pato_/OneDrive/Documentos/ITBA/PYTHON_DATA_APP/itba/lib/python3.10/site-packages/airflow/example_dags/example_time_delta_sensor_async.py
[2024-10-20T19:10:59.438-0300] {processor.py:914} INFO - Processing file /mnt/c/Users/Pato_/OneDrive/Documentos/ITBA/PYTHON_DATA_APP/itba/lib/python3.10/site-packages/airflow/example_dags/example_time_delta_sensor_async.py for tasks to queue
[2024-10-20T19:10:59.440-0300] {logging_mixin.py:190} INFO - [2024-10-20T19:10:59.439-0300] {dagbag.py:588} INFO - Filling up the DagBag from /mnt/c/Users/Pato_/OneDrive/Documentos/ITBA/PYTHON_DATA_APP/itba/lib/python3.10/site-packages/airflow/example_dags/example_time_delta_sensor_async.py
[2024-10-20T19:10:59.478-0300] {processor.py:925} INFO - DAG(s) 'example_time_delta_sensor_async' retrieved from /mnt/c/Users/Pato_/OneDrive/Documentos/ITBA/PYTHON_DATA_APP/itba/lib/python3.10/site-packages/airflow/example_dags/example_time_delta_sensor_async.py
[2024-10-20T19:10:59.492-0300] {logging_mixin.py:190} INFO - [2024-10-20T19:10:59.491-0300] {dag.py:3239} INFO - Sync 1 DAGs
[2024-10-20T19:10:59.500-0300] {logging_mixin.py:190} INFO - [2024-10-20T19:10:59.500-0300] {dag.py:4180} INFO - Setting next_dagrun for example_time_delta_sensor_async to None, run_after=None
[2024-10-20T19:10:59.530-0300] {processor.py:208} INFO - Processing /mnt/c/Users/Pato_/OneDrive/Documentos/ITBA/PYTHON_DATA_APP/itba/lib/python3.10/site-packages/airflow/example_dags/example_time_delta_sensor_async.py took 0.100 seconds
[2024-10-20T19:12:09.108-0300] {processor.py:186} INFO - Started process (PID=305609) to work on /mnt/c/Users/Pato_/OneDrive/Documentos/ITBA/PYTHON_DATA_APP/itba/lib/python3.10/site-packages/airflow/example_dags/example_time_delta_sensor_async.py
[2024-10-20T19:12:09.109-0300] {processor.py:914} INFO - Processing file /mnt/c/Users/Pato_/OneDrive/Documentos/ITBA/PYTHON_DATA_APP/itba/lib/python3.10/site-packages/airflow/example_dags/example_time_delta_sensor_async.py for tasks to queue
[2024-10-20T19:12:09.111-0300] {logging_mixin.py:190} INFO - [2024-10-20T19:12:09.111-0300] {dagbag.py:588} INFO - Filling up the DagBag from /mnt/c/Users/Pato_/OneDrive/Documentos/ITBA/PYTHON_DATA_APP/itba/lib/python3.10/site-packages/airflow/example_dags/example_time_delta_sensor_async.py
[2024-10-20T19:12:09.151-0300] {processor.py:925} INFO - DAG(s) 'example_time_delta_sensor_async' retrieved from /mnt/c/Users/Pato_/OneDrive/Documentos/ITBA/PYTHON_DATA_APP/itba/lib/python3.10/site-packages/airflow/example_dags/example_time_delta_sensor_async.py
[2024-10-20T19:12:09.165-0300] {logging_mixin.py:190} INFO - [2024-10-20T19:12:09.165-0300] {dag.py:3239} INFO - Sync 1 DAGs
[2024-10-20T19:12:09.174-0300] {logging_mixin.py:190} INFO - [2024-10-20T19:12:09.173-0300] {dag.py:4180} INFO - Setting next_dagrun for example_time_delta_sensor_async to None, run_after=None
[2024-10-20T19:12:09.204-0300] {processor.py:208} INFO - Processing /mnt/c/Users/Pato_/OneDrive/Documentos/ITBA/PYTHON_DATA_APP/itba/lib/python3.10/site-packages/airflow/example_dags/example_time_delta_sensor_async.py took 0.103 seconds
[2024-10-20T19:13:14.644-0300] {processor.py:186} INFO - Started process (PID=306120) to work on /mnt/c/Users/Pato_/OneDrive/Documentos/ITBA/PYTHON_DATA_APP/itba/lib/python3.10/site-packages/airflow/example_dags/example_time_delta_sensor_async.py
[2024-10-20T19:13:14.645-0300] {processor.py:914} INFO - Processing file /mnt/c/Users/Pato_/OneDrive/Documentos/ITBA/PYTHON_DATA_APP/itba/lib/python3.10/site-packages/airflow/example_dags/example_time_delta_sensor_async.py for tasks to queue
[2024-10-20T19:13:14.647-0300] {logging_mixin.py:190} INFO - [2024-10-20T19:13:14.646-0300] {dagbag.py:588} INFO - Filling up the DagBag from /mnt/c/Users/Pato_/OneDrive/Documentos/ITBA/PYTHON_DATA_APP/itba/lib/python3.10/site-packages/airflow/example_dags/example_time_delta_sensor_async.py
[2024-10-20T19:13:14.684-0300] {processor.py:925} INFO - DAG(s) 'example_time_delta_sensor_async' retrieved from /mnt/c/Users/Pato_/OneDrive/Documentos/ITBA/PYTHON_DATA_APP/itba/lib/python3.10/site-packages/airflow/example_dags/example_time_delta_sensor_async.py
[2024-10-20T19:13:14.698-0300] {logging_mixin.py:190} INFO - [2024-10-20T19:13:14.697-0300] {dag.py:3239} INFO - Sync 1 DAGs
[2024-10-20T19:13:14.706-0300] {logging_mixin.py:190} INFO - [2024-10-20T19:13:14.706-0300] {dag.py:4180} INFO - Setting next_dagrun for example_time_delta_sensor_async to None, run_after=None
[2024-10-20T19:13:14.735-0300] {processor.py:208} INFO - Processing /mnt/c/Users/Pato_/OneDrive/Documentos/ITBA/PYTHON_DATA_APP/itba/lib/python3.10/site-packages/airflow/example_dags/example_time_delta_sensor_async.py took 0.097 seconds
[2024-10-20T19:14:19.807-0300] {processor.py:186} INFO - Started process (PID=306629) to work on /mnt/c/Users/Pato_/OneDrive/Documentos/ITBA/PYTHON_DATA_APP/itba/lib/python3.10/site-packages/airflow/example_dags/example_time_delta_sensor_async.py
[2024-10-20T19:14:19.808-0300] {processor.py:914} INFO - Processing file /mnt/c/Users/Pato_/OneDrive/Documentos/ITBA/PYTHON_DATA_APP/itba/lib/python3.10/site-packages/airflow/example_dags/example_time_delta_sensor_async.py for tasks to queue
[2024-10-20T19:14:19.810-0300] {logging_mixin.py:190} INFO - [2024-10-20T19:14:19.809-0300] {dagbag.py:588} INFO - Filling up the DagBag from /mnt/c/Users/Pato_/OneDrive/Documentos/ITBA/PYTHON_DATA_APP/itba/lib/python3.10/site-packages/airflow/example_dags/example_time_delta_sensor_async.py
[2024-10-20T19:14:19.847-0300] {processor.py:925} INFO - DAG(s) 'example_time_delta_sensor_async' retrieved from /mnt/c/Users/Pato_/OneDrive/Documentos/ITBA/PYTHON_DATA_APP/itba/lib/python3.10/site-packages/airflow/example_dags/example_time_delta_sensor_async.py
[2024-10-20T19:14:19.861-0300] {logging_mixin.py:190} INFO - [2024-10-20T19:14:19.860-0300] {dag.py:3239} INFO - Sync 1 DAGs
[2024-10-20T19:14:19.869-0300] {logging_mixin.py:190} INFO - [2024-10-20T19:14:19.869-0300] {dag.py:4180} INFO - Setting next_dagrun for example_time_delta_sensor_async to None, run_after=None
[2024-10-20T19:14:19.897-0300] {processor.py:208} INFO - Processing /mnt/c/Users/Pato_/OneDrive/Documentos/ITBA/PYTHON_DATA_APP/itba/lib/python3.10/site-packages/airflow/example_dags/example_time_delta_sensor_async.py took 0.098 seconds
[2024-10-20T19:15:30.391-0300] {processor.py:186} INFO - Started process (PID=307208) to work on /mnt/c/Users/Pato_/OneDrive/Documentos/ITBA/PYTHON_DATA_APP/itba/lib/python3.10/site-packages/airflow/example_dags/example_time_delta_sensor_async.py
[2024-10-20T19:15:30.392-0300] {processor.py:914} INFO - Processing file /mnt/c/Users/Pato_/OneDrive/Documentos/ITBA/PYTHON_DATA_APP/itba/lib/python3.10/site-packages/airflow/example_dags/example_time_delta_sensor_async.py for tasks to queue
[2024-10-20T19:15:30.394-0300] {logging_mixin.py:190} INFO - [2024-10-20T19:15:30.394-0300] {dagbag.py:588} INFO - Filling up the DagBag from /mnt/c/Users/Pato_/OneDrive/Documentos/ITBA/PYTHON_DATA_APP/itba/lib/python3.10/site-packages/airflow/example_dags/example_time_delta_sensor_async.py
[2024-10-20T19:15:30.431-0300] {processor.py:925} INFO - DAG(s) 'example_time_delta_sensor_async' retrieved from /mnt/c/Users/Pato_/OneDrive/Documentos/ITBA/PYTHON_DATA_APP/itba/lib/python3.10/site-packages/airflow/example_dags/example_time_delta_sensor_async.py
[2024-10-20T19:15:30.446-0300] {logging_mixin.py:190} INFO - [2024-10-20T19:15:30.445-0300] {dag.py:3239} INFO - Sync 1 DAGs
[2024-10-20T19:15:30.455-0300] {logging_mixin.py:190} INFO - [2024-10-20T19:15:30.455-0300] {dag.py:4180} INFO - Setting next_dagrun for example_time_delta_sensor_async to None, run_after=None
[2024-10-20T19:15:30.485-0300] {processor.py:208} INFO - Processing /mnt/c/Users/Pato_/OneDrive/Documentos/ITBA/PYTHON_DATA_APP/itba/lib/python3.10/site-packages/airflow/example_dags/example_time_delta_sensor_async.py took 0.100 seconds
[2024-10-20T19:16:37.042-0300] {processor.py:186} INFO - Started process (PID=307730) to work on /mnt/c/Users/Pato_/OneDrive/Documentos/ITBA/PYTHON_DATA_APP/itba/lib/python3.10/site-packages/airflow/example_dags/example_time_delta_sensor_async.py
[2024-10-20T19:16:37.043-0300] {processor.py:914} INFO - Processing file /mnt/c/Users/Pato_/OneDrive/Documentos/ITBA/PYTHON_DATA_APP/itba/lib/python3.10/site-packages/airflow/example_dags/example_time_delta_sensor_async.py for tasks to queue
[2024-10-20T19:16:37.046-0300] {logging_mixin.py:190} INFO - [2024-10-20T19:16:37.045-0300] {dagbag.py:588} INFO - Filling up the DagBag from /mnt/c/Users/Pato_/OneDrive/Documentos/ITBA/PYTHON_DATA_APP/itba/lib/python3.10/site-packages/airflow/example_dags/example_time_delta_sensor_async.py
[2024-10-20T19:16:37.084-0300] {processor.py:925} INFO - DAG(s) 'example_time_delta_sensor_async' retrieved from /mnt/c/Users/Pato_/OneDrive/Documentos/ITBA/PYTHON_DATA_APP/itba/lib/python3.10/site-packages/airflow/example_dags/example_time_delta_sensor_async.py
[2024-10-20T19:16:37.098-0300] {logging_mixin.py:190} INFO - [2024-10-20T19:16:37.098-0300] {dag.py:3239} INFO - Sync 1 DAGs
[2024-10-20T19:16:37.107-0300] {logging_mixin.py:190} INFO - [2024-10-20T19:16:37.106-0300] {dag.py:4180} INFO - Setting next_dagrun for example_time_delta_sensor_async to None, run_after=None
[2024-10-20T19:16:37.137-0300] {processor.py:208} INFO - Processing /mnt/c/Users/Pato_/OneDrive/Documentos/ITBA/PYTHON_DATA_APP/itba/lib/python3.10/site-packages/airflow/example_dags/example_time_delta_sensor_async.py took 0.101 seconds
[2024-10-20T19:17:51.404-0300] {processor.py:186} INFO - Started process (PID=308305) to work on /mnt/c/Users/Pato_/OneDrive/Documentos/ITBA/PYTHON_DATA_APP/itba/lib/python3.10/site-packages/airflow/example_dags/example_time_delta_sensor_async.py
[2024-10-20T19:17:51.405-0300] {processor.py:914} INFO - Processing file /mnt/c/Users/Pato_/OneDrive/Documentos/ITBA/PYTHON_DATA_APP/itba/lib/python3.10/site-packages/airflow/example_dags/example_time_delta_sensor_async.py for tasks to queue
[2024-10-20T19:17:51.407-0300] {logging_mixin.py:190} INFO - [2024-10-20T19:17:51.406-0300] {dagbag.py:588} INFO - Filling up the DagBag from /mnt/c/Users/Pato_/OneDrive/Documentos/ITBA/PYTHON_DATA_APP/itba/lib/python3.10/site-packages/airflow/example_dags/example_time_delta_sensor_async.py
[2024-10-20T19:17:51.445-0300] {processor.py:925} INFO - DAG(s) 'example_time_delta_sensor_async' retrieved from /mnt/c/Users/Pato_/OneDrive/Documentos/ITBA/PYTHON_DATA_APP/itba/lib/python3.10/site-packages/airflow/example_dags/example_time_delta_sensor_async.py
[2024-10-20T19:17:51.461-0300] {logging_mixin.py:190} INFO - [2024-10-20T19:17:51.460-0300] {dag.py:3239} INFO - Sync 1 DAGs
[2024-10-20T19:17:51.470-0300] {logging_mixin.py:190} INFO - [2024-10-20T19:17:51.470-0300] {dag.py:4180} INFO - Setting next_dagrun for example_time_delta_sensor_async to None, run_after=None
[2024-10-20T19:17:51.500-0300] {processor.py:208} INFO - Processing /mnt/c/Users/Pato_/OneDrive/Documentos/ITBA/PYTHON_DATA_APP/itba/lib/python3.10/site-packages/airflow/example_dags/example_time_delta_sensor_async.py took 0.103 seconds
[2024-10-20T19:19:01.539-0300] {processor.py:186} INFO - Started process (PID=308854) to work on /mnt/c/Users/Pato_/OneDrive/Documentos/ITBA/PYTHON_DATA_APP/itba/lib/python3.10/site-packages/airflow/example_dags/example_time_delta_sensor_async.py
[2024-10-20T19:19:01.540-0300] {processor.py:914} INFO - Processing file /mnt/c/Users/Pato_/OneDrive/Documentos/ITBA/PYTHON_DATA_APP/itba/lib/python3.10/site-packages/airflow/example_dags/example_time_delta_sensor_async.py for tasks to queue
[2024-10-20T19:19:01.543-0300] {logging_mixin.py:190} INFO - [2024-10-20T19:19:01.542-0300] {dagbag.py:588} INFO - Filling up the DagBag from /mnt/c/Users/Pato_/OneDrive/Documentos/ITBA/PYTHON_DATA_APP/itba/lib/python3.10/site-packages/airflow/example_dags/example_time_delta_sensor_async.py
[2024-10-20T19:19:01.582-0300] {processor.py:925} INFO - DAG(s) 'example_time_delta_sensor_async' retrieved from /mnt/c/Users/Pato_/OneDrive/Documentos/ITBA/PYTHON_DATA_APP/itba/lib/python3.10/site-packages/airflow/example_dags/example_time_delta_sensor_async.py
[2024-10-20T19:19:01.597-0300] {logging_mixin.py:190} INFO - [2024-10-20T19:19:01.597-0300] {dag.py:3239} INFO - Sync 1 DAGs
[2024-10-20T19:19:01.606-0300] {logging_mixin.py:190} INFO - [2024-10-20T19:19:01.606-0300] {dag.py:4180} INFO - Setting next_dagrun for example_time_delta_sensor_async to None, run_after=None
[2024-10-20T19:19:01.636-0300] {processor.py:208} INFO - Processing /mnt/c/Users/Pato_/OneDrive/Documentos/ITBA/PYTHON_DATA_APP/itba/lib/python3.10/site-packages/airflow/example_dags/example_time_delta_sensor_async.py took 0.103 seconds
[2024-10-20T19:20:12.455-0300] {processor.py:186} INFO - Started process (PID=309436) to work on /mnt/c/Users/Pato_/OneDrive/Documentos/ITBA/PYTHON_DATA_APP/itba/lib/python3.10/site-packages/airflow/example_dags/example_time_delta_sensor_async.py
[2024-10-20T19:20:12.456-0300] {processor.py:914} INFO - Processing file /mnt/c/Users/Pato_/OneDrive/Documentos/ITBA/PYTHON_DATA_APP/itba/lib/python3.10/site-packages/airflow/example_dags/example_time_delta_sensor_async.py for tasks to queue
[2024-10-20T19:20:12.458-0300] {logging_mixin.py:190} INFO - [2024-10-20T19:20:12.458-0300] {dagbag.py:588} INFO - Filling up the DagBag from /mnt/c/Users/Pato_/OneDrive/Documentos/ITBA/PYTHON_DATA_APP/itba/lib/python3.10/site-packages/airflow/example_dags/example_time_delta_sensor_async.py
[2024-10-20T19:20:12.496-0300] {processor.py:925} INFO - DAG(s) 'example_time_delta_sensor_async' retrieved from /mnt/c/Users/Pato_/OneDrive/Documentos/ITBA/PYTHON_DATA_APP/itba/lib/python3.10/site-packages/airflow/example_dags/example_time_delta_sensor_async.py
[2024-10-20T19:20:12.510-0300] {logging_mixin.py:190} INFO - [2024-10-20T19:20:12.509-0300] {dag.py:3239} INFO - Sync 1 DAGs
[2024-10-20T19:20:12.519-0300] {logging_mixin.py:190} INFO - [2024-10-20T19:20:12.518-0300] {dag.py:4180} INFO - Setting next_dagrun for example_time_delta_sensor_async to None, run_after=None
[2024-10-20T19:20:12.548-0300] {processor.py:208} INFO - Processing /mnt/c/Users/Pato_/OneDrive/Documentos/ITBA/PYTHON_DATA_APP/itba/lib/python3.10/site-packages/airflow/example_dags/example_time_delta_sensor_async.py took 0.100 seconds
[2024-10-20T19:21:23.366-0300] {processor.py:186} INFO - Started process (PID=310054) to work on /mnt/c/Users/Pato_/OneDrive/Documentos/ITBA/PYTHON_DATA_APP/itba/lib/python3.10/site-packages/airflow/example_dags/example_time_delta_sensor_async.py
[2024-10-20T19:21:23.367-0300] {processor.py:914} INFO - Processing file /mnt/c/Users/Pato_/OneDrive/Documentos/ITBA/PYTHON_DATA_APP/itba/lib/python3.10/site-packages/airflow/example_dags/example_time_delta_sensor_async.py for tasks to queue
[2024-10-20T19:21:23.369-0300] {logging_mixin.py:190} INFO - [2024-10-20T19:21:23.369-0300] {dagbag.py:588} INFO - Filling up the DagBag from /mnt/c/Users/Pato_/OneDrive/Documentos/ITBA/PYTHON_DATA_APP/itba/lib/python3.10/site-packages/airflow/example_dags/example_time_delta_sensor_async.py
[2024-10-20T19:21:23.409-0300] {processor.py:925} INFO - DAG(s) 'example_time_delta_sensor_async' retrieved from /mnt/c/Users/Pato_/OneDrive/Documentos/ITBA/PYTHON_DATA_APP/itba/lib/python3.10/site-packages/airflow/example_dags/example_time_delta_sensor_async.py
[2024-10-20T19:21:23.424-0300] {logging_mixin.py:190} INFO - [2024-10-20T19:21:23.423-0300] {dag.py:3239} INFO - Sync 1 DAGs
[2024-10-20T19:21:23.433-0300] {logging_mixin.py:190} INFO - [2024-10-20T19:21:23.432-0300] {dag.py:4180} INFO - Setting next_dagrun for example_time_delta_sensor_async to None, run_after=None
[2024-10-20T19:21:23.463-0300] {processor.py:208} INFO - Processing /mnt/c/Users/Pato_/OneDrive/Documentos/ITBA/PYTHON_DATA_APP/itba/lib/python3.10/site-packages/airflow/example_dags/example_time_delta_sensor_async.py took 0.104 seconds
[2024-10-20T19:22:29.764-0300] {processor.py:186} INFO - Started process (PID=310660) to work on /mnt/c/Users/Pato_/OneDrive/Documentos/ITBA/PYTHON_DATA_APP/itba/lib/python3.10/site-packages/airflow/example_dags/example_time_delta_sensor_async.py
[2024-10-20T19:22:29.765-0300] {processor.py:914} INFO - Processing file /mnt/c/Users/Pato_/OneDrive/Documentos/ITBA/PYTHON_DATA_APP/itba/lib/python3.10/site-packages/airflow/example_dags/example_time_delta_sensor_async.py for tasks to queue
[2024-10-20T19:22:29.767-0300] {logging_mixin.py:190} INFO - [2024-10-20T19:22:29.767-0300] {dagbag.py:588} INFO - Filling up the DagBag from /mnt/c/Users/Pato_/OneDrive/Documentos/ITBA/PYTHON_DATA_APP/itba/lib/python3.10/site-packages/airflow/example_dags/example_time_delta_sensor_async.py
[2024-10-20T19:22:29.806-0300] {processor.py:925} INFO - DAG(s) 'example_time_delta_sensor_async' retrieved from /mnt/c/Users/Pato_/OneDrive/Documentos/ITBA/PYTHON_DATA_APP/itba/lib/python3.10/site-packages/airflow/example_dags/example_time_delta_sensor_async.py
[2024-10-20T19:22:29.820-0300] {logging_mixin.py:190} INFO - [2024-10-20T19:22:29.820-0300] {dag.py:3239} INFO - Sync 1 DAGs
[2024-10-20T19:22:29.829-0300] {logging_mixin.py:190} INFO - [2024-10-20T19:22:29.828-0300] {dag.py:4180} INFO - Setting next_dagrun for example_time_delta_sensor_async to None, run_after=None
[2024-10-20T19:22:29.858-0300] {processor.py:208} INFO - Processing /mnt/c/Users/Pato_/OneDrive/Documentos/ITBA/PYTHON_DATA_APP/itba/lib/python3.10/site-packages/airflow/example_dags/example_time_delta_sensor_async.py took 0.101 seconds
[2024-10-20T19:23:31.816-0300] {processor.py:186} INFO - Started process (PID=311296) to work on /mnt/c/Users/Pato_/OneDrive/Documentos/ITBA/PYTHON_DATA_APP/itba/lib/python3.10/site-packages/airflow/example_dags/example_time_delta_sensor_async.py
[2024-10-20T19:23:31.817-0300] {processor.py:914} INFO - Processing file /mnt/c/Users/Pato_/OneDrive/Documentos/ITBA/PYTHON_DATA_APP/itba/lib/python3.10/site-packages/airflow/example_dags/example_time_delta_sensor_async.py for tasks to queue
[2024-10-20T19:23:31.820-0300] {logging_mixin.py:190} INFO - [2024-10-20T19:23:31.819-0300] {dagbag.py:588} INFO - Filling up the DagBag from /mnt/c/Users/Pato_/OneDrive/Documentos/ITBA/PYTHON_DATA_APP/itba/lib/python3.10/site-packages/airflow/example_dags/example_time_delta_sensor_async.py
[2024-10-20T19:23:31.860-0300] {processor.py:925} INFO - DAG(s) 'example_time_delta_sensor_async' retrieved from /mnt/c/Users/Pato_/OneDrive/Documentos/ITBA/PYTHON_DATA_APP/itba/lib/python3.10/site-packages/airflow/example_dags/example_time_delta_sensor_async.py
[2024-10-20T19:23:31.875-0300] {logging_mixin.py:190} INFO - [2024-10-20T19:23:31.874-0300] {dag.py:3239} INFO - Sync 1 DAGs
[2024-10-20T19:23:31.883-0300] {logging_mixin.py:190} INFO - [2024-10-20T19:23:31.883-0300] {dag.py:4180} INFO - Setting next_dagrun for example_time_delta_sensor_async to None, run_after=None
[2024-10-20T19:23:31.912-0300] {processor.py:208} INFO - Processing /mnt/c/Users/Pato_/OneDrive/Documentos/ITBA/PYTHON_DATA_APP/itba/lib/python3.10/site-packages/airflow/example_dags/example_time_delta_sensor_async.py took 0.103 seconds
[2024-10-20T19:24:37.556-0300] {processor.py:186} INFO - Started process (PID=312239) to work on /mnt/c/Users/Pato_/OneDrive/Documentos/ITBA/PYTHON_DATA_APP/itba/lib/python3.10/site-packages/airflow/example_dags/example_time_delta_sensor_async.py
[2024-10-20T19:24:37.557-0300] {processor.py:914} INFO - Processing file /mnt/c/Users/Pato_/OneDrive/Documentos/ITBA/PYTHON_DATA_APP/itba/lib/python3.10/site-packages/airflow/example_dags/example_time_delta_sensor_async.py for tasks to queue
[2024-10-20T19:24:37.560-0300] {logging_mixin.py:190} INFO - [2024-10-20T19:24:37.559-0300] {dagbag.py:588} INFO - Filling up the DagBag from /mnt/c/Users/Pato_/OneDrive/Documentos/ITBA/PYTHON_DATA_APP/itba/lib/python3.10/site-packages/airflow/example_dags/example_time_delta_sensor_async.py
[2024-10-20T19:24:37.602-0300] {processor.py:925} INFO - DAG(s) 'example_time_delta_sensor_async' retrieved from /mnt/c/Users/Pato_/OneDrive/Documentos/ITBA/PYTHON_DATA_APP/itba/lib/python3.10/site-packages/airflow/example_dags/example_time_delta_sensor_async.py
[2024-10-20T19:24:37.617-0300] {logging_mixin.py:190} INFO - [2024-10-20T19:24:37.617-0300] {dag.py:3239} INFO - Sync 1 DAGs
[2024-10-20T19:24:37.627-0300] {logging_mixin.py:190} INFO - [2024-10-20T19:24:37.626-0300] {dag.py:4180} INFO - Setting next_dagrun for example_time_delta_sensor_async to None, run_after=None
[2024-10-20T19:24:37.657-0300] {processor.py:208} INFO - Processing /mnt/c/Users/Pato_/OneDrive/Documentos/ITBA/PYTHON_DATA_APP/itba/lib/python3.10/site-packages/airflow/example_dags/example_time_delta_sensor_async.py took 0.108 seconds
[2024-10-20T19:26:17.229-0300] {processor.py:186} INFO - Started process (PID=313549) to work on /mnt/c/Users/Pato_/OneDrive/Documentos/ITBA/PYTHON_DATA_APP/itba/lib/python3.10/site-packages/airflow/example_dags/example_time_delta_sensor_async.py
[2024-10-20T19:26:17.230-0300] {processor.py:914} INFO - Processing file /mnt/c/Users/Pato_/OneDrive/Documentos/ITBA/PYTHON_DATA_APP/itba/lib/python3.10/site-packages/airflow/example_dags/example_time_delta_sensor_async.py for tasks to queue
[2024-10-20T19:26:17.232-0300] {logging_mixin.py:190} INFO - [2024-10-20T19:26:17.232-0300] {dagbag.py:588} INFO - Filling up the DagBag from /mnt/c/Users/Pato_/OneDrive/Documentos/ITBA/PYTHON_DATA_APP/itba/lib/python3.10/site-packages/airflow/example_dags/example_time_delta_sensor_async.py
[2024-10-20T19:26:17.271-0300] {processor.py:925} INFO - DAG(s) 'example_time_delta_sensor_async' retrieved from /mnt/c/Users/Pato_/OneDrive/Documentos/ITBA/PYTHON_DATA_APP/itba/lib/python3.10/site-packages/airflow/example_dags/example_time_delta_sensor_async.py
[2024-10-20T19:26:17.285-0300] {logging_mixin.py:190} INFO - [2024-10-20T19:26:17.285-0300] {dag.py:3239} INFO - Sync 1 DAGs
[2024-10-20T19:26:17.294-0300] {logging_mixin.py:190} INFO - [2024-10-20T19:26:17.294-0300] {dag.py:4180} INFO - Setting next_dagrun for example_time_delta_sensor_async to None, run_after=None
[2024-10-20T19:26:17.323-0300] {processor.py:208} INFO - Processing /mnt/c/Users/Pato_/OneDrive/Documentos/ITBA/PYTHON_DATA_APP/itba/lib/python3.10/site-packages/airflow/example_dags/example_time_delta_sensor_async.py took 0.101 seconds
[2024-10-20T19:27:22.273-0300] {processor.py:186} INFO - Started process (PID=314314) to work on /mnt/c/Users/Pato_/OneDrive/Documentos/ITBA/PYTHON_DATA_APP/itba/lib/python3.10/site-packages/airflow/example_dags/example_time_delta_sensor_async.py
[2024-10-20T19:27:22.274-0300] {processor.py:914} INFO - Processing file /mnt/c/Users/Pato_/OneDrive/Documentos/ITBA/PYTHON_DATA_APP/itba/lib/python3.10/site-packages/airflow/example_dags/example_time_delta_sensor_async.py for tasks to queue
[2024-10-20T19:27:22.276-0300] {logging_mixin.py:190} INFO - [2024-10-20T19:27:22.275-0300] {dagbag.py:588} INFO - Filling up the DagBag from /mnt/c/Users/Pato_/OneDrive/Documentos/ITBA/PYTHON_DATA_APP/itba/lib/python3.10/site-packages/airflow/example_dags/example_time_delta_sensor_async.py
[2024-10-20T19:27:22.314-0300] {processor.py:925} INFO - DAG(s) 'example_time_delta_sensor_async' retrieved from /mnt/c/Users/Pato_/OneDrive/Documentos/ITBA/PYTHON_DATA_APP/itba/lib/python3.10/site-packages/airflow/example_dags/example_time_delta_sensor_async.py
[2024-10-20T19:27:22.328-0300] {logging_mixin.py:190} INFO - [2024-10-20T19:27:22.327-0300] {dag.py:3239} INFO - Sync 1 DAGs
[2024-10-20T19:27:22.336-0300] {logging_mixin.py:190} INFO - [2024-10-20T19:27:22.336-0300] {dag.py:4180} INFO - Setting next_dagrun for example_time_delta_sensor_async to None, run_after=None
[2024-10-20T19:27:22.365-0300] {processor.py:208} INFO - Processing /mnt/c/Users/Pato_/OneDrive/Documentos/ITBA/PYTHON_DATA_APP/itba/lib/python3.10/site-packages/airflow/example_dags/example_time_delta_sensor_async.py took 0.099 seconds
[2024-10-20T19:28:28.735-0300] {processor.py:186} INFO - Started process (PID=315096) to work on /mnt/c/Users/Pato_/OneDrive/Documentos/ITBA/PYTHON_DATA_APP/itba/lib/python3.10/site-packages/airflow/example_dags/example_time_delta_sensor_async.py
[2024-10-20T19:28:28.736-0300] {processor.py:914} INFO - Processing file /mnt/c/Users/Pato_/OneDrive/Documentos/ITBA/PYTHON_DATA_APP/itba/lib/python3.10/site-packages/airflow/example_dags/example_time_delta_sensor_async.py for tasks to queue
[2024-10-20T19:28:28.739-0300] {logging_mixin.py:190} INFO - [2024-10-20T19:28:28.738-0300] {dagbag.py:588} INFO - Filling up the DagBag from /mnt/c/Users/Pato_/OneDrive/Documentos/ITBA/PYTHON_DATA_APP/itba/lib/python3.10/site-packages/airflow/example_dags/example_time_delta_sensor_async.py
[2024-10-20T19:28:28.778-0300] {processor.py:925} INFO - DAG(s) 'example_time_delta_sensor_async' retrieved from /mnt/c/Users/Pato_/OneDrive/Documentos/ITBA/PYTHON_DATA_APP/itba/lib/python3.10/site-packages/airflow/example_dags/example_time_delta_sensor_async.py
[2024-10-20T19:28:28.793-0300] {logging_mixin.py:190} INFO - [2024-10-20T19:28:28.793-0300] {dag.py:3239} INFO - Sync 1 DAGs
[2024-10-20T19:28:28.802-0300] {logging_mixin.py:190} INFO - [2024-10-20T19:28:28.801-0300] {dag.py:4180} INFO - Setting next_dagrun for example_time_delta_sensor_async to None, run_after=None
[2024-10-20T19:28:28.830-0300] {processor.py:208} INFO - Processing /mnt/c/Users/Pato_/OneDrive/Documentos/ITBA/PYTHON_DATA_APP/itba/lib/python3.10/site-packages/airflow/example_dags/example_time_delta_sensor_async.py took 0.103 seconds
[2024-10-20T19:29:36.488-0300] {processor.py:186} INFO - Started process (PID=315906) to work on /mnt/c/Users/Pato_/OneDrive/Documentos/ITBA/PYTHON_DATA_APP/itba/lib/python3.10/site-packages/airflow/example_dags/example_time_delta_sensor_async.py
[2024-10-20T19:29:36.489-0300] {processor.py:914} INFO - Processing file /mnt/c/Users/Pato_/OneDrive/Documentos/ITBA/PYTHON_DATA_APP/itba/lib/python3.10/site-packages/airflow/example_dags/example_time_delta_sensor_async.py for tasks to queue
[2024-10-20T19:29:36.492-0300] {logging_mixin.py:190} INFO - [2024-10-20T19:29:36.491-0300] {dagbag.py:588} INFO - Filling up the DagBag from /mnt/c/Users/Pato_/OneDrive/Documentos/ITBA/PYTHON_DATA_APP/itba/lib/python3.10/site-packages/airflow/example_dags/example_time_delta_sensor_async.py
[2024-10-20T19:29:36.542-0300] {processor.py:925} INFO - DAG(s) 'example_time_delta_sensor_async' retrieved from /mnt/c/Users/Pato_/OneDrive/Documentos/ITBA/PYTHON_DATA_APP/itba/lib/python3.10/site-packages/airflow/example_dags/example_time_delta_sensor_async.py
[2024-10-20T19:29:36.558-0300] {logging_mixin.py:190} INFO - [2024-10-20T19:29:36.557-0300] {dag.py:3239} INFO - Sync 1 DAGs
[2024-10-20T19:29:36.568-0300] {logging_mixin.py:190} INFO - [2024-10-20T19:29:36.568-0300] {dag.py:4180} INFO - Setting next_dagrun for example_time_delta_sensor_async to None, run_after=None
[2024-10-20T19:29:36.606-0300] {processor.py:208} INFO - Processing /mnt/c/Users/Pato_/OneDrive/Documentos/ITBA/PYTHON_DATA_APP/itba/lib/python3.10/site-packages/airflow/example_dags/example_time_delta_sensor_async.py took 0.126 seconds
[2024-10-20T19:30:48.811-0300] {processor.py:186} INFO - Started process (PID=316498) to work on /mnt/c/Users/Pato_/OneDrive/Documentos/ITBA/PYTHON_DATA_APP/itba/lib/python3.10/site-packages/airflow/example_dags/example_time_delta_sensor_async.py
[2024-10-20T19:30:48.812-0300] {processor.py:914} INFO - Processing file /mnt/c/Users/Pato_/OneDrive/Documentos/ITBA/PYTHON_DATA_APP/itba/lib/python3.10/site-packages/airflow/example_dags/example_time_delta_sensor_async.py for tasks to queue
[2024-10-20T19:30:48.814-0300] {logging_mixin.py:190} INFO - [2024-10-20T19:30:48.813-0300] {dagbag.py:588} INFO - Filling up the DagBag from /mnt/c/Users/Pato_/OneDrive/Documentos/ITBA/PYTHON_DATA_APP/itba/lib/python3.10/site-packages/airflow/example_dags/example_time_delta_sensor_async.py
[2024-10-20T19:30:48.853-0300] {processor.py:925} INFO - DAG(s) 'example_time_delta_sensor_async' retrieved from /mnt/c/Users/Pato_/OneDrive/Documentos/ITBA/PYTHON_DATA_APP/itba/lib/python3.10/site-packages/airflow/example_dags/example_time_delta_sensor_async.py
[2024-10-20T19:30:48.868-0300] {logging_mixin.py:190} INFO - [2024-10-20T19:30:48.867-0300] {dag.py:3239} INFO - Sync 1 DAGs
[2024-10-20T19:30:48.877-0300] {logging_mixin.py:190} INFO - [2024-10-20T19:30:48.876-0300] {dag.py:4180} INFO - Setting next_dagrun for example_time_delta_sensor_async to None, run_after=None
[2024-10-20T19:30:48.906-0300] {processor.py:208} INFO - Processing /mnt/c/Users/Pato_/OneDrive/Documentos/ITBA/PYTHON_DATA_APP/itba/lib/python3.10/site-packages/airflow/example_dags/example_time_delta_sensor_async.py took 0.102 seconds
[2024-10-20T19:31:54.698-0300] {processor.py:186} INFO - Started process (PID=317011) to work on /mnt/c/Users/Pato_/OneDrive/Documentos/ITBA/PYTHON_DATA_APP/itba/lib/python3.10/site-packages/airflow/example_dags/example_time_delta_sensor_async.py
[2024-10-20T19:31:54.698-0300] {processor.py:914} INFO - Processing file /mnt/c/Users/Pato_/OneDrive/Documentos/ITBA/PYTHON_DATA_APP/itba/lib/python3.10/site-packages/airflow/example_dags/example_time_delta_sensor_async.py for tasks to queue
[2024-10-20T19:31:54.701-0300] {logging_mixin.py:190} INFO - [2024-10-20T19:31:54.700-0300] {dagbag.py:588} INFO - Filling up the DagBag from /mnt/c/Users/Pato_/OneDrive/Documentos/ITBA/PYTHON_DATA_APP/itba/lib/python3.10/site-packages/airflow/example_dags/example_time_delta_sensor_async.py
[2024-10-20T19:31:54.740-0300] {processor.py:925} INFO - DAG(s) 'example_time_delta_sensor_async' retrieved from /mnt/c/Users/Pato_/OneDrive/Documentos/ITBA/PYTHON_DATA_APP/itba/lib/python3.10/site-packages/airflow/example_dags/example_time_delta_sensor_async.py
[2024-10-20T19:31:54.754-0300] {logging_mixin.py:190} INFO - [2024-10-20T19:31:54.754-0300] {dag.py:3239} INFO - Sync 1 DAGs
[2024-10-20T19:31:54.763-0300] {logging_mixin.py:190} INFO - [2024-10-20T19:31:54.763-0300] {dag.py:4180} INFO - Setting next_dagrun for example_time_delta_sensor_async to None, run_after=None
[2024-10-20T19:31:54.792-0300] {processor.py:208} INFO - Processing /mnt/c/Users/Pato_/OneDrive/Documentos/ITBA/PYTHON_DATA_APP/itba/lib/python3.10/site-packages/airflow/example_dags/example_time_delta_sensor_async.py took 0.101 seconds
[2024-10-20T19:33:02.528-0300] {processor.py:186} INFO - Started process (PID=317576) to work on /mnt/c/Users/Pato_/OneDrive/Documentos/ITBA/PYTHON_DATA_APP/itba/lib/python3.10/site-packages/airflow/example_dags/example_time_delta_sensor_async.py
[2024-10-20T19:33:02.529-0300] {processor.py:914} INFO - Processing file /mnt/c/Users/Pato_/OneDrive/Documentos/ITBA/PYTHON_DATA_APP/itba/lib/python3.10/site-packages/airflow/example_dags/example_time_delta_sensor_async.py for tasks to queue
[2024-10-20T19:33:02.531-0300] {logging_mixin.py:190} INFO - [2024-10-20T19:33:02.531-0300] {dagbag.py:588} INFO - Filling up the DagBag from /mnt/c/Users/Pato_/OneDrive/Documentos/ITBA/PYTHON_DATA_APP/itba/lib/python3.10/site-packages/airflow/example_dags/example_time_delta_sensor_async.py
[2024-10-20T19:33:02.570-0300] {processor.py:925} INFO - DAG(s) 'example_time_delta_sensor_async' retrieved from /mnt/c/Users/Pato_/OneDrive/Documentos/ITBA/PYTHON_DATA_APP/itba/lib/python3.10/site-packages/airflow/example_dags/example_time_delta_sensor_async.py
[2024-10-20T19:33:02.585-0300] {logging_mixin.py:190} INFO - [2024-10-20T19:33:02.584-0300] {dag.py:3239} INFO - Sync 1 DAGs
[2024-10-20T19:33:02.594-0300] {logging_mixin.py:190} INFO - [2024-10-20T19:33:02.593-0300] {dag.py:4180} INFO - Setting next_dagrun for example_time_delta_sensor_async to None, run_after=None
[2024-10-20T19:33:02.622-0300] {processor.py:208} INFO - Processing /mnt/c/Users/Pato_/OneDrive/Documentos/ITBA/PYTHON_DATA_APP/itba/lib/python3.10/site-packages/airflow/example_dags/example_time_delta_sensor_async.py took 0.101 seconds
[2024-10-20T19:34:07.915-0300] {processor.py:186} INFO - Started process (PID=318218) to work on /mnt/c/Users/Pato_/OneDrive/Documentos/ITBA/PYTHON_DATA_APP/itba/lib/python3.10/site-packages/airflow/example_dags/example_time_delta_sensor_async.py
[2024-10-20T19:34:07.916-0300] {processor.py:914} INFO - Processing file /mnt/c/Users/Pato_/OneDrive/Documentos/ITBA/PYTHON_DATA_APP/itba/lib/python3.10/site-packages/airflow/example_dags/example_time_delta_sensor_async.py for tasks to queue
[2024-10-20T19:34:07.918-0300] {logging_mixin.py:190} INFO - [2024-10-20T19:34:07.918-0300] {dagbag.py:588} INFO - Filling up the DagBag from /mnt/c/Users/Pato_/OneDrive/Documentos/ITBA/PYTHON_DATA_APP/itba/lib/python3.10/site-packages/airflow/example_dags/example_time_delta_sensor_async.py
[2024-10-20T19:34:07.957-0300] {processor.py:925} INFO - DAG(s) 'example_time_delta_sensor_async' retrieved from /mnt/c/Users/Pato_/OneDrive/Documentos/ITBA/PYTHON_DATA_APP/itba/lib/python3.10/site-packages/airflow/example_dags/example_time_delta_sensor_async.py
[2024-10-20T19:34:07.973-0300] {logging_mixin.py:190} INFO - [2024-10-20T19:34:07.973-0300] {dag.py:3239} INFO - Sync 1 DAGs
[2024-10-20T19:34:07.983-0300] {logging_mixin.py:190} INFO - [2024-10-20T19:34:07.982-0300] {dag.py:4180} INFO - Setting next_dagrun for example_time_delta_sensor_async to None, run_after=None
[2024-10-20T19:34:08.011-0300] {processor.py:208} INFO - Processing /mnt/c/Users/Pato_/OneDrive/Documentos/ITBA/PYTHON_DATA_APP/itba/lib/python3.10/site-packages/airflow/example_dags/example_time_delta_sensor_async.py took 0.103 seconds
[2024-10-20T19:35:17.311-0300] {processor.py:186} INFO - Started process (PID=319019) to work on /mnt/c/Users/Pato_/OneDrive/Documentos/ITBA/PYTHON_DATA_APP/itba/lib/python3.10/site-packages/airflow/example_dags/example_time_delta_sensor_async.py
[2024-10-20T19:35:17.312-0300] {processor.py:914} INFO - Processing file /mnt/c/Users/Pato_/OneDrive/Documentos/ITBA/PYTHON_DATA_APP/itba/lib/python3.10/site-packages/airflow/example_dags/example_time_delta_sensor_async.py for tasks to queue
[2024-10-20T19:35:17.314-0300] {logging_mixin.py:190} INFO - [2024-10-20T19:35:17.313-0300] {dagbag.py:588} INFO - Filling up the DagBag from /mnt/c/Users/Pato_/OneDrive/Documentos/ITBA/PYTHON_DATA_APP/itba/lib/python3.10/site-packages/airflow/example_dags/example_time_delta_sensor_async.py
[2024-10-20T19:35:17.356-0300] {processor.py:925} INFO - DAG(s) 'example_time_delta_sensor_async' retrieved from /mnt/c/Users/Pato_/OneDrive/Documentos/ITBA/PYTHON_DATA_APP/itba/lib/python3.10/site-packages/airflow/example_dags/example_time_delta_sensor_async.py
[2024-10-20T19:35:17.372-0300] {logging_mixin.py:190} INFO - [2024-10-20T19:35:17.371-0300] {dag.py:3239} INFO - Sync 1 DAGs
[2024-10-20T19:35:17.381-0300] {logging_mixin.py:190} INFO - [2024-10-20T19:35:17.380-0300] {dag.py:4180} INFO - Setting next_dagrun for example_time_delta_sensor_async to None, run_after=None
[2024-10-20T19:35:17.413-0300] {processor.py:208} INFO - Processing /mnt/c/Users/Pato_/OneDrive/Documentos/ITBA/PYTHON_DATA_APP/itba/lib/python3.10/site-packages/airflow/example_dags/example_time_delta_sensor_async.py took 0.109 seconds
[2024-10-20T19:36:27.919-0300] {processor.py:186} INFO - Started process (PID=319573) to work on /mnt/c/Users/Pato_/OneDrive/Documentos/ITBA/PYTHON_DATA_APP/itba/lib/python3.10/site-packages/airflow/example_dags/example_time_delta_sensor_async.py
[2024-10-20T19:36:27.920-0300] {processor.py:914} INFO - Processing file /mnt/c/Users/Pato_/OneDrive/Documentos/ITBA/PYTHON_DATA_APP/itba/lib/python3.10/site-packages/airflow/example_dags/example_time_delta_sensor_async.py for tasks to queue
[2024-10-20T19:36:27.922-0300] {logging_mixin.py:190} INFO - [2024-10-20T19:36:27.922-0300] {dagbag.py:588} INFO - Filling up the DagBag from /mnt/c/Users/Pato_/OneDrive/Documentos/ITBA/PYTHON_DATA_APP/itba/lib/python3.10/site-packages/airflow/example_dags/example_time_delta_sensor_async.py
[2024-10-20T19:36:27.961-0300] {processor.py:925} INFO - DAG(s) 'example_time_delta_sensor_async' retrieved from /mnt/c/Users/Pato_/OneDrive/Documentos/ITBA/PYTHON_DATA_APP/itba/lib/python3.10/site-packages/airflow/example_dags/example_time_delta_sensor_async.py
[2024-10-20T19:36:27.976-0300] {logging_mixin.py:190} INFO - [2024-10-20T19:36:27.975-0300] {dag.py:3239} INFO - Sync 1 DAGs
[2024-10-20T19:36:27.984-0300] {logging_mixin.py:190} INFO - [2024-10-20T19:36:27.983-0300] {dag.py:4180} INFO - Setting next_dagrun for example_time_delta_sensor_async to None, run_after=None
[2024-10-20T19:36:28.013-0300] {processor.py:208} INFO - Processing /mnt/c/Users/Pato_/OneDrive/Documentos/ITBA/PYTHON_DATA_APP/itba/lib/python3.10/site-packages/airflow/example_dags/example_time_delta_sensor_async.py took 0.100 seconds
[2024-10-20T19:37:35.456-0300] {processor.py:186} INFO - Started process (PID=320099) to work on /mnt/c/Users/Pato_/OneDrive/Documentos/ITBA/PYTHON_DATA_APP/itba/lib/python3.10/site-packages/airflow/example_dags/example_time_delta_sensor_async.py
[2024-10-20T19:37:35.457-0300] {processor.py:914} INFO - Processing file /mnt/c/Users/Pato_/OneDrive/Documentos/ITBA/PYTHON_DATA_APP/itba/lib/python3.10/site-packages/airflow/example_dags/example_time_delta_sensor_async.py for tasks to queue
[2024-10-20T19:37:35.459-0300] {logging_mixin.py:190} INFO - [2024-10-20T19:37:35.458-0300] {dagbag.py:588} INFO - Filling up the DagBag from /mnt/c/Users/Pato_/OneDrive/Documentos/ITBA/PYTHON_DATA_APP/itba/lib/python3.10/site-packages/airflow/example_dags/example_time_delta_sensor_async.py
[2024-10-20T19:37:35.497-0300] {processor.py:925} INFO - DAG(s) 'example_time_delta_sensor_async' retrieved from /mnt/c/Users/Pato_/OneDrive/Documentos/ITBA/PYTHON_DATA_APP/itba/lib/python3.10/site-packages/airflow/example_dags/example_time_delta_sensor_async.py
[2024-10-20T19:37:35.511-0300] {logging_mixin.py:190} INFO - [2024-10-20T19:37:35.511-0300] {dag.py:3239} INFO - Sync 1 DAGs
[2024-10-20T19:37:35.520-0300] {logging_mixin.py:190} INFO - [2024-10-20T19:37:35.520-0300] {dag.py:4180} INFO - Setting next_dagrun for example_time_delta_sensor_async to None, run_after=None
[2024-10-20T19:37:35.549-0300] {processor.py:208} INFO - Processing /mnt/c/Users/Pato_/OneDrive/Documentos/ITBA/PYTHON_DATA_APP/itba/lib/python3.10/site-packages/airflow/example_dags/example_time_delta_sensor_async.py took 0.100 seconds
[2024-10-20T19:38:40.415-0300] {processor.py:186} INFO - Started process (PID=320608) to work on /mnt/c/Users/Pato_/OneDrive/Documentos/ITBA/PYTHON_DATA_APP/itba/lib/python3.10/site-packages/airflow/example_dags/example_time_delta_sensor_async.py
[2024-10-20T19:38:40.416-0300] {processor.py:914} INFO - Processing file /mnt/c/Users/Pato_/OneDrive/Documentos/ITBA/PYTHON_DATA_APP/itba/lib/python3.10/site-packages/airflow/example_dags/example_time_delta_sensor_async.py for tasks to queue
[2024-10-20T19:38:40.419-0300] {logging_mixin.py:190} INFO - [2024-10-20T19:38:40.418-0300] {dagbag.py:588} INFO - Filling up the DagBag from /mnt/c/Users/Pato_/OneDrive/Documentos/ITBA/PYTHON_DATA_APP/itba/lib/python3.10/site-packages/airflow/example_dags/example_time_delta_sensor_async.py
[2024-10-20T19:38:40.458-0300] {processor.py:925} INFO - DAG(s) 'example_time_delta_sensor_async' retrieved from /mnt/c/Users/Pato_/OneDrive/Documentos/ITBA/PYTHON_DATA_APP/itba/lib/python3.10/site-packages/airflow/example_dags/example_time_delta_sensor_async.py
[2024-10-20T19:38:40.473-0300] {logging_mixin.py:190} INFO - [2024-10-20T19:38:40.472-0300] {dag.py:3239} INFO - Sync 1 DAGs
[2024-10-20T19:38:40.482-0300] {logging_mixin.py:190} INFO - [2024-10-20T19:38:40.481-0300] {dag.py:4180} INFO - Setting next_dagrun for example_time_delta_sensor_async to None, run_after=None
[2024-10-20T19:38:40.511-0300] {processor.py:208} INFO - Processing /mnt/c/Users/Pato_/OneDrive/Documentos/ITBA/PYTHON_DATA_APP/itba/lib/python3.10/site-packages/airflow/example_dags/example_time_delta_sensor_async.py took 0.102 seconds
[2024-10-20T19:39:48.187-0300] {processor.py:186} INFO - Started process (PID=321214) to work on /mnt/c/Users/Pato_/OneDrive/Documentos/ITBA/PYTHON_DATA_APP/itba/lib/python3.10/site-packages/airflow/example_dags/example_time_delta_sensor_async.py
[2024-10-20T19:39:48.188-0300] {processor.py:914} INFO - Processing file /mnt/c/Users/Pato_/OneDrive/Documentos/ITBA/PYTHON_DATA_APP/itba/lib/python3.10/site-packages/airflow/example_dags/example_time_delta_sensor_async.py for tasks to queue
[2024-10-20T19:39:48.190-0300] {logging_mixin.py:190} INFO - [2024-10-20T19:39:48.190-0300] {dagbag.py:588} INFO - Filling up the DagBag from /mnt/c/Users/Pato_/OneDrive/Documentos/ITBA/PYTHON_DATA_APP/itba/lib/python3.10/site-packages/airflow/example_dags/example_time_delta_sensor_async.py
[2024-10-20T19:39:48.230-0300] {processor.py:925} INFO - DAG(s) 'example_time_delta_sensor_async' retrieved from /mnt/c/Users/Pato_/OneDrive/Documentos/ITBA/PYTHON_DATA_APP/itba/lib/python3.10/site-packages/airflow/example_dags/example_time_delta_sensor_async.py
[2024-10-20T19:39:48.244-0300] {logging_mixin.py:190} INFO - [2024-10-20T19:39:48.243-0300] {dag.py:3239} INFO - Sync 1 DAGs
[2024-10-20T19:39:48.252-0300] {logging_mixin.py:190} INFO - [2024-10-20T19:39:48.252-0300] {dag.py:4180} INFO - Setting next_dagrun for example_time_delta_sensor_async to None, run_after=None
[2024-10-20T19:39:48.282-0300] {processor.py:208} INFO - Processing /mnt/c/Users/Pato_/OneDrive/Documentos/ITBA/PYTHON_DATA_APP/itba/lib/python3.10/site-packages/airflow/example_dags/example_time_delta_sensor_async.py took 0.102 seconds
[2024-10-20T19:40:52.474-0300] {processor.py:186} INFO - Started process (PID=322024) to work on /mnt/c/Users/Pato_/OneDrive/Documentos/ITBA/PYTHON_DATA_APP/itba/lib/python3.10/site-packages/airflow/example_dags/example_time_delta_sensor_async.py
[2024-10-20T19:40:52.475-0300] {processor.py:914} INFO - Processing file /mnt/c/Users/Pato_/OneDrive/Documentos/ITBA/PYTHON_DATA_APP/itba/lib/python3.10/site-packages/airflow/example_dags/example_time_delta_sensor_async.py for tasks to queue
[2024-10-20T19:40:52.478-0300] {logging_mixin.py:190} INFO - [2024-10-20T19:40:52.477-0300] {dagbag.py:588} INFO - Filling up the DagBag from /mnt/c/Users/Pato_/OneDrive/Documentos/ITBA/PYTHON_DATA_APP/itba/lib/python3.10/site-packages/airflow/example_dags/example_time_delta_sensor_async.py
[2024-10-20T19:40:52.516-0300] {processor.py:925} INFO - DAG(s) 'example_time_delta_sensor_async' retrieved from /mnt/c/Users/Pato_/OneDrive/Documentos/ITBA/PYTHON_DATA_APP/itba/lib/python3.10/site-packages/airflow/example_dags/example_time_delta_sensor_async.py
[2024-10-20T19:40:52.530-0300] {logging_mixin.py:190} INFO - [2024-10-20T19:40:52.530-0300] {dag.py:3239} INFO - Sync 1 DAGs
[2024-10-20T19:40:52.539-0300] {logging_mixin.py:190} INFO - [2024-10-20T19:40:52.538-0300] {dag.py:4180} INFO - Setting next_dagrun for example_time_delta_sensor_async to None, run_after=None
[2024-10-20T19:40:52.568-0300] {processor.py:208} INFO - Processing /mnt/c/Users/Pato_/OneDrive/Documentos/ITBA/PYTHON_DATA_APP/itba/lib/python3.10/site-packages/airflow/example_dags/example_time_delta_sensor_async.py took 0.100 seconds
[2024-10-20T19:42:00.484-0300] {processor.py:186} INFO - Started process (PID=322553) to work on /mnt/c/Users/Pato_/OneDrive/Documentos/ITBA/PYTHON_DATA_APP/itba/lib/python3.10/site-packages/airflow/example_dags/example_time_delta_sensor_async.py
[2024-10-20T19:42:00.485-0300] {processor.py:914} INFO - Processing file /mnt/c/Users/Pato_/OneDrive/Documentos/ITBA/PYTHON_DATA_APP/itba/lib/python3.10/site-packages/airflow/example_dags/example_time_delta_sensor_async.py for tasks to queue
[2024-10-20T19:42:00.487-0300] {logging_mixin.py:190} INFO - [2024-10-20T19:42:00.487-0300] {dagbag.py:588} INFO - Filling up the DagBag from /mnt/c/Users/Pato_/OneDrive/Documentos/ITBA/PYTHON_DATA_APP/itba/lib/python3.10/site-packages/airflow/example_dags/example_time_delta_sensor_async.py
[2024-10-20T19:42:00.528-0300] {processor.py:925} INFO - DAG(s) 'example_time_delta_sensor_async' retrieved from /mnt/c/Users/Pato_/OneDrive/Documentos/ITBA/PYTHON_DATA_APP/itba/lib/python3.10/site-packages/airflow/example_dags/example_time_delta_sensor_async.py
[2024-10-20T19:42:00.543-0300] {logging_mixin.py:190} INFO - [2024-10-20T19:42:00.542-0300] {dag.py:3239} INFO - Sync 1 DAGs
[2024-10-20T19:42:00.552-0300] {logging_mixin.py:190} INFO - [2024-10-20T19:42:00.551-0300] {dag.py:4180} INFO - Setting next_dagrun for example_time_delta_sensor_async to None, run_after=None
[2024-10-20T19:42:00.582-0300] {processor.py:208} INFO - Processing /mnt/c/Users/Pato_/OneDrive/Documentos/ITBA/PYTHON_DATA_APP/itba/lib/python3.10/site-packages/airflow/example_dags/example_time_delta_sensor_async.py took 0.105 seconds
