[2024-10-20T19:00:49.153-0300] {processor.py:186} INFO - Started process (PID=298876) to work on /mnt/c/Users/Pato_/OneDrive/Documentos/ITBA/PYTHON_DATA_APP/itba/lib/python3.10/site-packages/airflow/example_dags/example_outlet_event_extra.py
[2024-10-20T19:00:49.154-0300] {processor.py:914} INFO - Processing file /mnt/c/Users/Pato_/OneDrive/Documentos/ITBA/PYTHON_DATA_APP/itba/lib/python3.10/site-packages/airflow/example_dags/example_outlet_event_extra.py for tasks to queue
[2024-10-20T19:00:49.156-0300] {logging_mixin.py:190} INFO - [2024-10-20T19:00:49.155-0300] {dagbag.py:588} INFO - Filling up the DagBag from /mnt/c/Users/Pato_/OneDrive/Documentos/ITBA/PYTHON_DATA_APP/itba/lib/python3.10/site-packages/airflow/example_dags/example_outlet_event_extra.py
[2024-10-20T19:00:49.233-0300] {processor.py:925} INFO - DAG(s) 'dataset_with_extra_by_context', 'dataset_with_extra_by_yield', 'dataset_with_extra_from_classic_operator' retrieved from /mnt/c/Users/Pato_/OneDrive/Documentos/ITBA/PYTHON_DATA_APP/itba/lib/python3.10/site-packages/airflow/example_dags/example_outlet_event_extra.py
[2024-10-20T19:00:49.978-0300] {logging_mixin.py:190} INFO - [2024-10-20T19:00:49.977-0300] {override.py:1907} INFO - Created Permission View: can read on DAG:dataset_with_extra_by_context
[2024-10-20T19:00:49.996-0300] {logging_mixin.py:190} INFO - [2024-10-20T19:00:49.996-0300] {override.py:1907} INFO - Created Permission View: can delete on DAG:dataset_with_extra_by_context
[2024-10-20T19:00:50.014-0300] {logging_mixin.py:190} INFO - [2024-10-20T19:00:50.014-0300] {override.py:1907} INFO - Created Permission View: can edit on DAG:dataset_with_extra_by_context
[2024-10-20T19:00:50.042-0300] {logging_mixin.py:190} INFO - [2024-10-20T19:00:50.041-0300] {override.py:1907} INFO - Created Permission View: can read on DAG Run:dataset_with_extra_by_context
[2024-10-20T19:00:50.060-0300] {logging_mixin.py:190} INFO - [2024-10-20T19:00:50.059-0300] {override.py:1907} INFO - Created Permission View: can delete on DAG Run:dataset_with_extra_by_context
[2024-10-20T19:00:50.077-0300] {logging_mixin.py:190} INFO - [2024-10-20T19:00:50.077-0300] {override.py:1907} INFO - Created Permission View: can create on DAG Run:dataset_with_extra_by_context
[2024-10-20T19:00:50.094-0300] {logging_mixin.py:190} INFO - [2024-10-20T19:00:50.094-0300] {override.py:1907} INFO - Created Permission View: menu access on DAG Run:dataset_with_extra_by_context
[2024-10-20T19:00:50.128-0300] {logging_mixin.py:190} INFO - [2024-10-20T19:00:50.128-0300] {override.py:1907} INFO - Created Permission View: can read on DAG:dataset_with_extra_by_yield
[2024-10-20T19:00:50.146-0300] {logging_mixin.py:190} INFO - [2024-10-20T19:00:50.145-0300] {override.py:1907} INFO - Created Permission View: can delete on DAG:dataset_with_extra_by_yield
[2024-10-20T19:00:50.164-0300] {logging_mixin.py:190} INFO - [2024-10-20T19:00:50.164-0300] {override.py:1907} INFO - Created Permission View: can edit on DAG:dataset_with_extra_by_yield
[2024-10-20T19:00:50.192-0300] {logging_mixin.py:190} INFO - [2024-10-20T19:00:50.191-0300] {override.py:1907} INFO - Created Permission View: can read on DAG Run:dataset_with_extra_by_yield
[2024-10-20T19:00:50.209-0300] {logging_mixin.py:190} INFO - [2024-10-20T19:00:50.208-0300] {override.py:1907} INFO - Created Permission View: can delete on DAG Run:dataset_with_extra_by_yield
[2024-10-20T19:00:50.227-0300] {logging_mixin.py:190} INFO - [2024-10-20T19:00:50.226-0300] {override.py:1907} INFO - Created Permission View: can create on DAG Run:dataset_with_extra_by_yield
[2024-10-20T19:00:50.244-0300] {logging_mixin.py:190} INFO - [2024-10-20T19:00:50.243-0300] {override.py:1907} INFO - Created Permission View: menu access on DAG Run:dataset_with_extra_by_yield
[2024-10-20T19:00:50.282-0300] {logging_mixin.py:190} INFO - [2024-10-20T19:00:50.281-0300] {override.py:1907} INFO - Created Permission View: can read on DAG:dataset_with_extra_from_classic_operator
[2024-10-20T19:00:50.299-0300] {logging_mixin.py:190} INFO - [2024-10-20T19:00:50.299-0300] {override.py:1907} INFO - Created Permission View: can delete on DAG:dataset_with_extra_from_classic_operator
[2024-10-20T19:00:50.317-0300] {logging_mixin.py:190} INFO - [2024-10-20T19:00:50.317-0300] {override.py:1907} INFO - Created Permission View: can edit on DAG:dataset_with_extra_from_classic_operator
[2024-10-20T19:00:50.347-0300] {logging_mixin.py:190} INFO - [2024-10-20T19:00:50.346-0300] {override.py:1907} INFO - Created Permission View: can read on DAG Run:dataset_with_extra_from_classic_operator
[2024-10-20T19:00:50.365-0300] {logging_mixin.py:190} INFO - [2024-10-20T19:00:50.364-0300] {override.py:1907} INFO - Created Permission View: can delete on DAG Run:dataset_with_extra_from_classic_operator
[2024-10-20T19:00:50.382-0300] {logging_mixin.py:190} INFO - [2024-10-20T19:00:50.382-0300] {override.py:1907} INFO - Created Permission View: can create on DAG Run:dataset_with_extra_from_classic_operator
[2024-10-20T19:00:50.400-0300] {logging_mixin.py:190} INFO - [2024-10-20T19:00:50.399-0300] {override.py:1907} INFO - Created Permission View: menu access on DAG Run:dataset_with_extra_from_classic_operator
[2024-10-20T19:00:50.401-0300] {logging_mixin.py:190} INFO - [2024-10-20T19:00:50.400-0300] {dag.py:3239} INFO - Sync 3 DAGs
[2024-10-20T19:00:50.411-0300] {logging_mixin.py:190} INFO - [2024-10-20T19:00:50.411-0300] {dag.py:3262} INFO - Creating ORM DAG for dataset_with_extra_by_context
[2024-10-20T19:00:50.412-0300] {logging_mixin.py:190} INFO - [2024-10-20T19:00:50.412-0300] {dag.py:3262} INFO - Creating ORM DAG for dataset_with_extra_by_yield
[2024-10-20T19:00:50.413-0300] {logging_mixin.py:190} INFO - [2024-10-20T19:00:50.413-0300] {dag.py:3262} INFO - Creating ORM DAG for dataset_with_extra_from_classic_operator
[2024-10-20T19:00:50.420-0300] {logging_mixin.py:190} INFO - [2024-10-20T19:00:50.420-0300] {dag.py:4180} INFO - Setting next_dagrun for dataset_with_extra_by_context to 2024-10-19 00:00:00+00:00, run_after=2024-10-20 00:00:00+00:00
[2024-10-20T19:00:50.422-0300] {logging_mixin.py:190} INFO - [2024-10-20T19:00:50.422-0300] {dag.py:4180} INFO - Setting next_dagrun for dataset_with_extra_by_yield to 2024-10-19 00:00:00+00:00, run_after=2024-10-20 00:00:00+00:00
[2024-10-20T19:00:50.424-0300] {logging_mixin.py:190} INFO - [2024-10-20T19:00:50.423-0300] {dag.py:4180} INFO - Setting next_dagrun for dataset_with_extra_from_classic_operator to 2024-10-19 00:00:00+00:00, run_after=2024-10-20 00:00:00+00:00
[2024-10-20T19:00:50.463-0300] {processor.py:208} INFO - Processing /mnt/c/Users/Pato_/OneDrive/Documentos/ITBA/PYTHON_DATA_APP/itba/lib/python3.10/site-packages/airflow/example_dags/example_outlet_event_extra.py took 1.317 seconds
[2024-10-20T19:02:56.889-0300] {processor.py:186} INFO - Started process (PID=300023) to work on /mnt/c/Users/Pato_/OneDrive/Documentos/ITBA/PYTHON_DATA_APP/itba/lib/python3.10/site-packages/airflow/example_dags/example_outlet_event_extra.py
[2024-10-20T19:02:56.890-0300] {processor.py:914} INFO - Processing file /mnt/c/Users/Pato_/OneDrive/Documentos/ITBA/PYTHON_DATA_APP/itba/lib/python3.10/site-packages/airflow/example_dags/example_outlet_event_extra.py for tasks to queue
[2024-10-20T19:02:56.892-0300] {logging_mixin.py:190} INFO - [2024-10-20T19:02:56.892-0300] {dagbag.py:588} INFO - Filling up the DagBag from /mnt/c/Users/Pato_/OneDrive/Documentos/ITBA/PYTHON_DATA_APP/itba/lib/python3.10/site-packages/airflow/example_dags/example_outlet_event_extra.py
[2024-10-20T19:02:56.971-0300] {processor.py:925} INFO - DAG(s) 'dataset_with_extra_by_yield', 'dataset_with_extra_by_context', 'dataset_with_extra_from_classic_operator' retrieved from /mnt/c/Users/Pato_/OneDrive/Documentos/ITBA/PYTHON_DATA_APP/itba/lib/python3.10/site-packages/airflow/example_dags/example_outlet_event_extra.py
[2024-10-20T19:02:56.994-0300] {logging_mixin.py:190} INFO - [2024-10-20T19:02:56.994-0300] {dag.py:3239} INFO - Sync 3 DAGs
[2024-10-20T19:02:57.010-0300] {logging_mixin.py:190} INFO - [2024-10-20T19:02:57.009-0300] {dag.py:4180} INFO - Setting next_dagrun for dataset_with_extra_by_context to 2024-10-19 00:00:00+00:00, run_after=2024-10-20 00:00:00+00:00
[2024-10-20T19:02:57.014-0300] {logging_mixin.py:190} INFO - [2024-10-20T19:02:57.013-0300] {dag.py:4180} INFO - Setting next_dagrun for dataset_with_extra_by_yield to 2024-10-19 00:00:00+00:00, run_after=2024-10-20 00:00:00+00:00
[2024-10-20T19:02:57.016-0300] {logging_mixin.py:190} INFO - [2024-10-20T19:02:57.016-0300] {dag.py:4180} INFO - Setting next_dagrun for dataset_with_extra_from_classic_operator to 2024-10-19 00:00:00+00:00, run_after=2024-10-20 00:00:00+00:00
[2024-10-20T19:02:57.048-0300] {processor.py:208} INFO - Processing /mnt/c/Users/Pato_/OneDrive/Documentos/ITBA/PYTHON_DATA_APP/itba/lib/python3.10/site-packages/airflow/example_dags/example_outlet_event_extra.py took 0.165 seconds
[2024-10-20T19:04:05.954-0300] {processor.py:186} INFO - Started process (PID=300569) to work on /mnt/c/Users/Pato_/OneDrive/Documentos/ITBA/PYTHON_DATA_APP/itba/lib/python3.10/site-packages/airflow/example_dags/example_outlet_event_extra.py
[2024-10-20T19:04:05.956-0300] {processor.py:914} INFO - Processing file /mnt/c/Users/Pato_/OneDrive/Documentos/ITBA/PYTHON_DATA_APP/itba/lib/python3.10/site-packages/airflow/example_dags/example_outlet_event_extra.py for tasks to queue
[2024-10-20T19:04:05.958-0300] {logging_mixin.py:190} INFO - [2024-10-20T19:04:05.957-0300] {dagbag.py:588} INFO - Filling up the DagBag from /mnt/c/Users/Pato_/OneDrive/Documentos/ITBA/PYTHON_DATA_APP/itba/lib/python3.10/site-packages/airflow/example_dags/example_outlet_event_extra.py
[2024-10-20T19:04:06.041-0300] {processor.py:925} INFO - DAG(s) 'dataset_with_extra_by_yield', 'dataset_with_extra_by_context', 'dataset_with_extra_from_classic_operator' retrieved from /mnt/c/Users/Pato_/OneDrive/Documentos/ITBA/PYTHON_DATA_APP/itba/lib/python3.10/site-packages/airflow/example_dags/example_outlet_event_extra.py
[2024-10-20T19:04:06.070-0300] {logging_mixin.py:190} INFO - [2024-10-20T19:04:06.069-0300] {dag.py:3239} INFO - Sync 3 DAGs
[2024-10-20T19:04:06.087-0300] {logging_mixin.py:190} INFO - [2024-10-20T19:04:06.087-0300] {dag.py:4180} INFO - Setting next_dagrun for dataset_with_extra_by_context to 2024-10-19 00:00:00+00:00, run_after=2024-10-20 00:00:00+00:00
[2024-10-20T19:04:06.091-0300] {logging_mixin.py:190} INFO - [2024-10-20T19:04:06.091-0300] {dag.py:4180} INFO - Setting next_dagrun for dataset_with_extra_by_yield to 2024-10-19 00:00:00+00:00, run_after=2024-10-20 00:00:00+00:00
[2024-10-20T19:04:06.094-0300] {logging_mixin.py:190} INFO - [2024-10-20T19:04:06.094-0300] {dag.py:4180} INFO - Setting next_dagrun for dataset_with_extra_from_classic_operator to 2024-10-19 00:00:00+00:00, run_after=2024-10-20 00:00:00+00:00
[2024-10-20T19:04:06.127-0300] {processor.py:208} INFO - Processing /mnt/c/Users/Pato_/OneDrive/Documentos/ITBA/PYTHON_DATA_APP/itba/lib/python3.10/site-packages/airflow/example_dags/example_outlet_event_extra.py took 0.181 seconds
[2024-10-20T19:05:16.993-0300] {processor.py:186} INFO - Started process (PID=301373) to work on /mnt/c/Users/Pato_/OneDrive/Documentos/ITBA/PYTHON_DATA_APP/itba/lib/python3.10/site-packages/airflow/example_dags/example_outlet_event_extra.py
[2024-10-20T19:05:16.994-0300] {processor.py:914} INFO - Processing file /mnt/c/Users/Pato_/OneDrive/Documentos/ITBA/PYTHON_DATA_APP/itba/lib/python3.10/site-packages/airflow/example_dags/example_outlet_event_extra.py for tasks to queue
[2024-10-20T19:05:16.996-0300] {logging_mixin.py:190} INFO - [2024-10-20T19:05:16.995-0300] {dagbag.py:588} INFO - Filling up the DagBag from /mnt/c/Users/Pato_/OneDrive/Documentos/ITBA/PYTHON_DATA_APP/itba/lib/python3.10/site-packages/airflow/example_dags/example_outlet_event_extra.py
[2024-10-20T19:05:17.074-0300] {processor.py:925} INFO - DAG(s) 'dataset_with_extra_from_classic_operator', 'dataset_with_extra_by_yield', 'dataset_with_extra_by_context' retrieved from /mnt/c/Users/Pato_/OneDrive/Documentos/ITBA/PYTHON_DATA_APP/itba/lib/python3.10/site-packages/airflow/example_dags/example_outlet_event_extra.py
[2024-10-20T19:05:17.098-0300] {logging_mixin.py:190} INFO - [2024-10-20T19:05:17.098-0300] {dag.py:3239} INFO - Sync 3 DAGs
[2024-10-20T19:05:17.113-0300] {logging_mixin.py:190} INFO - [2024-10-20T19:05:17.112-0300] {dag.py:4180} INFO - Setting next_dagrun for dataset_with_extra_by_context to 2024-10-19 00:00:00+00:00, run_after=2024-10-20 00:00:00+00:00
[2024-10-20T19:05:17.117-0300] {logging_mixin.py:190} INFO - [2024-10-20T19:05:17.116-0300] {dag.py:4180} INFO - Setting next_dagrun for dataset_with_extra_by_yield to 2024-10-19 00:00:00+00:00, run_after=2024-10-20 00:00:00+00:00
[2024-10-20T19:05:17.120-0300] {logging_mixin.py:190} INFO - [2024-10-20T19:05:17.119-0300] {dag.py:4180} INFO - Setting next_dagrun for dataset_with_extra_from_classic_operator to 2024-10-19 00:00:00+00:00, run_after=2024-10-20 00:00:00+00:00
[2024-10-20T19:05:17.151-0300] {processor.py:208} INFO - Processing /mnt/c/Users/Pato_/OneDrive/Documentos/ITBA/PYTHON_DATA_APP/itba/lib/python3.10/site-packages/airflow/example_dags/example_outlet_event_extra.py took 0.164 seconds
[2024-10-20T19:08:12.447-0300] {processor.py:186} INFO - Started process (PID=303667) to work on /mnt/c/Users/Pato_/OneDrive/Documentos/ITBA/PYTHON_DATA_APP/itba/lib/python3.10/site-packages/airflow/example_dags/example_outlet_event_extra.py
[2024-10-20T19:08:12.448-0300] {processor.py:914} INFO - Processing file /mnt/c/Users/Pato_/OneDrive/Documentos/ITBA/PYTHON_DATA_APP/itba/lib/python3.10/site-packages/airflow/example_dags/example_outlet_event_extra.py for tasks to queue
[2024-10-20T19:08:12.450-0300] {logging_mixin.py:190} INFO - [2024-10-20T19:08:12.449-0300] {dagbag.py:588} INFO - Filling up the DagBag from /mnt/c/Users/Pato_/OneDrive/Documentos/ITBA/PYTHON_DATA_APP/itba/lib/python3.10/site-packages/airflow/example_dags/example_outlet_event_extra.py
[2024-10-20T19:08:12.528-0300] {processor.py:925} INFO - DAG(s) 'dataset_with_extra_by_yield', 'dataset_with_extra_by_context', 'dataset_with_extra_from_classic_operator' retrieved from /mnt/c/Users/Pato_/OneDrive/Documentos/ITBA/PYTHON_DATA_APP/itba/lib/python3.10/site-packages/airflow/example_dags/example_outlet_event_extra.py
[2024-10-20T19:08:12.551-0300] {logging_mixin.py:190} INFO - [2024-10-20T19:08:12.551-0300] {dag.py:3239} INFO - Sync 3 DAGs
[2024-10-20T19:08:12.566-0300] {logging_mixin.py:190} INFO - [2024-10-20T19:08:12.566-0300] {dag.py:4180} INFO - Setting next_dagrun for dataset_with_extra_by_context to 2024-10-19 00:00:00+00:00, run_after=2024-10-20 00:00:00+00:00
[2024-10-20T19:08:12.570-0300] {logging_mixin.py:190} INFO - [2024-10-20T19:08:12.569-0300] {dag.py:4180} INFO - Setting next_dagrun for dataset_with_extra_by_yield to 2024-10-19 00:00:00+00:00, run_after=2024-10-20 00:00:00+00:00
[2024-10-20T19:08:12.573-0300] {logging_mixin.py:190} INFO - [2024-10-20T19:08:12.572-0300] {dag.py:4180} INFO - Setting next_dagrun for dataset_with_extra_from_classic_operator to 2024-10-19 00:00:00+00:00, run_after=2024-10-20 00:00:00+00:00
[2024-10-20T19:08:12.603-0300] {processor.py:208} INFO - Processing /mnt/c/Users/Pato_/OneDrive/Documentos/ITBA/PYTHON_DATA_APP/itba/lib/python3.10/site-packages/airflow/example_dags/example_outlet_event_extra.py took 0.163 seconds
[2024-10-20T19:09:19.456-0300] {processor.py:186} INFO - Started process (PID=304253) to work on /mnt/c/Users/Pato_/OneDrive/Documentos/ITBA/PYTHON_DATA_APP/itba/lib/python3.10/site-packages/airflow/example_dags/example_outlet_event_extra.py
[2024-10-20T19:09:19.457-0300] {processor.py:914} INFO - Processing file /mnt/c/Users/Pato_/OneDrive/Documentos/ITBA/PYTHON_DATA_APP/itba/lib/python3.10/site-packages/airflow/example_dags/example_outlet_event_extra.py for tasks to queue
[2024-10-20T19:09:19.459-0300] {logging_mixin.py:190} INFO - [2024-10-20T19:09:19.458-0300] {dagbag.py:588} INFO - Filling up the DagBag from /mnt/c/Users/Pato_/OneDrive/Documentos/ITBA/PYTHON_DATA_APP/itba/lib/python3.10/site-packages/airflow/example_dags/example_outlet_event_extra.py
[2024-10-20T19:09:19.541-0300] {processor.py:925} INFO - DAG(s) 'dataset_with_extra_from_classic_operator', 'dataset_with_extra_by_yield', 'dataset_with_extra_by_context' retrieved from /mnt/c/Users/Pato_/OneDrive/Documentos/ITBA/PYTHON_DATA_APP/itba/lib/python3.10/site-packages/airflow/example_dags/example_outlet_event_extra.py
[2024-10-20T19:09:19.564-0300] {logging_mixin.py:190} INFO - [2024-10-20T19:09:19.564-0300] {dag.py:3239} INFO - Sync 3 DAGs
[2024-10-20T19:09:19.580-0300] {logging_mixin.py:190} INFO - [2024-10-20T19:09:19.580-0300] {dag.py:4180} INFO - Setting next_dagrun for dataset_with_extra_by_context to 2024-10-19 00:00:00+00:00, run_after=2024-10-20 00:00:00+00:00
[2024-10-20T19:09:19.584-0300] {logging_mixin.py:190} INFO - [2024-10-20T19:09:19.584-0300] {dag.py:4180} INFO - Setting next_dagrun for dataset_with_extra_by_yield to 2024-10-19 00:00:00+00:00, run_after=2024-10-20 00:00:00+00:00
[2024-10-20T19:09:19.587-0300] {logging_mixin.py:190} INFO - [2024-10-20T19:09:19.587-0300] {dag.py:4180} INFO - Setting next_dagrun for dataset_with_extra_from_classic_operator to 2024-10-19 00:00:00+00:00, run_after=2024-10-20 00:00:00+00:00
[2024-10-20T19:09:19.623-0300] {processor.py:208} INFO - Processing /mnt/c/Users/Pato_/OneDrive/Documentos/ITBA/PYTHON_DATA_APP/itba/lib/python3.10/site-packages/airflow/example_dags/example_outlet_event_extra.py took 0.175 seconds
[2024-10-20T19:10:25.110-0300] {processor.py:186} INFO - Started process (PID=304792) to work on /mnt/c/Users/Pato_/OneDrive/Documentos/ITBA/PYTHON_DATA_APP/itba/lib/python3.10/site-packages/airflow/example_dags/example_outlet_event_extra.py
[2024-10-20T19:10:25.111-0300] {processor.py:914} INFO - Processing file /mnt/c/Users/Pato_/OneDrive/Documentos/ITBA/PYTHON_DATA_APP/itba/lib/python3.10/site-packages/airflow/example_dags/example_outlet_event_extra.py for tasks to queue
[2024-10-20T19:10:25.113-0300] {logging_mixin.py:190} INFO - [2024-10-20T19:10:25.112-0300] {dagbag.py:588} INFO - Filling up the DagBag from /mnt/c/Users/Pato_/OneDrive/Documentos/ITBA/PYTHON_DATA_APP/itba/lib/python3.10/site-packages/airflow/example_dags/example_outlet_event_extra.py
[2024-10-20T19:10:25.192-0300] {processor.py:925} INFO - DAG(s) 'dataset_with_extra_from_classic_operator', 'dataset_with_extra_by_yield', 'dataset_with_extra_by_context' retrieved from /mnt/c/Users/Pato_/OneDrive/Documentos/ITBA/PYTHON_DATA_APP/itba/lib/python3.10/site-packages/airflow/example_dags/example_outlet_event_extra.py
[2024-10-20T19:10:25.215-0300] {logging_mixin.py:190} INFO - [2024-10-20T19:10:25.215-0300] {dag.py:3239} INFO - Sync 3 DAGs
[2024-10-20T19:10:25.230-0300] {logging_mixin.py:190} INFO - [2024-10-20T19:10:25.229-0300] {dag.py:4180} INFO - Setting next_dagrun for dataset_with_extra_by_context to 2024-10-19 00:00:00+00:00, run_after=2024-10-20 00:00:00+00:00
[2024-10-20T19:10:25.234-0300] {logging_mixin.py:190} INFO - [2024-10-20T19:10:25.233-0300] {dag.py:4180} INFO - Setting next_dagrun for dataset_with_extra_by_yield to 2024-10-19 00:00:00+00:00, run_after=2024-10-20 00:00:00+00:00
[2024-10-20T19:10:25.237-0300] {logging_mixin.py:190} INFO - [2024-10-20T19:10:25.236-0300] {dag.py:4180} INFO - Setting next_dagrun for dataset_with_extra_from_classic_operator to 2024-10-19 00:00:00+00:00, run_after=2024-10-20 00:00:00+00:00
[2024-10-20T19:10:25.268-0300] {processor.py:208} INFO - Processing /mnt/c/Users/Pato_/OneDrive/Documentos/ITBA/PYTHON_DATA_APP/itba/lib/python3.10/site-packages/airflow/example_dags/example_outlet_event_extra.py took 0.165 seconds
[2024-10-20T19:11:31.933-0300] {processor.py:186} INFO - Started process (PID=305315) to work on /mnt/c/Users/Pato_/OneDrive/Documentos/ITBA/PYTHON_DATA_APP/itba/lib/python3.10/site-packages/airflow/example_dags/example_outlet_event_extra.py
[2024-10-20T19:11:31.934-0300] {processor.py:914} INFO - Processing file /mnt/c/Users/Pato_/OneDrive/Documentos/ITBA/PYTHON_DATA_APP/itba/lib/python3.10/site-packages/airflow/example_dags/example_outlet_event_extra.py for tasks to queue
[2024-10-20T19:11:31.936-0300] {logging_mixin.py:190} INFO - [2024-10-20T19:11:31.935-0300] {dagbag.py:588} INFO - Filling up the DagBag from /mnt/c/Users/Pato_/OneDrive/Documentos/ITBA/PYTHON_DATA_APP/itba/lib/python3.10/site-packages/airflow/example_dags/example_outlet_event_extra.py
[2024-10-20T19:11:32.014-0300] {processor.py:925} INFO - DAG(s) 'dataset_with_extra_by_context', 'dataset_with_extra_by_yield', 'dataset_with_extra_from_classic_operator' retrieved from /mnt/c/Users/Pato_/OneDrive/Documentos/ITBA/PYTHON_DATA_APP/itba/lib/python3.10/site-packages/airflow/example_dags/example_outlet_event_extra.py
[2024-10-20T19:11:32.038-0300] {logging_mixin.py:190} INFO - [2024-10-20T19:11:32.037-0300] {dag.py:3239} INFO - Sync 3 DAGs
[2024-10-20T19:11:32.053-0300] {logging_mixin.py:190} INFO - [2024-10-20T19:11:32.052-0300] {dag.py:4180} INFO - Setting next_dagrun for dataset_with_extra_by_context to 2024-10-19 00:00:00+00:00, run_after=2024-10-20 00:00:00+00:00
[2024-10-20T19:11:32.057-0300] {logging_mixin.py:190} INFO - [2024-10-20T19:11:32.056-0300] {dag.py:4180} INFO - Setting next_dagrun for dataset_with_extra_by_yield to 2024-10-19 00:00:00+00:00, run_after=2024-10-20 00:00:00+00:00
[2024-10-20T19:11:32.059-0300] {logging_mixin.py:190} INFO - [2024-10-20T19:11:32.059-0300] {dag.py:4180} INFO - Setting next_dagrun for dataset_with_extra_from_classic_operator to 2024-10-19 00:00:00+00:00, run_after=2024-10-20 00:00:00+00:00
[2024-10-20T19:11:32.090-0300] {processor.py:208} INFO - Processing /mnt/c/Users/Pato_/OneDrive/Documentos/ITBA/PYTHON_DATA_APP/itba/lib/python3.10/site-packages/airflow/example_dags/example_outlet_event_extra.py took 0.164 seconds
[2024-10-20T19:12:40.315-0300] {processor.py:186} INFO - Started process (PID=305851) to work on /mnt/c/Users/Pato_/OneDrive/Documentos/ITBA/PYTHON_DATA_APP/itba/lib/python3.10/site-packages/airflow/example_dags/example_outlet_event_extra.py
[2024-10-20T19:12:40.316-0300] {processor.py:914} INFO - Processing file /mnt/c/Users/Pato_/OneDrive/Documentos/ITBA/PYTHON_DATA_APP/itba/lib/python3.10/site-packages/airflow/example_dags/example_outlet_event_extra.py for tasks to queue
[2024-10-20T19:12:40.318-0300] {logging_mixin.py:190} INFO - [2024-10-20T19:12:40.318-0300] {dagbag.py:588} INFO - Filling up the DagBag from /mnt/c/Users/Pato_/OneDrive/Documentos/ITBA/PYTHON_DATA_APP/itba/lib/python3.10/site-packages/airflow/example_dags/example_outlet_event_extra.py
[2024-10-20T19:12:40.396-0300] {processor.py:925} INFO - DAG(s) 'dataset_with_extra_from_classic_operator', 'dataset_with_extra_by_yield', 'dataset_with_extra_by_context' retrieved from /mnt/c/Users/Pato_/OneDrive/Documentos/ITBA/PYTHON_DATA_APP/itba/lib/python3.10/site-packages/airflow/example_dags/example_outlet_event_extra.py
[2024-10-20T19:12:40.419-0300] {logging_mixin.py:190} INFO - [2024-10-20T19:12:40.419-0300] {dag.py:3239} INFO - Sync 3 DAGs
[2024-10-20T19:12:40.434-0300] {logging_mixin.py:190} INFO - [2024-10-20T19:12:40.433-0300] {dag.py:4180} INFO - Setting next_dagrun for dataset_with_extra_by_context to 2024-10-19 00:00:00+00:00, run_after=2024-10-20 00:00:00+00:00
[2024-10-20T19:12:40.438-0300] {logging_mixin.py:190} INFO - [2024-10-20T19:12:40.437-0300] {dag.py:4180} INFO - Setting next_dagrun for dataset_with_extra_by_yield to 2024-10-19 00:00:00+00:00, run_after=2024-10-20 00:00:00+00:00
[2024-10-20T19:12:40.440-0300] {logging_mixin.py:190} INFO - [2024-10-20T19:12:40.440-0300] {dag.py:4180} INFO - Setting next_dagrun for dataset_with_extra_from_classic_operator to 2024-10-19 00:00:00+00:00, run_after=2024-10-20 00:00:00+00:00
[2024-10-20T19:12:40.479-0300] {processor.py:208} INFO - Processing /mnt/c/Users/Pato_/OneDrive/Documentos/ITBA/PYTHON_DATA_APP/itba/lib/python3.10/site-packages/airflow/example_dags/example_outlet_event_extra.py took 0.170 seconds
[2024-10-20T19:13:44.044-0300] {processor.py:186} INFO - Started process (PID=306347) to work on /mnt/c/Users/Pato_/OneDrive/Documentos/ITBA/PYTHON_DATA_APP/itba/lib/python3.10/site-packages/airflow/example_dags/example_outlet_event_extra.py
[2024-10-20T19:13:44.045-0300] {processor.py:914} INFO - Processing file /mnt/c/Users/Pato_/OneDrive/Documentos/ITBA/PYTHON_DATA_APP/itba/lib/python3.10/site-packages/airflow/example_dags/example_outlet_event_extra.py for tasks to queue
[2024-10-20T19:13:44.047-0300] {logging_mixin.py:190} INFO - [2024-10-20T19:13:44.047-0300] {dagbag.py:588} INFO - Filling up the DagBag from /mnt/c/Users/Pato_/OneDrive/Documentos/ITBA/PYTHON_DATA_APP/itba/lib/python3.10/site-packages/airflow/example_dags/example_outlet_event_extra.py
[2024-10-20T19:13:44.125-0300] {processor.py:925} INFO - DAG(s) 'dataset_with_extra_by_yield', 'dataset_with_extra_by_context', 'dataset_with_extra_from_classic_operator' retrieved from /mnt/c/Users/Pato_/OneDrive/Documentos/ITBA/PYTHON_DATA_APP/itba/lib/python3.10/site-packages/airflow/example_dags/example_outlet_event_extra.py
[2024-10-20T19:13:44.151-0300] {logging_mixin.py:190} INFO - [2024-10-20T19:13:44.150-0300] {dag.py:3239} INFO - Sync 3 DAGs
[2024-10-20T19:13:44.167-0300] {logging_mixin.py:190} INFO - [2024-10-20T19:13:44.166-0300] {dag.py:4180} INFO - Setting next_dagrun for dataset_with_extra_by_context to 2024-10-19 00:00:00+00:00, run_after=2024-10-20 00:00:00+00:00
[2024-10-20T19:13:44.171-0300] {logging_mixin.py:190} INFO - [2024-10-20T19:13:44.170-0300] {dag.py:4180} INFO - Setting next_dagrun for dataset_with_extra_by_yield to 2024-10-19 00:00:00+00:00, run_after=2024-10-20 00:00:00+00:00
[2024-10-20T19:13:44.174-0300] {logging_mixin.py:190} INFO - [2024-10-20T19:13:44.173-0300] {dag.py:4180} INFO - Setting next_dagrun for dataset_with_extra_from_classic_operator to 2024-10-19 00:00:00+00:00, run_after=2024-10-20 00:00:00+00:00
[2024-10-20T19:13:44.206-0300] {processor.py:208} INFO - Processing /mnt/c/Users/Pato_/OneDrive/Documentos/ITBA/PYTHON_DATA_APP/itba/lib/python3.10/site-packages/airflow/example_dags/example_outlet_event_extra.py took 0.169 seconds
[2024-10-20T19:14:54.028-0300] {processor.py:186} INFO - Started process (PID=306923) to work on /mnt/c/Users/Pato_/OneDrive/Documentos/ITBA/PYTHON_DATA_APP/itba/lib/python3.10/site-packages/airflow/example_dags/example_outlet_event_extra.py
[2024-10-20T19:14:54.029-0300] {processor.py:914} INFO - Processing file /mnt/c/Users/Pato_/OneDrive/Documentos/ITBA/PYTHON_DATA_APP/itba/lib/python3.10/site-packages/airflow/example_dags/example_outlet_event_extra.py for tasks to queue
[2024-10-20T19:14:54.031-0300] {logging_mixin.py:190} INFO - [2024-10-20T19:14:54.030-0300] {dagbag.py:588} INFO - Filling up the DagBag from /mnt/c/Users/Pato_/OneDrive/Documentos/ITBA/PYTHON_DATA_APP/itba/lib/python3.10/site-packages/airflow/example_dags/example_outlet_event_extra.py
[2024-10-20T19:14:54.111-0300] {processor.py:925} INFO - DAG(s) 'dataset_with_extra_by_context', 'dataset_with_extra_from_classic_operator', 'dataset_with_extra_by_yield' retrieved from /mnt/c/Users/Pato_/OneDrive/Documentos/ITBA/PYTHON_DATA_APP/itba/lib/python3.10/site-packages/airflow/example_dags/example_outlet_event_extra.py
[2024-10-20T19:14:54.137-0300] {logging_mixin.py:190} INFO - [2024-10-20T19:14:54.136-0300] {dag.py:3239} INFO - Sync 3 DAGs
[2024-10-20T19:14:54.152-0300] {logging_mixin.py:190} INFO - [2024-10-20T19:14:54.151-0300] {dag.py:4180} INFO - Setting next_dagrun for dataset_with_extra_by_context to 2024-10-19 00:00:00+00:00, run_after=2024-10-20 00:00:00+00:00
[2024-10-20T19:14:54.156-0300] {logging_mixin.py:190} INFO - [2024-10-20T19:14:54.155-0300] {dag.py:4180} INFO - Setting next_dagrun for dataset_with_extra_by_yield to 2024-10-19 00:00:00+00:00, run_after=2024-10-20 00:00:00+00:00
[2024-10-20T19:14:54.159-0300] {logging_mixin.py:190} INFO - [2024-10-20T19:14:54.158-0300] {dag.py:4180} INFO - Setting next_dagrun for dataset_with_extra_from_classic_operator to 2024-10-19 00:00:00+00:00, run_after=2024-10-20 00:00:00+00:00
[2024-10-20T19:14:54.192-0300] {processor.py:208} INFO - Processing /mnt/c/Users/Pato_/OneDrive/Documentos/ITBA/PYTHON_DATA_APP/itba/lib/python3.10/site-packages/airflow/example_dags/example_outlet_event_extra.py took 0.172 seconds
[2024-10-20T19:16:01.425-0300] {processor.py:186} INFO - Started process (PID=307448) to work on /mnt/c/Users/Pato_/OneDrive/Documentos/ITBA/PYTHON_DATA_APP/itba/lib/python3.10/site-packages/airflow/example_dags/example_outlet_event_extra.py
[2024-10-20T19:16:01.426-0300] {processor.py:914} INFO - Processing file /mnt/c/Users/Pato_/OneDrive/Documentos/ITBA/PYTHON_DATA_APP/itba/lib/python3.10/site-packages/airflow/example_dags/example_outlet_event_extra.py for tasks to queue
[2024-10-20T19:16:01.428-0300] {logging_mixin.py:190} INFO - [2024-10-20T19:16:01.428-0300] {dagbag.py:588} INFO - Filling up the DagBag from /mnt/c/Users/Pato_/OneDrive/Documentos/ITBA/PYTHON_DATA_APP/itba/lib/python3.10/site-packages/airflow/example_dags/example_outlet_event_extra.py
[2024-10-20T19:16:01.505-0300] {processor.py:925} INFO - DAG(s) 'dataset_with_extra_by_context', 'dataset_with_extra_from_classic_operator', 'dataset_with_extra_by_yield' retrieved from /mnt/c/Users/Pato_/OneDrive/Documentos/ITBA/PYTHON_DATA_APP/itba/lib/python3.10/site-packages/airflow/example_dags/example_outlet_event_extra.py
[2024-10-20T19:16:01.529-0300] {logging_mixin.py:190} INFO - [2024-10-20T19:16:01.528-0300] {dag.py:3239} INFO - Sync 3 DAGs
[2024-10-20T19:16:01.544-0300] {logging_mixin.py:190} INFO - [2024-10-20T19:16:01.543-0300] {dag.py:4180} INFO - Setting next_dagrun for dataset_with_extra_by_context to 2024-10-19 00:00:00+00:00, run_after=2024-10-20 00:00:00+00:00
[2024-10-20T19:16:01.548-0300] {logging_mixin.py:190} INFO - [2024-10-20T19:16:01.547-0300] {dag.py:4180} INFO - Setting next_dagrun for dataset_with_extra_by_yield to 2024-10-19 00:00:00+00:00, run_after=2024-10-20 00:00:00+00:00
[2024-10-20T19:16:01.551-0300] {logging_mixin.py:190} INFO - [2024-10-20T19:16:01.550-0300] {dag.py:4180} INFO - Setting next_dagrun for dataset_with_extra_from_classic_operator to 2024-10-19 00:00:00+00:00, run_after=2024-10-20 00:00:00+00:00
[2024-10-20T19:16:01.583-0300] {processor.py:208} INFO - Processing /mnt/c/Users/Pato_/OneDrive/Documentos/ITBA/PYTHON_DATA_APP/itba/lib/python3.10/site-packages/airflow/example_dags/example_outlet_event_extra.py took 0.165 seconds
[2024-10-20T19:17:12.529-0300] {processor.py:186} INFO - Started process (PID=308004) to work on /mnt/c/Users/Pato_/OneDrive/Documentos/ITBA/PYTHON_DATA_APP/itba/lib/python3.10/site-packages/airflow/example_dags/example_outlet_event_extra.py
[2024-10-20T19:17:12.530-0300] {processor.py:914} INFO - Processing file /mnt/c/Users/Pato_/OneDrive/Documentos/ITBA/PYTHON_DATA_APP/itba/lib/python3.10/site-packages/airflow/example_dags/example_outlet_event_extra.py for tasks to queue
[2024-10-20T19:17:12.532-0300] {logging_mixin.py:190} INFO - [2024-10-20T19:17:12.531-0300] {dagbag.py:588} INFO - Filling up the DagBag from /mnt/c/Users/Pato_/OneDrive/Documentos/ITBA/PYTHON_DATA_APP/itba/lib/python3.10/site-packages/airflow/example_dags/example_outlet_event_extra.py
[2024-10-20T19:17:12.611-0300] {processor.py:925} INFO - DAG(s) 'dataset_with_extra_from_classic_operator', 'dataset_with_extra_by_yield', 'dataset_with_extra_by_context' retrieved from /mnt/c/Users/Pato_/OneDrive/Documentos/ITBA/PYTHON_DATA_APP/itba/lib/python3.10/site-packages/airflow/example_dags/example_outlet_event_extra.py
[2024-10-20T19:17:12.635-0300] {logging_mixin.py:190} INFO - [2024-10-20T19:17:12.634-0300] {dag.py:3239} INFO - Sync 3 DAGs
[2024-10-20T19:17:12.650-0300] {logging_mixin.py:190} INFO - [2024-10-20T19:17:12.649-0300] {dag.py:4180} INFO - Setting next_dagrun for dataset_with_extra_by_context to 2024-10-19 00:00:00+00:00, run_after=2024-10-20 00:00:00+00:00
[2024-10-20T19:17:12.654-0300] {logging_mixin.py:190} INFO - [2024-10-20T19:17:12.653-0300] {dag.py:4180} INFO - Setting next_dagrun for dataset_with_extra_by_yield to 2024-10-19 00:00:00+00:00, run_after=2024-10-20 00:00:00+00:00
[2024-10-20T19:17:12.657-0300] {logging_mixin.py:190} INFO - [2024-10-20T19:17:12.656-0300] {dag.py:4180} INFO - Setting next_dagrun for dataset_with_extra_from_classic_operator to 2024-10-19 00:00:00+00:00, run_after=2024-10-20 00:00:00+00:00
[2024-10-20T19:17:12.689-0300] {processor.py:208} INFO - Processing /mnt/c/Users/Pato_/OneDrive/Documentos/ITBA/PYTHON_DATA_APP/itba/lib/python3.10/site-packages/airflow/example_dags/example_outlet_event_extra.py took 0.167 seconds
[2024-10-20T19:18:27.744-0300] {processor.py:186} INFO - Started process (PID=308588) to work on /mnt/c/Users/Pato_/OneDrive/Documentos/ITBA/PYTHON_DATA_APP/itba/lib/python3.10/site-packages/airflow/example_dags/example_outlet_event_extra.py
[2024-10-20T19:18:27.745-0300] {processor.py:914} INFO - Processing file /mnt/c/Users/Pato_/OneDrive/Documentos/ITBA/PYTHON_DATA_APP/itba/lib/python3.10/site-packages/airflow/example_dags/example_outlet_event_extra.py for tasks to queue
[2024-10-20T19:18:27.747-0300] {logging_mixin.py:190} INFO - [2024-10-20T19:18:27.746-0300] {dagbag.py:588} INFO - Filling up the DagBag from /mnt/c/Users/Pato_/OneDrive/Documentos/ITBA/PYTHON_DATA_APP/itba/lib/python3.10/site-packages/airflow/example_dags/example_outlet_event_extra.py
[2024-10-20T19:18:27.825-0300] {processor.py:925} INFO - DAG(s) 'dataset_with_extra_by_yield', 'dataset_with_extra_from_classic_operator', 'dataset_with_extra_by_context' retrieved from /mnt/c/Users/Pato_/OneDrive/Documentos/ITBA/PYTHON_DATA_APP/itba/lib/python3.10/site-packages/airflow/example_dags/example_outlet_event_extra.py
[2024-10-20T19:18:27.848-0300] {logging_mixin.py:190} INFO - [2024-10-20T19:18:27.847-0300] {dag.py:3239} INFO - Sync 3 DAGs
[2024-10-20T19:18:27.862-0300] {logging_mixin.py:190} INFO - [2024-10-20T19:18:27.862-0300] {dag.py:4180} INFO - Setting next_dagrun for dataset_with_extra_by_context to 2024-10-19 00:00:00+00:00, run_after=2024-10-20 00:00:00+00:00
[2024-10-20T19:18:27.867-0300] {logging_mixin.py:190} INFO - [2024-10-20T19:18:27.866-0300] {dag.py:4180} INFO - Setting next_dagrun for dataset_with_extra_by_yield to 2024-10-19 00:00:00+00:00, run_after=2024-10-20 00:00:00+00:00
[2024-10-20T19:18:27.869-0300] {logging_mixin.py:190} INFO - [2024-10-20T19:18:27.869-0300] {dag.py:4180} INFO - Setting next_dagrun for dataset_with_extra_from_classic_operator to 2024-10-19 00:00:00+00:00, run_after=2024-10-20 00:00:00+00:00
[2024-10-20T19:18:27.901-0300] {processor.py:208} INFO - Processing /mnt/c/Users/Pato_/OneDrive/Documentos/ITBA/PYTHON_DATA_APP/itba/lib/python3.10/site-packages/airflow/example_dags/example_outlet_event_extra.py took 0.165 seconds
[2024-10-20T19:19:40.180-0300] {processor.py:186} INFO - Started process (PID=309155) to work on /mnt/c/Users/Pato_/OneDrive/Documentos/ITBA/PYTHON_DATA_APP/itba/lib/python3.10/site-packages/airflow/example_dags/example_outlet_event_extra.py
[2024-10-20T19:19:40.181-0300] {processor.py:914} INFO - Processing file /mnt/c/Users/Pato_/OneDrive/Documentos/ITBA/PYTHON_DATA_APP/itba/lib/python3.10/site-packages/airflow/example_dags/example_outlet_event_extra.py for tasks to queue
[2024-10-20T19:19:40.183-0300] {logging_mixin.py:190} INFO - [2024-10-20T19:19:40.182-0300] {dagbag.py:588} INFO - Filling up the DagBag from /mnt/c/Users/Pato_/OneDrive/Documentos/ITBA/PYTHON_DATA_APP/itba/lib/python3.10/site-packages/airflow/example_dags/example_outlet_event_extra.py
[2024-10-20T19:19:40.259-0300] {processor.py:925} INFO - DAG(s) 'dataset_with_extra_from_classic_operator', 'dataset_with_extra_by_yield', 'dataset_with_extra_by_context' retrieved from /mnt/c/Users/Pato_/OneDrive/Documentos/ITBA/PYTHON_DATA_APP/itba/lib/python3.10/site-packages/airflow/example_dags/example_outlet_event_extra.py
[2024-10-20T19:19:40.282-0300] {logging_mixin.py:190} INFO - [2024-10-20T19:19:40.282-0300] {dag.py:3239} INFO - Sync 3 DAGs
[2024-10-20T19:19:40.297-0300] {logging_mixin.py:190} INFO - [2024-10-20T19:19:40.296-0300] {dag.py:4180} INFO - Setting next_dagrun for dataset_with_extra_by_context to 2024-10-19 00:00:00+00:00, run_after=2024-10-20 00:00:00+00:00
[2024-10-20T19:19:40.301-0300] {logging_mixin.py:190} INFO - [2024-10-20T19:19:40.300-0300] {dag.py:4180} INFO - Setting next_dagrun for dataset_with_extra_by_yield to 2024-10-19 00:00:00+00:00, run_after=2024-10-20 00:00:00+00:00
[2024-10-20T19:19:40.303-0300] {logging_mixin.py:190} INFO - [2024-10-20T19:19:40.303-0300] {dag.py:4180} INFO - Setting next_dagrun for dataset_with_extra_from_classic_operator to 2024-10-19 00:00:00+00:00, run_after=2024-10-20 00:00:00+00:00
[2024-10-20T19:19:40.335-0300] {processor.py:208} INFO - Processing /mnt/c/Users/Pato_/OneDrive/Documentos/ITBA/PYTHON_DATA_APP/itba/lib/python3.10/site-packages/airflow/example_dags/example_outlet_event_extra.py took 0.163 seconds
[2024-10-20T19:20:46.752-0300] {processor.py:186} INFO - Started process (PID=309736) to work on /mnt/c/Users/Pato_/OneDrive/Documentos/ITBA/PYTHON_DATA_APP/itba/lib/python3.10/site-packages/airflow/example_dags/example_outlet_event_extra.py
[2024-10-20T19:20:46.753-0300] {processor.py:914} INFO - Processing file /mnt/c/Users/Pato_/OneDrive/Documentos/ITBA/PYTHON_DATA_APP/itba/lib/python3.10/site-packages/airflow/example_dags/example_outlet_event_extra.py for tasks to queue
[2024-10-20T19:20:46.755-0300] {logging_mixin.py:190} INFO - [2024-10-20T19:20:46.754-0300] {dagbag.py:588} INFO - Filling up the DagBag from /mnt/c/Users/Pato_/OneDrive/Documentos/ITBA/PYTHON_DATA_APP/itba/lib/python3.10/site-packages/airflow/example_dags/example_outlet_event_extra.py
[2024-10-20T19:20:46.841-0300] {processor.py:925} INFO - DAG(s) 'dataset_with_extra_by_yield', 'dataset_with_extra_by_context', 'dataset_with_extra_from_classic_operator' retrieved from /mnt/c/Users/Pato_/OneDrive/Documentos/ITBA/PYTHON_DATA_APP/itba/lib/python3.10/site-packages/airflow/example_dags/example_outlet_event_extra.py
[2024-10-20T19:20:46.867-0300] {logging_mixin.py:190} INFO - [2024-10-20T19:20:46.867-0300] {dag.py:3239} INFO - Sync 3 DAGs
[2024-10-20T19:20:46.884-0300] {logging_mixin.py:190} INFO - [2024-10-20T19:20:46.884-0300] {dag.py:4180} INFO - Setting next_dagrun for dataset_with_extra_by_context to 2024-10-19 00:00:00+00:00, run_after=2024-10-20 00:00:00+00:00
[2024-10-20T19:20:46.889-0300] {logging_mixin.py:190} INFO - [2024-10-20T19:20:46.888-0300] {dag.py:4180} INFO - Setting next_dagrun for dataset_with_extra_by_yield to 2024-10-19 00:00:00+00:00, run_after=2024-10-20 00:00:00+00:00
[2024-10-20T19:20:46.892-0300] {logging_mixin.py:190} INFO - [2024-10-20T19:20:46.891-0300] {dag.py:4180} INFO - Setting next_dagrun for dataset_with_extra_from_classic_operator to 2024-10-19 00:00:00+00:00, run_after=2024-10-20 00:00:00+00:00
[2024-10-20T19:20:46.928-0300] {processor.py:208} INFO - Processing /mnt/c/Users/Pato_/OneDrive/Documentos/ITBA/PYTHON_DATA_APP/itba/lib/python3.10/site-packages/airflow/example_dags/example_outlet_event_extra.py took 0.183 seconds
[2024-10-20T19:21:54.756-0300] {processor.py:186} INFO - Started process (PID=310343) to work on /mnt/c/Users/Pato_/OneDrive/Documentos/ITBA/PYTHON_DATA_APP/itba/lib/python3.10/site-packages/airflow/example_dags/example_outlet_event_extra.py
[2024-10-20T19:21:54.757-0300] {processor.py:914} INFO - Processing file /mnt/c/Users/Pato_/OneDrive/Documentos/ITBA/PYTHON_DATA_APP/itba/lib/python3.10/site-packages/airflow/example_dags/example_outlet_event_extra.py for tasks to queue
[2024-10-20T19:21:54.759-0300] {logging_mixin.py:190} INFO - [2024-10-20T19:21:54.758-0300] {dagbag.py:588} INFO - Filling up the DagBag from /mnt/c/Users/Pato_/OneDrive/Documentos/ITBA/PYTHON_DATA_APP/itba/lib/python3.10/site-packages/airflow/example_dags/example_outlet_event_extra.py
[2024-10-20T19:21:54.841-0300] {processor.py:925} INFO - DAG(s) 'dataset_with_extra_by_yield', 'dataset_with_extra_by_context', 'dataset_with_extra_from_classic_operator' retrieved from /mnt/c/Users/Pato_/OneDrive/Documentos/ITBA/PYTHON_DATA_APP/itba/lib/python3.10/site-packages/airflow/example_dags/example_outlet_event_extra.py
[2024-10-20T19:21:54.868-0300] {logging_mixin.py:190} INFO - [2024-10-20T19:21:54.867-0300] {dag.py:3239} INFO - Sync 3 DAGs
[2024-10-20T19:21:54.884-0300] {logging_mixin.py:190} INFO - [2024-10-20T19:21:54.884-0300] {dag.py:4180} INFO - Setting next_dagrun for dataset_with_extra_by_context to 2024-10-19 00:00:00+00:00, run_after=2024-10-20 00:00:00+00:00
[2024-10-20T19:21:54.889-0300] {logging_mixin.py:190} INFO - [2024-10-20T19:21:54.888-0300] {dag.py:4180} INFO - Setting next_dagrun for dataset_with_extra_by_yield to 2024-10-19 00:00:00+00:00, run_after=2024-10-20 00:00:00+00:00
[2024-10-20T19:21:54.892-0300] {logging_mixin.py:190} INFO - [2024-10-20T19:21:54.891-0300] {dag.py:4180} INFO - Setting next_dagrun for dataset_with_extra_from_classic_operator to 2024-10-19 00:00:00+00:00, run_after=2024-10-20 00:00:00+00:00
[2024-10-20T19:21:54.925-0300] {processor.py:208} INFO - Processing /mnt/c/Users/Pato_/OneDrive/Documentos/ITBA/PYTHON_DATA_APP/itba/lib/python3.10/site-packages/airflow/example_dags/example_outlet_event_extra.py took 0.177 seconds
[2024-10-20T19:22:59.919-0300] {processor.py:186} INFO - Started process (PID=310899) to work on /mnt/c/Users/Pato_/OneDrive/Documentos/ITBA/PYTHON_DATA_APP/itba/lib/python3.10/site-packages/airflow/example_dags/example_outlet_event_extra.py
[2024-10-20T19:22:59.920-0300] {processor.py:914} INFO - Processing file /mnt/c/Users/Pato_/OneDrive/Documentos/ITBA/PYTHON_DATA_APP/itba/lib/python3.10/site-packages/airflow/example_dags/example_outlet_event_extra.py for tasks to queue
[2024-10-20T19:22:59.922-0300] {logging_mixin.py:190} INFO - [2024-10-20T19:22:59.922-0300] {dagbag.py:588} INFO - Filling up the DagBag from /mnt/c/Users/Pato_/OneDrive/Documentos/ITBA/PYTHON_DATA_APP/itba/lib/python3.10/site-packages/airflow/example_dags/example_outlet_event_extra.py
[2024-10-20T19:23:00.002-0300] {processor.py:925} INFO - DAG(s) 'dataset_with_extra_by_yield', 'dataset_with_extra_from_classic_operator', 'dataset_with_extra_by_context' retrieved from /mnt/c/Users/Pato_/OneDrive/Documentos/ITBA/PYTHON_DATA_APP/itba/lib/python3.10/site-packages/airflow/example_dags/example_outlet_event_extra.py
[2024-10-20T19:23:00.027-0300] {logging_mixin.py:190} INFO - [2024-10-20T19:23:00.027-0300] {dag.py:3239} INFO - Sync 3 DAGs
[2024-10-20T19:23:00.042-0300] {logging_mixin.py:190} INFO - [2024-10-20T19:23:00.042-0300] {dag.py:4180} INFO - Setting next_dagrun for dataset_with_extra_by_context to 2024-10-19 00:00:00+00:00, run_after=2024-10-20 00:00:00+00:00
[2024-10-20T19:23:00.046-0300] {logging_mixin.py:190} INFO - [2024-10-20T19:23:00.046-0300] {dag.py:4180} INFO - Setting next_dagrun for dataset_with_extra_by_yield to 2024-10-19 00:00:00+00:00, run_after=2024-10-20 00:00:00+00:00
[2024-10-20T19:23:00.049-0300] {logging_mixin.py:190} INFO - [2024-10-20T19:23:00.049-0300] {dag.py:4180} INFO - Setting next_dagrun for dataset_with_extra_from_classic_operator to 2024-10-19 00:00:00+00:00, run_after=2024-10-20 00:00:00+00:00
[2024-10-20T19:23:00.080-0300] {processor.py:208} INFO - Processing /mnt/c/Users/Pato_/OneDrive/Documentos/ITBA/PYTHON_DATA_APP/itba/lib/python3.10/site-packages/airflow/example_dags/example_outlet_event_extra.py took 0.168 seconds
[2024-10-20T19:24:55.625-0300] {processor.py:186} INFO - Started process (PID=312450) to work on /mnt/c/Users/Pato_/OneDrive/Documentos/ITBA/PYTHON_DATA_APP/itba/lib/python3.10/site-packages/airflow/example_dags/example_outlet_event_extra.py
[2024-10-20T19:24:55.626-0300] {processor.py:914} INFO - Processing file /mnt/c/Users/Pato_/OneDrive/Documentos/ITBA/PYTHON_DATA_APP/itba/lib/python3.10/site-packages/airflow/example_dags/example_outlet_event_extra.py for tasks to queue
[2024-10-20T19:24:55.628-0300] {logging_mixin.py:190} INFO - [2024-10-20T19:24:55.627-0300] {dagbag.py:588} INFO - Filling up the DagBag from /mnt/c/Users/Pato_/OneDrive/Documentos/ITBA/PYTHON_DATA_APP/itba/lib/python3.10/site-packages/airflow/example_dags/example_outlet_event_extra.py
[2024-10-20T19:24:55.709-0300] {processor.py:925} INFO - DAG(s) 'dataset_with_extra_by_context', 'dataset_with_extra_from_classic_operator', 'dataset_with_extra_by_yield' retrieved from /mnt/c/Users/Pato_/OneDrive/Documentos/ITBA/PYTHON_DATA_APP/itba/lib/python3.10/site-packages/airflow/example_dags/example_outlet_event_extra.py
[2024-10-20T19:24:55.733-0300] {logging_mixin.py:190} INFO - [2024-10-20T19:24:55.732-0300] {dag.py:3239} INFO - Sync 3 DAGs
[2024-10-20T19:24:55.748-0300] {logging_mixin.py:190} INFO - [2024-10-20T19:24:55.747-0300] {dag.py:4180} INFO - Setting next_dagrun for dataset_with_extra_by_context to 2024-10-19 00:00:00+00:00, run_after=2024-10-20 00:00:00+00:00
[2024-10-20T19:24:55.752-0300] {logging_mixin.py:190} INFO - [2024-10-20T19:24:55.751-0300] {dag.py:4180} INFO - Setting next_dagrun for dataset_with_extra_by_yield to 2024-10-19 00:00:00+00:00, run_after=2024-10-20 00:00:00+00:00
[2024-10-20T19:24:55.755-0300] {logging_mixin.py:190} INFO - [2024-10-20T19:24:55.754-0300] {dag.py:4180} INFO - Setting next_dagrun for dataset_with_extra_from_classic_operator to 2024-10-19 00:00:00+00:00, run_after=2024-10-20 00:00:00+00:00
[2024-10-20T19:24:55.789-0300] {processor.py:208} INFO - Processing /mnt/c/Users/Pato_/OneDrive/Documentos/ITBA/PYTHON_DATA_APP/itba/lib/python3.10/site-packages/airflow/example_dags/example_outlet_event_extra.py took 0.172 seconds
[2024-10-20T19:26:35.098-0300] {processor.py:186} INFO - Started process (PID=313720) to work on /mnt/c/Users/Pato_/OneDrive/Documentos/ITBA/PYTHON_DATA_APP/itba/lib/python3.10/site-packages/airflow/example_dags/example_outlet_event_extra.py
[2024-10-20T19:26:35.099-0300] {processor.py:914} INFO - Processing file /mnt/c/Users/Pato_/OneDrive/Documentos/ITBA/PYTHON_DATA_APP/itba/lib/python3.10/site-packages/airflow/example_dags/example_outlet_event_extra.py for tasks to queue
[2024-10-20T19:26:35.102-0300] {logging_mixin.py:190} INFO - [2024-10-20T19:26:35.101-0300] {dagbag.py:588} INFO - Filling up the DagBag from /mnt/c/Users/Pato_/OneDrive/Documentos/ITBA/PYTHON_DATA_APP/itba/lib/python3.10/site-packages/airflow/example_dags/example_outlet_event_extra.py
[2024-10-20T19:26:35.191-0300] {processor.py:925} INFO - DAG(s) 'dataset_with_extra_from_classic_operator', 'dataset_with_extra_by_context', 'dataset_with_extra_by_yield' retrieved from /mnt/c/Users/Pato_/OneDrive/Documentos/ITBA/PYTHON_DATA_APP/itba/lib/python3.10/site-packages/airflow/example_dags/example_outlet_event_extra.py
[2024-10-20T19:26:35.217-0300] {logging_mixin.py:190} INFO - [2024-10-20T19:26:35.216-0300] {dag.py:3239} INFO - Sync 3 DAGs
[2024-10-20T19:26:35.234-0300] {logging_mixin.py:190} INFO - [2024-10-20T19:26:35.233-0300] {dag.py:4180} INFO - Setting next_dagrun for dataset_with_extra_by_context to 2024-10-19 00:00:00+00:00, run_after=2024-10-20 00:00:00+00:00
[2024-10-20T19:26:35.239-0300] {logging_mixin.py:190} INFO - [2024-10-20T19:26:35.238-0300] {dag.py:4180} INFO - Setting next_dagrun for dataset_with_extra_by_yield to 2024-10-19 00:00:00+00:00, run_after=2024-10-20 00:00:00+00:00
[2024-10-20T19:26:35.241-0300] {logging_mixin.py:190} INFO - [2024-10-20T19:26:35.241-0300] {dag.py:4180} INFO - Setting next_dagrun for dataset_with_extra_from_classic_operator to 2024-10-19 00:00:00+00:00, run_after=2024-10-20 00:00:00+00:00
[2024-10-20T19:26:35.276-0300] {processor.py:208} INFO - Processing /mnt/c/Users/Pato_/OneDrive/Documentos/ITBA/PYTHON_DATA_APP/itba/lib/python3.10/site-packages/airflow/example_dags/example_outlet_event_extra.py took 0.186 seconds
[2024-10-20T19:27:48.058-0300] {processor.py:186} INFO - Started process (PID=314588) to work on /mnt/c/Users/Pato_/OneDrive/Documentos/ITBA/PYTHON_DATA_APP/itba/lib/python3.10/site-packages/airflow/example_dags/example_outlet_event_extra.py
[2024-10-20T19:27:48.059-0300] {processor.py:914} INFO - Processing file /mnt/c/Users/Pato_/OneDrive/Documentos/ITBA/PYTHON_DATA_APP/itba/lib/python3.10/site-packages/airflow/example_dags/example_outlet_event_extra.py for tasks to queue
[2024-10-20T19:27:48.061-0300] {logging_mixin.py:190} INFO - [2024-10-20T19:27:48.060-0300] {dagbag.py:588} INFO - Filling up the DagBag from /mnt/c/Users/Pato_/OneDrive/Documentos/ITBA/PYTHON_DATA_APP/itba/lib/python3.10/site-packages/airflow/example_dags/example_outlet_event_extra.py
[2024-10-20T19:27:48.144-0300] {processor.py:925} INFO - DAG(s) 'dataset_with_extra_by_context', 'dataset_with_extra_by_yield', 'dataset_with_extra_from_classic_operator' retrieved from /mnt/c/Users/Pato_/OneDrive/Documentos/ITBA/PYTHON_DATA_APP/itba/lib/python3.10/site-packages/airflow/example_dags/example_outlet_event_extra.py
[2024-10-20T19:27:48.169-0300] {logging_mixin.py:190} INFO - [2024-10-20T19:27:48.169-0300] {dag.py:3239} INFO - Sync 3 DAGs
[2024-10-20T19:27:48.186-0300] {logging_mixin.py:190} INFO - [2024-10-20T19:27:48.185-0300] {dag.py:4180} INFO - Setting next_dagrun for dataset_with_extra_by_context to 2024-10-19 00:00:00+00:00, run_after=2024-10-20 00:00:00+00:00
[2024-10-20T19:27:48.190-0300] {logging_mixin.py:190} INFO - [2024-10-20T19:27:48.190-0300] {dag.py:4180} INFO - Setting next_dagrun for dataset_with_extra_by_yield to 2024-10-19 00:00:00+00:00, run_after=2024-10-20 00:00:00+00:00
[2024-10-20T19:27:48.193-0300] {logging_mixin.py:190} INFO - [2024-10-20T19:27:48.193-0300] {dag.py:4180} INFO - Setting next_dagrun for dataset_with_extra_from_classic_operator to 2024-10-19 00:00:00+00:00, run_after=2024-10-20 00:00:00+00:00
[2024-10-20T19:27:48.227-0300] {processor.py:208} INFO - Processing /mnt/c/Users/Pato_/OneDrive/Documentos/ITBA/PYTHON_DATA_APP/itba/lib/python3.10/site-packages/airflow/example_dags/example_outlet_event_extra.py took 0.176 seconds
[2024-10-20T19:28:52.177-0300] {processor.py:186} INFO - Started process (PID=315333) to work on /mnt/c/Users/Pato_/OneDrive/Documentos/ITBA/PYTHON_DATA_APP/itba/lib/python3.10/site-packages/airflow/example_dags/example_outlet_event_extra.py
[2024-10-20T19:28:52.178-0300] {processor.py:914} INFO - Processing file /mnt/c/Users/Pato_/OneDrive/Documentos/ITBA/PYTHON_DATA_APP/itba/lib/python3.10/site-packages/airflow/example_dags/example_outlet_event_extra.py for tasks to queue
[2024-10-20T19:28:52.180-0300] {logging_mixin.py:190} INFO - [2024-10-20T19:28:52.179-0300] {dagbag.py:588} INFO - Filling up the DagBag from /mnt/c/Users/Pato_/OneDrive/Documentos/ITBA/PYTHON_DATA_APP/itba/lib/python3.10/site-packages/airflow/example_dags/example_outlet_event_extra.py
[2024-10-20T19:28:52.257-0300] {processor.py:925} INFO - DAG(s) 'dataset_with_extra_by_context', 'dataset_with_extra_by_yield', 'dataset_with_extra_from_classic_operator' retrieved from /mnt/c/Users/Pato_/OneDrive/Documentos/ITBA/PYTHON_DATA_APP/itba/lib/python3.10/site-packages/airflow/example_dags/example_outlet_event_extra.py
[2024-10-20T19:28:52.281-0300] {logging_mixin.py:190} INFO - [2024-10-20T19:28:52.280-0300] {dag.py:3239} INFO - Sync 3 DAGs
[2024-10-20T19:28:52.297-0300] {logging_mixin.py:190} INFO - [2024-10-20T19:28:52.296-0300] {dag.py:4180} INFO - Setting next_dagrun for dataset_with_extra_by_context to 2024-10-19 00:00:00+00:00, run_after=2024-10-20 00:00:00+00:00
[2024-10-20T19:28:52.301-0300] {logging_mixin.py:190} INFO - [2024-10-20T19:28:52.301-0300] {dag.py:4180} INFO - Setting next_dagrun for dataset_with_extra_by_yield to 2024-10-19 00:00:00+00:00, run_after=2024-10-20 00:00:00+00:00
[2024-10-20T19:28:52.304-0300] {logging_mixin.py:190} INFO - [2024-10-20T19:28:52.304-0300] {dag.py:4180} INFO - Setting next_dagrun for dataset_with_extra_from_classic_operator to 2024-10-19 00:00:00+00:00, run_after=2024-10-20 00:00:00+00:00
[2024-10-20T19:28:52.337-0300] {processor.py:208} INFO - Processing /mnt/c/Users/Pato_/OneDrive/Documentos/ITBA/PYTHON_DATA_APP/itba/lib/python3.10/site-packages/airflow/example_dags/example_outlet_event_extra.py took 0.168 seconds
[2024-10-20T19:30:04.119-0300] {processor.py:186} INFO - Started process (PID=316150) to work on /mnt/c/Users/Pato_/OneDrive/Documentos/ITBA/PYTHON_DATA_APP/itba/lib/python3.10/site-packages/airflow/example_dags/example_outlet_event_extra.py
[2024-10-20T19:30:04.120-0300] {processor.py:914} INFO - Processing file /mnt/c/Users/Pato_/OneDrive/Documentos/ITBA/PYTHON_DATA_APP/itba/lib/python3.10/site-packages/airflow/example_dags/example_outlet_event_extra.py for tasks to queue
[2024-10-20T19:30:04.122-0300] {logging_mixin.py:190} INFO - [2024-10-20T19:30:04.122-0300] {dagbag.py:588} INFO - Filling up the DagBag from /mnt/c/Users/Pato_/OneDrive/Documentos/ITBA/PYTHON_DATA_APP/itba/lib/python3.10/site-packages/airflow/example_dags/example_outlet_event_extra.py
[2024-10-20T19:30:04.200-0300] {processor.py:925} INFO - DAG(s) 'dataset_with_extra_from_classic_operator', 'dataset_with_extra_by_yield', 'dataset_with_extra_by_context' retrieved from /mnt/c/Users/Pato_/OneDrive/Documentos/ITBA/PYTHON_DATA_APP/itba/lib/python3.10/site-packages/airflow/example_dags/example_outlet_event_extra.py
[2024-10-20T19:30:04.224-0300] {logging_mixin.py:190} INFO - [2024-10-20T19:30:04.223-0300] {dag.py:3239} INFO - Sync 3 DAGs
[2024-10-20T19:30:04.239-0300] {logging_mixin.py:190} INFO - [2024-10-20T19:30:04.238-0300] {dag.py:4180} INFO - Setting next_dagrun for dataset_with_extra_by_context to 2024-10-19 00:00:00+00:00, run_after=2024-10-20 00:00:00+00:00
[2024-10-20T19:30:04.243-0300] {logging_mixin.py:190} INFO - [2024-10-20T19:30:04.243-0300] {dag.py:4180} INFO - Setting next_dagrun for dataset_with_extra_by_yield to 2024-10-19 00:00:00+00:00, run_after=2024-10-20 00:00:00+00:00
[2024-10-20T19:30:04.246-0300] {logging_mixin.py:190} INFO - [2024-10-20T19:30:04.245-0300] {dag.py:4180} INFO - Setting next_dagrun for dataset_with_extra_from_classic_operator to 2024-10-19 00:00:00+00:00, run_after=2024-10-20 00:00:00+00:00
[2024-10-20T19:30:04.277-0300] {processor.py:208} INFO - Processing /mnt/c/Users/Pato_/OneDrive/Documentos/ITBA/PYTHON_DATA_APP/itba/lib/python3.10/site-packages/airflow/example_dags/example_outlet_event_extra.py took 0.165 seconds
[2024-10-20T19:31:09.966-0300] {processor.py:186} INFO - Started process (PID=316662) to work on /mnt/c/Users/Pato_/OneDrive/Documentos/ITBA/PYTHON_DATA_APP/itba/lib/python3.10/site-packages/airflow/example_dags/example_outlet_event_extra.py
[2024-10-20T19:31:09.967-0300] {processor.py:914} INFO - Processing file /mnt/c/Users/Pato_/OneDrive/Documentos/ITBA/PYTHON_DATA_APP/itba/lib/python3.10/site-packages/airflow/example_dags/example_outlet_event_extra.py for tasks to queue
[2024-10-20T19:31:09.969-0300] {logging_mixin.py:190} INFO - [2024-10-20T19:31:09.968-0300] {dagbag.py:588} INFO - Filling up the DagBag from /mnt/c/Users/Pato_/OneDrive/Documentos/ITBA/PYTHON_DATA_APP/itba/lib/python3.10/site-packages/airflow/example_dags/example_outlet_event_extra.py
[2024-10-20T19:31:10.054-0300] {processor.py:925} INFO - DAG(s) 'dataset_with_extra_by_context', 'dataset_with_extra_from_classic_operator', 'dataset_with_extra_by_yield' retrieved from /mnt/c/Users/Pato_/OneDrive/Documentos/ITBA/PYTHON_DATA_APP/itba/lib/python3.10/site-packages/airflow/example_dags/example_outlet_event_extra.py
[2024-10-20T19:31:10.079-0300] {logging_mixin.py:190} INFO - [2024-10-20T19:31:10.079-0300] {dag.py:3239} INFO - Sync 3 DAGs
[2024-10-20T19:31:10.096-0300] {logging_mixin.py:190} INFO - [2024-10-20T19:31:10.095-0300] {dag.py:4180} INFO - Setting next_dagrun for dataset_with_extra_by_context to 2024-10-19 00:00:00+00:00, run_after=2024-10-20 00:00:00+00:00
[2024-10-20T19:31:10.100-0300] {logging_mixin.py:190} INFO - [2024-10-20T19:31:10.099-0300] {dag.py:4180} INFO - Setting next_dagrun for dataset_with_extra_by_yield to 2024-10-19 00:00:00+00:00, run_after=2024-10-20 00:00:00+00:00
[2024-10-20T19:31:10.103-0300] {logging_mixin.py:190} INFO - [2024-10-20T19:31:10.103-0300] {dag.py:4180} INFO - Setting next_dagrun for dataset_with_extra_from_classic_operator to 2024-10-19 00:00:00+00:00, run_after=2024-10-20 00:00:00+00:00
[2024-10-20T19:31:10.138-0300] {processor.py:208} INFO - Processing /mnt/c/Users/Pato_/OneDrive/Documentos/ITBA/PYTHON_DATA_APP/itba/lib/python3.10/site-packages/airflow/example_dags/example_outlet_event_extra.py took 0.180 seconds
[2024-10-20T19:32:19.359-0300] {processor.py:186} INFO - Started process (PID=317202) to work on /mnt/c/Users/Pato_/OneDrive/Documentos/ITBA/PYTHON_DATA_APP/itba/lib/python3.10/site-packages/airflow/example_dags/example_outlet_event_extra.py
[2024-10-20T19:32:19.360-0300] {processor.py:914} INFO - Processing file /mnt/c/Users/Pato_/OneDrive/Documentos/ITBA/PYTHON_DATA_APP/itba/lib/python3.10/site-packages/airflow/example_dags/example_outlet_event_extra.py for tasks to queue
[2024-10-20T19:32:19.362-0300] {logging_mixin.py:190} INFO - [2024-10-20T19:32:19.361-0300] {dagbag.py:588} INFO - Filling up the DagBag from /mnt/c/Users/Pato_/OneDrive/Documentos/ITBA/PYTHON_DATA_APP/itba/lib/python3.10/site-packages/airflow/example_dags/example_outlet_event_extra.py
[2024-10-20T19:32:19.444-0300] {processor.py:925} INFO - DAG(s) 'dataset_with_extra_from_classic_operator', 'dataset_with_extra_by_yield', 'dataset_with_extra_by_context' retrieved from /mnt/c/Users/Pato_/OneDrive/Documentos/ITBA/PYTHON_DATA_APP/itba/lib/python3.10/site-packages/airflow/example_dags/example_outlet_event_extra.py
[2024-10-20T19:32:19.469-0300] {logging_mixin.py:190} INFO - [2024-10-20T19:32:19.469-0300] {dag.py:3239} INFO - Sync 3 DAGs
[2024-10-20T19:32:19.485-0300] {logging_mixin.py:190} INFO - [2024-10-20T19:32:19.485-0300] {dag.py:4180} INFO - Setting next_dagrun for dataset_with_extra_by_context to 2024-10-19 00:00:00+00:00, run_after=2024-10-20 00:00:00+00:00
[2024-10-20T19:32:19.490-0300] {logging_mixin.py:190} INFO - [2024-10-20T19:32:19.489-0300] {dag.py:4180} INFO - Setting next_dagrun for dataset_with_extra_by_yield to 2024-10-19 00:00:00+00:00, run_after=2024-10-20 00:00:00+00:00
[2024-10-20T19:32:19.493-0300] {logging_mixin.py:190} INFO - [2024-10-20T19:32:19.492-0300] {dag.py:4180} INFO - Setting next_dagrun for dataset_with_extra_from_classic_operator to 2024-10-19 00:00:00+00:00, run_after=2024-10-20 00:00:00+00:00
[2024-10-20T19:32:19.526-0300] {processor.py:208} INFO - Processing /mnt/c/Users/Pato_/OneDrive/Documentos/ITBA/PYTHON_DATA_APP/itba/lib/python3.10/site-packages/airflow/example_dags/example_outlet_event_extra.py took 0.174 seconds
[2024-10-20T19:33:26.978-0300] {processor.py:186} INFO - Started process (PID=317818) to work on /mnt/c/Users/Pato_/OneDrive/Documentos/ITBA/PYTHON_DATA_APP/itba/lib/python3.10/site-packages/airflow/example_dags/example_outlet_event_extra.py
[2024-10-20T19:33:26.979-0300] {processor.py:914} INFO - Processing file /mnt/c/Users/Pato_/OneDrive/Documentos/ITBA/PYTHON_DATA_APP/itba/lib/python3.10/site-packages/airflow/example_dags/example_outlet_event_extra.py for tasks to queue
[2024-10-20T19:33:26.981-0300] {logging_mixin.py:190} INFO - [2024-10-20T19:33:26.980-0300] {dagbag.py:588} INFO - Filling up the DagBag from /mnt/c/Users/Pato_/OneDrive/Documentos/ITBA/PYTHON_DATA_APP/itba/lib/python3.10/site-packages/airflow/example_dags/example_outlet_event_extra.py
[2024-10-20T19:33:27.059-0300] {processor.py:925} INFO - DAG(s) 'dataset_with_extra_by_context', 'dataset_with_extra_from_classic_operator', 'dataset_with_extra_by_yield' retrieved from /mnt/c/Users/Pato_/OneDrive/Documentos/ITBA/PYTHON_DATA_APP/itba/lib/python3.10/site-packages/airflow/example_dags/example_outlet_event_extra.py
[2024-10-20T19:33:27.083-0300] {logging_mixin.py:190} INFO - [2024-10-20T19:33:27.082-0300] {dag.py:3239} INFO - Sync 3 DAGs
[2024-10-20T19:33:27.097-0300] {logging_mixin.py:190} INFO - [2024-10-20T19:33:27.097-0300] {dag.py:4180} INFO - Setting next_dagrun for dataset_with_extra_by_context to 2024-10-19 00:00:00+00:00, run_after=2024-10-20 00:00:00+00:00
[2024-10-20T19:33:27.101-0300] {logging_mixin.py:190} INFO - [2024-10-20T19:33:27.101-0300] {dag.py:4180} INFO - Setting next_dagrun for dataset_with_extra_by_yield to 2024-10-19 00:00:00+00:00, run_after=2024-10-20 00:00:00+00:00
[2024-10-20T19:33:27.104-0300] {logging_mixin.py:190} INFO - [2024-10-20T19:33:27.104-0300] {dag.py:4180} INFO - Setting next_dagrun for dataset_with_extra_from_classic_operator to 2024-10-19 00:00:00+00:00, run_after=2024-10-20 00:00:00+00:00
[2024-10-20T19:33:27.136-0300] {processor.py:208} INFO - Processing /mnt/c/Users/Pato_/OneDrive/Documentos/ITBA/PYTHON_DATA_APP/itba/lib/python3.10/site-packages/airflow/example_dags/example_outlet_event_extra.py took 0.164 seconds
[2024-10-20T19:34:34.129-0300] {processor.py:186} INFO - Started process (PID=318572) to work on /mnt/c/Users/Pato_/OneDrive/Documentos/ITBA/PYTHON_DATA_APP/itba/lib/python3.10/site-packages/airflow/example_dags/example_outlet_event_extra.py
[2024-10-20T19:34:34.130-0300] {processor.py:914} INFO - Processing file /mnt/c/Users/Pato_/OneDrive/Documentos/ITBA/PYTHON_DATA_APP/itba/lib/python3.10/site-packages/airflow/example_dags/example_outlet_event_extra.py for tasks to queue
[2024-10-20T19:34:34.132-0300] {logging_mixin.py:190} INFO - [2024-10-20T19:34:34.132-0300] {dagbag.py:588} INFO - Filling up the DagBag from /mnt/c/Users/Pato_/OneDrive/Documentos/ITBA/PYTHON_DATA_APP/itba/lib/python3.10/site-packages/airflow/example_dags/example_outlet_event_extra.py
[2024-10-20T19:34:34.209-0300] {processor.py:925} INFO - DAG(s) 'dataset_with_extra_by_yield', 'dataset_with_extra_from_classic_operator', 'dataset_with_extra_by_context' retrieved from /mnt/c/Users/Pato_/OneDrive/Documentos/ITBA/PYTHON_DATA_APP/itba/lib/python3.10/site-packages/airflow/example_dags/example_outlet_event_extra.py
[2024-10-20T19:34:34.233-0300] {logging_mixin.py:190} INFO - [2024-10-20T19:34:34.233-0300] {dag.py:3239} INFO - Sync 3 DAGs
[2024-10-20T19:34:34.248-0300] {logging_mixin.py:190} INFO - [2024-10-20T19:34:34.247-0300] {dag.py:4180} INFO - Setting next_dagrun for dataset_with_extra_by_context to 2024-10-19 00:00:00+00:00, run_after=2024-10-20 00:00:00+00:00
[2024-10-20T19:34:34.252-0300] {logging_mixin.py:190} INFO - [2024-10-20T19:34:34.251-0300] {dag.py:4180} INFO - Setting next_dagrun for dataset_with_extra_by_yield to 2024-10-19 00:00:00+00:00, run_after=2024-10-20 00:00:00+00:00
[2024-10-20T19:34:34.254-0300] {logging_mixin.py:190} INFO - [2024-10-20T19:34:34.254-0300] {dag.py:4180} INFO - Setting next_dagrun for dataset_with_extra_from_classic_operator to 2024-10-19 00:00:00+00:00, run_after=2024-10-20 00:00:00+00:00
[2024-10-20T19:34:34.285-0300] {processor.py:208} INFO - Processing /mnt/c/Users/Pato_/OneDrive/Documentos/ITBA/PYTHON_DATA_APP/itba/lib/python3.10/site-packages/airflow/example_dags/example_outlet_event_extra.py took 0.163 seconds
[2024-10-20T19:35:42.591-0300] {processor.py:186} INFO - Started process (PID=319216) to work on /mnt/c/Users/Pato_/OneDrive/Documentos/ITBA/PYTHON_DATA_APP/itba/lib/python3.10/site-packages/airflow/example_dags/example_outlet_event_extra.py
[2024-10-20T19:35:42.592-0300] {processor.py:914} INFO - Processing file /mnt/c/Users/Pato_/OneDrive/Documentos/ITBA/PYTHON_DATA_APP/itba/lib/python3.10/site-packages/airflow/example_dags/example_outlet_event_extra.py for tasks to queue
[2024-10-20T19:35:42.594-0300] {logging_mixin.py:190} INFO - [2024-10-20T19:35:42.594-0300] {dagbag.py:588} INFO - Filling up the DagBag from /mnt/c/Users/Pato_/OneDrive/Documentos/ITBA/PYTHON_DATA_APP/itba/lib/python3.10/site-packages/airflow/example_dags/example_outlet_event_extra.py
[2024-10-20T19:35:42.672-0300] {processor.py:925} INFO - DAG(s) 'dataset_with_extra_by_yield', 'dataset_with_extra_by_context', 'dataset_with_extra_from_classic_operator' retrieved from /mnt/c/Users/Pato_/OneDrive/Documentos/ITBA/PYTHON_DATA_APP/itba/lib/python3.10/site-packages/airflow/example_dags/example_outlet_event_extra.py
[2024-10-20T19:35:42.695-0300] {logging_mixin.py:190} INFO - [2024-10-20T19:35:42.695-0300] {dag.py:3239} INFO - Sync 3 DAGs
[2024-10-20T19:35:42.710-0300] {logging_mixin.py:190} INFO - [2024-10-20T19:35:42.709-0300] {dag.py:4180} INFO - Setting next_dagrun for dataset_with_extra_by_context to 2024-10-19 00:00:00+00:00, run_after=2024-10-20 00:00:00+00:00
[2024-10-20T19:35:42.714-0300] {logging_mixin.py:190} INFO - [2024-10-20T19:35:42.713-0300] {dag.py:4180} INFO - Setting next_dagrun for dataset_with_extra_by_yield to 2024-10-19 00:00:00+00:00, run_after=2024-10-20 00:00:00+00:00
[2024-10-20T19:35:42.716-0300] {logging_mixin.py:190} INFO - [2024-10-20T19:35:42.716-0300] {dag.py:4180} INFO - Setting next_dagrun for dataset_with_extra_from_classic_operator to 2024-10-19 00:00:00+00:00, run_after=2024-10-20 00:00:00+00:00
[2024-10-20T19:35:42.747-0300] {processor.py:208} INFO - Processing /mnt/c/Users/Pato_/OneDrive/Documentos/ITBA/PYTHON_DATA_APP/itba/lib/python3.10/site-packages/airflow/example_dags/example_outlet_event_extra.py took 0.163 seconds
[2024-10-20T19:36:52.748-0300] {processor.py:186} INFO - Started process (PID=319765) to work on /mnt/c/Users/Pato_/OneDrive/Documentos/ITBA/PYTHON_DATA_APP/itba/lib/python3.10/site-packages/airflow/example_dags/example_outlet_event_extra.py
[2024-10-20T19:36:52.749-0300] {processor.py:914} INFO - Processing file /mnt/c/Users/Pato_/OneDrive/Documentos/ITBA/PYTHON_DATA_APP/itba/lib/python3.10/site-packages/airflow/example_dags/example_outlet_event_extra.py for tasks to queue
[2024-10-20T19:36:52.751-0300] {logging_mixin.py:190} INFO - [2024-10-20T19:36:52.751-0300] {dagbag.py:588} INFO - Filling up the DagBag from /mnt/c/Users/Pato_/OneDrive/Documentos/ITBA/PYTHON_DATA_APP/itba/lib/python3.10/site-packages/airflow/example_dags/example_outlet_event_extra.py
[2024-10-20T19:36:52.831-0300] {processor.py:925} INFO - DAG(s) 'dataset_with_extra_by_yield', 'dataset_with_extra_from_classic_operator', 'dataset_with_extra_by_context' retrieved from /mnt/c/Users/Pato_/OneDrive/Documentos/ITBA/PYTHON_DATA_APP/itba/lib/python3.10/site-packages/airflow/example_dags/example_outlet_event_extra.py
[2024-10-20T19:36:52.854-0300] {logging_mixin.py:190} INFO - [2024-10-20T19:36:52.853-0300] {dag.py:3239} INFO - Sync 3 DAGs
[2024-10-20T19:36:52.869-0300] {logging_mixin.py:190} INFO - [2024-10-20T19:36:52.868-0300] {dag.py:4180} INFO - Setting next_dagrun for dataset_with_extra_by_context to 2024-10-19 00:00:00+00:00, run_after=2024-10-20 00:00:00+00:00
[2024-10-20T19:36:52.873-0300] {logging_mixin.py:190} INFO - [2024-10-20T19:36:52.872-0300] {dag.py:4180} INFO - Setting next_dagrun for dataset_with_extra_by_yield to 2024-10-19 00:00:00+00:00, run_after=2024-10-20 00:00:00+00:00
[2024-10-20T19:36:52.876-0300] {logging_mixin.py:190} INFO - [2024-10-20T19:36:52.875-0300] {dag.py:4180} INFO - Setting next_dagrun for dataset_with_extra_from_classic_operator to 2024-10-19 00:00:00+00:00, run_after=2024-10-20 00:00:00+00:00
[2024-10-20T19:36:52.907-0300] {processor.py:208} INFO - Processing /mnt/c/Users/Pato_/OneDrive/Documentos/ITBA/PYTHON_DATA_APP/itba/lib/python3.10/site-packages/airflow/example_dags/example_outlet_event_extra.py took 0.165 seconds
[2024-10-20T19:37:58.519-0300] {processor.py:186} INFO - Started process (PID=320277) to work on /mnt/c/Users/Pato_/OneDrive/Documentos/ITBA/PYTHON_DATA_APP/itba/lib/python3.10/site-packages/airflow/example_dags/example_outlet_event_extra.py
[2024-10-20T19:37:58.520-0300] {processor.py:914} INFO - Processing file /mnt/c/Users/Pato_/OneDrive/Documentos/ITBA/PYTHON_DATA_APP/itba/lib/python3.10/site-packages/airflow/example_dags/example_outlet_event_extra.py for tasks to queue
[2024-10-20T19:37:58.522-0300] {logging_mixin.py:190} INFO - [2024-10-20T19:37:58.521-0300] {dagbag.py:588} INFO - Filling up the DagBag from /mnt/c/Users/Pato_/OneDrive/Documentos/ITBA/PYTHON_DATA_APP/itba/lib/python3.10/site-packages/airflow/example_dags/example_outlet_event_extra.py
[2024-10-20T19:37:58.602-0300] {processor.py:925} INFO - DAG(s) 'dataset_with_extra_by_yield', 'dataset_with_extra_from_classic_operator', 'dataset_with_extra_by_context' retrieved from /mnt/c/Users/Pato_/OneDrive/Documentos/ITBA/PYTHON_DATA_APP/itba/lib/python3.10/site-packages/airflow/example_dags/example_outlet_event_extra.py
[2024-10-20T19:37:58.626-0300] {logging_mixin.py:190} INFO - [2024-10-20T19:37:58.626-0300] {dag.py:3239} INFO - Sync 3 DAGs
[2024-10-20T19:37:58.641-0300] {logging_mixin.py:190} INFO - [2024-10-20T19:37:58.641-0300] {dag.py:4180} INFO - Setting next_dagrun for dataset_with_extra_by_context to 2024-10-19 00:00:00+00:00, run_after=2024-10-20 00:00:00+00:00
[2024-10-20T19:37:58.645-0300] {logging_mixin.py:190} INFO - [2024-10-20T19:37:58.645-0300] {dag.py:4180} INFO - Setting next_dagrun for dataset_with_extra_by_yield to 2024-10-19 00:00:00+00:00, run_after=2024-10-20 00:00:00+00:00
[2024-10-20T19:37:58.648-0300] {logging_mixin.py:190} INFO - [2024-10-20T19:37:58.648-0300] {dag.py:4180} INFO - Setting next_dagrun for dataset_with_extra_from_classic_operator to 2024-10-19 00:00:00+00:00, run_after=2024-10-20 00:00:00+00:00
[2024-10-20T19:37:58.679-0300] {processor.py:208} INFO - Processing /mnt/c/Users/Pato_/OneDrive/Documentos/ITBA/PYTHON_DATA_APP/itba/lib/python3.10/site-packages/airflow/example_dags/example_outlet_event_extra.py took 0.167 seconds
[2024-10-20T19:39:03.853-0300] {processor.py:186} INFO - Started process (PID=320788) to work on /mnt/c/Users/Pato_/OneDrive/Documentos/ITBA/PYTHON_DATA_APP/itba/lib/python3.10/site-packages/airflow/example_dags/example_outlet_event_extra.py
[2024-10-20T19:39:03.854-0300] {processor.py:914} INFO - Processing file /mnt/c/Users/Pato_/OneDrive/Documentos/ITBA/PYTHON_DATA_APP/itba/lib/python3.10/site-packages/airflow/example_dags/example_outlet_event_extra.py for tasks to queue
[2024-10-20T19:39:03.856-0300] {logging_mixin.py:190} INFO - [2024-10-20T19:39:03.856-0300] {dagbag.py:588} INFO - Filling up the DagBag from /mnt/c/Users/Pato_/OneDrive/Documentos/ITBA/PYTHON_DATA_APP/itba/lib/python3.10/site-packages/airflow/example_dags/example_outlet_event_extra.py
[2024-10-20T19:39:03.940-0300] {processor.py:925} INFO - DAG(s) 'dataset_with_extra_from_classic_operator', 'dataset_with_extra_by_context', 'dataset_with_extra_by_yield' retrieved from /mnt/c/Users/Pato_/OneDrive/Documentos/ITBA/PYTHON_DATA_APP/itba/lib/python3.10/site-packages/airflow/example_dags/example_outlet_event_extra.py
[2024-10-20T19:39:03.966-0300] {logging_mixin.py:190} INFO - [2024-10-20T19:39:03.965-0300] {dag.py:3239} INFO - Sync 3 DAGs
[2024-10-20T19:39:03.981-0300] {logging_mixin.py:190} INFO - [2024-10-20T19:39:03.981-0300] {dag.py:4180} INFO - Setting next_dagrun for dataset_with_extra_by_context to 2024-10-19 00:00:00+00:00, run_after=2024-10-20 00:00:00+00:00
[2024-10-20T19:39:03.985-0300] {logging_mixin.py:190} INFO - [2024-10-20T19:39:03.985-0300] {dag.py:4180} INFO - Setting next_dagrun for dataset_with_extra_by_yield to 2024-10-19 00:00:00+00:00, run_after=2024-10-20 00:00:00+00:00
[2024-10-20T19:39:03.988-0300] {logging_mixin.py:190} INFO - [2024-10-20T19:39:03.988-0300] {dag.py:4180} INFO - Setting next_dagrun for dataset_with_extra_from_classic_operator to 2024-10-19 00:00:00+00:00, run_after=2024-10-20 00:00:00+00:00
[2024-10-20T19:39:04.021-0300] {processor.py:208} INFO - Processing /mnt/c/Users/Pato_/OneDrive/Documentos/ITBA/PYTHON_DATA_APP/itba/lib/python3.10/site-packages/airflow/example_dags/example_outlet_event_extra.py took 0.175 seconds
[2024-10-20T19:40:10.517-0300] {processor.py:186} INFO - Started process (PID=321531) to work on /mnt/c/Users/Pato_/OneDrive/Documentos/ITBA/PYTHON_DATA_APP/itba/lib/python3.10/site-packages/airflow/example_dags/example_outlet_event_extra.py
[2024-10-20T19:40:10.518-0300] {processor.py:914} INFO - Processing file /mnt/c/Users/Pato_/OneDrive/Documentos/ITBA/PYTHON_DATA_APP/itba/lib/python3.10/site-packages/airflow/example_dags/example_outlet_event_extra.py for tasks to queue
[2024-10-20T19:40:10.520-0300] {logging_mixin.py:190} INFO - [2024-10-20T19:40:10.519-0300] {dagbag.py:588} INFO - Filling up the DagBag from /mnt/c/Users/Pato_/OneDrive/Documentos/ITBA/PYTHON_DATA_APP/itba/lib/python3.10/site-packages/airflow/example_dags/example_outlet_event_extra.py
[2024-10-20T19:40:10.596-0300] {processor.py:925} INFO - DAG(s) 'dataset_with_extra_from_classic_operator', 'dataset_with_extra_by_context', 'dataset_with_extra_by_yield' retrieved from /mnt/c/Users/Pato_/OneDrive/Documentos/ITBA/PYTHON_DATA_APP/itba/lib/python3.10/site-packages/airflow/example_dags/example_outlet_event_extra.py
[2024-10-20T19:40:10.619-0300] {logging_mixin.py:190} INFO - [2024-10-20T19:40:10.619-0300] {dag.py:3239} INFO - Sync 3 DAGs
[2024-10-20T19:40:10.633-0300] {logging_mixin.py:190} INFO - [2024-10-20T19:40:10.633-0300] {dag.py:4180} INFO - Setting next_dagrun for dataset_with_extra_by_context to 2024-10-19 00:00:00+00:00, run_after=2024-10-20 00:00:00+00:00
[2024-10-20T19:40:10.638-0300] {logging_mixin.py:190} INFO - [2024-10-20T19:40:10.637-0300] {dag.py:4180} INFO - Setting next_dagrun for dataset_with_extra_by_yield to 2024-10-19 00:00:00+00:00, run_after=2024-10-20 00:00:00+00:00
[2024-10-20T19:40:10.640-0300] {logging_mixin.py:190} INFO - [2024-10-20T19:40:10.640-0300] {dag.py:4180} INFO - Setting next_dagrun for dataset_with_extra_from_classic_operator to 2024-10-19 00:00:00+00:00, run_after=2024-10-20 00:00:00+00:00
[2024-10-20T19:40:10.672-0300] {processor.py:208} INFO - Processing /mnt/c/Users/Pato_/OneDrive/Documentos/ITBA/PYTHON_DATA_APP/itba/lib/python3.10/site-packages/airflow/example_dags/example_outlet_event_extra.py took 0.162 seconds
[2024-10-20T19:41:18.419-0300] {processor.py:186} INFO - Started process (PID=322228) to work on /mnt/c/Users/Pato_/OneDrive/Documentos/ITBA/PYTHON_DATA_APP/itba/lib/python3.10/site-packages/airflow/example_dags/example_outlet_event_extra.py
[2024-10-20T19:41:18.420-0300] {processor.py:914} INFO - Processing file /mnt/c/Users/Pato_/OneDrive/Documentos/ITBA/PYTHON_DATA_APP/itba/lib/python3.10/site-packages/airflow/example_dags/example_outlet_event_extra.py for tasks to queue
[2024-10-20T19:41:18.422-0300] {logging_mixin.py:190} INFO - [2024-10-20T19:41:18.421-0300] {dagbag.py:588} INFO - Filling up the DagBag from /mnt/c/Users/Pato_/OneDrive/Documentos/ITBA/PYTHON_DATA_APP/itba/lib/python3.10/site-packages/airflow/example_dags/example_outlet_event_extra.py
[2024-10-20T19:41:18.507-0300] {processor.py:925} INFO - DAG(s) 'dataset_with_extra_from_classic_operator', 'dataset_with_extra_by_yield', 'dataset_with_extra_by_context' retrieved from /mnt/c/Users/Pato_/OneDrive/Documentos/ITBA/PYTHON_DATA_APP/itba/lib/python3.10/site-packages/airflow/example_dags/example_outlet_event_extra.py
[2024-10-20T19:41:18.533-0300] {logging_mixin.py:190} INFO - [2024-10-20T19:41:18.532-0300] {dag.py:3239} INFO - Sync 3 DAGs
[2024-10-20T19:41:18.548-0300] {logging_mixin.py:190} INFO - [2024-10-20T19:41:18.548-0300] {dag.py:4180} INFO - Setting next_dagrun for dataset_with_extra_by_context to 2024-10-19 00:00:00+00:00, run_after=2024-10-20 00:00:00+00:00
[2024-10-20T19:41:18.552-0300] {logging_mixin.py:190} INFO - [2024-10-20T19:41:18.552-0300] {dag.py:4180} INFO - Setting next_dagrun for dataset_with_extra_by_yield to 2024-10-19 00:00:00+00:00, run_after=2024-10-20 00:00:00+00:00
[2024-10-20T19:41:18.555-0300] {logging_mixin.py:190} INFO - [2024-10-20T19:41:18.555-0300] {dag.py:4180} INFO - Setting next_dagrun for dataset_with_extra_from_classic_operator to 2024-10-19 00:00:00+00:00, run_after=2024-10-20 00:00:00+00:00
[2024-10-20T19:41:18.589-0300] {processor.py:208} INFO - Processing /mnt/c/Users/Pato_/OneDrive/Documentos/ITBA/PYTHON_DATA_APP/itba/lib/python3.10/site-packages/airflow/example_dags/example_outlet_event_extra.py took 0.177 seconds
