[2024-10-20T19:02:02.073-0300] {processor.py:186} INFO - Started process (PID=299603) to work on /mnt/c/Users/Pato_/OneDrive/Documentos/ITBA/PYTHON_DATA_APP/itba/lib/python3.10/site-packages/airflow/example_dags/example_branch_operator.py
[2024-10-20T19:02:02.074-0300] {processor.py:914} INFO - Processing file /mnt/c/Users/Pato_/OneDrive/Documentos/ITBA/PYTHON_DATA_APP/itba/lib/python3.10/site-packages/airflow/example_dags/example_branch_operator.py for tasks to queue
[2024-10-20T19:02:02.076-0300] {logging_mixin.py:190} INFO - [2024-10-20T19:02:02.076-0300] {dagbag.py:588} INFO - Filling up the DagBag from /mnt/c/Users/Pato_/OneDrive/Documentos/ITBA/PYTHON_DATA_APP/itba/lib/python3.10/site-packages/airflow/example_dags/example_branch_operator.py
[2024-10-20T19:02:02.154-0300] {processor.py:925} INFO - DAG(s) 'example_branch_operator' retrieved from /mnt/c/Users/Pato_/OneDrive/Documentos/ITBA/PYTHON_DATA_APP/itba/lib/python3.10/site-packages/airflow/example_dags/example_branch_operator.py
[2024-10-20T19:02:03.162-0300] {logging_mixin.py:190} INFO - [2024-10-20T19:02:03.161-0300] {override.py:1907} INFO - Created Permission View: can read on DAG:example_branch_operator
[2024-10-20T19:02:03.328-0300] {logging_mixin.py:190} INFO - [2024-10-20T19:02:03.328-0300] {override.py:1907} INFO - Created Permission View: can delete on DAG:example_branch_operator
[2024-10-20T19:02:03.512-0300] {logging_mixin.py:190} INFO - [2024-10-20T19:02:03.511-0300] {override.py:1907} INFO - Created Permission View: can edit on DAG:example_branch_operator
[2024-10-20T19:02:03.855-0300] {logging_mixin.py:190} INFO - [2024-10-20T19:02:03.854-0300] {override.py:1907} INFO - Created Permission View: can read on DAG Run:example_branch_operator
[2024-10-20T19:02:04.031-0300] {logging_mixin.py:190} INFO - [2024-10-20T19:02:04.030-0300] {override.py:1907} INFO - Created Permission View: can delete on DAG Run:example_branch_operator
[2024-10-20T19:02:04.211-0300] {logging_mixin.py:190} INFO - [2024-10-20T19:02:04.210-0300] {override.py:1907} INFO - Created Permission View: can create on DAG Run:example_branch_operator
[2024-10-20T19:02:04.369-0300] {logging_mixin.py:190} INFO - [2024-10-20T19:02:04.369-0300] {override.py:1907} INFO - Created Permission View: menu access on DAG Run:example_branch_operator
[2024-10-20T19:02:04.371-0300] {logging_mixin.py:190} INFO - [2024-10-20T19:02:04.370-0300] {dag.py:3239} INFO - Sync 1 DAGs
[2024-10-20T19:02:04.384-0300] {logging_mixin.py:190} INFO - [2024-10-20T19:02:04.383-0300] {dag.py:3262} INFO - Creating ORM DAG for example_branch_operator
[2024-10-20T19:02:04.391-0300] {logging_mixin.py:190} INFO - [2024-10-20T19:02:04.391-0300] {dag.py:4180} INFO - Setting next_dagrun for example_branch_operator to 2024-10-19 00:00:00+00:00, run_after=2024-10-20 00:00:00+00:00
[2024-10-20T19:02:04.958-0300] {processor.py:208} INFO - Processing /mnt/c/Users/Pato_/OneDrive/Documentos/ITBA/PYTHON_DATA_APP/itba/lib/python3.10/site-packages/airflow/example_dags/example_branch_operator.py took 2.892 seconds
[2024-10-20T19:03:40.402-0300] {processor.py:186} INFO - Started process (PID=300367) to work on /mnt/c/Users/Pato_/OneDrive/Documentos/ITBA/PYTHON_DATA_APP/itba/lib/python3.10/site-packages/airflow/example_dags/example_branch_operator.py
[2024-10-20T19:03:40.403-0300] {processor.py:914} INFO - Processing file /mnt/c/Users/Pato_/OneDrive/Documentos/ITBA/PYTHON_DATA_APP/itba/lib/python3.10/site-packages/airflow/example_dags/example_branch_operator.py for tasks to queue
[2024-10-20T19:03:40.405-0300] {logging_mixin.py:190} INFO - [2024-10-20T19:03:40.404-0300] {dagbag.py:588} INFO - Filling up the DagBag from /mnt/c/Users/Pato_/OneDrive/Documentos/ITBA/PYTHON_DATA_APP/itba/lib/python3.10/site-packages/airflow/example_dags/example_branch_operator.py
[2024-10-20T19:03:40.458-0300] {processor.py:925} INFO - DAG(s) 'example_branch_operator' retrieved from /mnt/c/Users/Pato_/OneDrive/Documentos/ITBA/PYTHON_DATA_APP/itba/lib/python3.10/site-packages/airflow/example_dags/example_branch_operator.py
[2024-10-20T19:03:40.478-0300] {logging_mixin.py:190} INFO - [2024-10-20T19:03:40.477-0300] {dag.py:3239} INFO - Sync 1 DAGs
[2024-10-20T19:03:40.492-0300] {logging_mixin.py:190} INFO - [2024-10-20T19:03:40.491-0300] {dag.py:4180} INFO - Setting next_dagrun for example_branch_operator to 2024-10-19 00:00:00+00:00, run_after=2024-10-20 00:00:00+00:00
[2024-10-20T19:03:40.520-0300] {processor.py:208} INFO - Processing /mnt/c/Users/Pato_/OneDrive/Documentos/ITBA/PYTHON_DATA_APP/itba/lib/python3.10/site-packages/airflow/example_dags/example_branch_operator.py took 0.126 seconds
[2024-10-20T19:04:52.450-0300] {processor.py:186} INFO - Started process (PID=301182) to work on /mnt/c/Users/Pato_/OneDrive/Documentos/ITBA/PYTHON_DATA_APP/itba/lib/python3.10/site-packages/airflow/example_dags/example_branch_operator.py
[2024-10-20T19:04:52.451-0300] {processor.py:914} INFO - Processing file /mnt/c/Users/Pato_/OneDrive/Documentos/ITBA/PYTHON_DATA_APP/itba/lib/python3.10/site-packages/airflow/example_dags/example_branch_operator.py for tasks to queue
[2024-10-20T19:04:52.453-0300] {logging_mixin.py:190} INFO - [2024-10-20T19:04:52.452-0300] {dagbag.py:588} INFO - Filling up the DagBag from /mnt/c/Users/Pato_/OneDrive/Documentos/ITBA/PYTHON_DATA_APP/itba/lib/python3.10/site-packages/airflow/example_dags/example_branch_operator.py
[2024-10-20T19:04:52.509-0300] {processor.py:925} INFO - DAG(s) 'example_branch_operator' retrieved from /mnt/c/Users/Pato_/OneDrive/Documentos/ITBA/PYTHON_DATA_APP/itba/lib/python3.10/site-packages/airflow/example_dags/example_branch_operator.py
[2024-10-20T19:04:52.529-0300] {logging_mixin.py:190} INFO - [2024-10-20T19:04:52.528-0300] {dag.py:3239} INFO - Sync 1 DAGs
[2024-10-20T19:04:52.543-0300] {logging_mixin.py:190} INFO - [2024-10-20T19:04:52.543-0300] {dag.py:4180} INFO - Setting next_dagrun for example_branch_operator to 2024-10-19 00:00:00+00:00, run_after=2024-10-20 00:00:00+00:00
[2024-10-20T19:04:52.572-0300] {processor.py:208} INFO - Processing /mnt/c/Users/Pato_/OneDrive/Documentos/ITBA/PYTHON_DATA_APP/itba/lib/python3.10/site-packages/airflow/example_dags/example_branch_operator.py took 0.129 seconds
[2024-10-20T19:07:28.441-0300] {processor.py:186} INFO - Started process (PID=303299) to work on /mnt/c/Users/Pato_/OneDrive/Documentos/ITBA/PYTHON_DATA_APP/itba/lib/python3.10/site-packages/airflow/example_dags/example_branch_operator.py
[2024-10-20T19:07:28.441-0300] {processor.py:914} INFO - Processing file /mnt/c/Users/Pato_/OneDrive/Documentos/ITBA/PYTHON_DATA_APP/itba/lib/python3.10/site-packages/airflow/example_dags/example_branch_operator.py for tasks to queue
[2024-10-20T19:07:28.443-0300] {logging_mixin.py:190} INFO - [2024-10-20T19:07:28.443-0300] {dagbag.py:588} INFO - Filling up the DagBag from /mnt/c/Users/Pato_/OneDrive/Documentos/ITBA/PYTHON_DATA_APP/itba/lib/python3.10/site-packages/airflow/example_dags/example_branch_operator.py
[2024-10-20T19:07:28.499-0300] {processor.py:925} INFO - DAG(s) 'example_branch_operator' retrieved from /mnt/c/Users/Pato_/OneDrive/Documentos/ITBA/PYTHON_DATA_APP/itba/lib/python3.10/site-packages/airflow/example_dags/example_branch_operator.py
[2024-10-20T19:07:28.519-0300] {logging_mixin.py:190} INFO - [2024-10-20T19:07:28.518-0300] {dag.py:3239} INFO - Sync 1 DAGs
[2024-10-20T19:07:28.533-0300] {logging_mixin.py:190} INFO - [2024-10-20T19:07:28.533-0300] {dag.py:4180} INFO - Setting next_dagrun for example_branch_operator to 2024-10-19 00:00:00+00:00, run_after=2024-10-20 00:00:00+00:00
[2024-10-20T19:07:28.562-0300] {processor.py:208} INFO - Processing /mnt/c/Users/Pato_/OneDrive/Documentos/ITBA/PYTHON_DATA_APP/itba/lib/python3.10/site-packages/airflow/example_dags/example_branch_operator.py took 0.128 seconds
[2024-10-20T19:08:55.895-0300] {processor.py:186} INFO - Started process (PID=304009) to work on /mnt/c/Users/Pato_/OneDrive/Documentos/ITBA/PYTHON_DATA_APP/itba/lib/python3.10/site-packages/airflow/example_dags/example_branch_operator.py
[2024-10-20T19:08:55.896-0300] {processor.py:914} INFO - Processing file /mnt/c/Users/Pato_/OneDrive/Documentos/ITBA/PYTHON_DATA_APP/itba/lib/python3.10/site-packages/airflow/example_dags/example_branch_operator.py for tasks to queue
[2024-10-20T19:08:55.898-0300] {logging_mixin.py:190} INFO - [2024-10-20T19:08:55.898-0300] {dagbag.py:588} INFO - Filling up the DagBag from /mnt/c/Users/Pato_/OneDrive/Documentos/ITBA/PYTHON_DATA_APP/itba/lib/python3.10/site-packages/airflow/example_dags/example_branch_operator.py
[2024-10-20T19:08:55.951-0300] {processor.py:925} INFO - DAG(s) 'example_branch_operator' retrieved from /mnt/c/Users/Pato_/OneDrive/Documentos/ITBA/PYTHON_DATA_APP/itba/lib/python3.10/site-packages/airflow/example_dags/example_branch_operator.py
[2024-10-20T19:08:55.970-0300] {logging_mixin.py:190} INFO - [2024-10-20T19:08:55.970-0300] {dag.py:3239} INFO - Sync 1 DAGs
[2024-10-20T19:08:55.984-0300] {logging_mixin.py:190} INFO - [2024-10-20T19:08:55.984-0300] {dag.py:4180} INFO - Setting next_dagrun for example_branch_operator to 2024-10-19 00:00:00+00:00, run_after=2024-10-20 00:00:00+00:00
[2024-10-20T19:08:56.015-0300] {processor.py:208} INFO - Processing /mnt/c/Users/Pato_/OneDrive/Documentos/ITBA/PYTHON_DATA_APP/itba/lib/python3.10/site-packages/airflow/example_dags/example_branch_operator.py took 0.126 seconds
[2024-10-20T19:09:58.874-0300] {processor.py:186} INFO - Started process (PID=304592) to work on /mnt/c/Users/Pato_/OneDrive/Documentos/ITBA/PYTHON_DATA_APP/itba/lib/python3.10/site-packages/airflow/example_dags/example_branch_operator.py
[2024-10-20T19:09:58.875-0300] {processor.py:914} INFO - Processing file /mnt/c/Users/Pato_/OneDrive/Documentos/ITBA/PYTHON_DATA_APP/itba/lib/python3.10/site-packages/airflow/example_dags/example_branch_operator.py for tasks to queue
[2024-10-20T19:09:58.877-0300] {logging_mixin.py:190} INFO - [2024-10-20T19:09:58.876-0300] {dagbag.py:588} INFO - Filling up the DagBag from /mnt/c/Users/Pato_/OneDrive/Documentos/ITBA/PYTHON_DATA_APP/itba/lib/python3.10/site-packages/airflow/example_dags/example_branch_operator.py
[2024-10-20T19:09:58.930-0300] {processor.py:925} INFO - DAG(s) 'example_branch_operator' retrieved from /mnt/c/Users/Pato_/OneDrive/Documentos/ITBA/PYTHON_DATA_APP/itba/lib/python3.10/site-packages/airflow/example_dags/example_branch_operator.py
[2024-10-20T19:09:58.949-0300] {logging_mixin.py:190} INFO - [2024-10-20T19:09:58.949-0300] {dag.py:3239} INFO - Sync 1 DAGs
[2024-10-20T19:09:58.964-0300] {logging_mixin.py:190} INFO - [2024-10-20T19:09:58.963-0300] {dag.py:4180} INFO - Setting next_dagrun for example_branch_operator to 2024-10-19 00:00:00+00:00, run_after=2024-10-20 00:00:00+00:00
[2024-10-20T19:09:58.992-0300] {processor.py:208} INFO - Processing /mnt/c/Users/Pato_/OneDrive/Documentos/ITBA/PYTHON_DATA_APP/itba/lib/python3.10/site-packages/airflow/example_dags/example_branch_operator.py took 0.124 seconds
[2024-10-20T19:11:07.074-0300] {processor.py:186} INFO - Started process (PID=305122) to work on /mnt/c/Users/Pato_/OneDrive/Documentos/ITBA/PYTHON_DATA_APP/itba/lib/python3.10/site-packages/airflow/example_dags/example_branch_operator.py
[2024-10-20T19:11:07.075-0300] {processor.py:914} INFO - Processing file /mnt/c/Users/Pato_/OneDrive/Documentos/ITBA/PYTHON_DATA_APP/itba/lib/python3.10/site-packages/airflow/example_dags/example_branch_operator.py for tasks to queue
[2024-10-20T19:11:07.077-0300] {logging_mixin.py:190} INFO - [2024-10-20T19:11:07.076-0300] {dagbag.py:588} INFO - Filling up the DagBag from /mnt/c/Users/Pato_/OneDrive/Documentos/ITBA/PYTHON_DATA_APP/itba/lib/python3.10/site-packages/airflow/example_dags/example_branch_operator.py
[2024-10-20T19:11:07.132-0300] {processor.py:925} INFO - DAG(s) 'example_branch_operator' retrieved from /mnt/c/Users/Pato_/OneDrive/Documentos/ITBA/PYTHON_DATA_APP/itba/lib/python3.10/site-packages/airflow/example_dags/example_branch_operator.py
[2024-10-20T19:11:07.152-0300] {logging_mixin.py:190} INFO - [2024-10-20T19:11:07.151-0300] {dag.py:3239} INFO - Sync 1 DAGs
[2024-10-20T19:11:07.167-0300] {logging_mixin.py:190} INFO - [2024-10-20T19:11:07.166-0300] {dag.py:4180} INFO - Setting next_dagrun for example_branch_operator to 2024-10-19 00:00:00+00:00, run_after=2024-10-20 00:00:00+00:00
[2024-10-20T19:11:07.196-0300] {processor.py:208} INFO - Processing /mnt/c/Users/Pato_/OneDrive/Documentos/ITBA/PYTHON_DATA_APP/itba/lib/python3.10/site-packages/airflow/example_dags/example_branch_operator.py took 0.129 seconds
[2024-10-20T19:12:15.652-0300] {processor.py:186} INFO - Started process (PID=305659) to work on /mnt/c/Users/Pato_/OneDrive/Documentos/ITBA/PYTHON_DATA_APP/itba/lib/python3.10/site-packages/airflow/example_dags/example_branch_operator.py
[2024-10-20T19:12:15.653-0300] {processor.py:914} INFO - Processing file /mnt/c/Users/Pato_/OneDrive/Documentos/ITBA/PYTHON_DATA_APP/itba/lib/python3.10/site-packages/airflow/example_dags/example_branch_operator.py for tasks to queue
[2024-10-20T19:12:15.655-0300] {logging_mixin.py:190} INFO - [2024-10-20T19:12:15.655-0300] {dagbag.py:588} INFO - Filling up the DagBag from /mnt/c/Users/Pato_/OneDrive/Documentos/ITBA/PYTHON_DATA_APP/itba/lib/python3.10/site-packages/airflow/example_dags/example_branch_operator.py
[2024-10-20T19:12:15.708-0300] {processor.py:925} INFO - DAG(s) 'example_branch_operator' retrieved from /mnt/c/Users/Pato_/OneDrive/Documentos/ITBA/PYTHON_DATA_APP/itba/lib/python3.10/site-packages/airflow/example_dags/example_branch_operator.py
[2024-10-20T19:12:15.729-0300] {logging_mixin.py:190} INFO - [2024-10-20T19:12:15.728-0300] {dag.py:3239} INFO - Sync 1 DAGs
[2024-10-20T19:12:15.743-0300] {logging_mixin.py:190} INFO - [2024-10-20T19:12:15.743-0300] {dag.py:4180} INFO - Setting next_dagrun for example_branch_operator to 2024-10-19 00:00:00+00:00, run_after=2024-10-20 00:00:00+00:00
[2024-10-20T19:12:15.772-0300] {processor.py:208} INFO - Processing /mnt/c/Users/Pato_/OneDrive/Documentos/ITBA/PYTHON_DATA_APP/itba/lib/python3.10/site-packages/airflow/example_dags/example_branch_operator.py took 0.126 seconds
[2024-10-20T19:13:20.639-0300] {processor.py:186} INFO - Started process (PID=306168) to work on /mnt/c/Users/Pato_/OneDrive/Documentos/ITBA/PYTHON_DATA_APP/itba/lib/python3.10/site-packages/airflow/example_dags/example_branch_operator.py
[2024-10-20T19:13:20.640-0300] {processor.py:914} INFO - Processing file /mnt/c/Users/Pato_/OneDrive/Documentos/ITBA/PYTHON_DATA_APP/itba/lib/python3.10/site-packages/airflow/example_dags/example_branch_operator.py for tasks to queue
[2024-10-20T19:13:20.642-0300] {logging_mixin.py:190} INFO - [2024-10-20T19:13:20.641-0300] {dagbag.py:588} INFO - Filling up the DagBag from /mnt/c/Users/Pato_/OneDrive/Documentos/ITBA/PYTHON_DATA_APP/itba/lib/python3.10/site-packages/airflow/example_dags/example_branch_operator.py
[2024-10-20T19:13:20.696-0300] {processor.py:925} INFO - DAG(s) 'example_branch_operator' retrieved from /mnt/c/Users/Pato_/OneDrive/Documentos/ITBA/PYTHON_DATA_APP/itba/lib/python3.10/site-packages/airflow/example_dags/example_branch_operator.py
[2024-10-20T19:13:20.715-0300] {logging_mixin.py:190} INFO - [2024-10-20T19:13:20.714-0300] {dag.py:3239} INFO - Sync 1 DAGs
[2024-10-20T19:13:20.729-0300] {logging_mixin.py:190} INFO - [2024-10-20T19:13:20.729-0300] {dag.py:4180} INFO - Setting next_dagrun for example_branch_operator to 2024-10-19 00:00:00+00:00, run_after=2024-10-20 00:00:00+00:00
[2024-10-20T19:13:20.764-0300] {processor.py:208} INFO - Processing /mnt/c/Users/Pato_/OneDrive/Documentos/ITBA/PYTHON_DATA_APP/itba/lib/python3.10/site-packages/airflow/example_dags/example_branch_operator.py took 0.131 seconds
[2024-10-20T19:14:27.429-0300] {processor.py:186} INFO - Started process (PID=306689) to work on /mnt/c/Users/Pato_/OneDrive/Documentos/ITBA/PYTHON_DATA_APP/itba/lib/python3.10/site-packages/airflow/example_dags/example_branch_operator.py
[2024-10-20T19:14:27.430-0300] {processor.py:914} INFO - Processing file /mnt/c/Users/Pato_/OneDrive/Documentos/ITBA/PYTHON_DATA_APP/itba/lib/python3.10/site-packages/airflow/example_dags/example_branch_operator.py for tasks to queue
[2024-10-20T19:14:27.432-0300] {logging_mixin.py:190} INFO - [2024-10-20T19:14:27.431-0300] {dagbag.py:588} INFO - Filling up the DagBag from /mnt/c/Users/Pato_/OneDrive/Documentos/ITBA/PYTHON_DATA_APP/itba/lib/python3.10/site-packages/airflow/example_dags/example_branch_operator.py
[2024-10-20T19:14:27.484-0300] {processor.py:925} INFO - DAG(s) 'example_branch_operator' retrieved from /mnt/c/Users/Pato_/OneDrive/Documentos/ITBA/PYTHON_DATA_APP/itba/lib/python3.10/site-packages/airflow/example_dags/example_branch_operator.py
[2024-10-20T19:14:27.502-0300] {logging_mixin.py:190} INFO - [2024-10-20T19:14:27.502-0300] {dag.py:3239} INFO - Sync 1 DAGs
[2024-10-20T19:14:27.516-0300] {logging_mixin.py:190} INFO - [2024-10-20T19:14:27.516-0300] {dag.py:4180} INFO - Setting next_dagrun for example_branch_operator to 2024-10-19 00:00:00+00:00, run_after=2024-10-20 00:00:00+00:00
[2024-10-20T19:14:27.545-0300] {processor.py:208} INFO - Processing /mnt/c/Users/Pato_/OneDrive/Documentos/ITBA/PYTHON_DATA_APP/itba/lib/python3.10/site-packages/airflow/example_dags/example_branch_operator.py took 0.123 seconds
[2024-10-20T19:15:36.772-0300] {processor.py:186} INFO - Started process (PID=307257) to work on /mnt/c/Users/Pato_/OneDrive/Documentos/ITBA/PYTHON_DATA_APP/itba/lib/python3.10/site-packages/airflow/example_dags/example_branch_operator.py
[2024-10-20T19:15:36.773-0300] {processor.py:914} INFO - Processing file /mnt/c/Users/Pato_/OneDrive/Documentos/ITBA/PYTHON_DATA_APP/itba/lib/python3.10/site-packages/airflow/example_dags/example_branch_operator.py for tasks to queue
[2024-10-20T19:15:36.774-0300] {logging_mixin.py:190} INFO - [2024-10-20T19:15:36.774-0300] {dagbag.py:588} INFO - Filling up the DagBag from /mnt/c/Users/Pato_/OneDrive/Documentos/ITBA/PYTHON_DATA_APP/itba/lib/python3.10/site-packages/airflow/example_dags/example_branch_operator.py
[2024-10-20T19:15:36.828-0300] {processor.py:925} INFO - DAG(s) 'example_branch_operator' retrieved from /mnt/c/Users/Pato_/OneDrive/Documentos/ITBA/PYTHON_DATA_APP/itba/lib/python3.10/site-packages/airflow/example_dags/example_branch_operator.py
[2024-10-20T19:15:36.847-0300] {logging_mixin.py:190} INFO - [2024-10-20T19:15:36.847-0300] {dag.py:3239} INFO - Sync 1 DAGs
[2024-10-20T19:15:36.861-0300] {logging_mixin.py:190} INFO - [2024-10-20T19:15:36.861-0300] {dag.py:4180} INFO - Setting next_dagrun for example_branch_operator to 2024-10-19 00:00:00+00:00, run_after=2024-10-20 00:00:00+00:00
[2024-10-20T19:15:36.890-0300] {processor.py:208} INFO - Processing /mnt/c/Users/Pato_/OneDrive/Documentos/ITBA/PYTHON_DATA_APP/itba/lib/python3.10/site-packages/airflow/example_dags/example_branch_operator.py took 0.125 seconds
[2024-10-20T19:16:44.536-0300] {processor.py:186} INFO - Started process (PID=307784) to work on /mnt/c/Users/Pato_/OneDrive/Documentos/ITBA/PYTHON_DATA_APP/itba/lib/python3.10/site-packages/airflow/example_dags/example_branch_operator.py
[2024-10-20T19:16:44.537-0300] {processor.py:914} INFO - Processing file /mnt/c/Users/Pato_/OneDrive/Documentos/ITBA/PYTHON_DATA_APP/itba/lib/python3.10/site-packages/airflow/example_dags/example_branch_operator.py for tasks to queue
[2024-10-20T19:16:44.539-0300] {logging_mixin.py:190} INFO - [2024-10-20T19:16:44.539-0300] {dagbag.py:588} INFO - Filling up the DagBag from /mnt/c/Users/Pato_/OneDrive/Documentos/ITBA/PYTHON_DATA_APP/itba/lib/python3.10/site-packages/airflow/example_dags/example_branch_operator.py
[2024-10-20T19:16:44.594-0300] {processor.py:925} INFO - DAG(s) 'example_branch_operator' retrieved from /mnt/c/Users/Pato_/OneDrive/Documentos/ITBA/PYTHON_DATA_APP/itba/lib/python3.10/site-packages/airflow/example_dags/example_branch_operator.py
[2024-10-20T19:16:44.613-0300] {logging_mixin.py:190} INFO - [2024-10-20T19:16:44.613-0300] {dag.py:3239} INFO - Sync 1 DAGs
[2024-10-20T19:16:44.627-0300] {logging_mixin.py:190} INFO - [2024-10-20T19:16:44.627-0300] {dag.py:4180} INFO - Setting next_dagrun for example_branch_operator to 2024-10-19 00:00:00+00:00, run_after=2024-10-20 00:00:00+00:00
[2024-10-20T19:16:44.656-0300] {processor.py:208} INFO - Processing /mnt/c/Users/Pato_/OneDrive/Documentos/ITBA/PYTHON_DATA_APP/itba/lib/python3.10/site-packages/airflow/example_dags/example_branch_operator.py took 0.127 seconds
[2024-10-20T19:18:01.480-0300] {processor.py:186} INFO - Started process (PID=308383) to work on /mnt/c/Users/Pato_/OneDrive/Documentos/ITBA/PYTHON_DATA_APP/itba/lib/python3.10/site-packages/airflow/example_dags/example_branch_operator.py
[2024-10-20T19:18:01.481-0300] {processor.py:914} INFO - Processing file /mnt/c/Users/Pato_/OneDrive/Documentos/ITBA/PYTHON_DATA_APP/itba/lib/python3.10/site-packages/airflow/example_dags/example_branch_operator.py for tasks to queue
[2024-10-20T19:18:01.483-0300] {logging_mixin.py:190} INFO - [2024-10-20T19:18:01.482-0300] {dagbag.py:588} INFO - Filling up the DagBag from /mnt/c/Users/Pato_/OneDrive/Documentos/ITBA/PYTHON_DATA_APP/itba/lib/python3.10/site-packages/airflow/example_dags/example_branch_operator.py
[2024-10-20T19:18:01.535-0300] {processor.py:925} INFO - DAG(s) 'example_branch_operator' retrieved from /mnt/c/Users/Pato_/OneDrive/Documentos/ITBA/PYTHON_DATA_APP/itba/lib/python3.10/site-packages/airflow/example_dags/example_branch_operator.py
[2024-10-20T19:18:01.555-0300] {logging_mixin.py:190} INFO - [2024-10-20T19:18:01.554-0300] {dag.py:3239} INFO - Sync 1 DAGs
[2024-10-20T19:18:01.570-0300] {logging_mixin.py:190} INFO - [2024-10-20T19:18:01.569-0300] {dag.py:4180} INFO - Setting next_dagrun for example_branch_operator to 2024-10-19 00:00:00+00:00, run_after=2024-10-20 00:00:00+00:00
[2024-10-20T19:18:01.598-0300] {processor.py:208} INFO - Processing /mnt/c/Users/Pato_/OneDrive/Documentos/ITBA/PYTHON_DATA_APP/itba/lib/python3.10/site-packages/airflow/example_dags/example_branch_operator.py took 0.125 seconds
[2024-10-20T19:19:11.721-0300] {processor.py:186} INFO - Started process (PID=308932) to work on /mnt/c/Users/Pato_/OneDrive/Documentos/ITBA/PYTHON_DATA_APP/itba/lib/python3.10/site-packages/airflow/example_dags/example_branch_operator.py
[2024-10-20T19:19:11.722-0300] {processor.py:914} INFO - Processing file /mnt/c/Users/Pato_/OneDrive/Documentos/ITBA/PYTHON_DATA_APP/itba/lib/python3.10/site-packages/airflow/example_dags/example_branch_operator.py for tasks to queue
[2024-10-20T19:19:11.724-0300] {logging_mixin.py:190} INFO - [2024-10-20T19:19:11.723-0300] {dagbag.py:588} INFO - Filling up the DagBag from /mnt/c/Users/Pato_/OneDrive/Documentos/ITBA/PYTHON_DATA_APP/itba/lib/python3.10/site-packages/airflow/example_dags/example_branch_operator.py
[2024-10-20T19:19:11.777-0300] {processor.py:925} INFO - DAG(s) 'example_branch_operator' retrieved from /mnt/c/Users/Pato_/OneDrive/Documentos/ITBA/PYTHON_DATA_APP/itba/lib/python3.10/site-packages/airflow/example_dags/example_branch_operator.py
[2024-10-20T19:19:11.797-0300] {logging_mixin.py:190} INFO - [2024-10-20T19:19:11.797-0300] {dag.py:3239} INFO - Sync 1 DAGs
[2024-10-20T19:19:11.811-0300] {logging_mixin.py:190} INFO - [2024-10-20T19:19:11.811-0300] {dag.py:4180} INFO - Setting next_dagrun for example_branch_operator to 2024-10-19 00:00:00+00:00, run_after=2024-10-20 00:00:00+00:00
[2024-10-20T19:19:11.839-0300] {processor.py:208} INFO - Processing /mnt/c/Users/Pato_/OneDrive/Documentos/ITBA/PYTHON_DATA_APP/itba/lib/python3.10/site-packages/airflow/example_dags/example_branch_operator.py took 0.125 seconds
[2024-10-20T19:20:22.065-0300] {processor.py:186} INFO - Started process (PID=309506) to work on /mnt/c/Users/Pato_/OneDrive/Documentos/ITBA/PYTHON_DATA_APP/itba/lib/python3.10/site-packages/airflow/example_dags/example_branch_operator.py
[2024-10-20T19:20:22.066-0300] {processor.py:914} INFO - Processing file /mnt/c/Users/Pato_/OneDrive/Documentos/ITBA/PYTHON_DATA_APP/itba/lib/python3.10/site-packages/airflow/example_dags/example_branch_operator.py for tasks to queue
[2024-10-20T19:20:22.068-0300] {logging_mixin.py:190} INFO - [2024-10-20T19:20:22.067-0300] {dagbag.py:588} INFO - Filling up the DagBag from /mnt/c/Users/Pato_/OneDrive/Documentos/ITBA/PYTHON_DATA_APP/itba/lib/python3.10/site-packages/airflow/example_dags/example_branch_operator.py
[2024-10-20T19:20:22.123-0300] {processor.py:925} INFO - DAG(s) 'example_branch_operator' retrieved from /mnt/c/Users/Pato_/OneDrive/Documentos/ITBA/PYTHON_DATA_APP/itba/lib/python3.10/site-packages/airflow/example_dags/example_branch_operator.py
[2024-10-20T19:20:22.143-0300] {logging_mixin.py:190} INFO - [2024-10-20T19:20:22.143-0300] {dag.py:3239} INFO - Sync 1 DAGs
[2024-10-20T19:20:22.158-0300] {logging_mixin.py:190} INFO - [2024-10-20T19:20:22.158-0300] {dag.py:4180} INFO - Setting next_dagrun for example_branch_operator to 2024-10-19 00:00:00+00:00, run_after=2024-10-20 00:00:00+00:00
[2024-10-20T19:20:22.189-0300] {processor.py:208} INFO - Processing /mnt/c/Users/Pato_/OneDrive/Documentos/ITBA/PYTHON_DATA_APP/itba/lib/python3.10/site-packages/airflow/example_dags/example_branch_operator.py took 0.132 seconds
[2024-10-20T19:21:31.980-0300] {processor.py:186} INFO - Started process (PID=310121) to work on /mnt/c/Users/Pato_/OneDrive/Documentos/ITBA/PYTHON_DATA_APP/itba/lib/python3.10/site-packages/airflow/example_dags/example_branch_operator.py
[2024-10-20T19:21:31.981-0300] {processor.py:914} INFO - Processing file /mnt/c/Users/Pato_/OneDrive/Documentos/ITBA/PYTHON_DATA_APP/itba/lib/python3.10/site-packages/airflow/example_dags/example_branch_operator.py for tasks to queue
[2024-10-20T19:21:31.983-0300] {logging_mixin.py:190} INFO - [2024-10-20T19:21:31.982-0300] {dagbag.py:588} INFO - Filling up the DagBag from /mnt/c/Users/Pato_/OneDrive/Documentos/ITBA/PYTHON_DATA_APP/itba/lib/python3.10/site-packages/airflow/example_dags/example_branch_operator.py
[2024-10-20T19:21:32.036-0300] {processor.py:925} INFO - DAG(s) 'example_branch_operator' retrieved from /mnt/c/Users/Pato_/OneDrive/Documentos/ITBA/PYTHON_DATA_APP/itba/lib/python3.10/site-packages/airflow/example_dags/example_branch_operator.py
[2024-10-20T19:21:32.056-0300] {logging_mixin.py:190} INFO - [2024-10-20T19:21:32.055-0300] {dag.py:3239} INFO - Sync 1 DAGs
[2024-10-20T19:21:32.070-0300] {logging_mixin.py:190} INFO - [2024-10-20T19:21:32.070-0300] {dag.py:4180} INFO - Setting next_dagrun for example_branch_operator to 2024-10-19 00:00:00+00:00, run_after=2024-10-20 00:00:00+00:00
[2024-10-20T19:21:32.100-0300] {processor.py:208} INFO - Processing /mnt/c/Users/Pato_/OneDrive/Documentos/ITBA/PYTHON_DATA_APP/itba/lib/python3.10/site-packages/airflow/example_dags/example_branch_operator.py took 0.127 seconds
[2024-10-20T19:22:37.581-0300] {processor.py:186} INFO - Started process (PID=310723) to work on /mnt/c/Users/Pato_/OneDrive/Documentos/ITBA/PYTHON_DATA_APP/itba/lib/python3.10/site-packages/airflow/example_dags/example_branch_operator.py
[2024-10-20T19:22:37.582-0300] {processor.py:914} INFO - Processing file /mnt/c/Users/Pato_/OneDrive/Documentos/ITBA/PYTHON_DATA_APP/itba/lib/python3.10/site-packages/airflow/example_dags/example_branch_operator.py for tasks to queue
[2024-10-20T19:22:37.584-0300] {logging_mixin.py:190} INFO - [2024-10-20T19:22:37.583-0300] {dagbag.py:588} INFO - Filling up the DagBag from /mnt/c/Users/Pato_/OneDrive/Documentos/ITBA/PYTHON_DATA_APP/itba/lib/python3.10/site-packages/airflow/example_dags/example_branch_operator.py
[2024-10-20T19:22:37.637-0300] {processor.py:925} INFO - DAG(s) 'example_branch_operator' retrieved from /mnt/c/Users/Pato_/OneDrive/Documentos/ITBA/PYTHON_DATA_APP/itba/lib/python3.10/site-packages/airflow/example_dags/example_branch_operator.py
[2024-10-20T19:22:37.656-0300] {logging_mixin.py:190} INFO - [2024-10-20T19:22:37.655-0300] {dag.py:3239} INFO - Sync 1 DAGs
[2024-10-20T19:22:37.670-0300] {logging_mixin.py:190} INFO - [2024-10-20T19:22:37.670-0300] {dag.py:4180} INFO - Setting next_dagrun for example_branch_operator to 2024-10-19 00:00:00+00:00, run_after=2024-10-20 00:00:00+00:00
[2024-10-20T19:22:37.698-0300] {processor.py:208} INFO - Processing /mnt/c/Users/Pato_/OneDrive/Documentos/ITBA/PYTHON_DATA_APP/itba/lib/python3.10/site-packages/airflow/example_dags/example_branch_operator.py took 0.124 seconds
[2024-10-20T19:24:08.265-0300] {processor.py:186} INFO - Started process (PID=311907) to work on /mnt/c/Users/Pato_/OneDrive/Documentos/ITBA/PYTHON_DATA_APP/itba/lib/python3.10/site-packages/airflow/example_dags/example_branch_operator.py
[2024-10-20T19:24:08.266-0300] {processor.py:914} INFO - Processing file /mnt/c/Users/Pato_/OneDrive/Documentos/ITBA/PYTHON_DATA_APP/itba/lib/python3.10/site-packages/airflow/example_dags/example_branch_operator.py for tasks to queue
[2024-10-20T19:24:08.268-0300] {logging_mixin.py:190} INFO - [2024-10-20T19:24:08.267-0300] {dagbag.py:588} INFO - Filling up the DagBag from /mnt/c/Users/Pato_/OneDrive/Documentos/ITBA/PYTHON_DATA_APP/itba/lib/python3.10/site-packages/airflow/example_dags/example_branch_operator.py
[2024-10-20T19:24:08.329-0300] {processor.py:925} INFO - DAG(s) 'example_branch_operator' retrieved from /mnt/c/Users/Pato_/OneDrive/Documentos/ITBA/PYTHON_DATA_APP/itba/lib/python3.10/site-packages/airflow/example_dags/example_branch_operator.py
[2024-10-20T19:24:08.353-0300] {logging_mixin.py:190} INFO - [2024-10-20T19:24:08.352-0300] {dag.py:3239} INFO - Sync 1 DAGs
[2024-10-20T19:24:08.369-0300] {logging_mixin.py:190} INFO - [2024-10-20T19:24:08.369-0300] {dag.py:4180} INFO - Setting next_dagrun for example_branch_operator to 2024-10-19 00:00:00+00:00, run_after=2024-10-20 00:00:00+00:00
[2024-10-20T19:24:08.400-0300] {processor.py:208} INFO - Processing /mnt/c/Users/Pato_/OneDrive/Documentos/ITBA/PYTHON_DATA_APP/itba/lib/python3.10/site-packages/airflow/example_dags/example_branch_operator.py took 0.142 seconds
[2024-10-20T19:26:53.310-0300] {processor.py:186} INFO - Started process (PID=313909) to work on /mnt/c/Users/Pato_/OneDrive/Documentos/ITBA/PYTHON_DATA_APP/itba/lib/python3.10/site-packages/airflow/example_dags/example_branch_operator.py
[2024-10-20T19:26:53.311-0300] {processor.py:914} INFO - Processing file /mnt/c/Users/Pato_/OneDrive/Documentos/ITBA/PYTHON_DATA_APP/itba/lib/python3.10/site-packages/airflow/example_dags/example_branch_operator.py for tasks to queue
[2024-10-20T19:26:53.313-0300] {logging_mixin.py:190} INFO - [2024-10-20T19:26:53.312-0300] {dagbag.py:588} INFO - Filling up the DagBag from /mnt/c/Users/Pato_/OneDrive/Documentos/ITBA/PYTHON_DATA_APP/itba/lib/python3.10/site-packages/airflow/example_dags/example_branch_operator.py
[2024-10-20T19:26:53.369-0300] {processor.py:925} INFO - DAG(s) 'example_branch_operator' retrieved from /mnt/c/Users/Pato_/OneDrive/Documentos/ITBA/PYTHON_DATA_APP/itba/lib/python3.10/site-packages/airflow/example_dags/example_branch_operator.py
[2024-10-20T19:26:53.388-0300] {logging_mixin.py:190} INFO - [2024-10-20T19:26:53.388-0300] {dag.py:3239} INFO - Sync 1 DAGs
[2024-10-20T19:26:53.403-0300] {logging_mixin.py:190} INFO - [2024-10-20T19:26:53.402-0300] {dag.py:4180} INFO - Setting next_dagrun for example_branch_operator to 2024-10-19 00:00:00+00:00, run_after=2024-10-20 00:00:00+00:00
[2024-10-20T19:26:53.432-0300] {processor.py:208} INFO - Processing /mnt/c/Users/Pato_/OneDrive/Documentos/ITBA/PYTHON_DATA_APP/itba/lib/python3.10/site-packages/airflow/example_dags/example_branch_operator.py took 0.130 seconds
[2024-10-20T19:28:05.188-0300] {processor.py:186} INFO - Started process (PID=314895) to work on /mnt/c/Users/Pato_/OneDrive/Documentos/ITBA/PYTHON_DATA_APP/itba/lib/python3.10/site-packages/airflow/example_dags/example_branch_operator.py
[2024-10-20T19:28:05.189-0300] {processor.py:914} INFO - Processing file /mnt/c/Users/Pato_/OneDrive/Documentos/ITBA/PYTHON_DATA_APP/itba/lib/python3.10/site-packages/airflow/example_dags/example_branch_operator.py for tasks to queue
[2024-10-20T19:28:05.191-0300] {logging_mixin.py:190} INFO - [2024-10-20T19:28:05.190-0300] {dagbag.py:588} INFO - Filling up the DagBag from /mnt/c/Users/Pato_/OneDrive/Documentos/ITBA/PYTHON_DATA_APP/itba/lib/python3.10/site-packages/airflow/example_dags/example_branch_operator.py
[2024-10-20T19:28:05.247-0300] {processor.py:925} INFO - DAG(s) 'example_branch_operator' retrieved from /mnt/c/Users/Pato_/OneDrive/Documentos/ITBA/PYTHON_DATA_APP/itba/lib/python3.10/site-packages/airflow/example_dags/example_branch_operator.py
[2024-10-20T19:28:05.267-0300] {logging_mixin.py:190} INFO - [2024-10-20T19:28:05.266-0300] {dag.py:3239} INFO - Sync 1 DAGs
[2024-10-20T19:28:05.281-0300] {logging_mixin.py:190} INFO - [2024-10-20T19:28:05.281-0300] {dag.py:4180} INFO - Setting next_dagrun for example_branch_operator to 2024-10-19 00:00:00+00:00, run_after=2024-10-20 00:00:00+00:00
[2024-10-20T19:28:05.312-0300] {processor.py:208} INFO - Processing /mnt/c/Users/Pato_/OneDrive/Documentos/ITBA/PYTHON_DATA_APP/itba/lib/python3.10/site-packages/airflow/example_dags/example_branch_operator.py took 0.131 seconds
[2024-10-20T19:29:10.574-0300] {processor.py:186} INFO - Started process (PID=315547) to work on /mnt/c/Users/Pato_/OneDrive/Documentos/ITBA/PYTHON_DATA_APP/itba/lib/python3.10/site-packages/airflow/example_dags/example_branch_operator.py
[2024-10-20T19:29:10.575-0300] {processor.py:914} INFO - Processing file /mnt/c/Users/Pato_/OneDrive/Documentos/ITBA/PYTHON_DATA_APP/itba/lib/python3.10/site-packages/airflow/example_dags/example_branch_operator.py for tasks to queue
[2024-10-20T19:29:10.577-0300] {logging_mixin.py:190} INFO - [2024-10-20T19:29:10.576-0300] {dagbag.py:588} INFO - Filling up the DagBag from /mnt/c/Users/Pato_/OneDrive/Documentos/ITBA/PYTHON_DATA_APP/itba/lib/python3.10/site-packages/airflow/example_dags/example_branch_operator.py
[2024-10-20T19:29:10.632-0300] {processor.py:925} INFO - DAG(s) 'example_branch_operator' retrieved from /mnt/c/Users/Pato_/OneDrive/Documentos/ITBA/PYTHON_DATA_APP/itba/lib/python3.10/site-packages/airflow/example_dags/example_branch_operator.py
[2024-10-20T19:29:10.651-0300] {logging_mixin.py:190} INFO - [2024-10-20T19:29:10.651-0300] {dag.py:3239} INFO - Sync 1 DAGs
[2024-10-20T19:29:10.666-0300] {logging_mixin.py:190} INFO - [2024-10-20T19:29:10.666-0300] {dag.py:4180} INFO - Setting next_dagrun for example_branch_operator to 2024-10-19 00:00:00+00:00, run_after=2024-10-20 00:00:00+00:00
[2024-10-20T19:29:10.697-0300] {processor.py:208} INFO - Processing /mnt/c/Users/Pato_/OneDrive/Documentos/ITBA/PYTHON_DATA_APP/itba/lib/python3.10/site-packages/airflow/example_dags/example_branch_operator.py took 0.129 seconds
[2024-10-20T19:30:22.941-0300] {processor.py:186} INFO - Started process (PID=316294) to work on /mnt/c/Users/Pato_/OneDrive/Documentos/ITBA/PYTHON_DATA_APP/itba/lib/python3.10/site-packages/airflow/example_dags/example_branch_operator.py
[2024-10-20T19:30:22.942-0300] {processor.py:914} INFO - Processing file /mnt/c/Users/Pato_/OneDrive/Documentos/ITBA/PYTHON_DATA_APP/itba/lib/python3.10/site-packages/airflow/example_dags/example_branch_operator.py for tasks to queue
[2024-10-20T19:30:22.944-0300] {logging_mixin.py:190} INFO - [2024-10-20T19:30:22.944-0300] {dagbag.py:588} INFO - Filling up the DagBag from /mnt/c/Users/Pato_/OneDrive/Documentos/ITBA/PYTHON_DATA_APP/itba/lib/python3.10/site-packages/airflow/example_dags/example_branch_operator.py
[2024-10-20T19:30:22.999-0300] {processor.py:925} INFO - DAG(s) 'example_branch_operator' retrieved from /mnt/c/Users/Pato_/OneDrive/Documentos/ITBA/PYTHON_DATA_APP/itba/lib/python3.10/site-packages/airflow/example_dags/example_branch_operator.py
[2024-10-20T19:30:23.018-0300] {logging_mixin.py:190} INFO - [2024-10-20T19:30:23.018-0300] {dag.py:3239} INFO - Sync 1 DAGs
[2024-10-20T19:30:23.033-0300] {logging_mixin.py:190} INFO - [2024-10-20T19:30:23.033-0300] {dag.py:4180} INFO - Setting next_dagrun for example_branch_operator to 2024-10-19 00:00:00+00:00, run_after=2024-10-20 00:00:00+00:00
[2024-10-20T19:30:23.062-0300] {processor.py:208} INFO - Processing /mnt/c/Users/Pato_/OneDrive/Documentos/ITBA/PYTHON_DATA_APP/itba/lib/python3.10/site-packages/airflow/example_dags/example_branch_operator.py took 0.128 seconds
[2024-10-20T19:31:28.402-0300] {processor.py:186} INFO - Started process (PID=316805) to work on /mnt/c/Users/Pato_/OneDrive/Documentos/ITBA/PYTHON_DATA_APP/itba/lib/python3.10/site-packages/airflow/example_dags/example_branch_operator.py
[2024-10-20T19:31:28.403-0300] {processor.py:914} INFO - Processing file /mnt/c/Users/Pato_/OneDrive/Documentos/ITBA/PYTHON_DATA_APP/itba/lib/python3.10/site-packages/airflow/example_dags/example_branch_operator.py for tasks to queue
[2024-10-20T19:31:28.405-0300] {logging_mixin.py:190} INFO - [2024-10-20T19:31:28.405-0300] {dagbag.py:588} INFO - Filling up the DagBag from /mnt/c/Users/Pato_/OneDrive/Documentos/ITBA/PYTHON_DATA_APP/itba/lib/python3.10/site-packages/airflow/example_dags/example_branch_operator.py
[2024-10-20T19:31:28.462-0300] {processor.py:925} INFO - DAG(s) 'example_branch_operator' retrieved from /mnt/c/Users/Pato_/OneDrive/Documentos/ITBA/PYTHON_DATA_APP/itba/lib/python3.10/site-packages/airflow/example_dags/example_branch_operator.py
[2024-10-20T19:31:28.481-0300] {logging_mixin.py:190} INFO - [2024-10-20T19:31:28.481-0300] {dag.py:3239} INFO - Sync 1 DAGs
[2024-10-20T19:31:28.496-0300] {logging_mixin.py:190} INFO - [2024-10-20T19:31:28.495-0300] {dag.py:4180} INFO - Setting next_dagrun for example_branch_operator to 2024-10-19 00:00:00+00:00, run_after=2024-10-20 00:00:00+00:00
[2024-10-20T19:31:28.524-0300] {processor.py:208} INFO - Processing /mnt/c/Users/Pato_/OneDrive/Documentos/ITBA/PYTHON_DATA_APP/itba/lib/python3.10/site-packages/airflow/example_dags/example_branch_operator.py took 0.128 seconds
[2024-10-20T19:32:36.725-0300] {processor.py:186} INFO - Started process (PID=317341) to work on /mnt/c/Users/Pato_/OneDrive/Documentos/ITBA/PYTHON_DATA_APP/itba/lib/python3.10/site-packages/airflow/example_dags/example_branch_operator.py
[2024-10-20T19:32:36.726-0300] {processor.py:914} INFO - Processing file /mnt/c/Users/Pato_/OneDrive/Documentos/ITBA/PYTHON_DATA_APP/itba/lib/python3.10/site-packages/airflow/example_dags/example_branch_operator.py for tasks to queue
[2024-10-20T19:32:36.728-0300] {logging_mixin.py:190} INFO - [2024-10-20T19:32:36.727-0300] {dagbag.py:588} INFO - Filling up the DagBag from /mnt/c/Users/Pato_/OneDrive/Documentos/ITBA/PYTHON_DATA_APP/itba/lib/python3.10/site-packages/airflow/example_dags/example_branch_operator.py
[2024-10-20T19:32:36.783-0300] {processor.py:925} INFO - DAG(s) 'example_branch_operator' retrieved from /mnt/c/Users/Pato_/OneDrive/Documentos/ITBA/PYTHON_DATA_APP/itba/lib/python3.10/site-packages/airflow/example_dags/example_branch_operator.py
[2024-10-20T19:32:36.805-0300] {logging_mixin.py:190} INFO - [2024-10-20T19:32:36.805-0300] {dag.py:3239} INFO - Sync 1 DAGs
[2024-10-20T19:32:36.821-0300] {logging_mixin.py:190} INFO - [2024-10-20T19:32:36.820-0300] {dag.py:4180} INFO - Setting next_dagrun for example_branch_operator to 2024-10-19 00:00:00+00:00, run_after=2024-10-20 00:00:00+00:00
[2024-10-20T19:32:36.851-0300] {processor.py:208} INFO - Processing /mnt/c/Users/Pato_/OneDrive/Documentos/ITBA/PYTHON_DATA_APP/itba/lib/python3.10/site-packages/airflow/example_dags/example_branch_operator.py took 0.132 seconds
[2024-10-20T19:33:43.716-0300] {processor.py:186} INFO - Started process (PID=318001) to work on /mnt/c/Users/Pato_/OneDrive/Documentos/ITBA/PYTHON_DATA_APP/itba/lib/python3.10/site-packages/airflow/example_dags/example_branch_operator.py
[2024-10-20T19:33:43.717-0300] {processor.py:914} INFO - Processing file /mnt/c/Users/Pato_/OneDrive/Documentos/ITBA/PYTHON_DATA_APP/itba/lib/python3.10/site-packages/airflow/example_dags/example_branch_operator.py for tasks to queue
[2024-10-20T19:33:43.719-0300] {logging_mixin.py:190} INFO - [2024-10-20T19:33:43.718-0300] {dagbag.py:588} INFO - Filling up the DagBag from /mnt/c/Users/Pato_/OneDrive/Documentos/ITBA/PYTHON_DATA_APP/itba/lib/python3.10/site-packages/airflow/example_dags/example_branch_operator.py
[2024-10-20T19:33:43.772-0300] {processor.py:925} INFO - DAG(s) 'example_branch_operator' retrieved from /mnt/c/Users/Pato_/OneDrive/Documentos/ITBA/PYTHON_DATA_APP/itba/lib/python3.10/site-packages/airflow/example_dags/example_branch_operator.py
[2024-10-20T19:33:43.792-0300] {logging_mixin.py:190} INFO - [2024-10-20T19:33:43.791-0300] {dag.py:3239} INFO - Sync 1 DAGs
[2024-10-20T19:33:43.806-0300] {logging_mixin.py:190} INFO - [2024-10-20T19:33:43.805-0300] {dag.py:4180} INFO - Setting next_dagrun for example_branch_operator to 2024-10-19 00:00:00+00:00, run_after=2024-10-20 00:00:00+00:00
[2024-10-20T19:33:43.834-0300] {processor.py:208} INFO - Processing /mnt/c/Users/Pato_/OneDrive/Documentos/ITBA/PYTHON_DATA_APP/itba/lib/python3.10/site-packages/airflow/example_dags/example_branch_operator.py took 0.125 seconds
[2024-10-20T19:34:52.632-0300] {processor.py:186} INFO - Started process (PID=318730) to work on /mnt/c/Users/Pato_/OneDrive/Documentos/ITBA/PYTHON_DATA_APP/itba/lib/python3.10/site-packages/airflow/example_dags/example_branch_operator.py
[2024-10-20T19:34:52.633-0300] {processor.py:914} INFO - Processing file /mnt/c/Users/Pato_/OneDrive/Documentos/ITBA/PYTHON_DATA_APP/itba/lib/python3.10/site-packages/airflow/example_dags/example_branch_operator.py for tasks to queue
[2024-10-20T19:34:52.635-0300] {logging_mixin.py:190} INFO - [2024-10-20T19:34:52.635-0300] {dagbag.py:588} INFO - Filling up the DagBag from /mnt/c/Users/Pato_/OneDrive/Documentos/ITBA/PYTHON_DATA_APP/itba/lib/python3.10/site-packages/airflow/example_dags/example_branch_operator.py
[2024-10-20T19:34:52.689-0300] {processor.py:925} INFO - DAG(s) 'example_branch_operator' retrieved from /mnt/c/Users/Pato_/OneDrive/Documentos/ITBA/PYTHON_DATA_APP/itba/lib/python3.10/site-packages/airflow/example_dags/example_branch_operator.py
[2024-10-20T19:34:52.708-0300] {logging_mixin.py:190} INFO - [2024-10-20T19:34:52.707-0300] {dag.py:3239} INFO - Sync 1 DAGs
[2024-10-20T19:34:52.722-0300] {logging_mixin.py:190} INFO - [2024-10-20T19:34:52.721-0300] {dag.py:4180} INFO - Setting next_dagrun for example_branch_operator to 2024-10-19 00:00:00+00:00, run_after=2024-10-20 00:00:00+00:00
[2024-10-20T19:34:52.750-0300] {processor.py:208} INFO - Processing /mnt/c/Users/Pato_/OneDrive/Documentos/ITBA/PYTHON_DATA_APP/itba/lib/python3.10/site-packages/airflow/example_dags/example_branch_operator.py took 0.125 seconds
[2024-10-20T19:36:00.815-0300] {processor.py:186} INFO - Started process (PID=319358) to work on /mnt/c/Users/Pato_/OneDrive/Documentos/ITBA/PYTHON_DATA_APP/itba/lib/python3.10/site-packages/airflow/example_dags/example_branch_operator.py
[2024-10-20T19:36:00.817-0300] {processor.py:914} INFO - Processing file /mnt/c/Users/Pato_/OneDrive/Documentos/ITBA/PYTHON_DATA_APP/itba/lib/python3.10/site-packages/airflow/example_dags/example_branch_operator.py for tasks to queue
[2024-10-20T19:36:00.819-0300] {logging_mixin.py:190} INFO - [2024-10-20T19:36:00.818-0300] {dagbag.py:588} INFO - Filling up the DagBag from /mnt/c/Users/Pato_/OneDrive/Documentos/ITBA/PYTHON_DATA_APP/itba/lib/python3.10/site-packages/airflow/example_dags/example_branch_operator.py
[2024-10-20T19:36:00.873-0300] {processor.py:925} INFO - DAG(s) 'example_branch_operator' retrieved from /mnt/c/Users/Pato_/OneDrive/Documentos/ITBA/PYTHON_DATA_APP/itba/lib/python3.10/site-packages/airflow/example_dags/example_branch_operator.py
[2024-10-20T19:36:00.892-0300] {logging_mixin.py:190} INFO - [2024-10-20T19:36:00.892-0300] {dag.py:3239} INFO - Sync 1 DAGs
[2024-10-20T19:36:00.907-0300] {logging_mixin.py:190} INFO - [2024-10-20T19:36:00.906-0300] {dag.py:4180} INFO - Setting next_dagrun for example_branch_operator to 2024-10-19 00:00:00+00:00, run_after=2024-10-20 00:00:00+00:00
[2024-10-20T19:36:00.935-0300] {processor.py:208} INFO - Processing /mnt/c/Users/Pato_/OneDrive/Documentos/ITBA/PYTHON_DATA_APP/itba/lib/python3.10/site-packages/airflow/example_dags/example_branch_operator.py took 0.126 seconds
[2024-10-20T19:37:10.172-0300] {processor.py:186} INFO - Started process (PID=319901) to work on /mnt/c/Users/Pato_/OneDrive/Documentos/ITBA/PYTHON_DATA_APP/itba/lib/python3.10/site-packages/airflow/example_dags/example_branch_operator.py
[2024-10-20T19:37:10.173-0300] {processor.py:914} INFO - Processing file /mnt/c/Users/Pato_/OneDrive/Documentos/ITBA/PYTHON_DATA_APP/itba/lib/python3.10/site-packages/airflow/example_dags/example_branch_operator.py for tasks to queue
[2024-10-20T19:37:10.175-0300] {logging_mixin.py:190} INFO - [2024-10-20T19:37:10.175-0300] {dagbag.py:588} INFO - Filling up the DagBag from /mnt/c/Users/Pato_/OneDrive/Documentos/ITBA/PYTHON_DATA_APP/itba/lib/python3.10/site-packages/airflow/example_dags/example_branch_operator.py
[2024-10-20T19:37:10.229-0300] {processor.py:925} INFO - DAG(s) 'example_branch_operator' retrieved from /mnt/c/Users/Pato_/OneDrive/Documentos/ITBA/PYTHON_DATA_APP/itba/lib/python3.10/site-packages/airflow/example_dags/example_branch_operator.py
[2024-10-20T19:37:10.250-0300] {logging_mixin.py:190} INFO - [2024-10-20T19:37:10.249-0300] {dag.py:3239} INFO - Sync 1 DAGs
[2024-10-20T19:37:10.264-0300] {logging_mixin.py:190} INFO - [2024-10-20T19:37:10.264-0300] {dag.py:4180} INFO - Setting next_dagrun for example_branch_operator to 2024-10-19 00:00:00+00:00, run_after=2024-10-20 00:00:00+00:00
[2024-10-20T19:37:10.292-0300] {processor.py:208} INFO - Processing /mnt/c/Users/Pato_/OneDrive/Documentos/ITBA/PYTHON_DATA_APP/itba/lib/python3.10/site-packages/airflow/example_dags/example_branch_operator.py took 0.127 seconds
[2024-10-20T19:38:16.839-0300] {processor.py:186} INFO - Started process (PID=320420) to work on /mnt/c/Users/Pato_/OneDrive/Documentos/ITBA/PYTHON_DATA_APP/itba/lib/python3.10/site-packages/airflow/example_dags/example_branch_operator.py
[2024-10-20T19:38:16.840-0300] {processor.py:914} INFO - Processing file /mnt/c/Users/Pato_/OneDrive/Documentos/ITBA/PYTHON_DATA_APP/itba/lib/python3.10/site-packages/airflow/example_dags/example_branch_operator.py for tasks to queue
[2024-10-20T19:38:16.841-0300] {logging_mixin.py:190} INFO - [2024-10-20T19:38:16.841-0300] {dagbag.py:588} INFO - Filling up the DagBag from /mnt/c/Users/Pato_/OneDrive/Documentos/ITBA/PYTHON_DATA_APP/itba/lib/python3.10/site-packages/airflow/example_dags/example_branch_operator.py
[2024-10-20T19:38:16.896-0300] {processor.py:925} INFO - DAG(s) 'example_branch_operator' retrieved from /mnt/c/Users/Pato_/OneDrive/Documentos/ITBA/PYTHON_DATA_APP/itba/lib/python3.10/site-packages/airflow/example_dags/example_branch_operator.py
[2024-10-20T19:38:16.915-0300] {logging_mixin.py:190} INFO - [2024-10-20T19:38:16.915-0300] {dag.py:3239} INFO - Sync 1 DAGs
[2024-10-20T19:38:16.930-0300] {logging_mixin.py:190} INFO - [2024-10-20T19:38:16.930-0300] {dag.py:4180} INFO - Setting next_dagrun for example_branch_operator to 2024-10-19 00:00:00+00:00, run_after=2024-10-20 00:00:00+00:00
[2024-10-20T19:38:16.959-0300] {processor.py:208} INFO - Processing /mnt/c/Users/Pato_/OneDrive/Documentos/ITBA/PYTHON_DATA_APP/itba/lib/python3.10/site-packages/airflow/example_dags/example_branch_operator.py took 0.127 seconds
[2024-10-20T19:39:21.747-0300] {processor.py:186} INFO - Started process (PID=320929) to work on /mnt/c/Users/Pato_/OneDrive/Documentos/ITBA/PYTHON_DATA_APP/itba/lib/python3.10/site-packages/airflow/example_dags/example_branch_operator.py
[2024-10-20T19:39:21.748-0300] {processor.py:914} INFO - Processing file /mnt/c/Users/Pato_/OneDrive/Documentos/ITBA/PYTHON_DATA_APP/itba/lib/python3.10/site-packages/airflow/example_dags/example_branch_operator.py for tasks to queue
[2024-10-20T19:39:21.750-0300] {logging_mixin.py:190} INFO - [2024-10-20T19:39:21.749-0300] {dagbag.py:588} INFO - Filling up the DagBag from /mnt/c/Users/Pato_/OneDrive/Documentos/ITBA/PYTHON_DATA_APP/itba/lib/python3.10/site-packages/airflow/example_dags/example_branch_operator.py
[2024-10-20T19:39:21.804-0300] {processor.py:925} INFO - DAG(s) 'example_branch_operator' retrieved from /mnt/c/Users/Pato_/OneDrive/Documentos/ITBA/PYTHON_DATA_APP/itba/lib/python3.10/site-packages/airflow/example_dags/example_branch_operator.py
[2024-10-20T19:39:21.823-0300] {logging_mixin.py:190} INFO - [2024-10-20T19:39:21.823-0300] {dag.py:3239} INFO - Sync 1 DAGs
[2024-10-20T19:39:21.837-0300] {logging_mixin.py:190} INFO - [2024-10-20T19:39:21.837-0300] {dag.py:4180} INFO - Setting next_dagrun for example_branch_operator to 2024-10-19 00:00:00+00:00, run_after=2024-10-20 00:00:00+00:00
[2024-10-20T19:39:21.868-0300] {processor.py:208} INFO - Processing /mnt/c/Users/Pato_/OneDrive/Documentos/ITBA/PYTHON_DATA_APP/itba/lib/python3.10/site-packages/airflow/example_dags/example_branch_operator.py took 0.127 seconds
[2024-10-20T19:40:27.644-0300] {processor.py:186} INFO - Started process (PID=321747) to work on /mnt/c/Users/Pato_/OneDrive/Documentos/ITBA/PYTHON_DATA_APP/itba/lib/python3.10/site-packages/airflow/example_dags/example_branch_operator.py
[2024-10-20T19:40:27.645-0300] {processor.py:914} INFO - Processing file /mnt/c/Users/Pato_/OneDrive/Documentos/ITBA/PYTHON_DATA_APP/itba/lib/python3.10/site-packages/airflow/example_dags/example_branch_operator.py for tasks to queue
[2024-10-20T19:40:27.647-0300] {logging_mixin.py:190} INFO - [2024-10-20T19:40:27.646-0300] {dagbag.py:588} INFO - Filling up the DagBag from /mnt/c/Users/Pato_/OneDrive/Documentos/ITBA/PYTHON_DATA_APP/itba/lib/python3.10/site-packages/airflow/example_dags/example_branch_operator.py
[2024-10-20T19:40:27.703-0300] {processor.py:925} INFO - DAG(s) 'example_branch_operator' retrieved from /mnt/c/Users/Pato_/OneDrive/Documentos/ITBA/PYTHON_DATA_APP/itba/lib/python3.10/site-packages/airflow/example_dags/example_branch_operator.py
[2024-10-20T19:40:27.723-0300] {logging_mixin.py:190} INFO - [2024-10-20T19:40:27.722-0300] {dag.py:3239} INFO - Sync 1 DAGs
[2024-10-20T19:40:27.737-0300] {logging_mixin.py:190} INFO - [2024-10-20T19:40:27.737-0300] {dag.py:4180} INFO - Setting next_dagrun for example_branch_operator to 2024-10-19 00:00:00+00:00, run_after=2024-10-20 00:00:00+00:00
[2024-10-20T19:40:27.767-0300] {processor.py:208} INFO - Processing /mnt/c/Users/Pato_/OneDrive/Documentos/ITBA/PYTHON_DATA_APP/itba/lib/python3.10/site-packages/airflow/example_dags/example_branch_operator.py took 0.130 seconds
[2024-10-20T19:41:35.546-0300] {processor.py:186} INFO - Started process (PID=322360) to work on /mnt/c/Users/Pato_/OneDrive/Documentos/ITBA/PYTHON_DATA_APP/itba/lib/python3.10/site-packages/airflow/example_dags/example_branch_operator.py
[2024-10-20T19:41:35.547-0300] {processor.py:914} INFO - Processing file /mnt/c/Users/Pato_/OneDrive/Documentos/ITBA/PYTHON_DATA_APP/itba/lib/python3.10/site-packages/airflow/example_dags/example_branch_operator.py for tasks to queue
[2024-10-20T19:41:35.549-0300] {logging_mixin.py:190} INFO - [2024-10-20T19:41:35.548-0300] {dagbag.py:588} INFO - Filling up the DagBag from /mnt/c/Users/Pato_/OneDrive/Documentos/ITBA/PYTHON_DATA_APP/itba/lib/python3.10/site-packages/airflow/example_dags/example_branch_operator.py
[2024-10-20T19:41:35.604-0300] {processor.py:925} INFO - DAG(s) 'example_branch_operator' retrieved from /mnt/c/Users/Pato_/OneDrive/Documentos/ITBA/PYTHON_DATA_APP/itba/lib/python3.10/site-packages/airflow/example_dags/example_branch_operator.py
[2024-10-20T19:41:35.623-0300] {logging_mixin.py:190} INFO - [2024-10-20T19:41:35.623-0300] {dag.py:3239} INFO - Sync 1 DAGs
[2024-10-20T19:41:35.638-0300] {logging_mixin.py:190} INFO - [2024-10-20T19:41:35.637-0300] {dag.py:4180} INFO - Setting next_dagrun for example_branch_operator to 2024-10-19 00:00:00+00:00, run_after=2024-10-20 00:00:00+00:00
[2024-10-20T19:41:35.667-0300] {processor.py:208} INFO - Processing /mnt/c/Users/Pato_/OneDrive/Documentos/ITBA/PYTHON_DATA_APP/itba/lib/python3.10/site-packages/airflow/example_dags/example_branch_operator.py took 0.128 seconds
