[2024-10-20T19:00:45.222-0300] {processor.py:186} INFO - Started process (PID=298846) to work on /mnt/c/Users/Pato_/OneDrive/Documentos/ITBA/PYTHON_DATA_APP/itba/lib/python3.10/site-packages/airflow/example_dags/example_params_ui_tutorial.py
[2024-10-20T19:00:45.223-0300] {processor.py:914} INFO - Processing file /mnt/c/Users/Pato_/OneDrive/Documentos/ITBA/PYTHON_DATA_APP/itba/lib/python3.10/site-packages/airflow/example_dags/example_params_ui_tutorial.py for tasks to queue
[2024-10-20T19:00:45.225-0300] {logging_mixin.py:190} INFO - [2024-10-20T19:00:45.225-0300] {dagbag.py:588} INFO - Filling up the DagBag from /mnt/c/Users/Pato_/OneDrive/Documentos/ITBA/PYTHON_DATA_APP/itba/lib/python3.10/site-packages/airflow/example_dags/example_params_ui_tutorial.py
[2024-10-20T19:00:45.265-0300] {processor.py:925} INFO - DAG(s) 'example_params_ui_tutorial' retrieved from /mnt/c/Users/Pato_/OneDrive/Documentos/ITBA/PYTHON_DATA_APP/itba/lib/python3.10/site-packages/airflow/example_dags/example_params_ui_tutorial.py
[2024-10-20T19:00:46.029-0300] {logging_mixin.py:190} INFO - [2024-10-20T19:00:46.029-0300] {override.py:1907} INFO - Created Permission View: can read on DAG:example_params_ui_tutorial
[2024-10-20T19:00:46.050-0300] {logging_mixin.py:190} INFO - [2024-10-20T19:00:46.049-0300] {override.py:1907} INFO - Created Permission View: can delete on DAG:example_params_ui_tutorial
[2024-10-20T19:00:46.067-0300] {logging_mixin.py:190} INFO - [2024-10-20T19:00:46.067-0300] {override.py:1907} INFO - Created Permission View: can edit on DAG:example_params_ui_tutorial
[2024-10-20T19:00:46.098-0300] {logging_mixin.py:190} INFO - [2024-10-20T19:00:46.097-0300] {override.py:1907} INFO - Created Permission View: can read on DAG Run:example_params_ui_tutorial
[2024-10-20T19:00:46.115-0300] {logging_mixin.py:190} INFO - [2024-10-20T19:00:46.115-0300] {override.py:1907} INFO - Created Permission View: can delete on DAG Run:example_params_ui_tutorial
[2024-10-20T19:00:46.133-0300] {logging_mixin.py:190} INFO - [2024-10-20T19:00:46.132-0300] {override.py:1907} INFO - Created Permission View: can create on DAG Run:example_params_ui_tutorial
[2024-10-20T19:00:46.151-0300] {logging_mixin.py:190} INFO - [2024-10-20T19:00:46.151-0300] {override.py:1907} INFO - Created Permission View: menu access on DAG Run:example_params_ui_tutorial
[2024-10-20T19:00:46.152-0300] {logging_mixin.py:190} INFO - [2024-10-20T19:00:46.152-0300] {dag.py:3239} INFO - Sync 1 DAGs
[2024-10-20T19:00:46.163-0300] {logging_mixin.py:190} INFO - [2024-10-20T19:00:46.162-0300] {dag.py:3262} INFO - Creating ORM DAG for example_params_ui_tutorial
[2024-10-20T19:00:46.164-0300] {logging_mixin.py:190} INFO - [2024-10-20T19:00:46.163-0300] {dag.py:4180} INFO - Setting next_dagrun for example_params_ui_tutorial to None, run_after=None
[2024-10-20T19:00:46.195-0300] {processor.py:208} INFO - Processing /mnt/c/Users/Pato_/OneDrive/Documentos/ITBA/PYTHON_DATA_APP/itba/lib/python3.10/site-packages/airflow/example_dags/example_params_ui_tutorial.py took 0.980 seconds
[2024-10-20T19:02:54.491-0300] {processor.py:186} INFO - Started process (PID=300005) to work on /mnt/c/Users/Pato_/OneDrive/Documentos/ITBA/PYTHON_DATA_APP/itba/lib/python3.10/site-packages/airflow/example_dags/example_params_ui_tutorial.py
[2024-10-20T19:02:54.492-0300] {processor.py:914} INFO - Processing file /mnt/c/Users/Pato_/OneDrive/Documentos/ITBA/PYTHON_DATA_APP/itba/lib/python3.10/site-packages/airflow/example_dags/example_params_ui_tutorial.py for tasks to queue
[2024-10-20T19:02:54.494-0300] {logging_mixin.py:190} INFO - [2024-10-20T19:02:54.493-0300] {dagbag.py:588} INFO - Filling up the DagBag from /mnt/c/Users/Pato_/OneDrive/Documentos/ITBA/PYTHON_DATA_APP/itba/lib/python3.10/site-packages/airflow/example_dags/example_params_ui_tutorial.py
[2024-10-20T19:02:54.535-0300] {processor.py:925} INFO - DAG(s) 'example_params_ui_tutorial' retrieved from /mnt/c/Users/Pato_/OneDrive/Documentos/ITBA/PYTHON_DATA_APP/itba/lib/python3.10/site-packages/airflow/example_dags/example_params_ui_tutorial.py
[2024-10-20T19:02:54.564-0300] {logging_mixin.py:190} INFO - [2024-10-20T19:02:54.563-0300] {dag.py:3239} INFO - Sync 1 DAGs
[2024-10-20T19:02:54.573-0300] {logging_mixin.py:190} INFO - [2024-10-20T19:02:54.572-0300] {dag.py:4180} INFO - Setting next_dagrun for example_params_ui_tutorial to None, run_after=None
[2024-10-20T19:02:54.602-0300] {processor.py:208} INFO - Processing /mnt/c/Users/Pato_/OneDrive/Documentos/ITBA/PYTHON_DATA_APP/itba/lib/python3.10/site-packages/airflow/example_dags/example_params_ui_tutorial.py took 0.118 seconds
[2024-10-20T19:04:03.394-0300] {processor.py:186} INFO - Started process (PID=300551) to work on /mnt/c/Users/Pato_/OneDrive/Documentos/ITBA/PYTHON_DATA_APP/itba/lib/python3.10/site-packages/airflow/example_dags/example_params_ui_tutorial.py
[2024-10-20T19:04:03.395-0300] {processor.py:914} INFO - Processing file /mnt/c/Users/Pato_/OneDrive/Documentos/ITBA/PYTHON_DATA_APP/itba/lib/python3.10/site-packages/airflow/example_dags/example_params_ui_tutorial.py for tasks to queue
[2024-10-20T19:04:03.397-0300] {logging_mixin.py:190} INFO - [2024-10-20T19:04:03.396-0300] {dagbag.py:588} INFO - Filling up the DagBag from /mnt/c/Users/Pato_/OneDrive/Documentos/ITBA/PYTHON_DATA_APP/itba/lib/python3.10/site-packages/airflow/example_dags/example_params_ui_tutorial.py
[2024-10-20T19:04:03.441-0300] {processor.py:925} INFO - DAG(s) 'example_params_ui_tutorial' retrieved from /mnt/c/Users/Pato_/OneDrive/Documentos/ITBA/PYTHON_DATA_APP/itba/lib/python3.10/site-packages/airflow/example_dags/example_params_ui_tutorial.py
[2024-10-20T19:04:03.472-0300] {logging_mixin.py:190} INFO - [2024-10-20T19:04:03.471-0300] {dag.py:3239} INFO - Sync 1 DAGs
[2024-10-20T19:04:03.481-0300] {logging_mixin.py:190} INFO - [2024-10-20T19:04:03.480-0300] {dag.py:4180} INFO - Setting next_dagrun for example_params_ui_tutorial to None, run_after=None
[2024-10-20T19:04:03.511-0300] {processor.py:208} INFO - Processing /mnt/c/Users/Pato_/OneDrive/Documentos/ITBA/PYTHON_DATA_APP/itba/lib/python3.10/site-packages/airflow/example_dags/example_params_ui_tutorial.py took 0.125 seconds
[2024-10-20T19:05:14.460-0300] {processor.py:186} INFO - Started process (PID=301355) to work on /mnt/c/Users/Pato_/OneDrive/Documentos/ITBA/PYTHON_DATA_APP/itba/lib/python3.10/site-packages/airflow/example_dags/example_params_ui_tutorial.py
[2024-10-20T19:05:14.461-0300] {processor.py:914} INFO - Processing file /mnt/c/Users/Pato_/OneDrive/Documentos/ITBA/PYTHON_DATA_APP/itba/lib/python3.10/site-packages/airflow/example_dags/example_params_ui_tutorial.py for tasks to queue
[2024-10-20T19:05:14.464-0300] {logging_mixin.py:190} INFO - [2024-10-20T19:05:14.463-0300] {dagbag.py:588} INFO - Filling up the DagBag from /mnt/c/Users/Pato_/OneDrive/Documentos/ITBA/PYTHON_DATA_APP/itba/lib/python3.10/site-packages/airflow/example_dags/example_params_ui_tutorial.py
[2024-10-20T19:05:14.509-0300] {processor.py:925} INFO - DAG(s) 'example_params_ui_tutorial' retrieved from /mnt/c/Users/Pato_/OneDrive/Documentos/ITBA/PYTHON_DATA_APP/itba/lib/python3.10/site-packages/airflow/example_dags/example_params_ui_tutorial.py
[2024-10-20T19:05:14.540-0300] {logging_mixin.py:190} INFO - [2024-10-20T19:05:14.540-0300] {dag.py:3239} INFO - Sync 1 DAGs
[2024-10-20T19:05:14.550-0300] {logging_mixin.py:190} INFO - [2024-10-20T19:05:14.549-0300] {dag.py:4180} INFO - Setting next_dagrun for example_params_ui_tutorial to None, run_after=None
[2024-10-20T19:05:14.581-0300] {processor.py:208} INFO - Processing /mnt/c/Users/Pato_/OneDrive/Documentos/ITBA/PYTHON_DATA_APP/itba/lib/python3.10/site-packages/airflow/example_dags/example_params_ui_tutorial.py took 0.128 seconds
[2024-10-20T19:08:10.079-0300] {processor.py:186} INFO - Started process (PID=303649) to work on /mnt/c/Users/Pato_/OneDrive/Documentos/ITBA/PYTHON_DATA_APP/itba/lib/python3.10/site-packages/airflow/example_dags/example_params_ui_tutorial.py
[2024-10-20T19:08:10.080-0300] {processor.py:914} INFO - Processing file /mnt/c/Users/Pato_/OneDrive/Documentos/ITBA/PYTHON_DATA_APP/itba/lib/python3.10/site-packages/airflow/example_dags/example_params_ui_tutorial.py for tasks to queue
[2024-10-20T19:08:10.082-0300] {logging_mixin.py:190} INFO - [2024-10-20T19:08:10.082-0300] {dagbag.py:588} INFO - Filling up the DagBag from /mnt/c/Users/Pato_/OneDrive/Documentos/ITBA/PYTHON_DATA_APP/itba/lib/python3.10/site-packages/airflow/example_dags/example_params_ui_tutorial.py
[2024-10-20T19:08:10.122-0300] {processor.py:925} INFO - DAG(s) 'example_params_ui_tutorial' retrieved from /mnt/c/Users/Pato_/OneDrive/Documentos/ITBA/PYTHON_DATA_APP/itba/lib/python3.10/site-packages/airflow/example_dags/example_params_ui_tutorial.py
[2024-10-20T19:08:10.153-0300] {logging_mixin.py:190} INFO - [2024-10-20T19:08:10.152-0300] {dag.py:3239} INFO - Sync 1 DAGs
[2024-10-20T19:08:10.161-0300] {logging_mixin.py:190} INFO - [2024-10-20T19:08:10.161-0300] {dag.py:4180} INFO - Setting next_dagrun for example_params_ui_tutorial to None, run_after=None
[2024-10-20T19:08:10.190-0300] {processor.py:208} INFO - Processing /mnt/c/Users/Pato_/OneDrive/Documentos/ITBA/PYTHON_DATA_APP/itba/lib/python3.10/site-packages/airflow/example_dags/example_params_ui_tutorial.py took 0.118 seconds
[2024-10-20T19:09:17.889-0300] {processor.py:186} INFO - Started process (PID=304239) to work on /mnt/c/Users/Pato_/OneDrive/Documentos/ITBA/PYTHON_DATA_APP/itba/lib/python3.10/site-packages/airflow/example_dags/example_params_ui_tutorial.py
[2024-10-20T19:09:17.890-0300] {processor.py:914} INFO - Processing file /mnt/c/Users/Pato_/OneDrive/Documentos/ITBA/PYTHON_DATA_APP/itba/lib/python3.10/site-packages/airflow/example_dags/example_params_ui_tutorial.py for tasks to queue
[2024-10-20T19:09:17.893-0300] {logging_mixin.py:190} INFO - [2024-10-20T19:09:17.892-0300] {dagbag.py:588} INFO - Filling up the DagBag from /mnt/c/Users/Pato_/OneDrive/Documentos/ITBA/PYTHON_DATA_APP/itba/lib/python3.10/site-packages/airflow/example_dags/example_params_ui_tutorial.py
[2024-10-20T19:09:17.933-0300] {processor.py:925} INFO - DAG(s) 'example_params_ui_tutorial' retrieved from /mnt/c/Users/Pato_/OneDrive/Documentos/ITBA/PYTHON_DATA_APP/itba/lib/python3.10/site-packages/airflow/example_dags/example_params_ui_tutorial.py
[2024-10-20T19:09:17.964-0300] {logging_mixin.py:190} INFO - [2024-10-20T19:09:17.963-0300] {dag.py:3239} INFO - Sync 1 DAGs
[2024-10-20T19:09:17.973-0300] {logging_mixin.py:190} INFO - [2024-10-20T19:09:17.972-0300] {dag.py:4180} INFO - Setting next_dagrun for example_params_ui_tutorial to None, run_after=None
[2024-10-20T19:09:18.004-0300] {processor.py:208} INFO - Processing /mnt/c/Users/Pato_/OneDrive/Documentos/ITBA/PYTHON_DATA_APP/itba/lib/python3.10/site-packages/airflow/example_dags/example_params_ui_tutorial.py took 0.122 seconds
[2024-10-20T19:10:22.556-0300] {processor.py:186} INFO - Started process (PID=304773) to work on /mnt/c/Users/Pato_/OneDrive/Documentos/ITBA/PYTHON_DATA_APP/itba/lib/python3.10/site-packages/airflow/example_dags/example_params_ui_tutorial.py
[2024-10-20T19:10:22.557-0300] {processor.py:914} INFO - Processing file /mnt/c/Users/Pato_/OneDrive/Documentos/ITBA/PYTHON_DATA_APP/itba/lib/python3.10/site-packages/airflow/example_dags/example_params_ui_tutorial.py for tasks to queue
[2024-10-20T19:10:22.559-0300] {logging_mixin.py:190} INFO - [2024-10-20T19:10:22.559-0300] {dagbag.py:588} INFO - Filling up the DagBag from /mnt/c/Users/Pato_/OneDrive/Documentos/ITBA/PYTHON_DATA_APP/itba/lib/python3.10/site-packages/airflow/example_dags/example_params_ui_tutorial.py
[2024-10-20T19:10:22.598-0300] {processor.py:925} INFO - DAG(s) 'example_params_ui_tutorial' retrieved from /mnt/c/Users/Pato_/OneDrive/Documentos/ITBA/PYTHON_DATA_APP/itba/lib/python3.10/site-packages/airflow/example_dags/example_params_ui_tutorial.py
[2024-10-20T19:10:22.626-0300] {logging_mixin.py:190} INFO - [2024-10-20T19:10:22.626-0300] {dag.py:3239} INFO - Sync 1 DAGs
[2024-10-20T19:10:22.635-0300] {logging_mixin.py:190} INFO - [2024-10-20T19:10:22.634-0300] {dag.py:4180} INFO - Setting next_dagrun for example_params_ui_tutorial to None, run_after=None
[2024-10-20T19:10:22.663-0300] {processor.py:208} INFO - Processing /mnt/c/Users/Pato_/OneDrive/Documentos/ITBA/PYTHON_DATA_APP/itba/lib/python3.10/site-packages/airflow/example_dags/example_params_ui_tutorial.py took 0.114 seconds
[2024-10-20T19:11:29.739-0300] {processor.py:186} INFO - Started process (PID=305298) to work on /mnt/c/Users/Pato_/OneDrive/Documentos/ITBA/PYTHON_DATA_APP/itba/lib/python3.10/site-packages/airflow/example_dags/example_params_ui_tutorial.py
[2024-10-20T19:11:29.740-0300] {processor.py:914} INFO - Processing file /mnt/c/Users/Pato_/OneDrive/Documentos/ITBA/PYTHON_DATA_APP/itba/lib/python3.10/site-packages/airflow/example_dags/example_params_ui_tutorial.py for tasks to queue
[2024-10-20T19:11:29.742-0300] {logging_mixin.py:190} INFO - [2024-10-20T19:11:29.742-0300] {dagbag.py:588} INFO - Filling up the DagBag from /mnt/c/Users/Pato_/OneDrive/Documentos/ITBA/PYTHON_DATA_APP/itba/lib/python3.10/site-packages/airflow/example_dags/example_params_ui_tutorial.py
[2024-10-20T19:11:29.782-0300] {processor.py:925} INFO - DAG(s) 'example_params_ui_tutorial' retrieved from /mnt/c/Users/Pato_/OneDrive/Documentos/ITBA/PYTHON_DATA_APP/itba/lib/python3.10/site-packages/airflow/example_dags/example_params_ui_tutorial.py
[2024-10-20T19:11:29.812-0300] {logging_mixin.py:190} INFO - [2024-10-20T19:11:29.811-0300] {dag.py:3239} INFO - Sync 1 DAGs
[2024-10-20T19:11:29.820-0300] {logging_mixin.py:190} INFO - [2024-10-20T19:11:29.820-0300] {dag.py:4180} INFO - Setting next_dagrun for example_params_ui_tutorial to None, run_after=None
[2024-10-20T19:11:29.849-0300] {processor.py:208} INFO - Processing /mnt/c/Users/Pato_/OneDrive/Documentos/ITBA/PYTHON_DATA_APP/itba/lib/python3.10/site-packages/airflow/example_dags/example_params_ui_tutorial.py took 0.117 seconds
[2024-10-20T19:12:38.441-0300] {processor.py:186} INFO - Started process (PID=305836) to work on /mnt/c/Users/Pato_/OneDrive/Documentos/ITBA/PYTHON_DATA_APP/itba/lib/python3.10/site-packages/airflow/example_dags/example_params_ui_tutorial.py
[2024-10-20T19:12:38.442-0300] {processor.py:914} INFO - Processing file /mnt/c/Users/Pato_/OneDrive/Documentos/ITBA/PYTHON_DATA_APP/itba/lib/python3.10/site-packages/airflow/example_dags/example_params_ui_tutorial.py for tasks to queue
[2024-10-20T19:12:38.444-0300] {logging_mixin.py:190} INFO - [2024-10-20T19:12:38.444-0300] {dagbag.py:588} INFO - Filling up the DagBag from /mnt/c/Users/Pato_/OneDrive/Documentos/ITBA/PYTHON_DATA_APP/itba/lib/python3.10/site-packages/airflow/example_dags/example_params_ui_tutorial.py
[2024-10-20T19:12:38.483-0300] {processor.py:925} INFO - DAG(s) 'example_params_ui_tutorial' retrieved from /mnt/c/Users/Pato_/OneDrive/Documentos/ITBA/PYTHON_DATA_APP/itba/lib/python3.10/site-packages/airflow/example_dags/example_params_ui_tutorial.py
[2024-10-20T19:12:38.511-0300] {logging_mixin.py:190} INFO - [2024-10-20T19:12:38.511-0300] {dag.py:3239} INFO - Sync 1 DAGs
[2024-10-20T19:12:38.520-0300] {logging_mixin.py:190} INFO - [2024-10-20T19:12:38.520-0300] {dag.py:4180} INFO - Setting next_dagrun for example_params_ui_tutorial to None, run_after=None
[2024-10-20T19:12:38.549-0300] {processor.py:208} INFO - Processing /mnt/c/Users/Pato_/OneDrive/Documentos/ITBA/PYTHON_DATA_APP/itba/lib/python3.10/site-packages/airflow/example_dags/example_params_ui_tutorial.py took 0.114 seconds
[2024-10-20T19:13:41.584-0300] {processor.py:186} INFO - Started process (PID=306330) to work on /mnt/c/Users/Pato_/OneDrive/Documentos/ITBA/PYTHON_DATA_APP/itba/lib/python3.10/site-packages/airflow/example_dags/example_params_ui_tutorial.py
[2024-10-20T19:13:41.586-0300] {processor.py:914} INFO - Processing file /mnt/c/Users/Pato_/OneDrive/Documentos/ITBA/PYTHON_DATA_APP/itba/lib/python3.10/site-packages/airflow/example_dags/example_params_ui_tutorial.py for tasks to queue
[2024-10-20T19:13:41.588-0300] {logging_mixin.py:190} INFO - [2024-10-20T19:13:41.587-0300] {dagbag.py:588} INFO - Filling up the DagBag from /mnt/c/Users/Pato_/OneDrive/Documentos/ITBA/PYTHON_DATA_APP/itba/lib/python3.10/site-packages/airflow/example_dags/example_params_ui_tutorial.py
[2024-10-20T19:13:41.626-0300] {processor.py:925} INFO - DAG(s) 'example_params_ui_tutorial' retrieved from /mnt/c/Users/Pato_/OneDrive/Documentos/ITBA/PYTHON_DATA_APP/itba/lib/python3.10/site-packages/airflow/example_dags/example_params_ui_tutorial.py
[2024-10-20T19:13:41.657-0300] {logging_mixin.py:190} INFO - [2024-10-20T19:13:41.656-0300] {dag.py:3239} INFO - Sync 1 DAGs
[2024-10-20T19:13:41.666-0300] {logging_mixin.py:190} INFO - [2024-10-20T19:13:41.666-0300] {dag.py:4180} INFO - Setting next_dagrun for example_params_ui_tutorial to None, run_after=None
[2024-10-20T19:13:41.694-0300] {processor.py:208} INFO - Processing /mnt/c/Users/Pato_/OneDrive/Documentos/ITBA/PYTHON_DATA_APP/itba/lib/python3.10/site-packages/airflow/example_dags/example_params_ui_tutorial.py took 0.117 seconds
[2024-10-20T19:14:51.496-0300] {processor.py:186} INFO - Started process (PID=306892) to work on /mnt/c/Users/Pato_/OneDrive/Documentos/ITBA/PYTHON_DATA_APP/itba/lib/python3.10/site-packages/airflow/example_dags/example_params_ui_tutorial.py
[2024-10-20T19:14:51.497-0300] {processor.py:914} INFO - Processing file /mnt/c/Users/Pato_/OneDrive/Documentos/ITBA/PYTHON_DATA_APP/itba/lib/python3.10/site-packages/airflow/example_dags/example_params_ui_tutorial.py for tasks to queue
[2024-10-20T19:14:51.499-0300] {logging_mixin.py:190} INFO - [2024-10-20T19:14:51.499-0300] {dagbag.py:588} INFO - Filling up the DagBag from /mnt/c/Users/Pato_/OneDrive/Documentos/ITBA/PYTHON_DATA_APP/itba/lib/python3.10/site-packages/airflow/example_dags/example_params_ui_tutorial.py
[2024-10-20T19:14:51.539-0300] {processor.py:925} INFO - DAG(s) 'example_params_ui_tutorial' retrieved from /mnt/c/Users/Pato_/OneDrive/Documentos/ITBA/PYTHON_DATA_APP/itba/lib/python3.10/site-packages/airflow/example_dags/example_params_ui_tutorial.py
[2024-10-20T19:14:51.568-0300] {logging_mixin.py:190} INFO - [2024-10-20T19:14:51.568-0300] {dag.py:3239} INFO - Sync 1 DAGs
[2024-10-20T19:14:51.577-0300] {logging_mixin.py:190} INFO - [2024-10-20T19:14:51.576-0300] {dag.py:4180} INFO - Setting next_dagrun for example_params_ui_tutorial to None, run_after=None
[2024-10-20T19:14:51.605-0300] {processor.py:208} INFO - Processing /mnt/c/Users/Pato_/OneDrive/Documentos/ITBA/PYTHON_DATA_APP/itba/lib/python3.10/site-packages/airflow/example_dags/example_params_ui_tutorial.py took 0.116 seconds
[2024-10-20T19:15:58.896-0300] {processor.py:186} INFO - Started process (PID=307430) to work on /mnt/c/Users/Pato_/OneDrive/Documentos/ITBA/PYTHON_DATA_APP/itba/lib/python3.10/site-packages/airflow/example_dags/example_params_ui_tutorial.py
[2024-10-20T19:15:58.896-0300] {processor.py:914} INFO - Processing file /mnt/c/Users/Pato_/OneDrive/Documentos/ITBA/PYTHON_DATA_APP/itba/lib/python3.10/site-packages/airflow/example_dags/example_params_ui_tutorial.py for tasks to queue
[2024-10-20T19:15:58.898-0300] {logging_mixin.py:190} INFO - [2024-10-20T19:15:58.898-0300] {dagbag.py:588} INFO - Filling up the DagBag from /mnt/c/Users/Pato_/OneDrive/Documentos/ITBA/PYTHON_DATA_APP/itba/lib/python3.10/site-packages/airflow/example_dags/example_params_ui_tutorial.py
[2024-10-20T19:15:58.938-0300] {processor.py:925} INFO - DAG(s) 'example_params_ui_tutorial' retrieved from /mnt/c/Users/Pato_/OneDrive/Documentos/ITBA/PYTHON_DATA_APP/itba/lib/python3.10/site-packages/airflow/example_dags/example_params_ui_tutorial.py
[2024-10-20T19:15:58.966-0300] {logging_mixin.py:190} INFO - [2024-10-20T19:15:58.966-0300] {dag.py:3239} INFO - Sync 1 DAGs
[2024-10-20T19:15:58.975-0300] {logging_mixin.py:190} INFO - [2024-10-20T19:15:58.974-0300] {dag.py:4180} INFO - Setting next_dagrun for example_params_ui_tutorial to None, run_after=None
[2024-10-20T19:15:59.004-0300] {processor.py:208} INFO - Processing /mnt/c/Users/Pato_/OneDrive/Documentos/ITBA/PYTHON_DATA_APP/itba/lib/python3.10/site-packages/airflow/example_dags/example_params_ui_tutorial.py took 0.115 seconds
[2024-10-20T19:17:09.974-0300] {processor.py:186} INFO - Started process (PID=307986) to work on /mnt/c/Users/Pato_/OneDrive/Documentos/ITBA/PYTHON_DATA_APP/itba/lib/python3.10/site-packages/airflow/example_dags/example_params_ui_tutorial.py
[2024-10-20T19:17:09.975-0300] {processor.py:914} INFO - Processing file /mnt/c/Users/Pato_/OneDrive/Documentos/ITBA/PYTHON_DATA_APP/itba/lib/python3.10/site-packages/airflow/example_dags/example_params_ui_tutorial.py for tasks to queue
[2024-10-20T19:17:09.977-0300] {logging_mixin.py:190} INFO - [2024-10-20T19:17:09.977-0300] {dagbag.py:588} INFO - Filling up the DagBag from /mnt/c/Users/Pato_/OneDrive/Documentos/ITBA/PYTHON_DATA_APP/itba/lib/python3.10/site-packages/airflow/example_dags/example_params_ui_tutorial.py
[2024-10-20T19:17:10.016-0300] {processor.py:925} INFO - DAG(s) 'example_params_ui_tutorial' retrieved from /mnt/c/Users/Pato_/OneDrive/Documentos/ITBA/PYTHON_DATA_APP/itba/lib/python3.10/site-packages/airflow/example_dags/example_params_ui_tutorial.py
[2024-10-20T19:17:10.044-0300] {logging_mixin.py:190} INFO - [2024-10-20T19:17:10.044-0300] {dag.py:3239} INFO - Sync 1 DAGs
[2024-10-20T19:17:10.053-0300] {logging_mixin.py:190} INFO - [2024-10-20T19:17:10.052-0300] {dag.py:4180} INFO - Setting next_dagrun for example_params_ui_tutorial to None, run_after=None
[2024-10-20T19:17:10.082-0300] {processor.py:208} INFO - Processing /mnt/c/Users/Pato_/OneDrive/Documentos/ITBA/PYTHON_DATA_APP/itba/lib/python3.10/site-packages/airflow/example_dags/example_params_ui_tutorial.py took 0.114 seconds
[2024-10-20T19:18:25.211-0300] {processor.py:186} INFO - Started process (PID=308570) to work on /mnt/c/Users/Pato_/OneDrive/Documentos/ITBA/PYTHON_DATA_APP/itba/lib/python3.10/site-packages/airflow/example_dags/example_params_ui_tutorial.py
[2024-10-20T19:18:25.212-0300] {processor.py:914} INFO - Processing file /mnt/c/Users/Pato_/OneDrive/Documentos/ITBA/PYTHON_DATA_APP/itba/lib/python3.10/site-packages/airflow/example_dags/example_params_ui_tutorial.py for tasks to queue
[2024-10-20T19:18:25.214-0300] {logging_mixin.py:190} INFO - [2024-10-20T19:18:25.213-0300] {dagbag.py:588} INFO - Filling up the DagBag from /mnt/c/Users/Pato_/OneDrive/Documentos/ITBA/PYTHON_DATA_APP/itba/lib/python3.10/site-packages/airflow/example_dags/example_params_ui_tutorial.py
[2024-10-20T19:18:25.254-0300] {processor.py:925} INFO - DAG(s) 'example_params_ui_tutorial' retrieved from /mnt/c/Users/Pato_/OneDrive/Documentos/ITBA/PYTHON_DATA_APP/itba/lib/python3.10/site-packages/airflow/example_dags/example_params_ui_tutorial.py
[2024-10-20T19:18:25.283-0300] {logging_mixin.py:190} INFO - [2024-10-20T19:18:25.282-0300] {dag.py:3239} INFO - Sync 1 DAGs
[2024-10-20T19:18:25.291-0300] {logging_mixin.py:190} INFO - [2024-10-20T19:18:25.290-0300] {dag.py:4180} INFO - Setting next_dagrun for example_params_ui_tutorial to None, run_after=None
[2024-10-20T19:18:25.320-0300] {processor.py:208} INFO - Processing /mnt/c/Users/Pato_/OneDrive/Documentos/ITBA/PYTHON_DATA_APP/itba/lib/python3.10/site-packages/airflow/example_dags/example_params_ui_tutorial.py took 0.115 seconds
[2024-10-20T19:19:37.647-0300] {processor.py:186} INFO - Started process (PID=309137) to work on /mnt/c/Users/Pato_/OneDrive/Documentos/ITBA/PYTHON_DATA_APP/itba/lib/python3.10/site-packages/airflow/example_dags/example_params_ui_tutorial.py
[2024-10-20T19:19:37.648-0300] {processor.py:914} INFO - Processing file /mnt/c/Users/Pato_/OneDrive/Documentos/ITBA/PYTHON_DATA_APP/itba/lib/python3.10/site-packages/airflow/example_dags/example_params_ui_tutorial.py for tasks to queue
[2024-10-20T19:19:37.650-0300] {logging_mixin.py:190} INFO - [2024-10-20T19:19:37.649-0300] {dagbag.py:588} INFO - Filling up the DagBag from /mnt/c/Users/Pato_/OneDrive/Documentos/ITBA/PYTHON_DATA_APP/itba/lib/python3.10/site-packages/airflow/example_dags/example_params_ui_tutorial.py
[2024-10-20T19:19:37.688-0300] {processor.py:925} INFO - DAG(s) 'example_params_ui_tutorial' retrieved from /mnt/c/Users/Pato_/OneDrive/Documentos/ITBA/PYTHON_DATA_APP/itba/lib/python3.10/site-packages/airflow/example_dags/example_params_ui_tutorial.py
[2024-10-20T19:19:37.717-0300] {logging_mixin.py:190} INFO - [2024-10-20T19:19:37.717-0300] {dag.py:3239} INFO - Sync 1 DAGs
[2024-10-20T19:19:37.725-0300] {logging_mixin.py:190} INFO - [2024-10-20T19:19:37.725-0300] {dag.py:4180} INFO - Setting next_dagrun for example_params_ui_tutorial to None, run_after=None
[2024-10-20T19:19:37.754-0300] {processor.py:208} INFO - Processing /mnt/c/Users/Pato_/OneDrive/Documentos/ITBA/PYTHON_DATA_APP/itba/lib/python3.10/site-packages/airflow/example_dags/example_params_ui_tutorial.py took 0.114 seconds
[2024-10-20T19:20:44.213-0300] {processor.py:186} INFO - Started process (PID=309712) to work on /mnt/c/Users/Pato_/OneDrive/Documentos/ITBA/PYTHON_DATA_APP/itba/lib/python3.10/site-packages/airflow/example_dags/example_params_ui_tutorial.py
[2024-10-20T19:20:44.214-0300] {processor.py:914} INFO - Processing file /mnt/c/Users/Pato_/OneDrive/Documentos/ITBA/PYTHON_DATA_APP/itba/lib/python3.10/site-packages/airflow/example_dags/example_params_ui_tutorial.py for tasks to queue
[2024-10-20T19:20:44.216-0300] {logging_mixin.py:190} INFO - [2024-10-20T19:20:44.215-0300] {dagbag.py:588} INFO - Filling up the DagBag from /mnt/c/Users/Pato_/OneDrive/Documentos/ITBA/PYTHON_DATA_APP/itba/lib/python3.10/site-packages/airflow/example_dags/example_params_ui_tutorial.py
[2024-10-20T19:20:44.259-0300] {processor.py:925} INFO - DAG(s) 'example_params_ui_tutorial' retrieved from /mnt/c/Users/Pato_/OneDrive/Documentos/ITBA/PYTHON_DATA_APP/itba/lib/python3.10/site-packages/airflow/example_dags/example_params_ui_tutorial.py
[2024-10-20T19:20:44.289-0300] {logging_mixin.py:190} INFO - [2024-10-20T19:20:44.288-0300] {dag.py:3239} INFO - Sync 1 DAGs
[2024-10-20T19:20:44.298-0300] {logging_mixin.py:190} INFO - [2024-10-20T19:20:44.297-0300] {dag.py:4180} INFO - Setting next_dagrun for example_params_ui_tutorial to None, run_after=None
[2024-10-20T19:20:44.329-0300] {processor.py:208} INFO - Processing /mnt/c/Users/Pato_/OneDrive/Documentos/ITBA/PYTHON_DATA_APP/itba/lib/python3.10/site-packages/airflow/example_dags/example_params_ui_tutorial.py took 0.124 seconds
[2024-10-20T19:21:52.807-0300] {processor.py:186} INFO - Started process (PID=310285) to work on /mnt/c/Users/Pato_/OneDrive/Documentos/ITBA/PYTHON_DATA_APP/itba/lib/python3.10/site-packages/airflow/example_dags/example_params_ui_tutorial.py
[2024-10-20T19:21:52.809-0300] {processor.py:914} INFO - Processing file /mnt/c/Users/Pato_/OneDrive/Documentos/ITBA/PYTHON_DATA_APP/itba/lib/python3.10/site-packages/airflow/example_dags/example_params_ui_tutorial.py for tasks to queue
[2024-10-20T19:21:52.811-0300] {logging_mixin.py:190} INFO - [2024-10-20T19:21:52.810-0300] {dagbag.py:588} INFO - Filling up the DagBag from /mnt/c/Users/Pato_/OneDrive/Documentos/ITBA/PYTHON_DATA_APP/itba/lib/python3.10/site-packages/airflow/example_dags/example_params_ui_tutorial.py
[2024-10-20T19:21:52.862-0300] {processor.py:925} INFO - DAG(s) 'example_params_ui_tutorial' retrieved from /mnt/c/Users/Pato_/OneDrive/Documentos/ITBA/PYTHON_DATA_APP/itba/lib/python3.10/site-packages/airflow/example_dags/example_params_ui_tutorial.py
[2024-10-20T19:21:52.902-0300] {logging_mixin.py:190} INFO - [2024-10-20T19:21:52.902-0300] {dag.py:3239} INFO - Sync 1 DAGs
[2024-10-20T19:21:52.914-0300] {logging_mixin.py:190} INFO - [2024-10-20T19:21:52.913-0300] {dag.py:4180} INFO - Setting next_dagrun for example_params_ui_tutorial to None, run_after=None
[2024-10-20T19:21:52.950-0300] {processor.py:208} INFO - Processing /mnt/c/Users/Pato_/OneDrive/Documentos/ITBA/PYTHON_DATA_APP/itba/lib/python3.10/site-packages/airflow/example_dags/example_params_ui_tutorial.py took 0.152 seconds
[2024-10-20T19:22:58.289-0300] {processor.py:186} INFO - Started process (PID=310885) to work on /mnt/c/Users/Pato_/OneDrive/Documentos/ITBA/PYTHON_DATA_APP/itba/lib/python3.10/site-packages/airflow/example_dags/example_params_ui_tutorial.py
[2024-10-20T19:22:58.290-0300] {processor.py:914} INFO - Processing file /mnt/c/Users/Pato_/OneDrive/Documentos/ITBA/PYTHON_DATA_APP/itba/lib/python3.10/site-packages/airflow/example_dags/example_params_ui_tutorial.py for tasks to queue
[2024-10-20T19:22:58.292-0300] {logging_mixin.py:190} INFO - [2024-10-20T19:22:58.291-0300] {dagbag.py:588} INFO - Filling up the DagBag from /mnt/c/Users/Pato_/OneDrive/Documentos/ITBA/PYTHON_DATA_APP/itba/lib/python3.10/site-packages/airflow/example_dags/example_params_ui_tutorial.py
[2024-10-20T19:22:58.333-0300] {processor.py:925} INFO - DAG(s) 'example_params_ui_tutorial' retrieved from /mnt/c/Users/Pato_/OneDrive/Documentos/ITBA/PYTHON_DATA_APP/itba/lib/python3.10/site-packages/airflow/example_dags/example_params_ui_tutorial.py
[2024-10-20T19:22:58.363-0300] {logging_mixin.py:190} INFO - [2024-10-20T19:22:58.362-0300] {dag.py:3239} INFO - Sync 1 DAGs
[2024-10-20T19:22:58.372-0300] {logging_mixin.py:190} INFO - [2024-10-20T19:22:58.371-0300] {dag.py:4180} INFO - Setting next_dagrun for example_params_ui_tutorial to None, run_after=None
[2024-10-20T19:22:58.401-0300] {processor.py:208} INFO - Processing /mnt/c/Users/Pato_/OneDrive/Documentos/ITBA/PYTHON_DATA_APP/itba/lib/python3.10/site-packages/airflow/example_dags/example_params_ui_tutorial.py took 0.119 seconds
[2024-10-20T19:24:53.067-0300] {processor.py:186} INFO - Started process (PID=312432) to work on /mnt/c/Users/Pato_/OneDrive/Documentos/ITBA/PYTHON_DATA_APP/itba/lib/python3.10/site-packages/airflow/example_dags/example_params_ui_tutorial.py
[2024-10-20T19:24:53.068-0300] {processor.py:914} INFO - Processing file /mnt/c/Users/Pato_/OneDrive/Documentos/ITBA/PYTHON_DATA_APP/itba/lib/python3.10/site-packages/airflow/example_dags/example_params_ui_tutorial.py for tasks to queue
[2024-10-20T19:24:53.070-0300] {logging_mixin.py:190} INFO - [2024-10-20T19:24:53.069-0300] {dagbag.py:588} INFO - Filling up the DagBag from /mnt/c/Users/Pato_/OneDrive/Documentos/ITBA/PYTHON_DATA_APP/itba/lib/python3.10/site-packages/airflow/example_dags/example_params_ui_tutorial.py
[2024-10-20T19:24:53.109-0300] {processor.py:925} INFO - DAG(s) 'example_params_ui_tutorial' retrieved from /mnt/c/Users/Pato_/OneDrive/Documentos/ITBA/PYTHON_DATA_APP/itba/lib/python3.10/site-packages/airflow/example_dags/example_params_ui_tutorial.py
[2024-10-20T19:24:53.138-0300] {logging_mixin.py:190} INFO - [2024-10-20T19:24:53.138-0300] {dag.py:3239} INFO - Sync 1 DAGs
[2024-10-20T19:24:53.148-0300] {logging_mixin.py:190} INFO - [2024-10-20T19:24:53.147-0300] {dag.py:4180} INFO - Setting next_dagrun for example_params_ui_tutorial to None, run_after=None
[2024-10-20T19:24:53.177-0300] {processor.py:208} INFO - Processing /mnt/c/Users/Pato_/OneDrive/Documentos/ITBA/PYTHON_DATA_APP/itba/lib/python3.10/site-packages/airflow/example_dags/example_params_ui_tutorial.py took 0.117 seconds
[2024-10-20T19:26:32.534-0300] {processor.py:186} INFO - Started process (PID=313672) to work on /mnt/c/Users/Pato_/OneDrive/Documentos/ITBA/PYTHON_DATA_APP/itba/lib/python3.10/site-packages/airflow/example_dags/example_params_ui_tutorial.py
[2024-10-20T19:26:32.535-0300] {processor.py:914} INFO - Processing file /mnt/c/Users/Pato_/OneDrive/Documentos/ITBA/PYTHON_DATA_APP/itba/lib/python3.10/site-packages/airflow/example_dags/example_params_ui_tutorial.py for tasks to queue
[2024-10-20T19:26:32.538-0300] {logging_mixin.py:190} INFO - [2024-10-20T19:26:32.537-0300] {dagbag.py:588} INFO - Filling up the DagBag from /mnt/c/Users/Pato_/OneDrive/Documentos/ITBA/PYTHON_DATA_APP/itba/lib/python3.10/site-packages/airflow/example_dags/example_params_ui_tutorial.py
[2024-10-20T19:26:32.588-0300] {processor.py:925} INFO - DAG(s) 'example_params_ui_tutorial' retrieved from /mnt/c/Users/Pato_/OneDrive/Documentos/ITBA/PYTHON_DATA_APP/itba/lib/python3.10/site-packages/airflow/example_dags/example_params_ui_tutorial.py
[2024-10-20T19:26:32.621-0300] {logging_mixin.py:190} INFO - [2024-10-20T19:26:32.620-0300] {dag.py:3239} INFO - Sync 1 DAGs
[2024-10-20T19:26:32.630-0300] {logging_mixin.py:190} INFO - [2024-10-20T19:26:32.630-0300] {dag.py:4180} INFO - Setting next_dagrun for example_params_ui_tutorial to None, run_after=None
[2024-10-20T19:26:32.663-0300] {processor.py:208} INFO - Processing /mnt/c/Users/Pato_/OneDrive/Documentos/ITBA/PYTHON_DATA_APP/itba/lib/python3.10/site-packages/airflow/example_dags/example_params_ui_tutorial.py took 0.138 seconds
[2024-10-20T19:27:46.379-0300] {processor.py:186} INFO - Started process (PID=314574) to work on /mnt/c/Users/Pato_/OneDrive/Documentos/ITBA/PYTHON_DATA_APP/itba/lib/python3.10/site-packages/airflow/example_dags/example_params_ui_tutorial.py
[2024-10-20T19:27:46.380-0300] {processor.py:914} INFO - Processing file /mnt/c/Users/Pato_/OneDrive/Documentos/ITBA/PYTHON_DATA_APP/itba/lib/python3.10/site-packages/airflow/example_dags/example_params_ui_tutorial.py for tasks to queue
[2024-10-20T19:27:46.382-0300] {logging_mixin.py:190} INFO - [2024-10-20T19:27:46.381-0300] {dagbag.py:588} INFO - Filling up the DagBag from /mnt/c/Users/Pato_/OneDrive/Documentos/ITBA/PYTHON_DATA_APP/itba/lib/python3.10/site-packages/airflow/example_dags/example_params_ui_tutorial.py
[2024-10-20T19:27:46.421-0300] {processor.py:925} INFO - DAG(s) 'example_params_ui_tutorial' retrieved from /mnt/c/Users/Pato_/OneDrive/Documentos/ITBA/PYTHON_DATA_APP/itba/lib/python3.10/site-packages/airflow/example_dags/example_params_ui_tutorial.py
[2024-10-20T19:27:46.450-0300] {logging_mixin.py:190} INFO - [2024-10-20T19:27:46.449-0300] {dag.py:3239} INFO - Sync 1 DAGs
[2024-10-20T19:27:46.459-0300] {logging_mixin.py:190} INFO - [2024-10-20T19:27:46.458-0300] {dag.py:4180} INFO - Setting next_dagrun for example_params_ui_tutorial to None, run_after=None
[2024-10-20T19:27:46.488-0300] {processor.py:208} INFO - Processing /mnt/c/Users/Pato_/OneDrive/Documentos/ITBA/PYTHON_DATA_APP/itba/lib/python3.10/site-packages/airflow/example_dags/example_params_ui_tutorial.py took 0.116 seconds
[2024-10-20T19:28:49.625-0300] {processor.py:186} INFO - Started process (PID=315311) to work on /mnt/c/Users/Pato_/OneDrive/Documentos/ITBA/PYTHON_DATA_APP/itba/lib/python3.10/site-packages/airflow/example_dags/example_params_ui_tutorial.py
[2024-10-20T19:28:49.626-0300] {processor.py:914} INFO - Processing file /mnt/c/Users/Pato_/OneDrive/Documentos/ITBA/PYTHON_DATA_APP/itba/lib/python3.10/site-packages/airflow/example_dags/example_params_ui_tutorial.py for tasks to queue
[2024-10-20T19:28:49.628-0300] {logging_mixin.py:190} INFO - [2024-10-20T19:28:49.627-0300] {dagbag.py:588} INFO - Filling up the DagBag from /mnt/c/Users/Pato_/OneDrive/Documentos/ITBA/PYTHON_DATA_APP/itba/lib/python3.10/site-packages/airflow/example_dags/example_params_ui_tutorial.py
[2024-10-20T19:28:49.668-0300] {processor.py:925} INFO - DAG(s) 'example_params_ui_tutorial' retrieved from /mnt/c/Users/Pato_/OneDrive/Documentos/ITBA/PYTHON_DATA_APP/itba/lib/python3.10/site-packages/airflow/example_dags/example_params_ui_tutorial.py
[2024-10-20T19:28:49.697-0300] {logging_mixin.py:190} INFO - [2024-10-20T19:28:49.696-0300] {dag.py:3239} INFO - Sync 1 DAGs
[2024-10-20T19:28:49.705-0300] {logging_mixin.py:190} INFO - [2024-10-20T19:28:49.705-0300] {dag.py:4180} INFO - Setting next_dagrun for example_params_ui_tutorial to None, run_after=None
[2024-10-20T19:28:49.735-0300] {processor.py:208} INFO - Processing /mnt/c/Users/Pato_/OneDrive/Documentos/ITBA/PYTHON_DATA_APP/itba/lib/python3.10/site-packages/airflow/example_dags/example_params_ui_tutorial.py took 0.117 seconds
[2024-10-20T19:30:01.966-0300] {processor.py:186} INFO - Started process (PID=316133) to work on /mnt/c/Users/Pato_/OneDrive/Documentos/ITBA/PYTHON_DATA_APP/itba/lib/python3.10/site-packages/airflow/example_dags/example_params_ui_tutorial.py
[2024-10-20T19:30:01.967-0300] {processor.py:914} INFO - Processing file /mnt/c/Users/Pato_/OneDrive/Documentos/ITBA/PYTHON_DATA_APP/itba/lib/python3.10/site-packages/airflow/example_dags/example_params_ui_tutorial.py for tasks to queue
[2024-10-20T19:30:01.970-0300] {logging_mixin.py:190} INFO - [2024-10-20T19:30:01.969-0300] {dagbag.py:588} INFO - Filling up the DagBag from /mnt/c/Users/Pato_/OneDrive/Documentos/ITBA/PYTHON_DATA_APP/itba/lib/python3.10/site-packages/airflow/example_dags/example_params_ui_tutorial.py
[2024-10-20T19:30:02.016-0300] {processor.py:925} INFO - DAG(s) 'example_params_ui_tutorial' retrieved from /mnt/c/Users/Pato_/OneDrive/Documentos/ITBA/PYTHON_DATA_APP/itba/lib/python3.10/site-packages/airflow/example_dags/example_params_ui_tutorial.py
[2024-10-20T19:30:02.048-0300] {logging_mixin.py:190} INFO - [2024-10-20T19:30:02.048-0300] {dag.py:3239} INFO - Sync 1 DAGs
[2024-10-20T19:30:02.058-0300] {logging_mixin.py:190} INFO - [2024-10-20T19:30:02.058-0300] {dag.py:4180} INFO - Setting next_dagrun for example_params_ui_tutorial to None, run_after=None
[2024-10-20T19:30:02.091-0300] {processor.py:208} INFO - Processing /mnt/c/Users/Pato_/OneDrive/Documentos/ITBA/PYTHON_DATA_APP/itba/lib/python3.10/site-packages/airflow/example_dags/example_params_ui_tutorial.py took 0.132 seconds
[2024-10-20T19:31:07.430-0300] {processor.py:186} INFO - Started process (PID=316644) to work on /mnt/c/Users/Pato_/OneDrive/Documentos/ITBA/PYTHON_DATA_APP/itba/lib/python3.10/site-packages/airflow/example_dags/example_params_ui_tutorial.py
[2024-10-20T19:31:07.431-0300] {processor.py:914} INFO - Processing file /mnt/c/Users/Pato_/OneDrive/Documentos/ITBA/PYTHON_DATA_APP/itba/lib/python3.10/site-packages/airflow/example_dags/example_params_ui_tutorial.py for tasks to queue
[2024-10-20T19:31:07.433-0300] {logging_mixin.py:190} INFO - [2024-10-20T19:31:07.432-0300] {dagbag.py:588} INFO - Filling up the DagBag from /mnt/c/Users/Pato_/OneDrive/Documentos/ITBA/PYTHON_DATA_APP/itba/lib/python3.10/site-packages/airflow/example_dags/example_params_ui_tutorial.py
[2024-10-20T19:31:07.474-0300] {processor.py:925} INFO - DAG(s) 'example_params_ui_tutorial' retrieved from /mnt/c/Users/Pato_/OneDrive/Documentos/ITBA/PYTHON_DATA_APP/itba/lib/python3.10/site-packages/airflow/example_dags/example_params_ui_tutorial.py
[2024-10-20T19:31:07.503-0300] {logging_mixin.py:190} INFO - [2024-10-20T19:31:07.503-0300] {dag.py:3239} INFO - Sync 1 DAGs
[2024-10-20T19:31:07.512-0300] {logging_mixin.py:190} INFO - [2024-10-20T19:31:07.512-0300] {dag.py:4180} INFO - Setting next_dagrun for example_params_ui_tutorial to None, run_after=None
[2024-10-20T19:31:07.541-0300] {processor.py:208} INFO - Processing /mnt/c/Users/Pato_/OneDrive/Documentos/ITBA/PYTHON_DATA_APP/itba/lib/python3.10/site-packages/airflow/example_dags/example_params_ui_tutorial.py took 0.119 seconds
[2024-10-20T19:32:17.794-0300] {processor.py:186} INFO - Started process (PID=317194) to work on /mnt/c/Users/Pato_/OneDrive/Documentos/ITBA/PYTHON_DATA_APP/itba/lib/python3.10/site-packages/airflow/example_dags/example_params_ui_tutorial.py
[2024-10-20T19:32:17.795-0300] {processor.py:914} INFO - Processing file /mnt/c/Users/Pato_/OneDrive/Documentos/ITBA/PYTHON_DATA_APP/itba/lib/python3.10/site-packages/airflow/example_dags/example_params_ui_tutorial.py for tasks to queue
[2024-10-20T19:32:17.797-0300] {logging_mixin.py:190} INFO - [2024-10-20T19:32:17.796-0300] {dagbag.py:588} INFO - Filling up the DagBag from /mnt/c/Users/Pato_/OneDrive/Documentos/ITBA/PYTHON_DATA_APP/itba/lib/python3.10/site-packages/airflow/example_dags/example_params_ui_tutorial.py
[2024-10-20T19:32:17.836-0300] {processor.py:925} INFO - DAG(s) 'example_params_ui_tutorial' retrieved from /mnt/c/Users/Pato_/OneDrive/Documentos/ITBA/PYTHON_DATA_APP/itba/lib/python3.10/site-packages/airflow/example_dags/example_params_ui_tutorial.py
[2024-10-20T19:32:17.867-0300] {logging_mixin.py:190} INFO - [2024-10-20T19:32:17.867-0300] {dag.py:3239} INFO - Sync 1 DAGs
[2024-10-20T19:32:17.876-0300] {logging_mixin.py:190} INFO - [2024-10-20T19:32:17.876-0300] {dag.py:4180} INFO - Setting next_dagrun for example_params_ui_tutorial to None, run_after=None
[2024-10-20T19:32:17.905-0300] {processor.py:208} INFO - Processing /mnt/c/Users/Pato_/OneDrive/Documentos/ITBA/PYTHON_DATA_APP/itba/lib/python3.10/site-packages/airflow/example_dags/example_params_ui_tutorial.py took 0.118 seconds
[2024-10-20T19:33:24.446-0300] {processor.py:186} INFO - Started process (PID=317784) to work on /mnt/c/Users/Pato_/OneDrive/Documentos/ITBA/PYTHON_DATA_APP/itba/lib/python3.10/site-packages/airflow/example_dags/example_params_ui_tutorial.py
[2024-10-20T19:33:24.447-0300] {processor.py:914} INFO - Processing file /mnt/c/Users/Pato_/OneDrive/Documentos/ITBA/PYTHON_DATA_APP/itba/lib/python3.10/site-packages/airflow/example_dags/example_params_ui_tutorial.py for tasks to queue
[2024-10-20T19:33:24.449-0300] {logging_mixin.py:190} INFO - [2024-10-20T19:33:24.449-0300] {dagbag.py:588} INFO - Filling up the DagBag from /mnt/c/Users/Pato_/OneDrive/Documentos/ITBA/PYTHON_DATA_APP/itba/lib/python3.10/site-packages/airflow/example_dags/example_params_ui_tutorial.py
[2024-10-20T19:33:24.489-0300] {processor.py:925} INFO - DAG(s) 'example_params_ui_tutorial' retrieved from /mnt/c/Users/Pato_/OneDrive/Documentos/ITBA/PYTHON_DATA_APP/itba/lib/python3.10/site-packages/airflow/example_dags/example_params_ui_tutorial.py
[2024-10-20T19:33:24.518-0300] {logging_mixin.py:190} INFO - [2024-10-20T19:33:24.517-0300] {dag.py:3239} INFO - Sync 1 DAGs
[2024-10-20T19:33:24.526-0300] {logging_mixin.py:190} INFO - [2024-10-20T19:33:24.526-0300] {dag.py:4180} INFO - Setting next_dagrun for example_params_ui_tutorial to None, run_after=None
[2024-10-20T19:33:24.558-0300] {processor.py:208} INFO - Processing /mnt/c/Users/Pato_/OneDrive/Documentos/ITBA/PYTHON_DATA_APP/itba/lib/python3.10/site-packages/airflow/example_dags/example_params_ui_tutorial.py took 0.118 seconds
[2024-10-20T19:34:31.594-0300] {processor.py:186} INFO - Started process (PID=318545) to work on /mnt/c/Users/Pato_/OneDrive/Documentos/ITBA/PYTHON_DATA_APP/itba/lib/python3.10/site-packages/airflow/example_dags/example_params_ui_tutorial.py
[2024-10-20T19:34:31.595-0300] {processor.py:914} INFO - Processing file /mnt/c/Users/Pato_/OneDrive/Documentos/ITBA/PYTHON_DATA_APP/itba/lib/python3.10/site-packages/airflow/example_dags/example_params_ui_tutorial.py for tasks to queue
[2024-10-20T19:34:31.597-0300] {logging_mixin.py:190} INFO - [2024-10-20T19:34:31.596-0300] {dagbag.py:588} INFO - Filling up the DagBag from /mnt/c/Users/Pato_/OneDrive/Documentos/ITBA/PYTHON_DATA_APP/itba/lib/python3.10/site-packages/airflow/example_dags/example_params_ui_tutorial.py
[2024-10-20T19:34:31.639-0300] {processor.py:925} INFO - DAG(s) 'example_params_ui_tutorial' retrieved from /mnt/c/Users/Pato_/OneDrive/Documentos/ITBA/PYTHON_DATA_APP/itba/lib/python3.10/site-packages/airflow/example_dags/example_params_ui_tutorial.py
[2024-10-20T19:34:31.668-0300] {logging_mixin.py:190} INFO - [2024-10-20T19:34:31.667-0300] {dag.py:3239} INFO - Sync 1 DAGs
[2024-10-20T19:34:31.677-0300] {logging_mixin.py:190} INFO - [2024-10-20T19:34:31.676-0300] {dag.py:4180} INFO - Setting next_dagrun for example_params_ui_tutorial to None, run_after=None
[2024-10-20T19:34:31.705-0300] {processor.py:208} INFO - Processing /mnt/c/Users/Pato_/OneDrive/Documentos/ITBA/PYTHON_DATA_APP/itba/lib/python3.10/site-packages/airflow/example_dags/example_params_ui_tutorial.py took 0.118 seconds
[2024-10-20T19:35:40.058-0300] {processor.py:186} INFO - Started process (PID=319198) to work on /mnt/c/Users/Pato_/OneDrive/Documentos/ITBA/PYTHON_DATA_APP/itba/lib/python3.10/site-packages/airflow/example_dags/example_params_ui_tutorial.py
[2024-10-20T19:35:40.059-0300] {processor.py:914} INFO - Processing file /mnt/c/Users/Pato_/OneDrive/Documentos/ITBA/PYTHON_DATA_APP/itba/lib/python3.10/site-packages/airflow/example_dags/example_params_ui_tutorial.py for tasks to queue
[2024-10-20T19:35:40.061-0300] {logging_mixin.py:190} INFO - [2024-10-20T19:35:40.060-0300] {dagbag.py:588} INFO - Filling up the DagBag from /mnt/c/Users/Pato_/OneDrive/Documentos/ITBA/PYTHON_DATA_APP/itba/lib/python3.10/site-packages/airflow/example_dags/example_params_ui_tutorial.py
[2024-10-20T19:35:40.103-0300] {processor.py:925} INFO - DAG(s) 'example_params_ui_tutorial' retrieved from /mnt/c/Users/Pato_/OneDrive/Documentos/ITBA/PYTHON_DATA_APP/itba/lib/python3.10/site-packages/airflow/example_dags/example_params_ui_tutorial.py
[2024-10-20T19:35:40.133-0300] {logging_mixin.py:190} INFO - [2024-10-20T19:35:40.132-0300] {dag.py:3239} INFO - Sync 1 DAGs
[2024-10-20T19:35:40.142-0300] {logging_mixin.py:190} INFO - [2024-10-20T19:35:40.141-0300] {dag.py:4180} INFO - Setting next_dagrun for example_params_ui_tutorial to None, run_after=None
[2024-10-20T19:35:40.171-0300] {processor.py:208} INFO - Processing /mnt/c/Users/Pato_/OneDrive/Documentos/ITBA/PYTHON_DATA_APP/itba/lib/python3.10/site-packages/airflow/example_dags/example_params_ui_tutorial.py took 0.120 seconds
[2024-10-20T19:36:50.193-0300] {processor.py:186} INFO - Started process (PID=319747) to work on /mnt/c/Users/Pato_/OneDrive/Documentos/ITBA/PYTHON_DATA_APP/itba/lib/python3.10/site-packages/airflow/example_dags/example_params_ui_tutorial.py
[2024-10-20T19:36:50.194-0300] {processor.py:914} INFO - Processing file /mnt/c/Users/Pato_/OneDrive/Documentos/ITBA/PYTHON_DATA_APP/itba/lib/python3.10/site-packages/airflow/example_dags/example_params_ui_tutorial.py for tasks to queue
[2024-10-20T19:36:50.196-0300] {logging_mixin.py:190} INFO - [2024-10-20T19:36:50.196-0300] {dagbag.py:588} INFO - Filling up the DagBag from /mnt/c/Users/Pato_/OneDrive/Documentos/ITBA/PYTHON_DATA_APP/itba/lib/python3.10/site-packages/airflow/example_dags/example_params_ui_tutorial.py
[2024-10-20T19:36:50.235-0300] {processor.py:925} INFO - DAG(s) 'example_params_ui_tutorial' retrieved from /mnt/c/Users/Pato_/OneDrive/Documentos/ITBA/PYTHON_DATA_APP/itba/lib/python3.10/site-packages/airflow/example_dags/example_params_ui_tutorial.py
[2024-10-20T19:36:50.268-0300] {logging_mixin.py:190} INFO - [2024-10-20T19:36:50.267-0300] {dag.py:3239} INFO - Sync 1 DAGs
[2024-10-20T19:36:50.277-0300] {logging_mixin.py:190} INFO - [2024-10-20T19:36:50.277-0300] {dag.py:4180} INFO - Setting next_dagrun for example_params_ui_tutorial to None, run_after=None
[2024-10-20T19:36:50.307-0300] {processor.py:208} INFO - Processing /mnt/c/Users/Pato_/OneDrive/Documentos/ITBA/PYTHON_DATA_APP/itba/lib/python3.10/site-packages/airflow/example_dags/example_params_ui_tutorial.py took 0.121 seconds
[2024-10-20T19:37:56.963-0300] {processor.py:186} INFO - Started process (PID=320269) to work on /mnt/c/Users/Pato_/OneDrive/Documentos/ITBA/PYTHON_DATA_APP/itba/lib/python3.10/site-packages/airflow/example_dags/example_params_ui_tutorial.py
[2024-10-20T19:37:56.964-0300] {processor.py:914} INFO - Processing file /mnt/c/Users/Pato_/OneDrive/Documentos/ITBA/PYTHON_DATA_APP/itba/lib/python3.10/site-packages/airflow/example_dags/example_params_ui_tutorial.py for tasks to queue
[2024-10-20T19:37:56.966-0300] {logging_mixin.py:190} INFO - [2024-10-20T19:37:56.966-0300] {dagbag.py:588} INFO - Filling up the DagBag from /mnt/c/Users/Pato_/OneDrive/Documentos/ITBA/PYTHON_DATA_APP/itba/lib/python3.10/site-packages/airflow/example_dags/example_params_ui_tutorial.py
[2024-10-20T19:37:57.006-0300] {processor.py:925} INFO - DAG(s) 'example_params_ui_tutorial' retrieved from /mnt/c/Users/Pato_/OneDrive/Documentos/ITBA/PYTHON_DATA_APP/itba/lib/python3.10/site-packages/airflow/example_dags/example_params_ui_tutorial.py
[2024-10-20T19:37:57.036-0300] {logging_mixin.py:190} INFO - [2024-10-20T19:37:57.035-0300] {dag.py:3239} INFO - Sync 1 DAGs
[2024-10-20T19:37:57.044-0300] {logging_mixin.py:190} INFO - [2024-10-20T19:37:57.044-0300] {dag.py:4180} INFO - Setting next_dagrun for example_params_ui_tutorial to None, run_after=None
[2024-10-20T19:37:57.073-0300] {processor.py:208} INFO - Processing /mnt/c/Users/Pato_/OneDrive/Documentos/ITBA/PYTHON_DATA_APP/itba/lib/python3.10/site-packages/airflow/example_dags/example_params_ui_tutorial.py took 0.117 seconds
[2024-10-20T19:39:01.291-0300] {processor.py:186} INFO - Started process (PID=320770) to work on /mnt/c/Users/Pato_/OneDrive/Documentos/ITBA/PYTHON_DATA_APP/itba/lib/python3.10/site-packages/airflow/example_dags/example_params_ui_tutorial.py
[2024-10-20T19:39:01.292-0300] {processor.py:914} INFO - Processing file /mnt/c/Users/Pato_/OneDrive/Documentos/ITBA/PYTHON_DATA_APP/itba/lib/python3.10/site-packages/airflow/example_dags/example_params_ui_tutorial.py for tasks to queue
[2024-10-20T19:39:01.294-0300] {logging_mixin.py:190} INFO - [2024-10-20T19:39:01.293-0300] {dagbag.py:588} INFO - Filling up the DagBag from /mnt/c/Users/Pato_/OneDrive/Documentos/ITBA/PYTHON_DATA_APP/itba/lib/python3.10/site-packages/airflow/example_dags/example_params_ui_tutorial.py
[2024-10-20T19:39:01.336-0300] {processor.py:925} INFO - DAG(s) 'example_params_ui_tutorial' retrieved from /mnt/c/Users/Pato_/OneDrive/Documentos/ITBA/PYTHON_DATA_APP/itba/lib/python3.10/site-packages/airflow/example_dags/example_params_ui_tutorial.py
[2024-10-20T19:39:01.367-0300] {logging_mixin.py:190} INFO - [2024-10-20T19:39:01.366-0300] {dag.py:3239} INFO - Sync 1 DAGs
[2024-10-20T19:39:01.376-0300] {logging_mixin.py:190} INFO - [2024-10-20T19:39:01.375-0300] {dag.py:4180} INFO - Setting next_dagrun for example_params_ui_tutorial to None, run_after=None
[2024-10-20T19:39:01.405-0300] {processor.py:208} INFO - Processing /mnt/c/Users/Pato_/OneDrive/Documentos/ITBA/PYTHON_DATA_APP/itba/lib/python3.10/site-packages/airflow/example_dags/example_params_ui_tutorial.py took 0.122 seconds
[2024-10-20T19:40:07.972-0300] {processor.py:186} INFO - Started process (PID=321504) to work on /mnt/c/Users/Pato_/OneDrive/Documentos/ITBA/PYTHON_DATA_APP/itba/lib/python3.10/site-packages/airflow/example_dags/example_params_ui_tutorial.py
[2024-10-20T19:40:07.973-0300] {processor.py:914} INFO - Processing file /mnt/c/Users/Pato_/OneDrive/Documentos/ITBA/PYTHON_DATA_APP/itba/lib/python3.10/site-packages/airflow/example_dags/example_params_ui_tutorial.py for tasks to queue
[2024-10-20T19:40:07.976-0300] {logging_mixin.py:190} INFO - [2024-10-20T19:40:07.975-0300] {dagbag.py:588} INFO - Filling up the DagBag from /mnt/c/Users/Pato_/OneDrive/Documentos/ITBA/PYTHON_DATA_APP/itba/lib/python3.10/site-packages/airflow/example_dags/example_params_ui_tutorial.py
[2024-10-20T19:40:08.015-0300] {processor.py:925} INFO - DAG(s) 'example_params_ui_tutorial' retrieved from /mnt/c/Users/Pato_/OneDrive/Documentos/ITBA/PYTHON_DATA_APP/itba/lib/python3.10/site-packages/airflow/example_dags/example_params_ui_tutorial.py
[2024-10-20T19:40:08.044-0300] {logging_mixin.py:190} INFO - [2024-10-20T19:40:08.044-0300] {dag.py:3239} INFO - Sync 1 DAGs
[2024-10-20T19:40:08.053-0300] {logging_mixin.py:190} INFO - [2024-10-20T19:40:08.052-0300] {dag.py:4180} INFO - Setting next_dagrun for example_params_ui_tutorial to None, run_after=None
[2024-10-20T19:40:08.082-0300] {processor.py:208} INFO - Processing /mnt/c/Users/Pato_/OneDrive/Documentos/ITBA/PYTHON_DATA_APP/itba/lib/python3.10/site-packages/airflow/example_dags/example_params_ui_tutorial.py took 0.116 seconds
[2024-10-20T19:41:16.747-0300] {processor.py:186} INFO - Started process (PID=322213) to work on /mnt/c/Users/Pato_/OneDrive/Documentos/ITBA/PYTHON_DATA_APP/itba/lib/python3.10/site-packages/airflow/example_dags/example_params_ui_tutorial.py
[2024-10-20T19:41:16.748-0300] {processor.py:914} INFO - Processing file /mnt/c/Users/Pato_/OneDrive/Documentos/ITBA/PYTHON_DATA_APP/itba/lib/python3.10/site-packages/airflow/example_dags/example_params_ui_tutorial.py for tasks to queue
[2024-10-20T19:41:16.750-0300] {logging_mixin.py:190} INFO - [2024-10-20T19:41:16.749-0300] {dagbag.py:588} INFO - Filling up the DagBag from /mnt/c/Users/Pato_/OneDrive/Documentos/ITBA/PYTHON_DATA_APP/itba/lib/python3.10/site-packages/airflow/example_dags/example_params_ui_tutorial.py
[2024-10-20T19:41:16.794-0300] {processor.py:925} INFO - DAG(s) 'example_params_ui_tutorial' retrieved from /mnt/c/Users/Pato_/OneDrive/Documentos/ITBA/PYTHON_DATA_APP/itba/lib/python3.10/site-packages/airflow/example_dags/example_params_ui_tutorial.py
[2024-10-20T19:41:16.826-0300] {logging_mixin.py:190} INFO - [2024-10-20T19:41:16.825-0300] {dag.py:3239} INFO - Sync 1 DAGs
[2024-10-20T19:41:16.835-0300] {logging_mixin.py:190} INFO - [2024-10-20T19:41:16.835-0300] {dag.py:4180} INFO - Setting next_dagrun for example_params_ui_tutorial to None, run_after=None
[2024-10-20T19:41:16.868-0300] {processor.py:208} INFO - Processing /mnt/c/Users/Pato_/OneDrive/Documentos/ITBA/PYTHON_DATA_APP/itba/lib/python3.10/site-packages/airflow/example_dags/example_params_ui_tutorial.py took 0.129 seconds
