[2024-10-20T19:00:58.105-0300] {processor.py:186} INFO - Started process (PID=298978) to work on /mnt/c/Users/Pato_/OneDrive/Documentos/ITBA/PYTHON_DATA_APP/itba/lib/python3.10/site-packages/airflow/example_dags/example_nested_branch_dag.py
[2024-10-20T19:00:58.106-0300] {processor.py:914} INFO - Processing file /mnt/c/Users/Pato_/OneDrive/Documentos/ITBA/PYTHON_DATA_APP/itba/lib/python3.10/site-packages/airflow/example_dags/example_nested_branch_dag.py for tasks to queue
[2024-10-20T19:00:58.109-0300] {logging_mixin.py:190} INFO - [2024-10-20T19:00:58.108-0300] {dagbag.py:588} INFO - Filling up the DagBag from /mnt/c/Users/Pato_/OneDrive/Documentos/ITBA/PYTHON_DATA_APP/itba/lib/python3.10/site-packages/airflow/example_dags/example_nested_branch_dag.py
[2024-10-20T19:00:58.232-0300] {processor.py:925} INFO - DAG(s) 'example_nested_branch_dag' retrieved from /mnt/c/Users/Pato_/OneDrive/Documentos/ITBA/PYTHON_DATA_APP/itba/lib/python3.10/site-packages/airflow/example_dags/example_nested_branch_dag.py
[2024-10-20T19:00:59.118-0300] {logging_mixin.py:190} INFO - [2024-10-20T19:00:59.117-0300] {override.py:1907} INFO - Created Permission View: can read on DAG:example_nested_branch_dag
[2024-10-20T19:00:59.245-0300] {logging_mixin.py:190} INFO - [2024-10-20T19:00:59.244-0300] {override.py:1907} INFO - Created Permission View: can delete on DAG:example_nested_branch_dag
[2024-10-20T19:00:59.368-0300] {logging_mixin.py:190} INFO - [2024-10-20T19:00:59.367-0300] {override.py:1907} INFO - Created Permission View: can edit on DAG:example_nested_branch_dag
[2024-10-20T19:00:59.612-0300] {logging_mixin.py:190} INFO - [2024-10-20T19:00:59.611-0300] {override.py:1907} INFO - Created Permission View: can read on DAG Run:example_nested_branch_dag
[2024-10-20T19:00:59.736-0300] {logging_mixin.py:190} INFO - [2024-10-20T19:00:59.735-0300] {override.py:1907} INFO - Created Permission View: can delete on DAG Run:example_nested_branch_dag
[2024-10-20T19:00:59.858-0300] {logging_mixin.py:190} INFO - [2024-10-20T19:00:59.858-0300] {override.py:1907} INFO - Created Permission View: can create on DAG Run:example_nested_branch_dag
[2024-10-20T19:00:59.988-0300] {logging_mixin.py:190} INFO - [2024-10-20T19:00:59.987-0300] {override.py:1907} INFO - Created Permission View: menu access on DAG Run:example_nested_branch_dag
[2024-10-20T19:00:59.989-0300] {logging_mixin.py:190} INFO - [2024-10-20T19:00:59.988-0300] {dag.py:3239} INFO - Sync 1 DAGs
[2024-10-20T19:01:00.000-0300] {logging_mixin.py:190} INFO - [2024-10-20T19:00:59.999-0300] {dag.py:3262} INFO - Creating ORM DAG for example_nested_branch_dag
[2024-10-20T19:01:00.008-0300] {logging_mixin.py:190} INFO - [2024-10-20T19:01:00.007-0300] {dag.py:4180} INFO - Setting next_dagrun for example_nested_branch_dag to 2024-10-19 00:00:00+00:00, run_after=2024-10-20 00:00:00+00:00
[2024-10-20T19:01:00.257-0300] {processor.py:208} INFO - Processing /mnt/c/Users/Pato_/OneDrive/Documentos/ITBA/PYTHON_DATA_APP/itba/lib/python3.10/site-packages/airflow/example_dags/example_nested_branch_dag.py took 2.160 seconds
[2024-10-20T19:03:00.889-0300] {processor.py:186} INFO - Started process (PID=300060) to work on /mnt/c/Users/Pato_/OneDrive/Documentos/ITBA/PYTHON_DATA_APP/itba/lib/python3.10/site-packages/airflow/example_dags/example_nested_branch_dag.py
[2024-10-20T19:03:00.890-0300] {processor.py:914} INFO - Processing file /mnt/c/Users/Pato_/OneDrive/Documentos/ITBA/PYTHON_DATA_APP/itba/lib/python3.10/site-packages/airflow/example_dags/example_nested_branch_dag.py for tasks to queue
[2024-10-20T19:03:00.893-0300] {logging_mixin.py:190} INFO - [2024-10-20T19:03:00.892-0300] {dagbag.py:588} INFO - Filling up the DagBag from /mnt/c/Users/Pato_/OneDrive/Documentos/ITBA/PYTHON_DATA_APP/itba/lib/python3.10/site-packages/airflow/example_dags/example_nested_branch_dag.py
[2024-10-20T19:03:00.941-0300] {processor.py:925} INFO - DAG(s) 'example_nested_branch_dag' retrieved from /mnt/c/Users/Pato_/OneDrive/Documentos/ITBA/PYTHON_DATA_APP/itba/lib/python3.10/site-packages/airflow/example_dags/example_nested_branch_dag.py
[2024-10-20T19:03:00.959-0300] {logging_mixin.py:190} INFO - [2024-10-20T19:03:00.958-0300] {dag.py:3239} INFO - Sync 1 DAGs
[2024-10-20T19:03:00.976-0300] {logging_mixin.py:190} INFO - [2024-10-20T19:03:00.975-0300] {dag.py:4180} INFO - Setting next_dagrun for example_nested_branch_dag to 2024-10-19 00:00:00+00:00, run_after=2024-10-20 00:00:00+00:00
[2024-10-20T19:03:01.007-0300] {processor.py:208} INFO - Processing /mnt/c/Users/Pato_/OneDrive/Documentos/ITBA/PYTHON_DATA_APP/itba/lib/python3.10/site-packages/airflow/example_dags/example_nested_branch_dag.py took 0.125 seconds
[2024-10-20T19:04:09.873-0300] {processor.py:186} INFO - Started process (PID=300600) to work on /mnt/c/Users/Pato_/OneDrive/Documentos/ITBA/PYTHON_DATA_APP/itba/lib/python3.10/site-packages/airflow/example_dags/example_nested_branch_dag.py
[2024-10-20T19:04:09.874-0300] {processor.py:914} INFO - Processing file /mnt/c/Users/Pato_/OneDrive/Documentos/ITBA/PYTHON_DATA_APP/itba/lib/python3.10/site-packages/airflow/example_dags/example_nested_branch_dag.py for tasks to queue
[2024-10-20T19:04:09.876-0300] {logging_mixin.py:190} INFO - [2024-10-20T19:04:09.875-0300] {dagbag.py:588} INFO - Filling up the DagBag from /mnt/c/Users/Pato_/OneDrive/Documentos/ITBA/PYTHON_DATA_APP/itba/lib/python3.10/site-packages/airflow/example_dags/example_nested_branch_dag.py
[2024-10-20T19:04:09.924-0300] {processor.py:925} INFO - DAG(s) 'example_nested_branch_dag' retrieved from /mnt/c/Users/Pato_/OneDrive/Documentos/ITBA/PYTHON_DATA_APP/itba/lib/python3.10/site-packages/airflow/example_dags/example_nested_branch_dag.py
[2024-10-20T19:04:09.941-0300] {logging_mixin.py:190} INFO - [2024-10-20T19:04:09.940-0300] {dag.py:3239} INFO - Sync 1 DAGs
[2024-10-20T19:04:09.956-0300] {logging_mixin.py:190} INFO - [2024-10-20T19:04:09.955-0300] {dag.py:4180} INFO - Setting next_dagrun for example_nested_branch_dag to 2024-10-19 00:00:00+00:00, run_after=2024-10-20 00:00:00+00:00
[2024-10-20T19:04:09.986-0300] {processor.py:208} INFO - Processing /mnt/c/Users/Pato_/OneDrive/Documentos/ITBA/PYTHON_DATA_APP/itba/lib/python3.10/site-packages/airflow/example_dags/example_nested_branch_dag.py took 0.120 seconds
[2024-10-20T19:05:21.984-0300] {processor.py:186} INFO - Started process (PID=301409) to work on /mnt/c/Users/Pato_/OneDrive/Documentos/ITBA/PYTHON_DATA_APP/itba/lib/python3.10/site-packages/airflow/example_dags/example_nested_branch_dag.py
[2024-10-20T19:05:21.985-0300] {processor.py:914} INFO - Processing file /mnt/c/Users/Pato_/OneDrive/Documentos/ITBA/PYTHON_DATA_APP/itba/lib/python3.10/site-packages/airflow/example_dags/example_nested_branch_dag.py for tasks to queue
[2024-10-20T19:05:21.987-0300] {logging_mixin.py:190} INFO - [2024-10-20T19:05:21.986-0300] {dagbag.py:588} INFO - Filling up the DagBag from /mnt/c/Users/Pato_/OneDrive/Documentos/ITBA/PYTHON_DATA_APP/itba/lib/python3.10/site-packages/airflow/example_dags/example_nested_branch_dag.py
[2024-10-20T19:05:22.032-0300] {processor.py:925} INFO - DAG(s) 'example_nested_branch_dag' retrieved from /mnt/c/Users/Pato_/OneDrive/Documentos/ITBA/PYTHON_DATA_APP/itba/lib/python3.10/site-packages/airflow/example_dags/example_nested_branch_dag.py
[2024-10-20T19:05:22.049-0300] {logging_mixin.py:190} INFO - [2024-10-20T19:05:22.049-0300] {dag.py:3239} INFO - Sync 1 DAGs
[2024-10-20T19:05:22.065-0300] {logging_mixin.py:190} INFO - [2024-10-20T19:05:22.064-0300] {dag.py:4180} INFO - Setting next_dagrun for example_nested_branch_dag to 2024-10-19 00:00:00+00:00, run_after=2024-10-20 00:00:00+00:00
[2024-10-20T19:05:22.094-0300] {processor.py:208} INFO - Processing /mnt/c/Users/Pato_/OneDrive/Documentos/ITBA/PYTHON_DATA_APP/itba/lib/python3.10/site-packages/airflow/example_dags/example_nested_branch_dag.py took 0.117 seconds
[2024-10-20T19:08:16.449-0300] {processor.py:186} INFO - Started process (PID=303698) to work on /mnt/c/Users/Pato_/OneDrive/Documentos/ITBA/PYTHON_DATA_APP/itba/lib/python3.10/site-packages/airflow/example_dags/example_nested_branch_dag.py
[2024-10-20T19:08:16.450-0300] {processor.py:914} INFO - Processing file /mnt/c/Users/Pato_/OneDrive/Documentos/ITBA/PYTHON_DATA_APP/itba/lib/python3.10/site-packages/airflow/example_dags/example_nested_branch_dag.py for tasks to queue
[2024-10-20T19:08:16.452-0300] {logging_mixin.py:190} INFO - [2024-10-20T19:08:16.451-0300] {dagbag.py:588} INFO - Filling up the DagBag from /mnt/c/Users/Pato_/OneDrive/Documentos/ITBA/PYTHON_DATA_APP/itba/lib/python3.10/site-packages/airflow/example_dags/example_nested_branch_dag.py
[2024-10-20T19:08:16.498-0300] {processor.py:925} INFO - DAG(s) 'example_nested_branch_dag' retrieved from /mnt/c/Users/Pato_/OneDrive/Documentos/ITBA/PYTHON_DATA_APP/itba/lib/python3.10/site-packages/airflow/example_dags/example_nested_branch_dag.py
[2024-10-20T19:08:16.515-0300] {logging_mixin.py:190} INFO - [2024-10-20T19:08:16.515-0300] {dag.py:3239} INFO - Sync 1 DAGs
[2024-10-20T19:08:16.531-0300] {logging_mixin.py:190} INFO - [2024-10-20T19:08:16.531-0300] {dag.py:4180} INFO - Setting next_dagrun for example_nested_branch_dag to 2024-10-19 00:00:00+00:00, run_after=2024-10-20 00:00:00+00:00
[2024-10-20T19:08:16.564-0300] {processor.py:208} INFO - Processing /mnt/c/Users/Pato_/OneDrive/Documentos/ITBA/PYTHON_DATA_APP/itba/lib/python3.10/site-packages/airflow/example_dags/example_nested_branch_dag.py took 0.122 seconds
[2024-10-20T19:09:24.440-0300] {processor.py:186} INFO - Started process (PID=304295) to work on /mnt/c/Users/Pato_/OneDrive/Documentos/ITBA/PYTHON_DATA_APP/itba/lib/python3.10/site-packages/airflow/example_dags/example_nested_branch_dag.py
[2024-10-20T19:09:24.441-0300] {processor.py:914} INFO - Processing file /mnt/c/Users/Pato_/OneDrive/Documentos/ITBA/PYTHON_DATA_APP/itba/lib/python3.10/site-packages/airflow/example_dags/example_nested_branch_dag.py for tasks to queue
[2024-10-20T19:09:24.443-0300] {logging_mixin.py:190} INFO - [2024-10-20T19:09:24.443-0300] {dagbag.py:588} INFO - Filling up the DagBag from /mnt/c/Users/Pato_/OneDrive/Documentos/ITBA/PYTHON_DATA_APP/itba/lib/python3.10/site-packages/airflow/example_dags/example_nested_branch_dag.py
[2024-10-20T19:09:24.488-0300] {processor.py:925} INFO - DAG(s) 'example_nested_branch_dag' retrieved from /mnt/c/Users/Pato_/OneDrive/Documentos/ITBA/PYTHON_DATA_APP/itba/lib/python3.10/site-packages/airflow/example_dags/example_nested_branch_dag.py
[2024-10-20T19:09:24.503-0300] {logging_mixin.py:190} INFO - [2024-10-20T19:09:24.502-0300] {dag.py:3239} INFO - Sync 1 DAGs
[2024-10-20T19:09:24.517-0300] {logging_mixin.py:190} INFO - [2024-10-20T19:09:24.517-0300] {dag.py:4180} INFO - Setting next_dagrun for example_nested_branch_dag to 2024-10-19 00:00:00+00:00, run_after=2024-10-20 00:00:00+00:00
[2024-10-20T19:09:24.547-0300] {processor.py:208} INFO - Processing /mnt/c/Users/Pato_/OneDrive/Documentos/ITBA/PYTHON_DATA_APP/itba/lib/python3.10/site-packages/airflow/example_dags/example_nested_branch_dag.py took 0.113 seconds
[2024-10-20T19:10:28.314-0300] {processor.py:186} INFO - Started process (PID=304820) to work on /mnt/c/Users/Pato_/OneDrive/Documentos/ITBA/PYTHON_DATA_APP/itba/lib/python3.10/site-packages/airflow/example_dags/example_nested_branch_dag.py
[2024-10-20T19:10:28.315-0300] {processor.py:914} INFO - Processing file /mnt/c/Users/Pato_/OneDrive/Documentos/ITBA/PYTHON_DATA_APP/itba/lib/python3.10/site-packages/airflow/example_dags/example_nested_branch_dag.py for tasks to queue
[2024-10-20T19:10:28.317-0300] {logging_mixin.py:190} INFO - [2024-10-20T19:10:28.317-0300] {dagbag.py:588} INFO - Filling up the DagBag from /mnt/c/Users/Pato_/OneDrive/Documentos/ITBA/PYTHON_DATA_APP/itba/lib/python3.10/site-packages/airflow/example_dags/example_nested_branch_dag.py
[2024-10-20T19:10:28.361-0300] {processor.py:925} INFO - DAG(s) 'example_nested_branch_dag' retrieved from /mnt/c/Users/Pato_/OneDrive/Documentos/ITBA/PYTHON_DATA_APP/itba/lib/python3.10/site-packages/airflow/example_dags/example_nested_branch_dag.py
[2024-10-20T19:10:28.376-0300] {logging_mixin.py:190} INFO - [2024-10-20T19:10:28.375-0300] {dag.py:3239} INFO - Sync 1 DAGs
[2024-10-20T19:10:28.390-0300] {logging_mixin.py:190} INFO - [2024-10-20T19:10:28.389-0300] {dag.py:4180} INFO - Setting next_dagrun for example_nested_branch_dag to 2024-10-19 00:00:00+00:00, run_after=2024-10-20 00:00:00+00:00
[2024-10-20T19:10:28.418-0300] {processor.py:208} INFO - Processing /mnt/c/Users/Pato_/OneDrive/Documentos/ITBA/PYTHON_DATA_APP/itba/lib/python3.10/site-packages/airflow/example_dags/example_nested_branch_dag.py took 0.110 seconds
[2024-10-20T19:11:35.931-0300] {processor.py:186} INFO - Started process (PID=305347) to work on /mnt/c/Users/Pato_/OneDrive/Documentos/ITBA/PYTHON_DATA_APP/itba/lib/python3.10/site-packages/airflow/example_dags/example_nested_branch_dag.py
[2024-10-20T19:11:35.932-0300] {processor.py:914} INFO - Processing file /mnt/c/Users/Pato_/OneDrive/Documentos/ITBA/PYTHON_DATA_APP/itba/lib/python3.10/site-packages/airflow/example_dags/example_nested_branch_dag.py for tasks to queue
[2024-10-20T19:11:35.934-0300] {logging_mixin.py:190} INFO - [2024-10-20T19:11:35.933-0300] {dagbag.py:588} INFO - Filling up the DagBag from /mnt/c/Users/Pato_/OneDrive/Documentos/ITBA/PYTHON_DATA_APP/itba/lib/python3.10/site-packages/airflow/example_dags/example_nested_branch_dag.py
[2024-10-20T19:11:35.978-0300] {processor.py:925} INFO - DAG(s) 'example_nested_branch_dag' retrieved from /mnt/c/Users/Pato_/OneDrive/Documentos/ITBA/PYTHON_DATA_APP/itba/lib/python3.10/site-packages/airflow/example_dags/example_nested_branch_dag.py
[2024-10-20T19:11:35.993-0300] {logging_mixin.py:190} INFO - [2024-10-20T19:11:35.992-0300] {dag.py:3239} INFO - Sync 1 DAGs
[2024-10-20T19:11:36.007-0300] {logging_mixin.py:190} INFO - [2024-10-20T19:11:36.006-0300] {dag.py:4180} INFO - Setting next_dagrun for example_nested_branch_dag to 2024-10-19 00:00:00+00:00, run_after=2024-10-20 00:00:00+00:00
[2024-10-20T19:11:36.035-0300] {processor.py:208} INFO - Processing /mnt/c/Users/Pato_/OneDrive/Documentos/ITBA/PYTHON_DATA_APP/itba/lib/python3.10/site-packages/airflow/example_dags/example_nested_branch_dag.py took 0.111 seconds
[2024-10-20T19:12:44.315-0300] {processor.py:186} INFO - Started process (PID=305883) to work on /mnt/c/Users/Pato_/OneDrive/Documentos/ITBA/PYTHON_DATA_APP/itba/lib/python3.10/site-packages/airflow/example_dags/example_nested_branch_dag.py
[2024-10-20T19:12:44.316-0300] {processor.py:914} INFO - Processing file /mnt/c/Users/Pato_/OneDrive/Documentos/ITBA/PYTHON_DATA_APP/itba/lib/python3.10/site-packages/airflow/example_dags/example_nested_branch_dag.py for tasks to queue
[2024-10-20T19:12:44.318-0300] {logging_mixin.py:190} INFO - [2024-10-20T19:12:44.317-0300] {dagbag.py:588} INFO - Filling up the DagBag from /mnt/c/Users/Pato_/OneDrive/Documentos/ITBA/PYTHON_DATA_APP/itba/lib/python3.10/site-packages/airflow/example_dags/example_nested_branch_dag.py
[2024-10-20T19:12:44.362-0300] {processor.py:925} INFO - DAG(s) 'example_nested_branch_dag' retrieved from /mnt/c/Users/Pato_/OneDrive/Documentos/ITBA/PYTHON_DATA_APP/itba/lib/python3.10/site-packages/airflow/example_dags/example_nested_branch_dag.py
[2024-10-20T19:12:44.377-0300] {logging_mixin.py:190} INFO - [2024-10-20T19:12:44.377-0300] {dag.py:3239} INFO - Sync 1 DAGs
[2024-10-20T19:12:44.391-0300] {logging_mixin.py:190} INFO - [2024-10-20T19:12:44.391-0300] {dag.py:4180} INFO - Setting next_dagrun for example_nested_branch_dag to 2024-10-19 00:00:00+00:00, run_after=2024-10-20 00:00:00+00:00
[2024-10-20T19:12:44.421-0300] {processor.py:208} INFO - Processing /mnt/c/Users/Pato_/OneDrive/Documentos/ITBA/PYTHON_DATA_APP/itba/lib/python3.10/site-packages/airflow/example_dags/example_nested_branch_dag.py took 0.113 seconds
[2024-10-20T19:13:48.054-0300] {processor.py:186} INFO - Started process (PID=306379) to work on /mnt/c/Users/Pato_/OneDrive/Documentos/ITBA/PYTHON_DATA_APP/itba/lib/python3.10/site-packages/airflow/example_dags/example_nested_branch_dag.py
[2024-10-20T19:13:48.055-0300] {processor.py:914} INFO - Processing file /mnt/c/Users/Pato_/OneDrive/Documentos/ITBA/PYTHON_DATA_APP/itba/lib/python3.10/site-packages/airflow/example_dags/example_nested_branch_dag.py for tasks to queue
[2024-10-20T19:13:48.057-0300] {logging_mixin.py:190} INFO - [2024-10-20T19:13:48.057-0300] {dagbag.py:588} INFO - Filling up the DagBag from /mnt/c/Users/Pato_/OneDrive/Documentos/ITBA/PYTHON_DATA_APP/itba/lib/python3.10/site-packages/airflow/example_dags/example_nested_branch_dag.py
[2024-10-20T19:13:48.102-0300] {processor.py:925} INFO - DAG(s) 'example_nested_branch_dag' retrieved from /mnt/c/Users/Pato_/OneDrive/Documentos/ITBA/PYTHON_DATA_APP/itba/lib/python3.10/site-packages/airflow/example_dags/example_nested_branch_dag.py
[2024-10-20T19:13:48.117-0300] {logging_mixin.py:190} INFO - [2024-10-20T19:13:48.116-0300] {dag.py:3239} INFO - Sync 1 DAGs
[2024-10-20T19:13:48.132-0300] {logging_mixin.py:190} INFO - [2024-10-20T19:13:48.131-0300] {dag.py:4180} INFO - Setting next_dagrun for example_nested_branch_dag to 2024-10-19 00:00:00+00:00, run_after=2024-10-20 00:00:00+00:00
[2024-10-20T19:13:48.162-0300] {processor.py:208} INFO - Processing /mnt/c/Users/Pato_/OneDrive/Documentos/ITBA/PYTHON_DATA_APP/itba/lib/python3.10/site-packages/airflow/example_dags/example_nested_branch_dag.py took 0.114 seconds
[2024-10-20T19:14:58.520-0300] {processor.py:186} INFO - Started process (PID=306957) to work on /mnt/c/Users/Pato_/OneDrive/Documentos/ITBA/PYTHON_DATA_APP/itba/lib/python3.10/site-packages/airflow/example_dags/example_nested_branch_dag.py
[2024-10-20T19:14:58.521-0300] {processor.py:914} INFO - Processing file /mnt/c/Users/Pato_/OneDrive/Documentos/ITBA/PYTHON_DATA_APP/itba/lib/python3.10/site-packages/airflow/example_dags/example_nested_branch_dag.py for tasks to queue
[2024-10-20T19:14:58.523-0300] {logging_mixin.py:190} INFO - [2024-10-20T19:14:58.522-0300] {dagbag.py:588} INFO - Filling up the DagBag from /mnt/c/Users/Pato_/OneDrive/Documentos/ITBA/PYTHON_DATA_APP/itba/lib/python3.10/site-packages/airflow/example_dags/example_nested_branch_dag.py
[2024-10-20T19:14:58.569-0300] {processor.py:925} INFO - DAG(s) 'example_nested_branch_dag' retrieved from /mnt/c/Users/Pato_/OneDrive/Documentos/ITBA/PYTHON_DATA_APP/itba/lib/python3.10/site-packages/airflow/example_dags/example_nested_branch_dag.py
[2024-10-20T19:14:58.584-0300] {logging_mixin.py:190} INFO - [2024-10-20T19:14:58.583-0300] {dag.py:3239} INFO - Sync 1 DAGs
[2024-10-20T19:14:58.598-0300] {logging_mixin.py:190} INFO - [2024-10-20T19:14:58.597-0300] {dag.py:4180} INFO - Setting next_dagrun for example_nested_branch_dag to 2024-10-19 00:00:00+00:00, run_after=2024-10-20 00:00:00+00:00
[2024-10-20T19:14:58.627-0300] {processor.py:208} INFO - Processing /mnt/c/Users/Pato_/OneDrive/Documentos/ITBA/PYTHON_DATA_APP/itba/lib/python3.10/site-packages/airflow/example_dags/example_nested_branch_dag.py took 0.114 seconds
[2024-10-20T19:16:05.719-0300] {processor.py:186} INFO - Started process (PID=307481) to work on /mnt/c/Users/Pato_/OneDrive/Documentos/ITBA/PYTHON_DATA_APP/itba/lib/python3.10/site-packages/airflow/example_dags/example_nested_branch_dag.py
[2024-10-20T19:16:05.720-0300] {processor.py:914} INFO - Processing file /mnt/c/Users/Pato_/OneDrive/Documentos/ITBA/PYTHON_DATA_APP/itba/lib/python3.10/site-packages/airflow/example_dags/example_nested_branch_dag.py for tasks to queue
[2024-10-20T19:16:05.722-0300] {logging_mixin.py:190} INFO - [2024-10-20T19:16:05.722-0300] {dagbag.py:588} INFO - Filling up the DagBag from /mnt/c/Users/Pato_/OneDrive/Documentos/ITBA/PYTHON_DATA_APP/itba/lib/python3.10/site-packages/airflow/example_dags/example_nested_branch_dag.py
[2024-10-20T19:16:05.767-0300] {processor.py:925} INFO - DAG(s) 'example_nested_branch_dag' retrieved from /mnt/c/Users/Pato_/OneDrive/Documentos/ITBA/PYTHON_DATA_APP/itba/lib/python3.10/site-packages/airflow/example_dags/example_nested_branch_dag.py
[2024-10-20T19:16:05.782-0300] {logging_mixin.py:190} INFO - [2024-10-20T19:16:05.782-0300] {dag.py:3239} INFO - Sync 1 DAGs
[2024-10-20T19:16:05.797-0300] {logging_mixin.py:190} INFO - [2024-10-20T19:16:05.796-0300] {dag.py:4180} INFO - Setting next_dagrun for example_nested_branch_dag to 2024-10-19 00:00:00+00:00, run_after=2024-10-20 00:00:00+00:00
[2024-10-20T19:16:05.826-0300] {processor.py:208} INFO - Processing /mnt/c/Users/Pato_/OneDrive/Documentos/ITBA/PYTHON_DATA_APP/itba/lib/python3.10/site-packages/airflow/example_dags/example_nested_branch_dag.py took 0.114 seconds
[2024-10-20T19:17:17.513-0300] {processor.py:186} INFO - Started process (PID=308046) to work on /mnt/c/Users/Pato_/OneDrive/Documentos/ITBA/PYTHON_DATA_APP/itba/lib/python3.10/site-packages/airflow/example_dags/example_nested_branch_dag.py
[2024-10-20T19:17:17.514-0300] {processor.py:914} INFO - Processing file /mnt/c/Users/Pato_/OneDrive/Documentos/ITBA/PYTHON_DATA_APP/itba/lib/python3.10/site-packages/airflow/example_dags/example_nested_branch_dag.py for tasks to queue
[2024-10-20T19:17:17.516-0300] {logging_mixin.py:190} INFO - [2024-10-20T19:17:17.515-0300] {dagbag.py:588} INFO - Filling up the DagBag from /mnt/c/Users/Pato_/OneDrive/Documentos/ITBA/PYTHON_DATA_APP/itba/lib/python3.10/site-packages/airflow/example_dags/example_nested_branch_dag.py
[2024-10-20T19:17:17.565-0300] {processor.py:925} INFO - DAG(s) 'example_nested_branch_dag' retrieved from /mnt/c/Users/Pato_/OneDrive/Documentos/ITBA/PYTHON_DATA_APP/itba/lib/python3.10/site-packages/airflow/example_dags/example_nested_branch_dag.py
[2024-10-20T19:17:17.584-0300] {logging_mixin.py:190} INFO - [2024-10-20T19:17:17.583-0300] {dag.py:3239} INFO - Sync 1 DAGs
[2024-10-20T19:17:17.599-0300] {logging_mixin.py:190} INFO - [2024-10-20T19:17:17.598-0300] {dag.py:4180} INFO - Setting next_dagrun for example_nested_branch_dag to 2024-10-19 00:00:00+00:00, run_after=2024-10-20 00:00:00+00:00
[2024-10-20T19:17:17.630-0300] {processor.py:208} INFO - Processing /mnt/c/Users/Pato_/OneDrive/Documentos/ITBA/PYTHON_DATA_APP/itba/lib/python3.10/site-packages/airflow/example_dags/example_nested_branch_dag.py took 0.124 seconds
[2024-10-20T19:18:32.247-0300] {processor.py:186} INFO - Started process (PID=308622) to work on /mnt/c/Users/Pato_/OneDrive/Documentos/ITBA/PYTHON_DATA_APP/itba/lib/python3.10/site-packages/airflow/example_dags/example_nested_branch_dag.py
[2024-10-20T19:18:32.248-0300] {processor.py:914} INFO - Processing file /mnt/c/Users/Pato_/OneDrive/Documentos/ITBA/PYTHON_DATA_APP/itba/lib/python3.10/site-packages/airflow/example_dags/example_nested_branch_dag.py for tasks to queue
[2024-10-20T19:18:32.250-0300] {logging_mixin.py:190} INFO - [2024-10-20T19:18:32.250-0300] {dagbag.py:588} INFO - Filling up the DagBag from /mnt/c/Users/Pato_/OneDrive/Documentos/ITBA/PYTHON_DATA_APP/itba/lib/python3.10/site-packages/airflow/example_dags/example_nested_branch_dag.py
[2024-10-20T19:18:32.295-0300] {processor.py:925} INFO - DAG(s) 'example_nested_branch_dag' retrieved from /mnt/c/Users/Pato_/OneDrive/Documentos/ITBA/PYTHON_DATA_APP/itba/lib/python3.10/site-packages/airflow/example_dags/example_nested_branch_dag.py
[2024-10-20T19:18:32.310-0300] {logging_mixin.py:190} INFO - [2024-10-20T19:18:32.310-0300] {dag.py:3239} INFO - Sync 1 DAGs
[2024-10-20T19:18:32.325-0300] {logging_mixin.py:190} INFO - [2024-10-20T19:18:32.324-0300] {dag.py:4180} INFO - Setting next_dagrun for example_nested_branch_dag to 2024-10-19 00:00:00+00:00, run_after=2024-10-20 00:00:00+00:00
[2024-10-20T19:18:32.353-0300] {processor.py:208} INFO - Processing /mnt/c/Users/Pato_/OneDrive/Documentos/ITBA/PYTHON_DATA_APP/itba/lib/python3.10/site-packages/airflow/example_dags/example_nested_branch_dag.py took 0.112 seconds
[2024-10-20T19:19:44.929-0300] {processor.py:186} INFO - Started process (PID=309190) to work on /mnt/c/Users/Pato_/OneDrive/Documentos/ITBA/PYTHON_DATA_APP/itba/lib/python3.10/site-packages/airflow/example_dags/example_nested_branch_dag.py
[2024-10-20T19:19:44.930-0300] {processor.py:914} INFO - Processing file /mnt/c/Users/Pato_/OneDrive/Documentos/ITBA/PYTHON_DATA_APP/itba/lib/python3.10/site-packages/airflow/example_dags/example_nested_branch_dag.py for tasks to queue
[2024-10-20T19:19:44.932-0300] {logging_mixin.py:190} INFO - [2024-10-20T19:19:44.931-0300] {dagbag.py:588} INFO - Filling up the DagBag from /mnt/c/Users/Pato_/OneDrive/Documentos/ITBA/PYTHON_DATA_APP/itba/lib/python3.10/site-packages/airflow/example_dags/example_nested_branch_dag.py
[2024-10-20T19:19:44.976-0300] {processor.py:925} INFO - DAG(s) 'example_nested_branch_dag' retrieved from /mnt/c/Users/Pato_/OneDrive/Documentos/ITBA/PYTHON_DATA_APP/itba/lib/python3.10/site-packages/airflow/example_dags/example_nested_branch_dag.py
[2024-10-20T19:19:44.991-0300] {logging_mixin.py:190} INFO - [2024-10-20T19:19:44.990-0300] {dag.py:3239} INFO - Sync 1 DAGs
[2024-10-20T19:19:45.005-0300] {logging_mixin.py:190} INFO - [2024-10-20T19:19:45.004-0300] {dag.py:4180} INFO - Setting next_dagrun for example_nested_branch_dag to 2024-10-19 00:00:00+00:00, run_after=2024-10-20 00:00:00+00:00
[2024-10-20T19:19:45.034-0300] {processor.py:208} INFO - Processing /mnt/c/Users/Pato_/OneDrive/Documentos/ITBA/PYTHON_DATA_APP/itba/lib/python3.10/site-packages/airflow/example_dags/example_nested_branch_dag.py took 0.112 seconds
[2024-10-20T19:20:51.750-0300] {processor.py:186} INFO - Started process (PID=309802) to work on /mnt/c/Users/Pato_/OneDrive/Documentos/ITBA/PYTHON_DATA_APP/itba/lib/python3.10/site-packages/airflow/example_dags/example_nested_branch_dag.py
[2024-10-20T19:20:51.752-0300] {processor.py:914} INFO - Processing file /mnt/c/Users/Pato_/OneDrive/Documentos/ITBA/PYTHON_DATA_APP/itba/lib/python3.10/site-packages/airflow/example_dags/example_nested_branch_dag.py for tasks to queue
[2024-10-20T19:20:51.754-0300] {logging_mixin.py:190} INFO - [2024-10-20T19:20:51.754-0300] {dagbag.py:588} INFO - Filling up the DagBag from /mnt/c/Users/Pato_/OneDrive/Documentos/ITBA/PYTHON_DATA_APP/itba/lib/python3.10/site-packages/airflow/example_dags/example_nested_branch_dag.py
[2024-10-20T19:20:51.804-0300] {processor.py:925} INFO - DAG(s) 'example_nested_branch_dag' retrieved from /mnt/c/Users/Pato_/OneDrive/Documentos/ITBA/PYTHON_DATA_APP/itba/lib/python3.10/site-packages/airflow/example_dags/example_nested_branch_dag.py
[2024-10-20T19:20:51.821-0300] {logging_mixin.py:190} INFO - [2024-10-20T19:20:51.820-0300] {dag.py:3239} INFO - Sync 1 DAGs
[2024-10-20T19:20:51.837-0300] {logging_mixin.py:190} INFO - [2024-10-20T19:20:51.836-0300] {dag.py:4180} INFO - Setting next_dagrun for example_nested_branch_dag to 2024-10-19 00:00:00+00:00, run_after=2024-10-20 00:00:00+00:00
[2024-10-20T19:20:51.869-0300] {processor.py:208} INFO - Processing /mnt/c/Users/Pato_/OneDrive/Documentos/ITBA/PYTHON_DATA_APP/itba/lib/python3.10/site-packages/airflow/example_dags/example_nested_branch_dag.py took 0.126 seconds
[2024-10-20T19:21:59.247-0300] {processor.py:186} INFO - Started process (PID=310416) to work on /mnt/c/Users/Pato_/OneDrive/Documentos/ITBA/PYTHON_DATA_APP/itba/lib/python3.10/site-packages/airflow/example_dags/example_nested_branch_dag.py
[2024-10-20T19:21:59.248-0300] {processor.py:914} INFO - Processing file /mnt/c/Users/Pato_/OneDrive/Documentos/ITBA/PYTHON_DATA_APP/itba/lib/python3.10/site-packages/airflow/example_dags/example_nested_branch_dag.py for tasks to queue
[2024-10-20T19:21:59.250-0300] {logging_mixin.py:190} INFO - [2024-10-20T19:21:59.250-0300] {dagbag.py:588} INFO - Filling up the DagBag from /mnt/c/Users/Pato_/OneDrive/Documentos/ITBA/PYTHON_DATA_APP/itba/lib/python3.10/site-packages/airflow/example_dags/example_nested_branch_dag.py
[2024-10-20T19:21:59.294-0300] {processor.py:925} INFO - DAG(s) 'example_nested_branch_dag' retrieved from /mnt/c/Users/Pato_/OneDrive/Documentos/ITBA/PYTHON_DATA_APP/itba/lib/python3.10/site-packages/airflow/example_dags/example_nested_branch_dag.py
[2024-10-20T19:21:59.309-0300] {logging_mixin.py:190} INFO - [2024-10-20T19:21:59.308-0300] {dag.py:3239} INFO - Sync 1 DAGs
[2024-10-20T19:21:59.323-0300] {logging_mixin.py:190} INFO - [2024-10-20T19:21:59.322-0300] {dag.py:4180} INFO - Setting next_dagrun for example_nested_branch_dag to 2024-10-19 00:00:00+00:00, run_after=2024-10-20 00:00:00+00:00
[2024-10-20T19:21:59.353-0300] {processor.py:208} INFO - Processing /mnt/c/Users/Pato_/OneDrive/Documentos/ITBA/PYTHON_DATA_APP/itba/lib/python3.10/site-packages/airflow/example_dags/example_nested_branch_dag.py took 0.112 seconds
[2024-10-20T19:23:03.916-0300] {processor.py:186} INFO - Started process (PID=310931) to work on /mnt/c/Users/Pato_/OneDrive/Documentos/ITBA/PYTHON_DATA_APP/itba/lib/python3.10/site-packages/airflow/example_dags/example_nested_branch_dag.py
[2024-10-20T19:23:03.917-0300] {processor.py:914} INFO - Processing file /mnt/c/Users/Pato_/OneDrive/Documentos/ITBA/PYTHON_DATA_APP/itba/lib/python3.10/site-packages/airflow/example_dags/example_nested_branch_dag.py for tasks to queue
[2024-10-20T19:23:03.919-0300] {logging_mixin.py:190} INFO - [2024-10-20T19:23:03.918-0300] {dagbag.py:588} INFO - Filling up the DagBag from /mnt/c/Users/Pato_/OneDrive/Documentos/ITBA/PYTHON_DATA_APP/itba/lib/python3.10/site-packages/airflow/example_dags/example_nested_branch_dag.py
[2024-10-20T19:23:03.965-0300] {processor.py:925} INFO - DAG(s) 'example_nested_branch_dag' retrieved from /mnt/c/Users/Pato_/OneDrive/Documentos/ITBA/PYTHON_DATA_APP/itba/lib/python3.10/site-packages/airflow/example_dags/example_nested_branch_dag.py
[2024-10-20T19:23:03.982-0300] {logging_mixin.py:190} INFO - [2024-10-20T19:23:03.981-0300] {dag.py:3239} INFO - Sync 1 DAGs
[2024-10-20T19:23:03.997-0300] {logging_mixin.py:190} INFO - [2024-10-20T19:23:03.996-0300] {dag.py:4180} INFO - Setting next_dagrun for example_nested_branch_dag to 2024-10-19 00:00:00+00:00, run_after=2024-10-20 00:00:00+00:00
[2024-10-20T19:23:04.027-0300] {processor.py:208} INFO - Processing /mnt/c/Users/Pato_/OneDrive/Documentos/ITBA/PYTHON_DATA_APP/itba/lib/python3.10/site-packages/airflow/example_dags/example_nested_branch_dag.py took 0.118 seconds
[2024-10-20T19:24:59.550-0300] {processor.py:186} INFO - Started process (PID=312484) to work on /mnt/c/Users/Pato_/OneDrive/Documentos/ITBA/PYTHON_DATA_APP/itba/lib/python3.10/site-packages/airflow/example_dags/example_nested_branch_dag.py
[2024-10-20T19:24:59.552-0300] {processor.py:914} INFO - Processing file /mnt/c/Users/Pato_/OneDrive/Documentos/ITBA/PYTHON_DATA_APP/itba/lib/python3.10/site-packages/airflow/example_dags/example_nested_branch_dag.py for tasks to queue
[2024-10-20T19:24:59.554-0300] {logging_mixin.py:190} INFO - [2024-10-20T19:24:59.553-0300] {dagbag.py:588} INFO - Filling up the DagBag from /mnt/c/Users/Pato_/OneDrive/Documentos/ITBA/PYTHON_DATA_APP/itba/lib/python3.10/site-packages/airflow/example_dags/example_nested_branch_dag.py
[2024-10-20T19:24:59.600-0300] {processor.py:925} INFO - DAG(s) 'example_nested_branch_dag' retrieved from /mnt/c/Users/Pato_/OneDrive/Documentos/ITBA/PYTHON_DATA_APP/itba/lib/python3.10/site-packages/airflow/example_dags/example_nested_branch_dag.py
[2024-10-20T19:24:59.617-0300] {logging_mixin.py:190} INFO - [2024-10-20T19:24:59.616-0300] {dag.py:3239} INFO - Sync 1 DAGs
[2024-10-20T19:24:59.631-0300] {logging_mixin.py:190} INFO - [2024-10-20T19:24:59.631-0300] {dag.py:4180} INFO - Setting next_dagrun for example_nested_branch_dag to 2024-10-19 00:00:00+00:00, run_after=2024-10-20 00:00:00+00:00
[2024-10-20T19:24:59.661-0300] {processor.py:208} INFO - Processing /mnt/c/Users/Pato_/OneDrive/Documentos/ITBA/PYTHON_DATA_APP/itba/lib/python3.10/site-packages/airflow/example_dags/example_nested_branch_dag.py took 0.118 seconds
[2024-10-20T19:26:38.887-0300] {processor.py:186} INFO - Started process (PID=313781) to work on /mnt/c/Users/Pato_/OneDrive/Documentos/ITBA/PYTHON_DATA_APP/itba/lib/python3.10/site-packages/airflow/example_dags/example_nested_branch_dag.py
[2024-10-20T19:26:38.888-0300] {processor.py:914} INFO - Processing file /mnt/c/Users/Pato_/OneDrive/Documentos/ITBA/PYTHON_DATA_APP/itba/lib/python3.10/site-packages/airflow/example_dags/example_nested_branch_dag.py for tasks to queue
[2024-10-20T19:26:38.890-0300] {logging_mixin.py:190} INFO - [2024-10-20T19:26:38.889-0300] {dagbag.py:588} INFO - Filling up the DagBag from /mnt/c/Users/Pato_/OneDrive/Documentos/ITBA/PYTHON_DATA_APP/itba/lib/python3.10/site-packages/airflow/example_dags/example_nested_branch_dag.py
[2024-10-20T19:26:38.938-0300] {processor.py:925} INFO - DAG(s) 'example_nested_branch_dag' retrieved from /mnt/c/Users/Pato_/OneDrive/Documentos/ITBA/PYTHON_DATA_APP/itba/lib/python3.10/site-packages/airflow/example_dags/example_nested_branch_dag.py
[2024-10-20T19:26:38.955-0300] {logging_mixin.py:190} INFO - [2024-10-20T19:26:38.955-0300] {dag.py:3239} INFO - Sync 1 DAGs
[2024-10-20T19:26:38.971-0300] {logging_mixin.py:190} INFO - [2024-10-20T19:26:38.970-0300] {dag.py:4180} INFO - Setting next_dagrun for example_nested_branch_dag to 2024-10-19 00:00:00+00:00, run_after=2024-10-20 00:00:00+00:00
[2024-10-20T19:26:39.002-0300] {processor.py:208} INFO - Processing /mnt/c/Users/Pato_/OneDrive/Documentos/ITBA/PYTHON_DATA_APP/itba/lib/python3.10/site-packages/airflow/example_dags/example_nested_branch_dag.py took 0.123 seconds
[2024-10-20T19:27:52.059-0300] {processor.py:186} INFO - Started process (PID=314625) to work on /mnt/c/Users/Pato_/OneDrive/Documentos/ITBA/PYTHON_DATA_APP/itba/lib/python3.10/site-packages/airflow/example_dags/example_nested_branch_dag.py
[2024-10-20T19:27:52.060-0300] {processor.py:914} INFO - Processing file /mnt/c/Users/Pato_/OneDrive/Documentos/ITBA/PYTHON_DATA_APP/itba/lib/python3.10/site-packages/airflow/example_dags/example_nested_branch_dag.py for tasks to queue
[2024-10-20T19:27:52.062-0300] {logging_mixin.py:190} INFO - [2024-10-20T19:27:52.061-0300] {dagbag.py:588} INFO - Filling up the DagBag from /mnt/c/Users/Pato_/OneDrive/Documentos/ITBA/PYTHON_DATA_APP/itba/lib/python3.10/site-packages/airflow/example_dags/example_nested_branch_dag.py
[2024-10-20T19:27:52.109-0300] {processor.py:925} INFO - DAG(s) 'example_nested_branch_dag' retrieved from /mnt/c/Users/Pato_/OneDrive/Documentos/ITBA/PYTHON_DATA_APP/itba/lib/python3.10/site-packages/airflow/example_dags/example_nested_branch_dag.py
[2024-10-20T19:27:52.126-0300] {logging_mixin.py:190} INFO - [2024-10-20T19:27:52.125-0300] {dag.py:3239} INFO - Sync 1 DAGs
[2024-10-20T19:27:52.141-0300] {logging_mixin.py:190} INFO - [2024-10-20T19:27:52.141-0300] {dag.py:4180} INFO - Setting next_dagrun for example_nested_branch_dag to 2024-10-19 00:00:00+00:00, run_after=2024-10-20 00:00:00+00:00
[2024-10-20T19:27:52.172-0300] {processor.py:208} INFO - Processing /mnt/c/Users/Pato_/OneDrive/Documentos/ITBA/PYTHON_DATA_APP/itba/lib/python3.10/site-packages/airflow/example_dags/example_nested_branch_dag.py took 0.121 seconds
[2024-10-20T19:28:55.959-0300] {processor.py:186} INFO - Started process (PID=315373) to work on /mnt/c/Users/Pato_/OneDrive/Documentos/ITBA/PYTHON_DATA_APP/itba/lib/python3.10/site-packages/airflow/example_dags/example_nested_branch_dag.py
[2024-10-20T19:28:55.960-0300] {processor.py:914} INFO - Processing file /mnt/c/Users/Pato_/OneDrive/Documentos/ITBA/PYTHON_DATA_APP/itba/lib/python3.10/site-packages/airflow/example_dags/example_nested_branch_dag.py for tasks to queue
[2024-10-20T19:28:55.962-0300] {logging_mixin.py:190} INFO - [2024-10-20T19:28:55.961-0300] {dagbag.py:588} INFO - Filling up the DagBag from /mnt/c/Users/Pato_/OneDrive/Documentos/ITBA/PYTHON_DATA_APP/itba/lib/python3.10/site-packages/airflow/example_dags/example_nested_branch_dag.py
[2024-10-20T19:28:56.005-0300] {processor.py:925} INFO - DAG(s) 'example_nested_branch_dag' retrieved from /mnt/c/Users/Pato_/OneDrive/Documentos/ITBA/PYTHON_DATA_APP/itba/lib/python3.10/site-packages/airflow/example_dags/example_nested_branch_dag.py
[2024-10-20T19:28:56.020-0300] {logging_mixin.py:190} INFO - [2024-10-20T19:28:56.019-0300] {dag.py:3239} INFO - Sync 1 DAGs
[2024-10-20T19:28:56.034-0300] {logging_mixin.py:190} INFO - [2024-10-20T19:28:56.034-0300] {dag.py:4180} INFO - Setting next_dagrun for example_nested_branch_dag to 2024-10-19 00:00:00+00:00, run_after=2024-10-20 00:00:00+00:00
[2024-10-20T19:28:56.062-0300] {processor.py:208} INFO - Processing /mnt/c/Users/Pato_/OneDrive/Documentos/ITBA/PYTHON_DATA_APP/itba/lib/python3.10/site-packages/airflow/example_dags/example_nested_branch_dag.py took 0.110 seconds
[2024-10-20T19:30:08.119-0300] {processor.py:186} INFO - Started process (PID=316182) to work on /mnt/c/Users/Pato_/OneDrive/Documentos/ITBA/PYTHON_DATA_APP/itba/lib/python3.10/site-packages/airflow/example_dags/example_nested_branch_dag.py
[2024-10-20T19:30:08.120-0300] {processor.py:914} INFO - Processing file /mnt/c/Users/Pato_/OneDrive/Documentos/ITBA/PYTHON_DATA_APP/itba/lib/python3.10/site-packages/airflow/example_dags/example_nested_branch_dag.py for tasks to queue
[2024-10-20T19:30:08.122-0300] {logging_mixin.py:190} INFO - [2024-10-20T19:30:08.122-0300] {dagbag.py:588} INFO - Filling up the DagBag from /mnt/c/Users/Pato_/OneDrive/Documentos/ITBA/PYTHON_DATA_APP/itba/lib/python3.10/site-packages/airflow/example_dags/example_nested_branch_dag.py
[2024-10-20T19:30:08.170-0300] {processor.py:925} INFO - DAG(s) 'example_nested_branch_dag' retrieved from /mnt/c/Users/Pato_/OneDrive/Documentos/ITBA/PYTHON_DATA_APP/itba/lib/python3.10/site-packages/airflow/example_dags/example_nested_branch_dag.py
[2024-10-20T19:30:08.187-0300] {logging_mixin.py:190} INFO - [2024-10-20T19:30:08.186-0300] {dag.py:3239} INFO - Sync 1 DAGs
[2024-10-20T19:30:08.203-0300] {logging_mixin.py:190} INFO - [2024-10-20T19:30:08.202-0300] {dag.py:4180} INFO - Setting next_dagrun for example_nested_branch_dag to 2024-10-19 00:00:00+00:00, run_after=2024-10-20 00:00:00+00:00
[2024-10-20T19:30:08.234-0300] {processor.py:208} INFO - Processing /mnt/c/Users/Pato_/OneDrive/Documentos/ITBA/PYTHON_DATA_APP/itba/lib/python3.10/site-packages/airflow/example_dags/example_nested_branch_dag.py took 0.122 seconds
[2024-10-20T19:31:13.129-0300] {processor.py:186} INFO - Started process (PID=316690) to work on /mnt/c/Users/Pato_/OneDrive/Documentos/ITBA/PYTHON_DATA_APP/itba/lib/python3.10/site-packages/airflow/example_dags/example_nested_branch_dag.py
[2024-10-20T19:31:13.130-0300] {processor.py:914} INFO - Processing file /mnt/c/Users/Pato_/OneDrive/Documentos/ITBA/PYTHON_DATA_APP/itba/lib/python3.10/site-packages/airflow/example_dags/example_nested_branch_dag.py for tasks to queue
[2024-10-20T19:31:13.132-0300] {logging_mixin.py:190} INFO - [2024-10-20T19:31:13.131-0300] {dagbag.py:588} INFO - Filling up the DagBag from /mnt/c/Users/Pato_/OneDrive/Documentos/ITBA/PYTHON_DATA_APP/itba/lib/python3.10/site-packages/airflow/example_dags/example_nested_branch_dag.py
[2024-10-20T19:31:13.180-0300] {processor.py:925} INFO - DAG(s) 'example_nested_branch_dag' retrieved from /mnt/c/Users/Pato_/OneDrive/Documentos/ITBA/PYTHON_DATA_APP/itba/lib/python3.10/site-packages/airflow/example_dags/example_nested_branch_dag.py
[2024-10-20T19:31:13.196-0300] {logging_mixin.py:190} INFO - [2024-10-20T19:31:13.196-0300] {dag.py:3239} INFO - Sync 1 DAGs
[2024-10-20T19:31:13.211-0300] {logging_mixin.py:190} INFO - [2024-10-20T19:31:13.211-0300] {dag.py:4180} INFO - Setting next_dagrun for example_nested_branch_dag to 2024-10-19 00:00:00+00:00, run_after=2024-10-20 00:00:00+00:00
[2024-10-20T19:31:13.240-0300] {processor.py:208} INFO - Processing /mnt/c/Users/Pato_/OneDrive/Documentos/ITBA/PYTHON_DATA_APP/itba/lib/python3.10/site-packages/airflow/example_dags/example_nested_branch_dag.py took 0.118 seconds
[2024-10-20T19:32:24.229-0300] {processor.py:186} INFO - Started process (PID=317243) to work on /mnt/c/Users/Pato_/OneDrive/Documentos/ITBA/PYTHON_DATA_APP/itba/lib/python3.10/site-packages/airflow/example_dags/example_nested_branch_dag.py
[2024-10-20T19:32:24.230-0300] {processor.py:914} INFO - Processing file /mnt/c/Users/Pato_/OneDrive/Documentos/ITBA/PYTHON_DATA_APP/itba/lib/python3.10/site-packages/airflow/example_dags/example_nested_branch_dag.py for tasks to queue
[2024-10-20T19:32:24.232-0300] {logging_mixin.py:190} INFO - [2024-10-20T19:32:24.231-0300] {dagbag.py:588} INFO - Filling up the DagBag from /mnt/c/Users/Pato_/OneDrive/Documentos/ITBA/PYTHON_DATA_APP/itba/lib/python3.10/site-packages/airflow/example_dags/example_nested_branch_dag.py
[2024-10-20T19:32:24.276-0300] {processor.py:925} INFO - DAG(s) 'example_nested_branch_dag' retrieved from /mnt/c/Users/Pato_/OneDrive/Documentos/ITBA/PYTHON_DATA_APP/itba/lib/python3.10/site-packages/airflow/example_dags/example_nested_branch_dag.py
[2024-10-20T19:32:24.292-0300] {logging_mixin.py:190} INFO - [2024-10-20T19:32:24.291-0300] {dag.py:3239} INFO - Sync 1 DAGs
[2024-10-20T19:32:24.308-0300] {logging_mixin.py:190} INFO - [2024-10-20T19:32:24.307-0300] {dag.py:4180} INFO - Setting next_dagrun for example_nested_branch_dag to 2024-10-19 00:00:00+00:00, run_after=2024-10-20 00:00:00+00:00
[2024-10-20T19:32:24.337-0300] {processor.py:208} INFO - Processing /mnt/c/Users/Pato_/OneDrive/Documentos/ITBA/PYTHON_DATA_APP/itba/lib/python3.10/site-packages/airflow/example_dags/example_nested_branch_dag.py took 0.115 seconds
[2024-10-20T19:33:30.510-0300] {processor.py:186} INFO - Started process (PID=317883) to work on /mnt/c/Users/Pato_/OneDrive/Documentos/ITBA/PYTHON_DATA_APP/itba/lib/python3.10/site-packages/airflow/example_dags/example_nested_branch_dag.py
[2024-10-20T19:33:30.511-0300] {processor.py:914} INFO - Processing file /mnt/c/Users/Pato_/OneDrive/Documentos/ITBA/PYTHON_DATA_APP/itba/lib/python3.10/site-packages/airflow/example_dags/example_nested_branch_dag.py for tasks to queue
[2024-10-20T19:33:30.513-0300] {logging_mixin.py:190} INFO - [2024-10-20T19:33:30.513-0300] {dagbag.py:588} INFO - Filling up the DagBag from /mnt/c/Users/Pato_/OneDrive/Documentos/ITBA/PYTHON_DATA_APP/itba/lib/python3.10/site-packages/airflow/example_dags/example_nested_branch_dag.py
[2024-10-20T19:33:30.557-0300] {processor.py:925} INFO - DAG(s) 'example_nested_branch_dag' retrieved from /mnt/c/Users/Pato_/OneDrive/Documentos/ITBA/PYTHON_DATA_APP/itba/lib/python3.10/site-packages/airflow/example_dags/example_nested_branch_dag.py
[2024-10-20T19:33:30.572-0300] {logging_mixin.py:190} INFO - [2024-10-20T19:33:30.572-0300] {dag.py:3239} INFO - Sync 1 DAGs
[2024-10-20T19:33:30.587-0300] {logging_mixin.py:190} INFO - [2024-10-20T19:33:30.586-0300] {dag.py:4180} INFO - Setting next_dagrun for example_nested_branch_dag to 2024-10-19 00:00:00+00:00, run_after=2024-10-20 00:00:00+00:00
[2024-10-20T19:33:30.615-0300] {processor.py:208} INFO - Processing /mnt/c/Users/Pato_/OneDrive/Documentos/ITBA/PYTHON_DATA_APP/itba/lib/python3.10/site-packages/airflow/example_dags/example_nested_branch_dag.py took 0.112 seconds
[2024-10-20T19:34:38.172-0300] {processor.py:186} INFO - Started process (PID=318604) to work on /mnt/c/Users/Pato_/OneDrive/Documentos/ITBA/PYTHON_DATA_APP/itba/lib/python3.10/site-packages/airflow/example_dags/example_nested_branch_dag.py
[2024-10-20T19:34:38.173-0300] {processor.py:914} INFO - Processing file /mnt/c/Users/Pato_/OneDrive/Documentos/ITBA/PYTHON_DATA_APP/itba/lib/python3.10/site-packages/airflow/example_dags/example_nested_branch_dag.py for tasks to queue
[2024-10-20T19:34:38.175-0300] {logging_mixin.py:190} INFO - [2024-10-20T19:34:38.174-0300] {dagbag.py:588} INFO - Filling up the DagBag from /mnt/c/Users/Pato_/OneDrive/Documentos/ITBA/PYTHON_DATA_APP/itba/lib/python3.10/site-packages/airflow/example_dags/example_nested_branch_dag.py
[2024-10-20T19:34:38.221-0300] {processor.py:925} INFO - DAG(s) 'example_nested_branch_dag' retrieved from /mnt/c/Users/Pato_/OneDrive/Documentos/ITBA/PYTHON_DATA_APP/itba/lib/python3.10/site-packages/airflow/example_dags/example_nested_branch_dag.py
[2024-10-20T19:34:38.237-0300] {logging_mixin.py:190} INFO - [2024-10-20T19:34:38.236-0300] {dag.py:3239} INFO - Sync 1 DAGs
[2024-10-20T19:34:38.251-0300] {logging_mixin.py:190} INFO - [2024-10-20T19:34:38.250-0300] {dag.py:4180} INFO - Setting next_dagrun for example_nested_branch_dag to 2024-10-19 00:00:00+00:00, run_after=2024-10-20 00:00:00+00:00
[2024-10-20T19:34:38.279-0300] {processor.py:208} INFO - Processing /mnt/c/Users/Pato_/OneDrive/Documentos/ITBA/PYTHON_DATA_APP/itba/lib/python3.10/site-packages/airflow/example_dags/example_nested_branch_dag.py took 0.114 seconds
[2024-10-20T19:35:46.639-0300] {processor.py:186} INFO - Started process (PID=319248) to work on /mnt/c/Users/Pato_/OneDrive/Documentos/ITBA/PYTHON_DATA_APP/itba/lib/python3.10/site-packages/airflow/example_dags/example_nested_branch_dag.py
[2024-10-20T19:35:46.640-0300] {processor.py:914} INFO - Processing file /mnt/c/Users/Pato_/OneDrive/Documentos/ITBA/PYTHON_DATA_APP/itba/lib/python3.10/site-packages/airflow/example_dags/example_nested_branch_dag.py for tasks to queue
[2024-10-20T19:35:46.642-0300] {logging_mixin.py:190} INFO - [2024-10-20T19:35:46.642-0300] {dagbag.py:588} INFO - Filling up the DagBag from /mnt/c/Users/Pato_/OneDrive/Documentos/ITBA/PYTHON_DATA_APP/itba/lib/python3.10/site-packages/airflow/example_dags/example_nested_branch_dag.py
[2024-10-20T19:35:46.686-0300] {processor.py:925} INFO - DAG(s) 'example_nested_branch_dag' retrieved from /mnt/c/Users/Pato_/OneDrive/Documentos/ITBA/PYTHON_DATA_APP/itba/lib/python3.10/site-packages/airflow/example_dags/example_nested_branch_dag.py
[2024-10-20T19:35:46.701-0300] {logging_mixin.py:190} INFO - [2024-10-20T19:35:46.701-0300] {dag.py:3239} INFO - Sync 1 DAGs
[2024-10-20T19:35:46.715-0300] {logging_mixin.py:190} INFO - [2024-10-20T19:35:46.715-0300] {dag.py:4180} INFO - Setting next_dagrun for example_nested_branch_dag to 2024-10-19 00:00:00+00:00, run_after=2024-10-20 00:00:00+00:00
[2024-10-20T19:35:46.744-0300] {processor.py:208} INFO - Processing /mnt/c/Users/Pato_/OneDrive/Documentos/ITBA/PYTHON_DATA_APP/itba/lib/python3.10/site-packages/airflow/example_dags/example_nested_branch_dag.py took 0.111 seconds
[2024-10-20T19:36:56.880-0300] {processor.py:186} INFO - Started process (PID=319797) to work on /mnt/c/Users/Pato_/OneDrive/Documentos/ITBA/PYTHON_DATA_APP/itba/lib/python3.10/site-packages/airflow/example_dags/example_nested_branch_dag.py
[2024-10-20T19:36:56.881-0300] {processor.py:914} INFO - Processing file /mnt/c/Users/Pato_/OneDrive/Documentos/ITBA/PYTHON_DATA_APP/itba/lib/python3.10/site-packages/airflow/example_dags/example_nested_branch_dag.py for tasks to queue
[2024-10-20T19:36:56.883-0300] {logging_mixin.py:190} INFO - [2024-10-20T19:36:56.882-0300] {dagbag.py:588} INFO - Filling up the DagBag from /mnt/c/Users/Pato_/OneDrive/Documentos/ITBA/PYTHON_DATA_APP/itba/lib/python3.10/site-packages/airflow/example_dags/example_nested_branch_dag.py
[2024-10-20T19:36:56.926-0300] {processor.py:925} INFO - DAG(s) 'example_nested_branch_dag' retrieved from /mnt/c/Users/Pato_/OneDrive/Documentos/ITBA/PYTHON_DATA_APP/itba/lib/python3.10/site-packages/airflow/example_dags/example_nested_branch_dag.py
[2024-10-20T19:36:56.941-0300] {logging_mixin.py:190} INFO - [2024-10-20T19:36:56.940-0300] {dag.py:3239} INFO - Sync 1 DAGs
[2024-10-20T19:36:56.955-0300] {logging_mixin.py:190} INFO - [2024-10-20T19:36:56.954-0300] {dag.py:4180} INFO - Setting next_dagrun for example_nested_branch_dag to 2024-10-19 00:00:00+00:00, run_after=2024-10-20 00:00:00+00:00
[2024-10-20T19:36:56.984-0300] {processor.py:208} INFO - Processing /mnt/c/Users/Pato_/OneDrive/Documentos/ITBA/PYTHON_DATA_APP/itba/lib/python3.10/site-packages/airflow/example_dags/example_nested_branch_dag.py took 0.111 seconds
[2024-10-20T19:38:03.508-0300] {processor.py:186} INFO - Started process (PID=320319) to work on /mnt/c/Users/Pato_/OneDrive/Documentos/ITBA/PYTHON_DATA_APP/itba/lib/python3.10/site-packages/airflow/example_dags/example_nested_branch_dag.py
[2024-10-20T19:38:03.509-0300] {processor.py:914} INFO - Processing file /mnt/c/Users/Pato_/OneDrive/Documentos/ITBA/PYTHON_DATA_APP/itba/lib/python3.10/site-packages/airflow/example_dags/example_nested_branch_dag.py for tasks to queue
[2024-10-20T19:38:03.511-0300] {logging_mixin.py:190} INFO - [2024-10-20T19:38:03.511-0300] {dagbag.py:588} INFO - Filling up the DagBag from /mnt/c/Users/Pato_/OneDrive/Documentos/ITBA/PYTHON_DATA_APP/itba/lib/python3.10/site-packages/airflow/example_dags/example_nested_branch_dag.py
[2024-10-20T19:38:03.556-0300] {processor.py:925} INFO - DAG(s) 'example_nested_branch_dag' retrieved from /mnt/c/Users/Pato_/OneDrive/Documentos/ITBA/PYTHON_DATA_APP/itba/lib/python3.10/site-packages/airflow/example_dags/example_nested_branch_dag.py
[2024-10-20T19:38:03.572-0300] {logging_mixin.py:190} INFO - [2024-10-20T19:38:03.571-0300] {dag.py:3239} INFO - Sync 1 DAGs
[2024-10-20T19:38:03.586-0300] {logging_mixin.py:190} INFO - [2024-10-20T19:38:03.586-0300] {dag.py:4180} INFO - Setting next_dagrun for example_nested_branch_dag to 2024-10-19 00:00:00+00:00, run_after=2024-10-20 00:00:00+00:00
[2024-10-20T19:38:03.615-0300] {processor.py:208} INFO - Processing /mnt/c/Users/Pato_/OneDrive/Documentos/ITBA/PYTHON_DATA_APP/itba/lib/python3.10/site-packages/airflow/example_dags/example_nested_branch_dag.py took 0.114 seconds
[2024-10-20T19:39:07.770-0300] {processor.py:186} INFO - Started process (PID=320820) to work on /mnt/c/Users/Pato_/OneDrive/Documentos/ITBA/PYTHON_DATA_APP/itba/lib/python3.10/site-packages/airflow/example_dags/example_nested_branch_dag.py
[2024-10-20T19:39:07.771-0300] {processor.py:914} INFO - Processing file /mnt/c/Users/Pato_/OneDrive/Documentos/ITBA/PYTHON_DATA_APP/itba/lib/python3.10/site-packages/airflow/example_dags/example_nested_branch_dag.py for tasks to queue
[2024-10-20T19:39:07.773-0300] {logging_mixin.py:190} INFO - [2024-10-20T19:39:07.772-0300] {dagbag.py:588} INFO - Filling up the DagBag from /mnt/c/Users/Pato_/OneDrive/Documentos/ITBA/PYTHON_DATA_APP/itba/lib/python3.10/site-packages/airflow/example_dags/example_nested_branch_dag.py
[2024-10-20T19:39:07.820-0300] {processor.py:925} INFO - DAG(s) 'example_nested_branch_dag' retrieved from /mnt/c/Users/Pato_/OneDrive/Documentos/ITBA/PYTHON_DATA_APP/itba/lib/python3.10/site-packages/airflow/example_dags/example_nested_branch_dag.py
[2024-10-20T19:39:07.836-0300] {logging_mixin.py:190} INFO - [2024-10-20T19:39:07.835-0300] {dag.py:3239} INFO - Sync 1 DAGs
[2024-10-20T19:39:07.851-0300] {logging_mixin.py:190} INFO - [2024-10-20T19:39:07.850-0300] {dag.py:4180} INFO - Setting next_dagrun for example_nested_branch_dag to 2024-10-19 00:00:00+00:00, run_after=2024-10-20 00:00:00+00:00
[2024-10-20T19:39:07.882-0300] {processor.py:208} INFO - Processing /mnt/c/Users/Pato_/OneDrive/Documentos/ITBA/PYTHON_DATA_APP/itba/lib/python3.10/site-packages/airflow/example_dags/example_nested_branch_dag.py took 0.119 seconds
[2024-10-20T19:40:14.517-0300] {processor.py:186} INFO - Started process (PID=321595) to work on /mnt/c/Users/Pato_/OneDrive/Documentos/ITBA/PYTHON_DATA_APP/itba/lib/python3.10/site-packages/airflow/example_dags/example_nested_branch_dag.py
[2024-10-20T19:40:14.518-0300] {processor.py:914} INFO - Processing file /mnt/c/Users/Pato_/OneDrive/Documentos/ITBA/PYTHON_DATA_APP/itba/lib/python3.10/site-packages/airflow/example_dags/example_nested_branch_dag.py for tasks to queue
[2024-10-20T19:40:14.520-0300] {logging_mixin.py:190} INFO - [2024-10-20T19:40:14.519-0300] {dagbag.py:588} INFO - Filling up the DagBag from /mnt/c/Users/Pato_/OneDrive/Documentos/ITBA/PYTHON_DATA_APP/itba/lib/python3.10/site-packages/airflow/example_dags/example_nested_branch_dag.py
[2024-10-20T19:40:14.564-0300] {processor.py:925} INFO - DAG(s) 'example_nested_branch_dag' retrieved from /mnt/c/Users/Pato_/OneDrive/Documentos/ITBA/PYTHON_DATA_APP/itba/lib/python3.10/site-packages/airflow/example_dags/example_nested_branch_dag.py
[2024-10-20T19:40:14.579-0300] {logging_mixin.py:190} INFO - [2024-10-20T19:40:14.579-0300] {dag.py:3239} INFO - Sync 1 DAGs
[2024-10-20T19:40:14.593-0300] {logging_mixin.py:190} INFO - [2024-10-20T19:40:14.593-0300] {dag.py:4180} INFO - Setting next_dagrun for example_nested_branch_dag to 2024-10-19 00:00:00+00:00, run_after=2024-10-20 00:00:00+00:00
[2024-10-20T19:40:14.622-0300] {processor.py:208} INFO - Processing /mnt/c/Users/Pato_/OneDrive/Documentos/ITBA/PYTHON_DATA_APP/itba/lib/python3.10/site-packages/airflow/example_dags/example_nested_branch_dag.py took 0.113 seconds
[2024-10-20T19:41:22.417-0300] {processor.py:186} INFO - Started process (PID=322260) to work on /mnt/c/Users/Pato_/OneDrive/Documentos/ITBA/PYTHON_DATA_APP/itba/lib/python3.10/site-packages/airflow/example_dags/example_nested_branch_dag.py
[2024-10-20T19:41:22.418-0300] {processor.py:914} INFO - Processing file /mnt/c/Users/Pato_/OneDrive/Documentos/ITBA/PYTHON_DATA_APP/itba/lib/python3.10/site-packages/airflow/example_dags/example_nested_branch_dag.py for tasks to queue
[2024-10-20T19:41:22.420-0300] {logging_mixin.py:190} INFO - [2024-10-20T19:41:22.419-0300] {dagbag.py:588} INFO - Filling up the DagBag from /mnt/c/Users/Pato_/OneDrive/Documentos/ITBA/PYTHON_DATA_APP/itba/lib/python3.10/site-packages/airflow/example_dags/example_nested_branch_dag.py
[2024-10-20T19:41:22.464-0300] {processor.py:925} INFO - DAG(s) 'example_nested_branch_dag' retrieved from /mnt/c/Users/Pato_/OneDrive/Documentos/ITBA/PYTHON_DATA_APP/itba/lib/python3.10/site-packages/airflow/example_dags/example_nested_branch_dag.py
[2024-10-20T19:41:22.479-0300] {logging_mixin.py:190} INFO - [2024-10-20T19:41:22.479-0300] {dag.py:3239} INFO - Sync 1 DAGs
[2024-10-20T19:41:22.494-0300] {logging_mixin.py:190} INFO - [2024-10-20T19:41:22.493-0300] {dag.py:4180} INFO - Setting next_dagrun for example_nested_branch_dag to 2024-10-19 00:00:00+00:00, run_after=2024-10-20 00:00:00+00:00
[2024-10-20T19:41:22.524-0300] {processor.py:208} INFO - Processing /mnt/c/Users/Pato_/OneDrive/Documentos/ITBA/PYTHON_DATA_APP/itba/lib/python3.10/site-packages/airflow/example_dags/example_nested_branch_dag.py took 0.115 seconds
