[2024-10-20T19:00:53.233-0300] {processor.py:186} INFO - Started process (PID=298908) to work on /mnt/c/Users/Pato_/OneDrive/Documentos/ITBA/PYTHON_DATA_APP/itba/lib/python3.10/site-packages/airflow/example_dags/example_latest_only_with_trigger.py
[2024-10-20T19:00:53.234-0300] {processor.py:914} INFO - Processing file /mnt/c/Users/Pato_/OneDrive/Documentos/ITBA/PYTHON_DATA_APP/itba/lib/python3.10/site-packages/airflow/example_dags/example_latest_only_with_trigger.py for tasks to queue
[2024-10-20T19:00:53.236-0300] {logging_mixin.py:190} INFO - [2024-10-20T19:00:53.235-0300] {dagbag.py:588} INFO - Filling up the DagBag from /mnt/c/Users/Pato_/OneDrive/Documentos/ITBA/PYTHON_DATA_APP/itba/lib/python3.10/site-packages/airflow/example_dags/example_latest_only_with_trigger.py
[2024-10-20T19:00:53.299-0300] {processor.py:925} INFO - DAG(s) 'latest_only_with_trigger' retrieved from /mnt/c/Users/Pato_/OneDrive/Documentos/ITBA/PYTHON_DATA_APP/itba/lib/python3.10/site-packages/airflow/example_dags/example_latest_only_with_trigger.py
[2024-10-20T19:00:54.418-0300] {logging_mixin.py:190} INFO - [2024-10-20T19:00:54.416-0300] {override.py:1907} INFO - Created Permission View: can read on DAG:latest_only_with_trigger
[2024-10-20T19:00:54.578-0300] {logging_mixin.py:190} INFO - [2024-10-20T19:00:54.577-0300] {override.py:1907} INFO - Created Permission View: can delete on DAG:latest_only_with_trigger
[2024-10-20T19:00:54.777-0300] {logging_mixin.py:190} INFO - [2024-10-20T19:00:54.776-0300] {override.py:1907} INFO - Created Permission View: can edit on DAG:latest_only_with_trigger
[2024-10-20T19:00:55.023-0300] {logging_mixin.py:190} INFO - [2024-10-20T19:00:55.022-0300] {override.py:1907} INFO - Created Permission View: can read on DAG Run:latest_only_with_trigger
[2024-10-20T19:00:55.280-0300] {logging_mixin.py:190} INFO - [2024-10-20T19:00:55.279-0300] {override.py:1907} INFO - Created Permission View: can delete on DAG Run:latest_only_with_trigger
[2024-10-20T19:00:55.410-0300] {logging_mixin.py:190} INFO - [2024-10-20T19:00:55.409-0300] {override.py:1907} INFO - Created Permission View: can create on DAG Run:latest_only_with_trigger
[2024-10-20T19:00:55.538-0300] {logging_mixin.py:190} INFO - [2024-10-20T19:00:55.537-0300] {override.py:1907} INFO - Created Permission View: menu access on DAG Run:latest_only_with_trigger
[2024-10-20T19:00:55.540-0300] {logging_mixin.py:190} INFO - [2024-10-20T19:00:55.539-0300] {dag.py:3239} INFO - Sync 1 DAGs
[2024-10-20T19:00:55.552-0300] {logging_mixin.py:190} INFO - [2024-10-20T19:00:55.552-0300] {dag.py:3262} INFO - Creating ORM DAG for latest_only_with_trigger
[2024-10-20T19:00:55.563-0300] {logging_mixin.py:190} INFO - [2024-10-20T19:00:55.563-0300] {dag.py:4180} INFO - Setting next_dagrun for latest_only_with_trigger to 2024-10-20 16:00:00+00:00, run_after=2024-10-20 20:00:00+00:00
[2024-10-20T19:00:55.748-0300] {processor.py:208} INFO - Processing /mnt/c/Users/Pato_/OneDrive/Documentos/ITBA/PYTHON_DATA_APP/itba/lib/python3.10/site-packages/airflow/example_dags/example_latest_only_with_trigger.py took 2.522 seconds
[2024-10-20T19:02:59.299-0300] {processor.py:186} INFO - Started process (PID=300043) to work on /mnt/c/Users/Pato_/OneDrive/Documentos/ITBA/PYTHON_DATA_APP/itba/lib/python3.10/site-packages/airflow/example_dags/example_latest_only_with_trigger.py
[2024-10-20T19:02:59.300-0300] {processor.py:914} INFO - Processing file /mnt/c/Users/Pato_/OneDrive/Documentos/ITBA/PYTHON_DATA_APP/itba/lib/python3.10/site-packages/airflow/example_dags/example_latest_only_with_trigger.py for tasks to queue
[2024-10-20T19:02:59.302-0300] {logging_mixin.py:190} INFO - [2024-10-20T19:02:59.301-0300] {dagbag.py:588} INFO - Filling up the DagBag from /mnt/c/Users/Pato_/OneDrive/Documentos/ITBA/PYTHON_DATA_APP/itba/lib/python3.10/site-packages/airflow/example_dags/example_latest_only_with_trigger.py
[2024-10-20T19:02:59.341-0300] {processor.py:925} INFO - DAG(s) 'latest_only_with_trigger' retrieved from /mnt/c/Users/Pato_/OneDrive/Documentos/ITBA/PYTHON_DATA_APP/itba/lib/python3.10/site-packages/airflow/example_dags/example_latest_only_with_trigger.py
[2024-10-20T19:02:59.356-0300] {logging_mixin.py:190} INFO - [2024-10-20T19:02:59.356-0300] {dag.py:3239} INFO - Sync 1 DAGs
[2024-10-20T19:02:59.373-0300] {logging_mixin.py:190} INFO - [2024-10-20T19:02:59.373-0300] {dag.py:4180} INFO - Setting next_dagrun for latest_only_with_trigger to 2024-10-20 16:00:00+00:00, run_after=2024-10-20 20:00:00+00:00
[2024-10-20T19:02:59.402-0300] {processor.py:208} INFO - Processing /mnt/c/Users/Pato_/OneDrive/Documentos/ITBA/PYTHON_DATA_APP/itba/lib/python3.10/site-packages/airflow/example_dags/example_latest_only_with_trigger.py took 0.110 seconds
[2024-10-20T19:04:07.851-0300] {processor.py:186} INFO - Started process (PID=300584) to work on /mnt/c/Users/Pato_/OneDrive/Documentos/ITBA/PYTHON_DATA_APP/itba/lib/python3.10/site-packages/airflow/example_dags/example_latest_only_with_trigger.py
[2024-10-20T19:04:07.852-0300] {processor.py:914} INFO - Processing file /mnt/c/Users/Pato_/OneDrive/Documentos/ITBA/PYTHON_DATA_APP/itba/lib/python3.10/site-packages/airflow/example_dags/example_latest_only_with_trigger.py for tasks to queue
[2024-10-20T19:04:07.854-0300] {logging_mixin.py:190} INFO - [2024-10-20T19:04:07.853-0300] {dagbag.py:588} INFO - Filling up the DagBag from /mnt/c/Users/Pato_/OneDrive/Documentos/ITBA/PYTHON_DATA_APP/itba/lib/python3.10/site-packages/airflow/example_dags/example_latest_only_with_trigger.py
[2024-10-20T19:04:07.897-0300] {processor.py:925} INFO - DAG(s) 'latest_only_with_trigger' retrieved from /mnt/c/Users/Pato_/OneDrive/Documentos/ITBA/PYTHON_DATA_APP/itba/lib/python3.10/site-packages/airflow/example_dags/example_latest_only_with_trigger.py
[2024-10-20T19:04:07.913-0300] {logging_mixin.py:190} INFO - [2024-10-20T19:04:07.913-0300] {dag.py:3239} INFO - Sync 1 DAGs
[2024-10-20T19:04:07.931-0300] {logging_mixin.py:190} INFO - [2024-10-20T19:04:07.931-0300] {dag.py:4180} INFO - Setting next_dagrun for latest_only_with_trigger to 2024-10-20 16:00:00+00:00, run_after=2024-10-20 20:00:00+00:00
[2024-10-20T19:04:07.960-0300] {processor.py:208} INFO - Processing /mnt/c/Users/Pato_/OneDrive/Documentos/ITBA/PYTHON_DATA_APP/itba/lib/python3.10/site-packages/airflow/example_dags/example_latest_only_with_trigger.py took 0.116 seconds
[2024-10-20T19:05:19.548-0300] {processor.py:186} INFO - Started process (PID=301391) to work on /mnt/c/Users/Pato_/OneDrive/Documentos/ITBA/PYTHON_DATA_APP/itba/lib/python3.10/site-packages/airflow/example_dags/example_latest_only_with_trigger.py
[2024-10-20T19:05:19.550-0300] {processor.py:914} INFO - Processing file /mnt/c/Users/Pato_/OneDrive/Documentos/ITBA/PYTHON_DATA_APP/itba/lib/python3.10/site-packages/airflow/example_dags/example_latest_only_with_trigger.py for tasks to queue
[2024-10-20T19:05:19.552-0300] {logging_mixin.py:190} INFO - [2024-10-20T19:05:19.551-0300] {dagbag.py:588} INFO - Filling up the DagBag from /mnt/c/Users/Pato_/OneDrive/Documentos/ITBA/PYTHON_DATA_APP/itba/lib/python3.10/site-packages/airflow/example_dags/example_latest_only_with_trigger.py
[2024-10-20T19:05:19.597-0300] {processor.py:925} INFO - DAG(s) 'latest_only_with_trigger' retrieved from /mnt/c/Users/Pato_/OneDrive/Documentos/ITBA/PYTHON_DATA_APP/itba/lib/python3.10/site-packages/airflow/example_dags/example_latest_only_with_trigger.py
[2024-10-20T19:05:19.613-0300] {logging_mixin.py:190} INFO - [2024-10-20T19:05:19.613-0300] {dag.py:3239} INFO - Sync 1 DAGs
[2024-10-20T19:05:19.632-0300] {logging_mixin.py:190} INFO - [2024-10-20T19:05:19.631-0300] {dag.py:4180} INFO - Setting next_dagrun for latest_only_with_trigger to 2024-10-20 16:00:00+00:00, run_after=2024-10-20 20:00:00+00:00
[2024-10-20T19:05:19.664-0300] {processor.py:208} INFO - Processing /mnt/c/Users/Pato_/OneDrive/Documentos/ITBA/PYTHON_DATA_APP/itba/lib/python3.10/site-packages/airflow/example_dags/example_latest_only_with_trigger.py took 0.123 seconds
[2024-10-20T19:08:14.982-0300] {processor.py:186} INFO - Started process (PID=303685) to work on /mnt/c/Users/Pato_/OneDrive/Documentos/ITBA/PYTHON_DATA_APP/itba/lib/python3.10/site-packages/airflow/example_dags/example_latest_only_with_trigger.py
[2024-10-20T19:08:14.983-0300] {processor.py:914} INFO - Processing file /mnt/c/Users/Pato_/OneDrive/Documentos/ITBA/PYTHON_DATA_APP/itba/lib/python3.10/site-packages/airflow/example_dags/example_latest_only_with_trigger.py for tasks to queue
[2024-10-20T19:08:14.985-0300] {logging_mixin.py:190} INFO - [2024-10-20T19:08:14.985-0300] {dagbag.py:588} INFO - Filling up the DagBag from /mnt/c/Users/Pato_/OneDrive/Documentos/ITBA/PYTHON_DATA_APP/itba/lib/python3.10/site-packages/airflow/example_dags/example_latest_only_with_trigger.py
[2024-10-20T19:08:15.028-0300] {processor.py:925} INFO - DAG(s) 'latest_only_with_trigger' retrieved from /mnt/c/Users/Pato_/OneDrive/Documentos/ITBA/PYTHON_DATA_APP/itba/lib/python3.10/site-packages/airflow/example_dags/example_latest_only_with_trigger.py
[2024-10-20T19:08:15.046-0300] {logging_mixin.py:190} INFO - [2024-10-20T19:08:15.045-0300] {dag.py:3239} INFO - Sync 1 DAGs
[2024-10-20T19:08:15.065-0300] {logging_mixin.py:190} INFO - [2024-10-20T19:08:15.065-0300] {dag.py:4180} INFO - Setting next_dagrun for latest_only_with_trigger to 2024-10-20 16:00:00+00:00, run_after=2024-10-20 20:00:00+00:00
[2024-10-20T19:08:15.101-0300] {processor.py:208} INFO - Processing /mnt/c/Users/Pato_/OneDrive/Documentos/ITBA/PYTHON_DATA_APP/itba/lib/python3.10/site-packages/airflow/example_dags/example_latest_only_with_trigger.py took 0.126 seconds
[2024-10-20T19:09:22.010-0300] {processor.py:186} INFO - Started process (PID=304272) to work on /mnt/c/Users/Pato_/OneDrive/Documentos/ITBA/PYTHON_DATA_APP/itba/lib/python3.10/site-packages/airflow/example_dags/example_latest_only_with_trigger.py
[2024-10-20T19:09:22.011-0300] {processor.py:914} INFO - Processing file /mnt/c/Users/Pato_/OneDrive/Documentos/ITBA/PYTHON_DATA_APP/itba/lib/python3.10/site-packages/airflow/example_dags/example_latest_only_with_trigger.py for tasks to queue
[2024-10-20T19:09:22.013-0300] {logging_mixin.py:190} INFO - [2024-10-20T19:09:22.012-0300] {dagbag.py:588} INFO - Filling up the DagBag from /mnt/c/Users/Pato_/OneDrive/Documentos/ITBA/PYTHON_DATA_APP/itba/lib/python3.10/site-packages/airflow/example_dags/example_latest_only_with_trigger.py
[2024-10-20T19:09:22.052-0300] {processor.py:925} INFO - DAG(s) 'latest_only_with_trigger' retrieved from /mnt/c/Users/Pato_/OneDrive/Documentos/ITBA/PYTHON_DATA_APP/itba/lib/python3.10/site-packages/airflow/example_dags/example_latest_only_with_trigger.py
[2024-10-20T19:09:22.069-0300] {logging_mixin.py:190} INFO - [2024-10-20T19:09:22.068-0300] {dag.py:3239} INFO - Sync 1 DAGs
[2024-10-20T19:09:22.087-0300] {logging_mixin.py:190} INFO - [2024-10-20T19:09:22.086-0300] {dag.py:4180} INFO - Setting next_dagrun for latest_only_with_trigger to 2024-10-20 16:00:00+00:00, run_after=2024-10-20 20:00:00+00:00
[2024-10-20T19:09:22.116-0300] {processor.py:208} INFO - Processing /mnt/c/Users/Pato_/OneDrive/Documentos/ITBA/PYTHON_DATA_APP/itba/lib/python3.10/site-packages/airflow/example_dags/example_latest_only_with_trigger.py took 0.113 seconds
[2024-10-20T19:10:27.472-0300] {processor.py:186} INFO - Started process (PID=304814) to work on /mnt/c/Users/Pato_/OneDrive/Documentos/ITBA/PYTHON_DATA_APP/itba/lib/python3.10/site-packages/airflow/example_dags/example_latest_only_with_trigger.py
[2024-10-20T19:10:27.473-0300] {processor.py:914} INFO - Processing file /mnt/c/Users/Pato_/OneDrive/Documentos/ITBA/PYTHON_DATA_APP/itba/lib/python3.10/site-packages/airflow/example_dags/example_latest_only_with_trigger.py for tasks to queue
[2024-10-20T19:10:27.475-0300] {logging_mixin.py:190} INFO - [2024-10-20T19:10:27.474-0300] {dagbag.py:588} INFO - Filling up the DagBag from /mnt/c/Users/Pato_/OneDrive/Documentos/ITBA/PYTHON_DATA_APP/itba/lib/python3.10/site-packages/airflow/example_dags/example_latest_only_with_trigger.py
[2024-10-20T19:10:27.515-0300] {processor.py:925} INFO - DAG(s) 'latest_only_with_trigger' retrieved from /mnt/c/Users/Pato_/OneDrive/Documentos/ITBA/PYTHON_DATA_APP/itba/lib/python3.10/site-packages/airflow/example_dags/example_latest_only_with_trigger.py
[2024-10-20T19:10:27.529-0300] {logging_mixin.py:190} INFO - [2024-10-20T19:10:27.529-0300] {dag.py:3239} INFO - Sync 1 DAGs
[2024-10-20T19:10:27.546-0300] {logging_mixin.py:190} INFO - [2024-10-20T19:10:27.546-0300] {dag.py:4180} INFO - Setting next_dagrun for latest_only_with_trigger to 2024-10-20 16:00:00+00:00, run_after=2024-10-20 20:00:00+00:00
[2024-10-20T19:10:27.575-0300] {processor.py:208} INFO - Processing /mnt/c/Users/Pato_/OneDrive/Documentos/ITBA/PYTHON_DATA_APP/itba/lib/python3.10/site-packages/airflow/example_dags/example_latest_only_with_trigger.py took 0.109 seconds
[2024-10-20T19:11:34.352-0300] {processor.py:186} INFO - Started process (PID=305339) to work on /mnt/c/Users/Pato_/OneDrive/Documentos/ITBA/PYTHON_DATA_APP/itba/lib/python3.10/site-packages/airflow/example_dags/example_latest_only_with_trigger.py
[2024-10-20T19:11:34.353-0300] {processor.py:914} INFO - Processing file /mnt/c/Users/Pato_/OneDrive/Documentos/ITBA/PYTHON_DATA_APP/itba/lib/python3.10/site-packages/airflow/example_dags/example_latest_only_with_trigger.py for tasks to queue
[2024-10-20T19:11:34.355-0300] {logging_mixin.py:190} INFO - [2024-10-20T19:11:34.354-0300] {dagbag.py:588} INFO - Filling up the DagBag from /mnt/c/Users/Pato_/OneDrive/Documentos/ITBA/PYTHON_DATA_APP/itba/lib/python3.10/site-packages/airflow/example_dags/example_latest_only_with_trigger.py
[2024-10-20T19:11:34.395-0300] {processor.py:925} INFO - DAG(s) 'latest_only_with_trigger' retrieved from /mnt/c/Users/Pato_/OneDrive/Documentos/ITBA/PYTHON_DATA_APP/itba/lib/python3.10/site-packages/airflow/example_dags/example_latest_only_with_trigger.py
[2024-10-20T19:11:34.409-0300] {logging_mixin.py:190} INFO - [2024-10-20T19:11:34.409-0300] {dag.py:3239} INFO - Sync 1 DAGs
[2024-10-20T19:11:34.426-0300] {logging_mixin.py:190} INFO - [2024-10-20T19:11:34.425-0300] {dag.py:4180} INFO - Setting next_dagrun for latest_only_with_trigger to 2024-10-20 16:00:00+00:00, run_after=2024-10-20 20:00:00+00:00
[2024-10-20T19:11:34.454-0300] {processor.py:208} INFO - Processing /mnt/c/Users/Pato_/OneDrive/Documentos/ITBA/PYTHON_DATA_APP/itba/lib/python3.10/site-packages/airflow/example_dags/example_latest_only_with_trigger.py took 0.109 seconds
[2024-10-20T19:12:42.469-0300] {processor.py:186} INFO - Started process (PID=305868) to work on /mnt/c/Users/Pato_/OneDrive/Documentos/ITBA/PYTHON_DATA_APP/itba/lib/python3.10/site-packages/airflow/example_dags/example_latest_only_with_trigger.py
[2024-10-20T19:12:42.470-0300] {processor.py:914} INFO - Processing file /mnt/c/Users/Pato_/OneDrive/Documentos/ITBA/PYTHON_DATA_APP/itba/lib/python3.10/site-packages/airflow/example_dags/example_latest_only_with_trigger.py for tasks to queue
[2024-10-20T19:12:42.472-0300] {logging_mixin.py:190} INFO - [2024-10-20T19:12:42.471-0300] {dagbag.py:588} INFO - Filling up the DagBag from /mnt/c/Users/Pato_/OneDrive/Documentos/ITBA/PYTHON_DATA_APP/itba/lib/python3.10/site-packages/airflow/example_dags/example_latest_only_with_trigger.py
[2024-10-20T19:12:42.512-0300] {processor.py:925} INFO - DAG(s) 'latest_only_with_trigger' retrieved from /mnt/c/Users/Pato_/OneDrive/Documentos/ITBA/PYTHON_DATA_APP/itba/lib/python3.10/site-packages/airflow/example_dags/example_latest_only_with_trigger.py
[2024-10-20T19:12:42.526-0300] {logging_mixin.py:190} INFO - [2024-10-20T19:12:42.526-0300] {dag.py:3239} INFO - Sync 1 DAGs
[2024-10-20T19:12:42.543-0300] {logging_mixin.py:190} INFO - [2024-10-20T19:12:42.543-0300] {dag.py:4180} INFO - Setting next_dagrun for latest_only_with_trigger to 2024-10-20 16:00:00+00:00, run_after=2024-10-20 20:00:00+00:00
[2024-10-20T19:12:42.573-0300] {processor.py:208} INFO - Processing /mnt/c/Users/Pato_/OneDrive/Documentos/ITBA/PYTHON_DATA_APP/itba/lib/python3.10/site-packages/airflow/example_dags/example_latest_only_with_trigger.py took 0.111 seconds
[2024-10-20T19:13:45.635-0300] {processor.py:186} INFO - Started process (PID=306362) to work on /mnt/c/Users/Pato_/OneDrive/Documentos/ITBA/PYTHON_DATA_APP/itba/lib/python3.10/site-packages/airflow/example_dags/example_latest_only_with_trigger.py
[2024-10-20T19:13:45.636-0300] {processor.py:914} INFO - Processing file /mnt/c/Users/Pato_/OneDrive/Documentos/ITBA/PYTHON_DATA_APP/itba/lib/python3.10/site-packages/airflow/example_dags/example_latest_only_with_trigger.py for tasks to queue
[2024-10-20T19:13:45.638-0300] {logging_mixin.py:190} INFO - [2024-10-20T19:13:45.638-0300] {dagbag.py:588} INFO - Filling up the DagBag from /mnt/c/Users/Pato_/OneDrive/Documentos/ITBA/PYTHON_DATA_APP/itba/lib/python3.10/site-packages/airflow/example_dags/example_latest_only_with_trigger.py
[2024-10-20T19:13:45.678-0300] {processor.py:925} INFO - DAG(s) 'latest_only_with_trigger' retrieved from /mnt/c/Users/Pato_/OneDrive/Documentos/ITBA/PYTHON_DATA_APP/itba/lib/python3.10/site-packages/airflow/example_dags/example_latest_only_with_trigger.py
[2024-10-20T19:13:45.693-0300] {logging_mixin.py:190} INFO - [2024-10-20T19:13:45.692-0300] {dag.py:3239} INFO - Sync 1 DAGs
[2024-10-20T19:13:45.709-0300] {logging_mixin.py:190} INFO - [2024-10-20T19:13:45.709-0300] {dag.py:4180} INFO - Setting next_dagrun for latest_only_with_trigger to 2024-10-20 16:00:00+00:00, run_after=2024-10-20 20:00:00+00:00
[2024-10-20T19:13:45.738-0300] {processor.py:208} INFO - Processing /mnt/c/Users/Pato_/OneDrive/Documentos/ITBA/PYTHON_DATA_APP/itba/lib/python3.10/site-packages/airflow/example_dags/example_latest_only_with_trigger.py took 0.110 seconds
[2024-10-20T19:14:56.089-0300] {processor.py:186} INFO - Started process (PID=306939) to work on /mnt/c/Users/Pato_/OneDrive/Documentos/ITBA/PYTHON_DATA_APP/itba/lib/python3.10/site-packages/airflow/example_dags/example_latest_only_with_trigger.py
[2024-10-20T19:14:56.090-0300] {processor.py:914} INFO - Processing file /mnt/c/Users/Pato_/OneDrive/Documentos/ITBA/PYTHON_DATA_APP/itba/lib/python3.10/site-packages/airflow/example_dags/example_latest_only_with_trigger.py for tasks to queue
[2024-10-20T19:14:56.092-0300] {logging_mixin.py:190} INFO - [2024-10-20T19:14:56.091-0300] {dagbag.py:588} INFO - Filling up the DagBag from /mnt/c/Users/Pato_/OneDrive/Documentos/ITBA/PYTHON_DATA_APP/itba/lib/python3.10/site-packages/airflow/example_dags/example_latest_only_with_trigger.py
[2024-10-20T19:14:56.131-0300] {processor.py:925} INFO - DAG(s) 'latest_only_with_trigger' retrieved from /mnt/c/Users/Pato_/OneDrive/Documentos/ITBA/PYTHON_DATA_APP/itba/lib/python3.10/site-packages/airflow/example_dags/example_latest_only_with_trigger.py
[2024-10-20T19:14:56.147-0300] {logging_mixin.py:190} INFO - [2024-10-20T19:14:56.146-0300] {dag.py:3239} INFO - Sync 1 DAGs
[2024-10-20T19:14:56.164-0300] {logging_mixin.py:190} INFO - [2024-10-20T19:14:56.163-0300] {dag.py:4180} INFO - Setting next_dagrun for latest_only_with_trigger to 2024-10-20 16:00:00+00:00, run_after=2024-10-20 20:00:00+00:00
[2024-10-20T19:14:56.194-0300] {processor.py:208} INFO - Processing /mnt/c/Users/Pato_/OneDrive/Documentos/ITBA/PYTHON_DATA_APP/itba/lib/python3.10/site-packages/airflow/example_dags/example_latest_only_with_trigger.py took 0.113 seconds
[2024-10-20T19:16:03.984-0300] {processor.py:186} INFO - Started process (PID=307466) to work on /mnt/c/Users/Pato_/OneDrive/Documentos/ITBA/PYTHON_DATA_APP/itba/lib/python3.10/site-packages/airflow/example_dags/example_latest_only_with_trigger.py
[2024-10-20T19:16:03.985-0300] {processor.py:914} INFO - Processing file /mnt/c/Users/Pato_/OneDrive/Documentos/ITBA/PYTHON_DATA_APP/itba/lib/python3.10/site-packages/airflow/example_dags/example_latest_only_with_trigger.py for tasks to queue
[2024-10-20T19:16:03.987-0300] {logging_mixin.py:190} INFO - [2024-10-20T19:16:03.987-0300] {dagbag.py:588} INFO - Filling up the DagBag from /mnt/c/Users/Pato_/OneDrive/Documentos/ITBA/PYTHON_DATA_APP/itba/lib/python3.10/site-packages/airflow/example_dags/example_latest_only_with_trigger.py
[2024-10-20T19:16:04.027-0300] {processor.py:925} INFO - DAG(s) 'latest_only_with_trigger' retrieved from /mnt/c/Users/Pato_/OneDrive/Documentos/ITBA/PYTHON_DATA_APP/itba/lib/python3.10/site-packages/airflow/example_dags/example_latest_only_with_trigger.py
[2024-10-20T19:16:04.042-0300] {logging_mixin.py:190} INFO - [2024-10-20T19:16:04.041-0300] {dag.py:3239} INFO - Sync 1 DAGs
[2024-10-20T19:16:04.059-0300] {logging_mixin.py:190} INFO - [2024-10-20T19:16:04.059-0300] {dag.py:4180} INFO - Setting next_dagrun for latest_only_with_trigger to 2024-10-20 16:00:00+00:00, run_after=2024-10-20 20:00:00+00:00
[2024-10-20T19:16:04.088-0300] {processor.py:208} INFO - Processing /mnt/c/Users/Pato_/OneDrive/Documentos/ITBA/PYTHON_DATA_APP/itba/lib/python3.10/site-packages/airflow/example_dags/example_latest_only_with_trigger.py took 0.111 seconds
[2024-10-20T19:17:15.060-0300] {processor.py:186} INFO - Started process (PID=308022) to work on /mnt/c/Users/Pato_/OneDrive/Documentos/ITBA/PYTHON_DATA_APP/itba/lib/python3.10/site-packages/airflow/example_dags/example_latest_only_with_trigger.py
[2024-10-20T19:17:15.061-0300] {processor.py:914} INFO - Processing file /mnt/c/Users/Pato_/OneDrive/Documentos/ITBA/PYTHON_DATA_APP/itba/lib/python3.10/site-packages/airflow/example_dags/example_latest_only_with_trigger.py for tasks to queue
[2024-10-20T19:17:15.063-0300] {logging_mixin.py:190} INFO - [2024-10-20T19:17:15.063-0300] {dagbag.py:588} INFO - Filling up the DagBag from /mnt/c/Users/Pato_/OneDrive/Documentos/ITBA/PYTHON_DATA_APP/itba/lib/python3.10/site-packages/airflow/example_dags/example_latest_only_with_trigger.py
[2024-10-20T19:17:15.103-0300] {processor.py:925} INFO - DAG(s) 'latest_only_with_trigger' retrieved from /mnt/c/Users/Pato_/OneDrive/Documentos/ITBA/PYTHON_DATA_APP/itba/lib/python3.10/site-packages/airflow/example_dags/example_latest_only_with_trigger.py
[2024-10-20T19:17:15.117-0300] {logging_mixin.py:190} INFO - [2024-10-20T19:17:15.117-0300] {dag.py:3239} INFO - Sync 1 DAGs
[2024-10-20T19:17:15.135-0300] {logging_mixin.py:190} INFO - [2024-10-20T19:17:15.135-0300] {dag.py:4180} INFO - Setting next_dagrun for latest_only_with_trigger to 2024-10-20 16:00:00+00:00, run_after=2024-10-20 20:00:00+00:00
[2024-10-20T19:17:15.165-0300] {processor.py:208} INFO - Processing /mnt/c/Users/Pato_/OneDrive/Documentos/ITBA/PYTHON_DATA_APP/itba/lib/python3.10/site-packages/airflow/example_dags/example_latest_only_with_trigger.py took 0.112 seconds
[2024-10-20T19:18:29.808-0300] {processor.py:186} INFO - Started process (PID=308605) to work on /mnt/c/Users/Pato_/OneDrive/Documentos/ITBA/PYTHON_DATA_APP/itba/lib/python3.10/site-packages/airflow/example_dags/example_latest_only_with_trigger.py
[2024-10-20T19:18:29.809-0300] {processor.py:914} INFO - Processing file /mnt/c/Users/Pato_/OneDrive/Documentos/ITBA/PYTHON_DATA_APP/itba/lib/python3.10/site-packages/airflow/example_dags/example_latest_only_with_trigger.py for tasks to queue
[2024-10-20T19:18:29.811-0300] {logging_mixin.py:190} INFO - [2024-10-20T19:18:29.811-0300] {dagbag.py:588} INFO - Filling up the DagBag from /mnt/c/Users/Pato_/OneDrive/Documentos/ITBA/PYTHON_DATA_APP/itba/lib/python3.10/site-packages/airflow/example_dags/example_latest_only_with_trigger.py
[2024-10-20T19:18:29.849-0300] {processor.py:925} INFO - DAG(s) 'latest_only_with_trigger' retrieved from /mnt/c/Users/Pato_/OneDrive/Documentos/ITBA/PYTHON_DATA_APP/itba/lib/python3.10/site-packages/airflow/example_dags/example_latest_only_with_trigger.py
[2024-10-20T19:18:29.863-0300] {logging_mixin.py:190} INFO - [2024-10-20T19:18:29.863-0300] {dag.py:3239} INFO - Sync 1 DAGs
[2024-10-20T19:18:29.880-0300] {logging_mixin.py:190} INFO - [2024-10-20T19:18:29.879-0300] {dag.py:4180} INFO - Setting next_dagrun for latest_only_with_trigger to 2024-10-20 16:00:00+00:00, run_after=2024-10-20 20:00:00+00:00
[2024-10-20T19:18:29.908-0300] {processor.py:208} INFO - Processing /mnt/c/Users/Pato_/OneDrive/Documentos/ITBA/PYTHON_DATA_APP/itba/lib/python3.10/site-packages/airflow/example_dags/example_latest_only_with_trigger.py took 0.106 seconds
[2024-10-20T19:19:42.498-0300] {processor.py:186} INFO - Started process (PID=309172) to work on /mnt/c/Users/Pato_/OneDrive/Documentos/ITBA/PYTHON_DATA_APP/itba/lib/python3.10/site-packages/airflow/example_dags/example_latest_only_with_trigger.py
[2024-10-20T19:19:42.499-0300] {processor.py:914} INFO - Processing file /mnt/c/Users/Pato_/OneDrive/Documentos/ITBA/PYTHON_DATA_APP/itba/lib/python3.10/site-packages/airflow/example_dags/example_latest_only_with_trigger.py for tasks to queue
[2024-10-20T19:19:42.501-0300] {logging_mixin.py:190} INFO - [2024-10-20T19:19:42.500-0300] {dagbag.py:588} INFO - Filling up the DagBag from /mnt/c/Users/Pato_/OneDrive/Documentos/ITBA/PYTHON_DATA_APP/itba/lib/python3.10/site-packages/airflow/example_dags/example_latest_only_with_trigger.py
[2024-10-20T19:19:42.540-0300] {processor.py:925} INFO - DAG(s) 'latest_only_with_trigger' retrieved from /mnt/c/Users/Pato_/OneDrive/Documentos/ITBA/PYTHON_DATA_APP/itba/lib/python3.10/site-packages/airflow/example_dags/example_latest_only_with_trigger.py
[2024-10-20T19:19:42.554-0300] {logging_mixin.py:190} INFO - [2024-10-20T19:19:42.554-0300] {dag.py:3239} INFO - Sync 1 DAGs
[2024-10-20T19:19:42.571-0300] {logging_mixin.py:190} INFO - [2024-10-20T19:19:42.571-0300] {dag.py:4180} INFO - Setting next_dagrun for latest_only_with_trigger to 2024-10-20 16:00:00+00:00, run_after=2024-10-20 20:00:00+00:00
[2024-10-20T19:19:42.601-0300] {processor.py:208} INFO - Processing /mnt/c/Users/Pato_/OneDrive/Documentos/ITBA/PYTHON_DATA_APP/itba/lib/python3.10/site-packages/airflow/example_dags/example_latest_only_with_trigger.py took 0.109 seconds
[2024-10-20T19:20:49.315-0300] {processor.py:186} INFO - Started process (PID=309784) to work on /mnt/c/Users/Pato_/OneDrive/Documentos/ITBA/PYTHON_DATA_APP/itba/lib/python3.10/site-packages/airflow/example_dags/example_latest_only_with_trigger.py
[2024-10-20T19:20:49.316-0300] {processor.py:914} INFO - Processing file /mnt/c/Users/Pato_/OneDrive/Documentos/ITBA/PYTHON_DATA_APP/itba/lib/python3.10/site-packages/airflow/example_dags/example_latest_only_with_trigger.py for tasks to queue
[2024-10-20T19:20:49.318-0300] {logging_mixin.py:190} INFO - [2024-10-20T19:20:49.318-0300] {dagbag.py:588} INFO - Filling up the DagBag from /mnt/c/Users/Pato_/OneDrive/Documentos/ITBA/PYTHON_DATA_APP/itba/lib/python3.10/site-packages/airflow/example_dags/example_latest_only_with_trigger.py
[2024-10-20T19:20:49.361-0300] {processor.py:925} INFO - DAG(s) 'latest_only_with_trigger' retrieved from /mnt/c/Users/Pato_/OneDrive/Documentos/ITBA/PYTHON_DATA_APP/itba/lib/python3.10/site-packages/airflow/example_dags/example_latest_only_with_trigger.py
[2024-10-20T19:20:49.377-0300] {logging_mixin.py:190} INFO - [2024-10-20T19:20:49.377-0300] {dag.py:3239} INFO - Sync 1 DAGs
[2024-10-20T19:20:49.397-0300] {logging_mixin.py:190} INFO - [2024-10-20T19:20:49.396-0300] {dag.py:4180} INFO - Setting next_dagrun for latest_only_with_trigger to 2024-10-20 16:00:00+00:00, run_after=2024-10-20 20:00:00+00:00
[2024-10-20T19:20:49.430-0300] {processor.py:208} INFO - Processing /mnt/c/Users/Pato_/OneDrive/Documentos/ITBA/PYTHON_DATA_APP/itba/lib/python3.10/site-packages/airflow/example_dags/example_latest_only_with_trigger.py took 0.122 seconds
[2024-10-20T19:21:56.819-0300] {processor.py:186} INFO - Started process (PID=310390) to work on /mnt/c/Users/Pato_/OneDrive/Documentos/ITBA/PYTHON_DATA_APP/itba/lib/python3.10/site-packages/airflow/example_dags/example_latest_only_with_trigger.py
[2024-10-20T19:21:56.820-0300] {processor.py:914} INFO - Processing file /mnt/c/Users/Pato_/OneDrive/Documentos/ITBA/PYTHON_DATA_APP/itba/lib/python3.10/site-packages/airflow/example_dags/example_latest_only_with_trigger.py for tasks to queue
[2024-10-20T19:21:56.822-0300] {logging_mixin.py:190} INFO - [2024-10-20T19:21:56.821-0300] {dagbag.py:588} INFO - Filling up the DagBag from /mnt/c/Users/Pato_/OneDrive/Documentos/ITBA/PYTHON_DATA_APP/itba/lib/python3.10/site-packages/airflow/example_dags/example_latest_only_with_trigger.py
[2024-10-20T19:21:56.861-0300] {processor.py:925} INFO - DAG(s) 'latest_only_with_trigger' retrieved from /mnt/c/Users/Pato_/OneDrive/Documentos/ITBA/PYTHON_DATA_APP/itba/lib/python3.10/site-packages/airflow/example_dags/example_latest_only_with_trigger.py
[2024-10-20T19:21:56.876-0300] {logging_mixin.py:190} INFO - [2024-10-20T19:21:56.875-0300] {dag.py:3239} INFO - Sync 1 DAGs
[2024-10-20T19:21:56.894-0300] {logging_mixin.py:190} INFO - [2024-10-20T19:21:56.893-0300] {dag.py:4180} INFO - Setting next_dagrun for latest_only_with_trigger to 2024-10-20 16:00:00+00:00, run_after=2024-10-20 20:00:00+00:00
[2024-10-20T19:21:56.922-0300] {processor.py:208} INFO - Processing /mnt/c/Users/Pato_/OneDrive/Documentos/ITBA/PYTHON_DATA_APP/itba/lib/python3.10/site-packages/airflow/example_dags/example_latest_only_with_trigger.py took 0.110 seconds
[2024-10-20T19:23:02.455-0300] {processor.py:186} INFO - Started process (PID=310917) to work on /mnt/c/Users/Pato_/OneDrive/Documentos/ITBA/PYTHON_DATA_APP/itba/lib/python3.10/site-packages/airflow/example_dags/example_latest_only_with_trigger.py
[2024-10-20T19:23:02.456-0300] {processor.py:914} INFO - Processing file /mnt/c/Users/Pato_/OneDrive/Documentos/ITBA/PYTHON_DATA_APP/itba/lib/python3.10/site-packages/airflow/example_dags/example_latest_only_with_trigger.py for tasks to queue
[2024-10-20T19:23:02.458-0300] {logging_mixin.py:190} INFO - [2024-10-20T19:23:02.457-0300] {dagbag.py:588} INFO - Filling up the DagBag from /mnt/c/Users/Pato_/OneDrive/Documentos/ITBA/PYTHON_DATA_APP/itba/lib/python3.10/site-packages/airflow/example_dags/example_latest_only_with_trigger.py
[2024-10-20T19:23:02.498-0300] {processor.py:925} INFO - DAG(s) 'latest_only_with_trigger' retrieved from /mnt/c/Users/Pato_/OneDrive/Documentos/ITBA/PYTHON_DATA_APP/itba/lib/python3.10/site-packages/airflow/example_dags/example_latest_only_with_trigger.py
[2024-10-20T19:23:02.515-0300] {logging_mixin.py:190} INFO - [2024-10-20T19:23:02.515-0300] {dag.py:3239} INFO - Sync 1 DAGs
[2024-10-20T19:23:02.533-0300] {logging_mixin.py:190} INFO - [2024-10-20T19:23:02.533-0300] {dag.py:4180} INFO - Setting next_dagrun for latest_only_with_trigger to 2024-10-20 16:00:00+00:00, run_after=2024-10-20 20:00:00+00:00
[2024-10-20T19:23:02.562-0300] {processor.py:208} INFO - Processing /mnt/c/Users/Pato_/OneDrive/Documentos/ITBA/PYTHON_DATA_APP/itba/lib/python3.10/site-packages/airflow/example_dags/example_latest_only_with_trigger.py took 0.114 seconds
[2024-10-20T19:24:58.062-0300] {processor.py:186} INFO - Started process (PID=312470) to work on /mnt/c/Users/Pato_/OneDrive/Documentos/ITBA/PYTHON_DATA_APP/itba/lib/python3.10/site-packages/airflow/example_dags/example_latest_only_with_trigger.py
[2024-10-20T19:24:58.064-0300] {processor.py:914} INFO - Processing file /mnt/c/Users/Pato_/OneDrive/Documentos/ITBA/PYTHON_DATA_APP/itba/lib/python3.10/site-packages/airflow/example_dags/example_latest_only_with_trigger.py for tasks to queue
[2024-10-20T19:24:58.066-0300] {logging_mixin.py:190} INFO - [2024-10-20T19:24:58.065-0300] {dagbag.py:588} INFO - Filling up the DagBag from /mnt/c/Users/Pato_/OneDrive/Documentos/ITBA/PYTHON_DATA_APP/itba/lib/python3.10/site-packages/airflow/example_dags/example_latest_only_with_trigger.py
[2024-10-20T19:24:58.106-0300] {processor.py:925} INFO - DAG(s) 'latest_only_with_trigger' retrieved from /mnt/c/Users/Pato_/OneDrive/Documentos/ITBA/PYTHON_DATA_APP/itba/lib/python3.10/site-packages/airflow/example_dags/example_latest_only_with_trigger.py
[2024-10-20T19:24:58.121-0300] {logging_mixin.py:190} INFO - [2024-10-20T19:24:58.120-0300] {dag.py:3239} INFO - Sync 1 DAGs
[2024-10-20T19:24:58.138-0300] {logging_mixin.py:190} INFO - [2024-10-20T19:24:58.137-0300] {dag.py:4180} INFO - Setting next_dagrun for latest_only_with_trigger to 2024-10-20 16:00:00+00:00, run_after=2024-10-20 20:00:00+00:00
[2024-10-20T19:24:58.167-0300] {processor.py:208} INFO - Processing /mnt/c/Users/Pato_/OneDrive/Documentos/ITBA/PYTHON_DATA_APP/itba/lib/python3.10/site-packages/airflow/example_dags/example_latest_only_with_trigger.py took 0.112 seconds
[2024-10-20T19:26:37.180-0300] {processor.py:186} INFO - Started process (PID=313736) to work on /mnt/c/Users/Pato_/OneDrive/Documentos/ITBA/PYTHON_DATA_APP/itba/lib/python3.10/site-packages/airflow/example_dags/example_latest_only_with_trigger.py
[2024-10-20T19:26:37.181-0300] {processor.py:914} INFO - Processing file /mnt/c/Users/Pato_/OneDrive/Documentos/ITBA/PYTHON_DATA_APP/itba/lib/python3.10/site-packages/airflow/example_dags/example_latest_only_with_trigger.py for tasks to queue
[2024-10-20T19:26:37.183-0300] {logging_mixin.py:190} INFO - [2024-10-20T19:26:37.183-0300] {dagbag.py:588} INFO - Filling up the DagBag from /mnt/c/Users/Pato_/OneDrive/Documentos/ITBA/PYTHON_DATA_APP/itba/lib/python3.10/site-packages/airflow/example_dags/example_latest_only_with_trigger.py
[2024-10-20T19:26:37.224-0300] {processor.py:925} INFO - DAG(s) 'latest_only_with_trigger' retrieved from /mnt/c/Users/Pato_/OneDrive/Documentos/ITBA/PYTHON_DATA_APP/itba/lib/python3.10/site-packages/airflow/example_dags/example_latest_only_with_trigger.py
[2024-10-20T19:26:37.240-0300] {logging_mixin.py:190} INFO - [2024-10-20T19:26:37.239-0300] {dag.py:3239} INFO - Sync 1 DAGs
[2024-10-20T19:26:37.257-0300] {logging_mixin.py:190} INFO - [2024-10-20T19:26:37.257-0300] {dag.py:4180} INFO - Setting next_dagrun for latest_only_with_trigger to 2024-10-20 16:00:00+00:00, run_after=2024-10-20 20:00:00+00:00
[2024-10-20T19:26:37.286-0300] {processor.py:208} INFO - Processing /mnt/c/Users/Pato_/OneDrive/Documentos/ITBA/PYTHON_DATA_APP/itba/lib/python3.10/site-packages/airflow/example_dags/example_latest_only_with_trigger.py took 0.113 seconds
[2024-10-20T19:27:50.598-0300] {processor.py:186} INFO - Started process (PID=314609) to work on /mnt/c/Users/Pato_/OneDrive/Documentos/ITBA/PYTHON_DATA_APP/itba/lib/python3.10/site-packages/airflow/example_dags/example_latest_only_with_trigger.py
[2024-10-20T19:27:50.599-0300] {processor.py:914} INFO - Processing file /mnt/c/Users/Pato_/OneDrive/Documentos/ITBA/PYTHON_DATA_APP/itba/lib/python3.10/site-packages/airflow/example_dags/example_latest_only_with_trigger.py for tasks to queue
[2024-10-20T19:27:50.601-0300] {logging_mixin.py:190} INFO - [2024-10-20T19:27:50.600-0300] {dagbag.py:588} INFO - Filling up the DagBag from /mnt/c/Users/Pato_/OneDrive/Documentos/ITBA/PYTHON_DATA_APP/itba/lib/python3.10/site-packages/airflow/example_dags/example_latest_only_with_trigger.py
[2024-10-20T19:27:50.643-0300] {processor.py:925} INFO - DAG(s) 'latest_only_with_trigger' retrieved from /mnt/c/Users/Pato_/OneDrive/Documentos/ITBA/PYTHON_DATA_APP/itba/lib/python3.10/site-packages/airflow/example_dags/example_latest_only_with_trigger.py
[2024-10-20T19:27:50.659-0300] {logging_mixin.py:190} INFO - [2024-10-20T19:27:50.658-0300] {dag.py:3239} INFO - Sync 1 DAGs
[2024-10-20T19:27:50.677-0300] {logging_mixin.py:190} INFO - [2024-10-20T19:27:50.676-0300] {dag.py:4180} INFO - Setting next_dagrun for latest_only_with_trigger to 2024-10-20 16:00:00+00:00, run_after=2024-10-20 20:00:00+00:00
[2024-10-20T19:27:50.708-0300] {processor.py:208} INFO - Processing /mnt/c/Users/Pato_/OneDrive/Documentos/ITBA/PYTHON_DATA_APP/itba/lib/python3.10/site-packages/airflow/example_dags/example_latest_only_with_trigger.py took 0.117 seconds
[2024-10-20T19:28:53.852-0300] {processor.py:186} INFO - Started process (PID=315344) to work on /mnt/c/Users/Pato_/OneDrive/Documentos/ITBA/PYTHON_DATA_APP/itba/lib/python3.10/site-packages/airflow/example_dags/example_latest_only_with_trigger.py
[2024-10-20T19:28:53.853-0300] {processor.py:914} INFO - Processing file /mnt/c/Users/Pato_/OneDrive/Documentos/ITBA/PYTHON_DATA_APP/itba/lib/python3.10/site-packages/airflow/example_dags/example_latest_only_with_trigger.py for tasks to queue
[2024-10-20T19:28:53.855-0300] {logging_mixin.py:190} INFO - [2024-10-20T19:28:53.854-0300] {dagbag.py:588} INFO - Filling up the DagBag from /mnt/c/Users/Pato_/OneDrive/Documentos/ITBA/PYTHON_DATA_APP/itba/lib/python3.10/site-packages/airflow/example_dags/example_latest_only_with_trigger.py
[2024-10-20T19:28:53.893-0300] {processor.py:925} INFO - DAG(s) 'latest_only_with_trigger' retrieved from /mnt/c/Users/Pato_/OneDrive/Documentos/ITBA/PYTHON_DATA_APP/itba/lib/python3.10/site-packages/airflow/example_dags/example_latest_only_with_trigger.py
[2024-10-20T19:28:53.908-0300] {logging_mixin.py:190} INFO - [2024-10-20T19:28:53.908-0300] {dag.py:3239} INFO - Sync 1 DAGs
[2024-10-20T19:28:53.925-0300] {logging_mixin.py:190} INFO - [2024-10-20T19:28:53.925-0300] {dag.py:4180} INFO - Setting next_dagrun for latest_only_with_trigger to 2024-10-20 16:00:00+00:00, run_after=2024-10-20 20:00:00+00:00
[2024-10-20T19:28:53.955-0300] {processor.py:208} INFO - Processing /mnt/c/Users/Pato_/OneDrive/Documentos/ITBA/PYTHON_DATA_APP/itba/lib/python3.10/site-packages/airflow/example_dags/example_latest_only_with_trigger.py took 0.110 seconds
[2024-10-20T19:30:06.655-0300] {processor.py:186} INFO - Started process (PID=316168) to work on /mnt/c/Users/Pato_/OneDrive/Documentos/ITBA/PYTHON_DATA_APP/itba/lib/python3.10/site-packages/airflow/example_dags/example_latest_only_with_trigger.py
[2024-10-20T19:30:06.656-0300] {processor.py:914} INFO - Processing file /mnt/c/Users/Pato_/OneDrive/Documentos/ITBA/PYTHON_DATA_APP/itba/lib/python3.10/site-packages/airflow/example_dags/example_latest_only_with_trigger.py for tasks to queue
[2024-10-20T19:30:06.658-0300] {logging_mixin.py:190} INFO - [2024-10-20T19:30:06.657-0300] {dagbag.py:588} INFO - Filling up the DagBag from /mnt/c/Users/Pato_/OneDrive/Documentos/ITBA/PYTHON_DATA_APP/itba/lib/python3.10/site-packages/airflow/example_dags/example_latest_only_with_trigger.py
[2024-10-20T19:30:06.698-0300] {processor.py:925} INFO - DAG(s) 'latest_only_with_trigger' retrieved from /mnt/c/Users/Pato_/OneDrive/Documentos/ITBA/PYTHON_DATA_APP/itba/lib/python3.10/site-packages/airflow/example_dags/example_latest_only_with_trigger.py
[2024-10-20T19:30:06.714-0300] {logging_mixin.py:190} INFO - [2024-10-20T19:30:06.713-0300] {dag.py:3239} INFO - Sync 1 DAGs
[2024-10-20T19:30:06.732-0300] {logging_mixin.py:190} INFO - [2024-10-20T19:30:06.731-0300] {dag.py:4180} INFO - Setting next_dagrun for latest_only_with_trigger to 2024-10-20 16:00:00+00:00, run_after=2024-10-20 20:00:00+00:00
[2024-10-20T19:30:06.761-0300] {processor.py:208} INFO - Processing /mnt/c/Users/Pato_/OneDrive/Documentos/ITBA/PYTHON_DATA_APP/itba/lib/python3.10/site-packages/airflow/example_dags/example_latest_only_with_trigger.py took 0.113 seconds
[2024-10-20T19:31:11.434-0300] {processor.py:186} INFO - Started process (PID=316676) to work on /mnt/c/Users/Pato_/OneDrive/Documentos/ITBA/PYTHON_DATA_APP/itba/lib/python3.10/site-packages/airflow/example_dags/example_latest_only_with_trigger.py
[2024-10-20T19:31:11.435-0300] {processor.py:914} INFO - Processing file /mnt/c/Users/Pato_/OneDrive/Documentos/ITBA/PYTHON_DATA_APP/itba/lib/python3.10/site-packages/airflow/example_dags/example_latest_only_with_trigger.py for tasks to queue
[2024-10-20T19:31:11.437-0300] {logging_mixin.py:190} INFO - [2024-10-20T19:31:11.437-0300] {dagbag.py:588} INFO - Filling up the DagBag from /mnt/c/Users/Pato_/OneDrive/Documentos/ITBA/PYTHON_DATA_APP/itba/lib/python3.10/site-packages/airflow/example_dags/example_latest_only_with_trigger.py
[2024-10-20T19:31:11.478-0300] {processor.py:925} INFO - DAG(s) 'latest_only_with_trigger' retrieved from /mnt/c/Users/Pato_/OneDrive/Documentos/ITBA/PYTHON_DATA_APP/itba/lib/python3.10/site-packages/airflow/example_dags/example_latest_only_with_trigger.py
[2024-10-20T19:31:11.493-0300] {logging_mixin.py:190} INFO - [2024-10-20T19:31:11.492-0300] {dag.py:3239} INFO - Sync 1 DAGs
[2024-10-20T19:31:11.510-0300] {logging_mixin.py:190} INFO - [2024-10-20T19:31:11.509-0300] {dag.py:4180} INFO - Setting next_dagrun for latest_only_with_trigger to 2024-10-20 16:00:00+00:00, run_after=2024-10-20 20:00:00+00:00
[2024-10-20T19:31:11.540-0300] {processor.py:208} INFO - Processing /mnt/c/Users/Pato_/OneDrive/Documentos/ITBA/PYTHON_DATA_APP/itba/lib/python3.10/site-packages/airflow/example_dags/example_latest_only_with_trigger.py took 0.113 seconds
[2024-10-20T19:32:21.775-0300] {processor.py:186} INFO - Started process (PID=317226) to work on /mnt/c/Users/Pato_/OneDrive/Documentos/ITBA/PYTHON_DATA_APP/itba/lib/python3.10/site-packages/airflow/example_dags/example_latest_only_with_trigger.py
[2024-10-20T19:32:21.776-0300] {processor.py:914} INFO - Processing file /mnt/c/Users/Pato_/OneDrive/Documentos/ITBA/PYTHON_DATA_APP/itba/lib/python3.10/site-packages/airflow/example_dags/example_latest_only_with_trigger.py for tasks to queue
[2024-10-20T19:32:21.778-0300] {logging_mixin.py:190} INFO - [2024-10-20T19:32:21.778-0300] {dagbag.py:588} INFO - Filling up the DagBag from /mnt/c/Users/Pato_/OneDrive/Documentos/ITBA/PYTHON_DATA_APP/itba/lib/python3.10/site-packages/airflow/example_dags/example_latest_only_with_trigger.py
[2024-10-20T19:32:21.824-0300] {processor.py:925} INFO - DAG(s) 'latest_only_with_trigger' retrieved from /mnt/c/Users/Pato_/OneDrive/Documentos/ITBA/PYTHON_DATA_APP/itba/lib/python3.10/site-packages/airflow/example_dags/example_latest_only_with_trigger.py
[2024-10-20T19:32:21.842-0300] {logging_mixin.py:190} INFO - [2024-10-20T19:32:21.841-0300] {dag.py:3239} INFO - Sync 1 DAGs
[2024-10-20T19:32:21.865-0300] {logging_mixin.py:190} INFO - [2024-10-20T19:32:21.864-0300] {dag.py:4180} INFO - Setting next_dagrun for latest_only_with_trigger to 2024-10-20 16:00:00+00:00, run_after=2024-10-20 20:00:00+00:00
[2024-10-20T19:32:21.899-0300] {processor.py:208} INFO - Processing /mnt/c/Users/Pato_/OneDrive/Documentos/ITBA/PYTHON_DATA_APP/itba/lib/python3.10/site-packages/airflow/example_dags/example_latest_only_with_trigger.py took 0.133 seconds
[2024-10-20T19:33:28.666-0300] {processor.py:186} INFO - Started process (PID=317847) to work on /mnt/c/Users/Pato_/OneDrive/Documentos/ITBA/PYTHON_DATA_APP/itba/lib/python3.10/site-packages/airflow/example_dags/example_latest_only_with_trigger.py
[2024-10-20T19:33:28.667-0300] {processor.py:914} INFO - Processing file /mnt/c/Users/Pato_/OneDrive/Documentos/ITBA/PYTHON_DATA_APP/itba/lib/python3.10/site-packages/airflow/example_dags/example_latest_only_with_trigger.py for tasks to queue
[2024-10-20T19:33:28.669-0300] {logging_mixin.py:190} INFO - [2024-10-20T19:33:28.669-0300] {dagbag.py:588} INFO - Filling up the DagBag from /mnt/c/Users/Pato_/OneDrive/Documentos/ITBA/PYTHON_DATA_APP/itba/lib/python3.10/site-packages/airflow/example_dags/example_latest_only_with_trigger.py
[2024-10-20T19:33:28.705-0300] {processor.py:925} INFO - DAG(s) 'latest_only_with_trigger' retrieved from /mnt/c/Users/Pato_/OneDrive/Documentos/ITBA/PYTHON_DATA_APP/itba/lib/python3.10/site-packages/airflow/example_dags/example_latest_only_with_trigger.py
[2024-10-20T19:33:28.720-0300] {logging_mixin.py:190} INFO - [2024-10-20T19:33:28.720-0300] {dag.py:3239} INFO - Sync 1 DAGs
[2024-10-20T19:33:28.737-0300] {logging_mixin.py:190} INFO - [2024-10-20T19:33:28.737-0300] {dag.py:4180} INFO - Setting next_dagrun for latest_only_with_trigger to 2024-10-20 16:00:00+00:00, run_after=2024-10-20 20:00:00+00:00
[2024-10-20T19:33:28.766-0300] {processor.py:208} INFO - Processing /mnt/c/Users/Pato_/OneDrive/Documentos/ITBA/PYTHON_DATA_APP/itba/lib/python3.10/site-packages/airflow/example_dags/example_latest_only_with_trigger.py took 0.106 seconds
[2024-10-20T19:34:36.191-0300] {processor.py:186} INFO - Started process (PID=318589) to work on /mnt/c/Users/Pato_/OneDrive/Documentos/ITBA/PYTHON_DATA_APP/itba/lib/python3.10/site-packages/airflow/example_dags/example_latest_only_with_trigger.py
[2024-10-20T19:34:36.192-0300] {processor.py:914} INFO - Processing file /mnt/c/Users/Pato_/OneDrive/Documentos/ITBA/PYTHON_DATA_APP/itba/lib/python3.10/site-packages/airflow/example_dags/example_latest_only_with_trigger.py for tasks to queue
[2024-10-20T19:34:36.194-0300] {logging_mixin.py:190} INFO - [2024-10-20T19:34:36.193-0300] {dagbag.py:588} INFO - Filling up the DagBag from /mnt/c/Users/Pato_/OneDrive/Documentos/ITBA/PYTHON_DATA_APP/itba/lib/python3.10/site-packages/airflow/example_dags/example_latest_only_with_trigger.py
[2024-10-20T19:34:36.233-0300] {processor.py:925} INFO - DAG(s) 'latest_only_with_trigger' retrieved from /mnt/c/Users/Pato_/OneDrive/Documentos/ITBA/PYTHON_DATA_APP/itba/lib/python3.10/site-packages/airflow/example_dags/example_latest_only_with_trigger.py
[2024-10-20T19:34:36.248-0300] {logging_mixin.py:190} INFO - [2024-10-20T19:34:36.247-0300] {dag.py:3239} INFO - Sync 1 DAGs
[2024-10-20T19:34:36.264-0300] {logging_mixin.py:190} INFO - [2024-10-20T19:34:36.264-0300] {dag.py:4180} INFO - Setting next_dagrun for latest_only_with_trigger to 2024-10-20 16:00:00+00:00, run_after=2024-10-20 20:00:00+00:00
[2024-10-20T19:34:36.293-0300] {processor.py:208} INFO - Processing /mnt/c/Users/Pato_/OneDrive/Documentos/ITBA/PYTHON_DATA_APP/itba/lib/python3.10/site-packages/airflow/example_dags/example_latest_only_with_trigger.py took 0.109 seconds
[2024-10-20T19:35:45.142-0300] {processor.py:186} INFO - Started process (PID=319240) to work on /mnt/c/Users/Pato_/OneDrive/Documentos/ITBA/PYTHON_DATA_APP/itba/lib/python3.10/site-packages/airflow/example_dags/example_latest_only_with_trigger.py
[2024-10-20T19:35:45.143-0300] {processor.py:914} INFO - Processing file /mnt/c/Users/Pato_/OneDrive/Documentos/ITBA/PYTHON_DATA_APP/itba/lib/python3.10/site-packages/airflow/example_dags/example_latest_only_with_trigger.py for tasks to queue
[2024-10-20T19:35:45.145-0300] {logging_mixin.py:190} INFO - [2024-10-20T19:35:45.145-0300] {dagbag.py:588} INFO - Filling up the DagBag from /mnt/c/Users/Pato_/OneDrive/Documentos/ITBA/PYTHON_DATA_APP/itba/lib/python3.10/site-packages/airflow/example_dags/example_latest_only_with_trigger.py
[2024-10-20T19:35:45.183-0300] {processor.py:925} INFO - DAG(s) 'latest_only_with_trigger' retrieved from /mnt/c/Users/Pato_/OneDrive/Documentos/ITBA/PYTHON_DATA_APP/itba/lib/python3.10/site-packages/airflow/example_dags/example_latest_only_with_trigger.py
[2024-10-20T19:35:45.198-0300] {logging_mixin.py:190} INFO - [2024-10-20T19:35:45.198-0300] {dag.py:3239} INFO - Sync 1 DAGs
[2024-10-20T19:35:45.215-0300] {logging_mixin.py:190} INFO - [2024-10-20T19:35:45.214-0300] {dag.py:4180} INFO - Setting next_dagrun for latest_only_with_trigger to 2024-10-20 16:00:00+00:00, run_after=2024-10-20 20:00:00+00:00
[2024-10-20T19:35:45.244-0300] {processor.py:208} INFO - Processing /mnt/c/Users/Pato_/OneDrive/Documentos/ITBA/PYTHON_DATA_APP/itba/lib/python3.10/site-packages/airflow/example_dags/example_latest_only_with_trigger.py took 0.108 seconds
[2024-10-20T19:36:55.282-0300] {processor.py:186} INFO - Started process (PID=319783) to work on /mnt/c/Users/Pato_/OneDrive/Documentos/ITBA/PYTHON_DATA_APP/itba/lib/python3.10/site-packages/airflow/example_dags/example_latest_only_with_trigger.py
[2024-10-20T19:36:55.284-0300] {processor.py:914} INFO - Processing file /mnt/c/Users/Pato_/OneDrive/Documentos/ITBA/PYTHON_DATA_APP/itba/lib/python3.10/site-packages/airflow/example_dags/example_latest_only_with_trigger.py for tasks to queue
[2024-10-20T19:36:55.285-0300] {logging_mixin.py:190} INFO - [2024-10-20T19:36:55.285-0300] {dagbag.py:588} INFO - Filling up the DagBag from /mnt/c/Users/Pato_/OneDrive/Documentos/ITBA/PYTHON_DATA_APP/itba/lib/python3.10/site-packages/airflow/example_dags/example_latest_only_with_trigger.py
[2024-10-20T19:36:55.324-0300] {processor.py:925} INFO - DAG(s) 'latest_only_with_trigger' retrieved from /mnt/c/Users/Pato_/OneDrive/Documentos/ITBA/PYTHON_DATA_APP/itba/lib/python3.10/site-packages/airflow/example_dags/example_latest_only_with_trigger.py
[2024-10-20T19:36:55.338-0300] {logging_mixin.py:190} INFO - [2024-10-20T19:36:55.338-0300] {dag.py:3239} INFO - Sync 1 DAGs
[2024-10-20T19:36:55.355-0300] {logging_mixin.py:190} INFO - [2024-10-20T19:36:55.355-0300] {dag.py:4180} INFO - Setting next_dagrun for latest_only_with_trigger to 2024-10-20 16:00:00+00:00, run_after=2024-10-20 20:00:00+00:00
[2024-10-20T19:36:55.385-0300] {processor.py:208} INFO - Processing /mnt/c/Users/Pato_/OneDrive/Documentos/ITBA/PYTHON_DATA_APP/itba/lib/python3.10/site-packages/airflow/example_dags/example_latest_only_with_trigger.py took 0.109 seconds
[2024-10-20T19:38:01.078-0300] {processor.py:186} INFO - Started process (PID=320301) to work on /mnt/c/Users/Pato_/OneDrive/Documentos/ITBA/PYTHON_DATA_APP/itba/lib/python3.10/site-packages/airflow/example_dags/example_latest_only_with_trigger.py
[2024-10-20T19:38:01.079-0300] {processor.py:914} INFO - Processing file /mnt/c/Users/Pato_/OneDrive/Documentos/ITBA/PYTHON_DATA_APP/itba/lib/python3.10/site-packages/airflow/example_dags/example_latest_only_with_trigger.py for tasks to queue
[2024-10-20T19:38:01.081-0300] {logging_mixin.py:190} INFO - [2024-10-20T19:38:01.081-0300] {dagbag.py:588} INFO - Filling up the DagBag from /mnt/c/Users/Pato_/OneDrive/Documentos/ITBA/PYTHON_DATA_APP/itba/lib/python3.10/site-packages/airflow/example_dags/example_latest_only_with_trigger.py
[2024-10-20T19:38:01.121-0300] {processor.py:925} INFO - DAG(s) 'latest_only_with_trigger' retrieved from /mnt/c/Users/Pato_/OneDrive/Documentos/ITBA/PYTHON_DATA_APP/itba/lib/python3.10/site-packages/airflow/example_dags/example_latest_only_with_trigger.py
[2024-10-20T19:38:01.136-0300] {logging_mixin.py:190} INFO - [2024-10-20T19:38:01.135-0300] {dag.py:3239} INFO - Sync 1 DAGs
[2024-10-20T19:38:01.153-0300] {logging_mixin.py:190} INFO - [2024-10-20T19:38:01.152-0300] {dag.py:4180} INFO - Setting next_dagrun for latest_only_with_trigger to 2024-10-20 16:00:00+00:00, run_after=2024-10-20 20:00:00+00:00
[2024-10-20T19:38:01.181-0300] {processor.py:208} INFO - Processing /mnt/c/Users/Pato_/OneDrive/Documentos/ITBA/PYTHON_DATA_APP/itba/lib/python3.10/site-packages/airflow/example_dags/example_latest_only_with_trigger.py took 0.110 seconds
[2024-10-20T19:39:05.692-0300] {processor.py:186} INFO - Started process (PID=320804) to work on /mnt/c/Users/Pato_/OneDrive/Documentos/ITBA/PYTHON_DATA_APP/itba/lib/python3.10/site-packages/airflow/example_dags/example_latest_only_with_trigger.py
[2024-10-20T19:39:05.693-0300] {processor.py:914} INFO - Processing file /mnt/c/Users/Pato_/OneDrive/Documentos/ITBA/PYTHON_DATA_APP/itba/lib/python3.10/site-packages/airflow/example_dags/example_latest_only_with_trigger.py for tasks to queue
[2024-10-20T19:39:05.695-0300] {logging_mixin.py:190} INFO - [2024-10-20T19:39:05.694-0300] {dagbag.py:588} INFO - Filling up the DagBag from /mnt/c/Users/Pato_/OneDrive/Documentos/ITBA/PYTHON_DATA_APP/itba/lib/python3.10/site-packages/airflow/example_dags/example_latest_only_with_trigger.py
[2024-10-20T19:39:05.734-0300] {processor.py:925} INFO - DAG(s) 'latest_only_with_trigger' retrieved from /mnt/c/Users/Pato_/OneDrive/Documentos/ITBA/PYTHON_DATA_APP/itba/lib/python3.10/site-packages/airflow/example_dags/example_latest_only_with_trigger.py
[2024-10-20T19:39:05.750-0300] {logging_mixin.py:190} INFO - [2024-10-20T19:39:05.749-0300] {dag.py:3239} INFO - Sync 1 DAGs
[2024-10-20T19:39:05.768-0300] {logging_mixin.py:190} INFO - [2024-10-20T19:39:05.768-0300] {dag.py:4180} INFO - Setting next_dagrun for latest_only_with_trigger to 2024-10-20 16:00:00+00:00, run_after=2024-10-20 20:00:00+00:00
[2024-10-20T19:39:05.799-0300] {processor.py:208} INFO - Processing /mnt/c/Users/Pato_/OneDrive/Documentos/ITBA/PYTHON_DATA_APP/itba/lib/python3.10/site-packages/airflow/example_dags/example_latest_only_with_trigger.py took 0.114 seconds
[2024-10-20T19:40:13.047-0300] {processor.py:186} INFO - Started process (PID=321569) to work on /mnt/c/Users/Pato_/OneDrive/Documentos/ITBA/PYTHON_DATA_APP/itba/lib/python3.10/site-packages/airflow/example_dags/example_latest_only_with_trigger.py
[2024-10-20T19:40:13.048-0300] {processor.py:914} INFO - Processing file /mnt/c/Users/Pato_/OneDrive/Documentos/ITBA/PYTHON_DATA_APP/itba/lib/python3.10/site-packages/airflow/example_dags/example_latest_only_with_trigger.py for tasks to queue
[2024-10-20T19:40:13.050-0300] {logging_mixin.py:190} INFO - [2024-10-20T19:40:13.050-0300] {dagbag.py:588} INFO - Filling up the DagBag from /mnt/c/Users/Pato_/OneDrive/Documentos/ITBA/PYTHON_DATA_APP/itba/lib/python3.10/site-packages/airflow/example_dags/example_latest_only_with_trigger.py
[2024-10-20T19:40:13.089-0300] {processor.py:925} INFO - DAG(s) 'latest_only_with_trigger' retrieved from /mnt/c/Users/Pato_/OneDrive/Documentos/ITBA/PYTHON_DATA_APP/itba/lib/python3.10/site-packages/airflow/example_dags/example_latest_only_with_trigger.py
[2024-10-20T19:40:13.106-0300] {logging_mixin.py:190} INFO - [2024-10-20T19:40:13.106-0300] {dag.py:3239} INFO - Sync 1 DAGs
[2024-10-20T19:40:13.123-0300] {logging_mixin.py:190} INFO - [2024-10-20T19:40:13.122-0300] {dag.py:4180} INFO - Setting next_dagrun for latest_only_with_trigger to 2024-10-20 16:00:00+00:00, run_after=2024-10-20 20:00:00+00:00
[2024-10-20T19:40:13.151-0300] {processor.py:208} INFO - Processing /mnt/c/Users/Pato_/OneDrive/Documentos/ITBA/PYTHON_DATA_APP/itba/lib/python3.10/site-packages/airflow/example_dags/example_latest_only_with_trigger.py took 0.111 seconds
[2024-10-20T19:41:20.956-0300] {processor.py:186} INFO - Started process (PID=322246) to work on /mnt/c/Users/Pato_/OneDrive/Documentos/ITBA/PYTHON_DATA_APP/itba/lib/python3.10/site-packages/airflow/example_dags/example_latest_only_with_trigger.py
[2024-10-20T19:41:20.958-0300] {processor.py:914} INFO - Processing file /mnt/c/Users/Pato_/OneDrive/Documentos/ITBA/PYTHON_DATA_APP/itba/lib/python3.10/site-packages/airflow/example_dags/example_latest_only_with_trigger.py for tasks to queue
[2024-10-20T19:41:20.960-0300] {logging_mixin.py:190} INFO - [2024-10-20T19:41:20.959-0300] {dagbag.py:588} INFO - Filling up the DagBag from /mnt/c/Users/Pato_/OneDrive/Documentos/ITBA/PYTHON_DATA_APP/itba/lib/python3.10/site-packages/airflow/example_dags/example_latest_only_with_trigger.py
[2024-10-20T19:41:21.005-0300] {processor.py:925} INFO - DAG(s) 'latest_only_with_trigger' retrieved from /mnt/c/Users/Pato_/OneDrive/Documentos/ITBA/PYTHON_DATA_APP/itba/lib/python3.10/site-packages/airflow/example_dags/example_latest_only_with_trigger.py
[2024-10-20T19:41:21.021-0300] {logging_mixin.py:190} INFO - [2024-10-20T19:41:21.021-0300] {dag.py:3239} INFO - Sync 1 DAGs
[2024-10-20T19:41:21.039-0300] {logging_mixin.py:190} INFO - [2024-10-20T19:41:21.038-0300] {dag.py:4180} INFO - Setting next_dagrun for latest_only_with_trigger to 2024-10-20 16:00:00+00:00, run_after=2024-10-20 20:00:00+00:00
[2024-10-20T19:41:21.067-0300] {processor.py:208} INFO - Processing /mnt/c/Users/Pato_/OneDrive/Documentos/ITBA/PYTHON_DATA_APP/itba/lib/python3.10/site-packages/airflow/example_dags/example_latest_only_with_trigger.py took 0.118 seconds
