[2024-10-20T19:00:30.974-0300] {processor.py:186} INFO - Started process (PID=298741) to work on /mnt/c/Users/Pato_/OneDrive/Documentos/ITBA/PYTHON_DATA_APP/itba/lib/python3.10/site-packages/airflow/example_dags/example_setup_teardown_taskflow.py
[2024-10-20T19:00:30.975-0300] {processor.py:914} INFO - Processing file /mnt/c/Users/Pato_/OneDrive/Documentos/ITBA/PYTHON_DATA_APP/itba/lib/python3.10/site-packages/airflow/example_dags/example_setup_teardown_taskflow.py for tasks to queue
[2024-10-20T19:00:30.977-0300] {logging_mixin.py:190} INFO - [2024-10-20T19:00:30.976-0300] {dagbag.py:588} INFO - Filling up the DagBag from /mnt/c/Users/Pato_/OneDrive/Documentos/ITBA/PYTHON_DATA_APP/itba/lib/python3.10/site-packages/airflow/example_dags/example_setup_teardown_taskflow.py
[2024-10-20T19:00:31.017-0300] {processor.py:925} INFO - DAG(s) 'example_setup_teardown_taskflow' retrieved from /mnt/c/Users/Pato_/OneDrive/Documentos/ITBA/PYTHON_DATA_APP/itba/lib/python3.10/site-packages/airflow/example_dags/example_setup_teardown_taskflow.py
[2024-10-20T19:00:31.773-0300] {logging_mixin.py:190} INFO - [2024-10-20T19:00:31.772-0300] {override.py:1907} INFO - Created Permission View: can read on DAG:example_setup_teardown_taskflow
[2024-10-20T19:00:31.793-0300] {logging_mixin.py:190} INFO - [2024-10-20T19:00:31.793-0300] {override.py:1907} INFO - Created Permission View: can delete on DAG:example_setup_teardown_taskflow
[2024-10-20T19:00:31.811-0300] {logging_mixin.py:190} INFO - [2024-10-20T19:00:31.810-0300] {override.py:1907} INFO - Created Permission View: can edit on DAG:example_setup_teardown_taskflow
[2024-10-20T19:00:31.840-0300] {logging_mixin.py:190} INFO - [2024-10-20T19:00:31.839-0300] {override.py:1907} INFO - Created Permission View: can read on DAG Run:example_setup_teardown_taskflow
[2024-10-20T19:00:31.859-0300] {logging_mixin.py:190} INFO - [2024-10-20T19:00:31.858-0300] {override.py:1907} INFO - Created Permission View: can delete on DAG Run:example_setup_teardown_taskflow
[2024-10-20T19:00:31.876-0300] {logging_mixin.py:190} INFO - [2024-10-20T19:00:31.875-0300] {override.py:1907} INFO - Created Permission View: can create on DAG Run:example_setup_teardown_taskflow
[2024-10-20T19:00:31.894-0300] {logging_mixin.py:190} INFO - [2024-10-20T19:00:31.894-0300] {override.py:1907} INFO - Created Permission View: menu access on DAG Run:example_setup_teardown_taskflow
[2024-10-20T19:00:31.896-0300] {logging_mixin.py:190} INFO - [2024-10-20T19:00:31.895-0300] {dag.py:3239} INFO - Sync 1 DAGs
[2024-10-20T19:00:31.906-0300] {logging_mixin.py:190} INFO - [2024-10-20T19:00:31.905-0300] {dag.py:3262} INFO - Creating ORM DAG for example_setup_teardown_taskflow
[2024-10-20T19:00:31.907-0300] {logging_mixin.py:190} INFO - [2024-10-20T19:00:31.906-0300] {dag.py:4180} INFO - Setting next_dagrun for example_setup_teardown_taskflow to None, run_after=None
[2024-10-20T19:00:31.939-0300] {processor.py:208} INFO - Processing /mnt/c/Users/Pato_/OneDrive/Documentos/ITBA/PYTHON_DATA_APP/itba/lib/python3.10/site-packages/airflow/example_dags/example_setup_teardown_taskflow.py took 0.972 seconds
[2024-10-20T19:02:46.495-0300] {processor.py:186} INFO - Started process (PID=299943) to work on /mnt/c/Users/Pato_/OneDrive/Documentos/ITBA/PYTHON_DATA_APP/itba/lib/python3.10/site-packages/airflow/example_dags/example_setup_teardown_taskflow.py
[2024-10-20T19:02:46.496-0300] {processor.py:914} INFO - Processing file /mnt/c/Users/Pato_/OneDrive/Documentos/ITBA/PYTHON_DATA_APP/itba/lib/python3.10/site-packages/airflow/example_dags/example_setup_teardown_taskflow.py for tasks to queue
[2024-10-20T19:02:46.498-0300] {logging_mixin.py:190} INFO - [2024-10-20T19:02:46.497-0300] {dagbag.py:588} INFO - Filling up the DagBag from /mnt/c/Users/Pato_/OneDrive/Documentos/ITBA/PYTHON_DATA_APP/itba/lib/python3.10/site-packages/airflow/example_dags/example_setup_teardown_taskflow.py
[2024-10-20T19:02:46.539-0300] {processor.py:925} INFO - DAG(s) 'example_setup_teardown_taskflow' retrieved from /mnt/c/Users/Pato_/OneDrive/Documentos/ITBA/PYTHON_DATA_APP/itba/lib/python3.10/site-packages/airflow/example_dags/example_setup_teardown_taskflow.py
[2024-10-20T19:02:46.555-0300] {logging_mixin.py:190} INFO - [2024-10-20T19:02:46.554-0300] {dag.py:3239} INFO - Sync 1 DAGs
[2024-10-20T19:02:46.564-0300] {logging_mixin.py:190} INFO - [2024-10-20T19:02:46.563-0300] {dag.py:4180} INFO - Setting next_dagrun for example_setup_teardown_taskflow to None, run_after=None
[2024-10-20T19:02:46.594-0300] {processor.py:208} INFO - Processing /mnt/c/Users/Pato_/OneDrive/Documentos/ITBA/PYTHON_DATA_APP/itba/lib/python3.10/site-packages/airflow/example_dags/example_setup_teardown_taskflow.py took 0.106 seconds
[2024-10-20T19:03:54.760-0300] {processor.py:186} INFO - Started process (PID=300480) to work on /mnt/c/Users/Pato_/OneDrive/Documentos/ITBA/PYTHON_DATA_APP/itba/lib/python3.10/site-packages/airflow/example_dags/example_setup_teardown_taskflow.py
[2024-10-20T19:03:54.761-0300] {processor.py:914} INFO - Processing file /mnt/c/Users/Pato_/OneDrive/Documentos/ITBA/PYTHON_DATA_APP/itba/lib/python3.10/site-packages/airflow/example_dags/example_setup_teardown_taskflow.py for tasks to queue
[2024-10-20T19:03:54.763-0300] {logging_mixin.py:190} INFO - [2024-10-20T19:03:54.763-0300] {dagbag.py:588} INFO - Filling up the DagBag from /mnt/c/Users/Pato_/OneDrive/Documentos/ITBA/PYTHON_DATA_APP/itba/lib/python3.10/site-packages/airflow/example_dags/example_setup_teardown_taskflow.py
[2024-10-20T19:03:54.806-0300] {processor.py:925} INFO - DAG(s) 'example_setup_teardown_taskflow' retrieved from /mnt/c/Users/Pato_/OneDrive/Documentos/ITBA/PYTHON_DATA_APP/itba/lib/python3.10/site-packages/airflow/example_dags/example_setup_teardown_taskflow.py
[2024-10-20T19:03:54.822-0300] {logging_mixin.py:190} INFO - [2024-10-20T19:03:54.822-0300] {dag.py:3239} INFO - Sync 1 DAGs
[2024-10-20T19:03:54.831-0300] {logging_mixin.py:190} INFO - [2024-10-20T19:03:54.831-0300] {dag.py:4180} INFO - Setting next_dagrun for example_setup_teardown_taskflow to None, run_after=None
[2024-10-20T19:03:54.890-0300] {processor.py:208} INFO - Processing /mnt/c/Users/Pato_/OneDrive/Documentos/ITBA/PYTHON_DATA_APP/itba/lib/python3.10/site-packages/airflow/example_dags/example_setup_teardown_taskflow.py took 0.136 seconds
[2024-10-20T19:05:06.612-0300] {processor.py:186} INFO - Started process (PID=301293) to work on /mnt/c/Users/Pato_/OneDrive/Documentos/ITBA/PYTHON_DATA_APP/itba/lib/python3.10/site-packages/airflow/example_dags/example_setup_teardown_taskflow.py
[2024-10-20T19:05:06.613-0300] {processor.py:914} INFO - Processing file /mnt/c/Users/Pato_/OneDrive/Documentos/ITBA/PYTHON_DATA_APP/itba/lib/python3.10/site-packages/airflow/example_dags/example_setup_teardown_taskflow.py for tasks to queue
[2024-10-20T19:05:06.615-0300] {logging_mixin.py:190} INFO - [2024-10-20T19:05:06.615-0300] {dagbag.py:588} INFO - Filling up the DagBag from /mnt/c/Users/Pato_/OneDrive/Documentos/ITBA/PYTHON_DATA_APP/itba/lib/python3.10/site-packages/airflow/example_dags/example_setup_teardown_taskflow.py
[2024-10-20T19:05:06.658-0300] {processor.py:925} INFO - DAG(s) 'example_setup_teardown_taskflow' retrieved from /mnt/c/Users/Pato_/OneDrive/Documentos/ITBA/PYTHON_DATA_APP/itba/lib/python3.10/site-packages/airflow/example_dags/example_setup_teardown_taskflow.py
[2024-10-20T19:05:06.674-0300] {logging_mixin.py:190} INFO - [2024-10-20T19:05:06.673-0300] {dag.py:3239} INFO - Sync 1 DAGs
[2024-10-20T19:05:06.682-0300] {logging_mixin.py:190} INFO - [2024-10-20T19:05:06.682-0300] {dag.py:4180} INFO - Setting next_dagrun for example_setup_teardown_taskflow to None, run_after=None
[2024-10-20T19:05:06.711-0300] {processor.py:208} INFO - Processing /mnt/c/Users/Pato_/OneDrive/Documentos/ITBA/PYTHON_DATA_APP/itba/lib/python3.10/site-packages/airflow/example_dags/example_setup_teardown_taskflow.py took 0.106 seconds
[2024-10-20T19:08:03.133-0300] {processor.py:186} INFO - Started process (PID=303597) to work on /mnt/c/Users/Pato_/OneDrive/Documentos/ITBA/PYTHON_DATA_APP/itba/lib/python3.10/site-packages/airflow/example_dags/example_setup_teardown_taskflow.py
[2024-10-20T19:08:03.134-0300] {processor.py:914} INFO - Processing file /mnt/c/Users/Pato_/OneDrive/Documentos/ITBA/PYTHON_DATA_APP/itba/lib/python3.10/site-packages/airflow/example_dags/example_setup_teardown_taskflow.py for tasks to queue
[2024-10-20T19:08:03.136-0300] {logging_mixin.py:190} INFO - [2024-10-20T19:08:03.135-0300] {dagbag.py:588} INFO - Filling up the DagBag from /mnt/c/Users/Pato_/OneDrive/Documentos/ITBA/PYTHON_DATA_APP/itba/lib/python3.10/site-packages/airflow/example_dags/example_setup_teardown_taskflow.py
[2024-10-20T19:08:03.177-0300] {processor.py:925} INFO - DAG(s) 'example_setup_teardown_taskflow' retrieved from /mnt/c/Users/Pato_/OneDrive/Documentos/ITBA/PYTHON_DATA_APP/itba/lib/python3.10/site-packages/airflow/example_dags/example_setup_teardown_taskflow.py
[2024-10-20T19:08:03.194-0300] {logging_mixin.py:190} INFO - [2024-10-20T19:08:03.194-0300] {dag.py:3239} INFO - Sync 1 DAGs
[2024-10-20T19:08:03.204-0300] {logging_mixin.py:190} INFO - [2024-10-20T19:08:03.203-0300] {dag.py:4180} INFO - Setting next_dagrun for example_setup_teardown_taskflow to None, run_after=None
[2024-10-20T19:08:03.236-0300] {processor.py:208} INFO - Processing /mnt/c/Users/Pato_/OneDrive/Documentos/ITBA/PYTHON_DATA_APP/itba/lib/python3.10/site-packages/airflow/example_dags/example_setup_teardown_taskflow.py took 0.110 seconds
[2024-10-20T19:09:10.169-0300] {processor.py:186} INFO - Started process (PID=304184) to work on /mnt/c/Users/Pato_/OneDrive/Documentos/ITBA/PYTHON_DATA_APP/itba/lib/python3.10/site-packages/airflow/example_dags/example_setup_teardown_taskflow.py
[2024-10-20T19:09:10.170-0300] {processor.py:914} INFO - Processing file /mnt/c/Users/Pato_/OneDrive/Documentos/ITBA/PYTHON_DATA_APP/itba/lib/python3.10/site-packages/airflow/example_dags/example_setup_teardown_taskflow.py for tasks to queue
[2024-10-20T19:09:10.172-0300] {logging_mixin.py:190} INFO - [2024-10-20T19:09:10.171-0300] {dagbag.py:588} INFO - Filling up the DagBag from /mnt/c/Users/Pato_/OneDrive/Documentos/ITBA/PYTHON_DATA_APP/itba/lib/python3.10/site-packages/airflow/example_dags/example_setup_teardown_taskflow.py
[2024-10-20T19:09:10.213-0300] {processor.py:925} INFO - DAG(s) 'example_setup_teardown_taskflow' retrieved from /mnt/c/Users/Pato_/OneDrive/Documentos/ITBA/PYTHON_DATA_APP/itba/lib/python3.10/site-packages/airflow/example_dags/example_setup_teardown_taskflow.py
[2024-10-20T19:09:10.229-0300] {logging_mixin.py:190} INFO - [2024-10-20T19:09:10.228-0300] {dag.py:3239} INFO - Sync 1 DAGs
[2024-10-20T19:09:10.237-0300] {logging_mixin.py:190} INFO - [2024-10-20T19:09:10.237-0300] {dag.py:4180} INFO - Setting next_dagrun for example_setup_teardown_taskflow to None, run_after=None
[2024-10-20T19:09:10.266-0300] {processor.py:208} INFO - Processing /mnt/c/Users/Pato_/OneDrive/Documentos/ITBA/PYTHON_DATA_APP/itba/lib/python3.10/site-packages/airflow/example_dags/example_setup_teardown_taskflow.py took 0.104 seconds
[2024-10-20T19:10:14.737-0300] {processor.py:186} INFO - Started process (PID=304711) to work on /mnt/c/Users/Pato_/OneDrive/Documentos/ITBA/PYTHON_DATA_APP/itba/lib/python3.10/site-packages/airflow/example_dags/example_setup_teardown_taskflow.py
[2024-10-20T19:10:14.738-0300] {processor.py:914} INFO - Processing file /mnt/c/Users/Pato_/OneDrive/Documentos/ITBA/PYTHON_DATA_APP/itba/lib/python3.10/site-packages/airflow/example_dags/example_setup_teardown_taskflow.py for tasks to queue
[2024-10-20T19:10:14.740-0300] {logging_mixin.py:190} INFO - [2024-10-20T19:10:14.739-0300] {dagbag.py:588} INFO - Filling up the DagBag from /mnt/c/Users/Pato_/OneDrive/Documentos/ITBA/PYTHON_DATA_APP/itba/lib/python3.10/site-packages/airflow/example_dags/example_setup_teardown_taskflow.py
[2024-10-20T19:10:14.780-0300] {processor.py:925} INFO - DAG(s) 'example_setup_teardown_taskflow' retrieved from /mnt/c/Users/Pato_/OneDrive/Documentos/ITBA/PYTHON_DATA_APP/itba/lib/python3.10/site-packages/airflow/example_dags/example_setup_teardown_taskflow.py
[2024-10-20T19:10:14.795-0300] {logging_mixin.py:190} INFO - [2024-10-20T19:10:14.794-0300] {dag.py:3239} INFO - Sync 1 DAGs
[2024-10-20T19:10:14.803-0300] {logging_mixin.py:190} INFO - [2024-10-20T19:10:14.803-0300] {dag.py:4180} INFO - Setting next_dagrun for example_setup_teardown_taskflow to None, run_after=None
[2024-10-20T19:10:14.831-0300] {processor.py:208} INFO - Processing /mnt/c/Users/Pato_/OneDrive/Documentos/ITBA/PYTHON_DATA_APP/itba/lib/python3.10/site-packages/airflow/example_dags/example_setup_teardown_taskflow.py took 0.101 seconds
[2024-10-20T19:11:21.564-0300] {processor.py:186} INFO - Started process (PID=305235) to work on /mnt/c/Users/Pato_/OneDrive/Documentos/ITBA/PYTHON_DATA_APP/itba/lib/python3.10/site-packages/airflow/example_dags/example_setup_teardown_taskflow.py
[2024-10-20T19:11:21.565-0300] {processor.py:914} INFO - Processing file /mnt/c/Users/Pato_/OneDrive/Documentos/ITBA/PYTHON_DATA_APP/itba/lib/python3.10/site-packages/airflow/example_dags/example_setup_teardown_taskflow.py for tasks to queue
[2024-10-20T19:11:21.567-0300] {logging_mixin.py:190} INFO - [2024-10-20T19:11:21.566-0300] {dagbag.py:588} INFO - Filling up the DagBag from /mnt/c/Users/Pato_/OneDrive/Documentos/ITBA/PYTHON_DATA_APP/itba/lib/python3.10/site-packages/airflow/example_dags/example_setup_teardown_taskflow.py
[2024-10-20T19:11:21.608-0300] {processor.py:925} INFO - DAG(s) 'example_setup_teardown_taskflow' retrieved from /mnt/c/Users/Pato_/OneDrive/Documentos/ITBA/PYTHON_DATA_APP/itba/lib/python3.10/site-packages/airflow/example_dags/example_setup_teardown_taskflow.py
[2024-10-20T19:11:21.623-0300] {logging_mixin.py:190} INFO - [2024-10-20T19:11:21.623-0300] {dag.py:3239} INFO - Sync 1 DAGs
[2024-10-20T19:11:21.632-0300] {logging_mixin.py:190} INFO - [2024-10-20T19:11:21.631-0300] {dag.py:4180} INFO - Setting next_dagrun for example_setup_teardown_taskflow to None, run_after=None
[2024-10-20T19:11:21.661-0300] {processor.py:208} INFO - Processing /mnt/c/Users/Pato_/OneDrive/Documentos/ITBA/PYTHON_DATA_APP/itba/lib/python3.10/site-packages/airflow/example_dags/example_setup_teardown_taskflow.py took 0.104 seconds
[2024-10-20T19:12:32.199-0300] {processor.py:186} INFO - Started process (PID=305786) to work on /mnt/c/Users/Pato_/OneDrive/Documentos/ITBA/PYTHON_DATA_APP/itba/lib/python3.10/site-packages/airflow/example_dags/example_setup_teardown_taskflow.py
[2024-10-20T19:12:32.200-0300] {processor.py:914} INFO - Processing file /mnt/c/Users/Pato_/OneDrive/Documentos/ITBA/PYTHON_DATA_APP/itba/lib/python3.10/site-packages/airflow/example_dags/example_setup_teardown_taskflow.py for tasks to queue
[2024-10-20T19:12:32.202-0300] {logging_mixin.py:190} INFO - [2024-10-20T19:12:32.201-0300] {dagbag.py:588} INFO - Filling up the DagBag from /mnt/c/Users/Pato_/OneDrive/Documentos/ITBA/PYTHON_DATA_APP/itba/lib/python3.10/site-packages/airflow/example_dags/example_setup_teardown_taskflow.py
[2024-10-20T19:12:32.243-0300] {processor.py:925} INFO - DAG(s) 'example_setup_teardown_taskflow' retrieved from /mnt/c/Users/Pato_/OneDrive/Documentos/ITBA/PYTHON_DATA_APP/itba/lib/python3.10/site-packages/airflow/example_dags/example_setup_teardown_taskflow.py
[2024-10-20T19:12:32.259-0300] {logging_mixin.py:190} INFO - [2024-10-20T19:12:32.258-0300] {dag.py:3239} INFO - Sync 1 DAGs
[2024-10-20T19:12:32.268-0300] {logging_mixin.py:190} INFO - [2024-10-20T19:12:32.267-0300] {dag.py:4180} INFO - Setting next_dagrun for example_setup_teardown_taskflow to None, run_after=None
[2024-10-20T19:12:32.298-0300] {processor.py:208} INFO - Processing /mnt/c/Users/Pato_/OneDrive/Documentos/ITBA/PYTHON_DATA_APP/itba/lib/python3.10/site-packages/airflow/example_dags/example_setup_teardown_taskflow.py took 0.106 seconds
[2024-10-20T19:13:33.771-0300] {processor.py:186} INFO - Started process (PID=306268) to work on /mnt/c/Users/Pato_/OneDrive/Documentos/ITBA/PYTHON_DATA_APP/itba/lib/python3.10/site-packages/airflow/example_dags/example_setup_teardown_taskflow.py
[2024-10-20T19:13:33.772-0300] {processor.py:914} INFO - Processing file /mnt/c/Users/Pato_/OneDrive/Documentos/ITBA/PYTHON_DATA_APP/itba/lib/python3.10/site-packages/airflow/example_dags/example_setup_teardown_taskflow.py for tasks to queue
[2024-10-20T19:13:33.774-0300] {logging_mixin.py:190} INFO - [2024-10-20T19:13:33.774-0300] {dagbag.py:588} INFO - Filling up the DagBag from /mnt/c/Users/Pato_/OneDrive/Documentos/ITBA/PYTHON_DATA_APP/itba/lib/python3.10/site-packages/airflow/example_dags/example_setup_teardown_taskflow.py
[2024-10-20T19:13:33.813-0300] {processor.py:925} INFO - DAG(s) 'example_setup_teardown_taskflow' retrieved from /mnt/c/Users/Pato_/OneDrive/Documentos/ITBA/PYTHON_DATA_APP/itba/lib/python3.10/site-packages/airflow/example_dags/example_setup_teardown_taskflow.py
[2024-10-20T19:13:33.829-0300] {logging_mixin.py:190} INFO - [2024-10-20T19:13:33.828-0300] {dag.py:3239} INFO - Sync 1 DAGs
[2024-10-20T19:13:33.837-0300] {logging_mixin.py:190} INFO - [2024-10-20T19:13:33.837-0300] {dag.py:4180} INFO - Setting next_dagrun for example_setup_teardown_taskflow to None, run_after=None
[2024-10-20T19:13:33.865-0300] {processor.py:208} INFO - Processing /mnt/c/Users/Pato_/OneDrive/Documentos/ITBA/PYTHON_DATA_APP/itba/lib/python3.10/site-packages/airflow/example_dags/example_setup_teardown_taskflow.py took 0.100 seconds
[2024-10-20T19:14:43.927-0300] {processor.py:186} INFO - Started process (PID=306817) to work on /mnt/c/Users/Pato_/OneDrive/Documentos/ITBA/PYTHON_DATA_APP/itba/lib/python3.10/site-packages/airflow/example_dags/example_setup_teardown_taskflow.py
[2024-10-20T19:14:43.928-0300] {processor.py:914} INFO - Processing file /mnt/c/Users/Pato_/OneDrive/Documentos/ITBA/PYTHON_DATA_APP/itba/lib/python3.10/site-packages/airflow/example_dags/example_setup_teardown_taskflow.py for tasks to queue
[2024-10-20T19:14:43.930-0300] {logging_mixin.py:190} INFO - [2024-10-20T19:14:43.930-0300] {dagbag.py:588} INFO - Filling up the DagBag from /mnt/c/Users/Pato_/OneDrive/Documentos/ITBA/PYTHON_DATA_APP/itba/lib/python3.10/site-packages/airflow/example_dags/example_setup_teardown_taskflow.py
[2024-10-20T19:14:43.970-0300] {processor.py:925} INFO - DAG(s) 'example_setup_teardown_taskflow' retrieved from /mnt/c/Users/Pato_/OneDrive/Documentos/ITBA/PYTHON_DATA_APP/itba/lib/python3.10/site-packages/airflow/example_dags/example_setup_teardown_taskflow.py
[2024-10-20T19:14:43.986-0300] {logging_mixin.py:190} INFO - [2024-10-20T19:14:43.985-0300] {dag.py:3239} INFO - Sync 1 DAGs
[2024-10-20T19:14:43.994-0300] {logging_mixin.py:190} INFO - [2024-10-20T19:14:43.994-0300] {dag.py:4180} INFO - Setting next_dagrun for example_setup_teardown_taskflow to None, run_after=None
[2024-10-20T19:14:44.022-0300] {processor.py:208} INFO - Processing /mnt/c/Users/Pato_/OneDrive/Documentos/ITBA/PYTHON_DATA_APP/itba/lib/python3.10/site-packages/airflow/example_dags/example_setup_teardown_taskflow.py took 0.101 seconds
[2024-10-20T19:15:51.284-0300] {processor.py:186} INFO - Started process (PID=307369) to work on /mnt/c/Users/Pato_/OneDrive/Documentos/ITBA/PYTHON_DATA_APP/itba/lib/python3.10/site-packages/airflow/example_dags/example_setup_teardown_taskflow.py
[2024-10-20T19:15:51.285-0300] {processor.py:914} INFO - Processing file /mnt/c/Users/Pato_/OneDrive/Documentos/ITBA/PYTHON_DATA_APP/itba/lib/python3.10/site-packages/airflow/example_dags/example_setup_teardown_taskflow.py for tasks to queue
[2024-10-20T19:15:51.287-0300] {logging_mixin.py:190} INFO - [2024-10-20T19:15:51.286-0300] {dagbag.py:588} INFO - Filling up the DagBag from /mnt/c/Users/Pato_/OneDrive/Documentos/ITBA/PYTHON_DATA_APP/itba/lib/python3.10/site-packages/airflow/example_dags/example_setup_teardown_taskflow.py
[2024-10-20T19:15:51.328-0300] {processor.py:925} INFO - DAG(s) 'example_setup_teardown_taskflow' retrieved from /mnt/c/Users/Pato_/OneDrive/Documentos/ITBA/PYTHON_DATA_APP/itba/lib/python3.10/site-packages/airflow/example_dags/example_setup_teardown_taskflow.py
[2024-10-20T19:15:51.344-0300] {logging_mixin.py:190} INFO - [2024-10-20T19:15:51.343-0300] {dag.py:3239} INFO - Sync 1 DAGs
[2024-10-20T19:15:51.352-0300] {logging_mixin.py:190} INFO - [2024-10-20T19:15:51.352-0300] {dag.py:4180} INFO - Setting next_dagrun for example_setup_teardown_taskflow to None, run_after=None
[2024-10-20T19:15:51.381-0300] {processor.py:208} INFO - Processing /mnt/c/Users/Pato_/OneDrive/Documentos/ITBA/PYTHON_DATA_APP/itba/lib/python3.10/site-packages/airflow/example_dags/example_setup_teardown_taskflow.py took 0.104 seconds
[2024-10-20T19:17:01.079-0300] {processor.py:186} INFO - Started process (PID=307911) to work on /mnt/c/Users/Pato_/OneDrive/Documentos/ITBA/PYTHON_DATA_APP/itba/lib/python3.10/site-packages/airflow/example_dags/example_setup_teardown_taskflow.py
[2024-10-20T19:17:01.080-0300] {processor.py:914} INFO - Processing file /mnt/c/Users/Pato_/OneDrive/Documentos/ITBA/PYTHON_DATA_APP/itba/lib/python3.10/site-packages/airflow/example_dags/example_setup_teardown_taskflow.py for tasks to queue
[2024-10-20T19:17:01.082-0300] {logging_mixin.py:190} INFO - [2024-10-20T19:17:01.082-0300] {dagbag.py:588} INFO - Filling up the DagBag from /mnt/c/Users/Pato_/OneDrive/Documentos/ITBA/PYTHON_DATA_APP/itba/lib/python3.10/site-packages/airflow/example_dags/example_setup_teardown_taskflow.py
[2024-10-20T19:17:01.124-0300] {processor.py:925} INFO - DAG(s) 'example_setup_teardown_taskflow' retrieved from /mnt/c/Users/Pato_/OneDrive/Documentos/ITBA/PYTHON_DATA_APP/itba/lib/python3.10/site-packages/airflow/example_dags/example_setup_teardown_taskflow.py
[2024-10-20T19:17:01.140-0300] {logging_mixin.py:190} INFO - [2024-10-20T19:17:01.139-0300] {dag.py:3239} INFO - Sync 1 DAGs
[2024-10-20T19:17:01.148-0300] {logging_mixin.py:190} INFO - [2024-10-20T19:17:01.148-0300] {dag.py:4180} INFO - Setting next_dagrun for example_setup_teardown_taskflow to None, run_after=None
[2024-10-20T19:17:01.176-0300] {processor.py:208} INFO - Processing /mnt/c/Users/Pato_/OneDrive/Documentos/ITBA/PYTHON_DATA_APP/itba/lib/python3.10/site-packages/airflow/example_dags/example_setup_teardown_taskflow.py took 0.104 seconds
[2024-10-20T19:18:17.369-0300] {processor.py:186} INFO - Started process (PID=308508) to work on /mnt/c/Users/Pato_/OneDrive/Documentos/ITBA/PYTHON_DATA_APP/itba/lib/python3.10/site-packages/airflow/example_dags/example_setup_teardown_taskflow.py
[2024-10-20T19:18:17.370-0300] {processor.py:914} INFO - Processing file /mnt/c/Users/Pato_/OneDrive/Documentos/ITBA/PYTHON_DATA_APP/itba/lib/python3.10/site-packages/airflow/example_dags/example_setup_teardown_taskflow.py for tasks to queue
[2024-10-20T19:18:17.372-0300] {logging_mixin.py:190} INFO - [2024-10-20T19:18:17.371-0300] {dagbag.py:588} INFO - Filling up the DagBag from /mnt/c/Users/Pato_/OneDrive/Documentos/ITBA/PYTHON_DATA_APP/itba/lib/python3.10/site-packages/airflow/example_dags/example_setup_teardown_taskflow.py
[2024-10-20T19:18:17.412-0300] {processor.py:925} INFO - DAG(s) 'example_setup_teardown_taskflow' retrieved from /mnt/c/Users/Pato_/OneDrive/Documentos/ITBA/PYTHON_DATA_APP/itba/lib/python3.10/site-packages/airflow/example_dags/example_setup_teardown_taskflow.py
[2024-10-20T19:18:17.428-0300] {logging_mixin.py:190} INFO - [2024-10-20T19:18:17.428-0300] {dag.py:3239} INFO - Sync 1 DAGs
[2024-10-20T19:18:17.437-0300] {logging_mixin.py:190} INFO - [2024-10-20T19:18:17.436-0300] {dag.py:4180} INFO - Setting next_dagrun for example_setup_teardown_taskflow to None, run_after=None
[2024-10-20T19:18:17.464-0300] {processor.py:208} INFO - Processing /mnt/c/Users/Pato_/OneDrive/Documentos/ITBA/PYTHON_DATA_APP/itba/lib/python3.10/site-packages/airflow/example_dags/example_setup_teardown_taskflow.py took 0.102 seconds
[2024-10-20T19:19:30.954-0300] {processor.py:186} INFO - Started process (PID=309079) to work on /mnt/c/Users/Pato_/OneDrive/Documentos/ITBA/PYTHON_DATA_APP/itba/lib/python3.10/site-packages/airflow/example_dags/example_setup_teardown_taskflow.py
[2024-10-20T19:19:30.955-0300] {processor.py:914} INFO - Processing file /mnt/c/Users/Pato_/OneDrive/Documentos/ITBA/PYTHON_DATA_APP/itba/lib/python3.10/site-packages/airflow/example_dags/example_setup_teardown_taskflow.py for tasks to queue
[2024-10-20T19:19:30.957-0300] {logging_mixin.py:190} INFO - [2024-10-20T19:19:30.956-0300] {dagbag.py:588} INFO - Filling up the DagBag from /mnt/c/Users/Pato_/OneDrive/Documentos/ITBA/PYTHON_DATA_APP/itba/lib/python3.10/site-packages/airflow/example_dags/example_setup_teardown_taskflow.py
[2024-10-20T19:19:30.997-0300] {processor.py:925} INFO - DAG(s) 'example_setup_teardown_taskflow' retrieved from /mnt/c/Users/Pato_/OneDrive/Documentos/ITBA/PYTHON_DATA_APP/itba/lib/python3.10/site-packages/airflow/example_dags/example_setup_teardown_taskflow.py
[2024-10-20T19:19:31.012-0300] {logging_mixin.py:190} INFO - [2024-10-20T19:19:31.012-0300] {dag.py:3239} INFO - Sync 1 DAGs
[2024-10-20T19:19:31.021-0300] {logging_mixin.py:190} INFO - [2024-10-20T19:19:31.020-0300] {dag.py:4180} INFO - Setting next_dagrun for example_setup_teardown_taskflow to None, run_after=None
[2024-10-20T19:19:31.050-0300] {processor.py:208} INFO - Processing /mnt/c/Users/Pato_/OneDrive/Documentos/ITBA/PYTHON_DATA_APP/itba/lib/python3.10/site-packages/airflow/example_dags/example_setup_teardown_taskflow.py took 0.103 seconds
[2024-10-20T19:20:36.364-0300] {processor.py:186} INFO - Started process (PID=309624) to work on /mnt/c/Users/Pato_/OneDrive/Documentos/ITBA/PYTHON_DATA_APP/itba/lib/python3.10/site-packages/airflow/example_dags/example_setup_teardown_taskflow.py
[2024-10-20T19:20:36.365-0300] {processor.py:914} INFO - Processing file /mnt/c/Users/Pato_/OneDrive/Documentos/ITBA/PYTHON_DATA_APP/itba/lib/python3.10/site-packages/airflow/example_dags/example_setup_teardown_taskflow.py for tasks to queue
[2024-10-20T19:20:36.367-0300] {logging_mixin.py:190} INFO - [2024-10-20T19:20:36.366-0300] {dagbag.py:588} INFO - Filling up the DagBag from /mnt/c/Users/Pato_/OneDrive/Documentos/ITBA/PYTHON_DATA_APP/itba/lib/python3.10/site-packages/airflow/example_dags/example_setup_teardown_taskflow.py
[2024-10-20T19:20:36.407-0300] {processor.py:925} INFO - DAG(s) 'example_setup_teardown_taskflow' retrieved from /mnt/c/Users/Pato_/OneDrive/Documentos/ITBA/PYTHON_DATA_APP/itba/lib/python3.10/site-packages/airflow/example_dags/example_setup_teardown_taskflow.py
[2024-10-20T19:20:36.422-0300] {logging_mixin.py:190} INFO - [2024-10-20T19:20:36.421-0300] {dag.py:3239} INFO - Sync 1 DAGs
[2024-10-20T19:20:36.430-0300] {logging_mixin.py:190} INFO - [2024-10-20T19:20:36.430-0300] {dag.py:4180} INFO - Setting next_dagrun for example_setup_teardown_taskflow to None, run_after=None
[2024-10-20T19:20:36.459-0300] {processor.py:208} INFO - Processing /mnt/c/Users/Pato_/OneDrive/Documentos/ITBA/PYTHON_DATA_APP/itba/lib/python3.10/site-packages/airflow/example_dags/example_setup_teardown_taskflow.py took 0.101 seconds
[2024-10-20T19:21:44.484-0300] {processor.py:186} INFO - Started process (PID=310218) to work on /mnt/c/Users/Pato_/OneDrive/Documentos/ITBA/PYTHON_DATA_APP/itba/lib/python3.10/site-packages/airflow/example_dags/example_setup_teardown_taskflow.py
[2024-10-20T19:21:44.485-0300] {processor.py:914} INFO - Processing file /mnt/c/Users/Pato_/OneDrive/Documentos/ITBA/PYTHON_DATA_APP/itba/lib/python3.10/site-packages/airflow/example_dags/example_setup_teardown_taskflow.py for tasks to queue
[2024-10-20T19:21:44.487-0300] {logging_mixin.py:190} INFO - [2024-10-20T19:21:44.486-0300] {dagbag.py:588} INFO - Filling up the DagBag from /mnt/c/Users/Pato_/OneDrive/Documentos/ITBA/PYTHON_DATA_APP/itba/lib/python3.10/site-packages/airflow/example_dags/example_setup_teardown_taskflow.py
[2024-10-20T19:21:44.526-0300] {processor.py:925} INFO - DAG(s) 'example_setup_teardown_taskflow' retrieved from /mnt/c/Users/Pato_/OneDrive/Documentos/ITBA/PYTHON_DATA_APP/itba/lib/python3.10/site-packages/airflow/example_dags/example_setup_teardown_taskflow.py
[2024-10-20T19:21:44.542-0300] {logging_mixin.py:190} INFO - [2024-10-20T19:21:44.541-0300] {dag.py:3239} INFO - Sync 1 DAGs
[2024-10-20T19:21:44.550-0300] {logging_mixin.py:190} INFO - [2024-10-20T19:21:44.549-0300] {dag.py:4180} INFO - Setting next_dagrun for example_setup_teardown_taskflow to None, run_after=None
[2024-10-20T19:21:44.578-0300] {processor.py:208} INFO - Processing /mnt/c/Users/Pato_/OneDrive/Documentos/ITBA/PYTHON_DATA_APP/itba/lib/python3.10/site-packages/airflow/example_dags/example_setup_teardown_taskflow.py took 0.101 seconds
[2024-10-20T19:22:51.790-0300] {processor.py:186} INFO - Started process (PID=310834) to work on /mnt/c/Users/Pato_/OneDrive/Documentos/ITBA/PYTHON_DATA_APP/itba/lib/python3.10/site-packages/airflow/example_dags/example_setup_teardown_taskflow.py
[2024-10-20T19:22:51.792-0300] {processor.py:914} INFO - Processing file /mnt/c/Users/Pato_/OneDrive/Documentos/ITBA/PYTHON_DATA_APP/itba/lib/python3.10/site-packages/airflow/example_dags/example_setup_teardown_taskflow.py for tasks to queue
[2024-10-20T19:22:51.793-0300] {logging_mixin.py:190} INFO - [2024-10-20T19:22:51.793-0300] {dagbag.py:588} INFO - Filling up the DagBag from /mnt/c/Users/Pato_/OneDrive/Documentos/ITBA/PYTHON_DATA_APP/itba/lib/python3.10/site-packages/airflow/example_dags/example_setup_teardown_taskflow.py
[2024-10-20T19:22:51.835-0300] {processor.py:925} INFO - DAG(s) 'example_setup_teardown_taskflow' retrieved from /mnt/c/Users/Pato_/OneDrive/Documentos/ITBA/PYTHON_DATA_APP/itba/lib/python3.10/site-packages/airflow/example_dags/example_setup_teardown_taskflow.py
[2024-10-20T19:22:51.851-0300] {logging_mixin.py:190} INFO - [2024-10-20T19:22:51.850-0300] {dag.py:3239} INFO - Sync 1 DAGs
[2024-10-20T19:22:51.860-0300] {logging_mixin.py:190} INFO - [2024-10-20T19:22:51.859-0300] {dag.py:4180} INFO - Setting next_dagrun for example_setup_teardown_taskflow to None, run_after=None
[2024-10-20T19:22:51.889-0300] {processor.py:208} INFO - Processing /mnt/c/Users/Pato_/OneDrive/Documentos/ITBA/PYTHON_DATA_APP/itba/lib/python3.10/site-packages/airflow/example_dags/example_setup_teardown_taskflow.py took 0.105 seconds
[2024-10-20T19:24:43.980-0300] {processor.py:186} INFO - Started process (PID=312332) to work on /mnt/c/Users/Pato_/OneDrive/Documentos/ITBA/PYTHON_DATA_APP/itba/lib/python3.10/site-packages/airflow/example_dags/example_setup_teardown_taskflow.py
[2024-10-20T19:24:43.981-0300] {processor.py:914} INFO - Processing file /mnt/c/Users/Pato_/OneDrive/Documentos/ITBA/PYTHON_DATA_APP/itba/lib/python3.10/site-packages/airflow/example_dags/example_setup_teardown_taskflow.py for tasks to queue
[2024-10-20T19:24:43.984-0300] {logging_mixin.py:190} INFO - [2024-10-20T19:24:43.983-0300] {dagbag.py:588} INFO - Filling up the DagBag from /mnt/c/Users/Pato_/OneDrive/Documentos/ITBA/PYTHON_DATA_APP/itba/lib/python3.10/site-packages/airflow/example_dags/example_setup_teardown_taskflow.py
[2024-10-20T19:24:44.030-0300] {processor.py:925} INFO - DAG(s) 'example_setup_teardown_taskflow' retrieved from /mnt/c/Users/Pato_/OneDrive/Documentos/ITBA/PYTHON_DATA_APP/itba/lib/python3.10/site-packages/airflow/example_dags/example_setup_teardown_taskflow.py
[2024-10-20T19:24:44.047-0300] {logging_mixin.py:190} INFO - [2024-10-20T19:24:44.047-0300] {dag.py:3239} INFO - Sync 1 DAGs
[2024-10-20T19:24:44.057-0300] {logging_mixin.py:190} INFO - [2024-10-20T19:24:44.056-0300] {dag.py:4180} INFO - Setting next_dagrun for example_setup_teardown_taskflow to None, run_after=None
[2024-10-20T19:24:44.090-0300] {processor.py:208} INFO - Processing /mnt/c/Users/Pato_/OneDrive/Documentos/ITBA/PYTHON_DATA_APP/itba/lib/python3.10/site-packages/airflow/example_dags/example_setup_teardown_taskflow.py took 0.118 seconds
[2024-10-20T19:26:23.588-0300] {processor.py:186} INFO - Started process (PID=313597) to work on /mnt/c/Users/Pato_/OneDrive/Documentos/ITBA/PYTHON_DATA_APP/itba/lib/python3.10/site-packages/airflow/example_dags/example_setup_teardown_taskflow.py
[2024-10-20T19:26:23.589-0300] {processor.py:914} INFO - Processing file /mnt/c/Users/Pato_/OneDrive/Documentos/ITBA/PYTHON_DATA_APP/itba/lib/python3.10/site-packages/airflow/example_dags/example_setup_teardown_taskflow.py for tasks to queue
[2024-10-20T19:26:23.591-0300] {logging_mixin.py:190} INFO - [2024-10-20T19:26:23.590-0300] {dagbag.py:588} INFO - Filling up the DagBag from /mnt/c/Users/Pato_/OneDrive/Documentos/ITBA/PYTHON_DATA_APP/itba/lib/python3.10/site-packages/airflow/example_dags/example_setup_teardown_taskflow.py
[2024-10-20T19:26:23.632-0300] {processor.py:925} INFO - DAG(s) 'example_setup_teardown_taskflow' retrieved from /mnt/c/Users/Pato_/OneDrive/Documentos/ITBA/PYTHON_DATA_APP/itba/lib/python3.10/site-packages/airflow/example_dags/example_setup_teardown_taskflow.py
[2024-10-20T19:26:23.649-0300] {logging_mixin.py:190} INFO - [2024-10-20T19:26:23.648-0300] {dag.py:3239} INFO - Sync 1 DAGs
[2024-10-20T19:26:23.658-0300] {logging_mixin.py:190} INFO - [2024-10-20T19:26:23.657-0300] {dag.py:4180} INFO - Setting next_dagrun for example_setup_teardown_taskflow to None, run_after=None
[2024-10-20T19:26:23.686-0300] {processor.py:208} INFO - Processing /mnt/c/Users/Pato_/OneDrive/Documentos/ITBA/PYTHON_DATA_APP/itba/lib/python3.10/site-packages/airflow/example_dags/example_setup_teardown_taskflow.py took 0.105 seconds
[2024-10-20T19:27:27.441-0300] {processor.py:186} INFO - Started process (PID=314427) to work on /mnt/c/Users/Pato_/OneDrive/Documentos/ITBA/PYTHON_DATA_APP/itba/lib/python3.10/site-packages/airflow/example_dags/example_setup_teardown_taskflow.py
[2024-10-20T19:27:27.442-0300] {processor.py:914} INFO - Processing file /mnt/c/Users/Pato_/OneDrive/Documentos/ITBA/PYTHON_DATA_APP/itba/lib/python3.10/site-packages/airflow/example_dags/example_setup_teardown_taskflow.py for tasks to queue
[2024-10-20T19:27:27.444-0300] {logging_mixin.py:190} INFO - [2024-10-20T19:27:27.444-0300] {dagbag.py:588} INFO - Filling up the DagBag from /mnt/c/Users/Pato_/OneDrive/Documentos/ITBA/PYTHON_DATA_APP/itba/lib/python3.10/site-packages/airflow/example_dags/example_setup_teardown_taskflow.py
[2024-10-20T19:27:27.487-0300] {processor.py:925} INFO - DAG(s) 'example_setup_teardown_taskflow' retrieved from /mnt/c/Users/Pato_/OneDrive/Documentos/ITBA/PYTHON_DATA_APP/itba/lib/python3.10/site-packages/airflow/example_dags/example_setup_teardown_taskflow.py
[2024-10-20T19:27:27.503-0300] {logging_mixin.py:190} INFO - [2024-10-20T19:27:27.502-0300] {dag.py:3239} INFO - Sync 1 DAGs
[2024-10-20T19:27:27.511-0300] {logging_mixin.py:190} INFO - [2024-10-20T19:27:27.511-0300] {dag.py:4180} INFO - Setting next_dagrun for example_setup_teardown_taskflow to None, run_after=None
[2024-10-20T19:27:27.541-0300] {processor.py:208} INFO - Processing /mnt/c/Users/Pato_/OneDrive/Documentos/ITBA/PYTHON_DATA_APP/itba/lib/python3.10/site-packages/airflow/example_dags/example_setup_teardown_taskflow.py took 0.107 seconds
[2024-10-20T19:28:35.114-0300] {processor.py:186} INFO - Started process (PID=315162) to work on /mnt/c/Users/Pato_/OneDrive/Documentos/ITBA/PYTHON_DATA_APP/itba/lib/python3.10/site-packages/airflow/example_dags/example_setup_teardown_taskflow.py
[2024-10-20T19:28:35.115-0300] {processor.py:914} INFO - Processing file /mnt/c/Users/Pato_/OneDrive/Documentos/ITBA/PYTHON_DATA_APP/itba/lib/python3.10/site-packages/airflow/example_dags/example_setup_teardown_taskflow.py for tasks to queue
[2024-10-20T19:28:35.117-0300] {logging_mixin.py:190} INFO - [2024-10-20T19:28:35.117-0300] {dagbag.py:588} INFO - Filling up the DagBag from /mnt/c/Users/Pato_/OneDrive/Documentos/ITBA/PYTHON_DATA_APP/itba/lib/python3.10/site-packages/airflow/example_dags/example_setup_teardown_taskflow.py
[2024-10-20T19:28:35.159-0300] {processor.py:925} INFO - DAG(s) 'example_setup_teardown_taskflow' retrieved from /mnt/c/Users/Pato_/OneDrive/Documentos/ITBA/PYTHON_DATA_APP/itba/lib/python3.10/site-packages/airflow/example_dags/example_setup_teardown_taskflow.py
[2024-10-20T19:28:35.174-0300] {logging_mixin.py:190} INFO - [2024-10-20T19:28:35.174-0300] {dag.py:3239} INFO - Sync 1 DAGs
[2024-10-20T19:28:35.183-0300] {logging_mixin.py:190} INFO - [2024-10-20T19:28:35.182-0300] {dag.py:4180} INFO - Setting next_dagrun for example_setup_teardown_taskflow to None, run_after=None
[2024-10-20T19:28:35.213-0300] {processor.py:208} INFO - Processing /mnt/c/Users/Pato_/OneDrive/Documentos/ITBA/PYTHON_DATA_APP/itba/lib/python3.10/site-packages/airflow/example_dags/example_setup_teardown_taskflow.py took 0.106 seconds
[2024-10-20T19:29:42.877-0300] {processor.py:186} INFO - Started process (PID=315954) to work on /mnt/c/Users/Pato_/OneDrive/Documentos/ITBA/PYTHON_DATA_APP/itba/lib/python3.10/site-packages/airflow/example_dags/example_setup_teardown_taskflow.py
[2024-10-20T19:29:42.878-0300] {processor.py:914} INFO - Processing file /mnt/c/Users/Pato_/OneDrive/Documentos/ITBA/PYTHON_DATA_APP/itba/lib/python3.10/site-packages/airflow/example_dags/example_setup_teardown_taskflow.py for tasks to queue
[2024-10-20T19:29:42.880-0300] {logging_mixin.py:190} INFO - [2024-10-20T19:29:42.880-0300] {dagbag.py:588} INFO - Filling up the DagBag from /mnt/c/Users/Pato_/OneDrive/Documentos/ITBA/PYTHON_DATA_APP/itba/lib/python3.10/site-packages/airflow/example_dags/example_setup_teardown_taskflow.py
[2024-10-20T19:29:42.924-0300] {processor.py:925} INFO - DAG(s) 'example_setup_teardown_taskflow' retrieved from /mnt/c/Users/Pato_/OneDrive/Documentos/ITBA/PYTHON_DATA_APP/itba/lib/python3.10/site-packages/airflow/example_dags/example_setup_teardown_taskflow.py
[2024-10-20T19:29:42.943-0300] {logging_mixin.py:190} INFO - [2024-10-20T19:29:42.942-0300] {dag.py:3239} INFO - Sync 1 DAGs
[2024-10-20T19:29:42.954-0300] {logging_mixin.py:190} INFO - [2024-10-20T19:29:42.953-0300] {dag.py:4180} INFO - Setting next_dagrun for example_setup_teardown_taskflow to None, run_after=None
[2024-10-20T19:29:42.989-0300] {processor.py:208} INFO - Processing /mnt/c/Users/Pato_/OneDrive/Documentos/ITBA/PYTHON_DATA_APP/itba/lib/python3.10/site-packages/airflow/example_dags/example_setup_teardown_taskflow.py took 0.119 seconds
[2024-10-20T19:30:54.099-0300] {processor.py:186} INFO - Started process (PID=316536) to work on /mnt/c/Users/Pato_/OneDrive/Documentos/ITBA/PYTHON_DATA_APP/itba/lib/python3.10/site-packages/airflow/example_dags/example_setup_teardown_taskflow.py
[2024-10-20T19:30:54.100-0300] {processor.py:914} INFO - Processing file /mnt/c/Users/Pato_/OneDrive/Documentos/ITBA/PYTHON_DATA_APP/itba/lib/python3.10/site-packages/airflow/example_dags/example_setup_teardown_taskflow.py for tasks to queue
[2024-10-20T19:30:54.102-0300] {logging_mixin.py:190} INFO - [2024-10-20T19:30:54.101-0300] {dagbag.py:588} INFO - Filling up the DagBag from /mnt/c/Users/Pato_/OneDrive/Documentos/ITBA/PYTHON_DATA_APP/itba/lib/python3.10/site-packages/airflow/example_dags/example_setup_teardown_taskflow.py
[2024-10-20T19:30:54.144-0300] {processor.py:925} INFO - DAG(s) 'example_setup_teardown_taskflow' retrieved from /mnt/c/Users/Pato_/OneDrive/Documentos/ITBA/PYTHON_DATA_APP/itba/lib/python3.10/site-packages/airflow/example_dags/example_setup_teardown_taskflow.py
[2024-10-20T19:30:54.162-0300] {logging_mixin.py:190} INFO - [2024-10-20T19:30:54.161-0300] {dag.py:3239} INFO - Sync 1 DAGs
[2024-10-20T19:30:54.171-0300] {logging_mixin.py:190} INFO - [2024-10-20T19:30:54.170-0300] {dag.py:4180} INFO - Setting next_dagrun for example_setup_teardown_taskflow to None, run_after=None
[2024-10-20T19:30:54.199-0300] {processor.py:208} INFO - Processing /mnt/c/Users/Pato_/OneDrive/Documentos/ITBA/PYTHON_DATA_APP/itba/lib/python3.10/site-packages/airflow/example_dags/example_setup_teardown_taskflow.py took 0.107 seconds
[2024-10-20T19:32:00.218-0300] {processor.py:186} INFO - Started process (PID=317055) to work on /mnt/c/Users/Pato_/OneDrive/Documentos/ITBA/PYTHON_DATA_APP/itba/lib/python3.10/site-packages/airflow/example_dags/example_setup_teardown_taskflow.py
[2024-10-20T19:32:00.219-0300] {processor.py:914} INFO - Processing file /mnt/c/Users/Pato_/OneDrive/Documentos/ITBA/PYTHON_DATA_APP/itba/lib/python3.10/site-packages/airflow/example_dags/example_setup_teardown_taskflow.py for tasks to queue
[2024-10-20T19:32:00.221-0300] {logging_mixin.py:190} INFO - [2024-10-20T19:32:00.221-0300] {dagbag.py:588} INFO - Filling up the DagBag from /mnt/c/Users/Pato_/OneDrive/Documentos/ITBA/PYTHON_DATA_APP/itba/lib/python3.10/site-packages/airflow/example_dags/example_setup_teardown_taskflow.py
[2024-10-20T19:32:00.263-0300] {processor.py:925} INFO - DAG(s) 'example_setup_teardown_taskflow' retrieved from /mnt/c/Users/Pato_/OneDrive/Documentos/ITBA/PYTHON_DATA_APP/itba/lib/python3.10/site-packages/airflow/example_dags/example_setup_teardown_taskflow.py
[2024-10-20T19:32:00.280-0300] {logging_mixin.py:190} INFO - [2024-10-20T19:32:00.280-0300] {dag.py:3239} INFO - Sync 1 DAGs
[2024-10-20T19:32:00.290-0300] {logging_mixin.py:190} INFO - [2024-10-20T19:32:00.289-0300] {dag.py:4180} INFO - Setting next_dagrun for example_setup_teardown_taskflow to None, run_after=None
[2024-10-20T19:32:00.318-0300] {processor.py:208} INFO - Processing /mnt/c/Users/Pato_/OneDrive/Documentos/ITBA/PYTHON_DATA_APP/itba/lib/python3.10/site-packages/airflow/example_dags/example_setup_teardown_taskflow.py took 0.108 seconds
[2024-10-20T19:33:07.813-0300] {processor.py:186} INFO - Started process (PID=317613) to work on /mnt/c/Users/Pato_/OneDrive/Documentos/ITBA/PYTHON_DATA_APP/itba/lib/python3.10/site-packages/airflow/example_dags/example_setup_teardown_taskflow.py
[2024-10-20T19:33:07.814-0300] {processor.py:914} INFO - Processing file /mnt/c/Users/Pato_/OneDrive/Documentos/ITBA/PYTHON_DATA_APP/itba/lib/python3.10/site-packages/airflow/example_dags/example_setup_teardown_taskflow.py for tasks to queue
[2024-10-20T19:33:07.815-0300] {logging_mixin.py:190} INFO - [2024-10-20T19:33:07.815-0300] {dagbag.py:588} INFO - Filling up the DagBag from /mnt/c/Users/Pato_/OneDrive/Documentos/ITBA/PYTHON_DATA_APP/itba/lib/python3.10/site-packages/airflow/example_dags/example_setup_teardown_taskflow.py
[2024-10-20T19:33:07.856-0300] {processor.py:925} INFO - DAG(s) 'example_setup_teardown_taskflow' retrieved from /mnt/c/Users/Pato_/OneDrive/Documentos/ITBA/PYTHON_DATA_APP/itba/lib/python3.10/site-packages/airflow/example_dags/example_setup_teardown_taskflow.py
[2024-10-20T19:33:07.873-0300] {logging_mixin.py:190} INFO - [2024-10-20T19:33:07.873-0300] {dag.py:3239} INFO - Sync 1 DAGs
[2024-10-20T19:33:07.883-0300] {logging_mixin.py:190} INFO - [2024-10-20T19:33:07.882-0300] {dag.py:4180} INFO - Setting next_dagrun for example_setup_teardown_taskflow to None, run_after=None
[2024-10-20T19:33:07.912-0300] {processor.py:208} INFO - Processing /mnt/c/Users/Pato_/OneDrive/Documentos/ITBA/PYTHON_DATA_APP/itba/lib/python3.10/site-packages/airflow/example_dags/example_setup_teardown_taskflow.py took 0.106 seconds
[2024-10-20T19:34:14.274-0300] {processor.py:186} INFO - Started process (PID=318273) to work on /mnt/c/Users/Pato_/OneDrive/Documentos/ITBA/PYTHON_DATA_APP/itba/lib/python3.10/site-packages/airflow/example_dags/example_setup_teardown_taskflow.py
[2024-10-20T19:34:14.275-0300] {processor.py:914} INFO - Processing file /mnt/c/Users/Pato_/OneDrive/Documentos/ITBA/PYTHON_DATA_APP/itba/lib/python3.10/site-packages/airflow/example_dags/example_setup_teardown_taskflow.py for tasks to queue
[2024-10-20T19:34:14.277-0300] {logging_mixin.py:190} INFO - [2024-10-20T19:34:14.276-0300] {dagbag.py:588} INFO - Filling up the DagBag from /mnt/c/Users/Pato_/OneDrive/Documentos/ITBA/PYTHON_DATA_APP/itba/lib/python3.10/site-packages/airflow/example_dags/example_setup_teardown_taskflow.py
[2024-10-20T19:34:14.317-0300] {processor.py:925} INFO - DAG(s) 'example_setup_teardown_taskflow' retrieved from /mnt/c/Users/Pato_/OneDrive/Documentos/ITBA/PYTHON_DATA_APP/itba/lib/python3.10/site-packages/airflow/example_dags/example_setup_teardown_taskflow.py
[2024-10-20T19:34:14.332-0300] {logging_mixin.py:190} INFO - [2024-10-20T19:34:14.332-0300] {dag.py:3239} INFO - Sync 1 DAGs
[2024-10-20T19:34:14.341-0300] {logging_mixin.py:190} INFO - [2024-10-20T19:34:14.341-0300] {dag.py:4180} INFO - Setting next_dagrun for example_setup_teardown_taskflow to None, run_after=None
[2024-10-20T19:34:14.369-0300] {processor.py:208} INFO - Processing /mnt/c/Users/Pato_/OneDrive/Documentos/ITBA/PYTHON_DATA_APP/itba/lib/python3.10/site-packages/airflow/example_dags/example_setup_teardown_taskflow.py took 0.102 seconds
[2024-10-20T19:35:23.213-0300] {processor.py:186} INFO - Started process (PID=319068) to work on /mnt/c/Users/Pato_/OneDrive/Documentos/ITBA/PYTHON_DATA_APP/itba/lib/python3.10/site-packages/airflow/example_dags/example_setup_teardown_taskflow.py
[2024-10-20T19:35:23.214-0300] {processor.py:914} INFO - Processing file /mnt/c/Users/Pato_/OneDrive/Documentos/ITBA/PYTHON_DATA_APP/itba/lib/python3.10/site-packages/airflow/example_dags/example_setup_teardown_taskflow.py for tasks to queue
[2024-10-20T19:35:23.216-0300] {logging_mixin.py:190} INFO - [2024-10-20T19:35:23.215-0300] {dagbag.py:588} INFO - Filling up the DagBag from /mnt/c/Users/Pato_/OneDrive/Documentos/ITBA/PYTHON_DATA_APP/itba/lib/python3.10/site-packages/airflow/example_dags/example_setup_teardown_taskflow.py
[2024-10-20T19:35:23.258-0300] {processor.py:925} INFO - DAG(s) 'example_setup_teardown_taskflow' retrieved from /mnt/c/Users/Pato_/OneDrive/Documentos/ITBA/PYTHON_DATA_APP/itba/lib/python3.10/site-packages/airflow/example_dags/example_setup_teardown_taskflow.py
[2024-10-20T19:35:23.276-0300] {logging_mixin.py:190} INFO - [2024-10-20T19:35:23.275-0300] {dag.py:3239} INFO - Sync 1 DAGs
[2024-10-20T19:35:23.285-0300] {logging_mixin.py:190} INFO - [2024-10-20T19:35:23.284-0300] {dag.py:4180} INFO - Setting next_dagrun for example_setup_teardown_taskflow to None, run_after=None
[2024-10-20T19:35:23.314-0300] {processor.py:208} INFO - Processing /mnt/c/Users/Pato_/OneDrive/Documentos/ITBA/PYTHON_DATA_APP/itba/lib/python3.10/site-packages/airflow/example_dags/example_setup_teardown_taskflow.py took 0.108 seconds
[2024-10-20T19:36:33.312-0300] {processor.py:186} INFO - Started process (PID=319611) to work on /mnt/c/Users/Pato_/OneDrive/Documentos/ITBA/PYTHON_DATA_APP/itba/lib/python3.10/site-packages/airflow/example_dags/example_setup_teardown_taskflow.py
[2024-10-20T19:36:33.313-0300] {processor.py:914} INFO - Processing file /mnt/c/Users/Pato_/OneDrive/Documentos/ITBA/PYTHON_DATA_APP/itba/lib/python3.10/site-packages/airflow/example_dags/example_setup_teardown_taskflow.py for tasks to queue
[2024-10-20T19:36:33.315-0300] {logging_mixin.py:190} INFO - [2024-10-20T19:36:33.315-0300] {dagbag.py:588} INFO - Filling up the DagBag from /mnt/c/Users/Pato_/OneDrive/Documentos/ITBA/PYTHON_DATA_APP/itba/lib/python3.10/site-packages/airflow/example_dags/example_setup_teardown_taskflow.py
[2024-10-20T19:36:33.355-0300] {processor.py:925} INFO - DAG(s) 'example_setup_teardown_taskflow' retrieved from /mnt/c/Users/Pato_/OneDrive/Documentos/ITBA/PYTHON_DATA_APP/itba/lib/python3.10/site-packages/airflow/example_dags/example_setup_teardown_taskflow.py
[2024-10-20T19:36:33.370-0300] {logging_mixin.py:190} INFO - [2024-10-20T19:36:33.370-0300] {dag.py:3239} INFO - Sync 1 DAGs
[2024-10-20T19:36:33.379-0300] {logging_mixin.py:190} INFO - [2024-10-20T19:36:33.378-0300] {dag.py:4180} INFO - Setting next_dagrun for example_setup_teardown_taskflow to None, run_after=None
[2024-10-20T19:36:33.408-0300] {processor.py:208} INFO - Processing /mnt/c/Users/Pato_/OneDrive/Documentos/ITBA/PYTHON_DATA_APP/itba/lib/python3.10/site-packages/airflow/example_dags/example_setup_teardown_taskflow.py took 0.102 seconds
[2024-10-20T19:37:40.727-0300] {processor.py:186} INFO - Started process (PID=320143) to work on /mnt/c/Users/Pato_/OneDrive/Documentos/ITBA/PYTHON_DATA_APP/itba/lib/python3.10/site-packages/airflow/example_dags/example_setup_teardown_taskflow.py
[2024-10-20T19:37:40.728-0300] {processor.py:914} INFO - Processing file /mnt/c/Users/Pato_/OneDrive/Documentos/ITBA/PYTHON_DATA_APP/itba/lib/python3.10/site-packages/airflow/example_dags/example_setup_teardown_taskflow.py for tasks to queue
[2024-10-20T19:37:40.730-0300] {logging_mixin.py:190} INFO - [2024-10-20T19:37:40.729-0300] {dagbag.py:588} INFO - Filling up the DagBag from /mnt/c/Users/Pato_/OneDrive/Documentos/ITBA/PYTHON_DATA_APP/itba/lib/python3.10/site-packages/airflow/example_dags/example_setup_teardown_taskflow.py
[2024-10-20T19:37:40.771-0300] {processor.py:925} INFO - DAG(s) 'example_setup_teardown_taskflow' retrieved from /mnt/c/Users/Pato_/OneDrive/Documentos/ITBA/PYTHON_DATA_APP/itba/lib/python3.10/site-packages/airflow/example_dags/example_setup_teardown_taskflow.py
[2024-10-20T19:37:40.789-0300] {logging_mixin.py:190} INFO - [2024-10-20T19:37:40.788-0300] {dag.py:3239} INFO - Sync 1 DAGs
[2024-10-20T19:37:40.798-0300] {logging_mixin.py:190} INFO - [2024-10-20T19:37:40.798-0300] {dag.py:4180} INFO - Setting next_dagrun for example_setup_teardown_taskflow to None, run_after=None
[2024-10-20T19:37:40.828-0300] {processor.py:208} INFO - Processing /mnt/c/Users/Pato_/OneDrive/Documentos/ITBA/PYTHON_DATA_APP/itba/lib/python3.10/site-packages/airflow/example_dags/example_setup_teardown_taskflow.py took 0.108 seconds
[2024-10-20T19:38:45.707-0300] {processor.py:186} INFO - Started process (PID=320652) to work on /mnt/c/Users/Pato_/OneDrive/Documentos/ITBA/PYTHON_DATA_APP/itba/lib/python3.10/site-packages/airflow/example_dags/example_setup_teardown_taskflow.py
[2024-10-20T19:38:45.708-0300] {processor.py:914} INFO - Processing file /mnt/c/Users/Pato_/OneDrive/Documentos/ITBA/PYTHON_DATA_APP/itba/lib/python3.10/site-packages/airflow/example_dags/example_setup_teardown_taskflow.py for tasks to queue
[2024-10-20T19:38:45.710-0300] {logging_mixin.py:190} INFO - [2024-10-20T19:38:45.710-0300] {dagbag.py:588} INFO - Filling up the DagBag from /mnt/c/Users/Pato_/OneDrive/Documentos/ITBA/PYTHON_DATA_APP/itba/lib/python3.10/site-packages/airflow/example_dags/example_setup_teardown_taskflow.py
[2024-10-20T19:38:45.749-0300] {processor.py:925} INFO - DAG(s) 'example_setup_teardown_taskflow' retrieved from /mnt/c/Users/Pato_/OneDrive/Documentos/ITBA/PYTHON_DATA_APP/itba/lib/python3.10/site-packages/airflow/example_dags/example_setup_teardown_taskflow.py
[2024-10-20T19:38:45.765-0300] {logging_mixin.py:190} INFO - [2024-10-20T19:38:45.764-0300] {dag.py:3239} INFO - Sync 1 DAGs
[2024-10-20T19:38:45.773-0300] {logging_mixin.py:190} INFO - [2024-10-20T19:38:45.773-0300] {dag.py:4180} INFO - Setting next_dagrun for example_setup_teardown_taskflow to None, run_after=None
[2024-10-20T19:38:45.802-0300] {processor.py:208} INFO - Processing /mnt/c/Users/Pato_/OneDrive/Documentos/ITBA/PYTHON_DATA_APP/itba/lib/python3.10/site-packages/airflow/example_dags/example_setup_teardown_taskflow.py took 0.101 seconds
[2024-10-20T19:39:53.470-0300] {processor.py:186} INFO - Started process (PID=321294) to work on /mnt/c/Users/Pato_/OneDrive/Documentos/ITBA/PYTHON_DATA_APP/itba/lib/python3.10/site-packages/airflow/example_dags/example_setup_teardown_taskflow.py
[2024-10-20T19:39:53.471-0300] {processor.py:914} INFO - Processing file /mnt/c/Users/Pato_/OneDrive/Documentos/ITBA/PYTHON_DATA_APP/itba/lib/python3.10/site-packages/airflow/example_dags/example_setup_teardown_taskflow.py for tasks to queue
[2024-10-20T19:39:53.473-0300] {logging_mixin.py:190} INFO - [2024-10-20T19:39:53.473-0300] {dagbag.py:588} INFO - Filling up the DagBag from /mnt/c/Users/Pato_/OneDrive/Documentos/ITBA/PYTHON_DATA_APP/itba/lib/python3.10/site-packages/airflow/example_dags/example_setup_teardown_taskflow.py
[2024-10-20T19:39:53.515-0300] {processor.py:925} INFO - DAG(s) 'example_setup_teardown_taskflow' retrieved from /mnt/c/Users/Pato_/OneDrive/Documentos/ITBA/PYTHON_DATA_APP/itba/lib/python3.10/site-packages/airflow/example_dags/example_setup_teardown_taskflow.py
[2024-10-20T19:39:53.531-0300] {logging_mixin.py:190} INFO - [2024-10-20T19:39:53.530-0300] {dag.py:3239} INFO - Sync 1 DAGs
[2024-10-20T19:39:53.540-0300] {logging_mixin.py:190} INFO - [2024-10-20T19:39:53.539-0300] {dag.py:4180} INFO - Setting next_dagrun for example_setup_teardown_taskflow to None, run_after=None
[2024-10-20T19:39:53.569-0300] {processor.py:208} INFO - Processing /mnt/c/Users/Pato_/OneDrive/Documentos/ITBA/PYTHON_DATA_APP/itba/lib/python3.10/site-packages/airflow/example_dags/example_setup_teardown_taskflow.py took 0.105 seconds
[2024-10-20T19:40:57.771-0300] {processor.py:186} INFO - Started process (PID=322065) to work on /mnt/c/Users/Pato_/OneDrive/Documentos/ITBA/PYTHON_DATA_APP/itba/lib/python3.10/site-packages/airflow/example_dags/example_setup_teardown_taskflow.py
[2024-10-20T19:40:57.772-0300] {processor.py:914} INFO - Processing file /mnt/c/Users/Pato_/OneDrive/Documentos/ITBA/PYTHON_DATA_APP/itba/lib/python3.10/site-packages/airflow/example_dags/example_setup_teardown_taskflow.py for tasks to queue
[2024-10-20T19:40:57.775-0300] {logging_mixin.py:190} INFO - [2024-10-20T19:40:57.774-0300] {dagbag.py:588} INFO - Filling up the DagBag from /mnt/c/Users/Pato_/OneDrive/Documentos/ITBA/PYTHON_DATA_APP/itba/lib/python3.10/site-packages/airflow/example_dags/example_setup_teardown_taskflow.py
[2024-10-20T19:40:57.815-0300] {processor.py:925} INFO - DAG(s) 'example_setup_teardown_taskflow' retrieved from /mnt/c/Users/Pato_/OneDrive/Documentos/ITBA/PYTHON_DATA_APP/itba/lib/python3.10/site-packages/airflow/example_dags/example_setup_teardown_taskflow.py
[2024-10-20T19:40:57.831-0300] {logging_mixin.py:190} INFO - [2024-10-20T19:40:57.830-0300] {dag.py:3239} INFO - Sync 1 DAGs
[2024-10-20T19:40:57.839-0300] {logging_mixin.py:190} INFO - [2024-10-20T19:40:57.839-0300] {dag.py:4180} INFO - Setting next_dagrun for example_setup_teardown_taskflow to None, run_after=None
[2024-10-20T19:40:57.870-0300] {processor.py:208} INFO - Processing /mnt/c/Users/Pato_/OneDrive/Documentos/ITBA/PYTHON_DATA_APP/itba/lib/python3.10/site-packages/airflow/example_dags/example_setup_teardown_taskflow.py took 0.106 seconds
[2024-10-20T19:42:06.723-0300] {processor.py:186} INFO - Started process (PID=322603) to work on /mnt/c/Users/Pato_/OneDrive/Documentos/ITBA/PYTHON_DATA_APP/itba/lib/python3.10/site-packages/airflow/example_dags/example_setup_teardown_taskflow.py
[2024-10-20T19:42:06.724-0300] {processor.py:914} INFO - Processing file /mnt/c/Users/Pato_/OneDrive/Documentos/ITBA/PYTHON_DATA_APP/itba/lib/python3.10/site-packages/airflow/example_dags/example_setup_teardown_taskflow.py for tasks to queue
[2024-10-20T19:42:06.726-0300] {logging_mixin.py:190} INFO - [2024-10-20T19:42:06.725-0300] {dagbag.py:588} INFO - Filling up the DagBag from /mnt/c/Users/Pato_/OneDrive/Documentos/ITBA/PYTHON_DATA_APP/itba/lib/python3.10/site-packages/airflow/example_dags/example_setup_teardown_taskflow.py
[2024-10-20T19:42:06.767-0300] {processor.py:925} INFO - DAG(s) 'example_setup_teardown_taskflow' retrieved from /mnt/c/Users/Pato_/OneDrive/Documentos/ITBA/PYTHON_DATA_APP/itba/lib/python3.10/site-packages/airflow/example_dags/example_setup_teardown_taskflow.py
[2024-10-20T19:42:06.783-0300] {logging_mixin.py:190} INFO - [2024-10-20T19:42:06.783-0300] {dag.py:3239} INFO - Sync 1 DAGs
[2024-10-20T19:42:06.793-0300] {logging_mixin.py:190} INFO - [2024-10-20T19:42:06.792-0300] {dag.py:4180} INFO - Setting next_dagrun for example_setup_teardown_taskflow to None, run_after=None
[2024-10-20T19:42:06.825-0300] {processor.py:208} INFO - Processing /mnt/c/Users/Pato_/OneDrive/Documentos/ITBA/PYTHON_DATA_APP/itba/lib/python3.10/site-packages/airflow/example_dags/example_setup_teardown_taskflow.py took 0.109 seconds
