[2024-10-20T19:00:04.946-0300] {processor.py:186} INFO - Started process (PID=298547) to work on /mnt/c/Users/Pato_/OneDrive/Documentos/ITBA/PYTHON_DATA_APP/itba/lib/python3.10/site-packages/airflow/example_dags/example_xcomargs.py
[2024-10-20T19:00:04.947-0300] {processor.py:914} INFO - Processing file /mnt/c/Users/Pato_/OneDrive/Documentos/ITBA/PYTHON_DATA_APP/itba/lib/python3.10/site-packages/airflow/example_dags/example_xcomargs.py for tasks to queue
[2024-10-20T19:00:04.949-0300] {logging_mixin.py:190} INFO - [2024-10-20T19:00:04.948-0300] {dagbag.py:588} INFO - Filling up the DagBag from /mnt/c/Users/Pato_/OneDrive/Documentos/ITBA/PYTHON_DATA_APP/itba/lib/python3.10/site-packages/airflow/example_dags/example_xcomargs.py
[2024-10-20T19:00:05.009-0300] {processor.py:925} INFO - DAG(s) 'example_xcom_args', 'example_xcom_args_with_operators' retrieved from /mnt/c/Users/Pato_/OneDrive/Documentos/ITBA/PYTHON_DATA_APP/itba/lib/python3.10/site-packages/airflow/example_dags/example_xcomargs.py
[2024-10-20T19:00:05.797-0300] {logging_mixin.py:190} INFO - [2024-10-20T19:00:05.796-0300] {override.py:1907} INFO - Created Permission View: can read on DAG:example_xcom_args
[2024-10-20T19:00:05.817-0300] {logging_mixin.py:190} INFO - [2024-10-20T19:00:05.817-0300] {override.py:1907} INFO - Created Permission View: can delete on DAG:example_xcom_args
[2024-10-20T19:00:05.842-0300] {logging_mixin.py:190} INFO - [2024-10-20T19:00:05.841-0300] {override.py:1907} INFO - Created Permission View: can edit on DAG:example_xcom_args
[2024-10-20T19:00:05.871-0300] {logging_mixin.py:190} INFO - [2024-10-20T19:00:05.870-0300] {override.py:1907} INFO - Created Permission View: can read on DAG Run:example_xcom_args
[2024-10-20T19:00:05.889-0300] {logging_mixin.py:190} INFO - [2024-10-20T19:00:05.889-0300] {override.py:1907} INFO - Created Permission View: can delete on DAG Run:example_xcom_args
[2024-10-20T19:00:05.906-0300] {logging_mixin.py:190} INFO - [2024-10-20T19:00:05.906-0300] {override.py:1907} INFO - Created Permission View: can create on DAG Run:example_xcom_args
[2024-10-20T19:00:05.924-0300] {logging_mixin.py:190} INFO - [2024-10-20T19:00:05.924-0300] {override.py:1907} INFO - Created Permission View: menu access on DAG Run:example_xcom_args
[2024-10-20T19:00:05.959-0300] {logging_mixin.py:190} INFO - [2024-10-20T19:00:05.959-0300] {override.py:1907} INFO - Created Permission View: can read on DAG:example_xcom_args_with_operators
[2024-10-20T19:00:05.978-0300] {logging_mixin.py:190} INFO - [2024-10-20T19:00:05.977-0300] {override.py:1907} INFO - Created Permission View: can delete on DAG:example_xcom_args_with_operators
[2024-10-20T19:00:05.995-0300] {logging_mixin.py:190} INFO - [2024-10-20T19:00:05.994-0300] {override.py:1907} INFO - Created Permission View: can edit on DAG:example_xcom_args_with_operators
[2024-10-20T19:00:06.024-0300] {logging_mixin.py:190} INFO - [2024-10-20T19:00:06.024-0300] {override.py:1907} INFO - Created Permission View: can read on DAG Run:example_xcom_args_with_operators
[2024-10-20T19:00:06.042-0300] {logging_mixin.py:190} INFO - [2024-10-20T19:00:06.041-0300] {override.py:1907} INFO - Created Permission View: can delete on DAG Run:example_xcom_args_with_operators
[2024-10-20T19:00:06.060-0300] {logging_mixin.py:190} INFO - [2024-10-20T19:00:06.060-0300] {override.py:1907} INFO - Created Permission View: can create on DAG Run:example_xcom_args_with_operators
[2024-10-20T19:00:06.078-0300] {logging_mixin.py:190} INFO - [2024-10-20T19:00:06.077-0300] {override.py:1907} INFO - Created Permission View: menu access on DAG Run:example_xcom_args_with_operators
[2024-10-20T19:00:06.079-0300] {logging_mixin.py:190} INFO - [2024-10-20T19:00:06.079-0300] {dag.py:3239} INFO - Sync 2 DAGs
[2024-10-20T19:00:06.090-0300] {logging_mixin.py:190} INFO - [2024-10-20T19:00:06.089-0300] {dag.py:3262} INFO - Creating ORM DAG for example_xcom_args
[2024-10-20T19:00:06.091-0300] {logging_mixin.py:190} INFO - [2024-10-20T19:00:06.090-0300] {dag.py:3262} INFO - Creating ORM DAG for example_xcom_args_with_operators
[2024-10-20T19:00:06.092-0300] {logging_mixin.py:190} INFO - [2024-10-20T19:00:06.091-0300] {dag.py:4180} INFO - Setting next_dagrun for example_xcom_args to None, run_after=None
[2024-10-20T19:00:06.093-0300] {logging_mixin.py:190} INFO - [2024-10-20T19:00:06.093-0300] {dag.py:4180} INFO - Setting next_dagrun for example_xcom_args_with_operators to None, run_after=None
[2024-10-20T19:00:06.125-0300] {processor.py:208} INFO - Processing /mnt/c/Users/Pato_/OneDrive/Documentos/ITBA/PYTHON_DATA_APP/itba/lib/python3.10/site-packages/airflow/example_dags/example_xcomargs.py took 1.186 seconds
[2024-10-20T19:02:29.928-0300] {processor.py:186} INFO - Started process (PID=299814) to work on /mnt/c/Users/Pato_/OneDrive/Documentos/ITBA/PYTHON_DATA_APP/itba/lib/python3.10/site-packages/airflow/example_dags/example_xcomargs.py
[2024-10-20T19:02:29.930-0300] {processor.py:914} INFO - Processing file /mnt/c/Users/Pato_/OneDrive/Documentos/ITBA/PYTHON_DATA_APP/itba/lib/python3.10/site-packages/airflow/example_dags/example_xcomargs.py for tasks to queue
[2024-10-20T19:02:29.932-0300] {logging_mixin.py:190} INFO - [2024-10-20T19:02:29.931-0300] {dagbag.py:588} INFO - Filling up the DagBag from /mnt/c/Users/Pato_/OneDrive/Documentos/ITBA/PYTHON_DATA_APP/itba/lib/python3.10/site-packages/airflow/example_dags/example_xcomargs.py
[2024-10-20T19:02:29.975-0300] {processor.py:925} INFO - DAG(s) 'example_xcom_args', 'example_xcom_args_with_operators' retrieved from /mnt/c/Users/Pato_/OneDrive/Documentos/ITBA/PYTHON_DATA_APP/itba/lib/python3.10/site-packages/airflow/example_dags/example_xcomargs.py
[2024-10-20T19:02:29.993-0300] {logging_mixin.py:190} INFO - [2024-10-20T19:02:29.993-0300] {dag.py:3239} INFO - Sync 2 DAGs
[2024-10-20T19:02:30.002-0300] {logging_mixin.py:190} INFO - [2024-10-20T19:02:30.002-0300] {dag.py:4180} INFO - Setting next_dagrun for example_xcom_args to None, run_after=None
[2024-10-20T19:02:30.006-0300] {logging_mixin.py:190} INFO - [2024-10-20T19:02:30.005-0300] {dag.py:4180} INFO - Setting next_dagrun for example_xcom_args_with_operators to None, run_after=None
[2024-10-20T19:02:30.035-0300] {processor.py:208} INFO - Processing /mnt/c/Users/Pato_/OneDrive/Documentos/ITBA/PYTHON_DATA_APP/itba/lib/python3.10/site-packages/airflow/example_dags/example_xcomargs.py took 0.113 seconds
[2024-10-20T19:03:24.474-0300] {processor.py:186} INFO - Started process (PID=300247) to work on /mnt/c/Users/Pato_/OneDrive/Documentos/ITBA/PYTHON_DATA_APP/itba/lib/python3.10/site-packages/airflow/example_dags/example_xcomargs.py
[2024-10-20T19:03:24.475-0300] {processor.py:914} INFO - Processing file /mnt/c/Users/Pato_/OneDrive/Documentos/ITBA/PYTHON_DATA_APP/itba/lib/python3.10/site-packages/airflow/example_dags/example_xcomargs.py for tasks to queue
[2024-10-20T19:03:24.477-0300] {logging_mixin.py:190} INFO - [2024-10-20T19:03:24.477-0300] {dagbag.py:588} INFO - Filling up the DagBag from /mnt/c/Users/Pato_/OneDrive/Documentos/ITBA/PYTHON_DATA_APP/itba/lib/python3.10/site-packages/airflow/example_dags/example_xcomargs.py
[2024-10-20T19:03:24.518-0300] {processor.py:925} INFO - DAG(s) 'example_xcom_args', 'example_xcom_args_with_operators' retrieved from /mnt/c/Users/Pato_/OneDrive/Documentos/ITBA/PYTHON_DATA_APP/itba/lib/python3.10/site-packages/airflow/example_dags/example_xcomargs.py
[2024-10-20T19:03:24.536-0300] {logging_mixin.py:190} INFO - [2024-10-20T19:03:24.535-0300] {dag.py:3239} INFO - Sync 2 DAGs
[2024-10-20T19:03:24.544-0300] {logging_mixin.py:190} INFO - [2024-10-20T19:03:24.544-0300] {dag.py:4180} INFO - Setting next_dagrun for example_xcom_args to None, run_after=None
[2024-10-20T19:03:24.548-0300] {logging_mixin.py:190} INFO - [2024-10-20T19:03:24.547-0300] {dag.py:4180} INFO - Setting next_dagrun for example_xcom_args_with_operators to None, run_after=None
[2024-10-20T19:03:24.576-0300] {processor.py:208} INFO - Processing /mnt/c/Users/Pato_/OneDrive/Documentos/ITBA/PYTHON_DATA_APP/itba/lib/python3.10/site-packages/airflow/example_dags/example_xcomargs.py took 0.109 seconds
[2024-10-20T19:04:35.533-0300] {processor.py:186} INFO - Started process (PID=300942) to work on /mnt/c/Users/Pato_/OneDrive/Documentos/ITBA/PYTHON_DATA_APP/itba/lib/python3.10/site-packages/airflow/example_dags/example_xcomargs.py
[2024-10-20T19:04:35.534-0300] {processor.py:914} INFO - Processing file /mnt/c/Users/Pato_/OneDrive/Documentos/ITBA/PYTHON_DATA_APP/itba/lib/python3.10/site-packages/airflow/example_dags/example_xcomargs.py for tasks to queue
[2024-10-20T19:04:35.537-0300] {logging_mixin.py:190} INFO - [2024-10-20T19:04:35.536-0300] {dagbag.py:588} INFO - Filling up the DagBag from /mnt/c/Users/Pato_/OneDrive/Documentos/ITBA/PYTHON_DATA_APP/itba/lib/python3.10/site-packages/airflow/example_dags/example_xcomargs.py
[2024-10-20T19:04:35.581-0300] {processor.py:925} INFO - DAG(s) 'example_xcom_args_with_operators', 'example_xcom_args' retrieved from /mnt/c/Users/Pato_/OneDrive/Documentos/ITBA/PYTHON_DATA_APP/itba/lib/python3.10/site-packages/airflow/example_dags/example_xcomargs.py
[2024-10-20T19:04:35.604-0300] {logging_mixin.py:190} INFO - [2024-10-20T19:04:35.604-0300] {dag.py:3239} INFO - Sync 2 DAGs
[2024-10-20T19:04:35.615-0300] {logging_mixin.py:190} INFO - [2024-10-20T19:04:35.614-0300] {dag.py:4180} INFO - Setting next_dagrun for example_xcom_args to None, run_after=None
[2024-10-20T19:04:35.619-0300] {logging_mixin.py:190} INFO - [2024-10-20T19:04:35.619-0300] {dag.py:4180} INFO - Setting next_dagrun for example_xcom_args_with_operators to None, run_after=None
[2024-10-20T19:04:35.653-0300] {processor.py:208} INFO - Processing /mnt/c/Users/Pato_/OneDrive/Documentos/ITBA/PYTHON_DATA_APP/itba/lib/python3.10/site-packages/airflow/example_dags/example_xcomargs.py took 0.128 seconds
[2024-10-20T19:05:43.030-0300] {processor.py:186} INFO - Started process (PID=301578) to work on /mnt/c/Users/Pato_/OneDrive/Documentos/ITBA/PYTHON_DATA_APP/itba/lib/python3.10/site-packages/airflow/example_dags/example_xcomargs.py
[2024-10-20T19:05:43.031-0300] {processor.py:914} INFO - Processing file /mnt/c/Users/Pato_/OneDrive/Documentos/ITBA/PYTHON_DATA_APP/itba/lib/python3.10/site-packages/airflow/example_dags/example_xcomargs.py for tasks to queue
[2024-10-20T19:05:43.033-0300] {logging_mixin.py:190} INFO - [2024-10-20T19:05:43.032-0300] {dagbag.py:588} INFO - Filling up the DagBag from /mnt/c/Users/Pato_/OneDrive/Documentos/ITBA/PYTHON_DATA_APP/itba/lib/python3.10/site-packages/airflow/example_dags/example_xcomargs.py
[2024-10-20T19:05:43.077-0300] {processor.py:925} INFO - DAG(s) 'example_xcom_args', 'example_xcom_args_with_operators' retrieved from /mnt/c/Users/Pato_/OneDrive/Documentos/ITBA/PYTHON_DATA_APP/itba/lib/python3.10/site-packages/airflow/example_dags/example_xcomargs.py
[2024-10-20T19:05:43.098-0300] {logging_mixin.py:190} INFO - [2024-10-20T19:05:43.097-0300] {dag.py:3239} INFO - Sync 2 DAGs
[2024-10-20T19:05:43.107-0300] {logging_mixin.py:190} INFO - [2024-10-20T19:05:43.107-0300] {dag.py:4180} INFO - Setting next_dagrun for example_xcom_args to None, run_after=None
[2024-10-20T19:05:43.110-0300] {logging_mixin.py:190} INFO - [2024-10-20T19:05:43.110-0300] {dag.py:4180} INFO - Setting next_dagrun for example_xcom_args_with_operators to None, run_after=None
[2024-10-20T19:05:43.140-0300] {processor.py:208} INFO - Processing /mnt/c/Users/Pato_/OneDrive/Documentos/ITBA/PYTHON_DATA_APP/itba/lib/python3.10/site-packages/airflow/example_dags/example_xcomargs.py took 0.117 seconds
[2024-10-20T19:07:47.668-0300] {processor.py:186} INFO - Started process (PID=303473) to work on /mnt/c/Users/Pato_/OneDrive/Documentos/ITBA/PYTHON_DATA_APP/itba/lib/python3.10/site-packages/airflow/example_dags/example_xcomargs.py
[2024-10-20T19:07:47.669-0300] {processor.py:914} INFO - Processing file /mnt/c/Users/Pato_/OneDrive/Documentos/ITBA/PYTHON_DATA_APP/itba/lib/python3.10/site-packages/airflow/example_dags/example_xcomargs.py for tasks to queue
[2024-10-20T19:07:47.671-0300] {logging_mixin.py:190} INFO - [2024-10-20T19:07:47.671-0300] {dagbag.py:588} INFO - Filling up the DagBag from /mnt/c/Users/Pato_/OneDrive/Documentos/ITBA/PYTHON_DATA_APP/itba/lib/python3.10/site-packages/airflow/example_dags/example_xcomargs.py
[2024-10-20T19:07:47.715-0300] {processor.py:925} INFO - DAG(s) 'example_xcom_args_with_operators', 'example_xcom_args' retrieved from /mnt/c/Users/Pato_/OneDrive/Documentos/ITBA/PYTHON_DATA_APP/itba/lib/python3.10/site-packages/airflow/example_dags/example_xcomargs.py
[2024-10-20T19:07:47.740-0300] {logging_mixin.py:190} INFO - [2024-10-20T19:07:47.740-0300] {dag.py:3239} INFO - Sync 2 DAGs
[2024-10-20T19:07:47.750-0300] {logging_mixin.py:190} INFO - [2024-10-20T19:07:47.749-0300] {dag.py:4180} INFO - Setting next_dagrun for example_xcom_args to None, run_after=None
[2024-10-20T19:07:47.753-0300] {logging_mixin.py:190} INFO - [2024-10-20T19:07:47.753-0300] {dag.py:4180} INFO - Setting next_dagrun for example_xcom_args_with_operators to None, run_after=None
[2024-10-20T19:07:47.782-0300] {processor.py:208} INFO - Processing /mnt/c/Users/Pato_/OneDrive/Documentos/ITBA/PYTHON_DATA_APP/itba/lib/python3.10/site-packages/airflow/example_dags/example_xcomargs.py took 0.122 seconds
[2024-10-20T19:08:40.258-0300] {processor.py:186} INFO - Started process (PID=303886) to work on /mnt/c/Users/Pato_/OneDrive/Documentos/ITBA/PYTHON_DATA_APP/itba/lib/python3.10/site-packages/airflow/example_dags/example_xcomargs.py
[2024-10-20T19:08:40.259-0300] {processor.py:914} INFO - Processing file /mnt/c/Users/Pato_/OneDrive/Documentos/ITBA/PYTHON_DATA_APP/itba/lib/python3.10/site-packages/airflow/example_dags/example_xcomargs.py for tasks to queue
[2024-10-20T19:08:40.261-0300] {logging_mixin.py:190} INFO - [2024-10-20T19:08:40.261-0300] {dagbag.py:588} INFO - Filling up the DagBag from /mnt/c/Users/Pato_/OneDrive/Documentos/ITBA/PYTHON_DATA_APP/itba/lib/python3.10/site-packages/airflow/example_dags/example_xcomargs.py
[2024-10-20T19:08:40.302-0300] {processor.py:925} INFO - DAG(s) 'example_xcom_args', 'example_xcom_args_with_operators' retrieved from /mnt/c/Users/Pato_/OneDrive/Documentos/ITBA/PYTHON_DATA_APP/itba/lib/python3.10/site-packages/airflow/example_dags/example_xcomargs.py
[2024-10-20T19:08:40.319-0300] {logging_mixin.py:190} INFO - [2024-10-20T19:08:40.318-0300] {dag.py:3239} INFO - Sync 2 DAGs
[2024-10-20T19:08:40.328-0300] {logging_mixin.py:190} INFO - [2024-10-20T19:08:40.327-0300] {dag.py:4180} INFO - Setting next_dagrun for example_xcom_args to None, run_after=None
[2024-10-20T19:08:40.331-0300] {logging_mixin.py:190} INFO - [2024-10-20T19:08:40.330-0300] {dag.py:4180} INFO - Setting next_dagrun for example_xcom_args_with_operators to None, run_after=None
[2024-10-20T19:08:40.357-0300] {processor.py:208} INFO - Processing /mnt/c/Users/Pato_/OneDrive/Documentos/ITBA/PYTHON_DATA_APP/itba/lib/python3.10/site-packages/airflow/example_dags/example_xcomargs.py took 0.106 seconds
[2024-10-20T19:09:42.985-0300] {processor.py:186} INFO - Started process (PID=304440) to work on /mnt/c/Users/Pato_/OneDrive/Documentos/ITBA/PYTHON_DATA_APP/itba/lib/python3.10/site-packages/airflow/example_dags/example_xcomargs.py
[2024-10-20T19:09:42.986-0300] {processor.py:914} INFO - Processing file /mnt/c/Users/Pato_/OneDrive/Documentos/ITBA/PYTHON_DATA_APP/itba/lib/python3.10/site-packages/airflow/example_dags/example_xcomargs.py for tasks to queue
[2024-10-20T19:09:42.988-0300] {logging_mixin.py:190} INFO - [2024-10-20T19:09:42.987-0300] {dagbag.py:588} INFO - Filling up the DagBag from /mnt/c/Users/Pato_/OneDrive/Documentos/ITBA/PYTHON_DATA_APP/itba/lib/python3.10/site-packages/airflow/example_dags/example_xcomargs.py
[2024-10-20T19:09:43.028-0300] {processor.py:925} INFO - DAG(s) 'example_xcom_args_with_operators', 'example_xcom_args' retrieved from /mnt/c/Users/Pato_/OneDrive/Documentos/ITBA/PYTHON_DATA_APP/itba/lib/python3.10/site-packages/airflow/example_dags/example_xcomargs.py
[2024-10-20T19:09:43.045-0300] {logging_mixin.py:190} INFO - [2024-10-20T19:09:43.045-0300] {dag.py:3239} INFO - Sync 2 DAGs
[2024-10-20T19:09:43.054-0300] {logging_mixin.py:190} INFO - [2024-10-20T19:09:43.054-0300] {dag.py:4180} INFO - Setting next_dagrun for example_xcom_args to None, run_after=None
[2024-10-20T19:09:43.057-0300] {logging_mixin.py:190} INFO - [2024-10-20T19:09:43.057-0300] {dag.py:4180} INFO - Setting next_dagrun for example_xcom_args_with_operators to None, run_after=None
[2024-10-20T19:09:43.085-0300] {processor.py:208} INFO - Processing /mnt/c/Users/Pato_/OneDrive/Documentos/ITBA/PYTHON_DATA_APP/itba/lib/python3.10/site-packages/airflow/example_dags/example_xcomargs.py took 0.107 seconds
[2024-10-20T19:10:50.354-0300] {processor.py:186} INFO - Started process (PID=304994) to work on /mnt/c/Users/Pato_/OneDrive/Documentos/ITBA/PYTHON_DATA_APP/itba/lib/python3.10/site-packages/airflow/example_dags/example_xcomargs.py
[2024-10-20T19:10:50.355-0300] {processor.py:914} INFO - Processing file /mnt/c/Users/Pato_/OneDrive/Documentos/ITBA/PYTHON_DATA_APP/itba/lib/python3.10/site-packages/airflow/example_dags/example_xcomargs.py for tasks to queue
[2024-10-20T19:10:50.357-0300] {logging_mixin.py:190} INFO - [2024-10-20T19:10:50.357-0300] {dagbag.py:588} INFO - Filling up the DagBag from /mnt/c/Users/Pato_/OneDrive/Documentos/ITBA/PYTHON_DATA_APP/itba/lib/python3.10/site-packages/airflow/example_dags/example_xcomargs.py
[2024-10-20T19:10:50.397-0300] {processor.py:925} INFO - DAG(s) 'example_xcom_args', 'example_xcom_args_with_operators' retrieved from /mnt/c/Users/Pato_/OneDrive/Documentos/ITBA/PYTHON_DATA_APP/itba/lib/python3.10/site-packages/airflow/example_dags/example_xcomargs.py
[2024-10-20T19:10:50.414-0300] {logging_mixin.py:190} INFO - [2024-10-20T19:10:50.414-0300] {dag.py:3239} INFO - Sync 2 DAGs
[2024-10-20T19:10:50.423-0300] {logging_mixin.py:190} INFO - [2024-10-20T19:10:50.423-0300] {dag.py:4180} INFO - Setting next_dagrun for example_xcom_args to None, run_after=None
[2024-10-20T19:10:50.427-0300] {logging_mixin.py:190} INFO - [2024-10-20T19:10:50.426-0300] {dag.py:4180} INFO - Setting next_dagrun for example_xcom_args_with_operators to None, run_after=None
[2024-10-20T19:10:50.454-0300] {processor.py:208} INFO - Processing /mnt/c/Users/Pato_/OneDrive/Documentos/ITBA/PYTHON_DATA_APP/itba/lib/python3.10/site-packages/airflow/example_dags/example_xcomargs.py took 0.106 seconds
[2024-10-20T19:11:59.110-0300] {processor.py:186} INFO - Started process (PID=305531) to work on /mnt/c/Users/Pato_/OneDrive/Documentos/ITBA/PYTHON_DATA_APP/itba/lib/python3.10/site-packages/airflow/example_dags/example_xcomargs.py
[2024-10-20T19:11:59.111-0300] {processor.py:914} INFO - Processing file /mnt/c/Users/Pato_/OneDrive/Documentos/ITBA/PYTHON_DATA_APP/itba/lib/python3.10/site-packages/airflow/example_dags/example_xcomargs.py for tasks to queue
[2024-10-20T19:11:59.113-0300] {logging_mixin.py:190} INFO - [2024-10-20T19:11:59.112-0300] {dagbag.py:588} INFO - Filling up the DagBag from /mnt/c/Users/Pato_/OneDrive/Documentos/ITBA/PYTHON_DATA_APP/itba/lib/python3.10/site-packages/airflow/example_dags/example_xcomargs.py
[2024-10-20T19:11:59.155-0300] {processor.py:925} INFO - DAG(s) 'example_xcom_args', 'example_xcom_args_with_operators' retrieved from /mnt/c/Users/Pato_/OneDrive/Documentos/ITBA/PYTHON_DATA_APP/itba/lib/python3.10/site-packages/airflow/example_dags/example_xcomargs.py
[2024-10-20T19:11:59.172-0300] {logging_mixin.py:190} INFO - [2024-10-20T19:11:59.172-0300] {dag.py:3239} INFO - Sync 2 DAGs
[2024-10-20T19:11:59.182-0300] {logging_mixin.py:190} INFO - [2024-10-20T19:11:59.181-0300] {dag.py:4180} INFO - Setting next_dagrun for example_xcom_args to None, run_after=None
[2024-10-20T19:11:59.185-0300] {logging_mixin.py:190} INFO - [2024-10-20T19:11:59.184-0300] {dag.py:4180} INFO - Setting next_dagrun for example_xcom_args_with_operators to None, run_after=None
[2024-10-20T19:11:59.213-0300] {processor.py:208} INFO - Processing /mnt/c/Users/Pato_/OneDrive/Documentos/ITBA/PYTHON_DATA_APP/itba/lib/python3.10/site-packages/airflow/example_dags/example_xcomargs.py took 0.110 seconds
[2024-10-20T19:13:05.183-0300] {processor.py:186} INFO - Started process (PID=306045) to work on /mnt/c/Users/Pato_/OneDrive/Documentos/ITBA/PYTHON_DATA_APP/itba/lib/python3.10/site-packages/airflow/example_dags/example_xcomargs.py
[2024-10-20T19:13:05.184-0300] {processor.py:914} INFO - Processing file /mnt/c/Users/Pato_/OneDrive/Documentos/ITBA/PYTHON_DATA_APP/itba/lib/python3.10/site-packages/airflow/example_dags/example_xcomargs.py for tasks to queue
[2024-10-20T19:13:05.187-0300] {logging_mixin.py:190} INFO - [2024-10-20T19:13:05.186-0300] {dagbag.py:588} INFO - Filling up the DagBag from /mnt/c/Users/Pato_/OneDrive/Documentos/ITBA/PYTHON_DATA_APP/itba/lib/python3.10/site-packages/airflow/example_dags/example_xcomargs.py
[2024-10-20T19:13:05.228-0300] {processor.py:925} INFO - DAG(s) 'example_xcom_args_with_operators', 'example_xcom_args' retrieved from /mnt/c/Users/Pato_/OneDrive/Documentos/ITBA/PYTHON_DATA_APP/itba/lib/python3.10/site-packages/airflow/example_dags/example_xcomargs.py
[2024-10-20T19:13:05.246-0300] {logging_mixin.py:190} INFO - [2024-10-20T19:13:05.245-0300] {dag.py:3239} INFO - Sync 2 DAGs
[2024-10-20T19:13:05.255-0300] {logging_mixin.py:190} INFO - [2024-10-20T19:13:05.254-0300] {dag.py:4180} INFO - Setting next_dagrun for example_xcom_args to None, run_after=None
[2024-10-20T19:13:05.258-0300] {logging_mixin.py:190} INFO - [2024-10-20T19:13:05.258-0300] {dag.py:4180} INFO - Setting next_dagrun for example_xcom_args_with_operators to None, run_after=None
[2024-10-20T19:13:05.285-0300] {processor.py:208} INFO - Processing /mnt/c/Users/Pato_/OneDrive/Documentos/ITBA/PYTHON_DATA_APP/itba/lib/python3.10/site-packages/airflow/example_dags/example_xcomargs.py took 0.109 seconds
[2024-10-20T19:14:09.701-0300] {processor.py:186} INFO - Started process (PID=306551) to work on /mnt/c/Users/Pato_/OneDrive/Documentos/ITBA/PYTHON_DATA_APP/itba/lib/python3.10/site-packages/airflow/example_dags/example_xcomargs.py
[2024-10-20T19:14:09.702-0300] {processor.py:914} INFO - Processing file /mnt/c/Users/Pato_/OneDrive/Documentos/ITBA/PYTHON_DATA_APP/itba/lib/python3.10/site-packages/airflow/example_dags/example_xcomargs.py for tasks to queue
[2024-10-20T19:14:09.704-0300] {logging_mixin.py:190} INFO - [2024-10-20T19:14:09.703-0300] {dagbag.py:588} INFO - Filling up the DagBag from /mnt/c/Users/Pato_/OneDrive/Documentos/ITBA/PYTHON_DATA_APP/itba/lib/python3.10/site-packages/airflow/example_dags/example_xcomargs.py
[2024-10-20T19:14:09.744-0300] {processor.py:925} INFO - DAG(s) 'example_xcom_args', 'example_xcom_args_with_operators' retrieved from /mnt/c/Users/Pato_/OneDrive/Documentos/ITBA/PYTHON_DATA_APP/itba/lib/python3.10/site-packages/airflow/example_dags/example_xcomargs.py
[2024-10-20T19:14:09.761-0300] {logging_mixin.py:190} INFO - [2024-10-20T19:14:09.760-0300] {dag.py:3239} INFO - Sync 2 DAGs
[2024-10-20T19:14:09.769-0300] {logging_mixin.py:190} INFO - [2024-10-20T19:14:09.769-0300] {dag.py:4180} INFO - Setting next_dagrun for example_xcom_args to None, run_after=None
[2024-10-20T19:14:09.773-0300] {logging_mixin.py:190} INFO - [2024-10-20T19:14:09.772-0300] {dag.py:4180} INFO - Setting next_dagrun for example_xcom_args_with_operators to None, run_after=None
[2024-10-20T19:14:09.801-0300] {processor.py:208} INFO - Processing /mnt/c/Users/Pato_/OneDrive/Documentos/ITBA/PYTHON_DATA_APP/itba/lib/python3.10/site-packages/airflow/example_dags/example_xcomargs.py took 0.106 seconds
[2024-10-20T19:15:21.289-0300] {processor.py:186} INFO - Started process (PID=307134) to work on /mnt/c/Users/Pato_/OneDrive/Documentos/ITBA/PYTHON_DATA_APP/itba/lib/python3.10/site-packages/airflow/example_dags/example_xcomargs.py
[2024-10-20T19:15:21.290-0300] {processor.py:914} INFO - Processing file /mnt/c/Users/Pato_/OneDrive/Documentos/ITBA/PYTHON_DATA_APP/itba/lib/python3.10/site-packages/airflow/example_dags/example_xcomargs.py for tasks to queue
[2024-10-20T19:15:21.291-0300] {logging_mixin.py:190} INFO - [2024-10-20T19:15:21.291-0300] {dagbag.py:588} INFO - Filling up the DagBag from /mnt/c/Users/Pato_/OneDrive/Documentos/ITBA/PYTHON_DATA_APP/itba/lib/python3.10/site-packages/airflow/example_dags/example_xcomargs.py
[2024-10-20T19:15:21.332-0300] {processor.py:925} INFO - DAG(s) 'example_xcom_args_with_operators', 'example_xcom_args' retrieved from /mnt/c/Users/Pato_/OneDrive/Documentos/ITBA/PYTHON_DATA_APP/itba/lib/python3.10/site-packages/airflow/example_dags/example_xcomargs.py
[2024-10-20T19:15:21.350-0300] {logging_mixin.py:190} INFO - [2024-10-20T19:15:21.349-0300] {dag.py:3239} INFO - Sync 2 DAGs
[2024-10-20T19:15:21.359-0300] {logging_mixin.py:190} INFO - [2024-10-20T19:15:21.358-0300] {dag.py:4180} INFO - Setting next_dagrun for example_xcom_args to None, run_after=None
[2024-10-20T19:15:21.362-0300] {logging_mixin.py:190} INFO - [2024-10-20T19:15:21.361-0300] {dag.py:4180} INFO - Setting next_dagrun for example_xcom_args_with_operators to None, run_after=None
[2024-10-20T19:15:21.389-0300] {processor.py:208} INFO - Processing /mnt/c/Users/Pato_/OneDrive/Documentos/ITBA/PYTHON_DATA_APP/itba/lib/python3.10/site-packages/airflow/example_dags/example_xcomargs.py took 0.107 seconds
[2024-10-20T19:16:28.881-0300] {processor.py:186} INFO - Started process (PID=307666) to work on /mnt/c/Users/Pato_/OneDrive/Documentos/ITBA/PYTHON_DATA_APP/itba/lib/python3.10/site-packages/airflow/example_dags/example_xcomargs.py
[2024-10-20T19:16:28.882-0300] {processor.py:914} INFO - Processing file /mnt/c/Users/Pato_/OneDrive/Documentos/ITBA/PYTHON_DATA_APP/itba/lib/python3.10/site-packages/airflow/example_dags/example_xcomargs.py for tasks to queue
[2024-10-20T19:16:28.884-0300] {logging_mixin.py:190} INFO - [2024-10-20T19:16:28.884-0300] {dagbag.py:588} INFO - Filling up the DagBag from /mnt/c/Users/Pato_/OneDrive/Documentos/ITBA/PYTHON_DATA_APP/itba/lib/python3.10/site-packages/airflow/example_dags/example_xcomargs.py
[2024-10-20T19:16:28.924-0300] {processor.py:925} INFO - DAG(s) 'example_xcom_args_with_operators', 'example_xcom_args' retrieved from /mnt/c/Users/Pato_/OneDrive/Documentos/ITBA/PYTHON_DATA_APP/itba/lib/python3.10/site-packages/airflow/example_dags/example_xcomargs.py
[2024-10-20T19:16:28.941-0300] {logging_mixin.py:190} INFO - [2024-10-20T19:16:28.941-0300] {dag.py:3239} INFO - Sync 2 DAGs
[2024-10-20T19:16:28.950-0300] {logging_mixin.py:190} INFO - [2024-10-20T19:16:28.949-0300] {dag.py:4180} INFO - Setting next_dagrun for example_xcom_args to None, run_after=None
[2024-10-20T19:16:28.953-0300] {logging_mixin.py:190} INFO - [2024-10-20T19:16:28.953-0300] {dag.py:4180} INFO - Setting next_dagrun for example_xcom_args_with_operators to None, run_after=None
[2024-10-20T19:16:28.979-0300] {processor.py:208} INFO - Processing /mnt/c/Users/Pato_/OneDrive/Documentos/ITBA/PYTHON_DATA_APP/itba/lib/python3.10/site-packages/airflow/example_dags/example_xcomargs.py took 0.104 seconds
[2024-10-20T19:17:42.323-0300] {processor.py:186} INFO - Started process (PID=308237) to work on /mnt/c/Users/Pato_/OneDrive/Documentos/ITBA/PYTHON_DATA_APP/itba/lib/python3.10/site-packages/airflow/example_dags/example_xcomargs.py
[2024-10-20T19:17:42.323-0300] {processor.py:914} INFO - Processing file /mnt/c/Users/Pato_/OneDrive/Documentos/ITBA/PYTHON_DATA_APP/itba/lib/python3.10/site-packages/airflow/example_dags/example_xcomargs.py for tasks to queue
[2024-10-20T19:17:42.326-0300] {logging_mixin.py:190} INFO - [2024-10-20T19:17:42.325-0300] {dagbag.py:588} INFO - Filling up the DagBag from /mnt/c/Users/Pato_/OneDrive/Documentos/ITBA/PYTHON_DATA_APP/itba/lib/python3.10/site-packages/airflow/example_dags/example_xcomargs.py
[2024-10-20T19:17:42.366-0300] {processor.py:925} INFO - DAG(s) 'example_xcom_args_with_operators', 'example_xcom_args' retrieved from /mnt/c/Users/Pato_/OneDrive/Documentos/ITBA/PYTHON_DATA_APP/itba/lib/python3.10/site-packages/airflow/example_dags/example_xcomargs.py
[2024-10-20T19:17:42.383-0300] {logging_mixin.py:190} INFO - [2024-10-20T19:17:42.382-0300] {dag.py:3239} INFO - Sync 2 DAGs
[2024-10-20T19:17:42.392-0300] {logging_mixin.py:190} INFO - [2024-10-20T19:17:42.391-0300] {dag.py:4180} INFO - Setting next_dagrun for example_xcom_args to None, run_after=None
[2024-10-20T19:17:42.395-0300] {logging_mixin.py:190} INFO - [2024-10-20T19:17:42.394-0300] {dag.py:4180} INFO - Setting next_dagrun for example_xcom_args_with_operators to None, run_after=None
[2024-10-20T19:17:42.423-0300] {processor.py:208} INFO - Processing /mnt/c/Users/Pato_/OneDrive/Documentos/ITBA/PYTHON_DATA_APP/itba/lib/python3.10/site-packages/airflow/example_dags/example_xcomargs.py took 0.107 seconds
[2024-10-20T19:18:51.364-0300] {processor.py:186} INFO - Started process (PID=308776) to work on /mnt/c/Users/Pato_/OneDrive/Documentos/ITBA/PYTHON_DATA_APP/itba/lib/python3.10/site-packages/airflow/example_dags/example_xcomargs.py
[2024-10-20T19:18:51.365-0300] {processor.py:914} INFO - Processing file /mnt/c/Users/Pato_/OneDrive/Documentos/ITBA/PYTHON_DATA_APP/itba/lib/python3.10/site-packages/airflow/example_dags/example_xcomargs.py for tasks to queue
[2024-10-20T19:18:51.367-0300] {logging_mixin.py:190} INFO - [2024-10-20T19:18:51.366-0300] {dagbag.py:588} INFO - Filling up the DagBag from /mnt/c/Users/Pato_/OneDrive/Documentos/ITBA/PYTHON_DATA_APP/itba/lib/python3.10/site-packages/airflow/example_dags/example_xcomargs.py
[2024-10-20T19:18:51.407-0300] {processor.py:925} INFO - DAG(s) 'example_xcom_args_with_operators', 'example_xcom_args' retrieved from /mnt/c/Users/Pato_/OneDrive/Documentos/ITBA/PYTHON_DATA_APP/itba/lib/python3.10/site-packages/airflow/example_dags/example_xcomargs.py
[2024-10-20T19:18:51.424-0300] {logging_mixin.py:190} INFO - [2024-10-20T19:18:51.424-0300] {dag.py:3239} INFO - Sync 2 DAGs
[2024-10-20T19:18:51.433-0300] {logging_mixin.py:190} INFO - [2024-10-20T19:18:51.432-0300] {dag.py:4180} INFO - Setting next_dagrun for example_xcom_args to None, run_after=None
[2024-10-20T19:18:51.436-0300] {logging_mixin.py:190} INFO - [2024-10-20T19:18:51.436-0300] {dag.py:4180} INFO - Setting next_dagrun for example_xcom_args_with_operators to None, run_after=None
[2024-10-20T19:18:51.464-0300] {processor.py:208} INFO - Processing /mnt/c/Users/Pato_/OneDrive/Documentos/ITBA/PYTHON_DATA_APP/itba/lib/python3.10/site-packages/airflow/example_dags/example_xcomargs.py took 0.106 seconds
[2024-10-20T19:20:04.722-0300] {processor.py:186} INFO - Started process (PID=309374) to work on /mnt/c/Users/Pato_/OneDrive/Documentos/ITBA/PYTHON_DATA_APP/itba/lib/python3.10/site-packages/airflow/example_dags/example_xcomargs.py
[2024-10-20T19:20:04.723-0300] {processor.py:914} INFO - Processing file /mnt/c/Users/Pato_/OneDrive/Documentos/ITBA/PYTHON_DATA_APP/itba/lib/python3.10/site-packages/airflow/example_dags/example_xcomargs.py for tasks to queue
[2024-10-20T19:20:04.725-0300] {logging_mixin.py:190} INFO - [2024-10-20T19:20:04.724-0300] {dagbag.py:588} INFO - Filling up the DagBag from /mnt/c/Users/Pato_/OneDrive/Documentos/ITBA/PYTHON_DATA_APP/itba/lib/python3.10/site-packages/airflow/example_dags/example_xcomargs.py
[2024-10-20T19:20:04.764-0300] {processor.py:925} INFO - DAG(s) 'example_xcom_args_with_operators', 'example_xcom_args' retrieved from /mnt/c/Users/Pato_/OneDrive/Documentos/ITBA/PYTHON_DATA_APP/itba/lib/python3.10/site-packages/airflow/example_dags/example_xcomargs.py
[2024-10-20T19:20:04.782-0300] {logging_mixin.py:190} INFO - [2024-10-20T19:20:04.781-0300] {dag.py:3239} INFO - Sync 2 DAGs
[2024-10-20T19:20:04.790-0300] {logging_mixin.py:190} INFO - [2024-10-20T19:20:04.790-0300] {dag.py:4180} INFO - Setting next_dagrun for example_xcom_args to None, run_after=None
[2024-10-20T19:20:04.794-0300] {logging_mixin.py:190} INFO - [2024-10-20T19:20:04.793-0300] {dag.py:4180} INFO - Setting next_dagrun for example_xcom_args_with_operators to None, run_after=None
[2024-10-20T19:20:04.821-0300] {processor.py:208} INFO - Processing /mnt/c/Users/Pato_/OneDrive/Documentos/ITBA/PYTHON_DATA_APP/itba/lib/python3.10/site-packages/airflow/example_dags/example_xcomargs.py took 0.106 seconds
[2024-10-20T19:21:13.974-0300] {processor.py:186} INFO - Started process (PID=309979) to work on /mnt/c/Users/Pato_/OneDrive/Documentos/ITBA/PYTHON_DATA_APP/itba/lib/python3.10/site-packages/airflow/example_dags/example_xcomargs.py
[2024-10-20T19:21:13.975-0300] {processor.py:914} INFO - Processing file /mnt/c/Users/Pato_/OneDrive/Documentos/ITBA/PYTHON_DATA_APP/itba/lib/python3.10/site-packages/airflow/example_dags/example_xcomargs.py for tasks to queue
[2024-10-20T19:21:13.977-0300] {logging_mixin.py:190} INFO - [2024-10-20T19:21:13.976-0300] {dagbag.py:588} INFO - Filling up the DagBag from /mnt/c/Users/Pato_/OneDrive/Documentos/ITBA/PYTHON_DATA_APP/itba/lib/python3.10/site-packages/airflow/example_dags/example_xcomargs.py
[2024-10-20T19:21:14.018-0300] {processor.py:925} INFO - DAG(s) 'example_xcom_args', 'example_xcom_args_with_operators' retrieved from /mnt/c/Users/Pato_/OneDrive/Documentos/ITBA/PYTHON_DATA_APP/itba/lib/python3.10/site-packages/airflow/example_dags/example_xcomargs.py
[2024-10-20T19:21:14.036-0300] {logging_mixin.py:190} INFO - [2024-10-20T19:21:14.035-0300] {dag.py:3239} INFO - Sync 2 DAGs
[2024-10-20T19:21:14.045-0300] {logging_mixin.py:190} INFO - [2024-10-20T19:21:14.045-0300] {dag.py:4180} INFO - Setting next_dagrun for example_xcom_args to None, run_after=None
[2024-10-20T19:21:14.049-0300] {logging_mixin.py:190} INFO - [2024-10-20T19:21:14.048-0300] {dag.py:4180} INFO - Setting next_dagrun for example_xcom_args_with_operators to None, run_after=None
[2024-10-20T19:21:14.077-0300] {processor.py:208} INFO - Processing /mnt/c/Users/Pato_/OneDrive/Documentos/ITBA/PYTHON_DATA_APP/itba/lib/python3.10/site-packages/airflow/example_dags/example_xcomargs.py took 0.109 seconds
[2024-10-20T19:22:20.658-0300] {processor.py:186} INFO - Started process (PID=310592) to work on /mnt/c/Users/Pato_/OneDrive/Documentos/ITBA/PYTHON_DATA_APP/itba/lib/python3.10/site-packages/airflow/example_dags/example_xcomargs.py
[2024-10-20T19:22:20.659-0300] {processor.py:914} INFO - Processing file /mnt/c/Users/Pato_/OneDrive/Documentos/ITBA/PYTHON_DATA_APP/itba/lib/python3.10/site-packages/airflow/example_dags/example_xcomargs.py for tasks to queue
[2024-10-20T19:22:20.662-0300] {logging_mixin.py:190} INFO - [2024-10-20T19:22:20.661-0300] {dagbag.py:588} INFO - Filling up the DagBag from /mnt/c/Users/Pato_/OneDrive/Documentos/ITBA/PYTHON_DATA_APP/itba/lib/python3.10/site-packages/airflow/example_dags/example_xcomargs.py
[2024-10-20T19:22:20.701-0300] {processor.py:925} INFO - DAG(s) 'example_xcom_args_with_operators', 'example_xcom_args' retrieved from /mnt/c/Users/Pato_/OneDrive/Documentos/ITBA/PYTHON_DATA_APP/itba/lib/python3.10/site-packages/airflow/example_dags/example_xcomargs.py
[2024-10-20T19:22:20.718-0300] {logging_mixin.py:190} INFO - [2024-10-20T19:22:20.717-0300] {dag.py:3239} INFO - Sync 2 DAGs
[2024-10-20T19:22:20.726-0300] {logging_mixin.py:190} INFO - [2024-10-20T19:22:20.726-0300] {dag.py:4180} INFO - Setting next_dagrun for example_xcom_args to None, run_after=None
[2024-10-20T19:22:20.730-0300] {logging_mixin.py:190} INFO - [2024-10-20T19:22:20.729-0300] {dag.py:4180} INFO - Setting next_dagrun for example_xcom_args_with_operators to None, run_after=None
[2024-10-20T19:22:20.757-0300] {processor.py:208} INFO - Processing /mnt/c/Users/Pato_/OneDrive/Documentos/ITBA/PYTHON_DATA_APP/itba/lib/python3.10/site-packages/airflow/example_dags/example_xcomargs.py took 0.105 seconds
[2024-10-20T19:23:23.942-0300] {processor.py:186} INFO - Started process (PID=311164) to work on /mnt/c/Users/Pato_/OneDrive/Documentos/ITBA/PYTHON_DATA_APP/itba/lib/python3.10/site-packages/airflow/example_dags/example_xcomargs.py
[2024-10-20T19:23:23.943-0300] {processor.py:914} INFO - Processing file /mnt/c/Users/Pato_/OneDrive/Documentos/ITBA/PYTHON_DATA_APP/itba/lib/python3.10/site-packages/airflow/example_dags/example_xcomargs.py for tasks to queue
[2024-10-20T19:23:23.945-0300] {logging_mixin.py:190} INFO - [2024-10-20T19:23:23.945-0300] {dagbag.py:588} INFO - Filling up the DagBag from /mnt/c/Users/Pato_/OneDrive/Documentos/ITBA/PYTHON_DATA_APP/itba/lib/python3.10/site-packages/airflow/example_dags/example_xcomargs.py
[2024-10-20T19:23:23.988-0300] {processor.py:925} INFO - DAG(s) 'example_xcom_args', 'example_xcom_args_with_operators' retrieved from /mnt/c/Users/Pato_/OneDrive/Documentos/ITBA/PYTHON_DATA_APP/itba/lib/python3.10/site-packages/airflow/example_dags/example_xcomargs.py
[2024-10-20T19:23:24.007-0300] {logging_mixin.py:190} INFO - [2024-10-20T19:23:24.006-0300] {dag.py:3239} INFO - Sync 2 DAGs
[2024-10-20T19:23:24.016-0300] {logging_mixin.py:190} INFO - [2024-10-20T19:23:24.015-0300] {dag.py:4180} INFO - Setting next_dagrun for example_xcom_args to None, run_after=None
[2024-10-20T19:23:24.019-0300] {logging_mixin.py:190} INFO - [2024-10-20T19:23:24.019-0300] {dag.py:4180} INFO - Setting next_dagrun for example_xcom_args_with_operators to None, run_after=None
[2024-10-20T19:23:24.054-0300] {processor.py:208} INFO - Processing /mnt/c/Users/Pato_/OneDrive/Documentos/ITBA/PYTHON_DATA_APP/itba/lib/python3.10/site-packages/airflow/example_dags/example_xcomargs.py took 0.119 seconds
[2024-10-20T19:24:28.563-0300] {processor.py:186} INFO - Started process (PID=312124) to work on /mnt/c/Users/Pato_/OneDrive/Documentos/ITBA/PYTHON_DATA_APP/itba/lib/python3.10/site-packages/airflow/example_dags/example_xcomargs.py
[2024-10-20T19:24:28.564-0300] {processor.py:914} INFO - Processing file /mnt/c/Users/Pato_/OneDrive/Documentos/ITBA/PYTHON_DATA_APP/itba/lib/python3.10/site-packages/airflow/example_dags/example_xcomargs.py for tasks to queue
[2024-10-20T19:24:28.566-0300] {logging_mixin.py:190} INFO - [2024-10-20T19:24:28.565-0300] {dagbag.py:588} INFO - Filling up the DagBag from /mnt/c/Users/Pato_/OneDrive/Documentos/ITBA/PYTHON_DATA_APP/itba/lib/python3.10/site-packages/airflow/example_dags/example_xcomargs.py
[2024-10-20T19:24:28.607-0300] {processor.py:925} INFO - DAG(s) 'example_xcom_args', 'example_xcom_args_with_operators' retrieved from /mnt/c/Users/Pato_/OneDrive/Documentos/ITBA/PYTHON_DATA_APP/itba/lib/python3.10/site-packages/airflow/example_dags/example_xcomargs.py
[2024-10-20T19:24:28.625-0300] {logging_mixin.py:190} INFO - [2024-10-20T19:24:28.624-0300] {dag.py:3239} INFO - Sync 2 DAGs
[2024-10-20T19:24:28.634-0300] {logging_mixin.py:190} INFO - [2024-10-20T19:24:28.634-0300] {dag.py:4180} INFO - Setting next_dagrun for example_xcom_args to None, run_after=None
[2024-10-20T19:24:28.638-0300] {logging_mixin.py:190} INFO - [2024-10-20T19:24:28.637-0300] {dag.py:4180} INFO - Setting next_dagrun for example_xcom_args_with_operators to None, run_after=None
[2024-10-20T19:24:28.665-0300] {processor.py:208} INFO - Processing /mnt/c/Users/Pato_/OneDrive/Documentos/ITBA/PYTHON_DATA_APP/itba/lib/python3.10/site-packages/airflow/example_dags/example_xcomargs.py took 0.110 seconds
[2024-10-20T19:26:07.121-0300] {processor.py:186} INFO - Started process (PID=313471) to work on /mnt/c/Users/Pato_/OneDrive/Documentos/ITBA/PYTHON_DATA_APP/itba/lib/python3.10/site-packages/airflow/example_dags/example_xcomargs.py
[2024-10-20T19:26:07.122-0300] {processor.py:914} INFO - Processing file /mnt/c/Users/Pato_/OneDrive/Documentos/ITBA/PYTHON_DATA_APP/itba/lib/python3.10/site-packages/airflow/example_dags/example_xcomargs.py for tasks to queue
[2024-10-20T19:26:07.124-0300] {logging_mixin.py:190} INFO - [2024-10-20T19:26:07.124-0300] {dagbag.py:588} INFO - Filling up the DagBag from /mnt/c/Users/Pato_/OneDrive/Documentos/ITBA/PYTHON_DATA_APP/itba/lib/python3.10/site-packages/airflow/example_dags/example_xcomargs.py
[2024-10-20T19:26:07.166-0300] {processor.py:925} INFO - DAG(s) 'example_xcom_args', 'example_xcom_args_with_operators' retrieved from /mnt/c/Users/Pato_/OneDrive/Documentos/ITBA/PYTHON_DATA_APP/itba/lib/python3.10/site-packages/airflow/example_dags/example_xcomargs.py
[2024-10-20T19:26:07.183-0300] {logging_mixin.py:190} INFO - [2024-10-20T19:26:07.183-0300] {dag.py:3239} INFO - Sync 2 DAGs
[2024-10-20T19:26:07.192-0300] {logging_mixin.py:190} INFO - [2024-10-20T19:26:07.192-0300] {dag.py:4180} INFO - Setting next_dagrun for example_xcom_args to None, run_after=None
[2024-10-20T19:26:07.195-0300] {logging_mixin.py:190} INFO - [2024-10-20T19:26:07.195-0300] {dag.py:4180} INFO - Setting next_dagrun for example_xcom_args_with_operators to None, run_after=None
[2024-10-20T19:26:07.229-0300] {processor.py:208} INFO - Processing /mnt/c/Users/Pato_/OneDrive/Documentos/ITBA/PYTHON_DATA_APP/itba/lib/python3.10/site-packages/airflow/example_dags/example_xcomargs.py took 0.114 seconds
[2024-10-20T19:27:12.091-0300] {processor.py:186} INFO - Started process (PID=314164) to work on /mnt/c/Users/Pato_/OneDrive/Documentos/ITBA/PYTHON_DATA_APP/itba/lib/python3.10/site-packages/airflow/example_dags/example_xcomargs.py
[2024-10-20T19:27:12.092-0300] {processor.py:914} INFO - Processing file /mnt/c/Users/Pato_/OneDrive/Documentos/ITBA/PYTHON_DATA_APP/itba/lib/python3.10/site-packages/airflow/example_dags/example_xcomargs.py for tasks to queue
[2024-10-20T19:27:12.094-0300] {logging_mixin.py:190} INFO - [2024-10-20T19:27:12.093-0300] {dagbag.py:588} INFO - Filling up the DagBag from /mnt/c/Users/Pato_/OneDrive/Documentos/ITBA/PYTHON_DATA_APP/itba/lib/python3.10/site-packages/airflow/example_dags/example_xcomargs.py
[2024-10-20T19:27:12.135-0300] {processor.py:925} INFO - DAG(s) 'example_xcom_args', 'example_xcom_args_with_operators' retrieved from /mnt/c/Users/Pato_/OneDrive/Documentos/ITBA/PYTHON_DATA_APP/itba/lib/python3.10/site-packages/airflow/example_dags/example_xcomargs.py
[2024-10-20T19:27:12.153-0300] {logging_mixin.py:190} INFO - [2024-10-20T19:27:12.153-0300] {dag.py:3239} INFO - Sync 2 DAGs
[2024-10-20T19:27:12.163-0300] {logging_mixin.py:190} INFO - [2024-10-20T19:27:12.162-0300] {dag.py:4180} INFO - Setting next_dagrun for example_xcom_args to None, run_after=None
[2024-10-20T19:27:12.166-0300] {logging_mixin.py:190} INFO - [2024-10-20T19:27:12.166-0300] {dag.py:4180} INFO - Setting next_dagrun for example_xcom_args_with_operators to None, run_after=None
[2024-10-20T19:27:12.199-0300] {processor.py:208} INFO - Processing /mnt/c/Users/Pato_/OneDrive/Documentos/ITBA/PYTHON_DATA_APP/itba/lib/python3.10/site-packages/airflow/example_dags/example_xcomargs.py took 0.115 seconds
[2024-10-20T19:28:19.690-0300] {processor.py:186} INFO - Started process (PID=315026) to work on /mnt/c/Users/Pato_/OneDrive/Documentos/ITBA/PYTHON_DATA_APP/itba/lib/python3.10/site-packages/airflow/example_dags/example_xcomargs.py
[2024-10-20T19:28:19.691-0300] {processor.py:914} INFO - Processing file /mnt/c/Users/Pato_/OneDrive/Documentos/ITBA/PYTHON_DATA_APP/itba/lib/python3.10/site-packages/airflow/example_dags/example_xcomargs.py for tasks to queue
[2024-10-20T19:28:19.693-0300] {logging_mixin.py:190} INFO - [2024-10-20T19:28:19.693-0300] {dagbag.py:588} INFO - Filling up the DagBag from /mnt/c/Users/Pato_/OneDrive/Documentos/ITBA/PYTHON_DATA_APP/itba/lib/python3.10/site-packages/airflow/example_dags/example_xcomargs.py
[2024-10-20T19:28:19.736-0300] {processor.py:925} INFO - DAG(s) 'example_xcom_args', 'example_xcom_args_with_operators' retrieved from /mnt/c/Users/Pato_/OneDrive/Documentos/ITBA/PYTHON_DATA_APP/itba/lib/python3.10/site-packages/airflow/example_dags/example_xcomargs.py
[2024-10-20T19:28:19.755-0300] {logging_mixin.py:190} INFO - [2024-10-20T19:28:19.755-0300] {dag.py:3239} INFO - Sync 2 DAGs
[2024-10-20T19:28:19.765-0300] {logging_mixin.py:190} INFO - [2024-10-20T19:28:19.764-0300] {dag.py:4180} INFO - Setting next_dagrun for example_xcom_args to None, run_after=None
[2024-10-20T19:28:19.769-0300] {logging_mixin.py:190} INFO - [2024-10-20T19:28:19.768-0300] {dag.py:4180} INFO - Setting next_dagrun for example_xcom_args_with_operators to None, run_after=None
[2024-10-20T19:28:19.800-0300] {processor.py:208} INFO - Processing /mnt/c/Users/Pato_/OneDrive/Documentos/ITBA/PYTHON_DATA_APP/itba/lib/python3.10/site-packages/airflow/example_dags/example_xcomargs.py took 0.117 seconds
[2024-10-20T19:29:26.289-0300] {processor.py:186} INFO - Started process (PID=315751) to work on /mnt/c/Users/Pato_/OneDrive/Documentos/ITBA/PYTHON_DATA_APP/itba/lib/python3.10/site-packages/airflow/example_dags/example_xcomargs.py
[2024-10-20T19:29:26.290-0300] {processor.py:914} INFO - Processing file /mnt/c/Users/Pato_/OneDrive/Documentos/ITBA/PYTHON_DATA_APP/itba/lib/python3.10/site-packages/airflow/example_dags/example_xcomargs.py for tasks to queue
[2024-10-20T19:29:26.292-0300] {logging_mixin.py:190} INFO - [2024-10-20T19:29:26.292-0300] {dagbag.py:588} INFO - Filling up the DagBag from /mnt/c/Users/Pato_/OneDrive/Documentos/ITBA/PYTHON_DATA_APP/itba/lib/python3.10/site-packages/airflow/example_dags/example_xcomargs.py
[2024-10-20T19:29:26.334-0300] {processor.py:925} INFO - DAG(s) 'example_xcom_args', 'example_xcom_args_with_operators' retrieved from /mnt/c/Users/Pato_/OneDrive/Documentos/ITBA/PYTHON_DATA_APP/itba/lib/python3.10/site-packages/airflow/example_dags/example_xcomargs.py
[2024-10-20T19:29:26.352-0300] {logging_mixin.py:190} INFO - [2024-10-20T19:29:26.352-0300] {dag.py:3239} INFO - Sync 2 DAGs
[2024-10-20T19:29:26.362-0300] {logging_mixin.py:190} INFO - [2024-10-20T19:29:26.362-0300] {dag.py:4180} INFO - Setting next_dagrun for example_xcom_args to None, run_after=None
[2024-10-20T19:29:26.366-0300] {logging_mixin.py:190} INFO - [2024-10-20T19:29:26.365-0300] {dag.py:4180} INFO - Setting next_dagrun for example_xcom_args_with_operators to None, run_after=None
[2024-10-20T19:29:26.394-0300] {processor.py:208} INFO - Processing /mnt/c/Users/Pato_/OneDrive/Documentos/ITBA/PYTHON_DATA_APP/itba/lib/python3.10/site-packages/airflow/example_dags/example_xcomargs.py took 0.112 seconds
[2024-10-20T19:30:39.684-0300] {processor.py:186} INFO - Started process (PID=316424) to work on /mnt/c/Users/Pato_/OneDrive/Documentos/ITBA/PYTHON_DATA_APP/itba/lib/python3.10/site-packages/airflow/example_dags/example_xcomargs.py
[2024-10-20T19:30:39.685-0300] {processor.py:914} INFO - Processing file /mnt/c/Users/Pato_/OneDrive/Documentos/ITBA/PYTHON_DATA_APP/itba/lib/python3.10/site-packages/airflow/example_dags/example_xcomargs.py for tasks to queue
[2024-10-20T19:30:39.687-0300] {logging_mixin.py:190} INFO - [2024-10-20T19:30:39.686-0300] {dagbag.py:588} INFO - Filling up the DagBag from /mnt/c/Users/Pato_/OneDrive/Documentos/ITBA/PYTHON_DATA_APP/itba/lib/python3.10/site-packages/airflow/example_dags/example_xcomargs.py
[2024-10-20T19:30:39.729-0300] {processor.py:925} INFO - DAG(s) 'example_xcom_args', 'example_xcom_args_with_operators' retrieved from /mnt/c/Users/Pato_/OneDrive/Documentos/ITBA/PYTHON_DATA_APP/itba/lib/python3.10/site-packages/airflow/example_dags/example_xcomargs.py
[2024-10-20T19:30:39.747-0300] {logging_mixin.py:190} INFO - [2024-10-20T19:30:39.747-0300] {dag.py:3239} INFO - Sync 2 DAGs
[2024-10-20T19:30:39.756-0300] {logging_mixin.py:190} INFO - [2024-10-20T19:30:39.755-0300] {dag.py:4180} INFO - Setting next_dagrun for example_xcom_args to None, run_after=None
[2024-10-20T19:30:39.759-0300] {logging_mixin.py:190} INFO - [2024-10-20T19:30:39.758-0300] {dag.py:4180} INFO - Setting next_dagrun for example_xcom_args_with_operators to None, run_after=None
[2024-10-20T19:30:39.787-0300] {processor.py:208} INFO - Processing /mnt/c/Users/Pato_/OneDrive/Documentos/ITBA/PYTHON_DATA_APP/itba/lib/python3.10/site-packages/airflow/example_dags/example_xcomargs.py took 0.110 seconds
[2024-10-20T19:31:46.217-0300] {processor.py:186} INFO - Started process (PID=316945) to work on /mnt/c/Users/Pato_/OneDrive/Documentos/ITBA/PYTHON_DATA_APP/itba/lib/python3.10/site-packages/airflow/example_dags/example_xcomargs.py
[2024-10-20T19:31:46.218-0300] {processor.py:914} INFO - Processing file /mnt/c/Users/Pato_/OneDrive/Documentos/ITBA/PYTHON_DATA_APP/itba/lib/python3.10/site-packages/airflow/example_dags/example_xcomargs.py for tasks to queue
[2024-10-20T19:31:46.220-0300] {logging_mixin.py:190} INFO - [2024-10-20T19:31:46.219-0300] {dagbag.py:588} INFO - Filling up the DagBag from /mnt/c/Users/Pato_/OneDrive/Documentos/ITBA/PYTHON_DATA_APP/itba/lib/python3.10/site-packages/airflow/example_dags/example_xcomargs.py
[2024-10-20T19:31:46.272-0300] {processor.py:925} INFO - DAG(s) 'example_xcom_args_with_operators', 'example_xcom_args' retrieved from /mnt/c/Users/Pato_/OneDrive/Documentos/ITBA/PYTHON_DATA_APP/itba/lib/python3.10/site-packages/airflow/example_dags/example_xcomargs.py
[2024-10-20T19:31:46.293-0300] {logging_mixin.py:190} INFO - [2024-10-20T19:31:46.292-0300] {dag.py:3239} INFO - Sync 2 DAGs
[2024-10-20T19:31:46.303-0300] {logging_mixin.py:190} INFO - [2024-10-20T19:31:46.302-0300] {dag.py:4180} INFO - Setting next_dagrun for example_xcom_args to None, run_after=None
[2024-10-20T19:31:46.307-0300] {logging_mixin.py:190} INFO - [2024-10-20T19:31:46.306-0300] {dag.py:4180} INFO - Setting next_dagrun for example_xcom_args_with_operators to None, run_after=None
[2024-10-20T19:31:46.338-0300] {processor.py:208} INFO - Processing /mnt/c/Users/Pato_/OneDrive/Documentos/ITBA/PYTHON_DATA_APP/itba/lib/python3.10/site-packages/airflow/example_dags/example_xcomargs.py took 0.129 seconds
[2024-10-20T19:32:52.597-0300] {processor.py:186} INFO - Started process (PID=317466) to work on /mnt/c/Users/Pato_/OneDrive/Documentos/ITBA/PYTHON_DATA_APP/itba/lib/python3.10/site-packages/airflow/example_dags/example_xcomargs.py
[2024-10-20T19:32:52.598-0300] {processor.py:914} INFO - Processing file /mnt/c/Users/Pato_/OneDrive/Documentos/ITBA/PYTHON_DATA_APP/itba/lib/python3.10/site-packages/airflow/example_dags/example_xcomargs.py for tasks to queue
[2024-10-20T19:32:52.600-0300] {logging_mixin.py:190} INFO - [2024-10-20T19:32:52.600-0300] {dagbag.py:588} INFO - Filling up the DagBag from /mnt/c/Users/Pato_/OneDrive/Documentos/ITBA/PYTHON_DATA_APP/itba/lib/python3.10/site-packages/airflow/example_dags/example_xcomargs.py
[2024-10-20T19:32:52.641-0300] {processor.py:925} INFO - DAG(s) 'example_xcom_args_with_operators', 'example_xcom_args' retrieved from /mnt/c/Users/Pato_/OneDrive/Documentos/ITBA/PYTHON_DATA_APP/itba/lib/python3.10/site-packages/airflow/example_dags/example_xcomargs.py
[2024-10-20T19:32:52.658-0300] {logging_mixin.py:190} INFO - [2024-10-20T19:32:52.658-0300] {dag.py:3239} INFO - Sync 2 DAGs
[2024-10-20T19:32:52.667-0300] {logging_mixin.py:190} INFO - [2024-10-20T19:32:52.666-0300] {dag.py:4180} INFO - Setting next_dagrun for example_xcom_args to None, run_after=None
[2024-10-20T19:32:52.670-0300] {logging_mixin.py:190} INFO - [2024-10-20T19:32:52.670-0300] {dag.py:4180} INFO - Setting next_dagrun for example_xcom_args_with_operators to None, run_after=None
[2024-10-20T19:32:52.697-0300] {processor.py:208} INFO - Processing /mnt/c/Users/Pato_/OneDrive/Documentos/ITBA/PYTHON_DATA_APP/itba/lib/python3.10/site-packages/airflow/example_dags/example_xcomargs.py took 0.107 seconds
[2024-10-20T19:33:58.905-0300] {processor.py:186} INFO - Started process (PID=318119) to work on /mnt/c/Users/Pato_/OneDrive/Documentos/ITBA/PYTHON_DATA_APP/itba/lib/python3.10/site-packages/airflow/example_dags/example_xcomargs.py
[2024-10-20T19:33:58.906-0300] {processor.py:914} INFO - Processing file /mnt/c/Users/Pato_/OneDrive/Documentos/ITBA/PYTHON_DATA_APP/itba/lib/python3.10/site-packages/airflow/example_dags/example_xcomargs.py for tasks to queue
[2024-10-20T19:33:58.908-0300] {logging_mixin.py:190} INFO - [2024-10-20T19:33:58.907-0300] {dagbag.py:588} INFO - Filling up the DagBag from /mnt/c/Users/Pato_/OneDrive/Documentos/ITBA/PYTHON_DATA_APP/itba/lib/python3.10/site-packages/airflow/example_dags/example_xcomargs.py
[2024-10-20T19:33:58.952-0300] {processor.py:925} INFO - DAG(s) 'example_xcom_args_with_operators', 'example_xcom_args' retrieved from /mnt/c/Users/Pato_/OneDrive/Documentos/ITBA/PYTHON_DATA_APP/itba/lib/python3.10/site-packages/airflow/example_dags/example_xcomargs.py
[2024-10-20T19:33:58.971-0300] {logging_mixin.py:190} INFO - [2024-10-20T19:33:58.971-0300] {dag.py:3239} INFO - Sync 2 DAGs
[2024-10-20T19:33:58.980-0300] {logging_mixin.py:190} INFO - [2024-10-20T19:33:58.979-0300] {dag.py:4180} INFO - Setting next_dagrun for example_xcom_args to None, run_after=None
[2024-10-20T19:33:58.983-0300] {logging_mixin.py:190} INFO - [2024-10-20T19:33:58.983-0300] {dag.py:4180} INFO - Setting next_dagrun for example_xcom_args_with_operators to None, run_after=None
[2024-10-20T19:33:59.011-0300] {processor.py:208} INFO - Processing /mnt/c/Users/Pato_/OneDrive/Documentos/ITBA/PYTHON_DATA_APP/itba/lib/python3.10/site-packages/airflow/example_dags/example_xcomargs.py took 0.114 seconds
[2024-10-20T19:35:08.811-0300] {processor.py:186} INFO - Started process (PID=318904) to work on /mnt/c/Users/Pato_/OneDrive/Documentos/ITBA/PYTHON_DATA_APP/itba/lib/python3.10/site-packages/airflow/example_dags/example_xcomargs.py
[2024-10-20T19:35:08.812-0300] {processor.py:914} INFO - Processing file /mnt/c/Users/Pato_/OneDrive/Documentos/ITBA/PYTHON_DATA_APP/itba/lib/python3.10/site-packages/airflow/example_dags/example_xcomargs.py for tasks to queue
[2024-10-20T19:35:08.814-0300] {logging_mixin.py:190} INFO - [2024-10-20T19:35:08.813-0300] {dagbag.py:588} INFO - Filling up the DagBag from /mnt/c/Users/Pato_/OneDrive/Documentos/ITBA/PYTHON_DATA_APP/itba/lib/python3.10/site-packages/airflow/example_dags/example_xcomargs.py
[2024-10-20T19:35:08.856-0300] {processor.py:925} INFO - DAG(s) 'example_xcom_args_with_operators', 'example_xcom_args' retrieved from /mnt/c/Users/Pato_/OneDrive/Documentos/ITBA/PYTHON_DATA_APP/itba/lib/python3.10/site-packages/airflow/example_dags/example_xcomargs.py
[2024-10-20T19:35:08.873-0300] {logging_mixin.py:190} INFO - [2024-10-20T19:35:08.873-0300] {dag.py:3239} INFO - Sync 2 DAGs
[2024-10-20T19:35:08.882-0300] {logging_mixin.py:190} INFO - [2024-10-20T19:35:08.881-0300] {dag.py:4180} INFO - Setting next_dagrun for example_xcom_args to None, run_after=None
[2024-10-20T19:35:08.885-0300] {logging_mixin.py:190} INFO - [2024-10-20T19:35:08.885-0300] {dag.py:4180} INFO - Setting next_dagrun for example_xcom_args_with_operators to None, run_after=None
[2024-10-20T19:35:08.912-0300] {processor.py:208} INFO - Processing /mnt/c/Users/Pato_/OneDrive/Documentos/ITBA/PYTHON_DATA_APP/itba/lib/python3.10/site-packages/airflow/example_dags/example_xcomargs.py took 0.108 seconds
[2024-10-20T19:36:18.043-0300] {processor.py:186} INFO - Started process (PID=319496) to work on /mnt/c/Users/Pato_/OneDrive/Documentos/ITBA/PYTHON_DATA_APP/itba/lib/python3.10/site-packages/airflow/example_dags/example_xcomargs.py
[2024-10-20T19:36:18.044-0300] {processor.py:914} INFO - Processing file /mnt/c/Users/Pato_/OneDrive/Documentos/ITBA/PYTHON_DATA_APP/itba/lib/python3.10/site-packages/airflow/example_dags/example_xcomargs.py for tasks to queue
[2024-10-20T19:36:18.046-0300] {logging_mixin.py:190} INFO - [2024-10-20T19:36:18.045-0300] {dagbag.py:588} INFO - Filling up the DagBag from /mnt/c/Users/Pato_/OneDrive/Documentos/ITBA/PYTHON_DATA_APP/itba/lib/python3.10/site-packages/airflow/example_dags/example_xcomargs.py
[2024-10-20T19:36:18.085-0300] {processor.py:925} INFO - DAG(s) 'example_xcom_args', 'example_xcom_args_with_operators' retrieved from /mnt/c/Users/Pato_/OneDrive/Documentos/ITBA/PYTHON_DATA_APP/itba/lib/python3.10/site-packages/airflow/example_dags/example_xcomargs.py
[2024-10-20T19:36:18.102-0300] {logging_mixin.py:190} INFO - [2024-10-20T19:36:18.101-0300] {dag.py:3239} INFO - Sync 2 DAGs
[2024-10-20T19:36:18.110-0300] {logging_mixin.py:190} INFO - [2024-10-20T19:36:18.110-0300] {dag.py:4180} INFO - Setting next_dagrun for example_xcom_args to None, run_after=None
[2024-10-20T19:36:18.114-0300] {logging_mixin.py:190} INFO - [2024-10-20T19:36:18.113-0300] {dag.py:4180} INFO - Setting next_dagrun for example_xcom_args_with_operators to None, run_after=None
[2024-10-20T19:36:18.139-0300] {processor.py:208} INFO - Processing /mnt/c/Users/Pato_/OneDrive/Documentos/ITBA/PYTHON_DATA_APP/itba/lib/python3.10/site-packages/airflow/example_dags/example_xcomargs.py took 0.103 seconds
[2024-10-20T19:37:27.111-0300] {processor.py:186} INFO - Started process (PID=320034) to work on /mnt/c/Users/Pato_/OneDrive/Documentos/ITBA/PYTHON_DATA_APP/itba/lib/python3.10/site-packages/airflow/example_dags/example_xcomargs.py
[2024-10-20T19:37:27.112-0300] {processor.py:914} INFO - Processing file /mnt/c/Users/Pato_/OneDrive/Documentos/ITBA/PYTHON_DATA_APP/itba/lib/python3.10/site-packages/airflow/example_dags/example_xcomargs.py for tasks to queue
[2024-10-20T19:37:27.114-0300] {logging_mixin.py:190} INFO - [2024-10-20T19:37:27.114-0300] {dagbag.py:588} INFO - Filling up the DagBag from /mnt/c/Users/Pato_/OneDrive/Documentos/ITBA/PYTHON_DATA_APP/itba/lib/python3.10/site-packages/airflow/example_dags/example_xcomargs.py
[2024-10-20T19:37:27.155-0300] {processor.py:925} INFO - DAG(s) 'example_xcom_args', 'example_xcom_args_with_operators' retrieved from /mnt/c/Users/Pato_/OneDrive/Documentos/ITBA/PYTHON_DATA_APP/itba/lib/python3.10/site-packages/airflow/example_dags/example_xcomargs.py
[2024-10-20T19:37:27.172-0300] {logging_mixin.py:190} INFO - [2024-10-20T19:37:27.172-0300] {dag.py:3239} INFO - Sync 2 DAGs
[2024-10-20T19:37:27.181-0300] {logging_mixin.py:190} INFO - [2024-10-20T19:37:27.181-0300] {dag.py:4180} INFO - Setting next_dagrun for example_xcom_args to None, run_after=None
[2024-10-20T19:37:27.184-0300] {logging_mixin.py:190} INFO - [2024-10-20T19:37:27.184-0300] {dag.py:4180} INFO - Setting next_dagrun for example_xcom_args_with_operators to None, run_after=None
[2024-10-20T19:37:27.212-0300] {processor.py:208} INFO - Processing /mnt/c/Users/Pato_/OneDrive/Documentos/ITBA/PYTHON_DATA_APP/itba/lib/python3.10/site-packages/airflow/example_dags/example_xcomargs.py took 0.107 seconds
[2024-10-20T19:38:31.989-0300] {processor.py:186} INFO - Started process (PID=320542) to work on /mnt/c/Users/Pato_/OneDrive/Documentos/ITBA/PYTHON_DATA_APP/itba/lib/python3.10/site-packages/airflow/example_dags/example_xcomargs.py
[2024-10-20T19:38:31.990-0300] {processor.py:914} INFO - Processing file /mnt/c/Users/Pato_/OneDrive/Documentos/ITBA/PYTHON_DATA_APP/itba/lib/python3.10/site-packages/airflow/example_dags/example_xcomargs.py for tasks to queue
[2024-10-20T19:38:31.992-0300] {logging_mixin.py:190} INFO - [2024-10-20T19:38:31.992-0300] {dagbag.py:588} INFO - Filling up the DagBag from /mnt/c/Users/Pato_/OneDrive/Documentos/ITBA/PYTHON_DATA_APP/itba/lib/python3.10/site-packages/airflow/example_dags/example_xcomargs.py
[2024-10-20T19:38:32.033-0300] {processor.py:925} INFO - DAG(s) 'example_xcom_args', 'example_xcom_args_with_operators' retrieved from /mnt/c/Users/Pato_/OneDrive/Documentos/ITBA/PYTHON_DATA_APP/itba/lib/python3.10/site-packages/airflow/example_dags/example_xcomargs.py
[2024-10-20T19:38:32.051-0300] {logging_mixin.py:190} INFO - [2024-10-20T19:38:32.050-0300] {dag.py:3239} INFO - Sync 2 DAGs
[2024-10-20T19:38:32.060-0300] {logging_mixin.py:190} INFO - [2024-10-20T19:38:32.059-0300] {dag.py:4180} INFO - Setting next_dagrun for example_xcom_args to None, run_after=None
[2024-10-20T19:38:32.063-0300] {logging_mixin.py:190} INFO - [2024-10-20T19:38:32.062-0300] {dag.py:4180} INFO - Setting next_dagrun for example_xcom_args_with_operators to None, run_after=None
[2024-10-20T19:38:32.091-0300] {processor.py:208} INFO - Processing /mnt/c/Users/Pato_/OneDrive/Documentos/ITBA/PYTHON_DATA_APP/itba/lib/python3.10/site-packages/airflow/example_dags/example_xcomargs.py took 0.109 seconds
[2024-10-20T19:39:39.105-0300] {processor.py:186} INFO - Started process (PID=321126) to work on /mnt/c/Users/Pato_/OneDrive/Documentos/ITBA/PYTHON_DATA_APP/itba/lib/python3.10/site-packages/airflow/example_dags/example_xcomargs.py
[2024-10-20T19:39:39.106-0300] {processor.py:914} INFO - Processing file /mnt/c/Users/Pato_/OneDrive/Documentos/ITBA/PYTHON_DATA_APP/itba/lib/python3.10/site-packages/airflow/example_dags/example_xcomargs.py for tasks to queue
[2024-10-20T19:39:39.108-0300] {logging_mixin.py:190} INFO - [2024-10-20T19:39:39.108-0300] {dagbag.py:588} INFO - Filling up the DagBag from /mnt/c/Users/Pato_/OneDrive/Documentos/ITBA/PYTHON_DATA_APP/itba/lib/python3.10/site-packages/airflow/example_dags/example_xcomargs.py
[2024-10-20T19:39:39.149-0300] {processor.py:925} INFO - DAG(s) 'example_xcom_args_with_operators', 'example_xcom_args' retrieved from /mnt/c/Users/Pato_/OneDrive/Documentos/ITBA/PYTHON_DATA_APP/itba/lib/python3.10/site-packages/airflow/example_dags/example_xcomargs.py
[2024-10-20T19:39:39.167-0300] {logging_mixin.py:190} INFO - [2024-10-20T19:39:39.166-0300] {dag.py:3239} INFO - Sync 2 DAGs
[2024-10-20T19:39:39.175-0300] {logging_mixin.py:190} INFO - [2024-10-20T19:39:39.175-0300] {dag.py:4180} INFO - Setting next_dagrun for example_xcom_args to None, run_after=None
[2024-10-20T19:39:39.179-0300] {logging_mixin.py:190} INFO - [2024-10-20T19:39:39.178-0300] {dag.py:4180} INFO - Setting next_dagrun for example_xcom_args_with_operators to None, run_after=None
[2024-10-20T19:39:39.206-0300] {processor.py:208} INFO - Processing /mnt/c/Users/Pato_/OneDrive/Documentos/ITBA/PYTHON_DATA_APP/itba/lib/python3.10/site-packages/airflow/example_dags/example_xcomargs.py took 0.108 seconds
[2024-10-20T19:40:43.363-0300] {processor.py:186} INFO - Started process (PID=321950) to work on /mnt/c/Users/Pato_/OneDrive/Documentos/ITBA/PYTHON_DATA_APP/itba/lib/python3.10/site-packages/airflow/example_dags/example_xcomargs.py
[2024-10-20T19:40:43.364-0300] {processor.py:914} INFO - Processing file /mnt/c/Users/Pato_/OneDrive/Documentos/ITBA/PYTHON_DATA_APP/itba/lib/python3.10/site-packages/airflow/example_dags/example_xcomargs.py for tasks to queue
[2024-10-20T19:40:43.367-0300] {logging_mixin.py:190} INFO - [2024-10-20T19:40:43.366-0300] {dagbag.py:588} INFO - Filling up the DagBag from /mnt/c/Users/Pato_/OneDrive/Documentos/ITBA/PYTHON_DATA_APP/itba/lib/python3.10/site-packages/airflow/example_dags/example_xcomargs.py
[2024-10-20T19:40:43.412-0300] {processor.py:925} INFO - DAG(s) 'example_xcom_args', 'example_xcom_args_with_operators' retrieved from /mnt/c/Users/Pato_/OneDrive/Documentos/ITBA/PYTHON_DATA_APP/itba/lib/python3.10/site-packages/airflow/example_dags/example_xcomargs.py
[2024-10-20T19:40:43.431-0300] {logging_mixin.py:190} INFO - [2024-10-20T19:40:43.431-0300] {dag.py:3239} INFO - Sync 2 DAGs
[2024-10-20T19:40:43.441-0300] {logging_mixin.py:190} INFO - [2024-10-20T19:40:43.440-0300] {dag.py:4180} INFO - Setting next_dagrun for example_xcom_args to None, run_after=None
[2024-10-20T19:40:43.445-0300] {logging_mixin.py:190} INFO - [2024-10-20T19:40:43.444-0300] {dag.py:4180} INFO - Setting next_dagrun for example_xcom_args_with_operators to None, run_after=None
[2024-10-20T19:40:43.477-0300] {processor.py:208} INFO - Processing /mnt/c/Users/Pato_/OneDrive/Documentos/ITBA/PYTHON_DATA_APP/itba/lib/python3.10/site-packages/airflow/example_dags/example_xcomargs.py took 0.121 seconds
[2024-10-20T19:41:52.437-0300] {processor.py:186} INFO - Started process (PID=322489) to work on /mnt/c/Users/Pato_/OneDrive/Documentos/ITBA/PYTHON_DATA_APP/itba/lib/python3.10/site-packages/airflow/example_dags/example_xcomargs.py
[2024-10-20T19:41:52.437-0300] {processor.py:914} INFO - Processing file /mnt/c/Users/Pato_/OneDrive/Documentos/ITBA/PYTHON_DATA_APP/itba/lib/python3.10/site-packages/airflow/example_dags/example_xcomargs.py for tasks to queue
[2024-10-20T19:41:52.439-0300] {logging_mixin.py:190} INFO - [2024-10-20T19:41:52.439-0300] {dagbag.py:588} INFO - Filling up the DagBag from /mnt/c/Users/Pato_/OneDrive/Documentos/ITBA/PYTHON_DATA_APP/itba/lib/python3.10/site-packages/airflow/example_dags/example_xcomargs.py
[2024-10-20T19:41:52.479-0300] {processor.py:925} INFO - DAG(s) 'example_xcom_args', 'example_xcom_args_with_operators' retrieved from /mnt/c/Users/Pato_/OneDrive/Documentos/ITBA/PYTHON_DATA_APP/itba/lib/python3.10/site-packages/airflow/example_dags/example_xcomargs.py
[2024-10-20T19:41:52.497-0300] {logging_mixin.py:190} INFO - [2024-10-20T19:41:52.496-0300] {dag.py:3239} INFO - Sync 2 DAGs
[2024-10-20T19:41:52.505-0300] {logging_mixin.py:190} INFO - [2024-10-20T19:41:52.505-0300] {dag.py:4180} INFO - Setting next_dagrun for example_xcom_args to None, run_after=None
[2024-10-20T19:41:52.509-0300] {logging_mixin.py:190} INFO - [2024-10-20T19:41:52.508-0300] {dag.py:4180} INFO - Setting next_dagrun for example_xcom_args_with_operators to None, run_after=None
[2024-10-20T19:41:52.537-0300] {processor.py:208} INFO - Processing /mnt/c/Users/Pato_/OneDrive/Documentos/ITBA/PYTHON_DATA_APP/itba/lib/python3.10/site-packages/airflow/example_dags/example_xcomargs.py took 0.107 seconds
