[2024-10-20T19:02:09.455-0300] {processor.py:186} INFO - Started process (PID=299659) to work on /mnt/c/Users/Pato_/OneDrive/Documentos/ITBA/PYTHON_DATA_APP/itba/lib/python3.10/site-packages/airflow/example_dags/example_branch_datetime_operator.py
[2024-10-20T19:02:09.456-0300] {processor.py:914} INFO - Processing file /mnt/c/Users/Pato_/OneDrive/Documentos/ITBA/PYTHON_DATA_APP/itba/lib/python3.10/site-packages/airflow/example_dags/example_branch_datetime_operator.py for tasks to queue
[2024-10-20T19:02:09.458-0300] {logging_mixin.py:190} INFO - [2024-10-20T19:02:09.458-0300] {dagbag.py:588} INFO - Filling up the DagBag from /mnt/c/Users/Pato_/OneDrive/Documentos/ITBA/PYTHON_DATA_APP/itba/lib/python3.10/site-packages/airflow/example_dags/example_branch_datetime_operator.py
[2024-10-20T19:02:09.512-0300] {processor.py:925} INFO - DAG(s) 'example_branch_datetime_operator_2', 'example_branch_datetime_operator', 'example_branch_datetime_operator_3' retrieved from /mnt/c/Users/Pato_/OneDrive/Documentos/ITBA/PYTHON_DATA_APP/itba/lib/python3.10/site-packages/airflow/example_dags/example_branch_datetime_operator.py
[2024-10-20T19:02:10.229-0300] {logging_mixin.py:190} INFO - [2024-10-20T19:02:10.229-0300] {override.py:1907} INFO - Created Permission View: can read on DAG:example_branch_datetime_operator_2
[2024-10-20T19:02:10.250-0300] {logging_mixin.py:190} INFO - [2024-10-20T19:02:10.249-0300] {override.py:1907} INFO - Created Permission View: can delete on DAG:example_branch_datetime_operator_2
[2024-10-20T19:02:10.270-0300] {logging_mixin.py:190} INFO - [2024-10-20T19:02:10.270-0300] {override.py:1907} INFO - Created Permission View: can edit on DAG:example_branch_datetime_operator_2
[2024-10-20T19:02:10.300-0300] {logging_mixin.py:190} INFO - [2024-10-20T19:02:10.299-0300] {override.py:1907} INFO - Created Permission View: can read on DAG Run:example_branch_datetime_operator_2
[2024-10-20T19:02:10.319-0300] {logging_mixin.py:190} INFO - [2024-10-20T19:02:10.318-0300] {override.py:1907} INFO - Created Permission View: can delete on DAG Run:example_branch_datetime_operator_2
[2024-10-20T19:02:10.337-0300] {logging_mixin.py:190} INFO - [2024-10-20T19:02:10.337-0300] {override.py:1907} INFO - Created Permission View: can create on DAG Run:example_branch_datetime_operator_2
[2024-10-20T19:02:10.357-0300] {logging_mixin.py:190} INFO - [2024-10-20T19:02:10.356-0300] {override.py:1907} INFO - Created Permission View: menu access on DAG Run:example_branch_datetime_operator_2
[2024-10-20T19:02:10.393-0300] {logging_mixin.py:190} INFO - [2024-10-20T19:02:10.392-0300] {override.py:1907} INFO - Created Permission View: can read on DAG:example_branch_datetime_operator
[2024-10-20T19:02:10.411-0300] {logging_mixin.py:190} INFO - [2024-10-20T19:02:10.411-0300] {override.py:1907} INFO - Created Permission View: can delete on DAG:example_branch_datetime_operator
[2024-10-20T19:02:10.430-0300] {logging_mixin.py:190} INFO - [2024-10-20T19:02:10.430-0300] {override.py:1907} INFO - Created Permission View: can edit on DAG:example_branch_datetime_operator
[2024-10-20T19:02:10.460-0300] {logging_mixin.py:190} INFO - [2024-10-20T19:02:10.459-0300] {override.py:1907} INFO - Created Permission View: can read on DAG Run:example_branch_datetime_operator
[2024-10-20T19:02:10.479-0300] {logging_mixin.py:190} INFO - [2024-10-20T19:02:10.478-0300] {override.py:1907} INFO - Created Permission View: can delete on DAG Run:example_branch_datetime_operator
[2024-10-20T19:02:10.498-0300] {logging_mixin.py:190} INFO - [2024-10-20T19:02:10.498-0300] {override.py:1907} INFO - Created Permission View: can create on DAG Run:example_branch_datetime_operator
[2024-10-20T19:02:10.517-0300] {logging_mixin.py:190} INFO - [2024-10-20T19:02:10.517-0300] {override.py:1907} INFO - Created Permission View: menu access on DAG Run:example_branch_datetime_operator
[2024-10-20T19:02:10.555-0300] {logging_mixin.py:190} INFO - [2024-10-20T19:02:10.554-0300] {override.py:1907} INFO - Created Permission View: can read on DAG:example_branch_datetime_operator_3
[2024-10-20T19:02:10.576-0300] {logging_mixin.py:190} INFO - [2024-10-20T19:02:10.576-0300] {override.py:1907} INFO - Created Permission View: can delete on DAG:example_branch_datetime_operator_3
[2024-10-20T19:02:10.595-0300] {logging_mixin.py:190} INFO - [2024-10-20T19:02:10.594-0300] {override.py:1907} INFO - Created Permission View: can edit on DAG:example_branch_datetime_operator_3
[2024-10-20T19:02:10.625-0300] {logging_mixin.py:190} INFO - [2024-10-20T19:02:10.624-0300] {override.py:1907} INFO - Created Permission View: can read on DAG Run:example_branch_datetime_operator_3
[2024-10-20T19:02:10.643-0300] {logging_mixin.py:190} INFO - [2024-10-20T19:02:10.643-0300] {override.py:1907} INFO - Created Permission View: can delete on DAG Run:example_branch_datetime_operator_3
[2024-10-20T19:02:10.663-0300] {logging_mixin.py:190} INFO - [2024-10-20T19:02:10.662-0300] {override.py:1907} INFO - Created Permission View: can create on DAG Run:example_branch_datetime_operator_3
[2024-10-20T19:02:10.684-0300] {logging_mixin.py:190} INFO - [2024-10-20T19:02:10.683-0300] {override.py:1907} INFO - Created Permission View: menu access on DAG Run:example_branch_datetime_operator_3
[2024-10-20T19:02:10.686-0300] {logging_mixin.py:190} INFO - [2024-10-20T19:02:10.685-0300] {dag.py:3239} INFO - Sync 3 DAGs
[2024-10-20T19:02:10.697-0300] {logging_mixin.py:190} INFO - [2024-10-20T19:02:10.696-0300] {dag.py:3262} INFO - Creating ORM DAG for example_branch_datetime_operator_3
[2024-10-20T19:02:10.698-0300] {logging_mixin.py:190} INFO - [2024-10-20T19:02:10.698-0300] {dag.py:3262} INFO - Creating ORM DAG for example_branch_datetime_operator_2
[2024-10-20T19:02:10.700-0300] {logging_mixin.py:190} INFO - [2024-10-20T19:02:10.699-0300] {dag.py:3262} INFO - Creating ORM DAG for example_branch_datetime_operator
[2024-10-20T19:02:10.707-0300] {logging_mixin.py:190} INFO - [2024-10-20T19:02:10.706-0300] {dag.py:4180} INFO - Setting next_dagrun for example_branch_datetime_operator to 2024-10-19 00:00:00+00:00, run_after=2024-10-20 00:00:00+00:00
[2024-10-20T19:02:10.709-0300] {logging_mixin.py:190} INFO - [2024-10-20T19:02:10.708-0300] {dag.py:4180} INFO - Setting next_dagrun for example_branch_datetime_operator_2 to 2024-10-19 00:00:00+00:00, run_after=2024-10-20 00:00:00+00:00
[2024-10-20T19:02:10.710-0300] {logging_mixin.py:190} INFO - [2024-10-20T19:02:10.710-0300] {dag.py:4180} INFO - Setting next_dagrun for example_branch_datetime_operator_3 to 2024-10-19 00:00:00+00:00, run_after=2024-10-20 00:00:00+00:00
[2024-10-20T19:02:10.741-0300] {processor.py:208} INFO - Processing /mnt/c/Users/Pato_/OneDrive/Documentos/ITBA/PYTHON_DATA_APP/itba/lib/python3.10/site-packages/airflow/example_dags/example_branch_datetime_operator.py took 1.293 seconds
[2024-10-20T19:03:42.691-0300] {processor.py:186} INFO - Started process (PID=300390) to work on /mnt/c/Users/Pato_/OneDrive/Documentos/ITBA/PYTHON_DATA_APP/itba/lib/python3.10/site-packages/airflow/example_dags/example_branch_datetime_operator.py
[2024-10-20T19:03:42.692-0300] {processor.py:914} INFO - Processing file /mnt/c/Users/Pato_/OneDrive/Documentos/ITBA/PYTHON_DATA_APP/itba/lib/python3.10/site-packages/airflow/example_dags/example_branch_datetime_operator.py for tasks to queue
[2024-10-20T19:03:42.694-0300] {logging_mixin.py:190} INFO - [2024-10-20T19:03:42.693-0300] {dagbag.py:588} INFO - Filling up the DagBag from /mnt/c/Users/Pato_/OneDrive/Documentos/ITBA/PYTHON_DATA_APP/itba/lib/python3.10/site-packages/airflow/example_dags/example_branch_datetime_operator.py
[2024-10-20T19:03:42.746-0300] {processor.py:925} INFO - DAG(s) 'example_branch_datetime_operator', 'example_branch_datetime_operator_2', 'example_branch_datetime_operator_3' retrieved from /mnt/c/Users/Pato_/OneDrive/Documentos/ITBA/PYTHON_DATA_APP/itba/lib/python3.10/site-packages/airflow/example_dags/example_branch_datetime_operator.py
[2024-10-20T19:03:42.767-0300] {logging_mixin.py:190} INFO - [2024-10-20T19:03:42.767-0300] {dag.py:3239} INFO - Sync 3 DAGs
[2024-10-20T19:03:42.782-0300] {logging_mixin.py:190} INFO - [2024-10-20T19:03:42.782-0300] {dag.py:4180} INFO - Setting next_dagrun for example_branch_datetime_operator to 2024-10-19 00:00:00+00:00, run_after=2024-10-20 00:00:00+00:00
[2024-10-20T19:03:42.786-0300] {logging_mixin.py:190} INFO - [2024-10-20T19:03:42.786-0300] {dag.py:4180} INFO - Setting next_dagrun for example_branch_datetime_operator_2 to 2024-10-19 00:00:00+00:00, run_after=2024-10-20 00:00:00+00:00
[2024-10-20T19:03:42.789-0300] {logging_mixin.py:190} INFO - [2024-10-20T19:03:42.789-0300] {dag.py:4180} INFO - Setting next_dagrun for example_branch_datetime_operator_3 to 2024-10-19 00:00:00+00:00, run_after=2024-10-20 00:00:00+00:00
[2024-10-20T19:03:42.817-0300] {processor.py:208} INFO - Processing /mnt/c/Users/Pato_/OneDrive/Documentos/ITBA/PYTHON_DATA_APP/itba/lib/python3.10/site-packages/airflow/example_dags/example_branch_datetime_operator.py took 0.133 seconds
[2024-10-20T19:04:54.008-0300] {processor.py:186} INFO - Started process (PID=301197) to work on /mnt/c/Users/Pato_/OneDrive/Documentos/ITBA/PYTHON_DATA_APP/itba/lib/python3.10/site-packages/airflow/example_dags/example_branch_datetime_operator.py
[2024-10-20T19:04:54.009-0300] {processor.py:914} INFO - Processing file /mnt/c/Users/Pato_/OneDrive/Documentos/ITBA/PYTHON_DATA_APP/itba/lib/python3.10/site-packages/airflow/example_dags/example_branch_datetime_operator.py for tasks to queue
[2024-10-20T19:04:54.011-0300] {logging_mixin.py:190} INFO - [2024-10-20T19:04:54.011-0300] {dagbag.py:588} INFO - Filling up the DagBag from /mnt/c/Users/Pato_/OneDrive/Documentos/ITBA/PYTHON_DATA_APP/itba/lib/python3.10/site-packages/airflow/example_dags/example_branch_datetime_operator.py
[2024-10-20T19:04:54.064-0300] {processor.py:925} INFO - DAG(s) 'example_branch_datetime_operator_3', 'example_branch_datetime_operator', 'example_branch_datetime_operator_2' retrieved from /mnt/c/Users/Pato_/OneDrive/Documentos/ITBA/PYTHON_DATA_APP/itba/lib/python3.10/site-packages/airflow/example_dags/example_branch_datetime_operator.py
[2024-10-20T19:04:54.084-0300] {logging_mixin.py:190} INFO - [2024-10-20T19:04:54.084-0300] {dag.py:3239} INFO - Sync 3 DAGs
[2024-10-20T19:04:54.099-0300] {logging_mixin.py:190} INFO - [2024-10-20T19:04:54.098-0300] {dag.py:4180} INFO - Setting next_dagrun for example_branch_datetime_operator to 2024-10-19 00:00:00+00:00, run_after=2024-10-20 00:00:00+00:00
[2024-10-20T19:04:54.103-0300] {logging_mixin.py:190} INFO - [2024-10-20T19:04:54.102-0300] {dag.py:4180} INFO - Setting next_dagrun for example_branch_datetime_operator_2 to 2024-10-19 00:00:00+00:00, run_after=2024-10-20 00:00:00+00:00
[2024-10-20T19:04:54.106-0300] {logging_mixin.py:190} INFO - [2024-10-20T19:04:54.105-0300] {dag.py:4180} INFO - Setting next_dagrun for example_branch_datetime_operator_3 to 2024-10-19 00:00:00+00:00, run_after=2024-10-20 00:00:00+00:00
[2024-10-20T19:04:54.134-0300] {processor.py:208} INFO - Processing /mnt/c/Users/Pato_/OneDrive/Documentos/ITBA/PYTHON_DATA_APP/itba/lib/python3.10/site-packages/airflow/example_dags/example_branch_datetime_operator.py took 0.132 seconds
[2024-10-20T19:07:30.903-0300] {processor.py:186} INFO - Started process (PID=303331) to work on /mnt/c/Users/Pato_/OneDrive/Documentos/ITBA/PYTHON_DATA_APP/itba/lib/python3.10/site-packages/airflow/example_dags/example_branch_datetime_operator.py
[2024-10-20T19:07:30.904-0300] {processor.py:914} INFO - Processing file /mnt/c/Users/Pato_/OneDrive/Documentos/ITBA/PYTHON_DATA_APP/itba/lib/python3.10/site-packages/airflow/example_dags/example_branch_datetime_operator.py for tasks to queue
[2024-10-20T19:07:30.906-0300] {logging_mixin.py:190} INFO - [2024-10-20T19:07:30.905-0300] {dagbag.py:588} INFO - Filling up the DagBag from /mnt/c/Users/Pato_/OneDrive/Documentos/ITBA/PYTHON_DATA_APP/itba/lib/python3.10/site-packages/airflow/example_dags/example_branch_datetime_operator.py
[2024-10-20T19:07:30.960-0300] {processor.py:925} INFO - DAG(s) 'example_branch_datetime_operator', 'example_branch_datetime_operator_3', 'example_branch_datetime_operator_2' retrieved from /mnt/c/Users/Pato_/OneDrive/Documentos/ITBA/PYTHON_DATA_APP/itba/lib/python3.10/site-packages/airflow/example_dags/example_branch_datetime_operator.py
[2024-10-20T19:07:30.980-0300] {logging_mixin.py:190} INFO - [2024-10-20T19:07:30.980-0300] {dag.py:3239} INFO - Sync 3 DAGs
[2024-10-20T19:07:30.995-0300] {logging_mixin.py:190} INFO - [2024-10-20T19:07:30.994-0300] {dag.py:4180} INFO - Setting next_dagrun for example_branch_datetime_operator to 2024-10-19 00:00:00+00:00, run_after=2024-10-20 00:00:00+00:00
[2024-10-20T19:07:30.999-0300] {logging_mixin.py:190} INFO - [2024-10-20T19:07:30.998-0300] {dag.py:4180} INFO - Setting next_dagrun for example_branch_datetime_operator_2 to 2024-10-19 00:00:00+00:00, run_after=2024-10-20 00:00:00+00:00
[2024-10-20T19:07:31.002-0300] {logging_mixin.py:190} INFO - [2024-10-20T19:07:31.001-0300] {dag.py:4180} INFO - Setting next_dagrun for example_branch_datetime_operator_3 to 2024-10-19 00:00:00+00:00, run_after=2024-10-20 00:00:00+00:00
[2024-10-20T19:07:31.030-0300] {processor.py:208} INFO - Processing /mnt/c/Users/Pato_/OneDrive/Documentos/ITBA/PYTHON_DATA_APP/itba/lib/python3.10/site-packages/airflow/example_dags/example_branch_datetime_operator.py took 0.134 seconds
[2024-10-20T19:08:57.444-0300] {processor.py:186} INFO - Started process (PID=304017) to work on /mnt/c/Users/Pato_/OneDrive/Documentos/ITBA/PYTHON_DATA_APP/itba/lib/python3.10/site-packages/airflow/example_dags/example_branch_datetime_operator.py
[2024-10-20T19:08:57.445-0300] {processor.py:914} INFO - Processing file /mnt/c/Users/Pato_/OneDrive/Documentos/ITBA/PYTHON_DATA_APP/itba/lib/python3.10/site-packages/airflow/example_dags/example_branch_datetime_operator.py for tasks to queue
[2024-10-20T19:08:57.447-0300] {logging_mixin.py:190} INFO - [2024-10-20T19:08:57.446-0300] {dagbag.py:588} INFO - Filling up the DagBag from /mnt/c/Users/Pato_/OneDrive/Documentos/ITBA/PYTHON_DATA_APP/itba/lib/python3.10/site-packages/airflow/example_dags/example_branch_datetime_operator.py
[2024-10-20T19:08:57.498-0300] {processor.py:925} INFO - DAG(s) 'example_branch_datetime_operator', 'example_branch_datetime_operator_3', 'example_branch_datetime_operator_2' retrieved from /mnt/c/Users/Pato_/OneDrive/Documentos/ITBA/PYTHON_DATA_APP/itba/lib/python3.10/site-packages/airflow/example_dags/example_branch_datetime_operator.py
[2024-10-20T19:08:57.520-0300] {logging_mixin.py:190} INFO - [2024-10-20T19:08:57.520-0300] {dag.py:3239} INFO - Sync 3 DAGs
[2024-10-20T19:08:57.536-0300] {logging_mixin.py:190} INFO - [2024-10-20T19:08:57.535-0300] {dag.py:4180} INFO - Setting next_dagrun for example_branch_datetime_operator to 2024-10-19 00:00:00+00:00, run_after=2024-10-20 00:00:00+00:00
[2024-10-20T19:08:57.540-0300] {logging_mixin.py:190} INFO - [2024-10-20T19:08:57.540-0300] {dag.py:4180} INFO - Setting next_dagrun for example_branch_datetime_operator_2 to 2024-10-19 00:00:00+00:00, run_after=2024-10-20 00:00:00+00:00
[2024-10-20T19:08:57.543-0300] {logging_mixin.py:190} INFO - [2024-10-20T19:08:57.543-0300] {dag.py:4180} INFO - Setting next_dagrun for example_branch_datetime_operator_3 to 2024-10-19 00:00:00+00:00, run_after=2024-10-20 00:00:00+00:00
[2024-10-20T19:08:57.570-0300] {processor.py:208} INFO - Processing /mnt/c/Users/Pato_/OneDrive/Documentos/ITBA/PYTHON_DATA_APP/itba/lib/python3.10/site-packages/airflow/example_dags/example_branch_datetime_operator.py took 0.133 seconds
[2024-10-20T19:10:01.406-0300] {processor.py:186} INFO - Started process (PID=304610) to work on /mnt/c/Users/Pato_/OneDrive/Documentos/ITBA/PYTHON_DATA_APP/itba/lib/python3.10/site-packages/airflow/example_dags/example_branch_datetime_operator.py
[2024-10-20T19:10:01.407-0300] {processor.py:914} INFO - Processing file /mnt/c/Users/Pato_/OneDrive/Documentos/ITBA/PYTHON_DATA_APP/itba/lib/python3.10/site-packages/airflow/example_dags/example_branch_datetime_operator.py for tasks to queue
[2024-10-20T19:10:01.409-0300] {logging_mixin.py:190} INFO - [2024-10-20T19:10:01.408-0300] {dagbag.py:588} INFO - Filling up the DagBag from /mnt/c/Users/Pato_/OneDrive/Documentos/ITBA/PYTHON_DATA_APP/itba/lib/python3.10/site-packages/airflow/example_dags/example_branch_datetime_operator.py
[2024-10-20T19:10:01.459-0300] {processor.py:925} INFO - DAG(s) 'example_branch_datetime_operator', 'example_branch_datetime_operator_3', 'example_branch_datetime_operator_2' retrieved from /mnt/c/Users/Pato_/OneDrive/Documentos/ITBA/PYTHON_DATA_APP/itba/lib/python3.10/site-packages/airflow/example_dags/example_branch_datetime_operator.py
[2024-10-20T19:10:01.479-0300] {logging_mixin.py:190} INFO - [2024-10-20T19:10:01.478-0300] {dag.py:3239} INFO - Sync 3 DAGs
[2024-10-20T19:10:01.493-0300] {logging_mixin.py:190} INFO - [2024-10-20T19:10:01.493-0300] {dag.py:4180} INFO - Setting next_dagrun for example_branch_datetime_operator to 2024-10-19 00:00:00+00:00, run_after=2024-10-20 00:00:00+00:00
[2024-10-20T19:10:01.498-0300] {logging_mixin.py:190} INFO - [2024-10-20T19:10:01.497-0300] {dag.py:4180} INFO - Setting next_dagrun for example_branch_datetime_operator_2 to 2024-10-19 00:00:00+00:00, run_after=2024-10-20 00:00:00+00:00
[2024-10-20T19:10:01.500-0300] {logging_mixin.py:190} INFO - [2024-10-20T19:10:01.500-0300] {dag.py:4180} INFO - Setting next_dagrun for example_branch_datetime_operator_3 to 2024-10-19 00:00:00+00:00, run_after=2024-10-20 00:00:00+00:00
[2024-10-20T19:10:01.527-0300] {processor.py:208} INFO - Processing /mnt/c/Users/Pato_/OneDrive/Documentos/ITBA/PYTHON_DATA_APP/itba/lib/python3.10/site-packages/airflow/example_dags/example_branch_datetime_operator.py took 0.128 seconds
[2024-10-20T19:11:09.308-0300] {processor.py:186} INFO - Started process (PID=305139) to work on /mnt/c/Users/Pato_/OneDrive/Documentos/ITBA/PYTHON_DATA_APP/itba/lib/python3.10/site-packages/airflow/example_dags/example_branch_datetime_operator.py
[2024-10-20T19:11:09.309-0300] {processor.py:914} INFO - Processing file /mnt/c/Users/Pato_/OneDrive/Documentos/ITBA/PYTHON_DATA_APP/itba/lib/python3.10/site-packages/airflow/example_dags/example_branch_datetime_operator.py for tasks to queue
[2024-10-20T19:11:09.310-0300] {logging_mixin.py:190} INFO - [2024-10-20T19:11:09.310-0300] {dagbag.py:588} INFO - Filling up the DagBag from /mnt/c/Users/Pato_/OneDrive/Documentos/ITBA/PYTHON_DATA_APP/itba/lib/python3.10/site-packages/airflow/example_dags/example_branch_datetime_operator.py
[2024-10-20T19:11:09.361-0300] {processor.py:925} INFO - DAG(s) 'example_branch_datetime_operator_2', 'example_branch_datetime_operator_3', 'example_branch_datetime_operator' retrieved from /mnt/c/Users/Pato_/OneDrive/Documentos/ITBA/PYTHON_DATA_APP/itba/lib/python3.10/site-packages/airflow/example_dags/example_branch_datetime_operator.py
[2024-10-20T19:11:09.382-0300] {logging_mixin.py:190} INFO - [2024-10-20T19:11:09.381-0300] {dag.py:3239} INFO - Sync 3 DAGs
[2024-10-20T19:11:09.397-0300] {logging_mixin.py:190} INFO - [2024-10-20T19:11:09.396-0300] {dag.py:4180} INFO - Setting next_dagrun for example_branch_datetime_operator to 2024-10-19 00:00:00+00:00, run_after=2024-10-20 00:00:00+00:00
[2024-10-20T19:11:09.401-0300] {logging_mixin.py:190} INFO - [2024-10-20T19:11:09.400-0300] {dag.py:4180} INFO - Setting next_dagrun for example_branch_datetime_operator_2 to 2024-10-19 00:00:00+00:00, run_after=2024-10-20 00:00:00+00:00
[2024-10-20T19:11:09.404-0300] {logging_mixin.py:190} INFO - [2024-10-20T19:11:09.403-0300] {dag.py:4180} INFO - Setting next_dagrun for example_branch_datetime_operator_3 to 2024-10-19 00:00:00+00:00, run_after=2024-10-20 00:00:00+00:00
[2024-10-20T19:11:09.431-0300] {processor.py:208} INFO - Processing /mnt/c/Users/Pato_/OneDrive/Documentos/ITBA/PYTHON_DATA_APP/itba/lib/python3.10/site-packages/airflow/example_dags/example_branch_datetime_operator.py took 0.130 seconds
[2024-10-20T19:12:18.187-0300] {processor.py:186} INFO - Started process (PID=305677) to work on /mnt/c/Users/Pato_/OneDrive/Documentos/ITBA/PYTHON_DATA_APP/itba/lib/python3.10/site-packages/airflow/example_dags/example_branch_datetime_operator.py
[2024-10-20T19:12:18.188-0300] {processor.py:914} INFO - Processing file /mnt/c/Users/Pato_/OneDrive/Documentos/ITBA/PYTHON_DATA_APP/itba/lib/python3.10/site-packages/airflow/example_dags/example_branch_datetime_operator.py for tasks to queue
[2024-10-20T19:12:18.190-0300] {logging_mixin.py:190} INFO - [2024-10-20T19:12:18.190-0300] {dagbag.py:588} INFO - Filling up the DagBag from /mnt/c/Users/Pato_/OneDrive/Documentos/ITBA/PYTHON_DATA_APP/itba/lib/python3.10/site-packages/airflow/example_dags/example_branch_datetime_operator.py
[2024-10-20T19:12:18.242-0300] {processor.py:925} INFO - DAG(s) 'example_branch_datetime_operator_2', 'example_branch_datetime_operator_3', 'example_branch_datetime_operator' retrieved from /mnt/c/Users/Pato_/OneDrive/Documentos/ITBA/PYTHON_DATA_APP/itba/lib/python3.10/site-packages/airflow/example_dags/example_branch_datetime_operator.py
[2024-10-20T19:12:18.262-0300] {logging_mixin.py:190} INFO - [2024-10-20T19:12:18.262-0300] {dag.py:3239} INFO - Sync 3 DAGs
[2024-10-20T19:12:18.277-0300] {logging_mixin.py:190} INFO - [2024-10-20T19:12:18.277-0300] {dag.py:4180} INFO - Setting next_dagrun for example_branch_datetime_operator to 2024-10-19 00:00:00+00:00, run_after=2024-10-20 00:00:00+00:00
[2024-10-20T19:12:18.281-0300] {logging_mixin.py:190} INFO - [2024-10-20T19:12:18.281-0300] {dag.py:4180} INFO - Setting next_dagrun for example_branch_datetime_operator_2 to 2024-10-19 00:00:00+00:00, run_after=2024-10-20 00:00:00+00:00
[2024-10-20T19:12:18.284-0300] {logging_mixin.py:190} INFO - [2024-10-20T19:12:18.283-0300] {dag.py:4180} INFO - Setting next_dagrun for example_branch_datetime_operator_3 to 2024-10-19 00:00:00+00:00, run_after=2024-10-20 00:00:00+00:00
[2024-10-20T19:12:18.312-0300] {processor.py:208} INFO - Processing /mnt/c/Users/Pato_/OneDrive/Documentos/ITBA/PYTHON_DATA_APP/itba/lib/python3.10/site-packages/airflow/example_dags/example_branch_datetime_operator.py took 0.132 seconds
[2024-10-20T19:13:22.379-0300] {processor.py:186} INFO - Started process (PID=306183) to work on /mnt/c/Users/Pato_/OneDrive/Documentos/ITBA/PYTHON_DATA_APP/itba/lib/python3.10/site-packages/airflow/example_dags/example_branch_datetime_operator.py
[2024-10-20T19:13:22.380-0300] {processor.py:914} INFO - Processing file /mnt/c/Users/Pato_/OneDrive/Documentos/ITBA/PYTHON_DATA_APP/itba/lib/python3.10/site-packages/airflow/example_dags/example_branch_datetime_operator.py for tasks to queue
[2024-10-20T19:13:22.382-0300] {logging_mixin.py:190} INFO - [2024-10-20T19:13:22.381-0300] {dagbag.py:588} INFO - Filling up the DagBag from /mnt/c/Users/Pato_/OneDrive/Documentos/ITBA/PYTHON_DATA_APP/itba/lib/python3.10/site-packages/airflow/example_dags/example_branch_datetime_operator.py
[2024-10-20T19:13:22.432-0300] {processor.py:925} INFO - DAG(s) 'example_branch_datetime_operator', 'example_branch_datetime_operator_3', 'example_branch_datetime_operator_2' retrieved from /mnt/c/Users/Pato_/OneDrive/Documentos/ITBA/PYTHON_DATA_APP/itba/lib/python3.10/site-packages/airflow/example_dags/example_branch_datetime_operator.py
[2024-10-20T19:13:22.452-0300] {logging_mixin.py:190} INFO - [2024-10-20T19:13:22.452-0300] {dag.py:3239} INFO - Sync 3 DAGs
[2024-10-20T19:13:22.467-0300] {logging_mixin.py:190} INFO - [2024-10-20T19:13:22.467-0300] {dag.py:4180} INFO - Setting next_dagrun for example_branch_datetime_operator to 2024-10-19 00:00:00+00:00, run_after=2024-10-20 00:00:00+00:00
[2024-10-20T19:13:22.471-0300] {logging_mixin.py:190} INFO - [2024-10-20T19:13:22.471-0300] {dag.py:4180} INFO - Setting next_dagrun for example_branch_datetime_operator_2 to 2024-10-19 00:00:00+00:00, run_after=2024-10-20 00:00:00+00:00
[2024-10-20T19:13:22.474-0300] {logging_mixin.py:190} INFO - [2024-10-20T19:13:22.474-0300] {dag.py:4180} INFO - Setting next_dagrun for example_branch_datetime_operator_3 to 2024-10-19 00:00:00+00:00, run_after=2024-10-20 00:00:00+00:00
[2024-10-20T19:13:22.501-0300] {processor.py:208} INFO - Processing /mnt/c/Users/Pato_/OneDrive/Documentos/ITBA/PYTHON_DATA_APP/itba/lib/python3.10/site-packages/airflow/example_dags/example_branch_datetime_operator.py took 0.129 seconds
[2024-10-20T19:14:29.970-0300] {processor.py:186} INFO - Started process (PID=306707) to work on /mnt/c/Users/Pato_/OneDrive/Documentos/ITBA/PYTHON_DATA_APP/itba/lib/python3.10/site-packages/airflow/example_dags/example_branch_datetime_operator.py
[2024-10-20T19:14:29.971-0300] {processor.py:914} INFO - Processing file /mnt/c/Users/Pato_/OneDrive/Documentos/ITBA/PYTHON_DATA_APP/itba/lib/python3.10/site-packages/airflow/example_dags/example_branch_datetime_operator.py for tasks to queue
[2024-10-20T19:14:29.973-0300] {logging_mixin.py:190} INFO - [2024-10-20T19:14:29.972-0300] {dagbag.py:588} INFO - Filling up the DagBag from /mnt/c/Users/Pato_/OneDrive/Documentos/ITBA/PYTHON_DATA_APP/itba/lib/python3.10/site-packages/airflow/example_dags/example_branch_datetime_operator.py
[2024-10-20T19:14:30.023-0300] {processor.py:925} INFO - DAG(s) 'example_branch_datetime_operator_2', 'example_branch_datetime_operator', 'example_branch_datetime_operator_3' retrieved from /mnt/c/Users/Pato_/OneDrive/Documentos/ITBA/PYTHON_DATA_APP/itba/lib/python3.10/site-packages/airflow/example_dags/example_branch_datetime_operator.py
[2024-10-20T19:14:30.043-0300] {logging_mixin.py:190} INFO - [2024-10-20T19:14:30.042-0300] {dag.py:3239} INFO - Sync 3 DAGs
[2024-10-20T19:14:30.058-0300] {logging_mixin.py:190} INFO - [2024-10-20T19:14:30.057-0300] {dag.py:4180} INFO - Setting next_dagrun for example_branch_datetime_operator to 2024-10-19 00:00:00+00:00, run_after=2024-10-20 00:00:00+00:00
[2024-10-20T19:14:30.061-0300] {logging_mixin.py:190} INFO - [2024-10-20T19:14:30.061-0300] {dag.py:4180} INFO - Setting next_dagrun for example_branch_datetime_operator_2 to 2024-10-19 00:00:00+00:00, run_after=2024-10-20 00:00:00+00:00
[2024-10-20T19:14:30.064-0300] {logging_mixin.py:190} INFO - [2024-10-20T19:14:30.064-0300] {dag.py:4180} INFO - Setting next_dagrun for example_branch_datetime_operator_3 to 2024-10-19 00:00:00+00:00, run_after=2024-10-20 00:00:00+00:00
[2024-10-20T19:14:30.092-0300] {processor.py:208} INFO - Processing /mnt/c/Users/Pato_/OneDrive/Documentos/ITBA/PYTHON_DATA_APP/itba/lib/python3.10/site-packages/airflow/example_dags/example_branch_datetime_operator.py took 0.129 seconds
[2024-10-20T19:15:39.324-0300] {processor.py:186} INFO - Started process (PID=307275) to work on /mnt/c/Users/Pato_/OneDrive/Documentos/ITBA/PYTHON_DATA_APP/itba/lib/python3.10/site-packages/airflow/example_dags/example_branch_datetime_operator.py
[2024-10-20T19:15:39.325-0300] {processor.py:914} INFO - Processing file /mnt/c/Users/Pato_/OneDrive/Documentos/ITBA/PYTHON_DATA_APP/itba/lib/python3.10/site-packages/airflow/example_dags/example_branch_datetime_operator.py for tasks to queue
[2024-10-20T19:15:39.327-0300] {logging_mixin.py:190} INFO - [2024-10-20T19:15:39.327-0300] {dagbag.py:588} INFO - Filling up the DagBag from /mnt/c/Users/Pato_/OneDrive/Documentos/ITBA/PYTHON_DATA_APP/itba/lib/python3.10/site-packages/airflow/example_dags/example_branch_datetime_operator.py
[2024-10-20T19:15:39.379-0300] {processor.py:925} INFO - DAG(s) 'example_branch_datetime_operator_3', 'example_branch_datetime_operator_2', 'example_branch_datetime_operator' retrieved from /mnt/c/Users/Pato_/OneDrive/Documentos/ITBA/PYTHON_DATA_APP/itba/lib/python3.10/site-packages/airflow/example_dags/example_branch_datetime_operator.py
[2024-10-20T19:15:39.400-0300] {logging_mixin.py:190} INFO - [2024-10-20T19:15:39.399-0300] {dag.py:3239} INFO - Sync 3 DAGs
[2024-10-20T19:15:39.414-0300] {logging_mixin.py:190} INFO - [2024-10-20T19:15:39.413-0300] {dag.py:4180} INFO - Setting next_dagrun for example_branch_datetime_operator to 2024-10-19 00:00:00+00:00, run_after=2024-10-20 00:00:00+00:00
[2024-10-20T19:15:39.418-0300] {logging_mixin.py:190} INFO - [2024-10-20T19:15:39.417-0300] {dag.py:4180} INFO - Setting next_dagrun for example_branch_datetime_operator_2 to 2024-10-19 00:00:00+00:00, run_after=2024-10-20 00:00:00+00:00
[2024-10-20T19:15:39.421-0300] {logging_mixin.py:190} INFO - [2024-10-20T19:15:39.420-0300] {dag.py:4180} INFO - Setting next_dagrun for example_branch_datetime_operator_3 to 2024-10-19 00:00:00+00:00, run_after=2024-10-20 00:00:00+00:00
[2024-10-20T19:15:39.449-0300] {processor.py:208} INFO - Processing /mnt/c/Users/Pato_/OneDrive/Documentos/ITBA/PYTHON_DATA_APP/itba/lib/python3.10/site-packages/airflow/example_dags/example_branch_datetime_operator.py took 0.133 seconds
[2024-10-20T19:16:47.088-0300] {processor.py:186} INFO - Started process (PID=307808) to work on /mnt/c/Users/Pato_/OneDrive/Documentos/ITBA/PYTHON_DATA_APP/itba/lib/python3.10/site-packages/airflow/example_dags/example_branch_datetime_operator.py
[2024-10-20T19:16:47.089-0300] {processor.py:914} INFO - Processing file /mnt/c/Users/Pato_/OneDrive/Documentos/ITBA/PYTHON_DATA_APP/itba/lib/python3.10/site-packages/airflow/example_dags/example_branch_datetime_operator.py for tasks to queue
[2024-10-20T19:16:47.091-0300] {logging_mixin.py:190} INFO - [2024-10-20T19:16:47.091-0300] {dagbag.py:588} INFO - Filling up the DagBag from /mnt/c/Users/Pato_/OneDrive/Documentos/ITBA/PYTHON_DATA_APP/itba/lib/python3.10/site-packages/airflow/example_dags/example_branch_datetime_operator.py
[2024-10-20T19:16:47.143-0300] {processor.py:925} INFO - DAG(s) 'example_branch_datetime_operator_3', 'example_branch_datetime_operator', 'example_branch_datetime_operator_2' retrieved from /mnt/c/Users/Pato_/OneDrive/Documentos/ITBA/PYTHON_DATA_APP/itba/lib/python3.10/site-packages/airflow/example_dags/example_branch_datetime_operator.py
[2024-10-20T19:16:47.164-0300] {logging_mixin.py:190} INFO - [2024-10-20T19:16:47.163-0300] {dag.py:3239} INFO - Sync 3 DAGs
[2024-10-20T19:16:47.178-0300] {logging_mixin.py:190} INFO - [2024-10-20T19:16:47.178-0300] {dag.py:4180} INFO - Setting next_dagrun for example_branch_datetime_operator to 2024-10-19 00:00:00+00:00, run_after=2024-10-20 00:00:00+00:00
[2024-10-20T19:16:47.182-0300] {logging_mixin.py:190} INFO - [2024-10-20T19:16:47.182-0300] {dag.py:4180} INFO - Setting next_dagrun for example_branch_datetime_operator_2 to 2024-10-19 00:00:00+00:00, run_after=2024-10-20 00:00:00+00:00
[2024-10-20T19:16:47.185-0300] {logging_mixin.py:190} INFO - [2024-10-20T19:16:47.185-0300] {dag.py:4180} INFO - Setting next_dagrun for example_branch_datetime_operator_3 to 2024-10-19 00:00:00+00:00, run_after=2024-10-20 00:00:00+00:00
[2024-10-20T19:16:47.213-0300] {processor.py:208} INFO - Processing /mnt/c/Users/Pato_/OneDrive/Documentos/ITBA/PYTHON_DATA_APP/itba/lib/python3.10/site-packages/airflow/example_dags/example_branch_datetime_operator.py took 0.131 seconds
[2024-10-20T19:18:03.093-0300] {processor.py:186} INFO - Started process (PID=308397) to work on /mnt/c/Users/Pato_/OneDrive/Documentos/ITBA/PYTHON_DATA_APP/itba/lib/python3.10/site-packages/airflow/example_dags/example_branch_datetime_operator.py
[2024-10-20T19:18:03.094-0300] {processor.py:914} INFO - Processing file /mnt/c/Users/Pato_/OneDrive/Documentos/ITBA/PYTHON_DATA_APP/itba/lib/python3.10/site-packages/airflow/example_dags/example_branch_datetime_operator.py for tasks to queue
[2024-10-20T19:18:03.096-0300] {logging_mixin.py:190} INFO - [2024-10-20T19:18:03.096-0300] {dagbag.py:588} INFO - Filling up the DagBag from /mnt/c/Users/Pato_/OneDrive/Documentos/ITBA/PYTHON_DATA_APP/itba/lib/python3.10/site-packages/airflow/example_dags/example_branch_datetime_operator.py
[2024-10-20T19:18:03.149-0300] {processor.py:925} INFO - DAG(s) 'example_branch_datetime_operator', 'example_branch_datetime_operator_2', 'example_branch_datetime_operator_3' retrieved from /mnt/c/Users/Pato_/OneDrive/Documentos/ITBA/PYTHON_DATA_APP/itba/lib/python3.10/site-packages/airflow/example_dags/example_branch_datetime_operator.py
[2024-10-20T19:18:03.172-0300] {logging_mixin.py:190} INFO - [2024-10-20T19:18:03.171-0300] {dag.py:3239} INFO - Sync 3 DAGs
[2024-10-20T19:18:03.188-0300] {logging_mixin.py:190} INFO - [2024-10-20T19:18:03.188-0300] {dag.py:4180} INFO - Setting next_dagrun for example_branch_datetime_operator to 2024-10-19 00:00:00+00:00, run_after=2024-10-20 00:00:00+00:00
[2024-10-20T19:18:03.193-0300] {logging_mixin.py:190} INFO - [2024-10-20T19:18:03.192-0300] {dag.py:4180} INFO - Setting next_dagrun for example_branch_datetime_operator_2 to 2024-10-19 00:00:00+00:00, run_after=2024-10-20 00:00:00+00:00
[2024-10-20T19:18:03.196-0300] {logging_mixin.py:190} INFO - [2024-10-20T19:18:03.195-0300] {dag.py:4180} INFO - Setting next_dagrun for example_branch_datetime_operator_3 to 2024-10-19 00:00:00+00:00, run_after=2024-10-20 00:00:00+00:00
[2024-10-20T19:18:03.224-0300] {processor.py:208} INFO - Processing /mnt/c/Users/Pato_/OneDrive/Documentos/ITBA/PYTHON_DATA_APP/itba/lib/python3.10/site-packages/airflow/example_dags/example_branch_datetime_operator.py took 0.139 seconds
[2024-10-20T19:19:14.253-0300] {processor.py:186} INFO - Started process (PID=308950) to work on /mnt/c/Users/Pato_/OneDrive/Documentos/ITBA/PYTHON_DATA_APP/itba/lib/python3.10/site-packages/airflow/example_dags/example_branch_datetime_operator.py
[2024-10-20T19:19:14.253-0300] {processor.py:914} INFO - Processing file /mnt/c/Users/Pato_/OneDrive/Documentos/ITBA/PYTHON_DATA_APP/itba/lib/python3.10/site-packages/airflow/example_dags/example_branch_datetime_operator.py for tasks to queue
[2024-10-20T19:19:14.255-0300] {logging_mixin.py:190} INFO - [2024-10-20T19:19:14.255-0300] {dagbag.py:588} INFO - Filling up the DagBag from /mnt/c/Users/Pato_/OneDrive/Documentos/ITBA/PYTHON_DATA_APP/itba/lib/python3.10/site-packages/airflow/example_dags/example_branch_datetime_operator.py
[2024-10-20T19:19:14.306-0300] {processor.py:925} INFO - DAG(s) 'example_branch_datetime_operator_3', 'example_branch_datetime_operator_2', 'example_branch_datetime_operator' retrieved from /mnt/c/Users/Pato_/OneDrive/Documentos/ITBA/PYTHON_DATA_APP/itba/lib/python3.10/site-packages/airflow/example_dags/example_branch_datetime_operator.py
[2024-10-20T19:19:14.326-0300] {logging_mixin.py:190} INFO - [2024-10-20T19:19:14.326-0300] {dag.py:3239} INFO - Sync 3 DAGs
[2024-10-20T19:19:14.341-0300] {logging_mixin.py:190} INFO - [2024-10-20T19:19:14.341-0300] {dag.py:4180} INFO - Setting next_dagrun for example_branch_datetime_operator to 2024-10-19 00:00:00+00:00, run_after=2024-10-20 00:00:00+00:00
[2024-10-20T19:19:14.345-0300] {logging_mixin.py:190} INFO - [2024-10-20T19:19:14.345-0300] {dag.py:4180} INFO - Setting next_dagrun for example_branch_datetime_operator_2 to 2024-10-19 00:00:00+00:00, run_after=2024-10-20 00:00:00+00:00
[2024-10-20T19:19:14.348-0300] {logging_mixin.py:190} INFO - [2024-10-20T19:19:14.348-0300] {dag.py:4180} INFO - Setting next_dagrun for example_branch_datetime_operator_3 to 2024-10-19 00:00:00+00:00, run_after=2024-10-20 00:00:00+00:00
[2024-10-20T19:19:14.376-0300] {processor.py:208} INFO - Processing /mnt/c/Users/Pato_/OneDrive/Documentos/ITBA/PYTHON_DATA_APP/itba/lib/python3.10/site-packages/airflow/example_dags/example_branch_datetime_operator.py took 0.130 seconds
[2024-10-20T19:20:23.824-0300] {processor.py:186} INFO - Started process (PID=309521) to work on /mnt/c/Users/Pato_/OneDrive/Documentos/ITBA/PYTHON_DATA_APP/itba/lib/python3.10/site-packages/airflow/example_dags/example_branch_datetime_operator.py
[2024-10-20T19:20:23.825-0300] {processor.py:914} INFO - Processing file /mnt/c/Users/Pato_/OneDrive/Documentos/ITBA/PYTHON_DATA_APP/itba/lib/python3.10/site-packages/airflow/example_dags/example_branch_datetime_operator.py for tasks to queue
[2024-10-20T19:20:23.827-0300] {logging_mixin.py:190} INFO - [2024-10-20T19:20:23.826-0300] {dagbag.py:588} INFO - Filling up the DagBag from /mnt/c/Users/Pato_/OneDrive/Documentos/ITBA/PYTHON_DATA_APP/itba/lib/python3.10/site-packages/airflow/example_dags/example_branch_datetime_operator.py
[2024-10-20T19:20:23.878-0300] {processor.py:925} INFO - DAG(s) 'example_branch_datetime_operator', 'example_branch_datetime_operator_3', 'example_branch_datetime_operator_2' retrieved from /mnt/c/Users/Pato_/OneDrive/Documentos/ITBA/PYTHON_DATA_APP/itba/lib/python3.10/site-packages/airflow/example_dags/example_branch_datetime_operator.py
[2024-10-20T19:20:23.900-0300] {logging_mixin.py:190} INFO - [2024-10-20T19:20:23.900-0300] {dag.py:3239} INFO - Sync 3 DAGs
[2024-10-20T19:20:23.916-0300] {logging_mixin.py:190} INFO - [2024-10-20T19:20:23.916-0300] {dag.py:4180} INFO - Setting next_dagrun for example_branch_datetime_operator to 2024-10-19 00:00:00+00:00, run_after=2024-10-20 00:00:00+00:00
[2024-10-20T19:20:23.920-0300] {logging_mixin.py:190} INFO - [2024-10-20T19:20:23.920-0300] {dag.py:4180} INFO - Setting next_dagrun for example_branch_datetime_operator_2 to 2024-10-19 00:00:00+00:00, run_after=2024-10-20 00:00:00+00:00
[2024-10-20T19:20:23.923-0300] {logging_mixin.py:190} INFO - [2024-10-20T19:20:23.923-0300] {dag.py:4180} INFO - Setting next_dagrun for example_branch_datetime_operator_3 to 2024-10-19 00:00:00+00:00, run_after=2024-10-20 00:00:00+00:00
[2024-10-20T19:20:23.951-0300] {processor.py:208} INFO - Processing /mnt/c/Users/Pato_/OneDrive/Documentos/ITBA/PYTHON_DATA_APP/itba/lib/python3.10/site-packages/airflow/example_dags/example_branch_datetime_operator.py took 0.133 seconds
[2024-10-20T19:21:34.214-0300] {processor.py:186} INFO - Started process (PID=310137) to work on /mnt/c/Users/Pato_/OneDrive/Documentos/ITBA/PYTHON_DATA_APP/itba/lib/python3.10/site-packages/airflow/example_dags/example_branch_datetime_operator.py
[2024-10-20T19:21:34.215-0300] {processor.py:914} INFO - Processing file /mnt/c/Users/Pato_/OneDrive/Documentos/ITBA/PYTHON_DATA_APP/itba/lib/python3.10/site-packages/airflow/example_dags/example_branch_datetime_operator.py for tasks to queue
[2024-10-20T19:21:34.217-0300] {logging_mixin.py:190} INFO - [2024-10-20T19:21:34.216-0300] {dagbag.py:588} INFO - Filling up the DagBag from /mnt/c/Users/Pato_/OneDrive/Documentos/ITBA/PYTHON_DATA_APP/itba/lib/python3.10/site-packages/airflow/example_dags/example_branch_datetime_operator.py
[2024-10-20T19:21:34.268-0300] {processor.py:925} INFO - DAG(s) 'example_branch_datetime_operator', 'example_branch_datetime_operator_3', 'example_branch_datetime_operator_2' retrieved from /mnt/c/Users/Pato_/OneDrive/Documentos/ITBA/PYTHON_DATA_APP/itba/lib/python3.10/site-packages/airflow/example_dags/example_branch_datetime_operator.py
[2024-10-20T19:21:34.291-0300] {logging_mixin.py:190} INFO - [2024-10-20T19:21:34.290-0300] {dag.py:3239} INFO - Sync 3 DAGs
[2024-10-20T19:21:34.306-0300] {logging_mixin.py:190} INFO - [2024-10-20T19:21:34.306-0300] {dag.py:4180} INFO - Setting next_dagrun for example_branch_datetime_operator to 2024-10-19 00:00:00+00:00, run_after=2024-10-20 00:00:00+00:00
[2024-10-20T19:21:34.310-0300] {logging_mixin.py:190} INFO - [2024-10-20T19:21:34.310-0300] {dag.py:4180} INFO - Setting next_dagrun for example_branch_datetime_operator_2 to 2024-10-19 00:00:00+00:00, run_after=2024-10-20 00:00:00+00:00
[2024-10-20T19:21:34.313-0300] {logging_mixin.py:190} INFO - [2024-10-20T19:21:34.313-0300] {dag.py:4180} INFO - Setting next_dagrun for example_branch_datetime_operator_3 to 2024-10-19 00:00:00+00:00, run_after=2024-10-20 00:00:00+00:00
[2024-10-20T19:21:34.343-0300] {processor.py:208} INFO - Processing /mnt/c/Users/Pato_/OneDrive/Documentos/ITBA/PYTHON_DATA_APP/itba/lib/python3.10/site-packages/airflow/example_dags/example_branch_datetime_operator.py took 0.135 seconds
[2024-10-20T19:22:39.746-0300] {processor.py:186} INFO - Started process (PID=310739) to work on /mnt/c/Users/Pato_/OneDrive/Documentos/ITBA/PYTHON_DATA_APP/itba/lib/python3.10/site-packages/airflow/example_dags/example_branch_datetime_operator.py
[2024-10-20T19:22:39.747-0300] {processor.py:914} INFO - Processing file /mnt/c/Users/Pato_/OneDrive/Documentos/ITBA/PYTHON_DATA_APP/itba/lib/python3.10/site-packages/airflow/example_dags/example_branch_datetime_operator.py for tasks to queue
[2024-10-20T19:22:39.749-0300] {logging_mixin.py:190} INFO - [2024-10-20T19:22:39.748-0300] {dagbag.py:588} INFO - Filling up the DagBag from /mnt/c/Users/Pato_/OneDrive/Documentos/ITBA/PYTHON_DATA_APP/itba/lib/python3.10/site-packages/airflow/example_dags/example_branch_datetime_operator.py
[2024-10-20T19:22:39.802-0300] {processor.py:925} INFO - DAG(s) 'example_branch_datetime_operator_2', 'example_branch_datetime_operator', 'example_branch_datetime_operator_3' retrieved from /mnt/c/Users/Pato_/OneDrive/Documentos/ITBA/PYTHON_DATA_APP/itba/lib/python3.10/site-packages/airflow/example_dags/example_branch_datetime_operator.py
[2024-10-20T19:22:39.823-0300] {logging_mixin.py:190} INFO - [2024-10-20T19:22:39.822-0300] {dag.py:3239} INFO - Sync 3 DAGs
[2024-10-20T19:22:39.838-0300] {logging_mixin.py:190} INFO - [2024-10-20T19:22:39.837-0300] {dag.py:4180} INFO - Setting next_dagrun for example_branch_datetime_operator to 2024-10-19 00:00:00+00:00, run_after=2024-10-20 00:00:00+00:00
[2024-10-20T19:22:39.842-0300] {logging_mixin.py:190} INFO - [2024-10-20T19:22:39.842-0300] {dag.py:4180} INFO - Setting next_dagrun for example_branch_datetime_operator_2 to 2024-10-19 00:00:00+00:00, run_after=2024-10-20 00:00:00+00:00
[2024-10-20T19:22:39.845-0300] {logging_mixin.py:190} INFO - [2024-10-20T19:22:39.844-0300] {dag.py:4180} INFO - Setting next_dagrun for example_branch_datetime_operator_3 to 2024-10-19 00:00:00+00:00, run_after=2024-10-20 00:00:00+00:00
[2024-10-20T19:22:39.873-0300] {processor.py:208} INFO - Processing /mnt/c/Users/Pato_/OneDrive/Documentos/ITBA/PYTHON_DATA_APP/itba/lib/python3.10/site-packages/airflow/example_dags/example_branch_datetime_operator.py took 0.133 seconds
[2024-10-20T19:24:10.799-0300] {processor.py:186} INFO - Started process (PID=311955) to work on /mnt/c/Users/Pato_/OneDrive/Documentos/ITBA/PYTHON_DATA_APP/itba/lib/python3.10/site-packages/airflow/example_dags/example_branch_datetime_operator.py
[2024-10-20T19:24:10.800-0300] {processor.py:914} INFO - Processing file /mnt/c/Users/Pato_/OneDrive/Documentos/ITBA/PYTHON_DATA_APP/itba/lib/python3.10/site-packages/airflow/example_dags/example_branch_datetime_operator.py for tasks to queue
[2024-10-20T19:24:10.802-0300] {logging_mixin.py:190} INFO - [2024-10-20T19:24:10.802-0300] {dagbag.py:588} INFO - Filling up the DagBag from /mnt/c/Users/Pato_/OneDrive/Documentos/ITBA/PYTHON_DATA_APP/itba/lib/python3.10/site-packages/airflow/example_dags/example_branch_datetime_operator.py
[2024-10-20T19:24:10.860-0300] {processor.py:925} INFO - DAG(s) 'example_branch_datetime_operator', 'example_branch_datetime_operator_2', 'example_branch_datetime_operator_3' retrieved from /mnt/c/Users/Pato_/OneDrive/Documentos/ITBA/PYTHON_DATA_APP/itba/lib/python3.10/site-packages/airflow/example_dags/example_branch_datetime_operator.py
[2024-10-20T19:24:10.881-0300] {logging_mixin.py:190} INFO - [2024-10-20T19:24:10.880-0300] {dag.py:3239} INFO - Sync 3 DAGs
[2024-10-20T19:24:10.896-0300] {logging_mixin.py:190} INFO - [2024-10-20T19:24:10.896-0300] {dag.py:4180} INFO - Setting next_dagrun for example_branch_datetime_operator to 2024-10-19 00:00:00+00:00, run_after=2024-10-20 00:00:00+00:00
[2024-10-20T19:24:10.900-0300] {logging_mixin.py:190} INFO - [2024-10-20T19:24:10.899-0300] {dag.py:4180} INFO - Setting next_dagrun for example_branch_datetime_operator_2 to 2024-10-19 00:00:00+00:00, run_after=2024-10-20 00:00:00+00:00
[2024-10-20T19:24:10.903-0300] {logging_mixin.py:190} INFO - [2024-10-20T19:24:10.902-0300] {dag.py:4180} INFO - Setting next_dagrun for example_branch_datetime_operator_3 to 2024-10-19 00:00:00+00:00, run_after=2024-10-20 00:00:00+00:00
[2024-10-20T19:24:10.930-0300] {processor.py:208} INFO - Processing /mnt/c/Users/Pato_/OneDrive/Documentos/ITBA/PYTHON_DATA_APP/itba/lib/python3.10/site-packages/airflow/example_dags/example_branch_datetime_operator.py took 0.138 seconds
[2024-10-20T19:26:55.269-0300] {processor.py:186} INFO - Started process (PID=313940) to work on /mnt/c/Users/Pato_/OneDrive/Documentos/ITBA/PYTHON_DATA_APP/itba/lib/python3.10/site-packages/airflow/example_dags/example_branch_datetime_operator.py
[2024-10-20T19:26:55.270-0300] {processor.py:914} INFO - Processing file /mnt/c/Users/Pato_/OneDrive/Documentos/ITBA/PYTHON_DATA_APP/itba/lib/python3.10/site-packages/airflow/example_dags/example_branch_datetime_operator.py for tasks to queue
[2024-10-20T19:26:55.272-0300] {logging_mixin.py:190} INFO - [2024-10-20T19:26:55.272-0300] {dagbag.py:588} INFO - Filling up the DagBag from /mnt/c/Users/Pato_/OneDrive/Documentos/ITBA/PYTHON_DATA_APP/itba/lib/python3.10/site-packages/airflow/example_dags/example_branch_datetime_operator.py
[2024-10-20T19:26:55.326-0300] {processor.py:925} INFO - DAG(s) 'example_branch_datetime_operator_3', 'example_branch_datetime_operator_2', 'example_branch_datetime_operator' retrieved from /mnt/c/Users/Pato_/OneDrive/Documentos/ITBA/PYTHON_DATA_APP/itba/lib/python3.10/site-packages/airflow/example_dags/example_branch_datetime_operator.py
[2024-10-20T19:26:55.347-0300] {logging_mixin.py:190} INFO - [2024-10-20T19:26:55.347-0300] {dag.py:3239} INFO - Sync 3 DAGs
[2024-10-20T19:26:55.362-0300] {logging_mixin.py:190} INFO - [2024-10-20T19:26:55.361-0300] {dag.py:4180} INFO - Setting next_dagrun for example_branch_datetime_operator to 2024-10-19 00:00:00+00:00, run_after=2024-10-20 00:00:00+00:00
[2024-10-20T19:26:55.366-0300] {logging_mixin.py:190} INFO - [2024-10-20T19:26:55.366-0300] {dag.py:4180} INFO - Setting next_dagrun for example_branch_datetime_operator_2 to 2024-10-19 00:00:00+00:00, run_after=2024-10-20 00:00:00+00:00
[2024-10-20T19:26:55.369-0300] {logging_mixin.py:190} INFO - [2024-10-20T19:26:55.368-0300] {dag.py:4180} INFO - Setting next_dagrun for example_branch_datetime_operator_3 to 2024-10-19 00:00:00+00:00, run_after=2024-10-20 00:00:00+00:00
[2024-10-20T19:26:55.397-0300] {processor.py:208} INFO - Processing /mnt/c/Users/Pato_/OneDrive/Documentos/ITBA/PYTHON_DATA_APP/itba/lib/python3.10/site-packages/airflow/example_dags/example_branch_datetime_operator.py took 0.135 seconds
[2024-10-20T19:28:06.923-0300] {processor.py:186} INFO - Started process (PID=314919) to work on /mnt/c/Users/Pato_/OneDrive/Documentos/ITBA/PYTHON_DATA_APP/itba/lib/python3.10/site-packages/airflow/example_dags/example_branch_datetime_operator.py
[2024-10-20T19:28:06.924-0300] {processor.py:914} INFO - Processing file /mnt/c/Users/Pato_/OneDrive/Documentos/ITBA/PYTHON_DATA_APP/itba/lib/python3.10/site-packages/airflow/example_dags/example_branch_datetime_operator.py for tasks to queue
[2024-10-20T19:28:06.926-0300] {logging_mixin.py:190} INFO - [2024-10-20T19:28:06.926-0300] {dagbag.py:588} INFO - Filling up the DagBag from /mnt/c/Users/Pato_/OneDrive/Documentos/ITBA/PYTHON_DATA_APP/itba/lib/python3.10/site-packages/airflow/example_dags/example_branch_datetime_operator.py
[2024-10-20T19:28:06.976-0300] {processor.py:925} INFO - DAG(s) 'example_branch_datetime_operator', 'example_branch_datetime_operator_2', 'example_branch_datetime_operator_3' retrieved from /mnt/c/Users/Pato_/OneDrive/Documentos/ITBA/PYTHON_DATA_APP/itba/lib/python3.10/site-packages/airflow/example_dags/example_branch_datetime_operator.py
[2024-10-20T19:28:06.996-0300] {logging_mixin.py:190} INFO - [2024-10-20T19:28:06.996-0300] {dag.py:3239} INFO - Sync 3 DAGs
[2024-10-20T19:28:07.012-0300] {logging_mixin.py:190} INFO - [2024-10-20T19:28:07.011-0300] {dag.py:4180} INFO - Setting next_dagrun for example_branch_datetime_operator to 2024-10-19 00:00:00+00:00, run_after=2024-10-20 00:00:00+00:00
[2024-10-20T19:28:07.015-0300] {logging_mixin.py:190} INFO - [2024-10-20T19:28:07.015-0300] {dag.py:4180} INFO - Setting next_dagrun for example_branch_datetime_operator_2 to 2024-10-19 00:00:00+00:00, run_after=2024-10-20 00:00:00+00:00
[2024-10-20T19:28:07.018-0300] {logging_mixin.py:190} INFO - [2024-10-20T19:28:07.018-0300] {dag.py:4180} INFO - Setting next_dagrun for example_branch_datetime_operator_3 to 2024-10-19 00:00:00+00:00, run_after=2024-10-20 00:00:00+00:00
[2024-10-20T19:28:07.046-0300] {processor.py:208} INFO - Processing /mnt/c/Users/Pato_/OneDrive/Documentos/ITBA/PYTHON_DATA_APP/itba/lib/python3.10/site-packages/airflow/example_dags/example_branch_datetime_operator.py took 0.129 seconds
[2024-10-20T19:29:12.507-0300] {processor.py:186} INFO - Started process (PID=315581) to work on /mnt/c/Users/Pato_/OneDrive/Documentos/ITBA/PYTHON_DATA_APP/itba/lib/python3.10/site-packages/airflow/example_dags/example_branch_datetime_operator.py
[2024-10-20T19:29:12.508-0300] {processor.py:914} INFO - Processing file /mnt/c/Users/Pato_/OneDrive/Documentos/ITBA/PYTHON_DATA_APP/itba/lib/python3.10/site-packages/airflow/example_dags/example_branch_datetime_operator.py for tasks to queue
[2024-10-20T19:29:12.510-0300] {logging_mixin.py:190} INFO - [2024-10-20T19:29:12.510-0300] {dagbag.py:588} INFO - Filling up the DagBag from /mnt/c/Users/Pato_/OneDrive/Documentos/ITBA/PYTHON_DATA_APP/itba/lib/python3.10/site-packages/airflow/example_dags/example_branch_datetime_operator.py
[2024-10-20T19:29:12.561-0300] {processor.py:925} INFO - DAG(s) 'example_branch_datetime_operator_2', 'example_branch_datetime_operator_3', 'example_branch_datetime_operator' retrieved from /mnt/c/Users/Pato_/OneDrive/Documentos/ITBA/PYTHON_DATA_APP/itba/lib/python3.10/site-packages/airflow/example_dags/example_branch_datetime_operator.py
[2024-10-20T19:29:12.582-0300] {logging_mixin.py:190} INFO - [2024-10-20T19:29:12.581-0300] {dag.py:3239} INFO - Sync 3 DAGs
[2024-10-20T19:29:12.597-0300] {logging_mixin.py:190} INFO - [2024-10-20T19:29:12.597-0300] {dag.py:4180} INFO - Setting next_dagrun for example_branch_datetime_operator to 2024-10-19 00:00:00+00:00, run_after=2024-10-20 00:00:00+00:00
[2024-10-20T19:29:12.601-0300] {logging_mixin.py:190} INFO - [2024-10-20T19:29:12.601-0300] {dag.py:4180} INFO - Setting next_dagrun for example_branch_datetime_operator_2 to 2024-10-19 00:00:00+00:00, run_after=2024-10-20 00:00:00+00:00
[2024-10-20T19:29:12.604-0300] {logging_mixin.py:190} INFO - [2024-10-20T19:29:12.603-0300] {dag.py:4180} INFO - Setting next_dagrun for example_branch_datetime_operator_3 to 2024-10-19 00:00:00+00:00, run_after=2024-10-20 00:00:00+00:00
[2024-10-20T19:29:12.633-0300] {processor.py:208} INFO - Processing /mnt/c/Users/Pato_/OneDrive/Documentos/ITBA/PYTHON_DATA_APP/itba/lib/python3.10/site-packages/airflow/example_dags/example_branch_datetime_operator.py took 0.133 seconds
[2024-10-20T19:30:25.499-0300] {processor.py:186} INFO - Started process (PID=316312) to work on /mnt/c/Users/Pato_/OneDrive/Documentos/ITBA/PYTHON_DATA_APP/itba/lib/python3.10/site-packages/airflow/example_dags/example_branch_datetime_operator.py
[2024-10-20T19:30:25.500-0300] {processor.py:914} INFO - Processing file /mnt/c/Users/Pato_/OneDrive/Documentos/ITBA/PYTHON_DATA_APP/itba/lib/python3.10/site-packages/airflow/example_dags/example_branch_datetime_operator.py for tasks to queue
[2024-10-20T19:30:25.502-0300] {logging_mixin.py:190} INFO - [2024-10-20T19:30:25.501-0300] {dagbag.py:588} INFO - Filling up the DagBag from /mnt/c/Users/Pato_/OneDrive/Documentos/ITBA/PYTHON_DATA_APP/itba/lib/python3.10/site-packages/airflow/example_dags/example_branch_datetime_operator.py
[2024-10-20T19:30:25.554-0300] {processor.py:925} INFO - DAG(s) 'example_branch_datetime_operator', 'example_branch_datetime_operator_3', 'example_branch_datetime_operator_2' retrieved from /mnt/c/Users/Pato_/OneDrive/Documentos/ITBA/PYTHON_DATA_APP/itba/lib/python3.10/site-packages/airflow/example_dags/example_branch_datetime_operator.py
[2024-10-20T19:30:25.576-0300] {logging_mixin.py:190} INFO - [2024-10-20T19:30:25.576-0300] {dag.py:3239} INFO - Sync 3 DAGs
[2024-10-20T19:30:25.592-0300] {logging_mixin.py:190} INFO - [2024-10-20T19:30:25.592-0300] {dag.py:4180} INFO - Setting next_dagrun for example_branch_datetime_operator to 2024-10-19 00:00:00+00:00, run_after=2024-10-20 00:00:00+00:00
[2024-10-20T19:30:25.596-0300] {logging_mixin.py:190} INFO - [2024-10-20T19:30:25.596-0300] {dag.py:4180} INFO - Setting next_dagrun for example_branch_datetime_operator_2 to 2024-10-19 00:00:00+00:00, run_after=2024-10-20 00:00:00+00:00
[2024-10-20T19:30:25.599-0300] {logging_mixin.py:190} INFO - [2024-10-20T19:30:25.598-0300] {dag.py:4180} INFO - Setting next_dagrun for example_branch_datetime_operator_3 to 2024-10-19 00:00:00+00:00, run_after=2024-10-20 00:00:00+00:00
[2024-10-20T19:30:25.626-0300] {processor.py:208} INFO - Processing /mnt/c/Users/Pato_/OneDrive/Documentos/ITBA/PYTHON_DATA_APP/itba/lib/python3.10/site-packages/airflow/example_dags/example_branch_datetime_operator.py took 0.135 seconds
[2024-10-20T19:31:30.827-0300] {processor.py:186} INFO - Started process (PID=316828) to work on /mnt/c/Users/Pato_/OneDrive/Documentos/ITBA/PYTHON_DATA_APP/itba/lib/python3.10/site-packages/airflow/example_dags/example_branch_datetime_operator.py
[2024-10-20T19:31:30.828-0300] {processor.py:914} INFO - Processing file /mnt/c/Users/Pato_/OneDrive/Documentos/ITBA/PYTHON_DATA_APP/itba/lib/python3.10/site-packages/airflow/example_dags/example_branch_datetime_operator.py for tasks to queue
[2024-10-20T19:31:30.830-0300] {logging_mixin.py:190} INFO - [2024-10-20T19:31:30.830-0300] {dagbag.py:588} INFO - Filling up the DagBag from /mnt/c/Users/Pato_/OneDrive/Documentos/ITBA/PYTHON_DATA_APP/itba/lib/python3.10/site-packages/airflow/example_dags/example_branch_datetime_operator.py
[2024-10-20T19:31:30.881-0300] {processor.py:925} INFO - DAG(s) 'example_branch_datetime_operator_2', 'example_branch_datetime_operator', 'example_branch_datetime_operator_3' retrieved from /mnt/c/Users/Pato_/OneDrive/Documentos/ITBA/PYTHON_DATA_APP/itba/lib/python3.10/site-packages/airflow/example_dags/example_branch_datetime_operator.py
[2024-10-20T19:31:30.904-0300] {logging_mixin.py:190} INFO - [2024-10-20T19:31:30.903-0300] {dag.py:3239} INFO - Sync 3 DAGs
[2024-10-20T19:31:30.920-0300] {logging_mixin.py:190} INFO - [2024-10-20T19:31:30.919-0300] {dag.py:4180} INFO - Setting next_dagrun for example_branch_datetime_operator to 2024-10-19 00:00:00+00:00, run_after=2024-10-20 00:00:00+00:00
[2024-10-20T19:31:30.923-0300] {logging_mixin.py:190} INFO - [2024-10-20T19:31:30.923-0300] {dag.py:4180} INFO - Setting next_dagrun for example_branch_datetime_operator_2 to 2024-10-19 00:00:00+00:00, run_after=2024-10-20 00:00:00+00:00
[2024-10-20T19:31:30.926-0300] {logging_mixin.py:190} INFO - [2024-10-20T19:31:30.926-0300] {dag.py:4180} INFO - Setting next_dagrun for example_branch_datetime_operator_3 to 2024-10-19 00:00:00+00:00, run_after=2024-10-20 00:00:00+00:00
[2024-10-20T19:31:30.953-0300] {processor.py:208} INFO - Processing /mnt/c/Users/Pato_/OneDrive/Documentos/ITBA/PYTHON_DATA_APP/itba/lib/python3.10/site-packages/airflow/example_dags/example_branch_datetime_operator.py took 0.133 seconds
[2024-10-20T19:32:39.264-0300] {processor.py:186} INFO - Started process (PID=317359) to work on /mnt/c/Users/Pato_/OneDrive/Documentos/ITBA/PYTHON_DATA_APP/itba/lib/python3.10/site-packages/airflow/example_dags/example_branch_datetime_operator.py
[2024-10-20T19:32:39.265-0300] {processor.py:914} INFO - Processing file /mnt/c/Users/Pato_/OneDrive/Documentos/ITBA/PYTHON_DATA_APP/itba/lib/python3.10/site-packages/airflow/example_dags/example_branch_datetime_operator.py for tasks to queue
[2024-10-20T19:32:39.267-0300] {logging_mixin.py:190} INFO - [2024-10-20T19:32:39.266-0300] {dagbag.py:588} INFO - Filling up the DagBag from /mnt/c/Users/Pato_/OneDrive/Documentos/ITBA/PYTHON_DATA_APP/itba/lib/python3.10/site-packages/airflow/example_dags/example_branch_datetime_operator.py
[2024-10-20T19:32:39.317-0300] {processor.py:925} INFO - DAG(s) 'example_branch_datetime_operator_3', 'example_branch_datetime_operator_2', 'example_branch_datetime_operator' retrieved from /mnt/c/Users/Pato_/OneDrive/Documentos/ITBA/PYTHON_DATA_APP/itba/lib/python3.10/site-packages/airflow/example_dags/example_branch_datetime_operator.py
[2024-10-20T19:32:39.338-0300] {logging_mixin.py:190} INFO - [2024-10-20T19:32:39.337-0300] {dag.py:3239} INFO - Sync 3 DAGs
[2024-10-20T19:32:39.352-0300] {logging_mixin.py:190} INFO - [2024-10-20T19:32:39.352-0300] {dag.py:4180} INFO - Setting next_dagrun for example_branch_datetime_operator to 2024-10-19 00:00:00+00:00, run_after=2024-10-20 00:00:00+00:00
[2024-10-20T19:32:39.356-0300] {logging_mixin.py:190} INFO - [2024-10-20T19:32:39.356-0300] {dag.py:4180} INFO - Setting next_dagrun for example_branch_datetime_operator_2 to 2024-10-19 00:00:00+00:00, run_after=2024-10-20 00:00:00+00:00
[2024-10-20T19:32:39.359-0300] {logging_mixin.py:190} INFO - [2024-10-20T19:32:39.358-0300] {dag.py:4180} INFO - Setting next_dagrun for example_branch_datetime_operator_3 to 2024-10-19 00:00:00+00:00, run_after=2024-10-20 00:00:00+00:00
[2024-10-20T19:32:39.387-0300] {processor.py:208} INFO - Processing /mnt/c/Users/Pato_/OneDrive/Documentos/ITBA/PYTHON_DATA_APP/itba/lib/python3.10/site-packages/airflow/example_dags/example_branch_datetime_operator.py took 0.130 seconds
[2024-10-20T19:33:45.781-0300] {processor.py:186} INFO - Started process (PID=318017) to work on /mnt/c/Users/Pato_/OneDrive/Documentos/ITBA/PYTHON_DATA_APP/itba/lib/python3.10/site-packages/airflow/example_dags/example_branch_datetime_operator.py
[2024-10-20T19:33:45.782-0300] {processor.py:914} INFO - Processing file /mnt/c/Users/Pato_/OneDrive/Documentos/ITBA/PYTHON_DATA_APP/itba/lib/python3.10/site-packages/airflow/example_dags/example_branch_datetime_operator.py for tasks to queue
[2024-10-20T19:33:45.784-0300] {logging_mixin.py:190} INFO - [2024-10-20T19:33:45.784-0300] {dagbag.py:588} INFO - Filling up the DagBag from /mnt/c/Users/Pato_/OneDrive/Documentos/ITBA/PYTHON_DATA_APP/itba/lib/python3.10/site-packages/airflow/example_dags/example_branch_datetime_operator.py
[2024-10-20T19:33:45.836-0300] {processor.py:925} INFO - DAG(s) 'example_branch_datetime_operator_3', 'example_branch_datetime_operator_2', 'example_branch_datetime_operator' retrieved from /mnt/c/Users/Pato_/OneDrive/Documentos/ITBA/PYTHON_DATA_APP/itba/lib/python3.10/site-packages/airflow/example_dags/example_branch_datetime_operator.py
[2024-10-20T19:33:45.857-0300] {logging_mixin.py:190} INFO - [2024-10-20T19:33:45.856-0300] {dag.py:3239} INFO - Sync 3 DAGs
[2024-10-20T19:33:45.871-0300] {logging_mixin.py:190} INFO - [2024-10-20T19:33:45.871-0300] {dag.py:4180} INFO - Setting next_dagrun for example_branch_datetime_operator to 2024-10-19 00:00:00+00:00, run_after=2024-10-20 00:00:00+00:00
[2024-10-20T19:33:45.875-0300] {logging_mixin.py:190} INFO - [2024-10-20T19:33:45.875-0300] {dag.py:4180} INFO - Setting next_dagrun for example_branch_datetime_operator_2 to 2024-10-19 00:00:00+00:00, run_after=2024-10-20 00:00:00+00:00
[2024-10-20T19:33:45.878-0300] {logging_mixin.py:190} INFO - [2024-10-20T19:33:45.878-0300] {dag.py:4180} INFO - Setting next_dagrun for example_branch_datetime_operator_3 to 2024-10-19 00:00:00+00:00, run_after=2024-10-20 00:00:00+00:00
[2024-10-20T19:33:45.905-0300] {processor.py:208} INFO - Processing /mnt/c/Users/Pato_/OneDrive/Documentos/ITBA/PYTHON_DATA_APP/itba/lib/python3.10/site-packages/airflow/example_dags/example_branch_datetime_operator.py took 0.131 seconds
[2024-10-20T19:34:55.165-0300] {processor.py:186} INFO - Started process (PID=318761) to work on /mnt/c/Users/Pato_/OneDrive/Documentos/ITBA/PYTHON_DATA_APP/itba/lib/python3.10/site-packages/airflow/example_dags/example_branch_datetime_operator.py
[2024-10-20T19:34:55.166-0300] {processor.py:914} INFO - Processing file /mnt/c/Users/Pato_/OneDrive/Documentos/ITBA/PYTHON_DATA_APP/itba/lib/python3.10/site-packages/airflow/example_dags/example_branch_datetime_operator.py for tasks to queue
[2024-10-20T19:34:55.168-0300] {logging_mixin.py:190} INFO - [2024-10-20T19:34:55.167-0300] {dagbag.py:588} INFO - Filling up the DagBag from /mnt/c/Users/Pato_/OneDrive/Documentos/ITBA/PYTHON_DATA_APP/itba/lib/python3.10/site-packages/airflow/example_dags/example_branch_datetime_operator.py
[2024-10-20T19:34:55.220-0300] {processor.py:925} INFO - DAG(s) 'example_branch_datetime_operator_3', 'example_branch_datetime_operator_2', 'example_branch_datetime_operator' retrieved from /mnt/c/Users/Pato_/OneDrive/Documentos/ITBA/PYTHON_DATA_APP/itba/lib/python3.10/site-packages/airflow/example_dags/example_branch_datetime_operator.py
[2024-10-20T19:34:55.240-0300] {logging_mixin.py:190} INFO - [2024-10-20T19:34:55.240-0300] {dag.py:3239} INFO - Sync 3 DAGs
[2024-10-20T19:34:55.255-0300] {logging_mixin.py:190} INFO - [2024-10-20T19:34:55.254-0300] {dag.py:4180} INFO - Setting next_dagrun for example_branch_datetime_operator to 2024-10-19 00:00:00+00:00, run_after=2024-10-20 00:00:00+00:00
[2024-10-20T19:34:55.259-0300] {logging_mixin.py:190} INFO - [2024-10-20T19:34:55.258-0300] {dag.py:4180} INFO - Setting next_dagrun for example_branch_datetime_operator_2 to 2024-10-19 00:00:00+00:00, run_after=2024-10-20 00:00:00+00:00
[2024-10-20T19:34:55.261-0300] {logging_mixin.py:190} INFO - [2024-10-20T19:34:55.261-0300] {dag.py:4180} INFO - Setting next_dagrun for example_branch_datetime_operator_3 to 2024-10-19 00:00:00+00:00, run_after=2024-10-20 00:00:00+00:00
[2024-10-20T19:34:55.289-0300] {processor.py:208} INFO - Processing /mnt/c/Users/Pato_/OneDrive/Documentos/ITBA/PYTHON_DATA_APP/itba/lib/python3.10/site-packages/airflow/example_dags/example_branch_datetime_operator.py took 0.131 seconds
[2024-10-20T19:36:02.770-0300] {processor.py:186} INFO - Started process (PID=319374) to work on /mnt/c/Users/Pato_/OneDrive/Documentos/ITBA/PYTHON_DATA_APP/itba/lib/python3.10/site-packages/airflow/example_dags/example_branch_datetime_operator.py
[2024-10-20T19:36:02.771-0300] {processor.py:914} INFO - Processing file /mnt/c/Users/Pato_/OneDrive/Documentos/ITBA/PYTHON_DATA_APP/itba/lib/python3.10/site-packages/airflow/example_dags/example_branch_datetime_operator.py for tasks to queue
[2024-10-20T19:36:02.773-0300] {logging_mixin.py:190} INFO - [2024-10-20T19:36:02.772-0300] {dagbag.py:588} INFO - Filling up the DagBag from /mnt/c/Users/Pato_/OneDrive/Documentos/ITBA/PYTHON_DATA_APP/itba/lib/python3.10/site-packages/airflow/example_dags/example_branch_datetime_operator.py
[2024-10-20T19:36:02.824-0300] {processor.py:925} INFO - DAG(s) 'example_branch_datetime_operator', 'example_branch_datetime_operator_3', 'example_branch_datetime_operator_2' retrieved from /mnt/c/Users/Pato_/OneDrive/Documentos/ITBA/PYTHON_DATA_APP/itba/lib/python3.10/site-packages/airflow/example_dags/example_branch_datetime_operator.py
[2024-10-20T19:36:02.844-0300] {logging_mixin.py:190} INFO - [2024-10-20T19:36:02.844-0300] {dag.py:3239} INFO - Sync 3 DAGs
[2024-10-20T19:36:02.859-0300] {logging_mixin.py:190} INFO - [2024-10-20T19:36:02.858-0300] {dag.py:4180} INFO - Setting next_dagrun for example_branch_datetime_operator to 2024-10-19 00:00:00+00:00, run_after=2024-10-20 00:00:00+00:00
[2024-10-20T19:36:02.863-0300] {logging_mixin.py:190} INFO - [2024-10-20T19:36:02.862-0300] {dag.py:4180} INFO - Setting next_dagrun for example_branch_datetime_operator_2 to 2024-10-19 00:00:00+00:00, run_after=2024-10-20 00:00:00+00:00
[2024-10-20T19:36:02.865-0300] {logging_mixin.py:190} INFO - [2024-10-20T19:36:02.865-0300] {dag.py:4180} INFO - Setting next_dagrun for example_branch_datetime_operator_3 to 2024-10-19 00:00:00+00:00, run_after=2024-10-20 00:00:00+00:00
[2024-10-20T19:36:02.892-0300] {processor.py:208} INFO - Processing /mnt/c/Users/Pato_/OneDrive/Documentos/ITBA/PYTHON_DATA_APP/itba/lib/python3.10/site-packages/airflow/example_dags/example_branch_datetime_operator.py took 0.129 seconds
[2024-10-20T19:37:11.737-0300] {processor.py:186} INFO - Started process (PID=319912) to work on /mnt/c/Users/Pato_/OneDrive/Documentos/ITBA/PYTHON_DATA_APP/itba/lib/python3.10/site-packages/airflow/example_dags/example_branch_datetime_operator.py
[2024-10-20T19:37:11.738-0300] {processor.py:914} INFO - Processing file /mnt/c/Users/Pato_/OneDrive/Documentos/ITBA/PYTHON_DATA_APP/itba/lib/python3.10/site-packages/airflow/example_dags/example_branch_datetime_operator.py for tasks to queue
[2024-10-20T19:37:11.740-0300] {logging_mixin.py:190} INFO - [2024-10-20T19:37:11.739-0300] {dagbag.py:588} INFO - Filling up the DagBag from /mnt/c/Users/Pato_/OneDrive/Documentos/ITBA/PYTHON_DATA_APP/itba/lib/python3.10/site-packages/airflow/example_dags/example_branch_datetime_operator.py
[2024-10-20T19:37:11.791-0300] {processor.py:925} INFO - DAG(s) 'example_branch_datetime_operator_3', 'example_branch_datetime_operator', 'example_branch_datetime_operator_2' retrieved from /mnt/c/Users/Pato_/OneDrive/Documentos/ITBA/PYTHON_DATA_APP/itba/lib/python3.10/site-packages/airflow/example_dags/example_branch_datetime_operator.py
[2024-10-20T19:37:11.812-0300] {logging_mixin.py:190} INFO - [2024-10-20T19:37:11.812-0300] {dag.py:3239} INFO - Sync 3 DAGs
[2024-10-20T19:37:11.827-0300] {logging_mixin.py:190} INFO - [2024-10-20T19:37:11.827-0300] {dag.py:4180} INFO - Setting next_dagrun for example_branch_datetime_operator to 2024-10-19 00:00:00+00:00, run_after=2024-10-20 00:00:00+00:00
[2024-10-20T19:37:11.831-0300] {logging_mixin.py:190} INFO - [2024-10-20T19:37:11.831-0300] {dag.py:4180} INFO - Setting next_dagrun for example_branch_datetime_operator_2 to 2024-10-19 00:00:00+00:00, run_after=2024-10-20 00:00:00+00:00
[2024-10-20T19:37:11.834-0300] {logging_mixin.py:190} INFO - [2024-10-20T19:37:11.834-0300] {dag.py:4180} INFO - Setting next_dagrun for example_branch_datetime_operator_3 to 2024-10-19 00:00:00+00:00, run_after=2024-10-20 00:00:00+00:00
[2024-10-20T19:37:11.861-0300] {processor.py:208} INFO - Processing /mnt/c/Users/Pato_/OneDrive/Documentos/ITBA/PYTHON_DATA_APP/itba/lib/python3.10/site-packages/airflow/example_dags/example_branch_datetime_operator.py took 0.131 seconds
[2024-10-20T19:38:19.372-0300] {processor.py:186} INFO - Started process (PID=320444) to work on /mnt/c/Users/Pato_/OneDrive/Documentos/ITBA/PYTHON_DATA_APP/itba/lib/python3.10/site-packages/airflow/example_dags/example_branch_datetime_operator.py
[2024-10-20T19:38:19.373-0300] {processor.py:914} INFO - Processing file /mnt/c/Users/Pato_/OneDrive/Documentos/ITBA/PYTHON_DATA_APP/itba/lib/python3.10/site-packages/airflow/example_dags/example_branch_datetime_operator.py for tasks to queue
[2024-10-20T19:38:19.376-0300] {logging_mixin.py:190} INFO - [2024-10-20T19:38:19.375-0300] {dagbag.py:588} INFO - Filling up the DagBag from /mnt/c/Users/Pato_/OneDrive/Documentos/ITBA/PYTHON_DATA_APP/itba/lib/python3.10/site-packages/airflow/example_dags/example_branch_datetime_operator.py
[2024-10-20T19:38:19.428-0300] {processor.py:925} INFO - DAG(s) 'example_branch_datetime_operator_3', 'example_branch_datetime_operator', 'example_branch_datetime_operator_2' retrieved from /mnt/c/Users/Pato_/OneDrive/Documentos/ITBA/PYTHON_DATA_APP/itba/lib/python3.10/site-packages/airflow/example_dags/example_branch_datetime_operator.py
[2024-10-20T19:38:19.451-0300] {logging_mixin.py:190} INFO - [2024-10-20T19:38:19.451-0300] {dag.py:3239} INFO - Sync 3 DAGs
[2024-10-20T19:38:19.466-0300] {logging_mixin.py:190} INFO - [2024-10-20T19:38:19.466-0300] {dag.py:4180} INFO - Setting next_dagrun for example_branch_datetime_operator to 2024-10-19 00:00:00+00:00, run_after=2024-10-20 00:00:00+00:00
[2024-10-20T19:38:19.471-0300] {logging_mixin.py:190} INFO - [2024-10-20T19:38:19.470-0300] {dag.py:4180} INFO - Setting next_dagrun for example_branch_datetime_operator_2 to 2024-10-19 00:00:00+00:00, run_after=2024-10-20 00:00:00+00:00
[2024-10-20T19:38:19.474-0300] {logging_mixin.py:190} INFO - [2024-10-20T19:38:19.473-0300] {dag.py:4180} INFO - Setting next_dagrun for example_branch_datetime_operator_3 to 2024-10-19 00:00:00+00:00, run_after=2024-10-20 00:00:00+00:00
[2024-10-20T19:38:19.501-0300] {processor.py:208} INFO - Processing /mnt/c/Users/Pato_/OneDrive/Documentos/ITBA/PYTHON_DATA_APP/itba/lib/python3.10/site-packages/airflow/example_dags/example_branch_datetime_operator.py took 0.137 seconds
[2024-10-20T19:39:23.544-0300] {processor.py:186} INFO - Started process (PID=320944) to work on /mnt/c/Users/Pato_/OneDrive/Documentos/ITBA/PYTHON_DATA_APP/itba/lib/python3.10/site-packages/airflow/example_dags/example_branch_datetime_operator.py
[2024-10-20T19:39:23.545-0300] {processor.py:914} INFO - Processing file /mnt/c/Users/Pato_/OneDrive/Documentos/ITBA/PYTHON_DATA_APP/itba/lib/python3.10/site-packages/airflow/example_dags/example_branch_datetime_operator.py for tasks to queue
[2024-10-20T19:39:23.547-0300] {logging_mixin.py:190} INFO - [2024-10-20T19:39:23.546-0300] {dagbag.py:588} INFO - Filling up the DagBag from /mnt/c/Users/Pato_/OneDrive/Documentos/ITBA/PYTHON_DATA_APP/itba/lib/python3.10/site-packages/airflow/example_dags/example_branch_datetime_operator.py
[2024-10-20T19:39:23.597-0300] {processor.py:925} INFO - DAG(s) 'example_branch_datetime_operator', 'example_branch_datetime_operator_3', 'example_branch_datetime_operator_2' retrieved from /mnt/c/Users/Pato_/OneDrive/Documentos/ITBA/PYTHON_DATA_APP/itba/lib/python3.10/site-packages/airflow/example_dags/example_branch_datetime_operator.py
[2024-10-20T19:39:23.618-0300] {logging_mixin.py:190} INFO - [2024-10-20T19:39:23.617-0300] {dag.py:3239} INFO - Sync 3 DAGs
[2024-10-20T19:39:23.632-0300] {logging_mixin.py:190} INFO - [2024-10-20T19:39:23.632-0300] {dag.py:4180} INFO - Setting next_dagrun for example_branch_datetime_operator to 2024-10-19 00:00:00+00:00, run_after=2024-10-20 00:00:00+00:00
[2024-10-20T19:39:23.636-0300] {logging_mixin.py:190} INFO - [2024-10-20T19:39:23.636-0300] {dag.py:4180} INFO - Setting next_dagrun for example_branch_datetime_operator_2 to 2024-10-19 00:00:00+00:00, run_after=2024-10-20 00:00:00+00:00
[2024-10-20T19:39:23.639-0300] {logging_mixin.py:190} INFO - [2024-10-20T19:39:23.639-0300] {dag.py:4180} INFO - Setting next_dagrun for example_branch_datetime_operator_3 to 2024-10-19 00:00:00+00:00, run_after=2024-10-20 00:00:00+00:00
[2024-10-20T19:39:23.667-0300] {processor.py:208} INFO - Processing /mnt/c/Users/Pato_/OneDrive/Documentos/ITBA/PYTHON_DATA_APP/itba/lib/python3.10/site-packages/airflow/example_dags/example_branch_datetime_operator.py took 0.130 seconds
[2024-10-20T19:40:30.177-0300] {processor.py:186} INFO - Started process (PID=321777) to work on /mnt/c/Users/Pato_/OneDrive/Documentos/ITBA/PYTHON_DATA_APP/itba/lib/python3.10/site-packages/airflow/example_dags/example_branch_datetime_operator.py
[2024-10-20T19:40:30.178-0300] {processor.py:914} INFO - Processing file /mnt/c/Users/Pato_/OneDrive/Documentos/ITBA/PYTHON_DATA_APP/itba/lib/python3.10/site-packages/airflow/example_dags/example_branch_datetime_operator.py for tasks to queue
[2024-10-20T19:40:30.180-0300] {logging_mixin.py:190} INFO - [2024-10-20T19:40:30.180-0300] {dagbag.py:588} INFO - Filling up the DagBag from /mnt/c/Users/Pato_/OneDrive/Documentos/ITBA/PYTHON_DATA_APP/itba/lib/python3.10/site-packages/airflow/example_dags/example_branch_datetime_operator.py
[2024-10-20T19:40:30.234-0300] {processor.py:925} INFO - DAG(s) 'example_branch_datetime_operator_2', 'example_branch_datetime_operator', 'example_branch_datetime_operator_3' retrieved from /mnt/c/Users/Pato_/OneDrive/Documentos/ITBA/PYTHON_DATA_APP/itba/lib/python3.10/site-packages/airflow/example_dags/example_branch_datetime_operator.py
[2024-10-20T19:40:30.255-0300] {logging_mixin.py:190} INFO - [2024-10-20T19:40:30.254-0300] {dag.py:3239} INFO - Sync 3 DAGs
[2024-10-20T19:40:30.271-0300] {logging_mixin.py:190} INFO - [2024-10-20T19:40:30.270-0300] {dag.py:4180} INFO - Setting next_dagrun for example_branch_datetime_operator to 2024-10-19 00:00:00+00:00, run_after=2024-10-20 00:00:00+00:00
[2024-10-20T19:40:30.275-0300] {logging_mixin.py:190} INFO - [2024-10-20T19:40:30.274-0300] {dag.py:4180} INFO - Setting next_dagrun for example_branch_datetime_operator_2 to 2024-10-19 00:00:00+00:00, run_after=2024-10-20 00:00:00+00:00
[2024-10-20T19:40:30.278-0300] {logging_mixin.py:190} INFO - [2024-10-20T19:40:30.277-0300] {dag.py:4180} INFO - Setting next_dagrun for example_branch_datetime_operator_3 to 2024-10-19 00:00:00+00:00, run_after=2024-10-20 00:00:00+00:00
[2024-10-20T19:40:30.305-0300] {processor.py:208} INFO - Processing /mnt/c/Users/Pato_/OneDrive/Documentos/ITBA/PYTHON_DATA_APP/itba/lib/python3.10/site-packages/airflow/example_dags/example_branch_datetime_operator.py took 0.135 seconds
[2024-10-20T19:41:37.279-0300] {processor.py:186} INFO - Started process (PID=322375) to work on /mnt/c/Users/Pato_/OneDrive/Documentos/ITBA/PYTHON_DATA_APP/itba/lib/python3.10/site-packages/airflow/example_dags/example_branch_datetime_operator.py
[2024-10-20T19:41:37.280-0300] {processor.py:914} INFO - Processing file /mnt/c/Users/Pato_/OneDrive/Documentos/ITBA/PYTHON_DATA_APP/itba/lib/python3.10/site-packages/airflow/example_dags/example_branch_datetime_operator.py for tasks to queue
[2024-10-20T19:41:37.282-0300] {logging_mixin.py:190} INFO - [2024-10-20T19:41:37.282-0300] {dagbag.py:588} INFO - Filling up the DagBag from /mnt/c/Users/Pato_/OneDrive/Documentos/ITBA/PYTHON_DATA_APP/itba/lib/python3.10/site-packages/airflow/example_dags/example_branch_datetime_operator.py
[2024-10-20T19:41:37.333-0300] {processor.py:925} INFO - DAG(s) 'example_branch_datetime_operator_2', 'example_branch_datetime_operator', 'example_branch_datetime_operator_3' retrieved from /mnt/c/Users/Pato_/OneDrive/Documentos/ITBA/PYTHON_DATA_APP/itba/lib/python3.10/site-packages/airflow/example_dags/example_branch_datetime_operator.py
[2024-10-20T19:41:37.354-0300] {logging_mixin.py:190} INFO - [2024-10-20T19:41:37.353-0300] {dag.py:3239} INFO - Sync 3 DAGs
[2024-10-20T19:41:37.368-0300] {logging_mixin.py:190} INFO - [2024-10-20T19:41:37.368-0300] {dag.py:4180} INFO - Setting next_dagrun for example_branch_datetime_operator to 2024-10-19 00:00:00+00:00, run_after=2024-10-20 00:00:00+00:00
[2024-10-20T19:41:37.372-0300] {logging_mixin.py:190} INFO - [2024-10-20T19:41:37.372-0300] {dag.py:4180} INFO - Setting next_dagrun for example_branch_datetime_operator_2 to 2024-10-19 00:00:00+00:00, run_after=2024-10-20 00:00:00+00:00
[2024-10-20T19:41:37.375-0300] {logging_mixin.py:190} INFO - [2024-10-20T19:41:37.374-0300] {dag.py:4180} INFO - Setting next_dagrun for example_branch_datetime_operator_3 to 2024-10-19 00:00:00+00:00, run_after=2024-10-20 00:00:00+00:00
[2024-10-20T19:41:37.404-0300] {processor.py:208} INFO - Processing /mnt/c/Users/Pato_/OneDrive/Documentos/ITBA/PYTHON_DATA_APP/itba/lib/python3.10/site-packages/airflow/example_dags/example_branch_datetime_operator.py took 0.132 seconds
