[2024-10-20T19:01:55.512-0300] {processor.py:186} INFO - Started process (PID=299558) to work on /mnt/c/Users/Pato_/OneDrive/Documentos/ITBA/PYTHON_DATA_APP/itba/lib/python3.10/site-packages/airflow/example_dags/example_branch_python_dop_operator_3.py
[2024-10-20T19:01:55.513-0300] {processor.py:914} INFO - Processing file /mnt/c/Users/Pato_/OneDrive/Documentos/ITBA/PYTHON_DATA_APP/itba/lib/python3.10/site-packages/airflow/example_dags/example_branch_python_dop_operator_3.py for tasks to queue
[2024-10-20T19:01:55.515-0300] {logging_mixin.py:190} INFO - [2024-10-20T19:01:55.514-0300] {dagbag.py:588} INFO - Filling up the DagBag from /mnt/c/Users/Pato_/OneDrive/Documentos/ITBA/PYTHON_DATA_APP/itba/lib/python3.10/site-packages/airflow/example_dags/example_branch_python_dop_operator_3.py
[2024-10-20T19:01:55.559-0300] {processor.py:925} INFO - DAG(s) 'example_branch_dop_operator_v3' retrieved from /mnt/c/Users/Pato_/OneDrive/Documentos/ITBA/PYTHON_DATA_APP/itba/lib/python3.10/site-packages/airflow/example_dags/example_branch_python_dop_operator_3.py
[2024-10-20T19:01:56.431-0300] {logging_mixin.py:190} INFO - [2024-10-20T19:01:56.430-0300] {override.py:1907} INFO - Created Permission View: can read on DAG:example_branch_dop_operator_v3
[2024-10-20T19:01:56.543-0300] {logging_mixin.py:190} INFO - [2024-10-20T19:01:56.543-0300] {override.py:1907} INFO - Created Permission View: can delete on DAG:example_branch_dop_operator_v3
[2024-10-20T19:01:56.654-0300] {logging_mixin.py:190} INFO - [2024-10-20T19:01:56.653-0300] {override.py:1907} INFO - Created Permission View: can edit on DAG:example_branch_dop_operator_v3
[2024-10-20T19:01:56.868-0300] {logging_mixin.py:190} INFO - [2024-10-20T19:01:56.867-0300] {override.py:1907} INFO - Created Permission View: can read on DAG Run:example_branch_dop_operator_v3
[2024-10-20T19:01:56.978-0300] {logging_mixin.py:190} INFO - [2024-10-20T19:01:56.978-0300] {override.py:1907} INFO - Created Permission View: can delete on DAG Run:example_branch_dop_operator_v3
[2024-10-20T19:01:57.088-0300] {logging_mixin.py:190} INFO - [2024-10-20T19:01:57.087-0300] {override.py:1907} INFO - Created Permission View: can create on DAG Run:example_branch_dop_operator_v3
[2024-10-20T19:01:57.199-0300] {logging_mixin.py:190} INFO - [2024-10-20T19:01:57.198-0300] {override.py:1907} INFO - Created Permission View: menu access on DAG Run:example_branch_dop_operator_v3
[2024-10-20T19:01:57.200-0300] {logging_mixin.py:190} INFO - [2024-10-20T19:01:57.199-0300] {dag.py:3239} INFO - Sync 1 DAGs
[2024-10-20T19:01:57.212-0300] {logging_mixin.py:190} INFO - [2024-10-20T19:01:57.211-0300] {dag.py:3262} INFO - Creating ORM DAG for example_branch_dop_operator_v3
[2024-10-20T19:01:57.226-0300] {logging_mixin.py:190} INFO - [2024-10-20T19:01:57.226-0300] {dag.py:4180} INFO - Setting next_dagrun for example_branch_dop_operator_v3 to 2024-10-20 22:00:00+00:00, run_after=2024-10-20 22:01:00+00:00
[2024-10-20T19:01:57.436-0300] {processor.py:208} INFO - Processing /mnt/c/Users/Pato_/OneDrive/Documentos/ITBA/PYTHON_DATA_APP/itba/lib/python3.10/site-packages/airflow/example_dags/example_branch_python_dop_operator_3.py took 1.931 seconds
[2024-10-20T19:03:38.692-0300] {processor.py:186} INFO - Started process (PID=300358) to work on /mnt/c/Users/Pato_/OneDrive/Documentos/ITBA/PYTHON_DATA_APP/itba/lib/python3.10/site-packages/airflow/example_dags/example_branch_python_dop_operator_3.py
[2024-10-20T19:03:38.693-0300] {processor.py:914} INFO - Processing file /mnt/c/Users/Pato_/OneDrive/Documentos/ITBA/PYTHON_DATA_APP/itba/lib/python3.10/site-packages/airflow/example_dags/example_branch_python_dop_operator_3.py for tasks to queue
[2024-10-20T19:03:38.694-0300] {logging_mixin.py:190} INFO - [2024-10-20T19:03:38.694-0300] {dagbag.py:588} INFO - Filling up the DagBag from /mnt/c/Users/Pato_/OneDrive/Documentos/ITBA/PYTHON_DATA_APP/itba/lib/python3.10/site-packages/airflow/example_dags/example_branch_python_dop_operator_3.py
[2024-10-20T19:03:38.737-0300] {processor.py:925} INFO - DAG(s) 'example_branch_dop_operator_v3' retrieved from /mnt/c/Users/Pato_/OneDrive/Documentos/ITBA/PYTHON_DATA_APP/itba/lib/python3.10/site-packages/airflow/example_dags/example_branch_python_dop_operator_3.py
[2024-10-20T19:03:38.751-0300] {logging_mixin.py:190} INFO - [2024-10-20T19:03:38.751-0300] {dag.py:3239} INFO - Sync 1 DAGs
[2024-10-20T19:03:38.774-0300] {logging_mixin.py:190} INFO - [2024-10-20T19:03:38.773-0300] {dag.py:4180} INFO - Setting next_dagrun for example_branch_dop_operator_v3 to 2024-10-20 22:02:00+00:00, run_after=2024-10-20 22:03:00+00:00
[2024-10-20T19:03:38.803-0300] {processor.py:208} INFO - Processing /mnt/c/Users/Pato_/OneDrive/Documentos/ITBA/PYTHON_DATA_APP/itba/lib/python3.10/site-packages/airflow/example_dags/example_branch_python_dop_operator_3.py took 0.118 seconds
[2024-10-20T19:04:49.152-0300] {processor.py:186} INFO - Started process (PID=301128) to work on /mnt/c/Users/Pato_/OneDrive/Documentos/ITBA/PYTHON_DATA_APP/itba/lib/python3.10/site-packages/airflow/example_dags/example_branch_python_dop_operator_3.py
[2024-10-20T19:04:49.154-0300] {processor.py:914} INFO - Processing file /mnt/c/Users/Pato_/OneDrive/Documentos/ITBA/PYTHON_DATA_APP/itba/lib/python3.10/site-packages/airflow/example_dags/example_branch_python_dop_operator_3.py for tasks to queue
[2024-10-20T19:04:49.156-0300] {logging_mixin.py:190} INFO - [2024-10-20T19:04:49.155-0300] {dagbag.py:588} INFO - Filling up the DagBag from /mnt/c/Users/Pato_/OneDrive/Documentos/ITBA/PYTHON_DATA_APP/itba/lib/python3.10/site-packages/airflow/example_dags/example_branch_python_dop_operator_3.py
[2024-10-20T19:04:49.205-0300] {processor.py:925} INFO - DAG(s) 'example_branch_dop_operator_v3' retrieved from /mnt/c/Users/Pato_/OneDrive/Documentos/ITBA/PYTHON_DATA_APP/itba/lib/python3.10/site-packages/airflow/example_dags/example_branch_python_dop_operator_3.py
[2024-10-20T19:04:49.222-0300] {logging_mixin.py:190} INFO - [2024-10-20T19:04:49.221-0300] {dag.py:3239} INFO - Sync 1 DAGs
[2024-10-20T19:04:49.245-0300] {logging_mixin.py:190} INFO - [2024-10-20T19:04:49.245-0300] {dag.py:4180} INFO - Setting next_dagrun for example_branch_dop_operator_v3 to 2024-10-20 22:03:00+00:00, run_after=2024-10-20 22:04:00+00:00
[2024-10-20T19:04:49.279-0300] {processor.py:208} INFO - Processing /mnt/c/Users/Pato_/OneDrive/Documentos/ITBA/PYTHON_DATA_APP/itba/lib/python3.10/site-packages/airflow/example_dags/example_branch_python_dop_operator_3.py took 0.134 seconds
[2024-10-20T19:07:25.913-0300] {processor.py:186} INFO - Started process (PID=303262) to work on /mnt/c/Users/Pato_/OneDrive/Documentos/ITBA/PYTHON_DATA_APP/itba/lib/python3.10/site-packages/airflow/example_dags/example_branch_python_dop_operator_3.py
[2024-10-20T19:07:25.914-0300] {processor.py:914} INFO - Processing file /mnt/c/Users/Pato_/OneDrive/Documentos/ITBA/PYTHON_DATA_APP/itba/lib/python3.10/site-packages/airflow/example_dags/example_branch_python_dop_operator_3.py for tasks to queue
[2024-10-20T19:07:25.915-0300] {logging_mixin.py:190} INFO - [2024-10-20T19:07:25.915-0300] {dagbag.py:588} INFO - Filling up the DagBag from /mnt/c/Users/Pato_/OneDrive/Documentos/ITBA/PYTHON_DATA_APP/itba/lib/python3.10/site-packages/airflow/example_dags/example_branch_python_dop_operator_3.py
[2024-10-20T19:07:25.976-0300] {processor.py:925} INFO - DAG(s) 'example_branch_dop_operator_v3' retrieved from /mnt/c/Users/Pato_/OneDrive/Documentos/ITBA/PYTHON_DATA_APP/itba/lib/python3.10/site-packages/airflow/example_dags/example_branch_python_dop_operator_3.py
[2024-10-20T19:07:25.993-0300] {logging_mixin.py:190} INFO - [2024-10-20T19:07:25.993-0300] {dag.py:3239} INFO - Sync 1 DAGs
[2024-10-20T19:07:26.016-0300] {logging_mixin.py:190} INFO - [2024-10-20T19:07:26.016-0300] {dag.py:4180} INFO - Setting next_dagrun for example_branch_dop_operator_v3 to 2024-10-20 22:06:00+00:00, run_after=2024-10-20 22:07:00+00:00
[2024-10-20T19:07:26.048-0300] {processor.py:208} INFO - Processing /mnt/c/Users/Pato_/OneDrive/Documentos/ITBA/PYTHON_DATA_APP/itba/lib/python3.10/site-packages/airflow/example_dags/example_branch_python_dop_operator_3.py took 0.142 seconds
[2024-10-20T19:08:53.356-0300] {processor.py:186} INFO - Started process (PID=303985) to work on /mnt/c/Users/Pato_/OneDrive/Documentos/ITBA/PYTHON_DATA_APP/itba/lib/python3.10/site-packages/airflow/example_dags/example_branch_python_dop_operator_3.py
[2024-10-20T19:08:53.357-0300] {processor.py:914} INFO - Processing file /mnt/c/Users/Pato_/OneDrive/Documentos/ITBA/PYTHON_DATA_APP/itba/lib/python3.10/site-packages/airflow/example_dags/example_branch_python_dop_operator_3.py for tasks to queue
[2024-10-20T19:08:53.359-0300] {logging_mixin.py:190} INFO - [2024-10-20T19:08:53.359-0300] {dagbag.py:588} INFO - Filling up the DagBag from /mnt/c/Users/Pato_/OneDrive/Documentos/ITBA/PYTHON_DATA_APP/itba/lib/python3.10/site-packages/airflow/example_dags/example_branch_python_dop_operator_3.py
[2024-10-20T19:08:53.401-0300] {processor.py:925} INFO - DAG(s) 'example_branch_dop_operator_v3' retrieved from /mnt/c/Users/Pato_/OneDrive/Documentos/ITBA/PYTHON_DATA_APP/itba/lib/python3.10/site-packages/airflow/example_dags/example_branch_python_dop_operator_3.py
[2024-10-20T19:08:53.415-0300] {logging_mixin.py:190} INFO - [2024-10-20T19:08:53.415-0300] {dag.py:3239} INFO - Sync 1 DAGs
[2024-10-20T19:08:53.437-0300] {logging_mixin.py:190} INFO - [2024-10-20T19:08:53.436-0300] {dag.py:4180} INFO - Setting next_dagrun for example_branch_dop_operator_v3 to 2024-10-20 22:07:00+00:00, run_after=2024-10-20 22:08:00+00:00
[2024-10-20T19:08:53.465-0300] {processor.py:208} INFO - Processing /mnt/c/Users/Pato_/OneDrive/Documentos/ITBA/PYTHON_DATA_APP/itba/lib/python3.10/site-packages/airflow/example_dags/example_branch_python_dop_operator_3.py took 0.116 seconds
[2024-10-20T19:09:56.983-0300] {processor.py:186} INFO - Started process (PID=304577) to work on /mnt/c/Users/Pato_/OneDrive/Documentos/ITBA/PYTHON_DATA_APP/itba/lib/python3.10/site-packages/airflow/example_dags/example_branch_python_dop_operator_3.py
[2024-10-20T19:09:56.984-0300] {processor.py:914} INFO - Processing file /mnt/c/Users/Pato_/OneDrive/Documentos/ITBA/PYTHON_DATA_APP/itba/lib/python3.10/site-packages/airflow/example_dags/example_branch_python_dop_operator_3.py for tasks to queue
[2024-10-20T19:09:56.986-0300] {logging_mixin.py:190} INFO - [2024-10-20T19:09:56.985-0300] {dagbag.py:588} INFO - Filling up the DagBag from /mnt/c/Users/Pato_/OneDrive/Documentos/ITBA/PYTHON_DATA_APP/itba/lib/python3.10/site-packages/airflow/example_dags/example_branch_python_dop_operator_3.py
[2024-10-20T19:09:57.028-0300] {processor.py:925} INFO - DAG(s) 'example_branch_dop_operator_v3' retrieved from /mnt/c/Users/Pato_/OneDrive/Documentos/ITBA/PYTHON_DATA_APP/itba/lib/python3.10/site-packages/airflow/example_dags/example_branch_python_dop_operator_3.py
[2024-10-20T19:09:57.043-0300] {logging_mixin.py:190} INFO - [2024-10-20T19:09:57.042-0300] {dag.py:3239} INFO - Sync 1 DAGs
[2024-10-20T19:09:57.065-0300] {logging_mixin.py:190} INFO - [2024-10-20T19:09:57.064-0300] {dag.py:4180} INFO - Setting next_dagrun for example_branch_dop_operator_v3 to 2024-10-20 22:08:00+00:00, run_after=2024-10-20 22:09:00+00:00
[2024-10-20T19:09:57.094-0300] {processor.py:208} INFO - Processing /mnt/c/Users/Pato_/OneDrive/Documentos/ITBA/PYTHON_DATA_APP/itba/lib/python3.10/site-packages/airflow/example_dags/example_branch_python_dop_operator_3.py took 0.118 seconds
[2024-10-20T19:11:04.520-0300] {processor.py:186} INFO - Started process (PID=305104) to work on /mnt/c/Users/Pato_/OneDrive/Documentos/ITBA/PYTHON_DATA_APP/itba/lib/python3.10/site-packages/airflow/example_dags/example_branch_python_dop_operator_3.py
[2024-10-20T19:11:04.521-0300] {processor.py:914} INFO - Processing file /mnt/c/Users/Pato_/OneDrive/Documentos/ITBA/PYTHON_DATA_APP/itba/lib/python3.10/site-packages/airflow/example_dags/example_branch_python_dop_operator_3.py for tasks to queue
[2024-10-20T19:11:04.523-0300] {logging_mixin.py:190} INFO - [2024-10-20T19:11:04.522-0300] {dagbag.py:588} INFO - Filling up the DagBag from /mnt/c/Users/Pato_/OneDrive/Documentos/ITBA/PYTHON_DATA_APP/itba/lib/python3.10/site-packages/airflow/example_dags/example_branch_python_dop_operator_3.py
[2024-10-20T19:11:04.566-0300] {processor.py:925} INFO - DAG(s) 'example_branch_dop_operator_v3' retrieved from /mnt/c/Users/Pato_/OneDrive/Documentos/ITBA/PYTHON_DATA_APP/itba/lib/python3.10/site-packages/airflow/example_dags/example_branch_python_dop_operator_3.py
[2024-10-20T19:11:04.580-0300] {logging_mixin.py:190} INFO - [2024-10-20T19:11:04.580-0300] {dag.py:3239} INFO - Sync 1 DAGs
[2024-10-20T19:11:04.602-0300] {logging_mixin.py:190} INFO - [2024-10-20T19:11:04.601-0300] {dag.py:4180} INFO - Setting next_dagrun for example_branch_dop_operator_v3 to 2024-10-20 22:10:00+00:00, run_after=2024-10-20 22:11:00+00:00
[2024-10-20T19:11:04.632-0300] {processor.py:208} INFO - Processing /mnt/c/Users/Pato_/OneDrive/Documentos/ITBA/PYTHON_DATA_APP/itba/lib/python3.10/site-packages/airflow/example_dags/example_branch_python_dop_operator_3.py took 0.119 seconds
[2024-10-20T19:12:13.109-0300] {processor.py:186} INFO - Started process (PID=305641) to work on /mnt/c/Users/Pato_/OneDrive/Documentos/ITBA/PYTHON_DATA_APP/itba/lib/python3.10/site-packages/airflow/example_dags/example_branch_python_dop_operator_3.py
[2024-10-20T19:12:13.110-0300] {processor.py:914} INFO - Processing file /mnt/c/Users/Pato_/OneDrive/Documentos/ITBA/PYTHON_DATA_APP/itba/lib/python3.10/site-packages/airflow/example_dags/example_branch_python_dop_operator_3.py for tasks to queue
[2024-10-20T19:12:13.112-0300] {logging_mixin.py:190} INFO - [2024-10-20T19:12:13.111-0300] {dagbag.py:588} INFO - Filling up the DagBag from /mnt/c/Users/Pato_/OneDrive/Documentos/ITBA/PYTHON_DATA_APP/itba/lib/python3.10/site-packages/airflow/example_dags/example_branch_python_dop_operator_3.py
[2024-10-20T19:12:13.156-0300] {processor.py:925} INFO - DAG(s) 'example_branch_dop_operator_v3' retrieved from /mnt/c/Users/Pato_/OneDrive/Documentos/ITBA/PYTHON_DATA_APP/itba/lib/python3.10/site-packages/airflow/example_dags/example_branch_python_dop_operator_3.py
[2024-10-20T19:12:13.171-0300] {logging_mixin.py:190} INFO - [2024-10-20T19:12:13.171-0300] {dag.py:3239} INFO - Sync 1 DAGs
[2024-10-20T19:12:13.194-0300] {logging_mixin.py:190} INFO - [2024-10-20T19:12:13.193-0300] {dag.py:4180} INFO - Setting next_dagrun for example_branch_dop_operator_v3 to 2024-10-20 22:11:00+00:00, run_after=2024-10-20 22:12:00+00:00
[2024-10-20T19:12:13.225-0300] {processor.py:208} INFO - Processing /mnt/c/Users/Pato_/OneDrive/Documentos/ITBA/PYTHON_DATA_APP/itba/lib/python3.10/site-packages/airflow/example_dags/example_branch_python_dop_operator_3.py took 0.122 seconds
[2024-10-20T19:13:18.106-0300] {processor.py:186} INFO - Started process (PID=306150) to work on /mnt/c/Users/Pato_/OneDrive/Documentos/ITBA/PYTHON_DATA_APP/itba/lib/python3.10/site-packages/airflow/example_dags/example_branch_python_dop_operator_3.py
[2024-10-20T19:13:18.107-0300] {processor.py:914} INFO - Processing file /mnt/c/Users/Pato_/OneDrive/Documentos/ITBA/PYTHON_DATA_APP/itba/lib/python3.10/site-packages/airflow/example_dags/example_branch_python_dop_operator_3.py for tasks to queue
[2024-10-20T19:13:18.109-0300] {logging_mixin.py:190} INFO - [2024-10-20T19:13:18.109-0300] {dagbag.py:588} INFO - Filling up the DagBag from /mnt/c/Users/Pato_/OneDrive/Documentos/ITBA/PYTHON_DATA_APP/itba/lib/python3.10/site-packages/airflow/example_dags/example_branch_python_dop_operator_3.py
[2024-10-20T19:13:18.154-0300] {processor.py:925} INFO - DAG(s) 'example_branch_dop_operator_v3' retrieved from /mnt/c/Users/Pato_/OneDrive/Documentos/ITBA/PYTHON_DATA_APP/itba/lib/python3.10/site-packages/airflow/example_dags/example_branch_python_dop_operator_3.py
[2024-10-20T19:13:18.171-0300] {logging_mixin.py:190} INFO - [2024-10-20T19:13:18.171-0300] {dag.py:3239} INFO - Sync 1 DAGs
[2024-10-20T19:13:18.194-0300] {logging_mixin.py:190} INFO - [2024-10-20T19:13:18.194-0300] {dag.py:4180} INFO - Setting next_dagrun for example_branch_dop_operator_v3 to 2024-10-20 22:12:00+00:00, run_after=2024-10-20 22:13:00+00:00
[2024-10-20T19:13:18.224-0300] {processor.py:208} INFO - Processing /mnt/c/Users/Pato_/OneDrive/Documentos/ITBA/PYTHON_DATA_APP/itba/lib/python3.10/site-packages/airflow/example_dags/example_branch_python_dop_operator_3.py took 0.124 seconds
[2024-10-20T19:14:24.897-0300] {processor.py:186} INFO - Started process (PID=306671) to work on /mnt/c/Users/Pato_/OneDrive/Documentos/ITBA/PYTHON_DATA_APP/itba/lib/python3.10/site-packages/airflow/example_dags/example_branch_python_dop_operator_3.py
[2024-10-20T19:14:24.898-0300] {processor.py:914} INFO - Processing file /mnt/c/Users/Pato_/OneDrive/Documentos/ITBA/PYTHON_DATA_APP/itba/lib/python3.10/site-packages/airflow/example_dags/example_branch_python_dop_operator_3.py for tasks to queue
[2024-10-20T19:14:24.900-0300] {logging_mixin.py:190} INFO - [2024-10-20T19:14:24.899-0300] {dagbag.py:588} INFO - Filling up the DagBag from /mnt/c/Users/Pato_/OneDrive/Documentos/ITBA/PYTHON_DATA_APP/itba/lib/python3.10/site-packages/airflow/example_dags/example_branch_python_dop_operator_3.py
[2024-10-20T19:14:24.942-0300] {processor.py:925} INFO - DAG(s) 'example_branch_dop_operator_v3' retrieved from /mnt/c/Users/Pato_/OneDrive/Documentos/ITBA/PYTHON_DATA_APP/itba/lib/python3.10/site-packages/airflow/example_dags/example_branch_python_dop_operator_3.py
[2024-10-20T19:14:24.956-0300] {logging_mixin.py:190} INFO - [2024-10-20T19:14:24.955-0300] {dag.py:3239} INFO - Sync 1 DAGs
[2024-10-20T19:14:24.977-0300] {logging_mixin.py:190} INFO - [2024-10-20T19:14:24.977-0300] {dag.py:4180} INFO - Setting next_dagrun for example_branch_dop_operator_v3 to 2024-10-20 22:13:00+00:00, run_after=2024-10-20 22:14:00+00:00
[2024-10-20T19:14:25.006-0300] {processor.py:208} INFO - Processing /mnt/c/Users/Pato_/OneDrive/Documentos/ITBA/PYTHON_DATA_APP/itba/lib/python3.10/site-packages/airflow/example_dags/example_branch_python_dop_operator_3.py took 0.116 seconds
[2024-10-20T19:15:34.851-0300] {processor.py:186} INFO - Started process (PID=307241) to work on /mnt/c/Users/Pato_/OneDrive/Documentos/ITBA/PYTHON_DATA_APP/itba/lib/python3.10/site-packages/airflow/example_dags/example_branch_python_dop_operator_3.py
[2024-10-20T19:15:34.852-0300] {processor.py:914} INFO - Processing file /mnt/c/Users/Pato_/OneDrive/Documentos/ITBA/PYTHON_DATA_APP/itba/lib/python3.10/site-packages/airflow/example_dags/example_branch_python_dop_operator_3.py for tasks to queue
[2024-10-20T19:15:34.855-0300] {logging_mixin.py:190} INFO - [2024-10-20T19:15:34.854-0300] {dagbag.py:588} INFO - Filling up the DagBag from /mnt/c/Users/Pato_/OneDrive/Documentos/ITBA/PYTHON_DATA_APP/itba/lib/python3.10/site-packages/airflow/example_dags/example_branch_python_dop_operator_3.py
[2024-10-20T19:15:34.897-0300] {processor.py:925} INFO - DAG(s) 'example_branch_dop_operator_v3' retrieved from /mnt/c/Users/Pato_/OneDrive/Documentos/ITBA/PYTHON_DATA_APP/itba/lib/python3.10/site-packages/airflow/example_dags/example_branch_python_dop_operator_3.py
[2024-10-20T19:15:34.912-0300] {logging_mixin.py:190} INFO - [2024-10-20T19:15:34.911-0300] {dag.py:3239} INFO - Sync 1 DAGs
[2024-10-20T19:15:34.934-0300] {logging_mixin.py:190} INFO - [2024-10-20T19:15:34.933-0300] {dag.py:4180} INFO - Setting next_dagrun for example_branch_dop_operator_v3 to 2024-10-20 22:14:00+00:00, run_after=2024-10-20 22:15:00+00:00
[2024-10-20T19:15:34.964-0300] {processor.py:208} INFO - Processing /mnt/c/Users/Pato_/OneDrive/Documentos/ITBA/PYTHON_DATA_APP/itba/lib/python3.10/site-packages/airflow/example_dags/example_branch_python_dop_operator_3.py took 0.119 seconds
[2024-10-20T19:16:42.005-0300] {processor.py:186} INFO - Started process (PID=307766) to work on /mnt/c/Users/Pato_/OneDrive/Documentos/ITBA/PYTHON_DATA_APP/itba/lib/python3.10/site-packages/airflow/example_dags/example_branch_python_dop_operator_3.py
[2024-10-20T19:16:42.006-0300] {processor.py:914} INFO - Processing file /mnt/c/Users/Pato_/OneDrive/Documentos/ITBA/PYTHON_DATA_APP/itba/lib/python3.10/site-packages/airflow/example_dags/example_branch_python_dop_operator_3.py for tasks to queue
[2024-10-20T19:16:42.008-0300] {logging_mixin.py:190} INFO - [2024-10-20T19:16:42.008-0300] {dagbag.py:588} INFO - Filling up the DagBag from /mnt/c/Users/Pato_/OneDrive/Documentos/ITBA/PYTHON_DATA_APP/itba/lib/python3.10/site-packages/airflow/example_dags/example_branch_python_dop_operator_3.py
[2024-10-20T19:16:42.051-0300] {processor.py:925} INFO - DAG(s) 'example_branch_dop_operator_v3' retrieved from /mnt/c/Users/Pato_/OneDrive/Documentos/ITBA/PYTHON_DATA_APP/itba/lib/python3.10/site-packages/airflow/example_dags/example_branch_python_dop_operator_3.py
[2024-10-20T19:16:42.066-0300] {logging_mixin.py:190} INFO - [2024-10-20T19:16:42.065-0300] {dag.py:3239} INFO - Sync 1 DAGs
[2024-10-20T19:16:42.088-0300] {logging_mixin.py:190} INFO - [2024-10-20T19:16:42.087-0300] {dag.py:4180} INFO - Setting next_dagrun for example_branch_dop_operator_v3 to 2024-10-20 22:15:00+00:00, run_after=2024-10-20 22:16:00+00:00
[2024-10-20T19:16:42.117-0300] {processor.py:208} INFO - Processing /mnt/c/Users/Pato_/OneDrive/Documentos/ITBA/PYTHON_DATA_APP/itba/lib/python3.10/site-packages/airflow/example_dags/example_branch_python_dop_operator_3.py took 0.119 seconds
[2024-10-20T19:17:58.941-0300] {processor.py:186} INFO - Started process (PID=308365) to work on /mnt/c/Users/Pato_/OneDrive/Documentos/ITBA/PYTHON_DATA_APP/itba/lib/python3.10/site-packages/airflow/example_dags/example_branch_python_dop_operator_3.py
[2024-10-20T19:17:58.942-0300] {processor.py:914} INFO - Processing file /mnt/c/Users/Pato_/OneDrive/Documentos/ITBA/PYTHON_DATA_APP/itba/lib/python3.10/site-packages/airflow/example_dags/example_branch_python_dop_operator_3.py for tasks to queue
[2024-10-20T19:17:58.944-0300] {logging_mixin.py:190} INFO - [2024-10-20T19:17:58.944-0300] {dagbag.py:588} INFO - Filling up the DagBag from /mnt/c/Users/Pato_/OneDrive/Documentos/ITBA/PYTHON_DATA_APP/itba/lib/python3.10/site-packages/airflow/example_dags/example_branch_python_dop_operator_3.py
[2024-10-20T19:17:58.986-0300] {processor.py:925} INFO - DAG(s) 'example_branch_dop_operator_v3' retrieved from /mnt/c/Users/Pato_/OneDrive/Documentos/ITBA/PYTHON_DATA_APP/itba/lib/python3.10/site-packages/airflow/example_dags/example_branch_python_dop_operator_3.py
[2024-10-20T19:17:59.000-0300] {logging_mixin.py:190} INFO - [2024-10-20T19:17:58.999-0300] {dag.py:3239} INFO - Sync 1 DAGs
[2024-10-20T19:17:59.021-0300] {logging_mixin.py:190} INFO - [2024-10-20T19:17:59.021-0300] {dag.py:4180} INFO - Setting next_dagrun for example_branch_dop_operator_v3 to 2024-10-20 22:16:00+00:00, run_after=2024-10-20 22:17:00+00:00
[2024-10-20T19:17:59.050-0300] {processor.py:208} INFO - Processing /mnt/c/Users/Pato_/OneDrive/Documentos/ITBA/PYTHON_DATA_APP/itba/lib/python3.10/site-packages/airflow/example_dags/example_branch_python_dop_operator_3.py took 0.115 seconds
[2024-10-20T19:19:09.164-0300] {processor.py:186} INFO - Started process (PID=308914) to work on /mnt/c/Users/Pato_/OneDrive/Documentos/ITBA/PYTHON_DATA_APP/itba/lib/python3.10/site-packages/airflow/example_dags/example_branch_python_dop_operator_3.py
[2024-10-20T19:19:09.165-0300] {processor.py:914} INFO - Processing file /mnt/c/Users/Pato_/OneDrive/Documentos/ITBA/PYTHON_DATA_APP/itba/lib/python3.10/site-packages/airflow/example_dags/example_branch_python_dop_operator_3.py for tasks to queue
[2024-10-20T19:19:09.167-0300] {logging_mixin.py:190} INFO - [2024-10-20T19:19:09.167-0300] {dagbag.py:588} INFO - Filling up the DagBag from /mnt/c/Users/Pato_/OneDrive/Documentos/ITBA/PYTHON_DATA_APP/itba/lib/python3.10/site-packages/airflow/example_dags/example_branch_python_dop_operator_3.py
[2024-10-20T19:19:09.210-0300] {processor.py:925} INFO - DAG(s) 'example_branch_dop_operator_v3' retrieved from /mnt/c/Users/Pato_/OneDrive/Documentos/ITBA/PYTHON_DATA_APP/itba/lib/python3.10/site-packages/airflow/example_dags/example_branch_python_dop_operator_3.py
[2024-10-20T19:19:09.224-0300] {logging_mixin.py:190} INFO - [2024-10-20T19:19:09.224-0300] {dag.py:3239} INFO - Sync 1 DAGs
[2024-10-20T19:19:09.246-0300] {logging_mixin.py:190} INFO - [2024-10-20T19:19:09.246-0300] {dag.py:4180} INFO - Setting next_dagrun for example_branch_dop_operator_v3 to 2024-10-20 22:18:00+00:00, run_after=2024-10-20 22:19:00+00:00
[2024-10-20T19:19:09.276-0300] {processor.py:208} INFO - Processing /mnt/c/Users/Pato_/OneDrive/Documentos/ITBA/PYTHON_DATA_APP/itba/lib/python3.10/site-packages/airflow/example_dags/example_branch_python_dop_operator_3.py took 0.118 seconds
[2024-10-20T19:20:19.532-0300] {processor.py:186} INFO - Started process (PID=309488) to work on /mnt/c/Users/Pato_/OneDrive/Documentos/ITBA/PYTHON_DATA_APP/itba/lib/python3.10/site-packages/airflow/example_dags/example_branch_python_dop_operator_3.py
[2024-10-20T19:20:19.533-0300] {processor.py:914} INFO - Processing file /mnt/c/Users/Pato_/OneDrive/Documentos/ITBA/PYTHON_DATA_APP/itba/lib/python3.10/site-packages/airflow/example_dags/example_branch_python_dop_operator_3.py for tasks to queue
[2024-10-20T19:20:19.535-0300] {logging_mixin.py:190} INFO - [2024-10-20T19:20:19.534-0300] {dagbag.py:588} INFO - Filling up the DagBag from /mnt/c/Users/Pato_/OneDrive/Documentos/ITBA/PYTHON_DATA_APP/itba/lib/python3.10/site-packages/airflow/example_dags/example_branch_python_dop_operator_3.py
[2024-10-20T19:20:19.578-0300] {processor.py:925} INFO - DAG(s) 'example_branch_dop_operator_v3' retrieved from /mnt/c/Users/Pato_/OneDrive/Documentos/ITBA/PYTHON_DATA_APP/itba/lib/python3.10/site-packages/airflow/example_dags/example_branch_python_dop_operator_3.py
[2024-10-20T19:20:19.593-0300] {logging_mixin.py:190} INFO - [2024-10-20T19:20:19.592-0300] {dag.py:3239} INFO - Sync 1 DAGs
[2024-10-20T19:20:19.615-0300] {logging_mixin.py:190} INFO - [2024-10-20T19:20:19.614-0300] {dag.py:4180} INFO - Setting next_dagrun for example_branch_dop_operator_v3 to 2024-10-20 22:19:00+00:00, run_after=2024-10-20 22:20:00+00:00
[2024-10-20T19:20:19.645-0300] {processor.py:208} INFO - Processing /mnt/c/Users/Pato_/OneDrive/Documentos/ITBA/PYTHON_DATA_APP/itba/lib/python3.10/site-packages/airflow/example_dags/example_branch_python_dop_operator_3.py took 0.119 seconds
[2024-10-20T19:21:29.426-0300] {processor.py:186} INFO - Started process (PID=310102) to work on /mnt/c/Users/Pato_/OneDrive/Documentos/ITBA/PYTHON_DATA_APP/itba/lib/python3.10/site-packages/airflow/example_dags/example_branch_python_dop_operator_3.py
[2024-10-20T19:21:29.427-0300] {processor.py:914} INFO - Processing file /mnt/c/Users/Pato_/OneDrive/Documentos/ITBA/PYTHON_DATA_APP/itba/lib/python3.10/site-packages/airflow/example_dags/example_branch_python_dop_operator_3.py for tasks to queue
[2024-10-20T19:21:29.429-0300] {logging_mixin.py:190} INFO - [2024-10-20T19:21:29.428-0300] {dagbag.py:588} INFO - Filling up the DagBag from /mnt/c/Users/Pato_/OneDrive/Documentos/ITBA/PYTHON_DATA_APP/itba/lib/python3.10/site-packages/airflow/example_dags/example_branch_python_dop_operator_3.py
[2024-10-20T19:21:29.470-0300] {processor.py:925} INFO - DAG(s) 'example_branch_dop_operator_v3' retrieved from /mnt/c/Users/Pato_/OneDrive/Documentos/ITBA/PYTHON_DATA_APP/itba/lib/python3.10/site-packages/airflow/example_dags/example_branch_python_dop_operator_3.py
[2024-10-20T19:21:29.484-0300] {logging_mixin.py:190} INFO - [2024-10-20T19:21:29.483-0300] {dag.py:3239} INFO - Sync 1 DAGs
[2024-10-20T19:21:29.505-0300] {logging_mixin.py:190} INFO - [2024-10-20T19:21:29.504-0300] {dag.py:4180} INFO - Setting next_dagrun for example_branch_dop_operator_v3 to 2024-10-20 22:20:00+00:00, run_after=2024-10-20 22:21:00+00:00
[2024-10-20T19:21:29.533-0300] {processor.py:208} INFO - Processing /mnt/c/Users/Pato_/OneDrive/Documentos/ITBA/PYTHON_DATA_APP/itba/lib/python3.10/site-packages/airflow/example_dags/example_branch_python_dop_operator_3.py took 0.115 seconds
[2024-10-20T19:22:36.639-0300] {processor.py:186} INFO - Started process (PID=310717) to work on /mnt/c/Users/Pato_/OneDrive/Documentos/ITBA/PYTHON_DATA_APP/itba/lib/python3.10/site-packages/airflow/example_dags/example_branch_python_dop_operator_3.py
[2024-10-20T19:22:36.640-0300] {processor.py:914} INFO - Processing file /mnt/c/Users/Pato_/OneDrive/Documentos/ITBA/PYTHON_DATA_APP/itba/lib/python3.10/site-packages/airflow/example_dags/example_branch_python_dop_operator_3.py for tasks to queue
[2024-10-20T19:22:36.642-0300] {logging_mixin.py:190} INFO - [2024-10-20T19:22:36.641-0300] {dagbag.py:588} INFO - Filling up the DagBag from /mnt/c/Users/Pato_/OneDrive/Documentos/ITBA/PYTHON_DATA_APP/itba/lib/python3.10/site-packages/airflow/example_dags/example_branch_python_dop_operator_3.py
[2024-10-20T19:22:36.684-0300] {processor.py:925} INFO - DAG(s) 'example_branch_dop_operator_v3' retrieved from /mnt/c/Users/Pato_/OneDrive/Documentos/ITBA/PYTHON_DATA_APP/itba/lib/python3.10/site-packages/airflow/example_dags/example_branch_python_dop_operator_3.py
[2024-10-20T19:22:36.698-0300] {logging_mixin.py:190} INFO - [2024-10-20T19:22:36.697-0300] {dag.py:3239} INFO - Sync 1 DAGs
[2024-10-20T19:22:36.719-0300] {logging_mixin.py:190} INFO - [2024-10-20T19:22:36.719-0300] {dag.py:4180} INFO - Setting next_dagrun for example_branch_dop_operator_v3 to 2024-10-20 22:21:00+00:00, run_after=2024-10-20 22:22:00+00:00
[2024-10-20T19:22:36.748-0300] {processor.py:208} INFO - Processing /mnt/c/Users/Pato_/OneDrive/Documentos/ITBA/PYTHON_DATA_APP/itba/lib/python3.10/site-packages/airflow/example_dags/example_branch_python_dop_operator_3.py took 0.116 seconds
[2024-10-20T19:23:38.847-0300] {processor.py:186} INFO - Started process (PID=311365) to work on /mnt/c/Users/Pato_/OneDrive/Documentos/ITBA/PYTHON_DATA_APP/itba/lib/python3.10/site-packages/airflow/example_dags/example_branch_python_dop_operator_3.py
[2024-10-20T19:23:38.848-0300] {processor.py:914} INFO - Processing file /mnt/c/Users/Pato_/OneDrive/Documentos/ITBA/PYTHON_DATA_APP/itba/lib/python3.10/site-packages/airflow/example_dags/example_branch_python_dop_operator_3.py for tasks to queue
[2024-10-20T19:23:38.850-0300] {logging_mixin.py:190} INFO - [2024-10-20T19:23:38.849-0300] {dagbag.py:588} INFO - Filling up the DagBag from /mnt/c/Users/Pato_/OneDrive/Documentos/ITBA/PYTHON_DATA_APP/itba/lib/python3.10/site-packages/airflow/example_dags/example_branch_python_dop_operator_3.py
[2024-10-20T19:23:38.896-0300] {processor.py:925} INFO - DAG(s) 'example_branch_dop_operator_v3' retrieved from /mnt/c/Users/Pato_/OneDrive/Documentos/ITBA/PYTHON_DATA_APP/itba/lib/python3.10/site-packages/airflow/example_dags/example_branch_python_dop_operator_3.py
[2024-10-20T19:23:38.912-0300] {logging_mixin.py:190} INFO - [2024-10-20T19:23:38.911-0300] {dag.py:3239} INFO - Sync 1 DAGs
[2024-10-20T19:23:38.935-0300] {logging_mixin.py:190} INFO - [2024-10-20T19:23:38.935-0300] {dag.py:4180} INFO - Setting next_dagrun for example_branch_dop_operator_v3 to 2024-10-20 22:22:00+00:00, run_after=2024-10-20 22:23:00+00:00
[2024-10-20T19:23:38.966-0300] {processor.py:208} INFO - Processing /mnt/c/Users/Pato_/OneDrive/Documentos/ITBA/PYTHON_DATA_APP/itba/lib/python3.10/site-packages/airflow/example_dags/example_branch_python_dop_operator_3.py took 0.126 seconds
[2024-10-20T19:25:54.609-0300] {processor.py:186} INFO - Started process (PID=313290) to work on /mnt/c/Users/Pato_/OneDrive/Documentos/ITBA/PYTHON_DATA_APP/itba/lib/python3.10/site-packages/airflow/example_dags/example_branch_python_dop_operator_3.py
[2024-10-20T19:25:54.610-0300] {processor.py:914} INFO - Processing file /mnt/c/Users/Pato_/OneDrive/Documentos/ITBA/PYTHON_DATA_APP/itba/lib/python3.10/site-packages/airflow/example_dags/example_branch_python_dop_operator_3.py for tasks to queue
[2024-10-20T19:25:54.612-0300] {logging_mixin.py:190} INFO - [2024-10-20T19:25:54.611-0300] {dagbag.py:588} INFO - Filling up the DagBag from /mnt/c/Users/Pato_/OneDrive/Documentos/ITBA/PYTHON_DATA_APP/itba/lib/python3.10/site-packages/airflow/example_dags/example_branch_python_dop_operator_3.py
[2024-10-20T19:25:54.658-0300] {processor.py:925} INFO - DAG(s) 'example_branch_dop_operator_v3' retrieved from /mnt/c/Users/Pato_/OneDrive/Documentos/ITBA/PYTHON_DATA_APP/itba/lib/python3.10/site-packages/airflow/example_dags/example_branch_python_dop_operator_3.py
[2024-10-20T19:25:54.675-0300] {logging_mixin.py:190} INFO - [2024-10-20T19:25:54.674-0300] {dag.py:3239} INFO - Sync 1 DAGs
[2024-10-20T19:25:54.699-0300] {logging_mixin.py:190} INFO - [2024-10-20T19:25:54.698-0300] {dag.py:4180} INFO - Setting next_dagrun for example_branch_dop_operator_v3 to 2024-10-20 22:24:00+00:00, run_after=2024-10-20 22:25:00+00:00
[2024-10-20T19:25:54.731-0300] {processor.py:208} INFO - Processing /mnt/c/Users/Pato_/OneDrive/Documentos/ITBA/PYTHON_DATA_APP/itba/lib/python3.10/site-packages/airflow/example_dags/example_branch_python_dop_operator_3.py took 0.129 seconds
[2024-10-20T19:27:37.580-0300] {processor.py:186} INFO - Started process (PID=314505) to work on /mnt/c/Users/Pato_/OneDrive/Documentos/ITBA/PYTHON_DATA_APP/itba/lib/python3.10/site-packages/airflow/example_dags/example_branch_python_dop_operator_3.py
[2024-10-20T19:27:37.581-0300] {processor.py:914} INFO - Processing file /mnt/c/Users/Pato_/OneDrive/Documentos/ITBA/PYTHON_DATA_APP/itba/lib/python3.10/site-packages/airflow/example_dags/example_branch_python_dop_operator_3.py for tasks to queue
[2024-10-20T19:27:37.583-0300] {logging_mixin.py:190} INFO - [2024-10-20T19:27:37.582-0300] {dagbag.py:588} INFO - Filling up the DagBag from /mnt/c/Users/Pato_/OneDrive/Documentos/ITBA/PYTHON_DATA_APP/itba/lib/python3.10/site-packages/airflow/example_dags/example_branch_python_dop_operator_3.py
[2024-10-20T19:27:37.626-0300] {processor.py:925} INFO - DAG(s) 'example_branch_dop_operator_v3' retrieved from /mnt/c/Users/Pato_/OneDrive/Documentos/ITBA/PYTHON_DATA_APP/itba/lib/python3.10/site-packages/airflow/example_dags/example_branch_python_dop_operator_3.py
[2024-10-20T19:27:37.642-0300] {logging_mixin.py:190} INFO - [2024-10-20T19:27:37.642-0300] {dag.py:3239} INFO - Sync 1 DAGs
[2024-10-20T19:27:37.666-0300] {logging_mixin.py:190} INFO - [2024-10-20T19:27:37.665-0300] {dag.py:4180} INFO - Setting next_dagrun for example_branch_dop_operator_v3 to 2024-10-20 22:26:00+00:00, run_after=2024-10-20 22:27:00+00:00
[2024-10-20T19:27:37.696-0300] {processor.py:208} INFO - Processing /mnt/c/Users/Pato_/OneDrive/Documentos/ITBA/PYTHON_DATA_APP/itba/lib/python3.10/site-packages/airflow/example_dags/example_branch_python_dop_operator_3.py took 0.123 seconds
[2024-10-20T19:28:43.225-0300] {processor.py:186} INFO - Started process (PID=315259) to work on /mnt/c/Users/Pato_/OneDrive/Documentos/ITBA/PYTHON_DATA_APP/itba/lib/python3.10/site-packages/airflow/example_dags/example_branch_python_dop_operator_3.py
[2024-10-20T19:28:43.226-0300] {processor.py:914} INFO - Processing file /mnt/c/Users/Pato_/OneDrive/Documentos/ITBA/PYTHON_DATA_APP/itba/lib/python3.10/site-packages/airflow/example_dags/example_branch_python_dop_operator_3.py for tasks to queue
[2024-10-20T19:28:43.228-0300] {logging_mixin.py:190} INFO - [2024-10-20T19:28:43.228-0300] {dagbag.py:588} INFO - Filling up the DagBag from /mnt/c/Users/Pato_/OneDrive/Documentos/ITBA/PYTHON_DATA_APP/itba/lib/python3.10/site-packages/airflow/example_dags/example_branch_python_dop_operator_3.py
[2024-10-20T19:28:43.270-0300] {processor.py:925} INFO - DAG(s) 'example_branch_dop_operator_v3' retrieved from /mnt/c/Users/Pato_/OneDrive/Documentos/ITBA/PYTHON_DATA_APP/itba/lib/python3.10/site-packages/airflow/example_dags/example_branch_python_dop_operator_3.py
[2024-10-20T19:28:43.285-0300] {logging_mixin.py:190} INFO - [2024-10-20T19:28:43.284-0300] {dag.py:3239} INFO - Sync 1 DAGs
[2024-10-20T19:28:43.307-0300] {logging_mixin.py:190} INFO - [2024-10-20T19:28:43.306-0300] {dag.py:4180} INFO - Setting next_dagrun for example_branch_dop_operator_v3 to 2024-10-20 22:27:00+00:00, run_after=2024-10-20 22:28:00+00:00
[2024-10-20T19:28:43.335-0300] {processor.py:208} INFO - Processing /mnt/c/Users/Pato_/OneDrive/Documentos/ITBA/PYTHON_DATA_APP/itba/lib/python3.10/site-packages/airflow/example_dags/example_branch_python_dop_operator_3.py took 0.117 seconds
[2024-10-20T19:29:53.642-0300] {processor.py:186} INFO - Started process (PID=316067) to work on /mnt/c/Users/Pato_/OneDrive/Documentos/ITBA/PYTHON_DATA_APP/itba/lib/python3.10/site-packages/airflow/example_dags/example_branch_python_dop_operator_3.py
[2024-10-20T19:29:53.643-0300] {processor.py:914} INFO - Processing file /mnt/c/Users/Pato_/OneDrive/Documentos/ITBA/PYTHON_DATA_APP/itba/lib/python3.10/site-packages/airflow/example_dags/example_branch_python_dop_operator_3.py for tasks to queue
[2024-10-20T19:29:53.646-0300] {logging_mixin.py:190} INFO - [2024-10-20T19:29:53.645-0300] {dagbag.py:588} INFO - Filling up the DagBag from /mnt/c/Users/Pato_/OneDrive/Documentos/ITBA/PYTHON_DATA_APP/itba/lib/python3.10/site-packages/airflow/example_dags/example_branch_python_dop_operator_3.py
[2024-10-20T19:29:53.693-0300] {processor.py:925} INFO - DAG(s) 'example_branch_dop_operator_v3' retrieved from /mnt/c/Users/Pato_/OneDrive/Documentos/ITBA/PYTHON_DATA_APP/itba/lib/python3.10/site-packages/airflow/example_dags/example_branch_python_dop_operator_3.py
[2024-10-20T19:29:53.708-0300] {logging_mixin.py:190} INFO - [2024-10-20T19:29:53.708-0300] {dag.py:3239} INFO - Sync 1 DAGs
[2024-10-20T19:29:53.731-0300] {logging_mixin.py:190} INFO - [2024-10-20T19:29:53.731-0300] {dag.py:4180} INFO - Setting next_dagrun for example_branch_dop_operator_v3 to 2024-10-20 22:28:00+00:00, run_after=2024-10-20 22:29:00+00:00
[2024-10-20T19:29:53.765-0300] {processor.py:208} INFO - Processing /mnt/c/Users/Pato_/OneDrive/Documentos/ITBA/PYTHON_DATA_APP/itba/lib/python3.10/site-packages/airflow/example_dags/example_branch_python_dop_operator_3.py took 0.130 seconds
[2024-10-20T19:31:02.140-0300] {processor.py:186} INFO - Started process (PID=316600) to work on /mnt/c/Users/Pato_/OneDrive/Documentos/ITBA/PYTHON_DATA_APP/itba/lib/python3.10/site-packages/airflow/example_dags/example_branch_python_dop_operator_3.py
[2024-10-20T19:31:02.141-0300] {processor.py:914} INFO - Processing file /mnt/c/Users/Pato_/OneDrive/Documentos/ITBA/PYTHON_DATA_APP/itba/lib/python3.10/site-packages/airflow/example_dags/example_branch_python_dop_operator_3.py for tasks to queue
[2024-10-20T19:31:02.143-0300] {logging_mixin.py:190} INFO - [2024-10-20T19:31:02.142-0300] {dagbag.py:588} INFO - Filling up the DagBag from /mnt/c/Users/Pato_/OneDrive/Documentos/ITBA/PYTHON_DATA_APP/itba/lib/python3.10/site-packages/airflow/example_dags/example_branch_python_dop_operator_3.py
[2024-10-20T19:31:02.185-0300] {processor.py:925} INFO - DAG(s) 'example_branch_dop_operator_v3' retrieved from /mnt/c/Users/Pato_/OneDrive/Documentos/ITBA/PYTHON_DATA_APP/itba/lib/python3.10/site-packages/airflow/example_dags/example_branch_python_dop_operator_3.py
[2024-10-20T19:31:02.199-0300] {logging_mixin.py:190} INFO - [2024-10-20T19:31:02.199-0300] {dag.py:3239} INFO - Sync 1 DAGs
[2024-10-20T19:31:02.221-0300] {logging_mixin.py:190} INFO - [2024-10-20T19:31:02.221-0300] {dag.py:4180} INFO - Setting next_dagrun for example_branch_dop_operator_v3 to 2024-10-20 22:30:00+00:00, run_after=2024-10-20 22:31:00+00:00
[2024-10-20T19:31:02.255-0300] {processor.py:208} INFO - Processing /mnt/c/Users/Pato_/OneDrive/Documentos/ITBA/PYTHON_DATA_APP/itba/lib/python3.10/site-packages/airflow/example_dags/example_branch_python_dop_operator_3.py took 0.122 seconds
[2024-10-20T19:32:10.171-0300] {processor.py:186} INFO - Started process (PID=317133) to work on /mnt/c/Users/Pato_/OneDrive/Documentos/ITBA/PYTHON_DATA_APP/itba/lib/python3.10/site-packages/airflow/example_dags/example_branch_python_dop_operator_3.py
[2024-10-20T19:32:10.172-0300] {processor.py:914} INFO - Processing file /mnt/c/Users/Pato_/OneDrive/Documentos/ITBA/PYTHON_DATA_APP/itba/lib/python3.10/site-packages/airflow/example_dags/example_branch_python_dop_operator_3.py for tasks to queue
[2024-10-20T19:32:10.174-0300] {logging_mixin.py:190} INFO - [2024-10-20T19:32:10.174-0300] {dagbag.py:588} INFO - Filling up the DagBag from /mnt/c/Users/Pato_/OneDrive/Documentos/ITBA/PYTHON_DATA_APP/itba/lib/python3.10/site-packages/airflow/example_dags/example_branch_python_dop_operator_3.py
[2024-10-20T19:32:10.216-0300] {processor.py:925} INFO - DAG(s) 'example_branch_dop_operator_v3' retrieved from /mnt/c/Users/Pato_/OneDrive/Documentos/ITBA/PYTHON_DATA_APP/itba/lib/python3.10/site-packages/airflow/example_dags/example_branch_python_dop_operator_3.py
[2024-10-20T19:32:10.231-0300] {logging_mixin.py:190} INFO - [2024-10-20T19:32:10.230-0300] {dag.py:3239} INFO - Sync 1 DAGs
[2024-10-20T19:32:10.253-0300] {logging_mixin.py:190} INFO - [2024-10-20T19:32:10.252-0300] {dag.py:4180} INFO - Setting next_dagrun for example_branch_dop_operator_v3 to 2024-10-20 22:31:00+00:00, run_after=2024-10-20 22:32:00+00:00
[2024-10-20T19:32:10.283-0300] {processor.py:208} INFO - Processing /mnt/c/Users/Pato_/OneDrive/Documentos/ITBA/PYTHON_DATA_APP/itba/lib/python3.10/site-packages/airflow/example_dags/example_branch_python_dop_operator_3.py took 0.118 seconds
[2024-10-20T19:33:16.904-0300] {processor.py:186} INFO - Started process (PID=317714) to work on /mnt/c/Users/Pato_/OneDrive/Documentos/ITBA/PYTHON_DATA_APP/itba/lib/python3.10/site-packages/airflow/example_dags/example_branch_python_dop_operator_3.py
[2024-10-20T19:33:16.906-0300] {processor.py:914} INFO - Processing file /mnt/c/Users/Pato_/OneDrive/Documentos/ITBA/PYTHON_DATA_APP/itba/lib/python3.10/site-packages/airflow/example_dags/example_branch_python_dop_operator_3.py for tasks to queue
[2024-10-20T19:33:16.908-0300] {logging_mixin.py:190} INFO - [2024-10-20T19:33:16.907-0300] {dagbag.py:588} INFO - Filling up the DagBag from /mnt/c/Users/Pato_/OneDrive/Documentos/ITBA/PYTHON_DATA_APP/itba/lib/python3.10/site-packages/airflow/example_dags/example_branch_python_dop_operator_3.py
[2024-10-20T19:33:16.953-0300] {processor.py:925} INFO - DAG(s) 'example_branch_dop_operator_v3' retrieved from /mnt/c/Users/Pato_/OneDrive/Documentos/ITBA/PYTHON_DATA_APP/itba/lib/python3.10/site-packages/airflow/example_dags/example_branch_python_dop_operator_3.py
[2024-10-20T19:33:16.968-0300] {logging_mixin.py:190} INFO - [2024-10-20T19:33:16.967-0300] {dag.py:3239} INFO - Sync 1 DAGs
[2024-10-20T19:33:16.991-0300] {logging_mixin.py:190} INFO - [2024-10-20T19:33:16.990-0300] {dag.py:4180} INFO - Setting next_dagrun for example_branch_dop_operator_v3 to 2024-10-20 22:32:00+00:00, run_after=2024-10-20 22:33:00+00:00
[2024-10-20T19:33:17.020-0300] {processor.py:208} INFO - Processing /mnt/c/Users/Pato_/OneDrive/Documentos/ITBA/PYTHON_DATA_APP/itba/lib/python3.10/site-packages/airflow/example_dags/example_branch_python_dop_operator_3.py took 0.124 seconds
[2024-10-20T19:34:23.384-0300] {processor.py:186} INFO - Started process (PID=318421) to work on /mnt/c/Users/Pato_/OneDrive/Documentos/ITBA/PYTHON_DATA_APP/itba/lib/python3.10/site-packages/airflow/example_dags/example_branch_python_dop_operator_3.py
[2024-10-20T19:34:23.385-0300] {processor.py:914} INFO - Processing file /mnt/c/Users/Pato_/OneDrive/Documentos/ITBA/PYTHON_DATA_APP/itba/lib/python3.10/site-packages/airflow/example_dags/example_branch_python_dop_operator_3.py for tasks to queue
[2024-10-20T19:34:23.387-0300] {logging_mixin.py:190} INFO - [2024-10-20T19:34:23.387-0300] {dagbag.py:588} INFO - Filling up the DagBag from /mnt/c/Users/Pato_/OneDrive/Documentos/ITBA/PYTHON_DATA_APP/itba/lib/python3.10/site-packages/airflow/example_dags/example_branch_python_dop_operator_3.py
[2024-10-20T19:34:23.435-0300] {processor.py:925} INFO - DAG(s) 'example_branch_dop_operator_v3' retrieved from /mnt/c/Users/Pato_/OneDrive/Documentos/ITBA/PYTHON_DATA_APP/itba/lib/python3.10/site-packages/airflow/example_dags/example_branch_python_dop_operator_3.py
[2024-10-20T19:34:23.452-0300] {logging_mixin.py:190} INFO - [2024-10-20T19:34:23.452-0300] {dag.py:3239} INFO - Sync 1 DAGs
[2024-10-20T19:34:23.476-0300] {logging_mixin.py:190} INFO - [2024-10-20T19:34:23.475-0300] {dag.py:4180} INFO - Setting next_dagrun for example_branch_dop_operator_v3 to 2024-10-20 22:33:00+00:00, run_after=2024-10-20 22:34:00+00:00
[2024-10-20T19:34:23.509-0300] {processor.py:208} INFO - Processing /mnt/c/Users/Pato_/OneDrive/Documentos/ITBA/PYTHON_DATA_APP/itba/lib/python3.10/site-packages/airflow/example_dags/example_branch_python_dop_operator_3.py took 0.132 seconds
[2024-10-20T19:35:32.304-0300] {processor.py:186} INFO - Started process (PID=319136) to work on /mnt/c/Users/Pato_/OneDrive/Documentos/ITBA/PYTHON_DATA_APP/itba/lib/python3.10/site-packages/airflow/example_dags/example_branch_python_dop_operator_3.py
[2024-10-20T19:35:32.306-0300] {processor.py:914} INFO - Processing file /mnt/c/Users/Pato_/OneDrive/Documentos/ITBA/PYTHON_DATA_APP/itba/lib/python3.10/site-packages/airflow/example_dags/example_branch_python_dop_operator_3.py for tasks to queue
[2024-10-20T19:35:32.308-0300] {logging_mixin.py:190} INFO - [2024-10-20T19:35:32.307-0300] {dagbag.py:588} INFO - Filling up the DagBag from /mnt/c/Users/Pato_/OneDrive/Documentos/ITBA/PYTHON_DATA_APP/itba/lib/python3.10/site-packages/airflow/example_dags/example_branch_python_dop_operator_3.py
[2024-10-20T19:35:32.352-0300] {processor.py:925} INFO - DAG(s) 'example_branch_dop_operator_v3' retrieved from /mnt/c/Users/Pato_/OneDrive/Documentos/ITBA/PYTHON_DATA_APP/itba/lib/python3.10/site-packages/airflow/example_dags/example_branch_python_dop_operator_3.py
[2024-10-20T19:35:32.367-0300] {logging_mixin.py:190} INFO - [2024-10-20T19:35:32.366-0300] {dag.py:3239} INFO - Sync 1 DAGs
[2024-10-20T19:35:32.389-0300] {logging_mixin.py:190} INFO - [2024-10-20T19:35:32.388-0300] {dag.py:4180} INFO - Setting next_dagrun for example_branch_dop_operator_v3 to 2024-10-20 22:34:00+00:00, run_after=2024-10-20 22:35:00+00:00
[2024-10-20T19:35:32.418-0300] {processor.py:208} INFO - Processing /mnt/c/Users/Pato_/OneDrive/Documentos/ITBA/PYTHON_DATA_APP/itba/lib/python3.10/site-packages/airflow/example_dags/example_branch_python_dop_operator_3.py took 0.121 seconds
[2024-10-20T19:36:42.422-0300] {processor.py:186} INFO - Started process (PID=319685) to work on /mnt/c/Users/Pato_/OneDrive/Documentos/ITBA/PYTHON_DATA_APP/itba/lib/python3.10/site-packages/airflow/example_dags/example_branch_python_dop_operator_3.py
[2024-10-20T19:36:42.423-0300] {processor.py:914} INFO - Processing file /mnt/c/Users/Pato_/OneDrive/Documentos/ITBA/PYTHON_DATA_APP/itba/lib/python3.10/site-packages/airflow/example_dags/example_branch_python_dop_operator_3.py for tasks to queue
[2024-10-20T19:36:42.425-0300] {logging_mixin.py:190} INFO - [2024-10-20T19:36:42.424-0300] {dagbag.py:588} INFO - Filling up the DagBag from /mnt/c/Users/Pato_/OneDrive/Documentos/ITBA/PYTHON_DATA_APP/itba/lib/python3.10/site-packages/airflow/example_dags/example_branch_python_dop_operator_3.py
[2024-10-20T19:36:42.468-0300] {processor.py:925} INFO - DAG(s) 'example_branch_dop_operator_v3' retrieved from /mnt/c/Users/Pato_/OneDrive/Documentos/ITBA/PYTHON_DATA_APP/itba/lib/python3.10/site-packages/airflow/example_dags/example_branch_python_dop_operator_3.py
[2024-10-20T19:36:42.483-0300] {logging_mixin.py:190} INFO - [2024-10-20T19:36:42.482-0300] {dag.py:3239} INFO - Sync 1 DAGs
[2024-10-20T19:36:42.505-0300] {logging_mixin.py:190} INFO - [2024-10-20T19:36:42.504-0300] {dag.py:4180} INFO - Setting next_dagrun for example_branch_dop_operator_v3 to 2024-10-20 22:35:00+00:00, run_after=2024-10-20 22:36:00+00:00
[2024-10-20T19:36:42.533-0300] {processor.py:208} INFO - Processing /mnt/c/Users/Pato_/OneDrive/Documentos/ITBA/PYTHON_DATA_APP/itba/lib/python3.10/site-packages/airflow/example_dags/example_branch_python_dop_operator_3.py took 0.119 seconds
[2024-10-20T19:37:49.725-0300] {processor.py:186} INFO - Started process (PID=320210) to work on /mnt/c/Users/Pato_/OneDrive/Documentos/ITBA/PYTHON_DATA_APP/itba/lib/python3.10/site-packages/airflow/example_dags/example_branch_python_dop_operator_3.py
[2024-10-20T19:37:49.726-0300] {processor.py:914} INFO - Processing file /mnt/c/Users/Pato_/OneDrive/Documentos/ITBA/PYTHON_DATA_APP/itba/lib/python3.10/site-packages/airflow/example_dags/example_branch_python_dop_operator_3.py for tasks to queue
[2024-10-20T19:37:49.728-0300] {logging_mixin.py:190} INFO - [2024-10-20T19:37:49.728-0300] {dagbag.py:588} INFO - Filling up the DagBag from /mnt/c/Users/Pato_/OneDrive/Documentos/ITBA/PYTHON_DATA_APP/itba/lib/python3.10/site-packages/airflow/example_dags/example_branch_python_dop_operator_3.py
[2024-10-20T19:37:49.770-0300] {processor.py:925} INFO - DAG(s) 'example_branch_dop_operator_v3' retrieved from /mnt/c/Users/Pato_/OneDrive/Documentos/ITBA/PYTHON_DATA_APP/itba/lib/python3.10/site-packages/airflow/example_dags/example_branch_python_dop_operator_3.py
[2024-10-20T19:37:49.784-0300] {logging_mixin.py:190} INFO - [2024-10-20T19:37:49.784-0300] {dag.py:3239} INFO - Sync 1 DAGs
[2024-10-20T19:37:49.806-0300] {logging_mixin.py:190} INFO - [2024-10-20T19:37:49.805-0300] {dag.py:4180} INFO - Setting next_dagrun for example_branch_dop_operator_v3 to 2024-10-20 22:36:00+00:00, run_after=2024-10-20 22:37:00+00:00
[2024-10-20T19:37:49.835-0300] {processor.py:208} INFO - Processing /mnt/c/Users/Pato_/OneDrive/Documentos/ITBA/PYTHON_DATA_APP/itba/lib/python3.10/site-packages/airflow/example_dags/example_branch_python_dop_operator_3.py took 0.116 seconds
[2024-10-20T19:38:54.828-0300] {processor.py:186} INFO - Started process (PID=320720) to work on /mnt/c/Users/Pato_/OneDrive/Documentos/ITBA/PYTHON_DATA_APP/itba/lib/python3.10/site-packages/airflow/example_dags/example_branch_python_dop_operator_3.py
[2024-10-20T19:38:54.829-0300] {processor.py:914} INFO - Processing file /mnt/c/Users/Pato_/OneDrive/Documentos/ITBA/PYTHON_DATA_APP/itba/lib/python3.10/site-packages/airflow/example_dags/example_branch_python_dop_operator_3.py for tasks to queue
[2024-10-20T19:38:54.831-0300] {logging_mixin.py:190} INFO - [2024-10-20T19:38:54.831-0300] {dagbag.py:588} INFO - Filling up the DagBag from /mnt/c/Users/Pato_/OneDrive/Documentos/ITBA/PYTHON_DATA_APP/itba/lib/python3.10/site-packages/airflow/example_dags/example_branch_python_dop_operator_3.py
[2024-10-20T19:38:54.875-0300] {processor.py:925} INFO - DAG(s) 'example_branch_dop_operator_v3' retrieved from /mnt/c/Users/Pato_/OneDrive/Documentos/ITBA/PYTHON_DATA_APP/itba/lib/python3.10/site-packages/airflow/example_dags/example_branch_python_dop_operator_3.py
[2024-10-20T19:38:54.889-0300] {logging_mixin.py:190} INFO - [2024-10-20T19:38:54.889-0300] {dag.py:3239} INFO - Sync 1 DAGs
[2024-10-20T19:38:54.911-0300] {logging_mixin.py:190} INFO - [2024-10-20T19:38:54.910-0300] {dag.py:4180} INFO - Setting next_dagrun for example_branch_dop_operator_v3 to 2024-10-20 22:37:00+00:00, run_after=2024-10-20 22:38:00+00:00
[2024-10-20T19:38:54.941-0300] {processor.py:208} INFO - Processing /mnt/c/Users/Pato_/OneDrive/Documentos/ITBA/PYTHON_DATA_APP/itba/lib/python3.10/site-packages/airflow/example_dags/example_branch_python_dop_operator_3.py took 0.120 seconds
[2024-10-20T19:40:02.575-0300] {processor.py:186} INFO - Started process (PID=321416) to work on /mnt/c/Users/Pato_/OneDrive/Documentos/ITBA/PYTHON_DATA_APP/itba/lib/python3.10/site-packages/airflow/example_dags/example_branch_python_dop_operator_3.py
[2024-10-20T19:40:02.576-0300] {processor.py:914} INFO - Processing file /mnt/c/Users/Pato_/OneDrive/Documentos/ITBA/PYTHON_DATA_APP/itba/lib/python3.10/site-packages/airflow/example_dags/example_branch_python_dop_operator_3.py for tasks to queue
[2024-10-20T19:40:02.578-0300] {logging_mixin.py:190} INFO - [2024-10-20T19:40:02.577-0300] {dagbag.py:588} INFO - Filling up the DagBag from /mnt/c/Users/Pato_/OneDrive/Documentos/ITBA/PYTHON_DATA_APP/itba/lib/python3.10/site-packages/airflow/example_dags/example_branch_python_dop_operator_3.py
[2024-10-20T19:40:02.623-0300] {processor.py:925} INFO - DAG(s) 'example_branch_dop_operator_v3' retrieved from /mnt/c/Users/Pato_/OneDrive/Documentos/ITBA/PYTHON_DATA_APP/itba/lib/python3.10/site-packages/airflow/example_dags/example_branch_python_dop_operator_3.py
[2024-10-20T19:40:02.638-0300] {logging_mixin.py:190} INFO - [2024-10-20T19:40:02.638-0300] {dag.py:3239} INFO - Sync 1 DAGs
[2024-10-20T19:40:02.660-0300] {logging_mixin.py:190} INFO - [2024-10-20T19:40:02.660-0300] {dag.py:4180} INFO - Setting next_dagrun for example_branch_dop_operator_v3 to 2024-10-20 22:39:00+00:00, run_after=2024-10-20 22:40:00+00:00
[2024-10-20T19:40:02.690-0300] {processor.py:208} INFO - Processing /mnt/c/Users/Pato_/OneDrive/Documentos/ITBA/PYTHON_DATA_APP/itba/lib/python3.10/site-packages/airflow/example_dags/example_branch_python_dop_operator_3.py took 0.122 seconds
[2024-10-20T19:41:07.746-0300] {processor.py:186} INFO - Started process (PID=322140) to work on /mnt/c/Users/Pato_/OneDrive/Documentos/ITBA/PYTHON_DATA_APP/itba/lib/python3.10/site-packages/airflow/example_dags/example_branch_python_dop_operator_3.py
[2024-10-20T19:41:07.747-0300] {processor.py:914} INFO - Processing file /mnt/c/Users/Pato_/OneDrive/Documentos/ITBA/PYTHON_DATA_APP/itba/lib/python3.10/site-packages/airflow/example_dags/example_branch_python_dop_operator_3.py for tasks to queue
[2024-10-20T19:41:07.749-0300] {logging_mixin.py:190} INFO - [2024-10-20T19:41:07.748-0300] {dagbag.py:588} INFO - Filling up the DagBag from /mnt/c/Users/Pato_/OneDrive/Documentos/ITBA/PYTHON_DATA_APP/itba/lib/python3.10/site-packages/airflow/example_dags/example_branch_python_dop_operator_3.py
[2024-10-20T19:41:07.791-0300] {processor.py:925} INFO - DAG(s) 'example_branch_dop_operator_v3' retrieved from /mnt/c/Users/Pato_/OneDrive/Documentos/ITBA/PYTHON_DATA_APP/itba/lib/python3.10/site-packages/airflow/example_dags/example_branch_python_dop_operator_3.py
[2024-10-20T19:41:07.806-0300] {logging_mixin.py:190} INFO - [2024-10-20T19:41:07.805-0300] {dag.py:3239} INFO - Sync 1 DAGs
[2024-10-20T19:41:07.827-0300] {logging_mixin.py:190} INFO - [2024-10-20T19:41:07.827-0300] {dag.py:4180} INFO - Setting next_dagrun for example_branch_dop_operator_v3 to 2024-10-20 22:40:00+00:00, run_after=2024-10-20 22:41:00+00:00
[2024-10-20T19:41:07.856-0300] {processor.py:208} INFO - Processing /mnt/c/Users/Pato_/OneDrive/Documentos/ITBA/PYTHON_DATA_APP/itba/lib/python3.10/site-packages/airflow/example_dags/example_branch_python_dop_operator_3.py took 0.117 seconds
[2024-10-20T19:42:15.955-0300] {processor.py:186} INFO - Started process (PID=322746) to work on /mnt/c/Users/Pato_/OneDrive/Documentos/ITBA/PYTHON_DATA_APP/itba/lib/python3.10/site-packages/airflow/example_dags/example_branch_python_dop_operator_3.py
[2024-10-20T19:42:15.956-0300] {processor.py:914} INFO - Processing file /mnt/c/Users/Pato_/OneDrive/Documentos/ITBA/PYTHON_DATA_APP/itba/lib/python3.10/site-packages/airflow/example_dags/example_branch_python_dop_operator_3.py for tasks to queue
[2024-10-20T19:42:15.958-0300] {logging_mixin.py:190} INFO - [2024-10-20T19:42:15.958-0300] {dagbag.py:588} INFO - Filling up the DagBag from /mnt/c/Users/Pato_/OneDrive/Documentos/ITBA/PYTHON_DATA_APP/itba/lib/python3.10/site-packages/airflow/example_dags/example_branch_python_dop_operator_3.py
[2024-10-20T19:42:16.005-0300] {processor.py:925} INFO - DAG(s) 'example_branch_dop_operator_v3' retrieved from /mnt/c/Users/Pato_/OneDrive/Documentos/ITBA/PYTHON_DATA_APP/itba/lib/python3.10/site-packages/airflow/example_dags/example_branch_python_dop_operator_3.py
[2024-10-20T19:42:16.022-0300] {logging_mixin.py:190} INFO - [2024-10-20T19:42:16.021-0300] {dag.py:3239} INFO - Sync 1 DAGs
[2024-10-20T19:42:16.046-0300] {logging_mixin.py:190} INFO - [2024-10-20T19:42:16.046-0300] {dag.py:4180} INFO - Setting next_dagrun for example_branch_dop_operator_v3 to 2024-10-20 22:41:00+00:00, run_after=2024-10-20 22:42:00+00:00
[2024-10-20T19:42:16.078-0300] {processor.py:208} INFO - Processing /mnt/c/Users/Pato_/OneDrive/Documentos/ITBA/PYTHON_DATA_APP/itba/lib/python3.10/site-packages/airflow/example_dags/example_branch_python_dop_operator_3.py took 0.131 seconds
