[2024-10-20T19:00:33.044-0300] {processor.py:186} INFO - Started process (PID=298756) to work on /mnt/c/Users/Pato_/OneDrive/Documentos/ITBA/PYTHON_DATA_APP/itba/lib/python3.10/site-packages/airflow/example_dags/example_short_circuit_decorator.py
[2024-10-20T19:00:33.045-0300] {processor.py:914} INFO - Processing file /mnt/c/Users/Pato_/OneDrive/Documentos/ITBA/PYTHON_DATA_APP/itba/lib/python3.10/site-packages/airflow/example_dags/example_short_circuit_decorator.py for tasks to queue
[2024-10-20T19:00:33.047-0300] {logging_mixin.py:190} INFO - [2024-10-20T19:00:33.046-0300] {dagbag.py:588} INFO - Filling up the DagBag from /mnt/c/Users/Pato_/OneDrive/Documentos/ITBA/PYTHON_DATA_APP/itba/lib/python3.10/site-packages/airflow/example_dags/example_short_circuit_decorator.py
[2024-10-20T19:00:33.087-0300] {processor.py:925} INFO - DAG(s) 'example_short_circuit_decorator' retrieved from /mnt/c/Users/Pato_/OneDrive/Documentos/ITBA/PYTHON_DATA_APP/itba/lib/python3.10/site-packages/airflow/example_dags/example_short_circuit_decorator.py
[2024-10-20T19:00:33.827-0300] {logging_mixin.py:190} INFO - [2024-10-20T19:00:33.826-0300] {override.py:1907} INFO - Created Permission View: can read on DAG:example_short_circuit_decorator
[2024-10-20T19:00:33.847-0300] {logging_mixin.py:190} INFO - [2024-10-20T19:00:33.846-0300] {override.py:1907} INFO - Created Permission View: can delete on DAG:example_short_circuit_decorator
[2024-10-20T19:00:33.865-0300] {logging_mixin.py:190} INFO - [2024-10-20T19:00:33.864-0300] {override.py:1907} INFO - Created Permission View: can edit on DAG:example_short_circuit_decorator
[2024-10-20T19:00:33.894-0300] {logging_mixin.py:190} INFO - [2024-10-20T19:00:33.894-0300] {override.py:1907} INFO - Created Permission View: can read on DAG Run:example_short_circuit_decorator
[2024-10-20T19:00:33.911-0300] {logging_mixin.py:190} INFO - [2024-10-20T19:00:33.911-0300] {override.py:1907} INFO - Created Permission View: can delete on DAG Run:example_short_circuit_decorator
[2024-10-20T19:00:33.930-0300] {logging_mixin.py:190} INFO - [2024-10-20T19:00:33.929-0300] {override.py:1907} INFO - Created Permission View: can create on DAG Run:example_short_circuit_decorator
[2024-10-20T19:00:33.948-0300] {logging_mixin.py:190} INFO - [2024-10-20T19:00:33.947-0300] {override.py:1907} INFO - Created Permission View: menu access on DAG Run:example_short_circuit_decorator
[2024-10-20T19:00:33.949-0300] {logging_mixin.py:190} INFO - [2024-10-20T19:00:33.948-0300] {dag.py:3239} INFO - Sync 1 DAGs
[2024-10-20T19:00:33.959-0300] {logging_mixin.py:190} INFO - [2024-10-20T19:00:33.958-0300] {dag.py:3262} INFO - Creating ORM DAG for example_short_circuit_decorator
[2024-10-20T19:00:33.960-0300] {logging_mixin.py:190} INFO - [2024-10-20T19:00:33.959-0300] {dag.py:4180} INFO - Setting next_dagrun for example_short_circuit_decorator to None, run_after=None
[2024-10-20T19:00:33.993-0300] {processor.py:208} INFO - Processing /mnt/c/Users/Pato_/OneDrive/Documentos/ITBA/PYTHON_DATA_APP/itba/lib/python3.10/site-packages/airflow/example_dags/example_short_circuit_decorator.py took 0.956 seconds
[2024-10-20T19:02:47.762-0300] {processor.py:186} INFO - Started process (PID=299949) to work on /mnt/c/Users/Pato_/OneDrive/Documentos/ITBA/PYTHON_DATA_APP/itba/lib/python3.10/site-packages/airflow/example_dags/example_short_circuit_decorator.py
[2024-10-20T19:02:47.763-0300] {processor.py:914} INFO - Processing file /mnt/c/Users/Pato_/OneDrive/Documentos/ITBA/PYTHON_DATA_APP/itba/lib/python3.10/site-packages/airflow/example_dags/example_short_circuit_decorator.py for tasks to queue
[2024-10-20T19:02:47.765-0300] {logging_mixin.py:190} INFO - [2024-10-20T19:02:47.765-0300] {dagbag.py:588} INFO - Filling up the DagBag from /mnt/c/Users/Pato_/OneDrive/Documentos/ITBA/PYTHON_DATA_APP/itba/lib/python3.10/site-packages/airflow/example_dags/example_short_circuit_decorator.py
[2024-10-20T19:02:47.810-0300] {processor.py:925} INFO - DAG(s) 'example_short_circuit_decorator' retrieved from /mnt/c/Users/Pato_/OneDrive/Documentos/ITBA/PYTHON_DATA_APP/itba/lib/python3.10/site-packages/airflow/example_dags/example_short_circuit_decorator.py
[2024-10-20T19:02:47.827-0300] {logging_mixin.py:190} INFO - [2024-10-20T19:02:47.827-0300] {dag.py:3239} INFO - Sync 1 DAGs
[2024-10-20T19:02:47.836-0300] {logging_mixin.py:190} INFO - [2024-10-20T19:02:47.836-0300] {dag.py:4180} INFO - Setting next_dagrun for example_short_circuit_decorator to None, run_after=None
[2024-10-20T19:02:47.865-0300] {processor.py:208} INFO - Processing /mnt/c/Users/Pato_/OneDrive/Documentos/ITBA/PYTHON_DATA_APP/itba/lib/python3.10/site-packages/airflow/example_dags/example_short_circuit_decorator.py took 0.109 seconds
[2024-10-20T19:03:56.057-0300] {processor.py:186} INFO - Started process (PID=300492) to work on /mnt/c/Users/Pato_/OneDrive/Documentos/ITBA/PYTHON_DATA_APP/itba/lib/python3.10/site-packages/airflow/example_dags/example_short_circuit_decorator.py
[2024-10-20T19:03:56.058-0300] {processor.py:914} INFO - Processing file /mnt/c/Users/Pato_/OneDrive/Documentos/ITBA/PYTHON_DATA_APP/itba/lib/python3.10/site-packages/airflow/example_dags/example_short_circuit_decorator.py for tasks to queue
[2024-10-20T19:03:56.060-0300] {logging_mixin.py:190} INFO - [2024-10-20T19:03:56.060-0300] {dagbag.py:588} INFO - Filling up the DagBag from /mnt/c/Users/Pato_/OneDrive/Documentos/ITBA/PYTHON_DATA_APP/itba/lib/python3.10/site-packages/airflow/example_dags/example_short_circuit_decorator.py
[2024-10-20T19:03:56.108-0300] {processor.py:925} INFO - DAG(s) 'example_short_circuit_decorator' retrieved from /mnt/c/Users/Pato_/OneDrive/Documentos/ITBA/PYTHON_DATA_APP/itba/lib/python3.10/site-packages/airflow/example_dags/example_short_circuit_decorator.py
[2024-10-20T19:03:56.128-0300] {logging_mixin.py:190} INFO - [2024-10-20T19:03:56.128-0300] {dag.py:3239} INFO - Sync 1 DAGs
[2024-10-20T19:03:56.138-0300] {logging_mixin.py:190} INFO - [2024-10-20T19:03:56.138-0300] {dag.py:4180} INFO - Setting next_dagrun for example_short_circuit_decorator to None, run_after=None
[2024-10-20T19:03:56.169-0300] {processor.py:208} INFO - Processing /mnt/c/Users/Pato_/OneDrive/Documentos/ITBA/PYTHON_DATA_APP/itba/lib/python3.10/site-packages/airflow/example_dags/example_short_circuit_decorator.py took 0.120 seconds
[2024-10-20T19:05:07.725-0300] {processor.py:186} INFO - Started process (PID=301299) to work on /mnt/c/Users/Pato_/OneDrive/Documentos/ITBA/PYTHON_DATA_APP/itba/lib/python3.10/site-packages/airflow/example_dags/example_short_circuit_decorator.py
[2024-10-20T19:05:07.726-0300] {processor.py:914} INFO - Processing file /mnt/c/Users/Pato_/OneDrive/Documentos/ITBA/PYTHON_DATA_APP/itba/lib/python3.10/site-packages/airflow/example_dags/example_short_circuit_decorator.py for tasks to queue
[2024-10-20T19:05:07.728-0300] {logging_mixin.py:190} INFO - [2024-10-20T19:05:07.727-0300] {dagbag.py:588} INFO - Filling up the DagBag from /mnt/c/Users/Pato_/OneDrive/Documentos/ITBA/PYTHON_DATA_APP/itba/lib/python3.10/site-packages/airflow/example_dags/example_short_circuit_decorator.py
[2024-10-20T19:05:07.773-0300] {processor.py:925} INFO - DAG(s) 'example_short_circuit_decorator' retrieved from /mnt/c/Users/Pato_/OneDrive/Documentos/ITBA/PYTHON_DATA_APP/itba/lib/python3.10/site-packages/airflow/example_dags/example_short_circuit_decorator.py
[2024-10-20T19:05:07.791-0300] {logging_mixin.py:190} INFO - [2024-10-20T19:05:07.790-0300] {dag.py:3239} INFO - Sync 1 DAGs
[2024-10-20T19:05:07.800-0300] {logging_mixin.py:190} INFO - [2024-10-20T19:05:07.800-0300] {dag.py:4180} INFO - Setting next_dagrun for example_short_circuit_decorator to None, run_after=None
[2024-10-20T19:05:07.833-0300] {processor.py:208} INFO - Processing /mnt/c/Users/Pato_/OneDrive/Documentos/ITBA/PYTHON_DATA_APP/itba/lib/python3.10/site-packages/airflow/example_dags/example_short_circuit_decorator.py took 0.115 seconds
[2024-10-20T19:08:04.399-0300] {processor.py:186} INFO - Started process (PID=303603) to work on /mnt/c/Users/Pato_/OneDrive/Documentos/ITBA/PYTHON_DATA_APP/itba/lib/python3.10/site-packages/airflow/example_dags/example_short_circuit_decorator.py
[2024-10-20T19:08:04.400-0300] {processor.py:914} INFO - Processing file /mnt/c/Users/Pato_/OneDrive/Documentos/ITBA/PYTHON_DATA_APP/itba/lib/python3.10/site-packages/airflow/example_dags/example_short_circuit_decorator.py for tasks to queue
[2024-10-20T19:08:04.402-0300] {logging_mixin.py:190} INFO - [2024-10-20T19:08:04.401-0300] {dagbag.py:588} INFO - Filling up the DagBag from /mnt/c/Users/Pato_/OneDrive/Documentos/ITBA/PYTHON_DATA_APP/itba/lib/python3.10/site-packages/airflow/example_dags/example_short_circuit_decorator.py
[2024-10-20T19:08:04.442-0300] {processor.py:925} INFO - DAG(s) 'example_short_circuit_decorator' retrieved from /mnt/c/Users/Pato_/OneDrive/Documentos/ITBA/PYTHON_DATA_APP/itba/lib/python3.10/site-packages/airflow/example_dags/example_short_circuit_decorator.py
[2024-10-20T19:08:04.458-0300] {logging_mixin.py:190} INFO - [2024-10-20T19:08:04.457-0300] {dag.py:3239} INFO - Sync 1 DAGs
[2024-10-20T19:08:04.467-0300] {logging_mixin.py:190} INFO - [2024-10-20T19:08:04.466-0300] {dag.py:4180} INFO - Setting next_dagrun for example_short_circuit_decorator to None, run_after=None
[2024-10-20T19:08:04.495-0300] {processor.py:208} INFO - Processing /mnt/c/Users/Pato_/OneDrive/Documentos/ITBA/PYTHON_DATA_APP/itba/lib/python3.10/site-packages/airflow/example_dags/example_short_circuit_decorator.py took 0.103 seconds
[2024-10-20T19:09:11.171-0300] {processor.py:186} INFO - Started process (PID=304189) to work on /mnt/c/Users/Pato_/OneDrive/Documentos/ITBA/PYTHON_DATA_APP/itba/lib/python3.10/site-packages/airflow/example_dags/example_short_circuit_decorator.py
[2024-10-20T19:09:11.172-0300] {processor.py:914} INFO - Processing file /mnt/c/Users/Pato_/OneDrive/Documentos/ITBA/PYTHON_DATA_APP/itba/lib/python3.10/site-packages/airflow/example_dags/example_short_circuit_decorator.py for tasks to queue
[2024-10-20T19:09:11.174-0300] {logging_mixin.py:190} INFO - [2024-10-20T19:09:11.173-0300] {dagbag.py:588} INFO - Filling up the DagBag from /mnt/c/Users/Pato_/OneDrive/Documentos/ITBA/PYTHON_DATA_APP/itba/lib/python3.10/site-packages/airflow/example_dags/example_short_circuit_decorator.py
[2024-10-20T19:09:11.215-0300] {processor.py:925} INFO - DAG(s) 'example_short_circuit_decorator' retrieved from /mnt/c/Users/Pato_/OneDrive/Documentos/ITBA/PYTHON_DATA_APP/itba/lib/python3.10/site-packages/airflow/example_dags/example_short_circuit_decorator.py
[2024-10-20T19:09:11.231-0300] {logging_mixin.py:190} INFO - [2024-10-20T19:09:11.231-0300] {dag.py:3239} INFO - Sync 1 DAGs
[2024-10-20T19:09:11.240-0300] {logging_mixin.py:190} INFO - [2024-10-20T19:09:11.239-0300] {dag.py:4180} INFO - Setting next_dagrun for example_short_circuit_decorator to None, run_after=None
[2024-10-20T19:09:11.269-0300] {processor.py:208} INFO - Processing /mnt/c/Users/Pato_/OneDrive/Documentos/ITBA/PYTHON_DATA_APP/itba/lib/python3.10/site-packages/airflow/example_dags/example_short_circuit_decorator.py took 0.104 seconds
[2024-10-20T19:10:16.002-0300] {processor.py:186} INFO - Started process (PID=304723) to work on /mnt/c/Users/Pato_/OneDrive/Documentos/ITBA/PYTHON_DATA_APP/itba/lib/python3.10/site-packages/airflow/example_dags/example_short_circuit_decorator.py
[2024-10-20T19:10:16.003-0300] {processor.py:914} INFO - Processing file /mnt/c/Users/Pato_/OneDrive/Documentos/ITBA/PYTHON_DATA_APP/itba/lib/python3.10/site-packages/airflow/example_dags/example_short_circuit_decorator.py for tasks to queue
[2024-10-20T19:10:16.005-0300] {logging_mixin.py:190} INFO - [2024-10-20T19:10:16.005-0300] {dagbag.py:588} INFO - Filling up the DagBag from /mnt/c/Users/Pato_/OneDrive/Documentos/ITBA/PYTHON_DATA_APP/itba/lib/python3.10/site-packages/airflow/example_dags/example_short_circuit_decorator.py
[2024-10-20T19:10:16.047-0300] {processor.py:925} INFO - DAG(s) 'example_short_circuit_decorator' retrieved from /mnt/c/Users/Pato_/OneDrive/Documentos/ITBA/PYTHON_DATA_APP/itba/lib/python3.10/site-packages/airflow/example_dags/example_short_circuit_decorator.py
[2024-10-20T19:10:16.063-0300] {logging_mixin.py:190} INFO - [2024-10-20T19:10:16.063-0300] {dag.py:3239} INFO - Sync 1 DAGs
[2024-10-20T19:10:16.072-0300] {logging_mixin.py:190} INFO - [2024-10-20T19:10:16.071-0300] {dag.py:4180} INFO - Setting next_dagrun for example_short_circuit_decorator to None, run_after=None
[2024-10-20T19:10:16.101-0300] {processor.py:208} INFO - Processing /mnt/c/Users/Pato_/OneDrive/Documentos/ITBA/PYTHON_DATA_APP/itba/lib/python3.10/site-packages/airflow/example_dags/example_short_circuit_decorator.py took 0.105 seconds
[2024-10-20T19:11:22.829-0300] {processor.py:186} INFO - Started process (PID=305247) to work on /mnt/c/Users/Pato_/OneDrive/Documentos/ITBA/PYTHON_DATA_APP/itba/lib/python3.10/site-packages/airflow/example_dags/example_short_circuit_decorator.py
[2024-10-20T19:11:22.830-0300] {processor.py:914} INFO - Processing file /mnt/c/Users/Pato_/OneDrive/Documentos/ITBA/PYTHON_DATA_APP/itba/lib/python3.10/site-packages/airflow/example_dags/example_short_circuit_decorator.py for tasks to queue
[2024-10-20T19:11:22.832-0300] {logging_mixin.py:190} INFO - [2024-10-20T19:11:22.832-0300] {dagbag.py:588} INFO - Filling up the DagBag from /mnt/c/Users/Pato_/OneDrive/Documentos/ITBA/PYTHON_DATA_APP/itba/lib/python3.10/site-packages/airflow/example_dags/example_short_circuit_decorator.py
[2024-10-20T19:11:22.874-0300] {processor.py:925} INFO - DAG(s) 'example_short_circuit_decorator' retrieved from /mnt/c/Users/Pato_/OneDrive/Documentos/ITBA/PYTHON_DATA_APP/itba/lib/python3.10/site-packages/airflow/example_dags/example_short_circuit_decorator.py
[2024-10-20T19:11:22.890-0300] {logging_mixin.py:190} INFO - [2024-10-20T19:11:22.890-0300] {dag.py:3239} INFO - Sync 1 DAGs
[2024-10-20T19:11:22.899-0300] {logging_mixin.py:190} INFO - [2024-10-20T19:11:22.898-0300] {dag.py:4180} INFO - Setting next_dagrun for example_short_circuit_decorator to None, run_after=None
[2024-10-20T19:11:22.929-0300] {processor.py:208} INFO - Processing /mnt/c/Users/Pato_/OneDrive/Documentos/ITBA/PYTHON_DATA_APP/itba/lib/python3.10/site-packages/airflow/example_dags/example_short_circuit_decorator.py took 0.106 seconds
[2024-10-20T19:12:33.463-0300] {processor.py:186} INFO - Started process (PID=305798) to work on /mnt/c/Users/Pato_/OneDrive/Documentos/ITBA/PYTHON_DATA_APP/itba/lib/python3.10/site-packages/airflow/example_dags/example_short_circuit_decorator.py
[2024-10-20T19:12:33.464-0300] {processor.py:914} INFO - Processing file /mnt/c/Users/Pato_/OneDrive/Documentos/ITBA/PYTHON_DATA_APP/itba/lib/python3.10/site-packages/airflow/example_dags/example_short_circuit_decorator.py for tasks to queue
[2024-10-20T19:12:33.466-0300] {logging_mixin.py:190} INFO - [2024-10-20T19:12:33.465-0300] {dagbag.py:588} INFO - Filling up the DagBag from /mnt/c/Users/Pato_/OneDrive/Documentos/ITBA/PYTHON_DATA_APP/itba/lib/python3.10/site-packages/airflow/example_dags/example_short_circuit_decorator.py
[2024-10-20T19:12:33.506-0300] {processor.py:925} INFO - DAG(s) 'example_short_circuit_decorator' retrieved from /mnt/c/Users/Pato_/OneDrive/Documentos/ITBA/PYTHON_DATA_APP/itba/lib/python3.10/site-packages/airflow/example_dags/example_short_circuit_decorator.py
[2024-10-20T19:12:33.523-0300] {logging_mixin.py:190} INFO - [2024-10-20T19:12:33.522-0300] {dag.py:3239} INFO - Sync 1 DAGs
[2024-10-20T19:12:33.531-0300] {logging_mixin.py:190} INFO - [2024-10-20T19:12:33.531-0300] {dag.py:4180} INFO - Setting next_dagrun for example_short_circuit_decorator to None, run_after=None
[2024-10-20T19:12:33.560-0300] {processor.py:208} INFO - Processing /mnt/c/Users/Pato_/OneDrive/Documentos/ITBA/PYTHON_DATA_APP/itba/lib/python3.10/site-packages/airflow/example_dags/example_short_circuit_decorator.py took 0.104 seconds
[2024-10-20T19:13:34.895-0300] {processor.py:186} INFO - Started process (PID=306279) to work on /mnt/c/Users/Pato_/OneDrive/Documentos/ITBA/PYTHON_DATA_APP/itba/lib/python3.10/site-packages/airflow/example_dags/example_short_circuit_decorator.py
[2024-10-20T19:13:34.896-0300] {processor.py:914} INFO - Processing file /mnt/c/Users/Pato_/OneDrive/Documentos/ITBA/PYTHON_DATA_APP/itba/lib/python3.10/site-packages/airflow/example_dags/example_short_circuit_decorator.py for tasks to queue
[2024-10-20T19:13:34.898-0300] {logging_mixin.py:190} INFO - [2024-10-20T19:13:34.898-0300] {dagbag.py:588} INFO - Filling up the DagBag from /mnt/c/Users/Pato_/OneDrive/Documentos/ITBA/PYTHON_DATA_APP/itba/lib/python3.10/site-packages/airflow/example_dags/example_short_circuit_decorator.py
[2024-10-20T19:13:34.938-0300] {processor.py:925} INFO - DAG(s) 'example_short_circuit_decorator' retrieved from /mnt/c/Users/Pato_/OneDrive/Documentos/ITBA/PYTHON_DATA_APP/itba/lib/python3.10/site-packages/airflow/example_dags/example_short_circuit_decorator.py
[2024-10-20T19:13:34.956-0300] {logging_mixin.py:190} INFO - [2024-10-20T19:13:34.956-0300] {dag.py:3239} INFO - Sync 1 DAGs
[2024-10-20T19:13:34.966-0300] {logging_mixin.py:190} INFO - [2024-10-20T19:13:34.965-0300] {dag.py:4180} INFO - Setting next_dagrun for example_short_circuit_decorator to None, run_after=None
[2024-10-20T19:13:34.995-0300] {processor.py:208} INFO - Processing /mnt/c/Users/Pato_/OneDrive/Documentos/ITBA/PYTHON_DATA_APP/itba/lib/python3.10/site-packages/airflow/example_dags/example_short_circuit_decorator.py took 0.107 seconds
[2024-10-20T19:14:44.232-0300] {processor.py:186} INFO - Started process (PID=306819) to work on /mnt/c/Users/Pato_/OneDrive/Documentos/ITBA/PYTHON_DATA_APP/itba/lib/python3.10/site-packages/airflow/example_dags/example_short_circuit_decorator.py
[2024-10-20T19:14:44.233-0300] {processor.py:914} INFO - Processing file /mnt/c/Users/Pato_/OneDrive/Documentos/ITBA/PYTHON_DATA_APP/itba/lib/python3.10/site-packages/airflow/example_dags/example_short_circuit_decorator.py for tasks to queue
[2024-10-20T19:14:44.235-0300] {logging_mixin.py:190} INFO - [2024-10-20T19:14:44.234-0300] {dagbag.py:588} INFO - Filling up the DagBag from /mnt/c/Users/Pato_/OneDrive/Documentos/ITBA/PYTHON_DATA_APP/itba/lib/python3.10/site-packages/airflow/example_dags/example_short_circuit_decorator.py
[2024-10-20T19:14:44.276-0300] {processor.py:925} INFO - DAG(s) 'example_short_circuit_decorator' retrieved from /mnt/c/Users/Pato_/OneDrive/Documentos/ITBA/PYTHON_DATA_APP/itba/lib/python3.10/site-packages/airflow/example_dags/example_short_circuit_decorator.py
[2024-10-20T19:14:44.292-0300] {logging_mixin.py:190} INFO - [2024-10-20T19:14:44.291-0300] {dag.py:3239} INFO - Sync 1 DAGs
[2024-10-20T19:14:44.300-0300] {logging_mixin.py:190} INFO - [2024-10-20T19:14:44.300-0300] {dag.py:4180} INFO - Setting next_dagrun for example_short_circuit_decorator to None, run_after=None
[2024-10-20T19:14:44.329-0300] {processor.py:208} INFO - Processing /mnt/c/Users/Pato_/OneDrive/Documentos/ITBA/PYTHON_DATA_APP/itba/lib/python3.10/site-packages/airflow/example_dags/example_short_circuit_decorator.py took 0.104 seconds
[2024-10-20T19:15:52.325-0300] {processor.py:186} INFO - Started process (PID=307380) to work on /mnt/c/Users/Pato_/OneDrive/Documentos/ITBA/PYTHON_DATA_APP/itba/lib/python3.10/site-packages/airflow/example_dags/example_short_circuit_decorator.py
[2024-10-20T19:15:52.326-0300] {processor.py:914} INFO - Processing file /mnt/c/Users/Pato_/OneDrive/Documentos/ITBA/PYTHON_DATA_APP/itba/lib/python3.10/site-packages/airflow/example_dags/example_short_circuit_decorator.py for tasks to queue
[2024-10-20T19:15:52.328-0300] {logging_mixin.py:190} INFO - [2024-10-20T19:15:52.328-0300] {dagbag.py:588} INFO - Filling up the DagBag from /mnt/c/Users/Pato_/OneDrive/Documentos/ITBA/PYTHON_DATA_APP/itba/lib/python3.10/site-packages/airflow/example_dags/example_short_circuit_decorator.py
[2024-10-20T19:15:52.368-0300] {processor.py:925} INFO - DAG(s) 'example_short_circuit_decorator' retrieved from /mnt/c/Users/Pato_/OneDrive/Documentos/ITBA/PYTHON_DATA_APP/itba/lib/python3.10/site-packages/airflow/example_dags/example_short_circuit_decorator.py
[2024-10-20T19:15:52.384-0300] {logging_mixin.py:190} INFO - [2024-10-20T19:15:52.384-0300] {dag.py:3239} INFO - Sync 1 DAGs
[2024-10-20T19:15:52.392-0300] {logging_mixin.py:190} INFO - [2024-10-20T19:15:52.392-0300] {dag.py:4180} INFO - Setting next_dagrun for example_short_circuit_decorator to None, run_after=None
[2024-10-20T19:15:52.420-0300] {processor.py:208} INFO - Processing /mnt/c/Users/Pato_/OneDrive/Documentos/ITBA/PYTHON_DATA_APP/itba/lib/python3.10/site-packages/airflow/example_dags/example_short_circuit_decorator.py took 0.102 seconds
[2024-10-20T19:17:02.344-0300] {processor.py:186} INFO - Started process (PID=307926) to work on /mnt/c/Users/Pato_/OneDrive/Documentos/ITBA/PYTHON_DATA_APP/itba/lib/python3.10/site-packages/airflow/example_dags/example_short_circuit_decorator.py
[2024-10-20T19:17:02.345-0300] {processor.py:914} INFO - Processing file /mnt/c/Users/Pato_/OneDrive/Documentos/ITBA/PYTHON_DATA_APP/itba/lib/python3.10/site-packages/airflow/example_dags/example_short_circuit_decorator.py for tasks to queue
[2024-10-20T19:17:02.347-0300] {logging_mixin.py:190} INFO - [2024-10-20T19:17:02.346-0300] {dagbag.py:588} INFO - Filling up the DagBag from /mnt/c/Users/Pato_/OneDrive/Documentos/ITBA/PYTHON_DATA_APP/itba/lib/python3.10/site-packages/airflow/example_dags/example_short_circuit_decorator.py
[2024-10-20T19:17:02.386-0300] {processor.py:925} INFO - DAG(s) 'example_short_circuit_decorator' retrieved from /mnt/c/Users/Pato_/OneDrive/Documentos/ITBA/PYTHON_DATA_APP/itba/lib/python3.10/site-packages/airflow/example_dags/example_short_circuit_decorator.py
[2024-10-20T19:17:02.402-0300] {logging_mixin.py:190} INFO - [2024-10-20T19:17:02.401-0300] {dag.py:3239} INFO - Sync 1 DAGs
[2024-10-20T19:17:02.410-0300] {logging_mixin.py:190} INFO - [2024-10-20T19:17:02.409-0300] {dag.py:4180} INFO - Setting next_dagrun for example_short_circuit_decorator to None, run_after=None
[2024-10-20T19:17:02.438-0300] {processor.py:208} INFO - Processing /mnt/c/Users/Pato_/OneDrive/Documentos/ITBA/PYTHON_DATA_APP/itba/lib/python3.10/site-packages/airflow/example_dags/example_short_circuit_decorator.py took 0.101 seconds
[2024-10-20T19:18:18.655-0300] {processor.py:186} INFO - Started process (PID=308521) to work on /mnt/c/Users/Pato_/OneDrive/Documentos/ITBA/PYTHON_DATA_APP/itba/lib/python3.10/site-packages/airflow/example_dags/example_short_circuit_decorator.py
[2024-10-20T19:18:18.656-0300] {processor.py:914} INFO - Processing file /mnt/c/Users/Pato_/OneDrive/Documentos/ITBA/PYTHON_DATA_APP/itba/lib/python3.10/site-packages/airflow/example_dags/example_short_circuit_decorator.py for tasks to queue
[2024-10-20T19:18:18.658-0300] {logging_mixin.py:190} INFO - [2024-10-20T19:18:18.658-0300] {dagbag.py:588} INFO - Filling up the DagBag from /mnt/c/Users/Pato_/OneDrive/Documentos/ITBA/PYTHON_DATA_APP/itba/lib/python3.10/site-packages/airflow/example_dags/example_short_circuit_decorator.py
[2024-10-20T19:18:18.697-0300] {processor.py:925} INFO - DAG(s) 'example_short_circuit_decorator' retrieved from /mnt/c/Users/Pato_/OneDrive/Documentos/ITBA/PYTHON_DATA_APP/itba/lib/python3.10/site-packages/airflow/example_dags/example_short_circuit_decorator.py
[2024-10-20T19:18:18.713-0300] {logging_mixin.py:190} INFO - [2024-10-20T19:18:18.713-0300] {dag.py:3239} INFO - Sync 1 DAGs
[2024-10-20T19:18:18.722-0300] {logging_mixin.py:190} INFO - [2024-10-20T19:18:18.721-0300] {dag.py:4180} INFO - Setting next_dagrun for example_short_circuit_decorator to None, run_after=None
[2024-10-20T19:18:18.751-0300] {processor.py:208} INFO - Processing /mnt/c/Users/Pato_/OneDrive/Documentos/ITBA/PYTHON_DATA_APP/itba/lib/python3.10/site-packages/airflow/example_dags/example_short_circuit_decorator.py took 0.102 seconds
[2024-10-20T19:19:32.226-0300] {processor.py:186} INFO - Started process (PID=309091) to work on /mnt/c/Users/Pato_/OneDrive/Documentos/ITBA/PYTHON_DATA_APP/itba/lib/python3.10/site-packages/airflow/example_dags/example_short_circuit_decorator.py
[2024-10-20T19:19:32.227-0300] {processor.py:914} INFO - Processing file /mnt/c/Users/Pato_/OneDrive/Documentos/ITBA/PYTHON_DATA_APP/itba/lib/python3.10/site-packages/airflow/example_dags/example_short_circuit_decorator.py for tasks to queue
[2024-10-20T19:19:32.229-0300] {logging_mixin.py:190} INFO - [2024-10-20T19:19:32.229-0300] {dagbag.py:588} INFO - Filling up the DagBag from /mnt/c/Users/Pato_/OneDrive/Documentos/ITBA/PYTHON_DATA_APP/itba/lib/python3.10/site-packages/airflow/example_dags/example_short_circuit_decorator.py
[2024-10-20T19:19:32.270-0300] {processor.py:925} INFO - DAG(s) 'example_short_circuit_decorator' retrieved from /mnt/c/Users/Pato_/OneDrive/Documentos/ITBA/PYTHON_DATA_APP/itba/lib/python3.10/site-packages/airflow/example_dags/example_short_circuit_decorator.py
[2024-10-20T19:19:32.285-0300] {logging_mixin.py:190} INFO - [2024-10-20T19:19:32.285-0300] {dag.py:3239} INFO - Sync 1 DAGs
[2024-10-20T19:19:32.294-0300] {logging_mixin.py:190} INFO - [2024-10-20T19:19:32.293-0300] {dag.py:4180} INFO - Setting next_dagrun for example_short_circuit_decorator to None, run_after=None
[2024-10-20T19:19:32.323-0300] {processor.py:208} INFO - Processing /mnt/c/Users/Pato_/OneDrive/Documentos/ITBA/PYTHON_DATA_APP/itba/lib/python3.10/site-packages/airflow/example_dags/example_short_circuit_decorator.py took 0.103 seconds
[2024-10-20T19:20:36.633-0300] {processor.py:186} INFO - Started process (PID=309626) to work on /mnt/c/Users/Pato_/OneDrive/Documentos/ITBA/PYTHON_DATA_APP/itba/lib/python3.10/site-packages/airflow/example_dags/example_short_circuit_decorator.py
[2024-10-20T19:20:36.633-0300] {processor.py:914} INFO - Processing file /mnt/c/Users/Pato_/OneDrive/Documentos/ITBA/PYTHON_DATA_APP/itba/lib/python3.10/site-packages/airflow/example_dags/example_short_circuit_decorator.py for tasks to queue
[2024-10-20T19:20:36.636-0300] {logging_mixin.py:190} INFO - [2024-10-20T19:20:36.635-0300] {dagbag.py:588} INFO - Filling up the DagBag from /mnt/c/Users/Pato_/OneDrive/Documentos/ITBA/PYTHON_DATA_APP/itba/lib/python3.10/site-packages/airflow/example_dags/example_short_circuit_decorator.py
[2024-10-20T19:20:36.676-0300] {processor.py:925} INFO - DAG(s) 'example_short_circuit_decorator' retrieved from /mnt/c/Users/Pato_/OneDrive/Documentos/ITBA/PYTHON_DATA_APP/itba/lib/python3.10/site-packages/airflow/example_dags/example_short_circuit_decorator.py
[2024-10-20T19:20:36.694-0300] {logging_mixin.py:190} INFO - [2024-10-20T19:20:36.694-0300] {dag.py:3239} INFO - Sync 1 DAGs
[2024-10-20T19:20:36.703-0300] {logging_mixin.py:190} INFO - [2024-10-20T19:20:36.703-0300] {dag.py:4180} INFO - Setting next_dagrun for example_short_circuit_decorator to None, run_after=None
[2024-10-20T19:20:36.733-0300] {processor.py:208} INFO - Processing /mnt/c/Users/Pato_/OneDrive/Documentos/ITBA/PYTHON_DATA_APP/itba/lib/python3.10/site-packages/airflow/example_dags/example_short_circuit_decorator.py took 0.107 seconds
[2024-10-20T19:21:45.149-0300] {processor.py:186} INFO - Started process (PID=310222) to work on /mnt/c/Users/Pato_/OneDrive/Documentos/ITBA/PYTHON_DATA_APP/itba/lib/python3.10/site-packages/airflow/example_dags/example_short_circuit_decorator.py
[2024-10-20T19:21:45.150-0300] {processor.py:914} INFO - Processing file /mnt/c/Users/Pato_/OneDrive/Documentos/ITBA/PYTHON_DATA_APP/itba/lib/python3.10/site-packages/airflow/example_dags/example_short_circuit_decorator.py for tasks to queue
[2024-10-20T19:21:45.152-0300] {logging_mixin.py:190} INFO - [2024-10-20T19:21:45.151-0300] {dagbag.py:588} INFO - Filling up the DagBag from /mnt/c/Users/Pato_/OneDrive/Documentos/ITBA/PYTHON_DATA_APP/itba/lib/python3.10/site-packages/airflow/example_dags/example_short_circuit_decorator.py
[2024-10-20T19:21:45.192-0300] {processor.py:925} INFO - DAG(s) 'example_short_circuit_decorator' retrieved from /mnt/c/Users/Pato_/OneDrive/Documentos/ITBA/PYTHON_DATA_APP/itba/lib/python3.10/site-packages/airflow/example_dags/example_short_circuit_decorator.py
[2024-10-20T19:21:45.208-0300] {logging_mixin.py:190} INFO - [2024-10-20T19:21:45.208-0300] {dag.py:3239} INFO - Sync 1 DAGs
[2024-10-20T19:21:45.217-0300] {logging_mixin.py:190} INFO - [2024-10-20T19:21:45.216-0300] {dag.py:4180} INFO - Setting next_dagrun for example_short_circuit_decorator to None, run_after=None
[2024-10-20T19:21:45.245-0300] {processor.py:208} INFO - Processing /mnt/c/Users/Pato_/OneDrive/Documentos/ITBA/PYTHON_DATA_APP/itba/lib/python3.10/site-packages/airflow/example_dags/example_short_circuit_decorator.py took 0.104 seconds
[2024-10-20T19:22:53.057-0300] {processor.py:186} INFO - Started process (PID=310846) to work on /mnt/c/Users/Pato_/OneDrive/Documentos/ITBA/PYTHON_DATA_APP/itba/lib/python3.10/site-packages/airflow/example_dags/example_short_circuit_decorator.py
[2024-10-20T19:22:53.058-0300] {processor.py:914} INFO - Processing file /mnt/c/Users/Pato_/OneDrive/Documentos/ITBA/PYTHON_DATA_APP/itba/lib/python3.10/site-packages/airflow/example_dags/example_short_circuit_decorator.py for tasks to queue
[2024-10-20T19:22:53.059-0300] {logging_mixin.py:190} INFO - [2024-10-20T19:22:53.059-0300] {dagbag.py:588} INFO - Filling up the DagBag from /mnt/c/Users/Pato_/OneDrive/Documentos/ITBA/PYTHON_DATA_APP/itba/lib/python3.10/site-packages/airflow/example_dags/example_short_circuit_decorator.py
[2024-10-20T19:22:53.100-0300] {processor.py:925} INFO - DAG(s) 'example_short_circuit_decorator' retrieved from /mnt/c/Users/Pato_/OneDrive/Documentos/ITBA/PYTHON_DATA_APP/itba/lib/python3.10/site-packages/airflow/example_dags/example_short_circuit_decorator.py
[2024-10-20T19:22:53.116-0300] {logging_mixin.py:190} INFO - [2024-10-20T19:22:53.116-0300] {dag.py:3239} INFO - Sync 1 DAGs
[2024-10-20T19:22:53.125-0300] {logging_mixin.py:190} INFO - [2024-10-20T19:22:53.124-0300] {dag.py:4180} INFO - Setting next_dagrun for example_short_circuit_decorator to None, run_after=None
[2024-10-20T19:22:53.153-0300] {processor.py:208} INFO - Processing /mnt/c/Users/Pato_/OneDrive/Documentos/ITBA/PYTHON_DATA_APP/itba/lib/python3.10/site-packages/airflow/example_dags/example_short_circuit_decorator.py took 0.103 seconds
[2024-10-20T19:24:45.243-0300] {processor.py:186} INFO - Started process (PID=312344) to work on /mnt/c/Users/Pato_/OneDrive/Documentos/ITBA/PYTHON_DATA_APP/itba/lib/python3.10/site-packages/airflow/example_dags/example_short_circuit_decorator.py
[2024-10-20T19:24:45.244-0300] {processor.py:914} INFO - Processing file /mnt/c/Users/Pato_/OneDrive/Documentos/ITBA/PYTHON_DATA_APP/itba/lib/python3.10/site-packages/airflow/example_dags/example_short_circuit_decorator.py for tasks to queue
[2024-10-20T19:24:45.246-0300] {logging_mixin.py:190} INFO - [2024-10-20T19:24:45.246-0300] {dagbag.py:588} INFO - Filling up the DagBag from /mnt/c/Users/Pato_/OneDrive/Documentos/ITBA/PYTHON_DATA_APP/itba/lib/python3.10/site-packages/airflow/example_dags/example_short_circuit_decorator.py
[2024-10-20T19:24:45.286-0300] {processor.py:925} INFO - DAG(s) 'example_short_circuit_decorator' retrieved from /mnt/c/Users/Pato_/OneDrive/Documentos/ITBA/PYTHON_DATA_APP/itba/lib/python3.10/site-packages/airflow/example_dags/example_short_circuit_decorator.py
[2024-10-20T19:24:45.302-0300] {logging_mixin.py:190} INFO - [2024-10-20T19:24:45.301-0300] {dag.py:3239} INFO - Sync 1 DAGs
[2024-10-20T19:24:45.310-0300] {logging_mixin.py:190} INFO - [2024-10-20T19:24:45.310-0300] {dag.py:4180} INFO - Setting next_dagrun for example_short_circuit_decorator to None, run_after=None
[2024-10-20T19:24:45.339-0300] {processor.py:208} INFO - Processing /mnt/c/Users/Pato_/OneDrive/Documentos/ITBA/PYTHON_DATA_APP/itba/lib/python3.10/site-packages/airflow/example_dags/example_short_circuit_decorator.py took 0.103 seconds
[2024-10-20T19:26:24.896-0300] {processor.py:186} INFO - Started process (PID=313610) to work on /mnt/c/Users/Pato_/OneDrive/Documentos/ITBA/PYTHON_DATA_APP/itba/lib/python3.10/site-packages/airflow/example_dags/example_short_circuit_decorator.py
[2024-10-20T19:26:24.897-0300] {processor.py:914} INFO - Processing file /mnt/c/Users/Pato_/OneDrive/Documentos/ITBA/PYTHON_DATA_APP/itba/lib/python3.10/site-packages/airflow/example_dags/example_short_circuit_decorator.py for tasks to queue
[2024-10-20T19:26:24.898-0300] {logging_mixin.py:190} INFO - [2024-10-20T19:26:24.898-0300] {dagbag.py:588} INFO - Filling up the DagBag from /mnt/c/Users/Pato_/OneDrive/Documentos/ITBA/PYTHON_DATA_APP/itba/lib/python3.10/site-packages/airflow/example_dags/example_short_circuit_decorator.py
[2024-10-20T19:26:24.939-0300] {processor.py:925} INFO - DAG(s) 'example_short_circuit_decorator' retrieved from /mnt/c/Users/Pato_/OneDrive/Documentos/ITBA/PYTHON_DATA_APP/itba/lib/python3.10/site-packages/airflow/example_dags/example_short_circuit_decorator.py
[2024-10-20T19:26:24.955-0300] {logging_mixin.py:190} INFO - [2024-10-20T19:26:24.954-0300] {dag.py:3239} INFO - Sync 1 DAGs
[2024-10-20T19:26:24.964-0300] {logging_mixin.py:190} INFO - [2024-10-20T19:26:24.963-0300] {dag.py:4180} INFO - Setting next_dagrun for example_short_circuit_decorator to None, run_after=None
[2024-10-20T19:26:25.014-0300] {processor.py:208} INFO - Processing /mnt/c/Users/Pato_/OneDrive/Documentos/ITBA/PYTHON_DATA_APP/itba/lib/python3.10/site-packages/airflow/example_dags/example_short_circuit_decorator.py took 0.125 seconds
[2024-10-20T19:27:28.705-0300] {processor.py:186} INFO - Started process (PID=314433) to work on /mnt/c/Users/Pato_/OneDrive/Documentos/ITBA/PYTHON_DATA_APP/itba/lib/python3.10/site-packages/airflow/example_dags/example_short_circuit_decorator.py
[2024-10-20T19:27:28.706-0300] {processor.py:914} INFO - Processing file /mnt/c/Users/Pato_/OneDrive/Documentos/ITBA/PYTHON_DATA_APP/itba/lib/python3.10/site-packages/airflow/example_dags/example_short_circuit_decorator.py for tasks to queue
[2024-10-20T19:27:28.708-0300] {logging_mixin.py:190} INFO - [2024-10-20T19:27:28.708-0300] {dagbag.py:588} INFO - Filling up the DagBag from /mnt/c/Users/Pato_/OneDrive/Documentos/ITBA/PYTHON_DATA_APP/itba/lib/python3.10/site-packages/airflow/example_dags/example_short_circuit_decorator.py
[2024-10-20T19:27:28.753-0300] {processor.py:925} INFO - DAG(s) 'example_short_circuit_decorator' retrieved from /mnt/c/Users/Pato_/OneDrive/Documentos/ITBA/PYTHON_DATA_APP/itba/lib/python3.10/site-packages/airflow/example_dags/example_short_circuit_decorator.py
[2024-10-20T19:27:28.770-0300] {logging_mixin.py:190} INFO - [2024-10-20T19:27:28.770-0300] {dag.py:3239} INFO - Sync 1 DAGs
[2024-10-20T19:27:28.779-0300] {logging_mixin.py:190} INFO - [2024-10-20T19:27:28.779-0300] {dag.py:4180} INFO - Setting next_dagrun for example_short_circuit_decorator to None, run_after=None
[2024-10-20T19:27:28.811-0300] {processor.py:208} INFO - Processing /mnt/c/Users/Pato_/OneDrive/Documentos/ITBA/PYTHON_DATA_APP/itba/lib/python3.10/site-packages/airflow/example_dags/example_short_circuit_decorator.py took 0.112 seconds
[2024-10-20T19:28:36.179-0300] {processor.py:186} INFO - Started process (PID=315182) to work on /mnt/c/Users/Pato_/OneDrive/Documentos/ITBA/PYTHON_DATA_APP/itba/lib/python3.10/site-packages/airflow/example_dags/example_short_circuit_decorator.py
[2024-10-20T19:28:36.180-0300] {processor.py:914} INFO - Processing file /mnt/c/Users/Pato_/OneDrive/Documentos/ITBA/PYTHON_DATA_APP/itba/lib/python3.10/site-packages/airflow/example_dags/example_short_circuit_decorator.py for tasks to queue
[2024-10-20T19:28:36.182-0300] {logging_mixin.py:190} INFO - [2024-10-20T19:28:36.181-0300] {dagbag.py:588} INFO - Filling up the DagBag from /mnt/c/Users/Pato_/OneDrive/Documentos/ITBA/PYTHON_DATA_APP/itba/lib/python3.10/site-packages/airflow/example_dags/example_short_circuit_decorator.py
[2024-10-20T19:28:36.223-0300] {processor.py:925} INFO - DAG(s) 'example_short_circuit_decorator' retrieved from /mnt/c/Users/Pato_/OneDrive/Documentos/ITBA/PYTHON_DATA_APP/itba/lib/python3.10/site-packages/airflow/example_dags/example_short_circuit_decorator.py
[2024-10-20T19:28:36.239-0300] {logging_mixin.py:190} INFO - [2024-10-20T19:28:36.238-0300] {dag.py:3239} INFO - Sync 1 DAGs
[2024-10-20T19:28:36.247-0300] {logging_mixin.py:190} INFO - [2024-10-20T19:28:36.247-0300] {dag.py:4180} INFO - Setting next_dagrun for example_short_circuit_decorator to None, run_after=None
[2024-10-20T19:28:36.276-0300] {processor.py:208} INFO - Processing /mnt/c/Users/Pato_/OneDrive/Documentos/ITBA/PYTHON_DATA_APP/itba/lib/python3.10/site-packages/airflow/example_dags/example_short_circuit_decorator.py took 0.104 seconds
[2024-10-20T19:29:44.146-0300] {processor.py:186} INFO - Started process (PID=315966) to work on /mnt/c/Users/Pato_/OneDrive/Documentos/ITBA/PYTHON_DATA_APP/itba/lib/python3.10/site-packages/airflow/example_dags/example_short_circuit_decorator.py
[2024-10-20T19:29:44.147-0300] {processor.py:914} INFO - Processing file /mnt/c/Users/Pato_/OneDrive/Documentos/ITBA/PYTHON_DATA_APP/itba/lib/python3.10/site-packages/airflow/example_dags/example_short_circuit_decorator.py for tasks to queue
[2024-10-20T19:29:44.149-0300] {logging_mixin.py:190} INFO - [2024-10-20T19:29:44.148-0300] {dagbag.py:588} INFO - Filling up the DagBag from /mnt/c/Users/Pato_/OneDrive/Documentos/ITBA/PYTHON_DATA_APP/itba/lib/python3.10/site-packages/airflow/example_dags/example_short_circuit_decorator.py
[2024-10-20T19:29:44.190-0300] {processor.py:925} INFO - DAG(s) 'example_short_circuit_decorator' retrieved from /mnt/c/Users/Pato_/OneDrive/Documentos/ITBA/PYTHON_DATA_APP/itba/lib/python3.10/site-packages/airflow/example_dags/example_short_circuit_decorator.py
[2024-10-20T19:29:44.207-0300] {logging_mixin.py:190} INFO - [2024-10-20T19:29:44.207-0300] {dag.py:3239} INFO - Sync 1 DAGs
[2024-10-20T19:29:44.217-0300] {logging_mixin.py:190} INFO - [2024-10-20T19:29:44.216-0300] {dag.py:4180} INFO - Setting next_dagrun for example_short_circuit_decorator to None, run_after=None
[2024-10-20T19:29:44.247-0300] {processor.py:208} INFO - Processing /mnt/c/Users/Pato_/OneDrive/Documentos/ITBA/PYTHON_DATA_APP/itba/lib/python3.10/site-packages/airflow/example_dags/example_short_circuit_decorator.py took 0.109 seconds
[2024-10-20T19:30:54.453-0300] {processor.py:186} INFO - Started process (PID=316545) to work on /mnt/c/Users/Pato_/OneDrive/Documentos/ITBA/PYTHON_DATA_APP/itba/lib/python3.10/site-packages/airflow/example_dags/example_short_circuit_decorator.py
[2024-10-20T19:30:54.454-0300] {processor.py:914} INFO - Processing file /mnt/c/Users/Pato_/OneDrive/Documentos/ITBA/PYTHON_DATA_APP/itba/lib/python3.10/site-packages/airflow/example_dags/example_short_circuit_decorator.py for tasks to queue
[2024-10-20T19:30:54.457-0300] {logging_mixin.py:190} INFO - [2024-10-20T19:30:54.456-0300] {dagbag.py:588} INFO - Filling up the DagBag from /mnt/c/Users/Pato_/OneDrive/Documentos/ITBA/PYTHON_DATA_APP/itba/lib/python3.10/site-packages/airflow/example_dags/example_short_circuit_decorator.py
[2024-10-20T19:30:54.497-0300] {processor.py:925} INFO - DAG(s) 'example_short_circuit_decorator' retrieved from /mnt/c/Users/Pato_/OneDrive/Documentos/ITBA/PYTHON_DATA_APP/itba/lib/python3.10/site-packages/airflow/example_dags/example_short_circuit_decorator.py
[2024-10-20T19:30:54.513-0300] {logging_mixin.py:190} INFO - [2024-10-20T19:30:54.513-0300] {dag.py:3239} INFO - Sync 1 DAGs
[2024-10-20T19:30:54.522-0300] {logging_mixin.py:190} INFO - [2024-10-20T19:30:54.521-0300] {dag.py:4180} INFO - Setting next_dagrun for example_short_circuit_decorator to None, run_after=None
[2024-10-20T19:30:54.549-0300] {processor.py:208} INFO - Processing /mnt/c/Users/Pato_/OneDrive/Documentos/ITBA/PYTHON_DATA_APP/itba/lib/python3.10/site-packages/airflow/example_dags/example_short_circuit_decorator.py took 0.103 seconds
[2024-10-20T19:32:01.484-0300] {processor.py:186} INFO - Started process (PID=317067) to work on /mnt/c/Users/Pato_/OneDrive/Documentos/ITBA/PYTHON_DATA_APP/itba/lib/python3.10/site-packages/airflow/example_dags/example_short_circuit_decorator.py
[2024-10-20T19:32:01.485-0300] {processor.py:914} INFO - Processing file /mnt/c/Users/Pato_/OneDrive/Documentos/ITBA/PYTHON_DATA_APP/itba/lib/python3.10/site-packages/airflow/example_dags/example_short_circuit_decorator.py for tasks to queue
[2024-10-20T19:32:01.487-0300] {logging_mixin.py:190} INFO - [2024-10-20T19:32:01.486-0300] {dagbag.py:588} INFO - Filling up the DagBag from /mnt/c/Users/Pato_/OneDrive/Documentos/ITBA/PYTHON_DATA_APP/itba/lib/python3.10/site-packages/airflow/example_dags/example_short_circuit_decorator.py
[2024-10-20T19:32:01.529-0300] {processor.py:925} INFO - DAG(s) 'example_short_circuit_decorator' retrieved from /mnt/c/Users/Pato_/OneDrive/Documentos/ITBA/PYTHON_DATA_APP/itba/lib/python3.10/site-packages/airflow/example_dags/example_short_circuit_decorator.py
[2024-10-20T19:32:01.545-0300] {logging_mixin.py:190} INFO - [2024-10-20T19:32:01.545-0300] {dag.py:3239} INFO - Sync 1 DAGs
[2024-10-20T19:32:01.554-0300] {logging_mixin.py:190} INFO - [2024-10-20T19:32:01.553-0300] {dag.py:4180} INFO - Setting next_dagrun for example_short_circuit_decorator to None, run_after=None
[2024-10-20T19:32:01.582-0300] {processor.py:208} INFO - Processing /mnt/c/Users/Pato_/OneDrive/Documentos/ITBA/PYTHON_DATA_APP/itba/lib/python3.10/site-packages/airflow/example_dags/example_short_circuit_decorator.py took 0.106 seconds
[2024-10-20T19:33:09.080-0300] {processor.py:186} INFO - Started process (PID=317627) to work on /mnt/c/Users/Pato_/OneDrive/Documentos/ITBA/PYTHON_DATA_APP/itba/lib/python3.10/site-packages/airflow/example_dags/example_short_circuit_decorator.py
[2024-10-20T19:33:09.081-0300] {processor.py:914} INFO - Processing file /mnt/c/Users/Pato_/OneDrive/Documentos/ITBA/PYTHON_DATA_APP/itba/lib/python3.10/site-packages/airflow/example_dags/example_short_circuit_decorator.py for tasks to queue
[2024-10-20T19:33:09.083-0300] {logging_mixin.py:190} INFO - [2024-10-20T19:33:09.083-0300] {dagbag.py:588} INFO - Filling up the DagBag from /mnt/c/Users/Pato_/OneDrive/Documentos/ITBA/PYTHON_DATA_APP/itba/lib/python3.10/site-packages/airflow/example_dags/example_short_circuit_decorator.py
[2024-10-20T19:33:09.126-0300] {processor.py:925} INFO - DAG(s) 'example_short_circuit_decorator' retrieved from /mnt/c/Users/Pato_/OneDrive/Documentos/ITBA/PYTHON_DATA_APP/itba/lib/python3.10/site-packages/airflow/example_dags/example_short_circuit_decorator.py
[2024-10-20T19:33:09.144-0300] {logging_mixin.py:190} INFO - [2024-10-20T19:33:09.144-0300] {dag.py:3239} INFO - Sync 1 DAGs
[2024-10-20T19:33:09.154-0300] {logging_mixin.py:190} INFO - [2024-10-20T19:33:09.153-0300] {dag.py:4180} INFO - Setting next_dagrun for example_short_circuit_decorator to None, run_after=None
[2024-10-20T19:33:09.182-0300] {processor.py:208} INFO - Processing /mnt/c/Users/Pato_/OneDrive/Documentos/ITBA/PYTHON_DATA_APP/itba/lib/python3.10/site-packages/airflow/example_dags/example_short_circuit_decorator.py took 0.109 seconds
[2024-10-20T19:34:15.565-0300] {processor.py:186} INFO - Started process (PID=318294) to work on /mnt/c/Users/Pato_/OneDrive/Documentos/ITBA/PYTHON_DATA_APP/itba/lib/python3.10/site-packages/airflow/example_dags/example_short_circuit_decorator.py
[2024-10-20T19:34:15.567-0300] {processor.py:914} INFO - Processing file /mnt/c/Users/Pato_/OneDrive/Documentos/ITBA/PYTHON_DATA_APP/itba/lib/python3.10/site-packages/airflow/example_dags/example_short_circuit_decorator.py for tasks to queue
[2024-10-20T19:34:15.568-0300] {logging_mixin.py:190} INFO - [2024-10-20T19:34:15.568-0300] {dagbag.py:588} INFO - Filling up the DagBag from /mnt/c/Users/Pato_/OneDrive/Documentos/ITBA/PYTHON_DATA_APP/itba/lib/python3.10/site-packages/airflow/example_dags/example_short_circuit_decorator.py
[2024-10-20T19:34:15.608-0300] {processor.py:925} INFO - DAG(s) 'example_short_circuit_decorator' retrieved from /mnt/c/Users/Pato_/OneDrive/Documentos/ITBA/PYTHON_DATA_APP/itba/lib/python3.10/site-packages/airflow/example_dags/example_short_circuit_decorator.py
[2024-10-20T19:34:15.624-0300] {logging_mixin.py:190} INFO - [2024-10-20T19:34:15.624-0300] {dag.py:3239} INFO - Sync 1 DAGs
[2024-10-20T19:34:15.633-0300] {logging_mixin.py:190} INFO - [2024-10-20T19:34:15.632-0300] {dag.py:4180} INFO - Setting next_dagrun for example_short_circuit_decorator to None, run_after=None
[2024-10-20T19:34:15.661-0300] {processor.py:208} INFO - Processing /mnt/c/Users/Pato_/OneDrive/Documentos/ITBA/PYTHON_DATA_APP/itba/lib/python3.10/site-packages/airflow/example_dags/example_short_circuit_decorator.py took 0.102 seconds
[2024-10-20T19:35:24.486-0300] {processor.py:186} INFO - Started process (PID=319077) to work on /mnt/c/Users/Pato_/OneDrive/Documentos/ITBA/PYTHON_DATA_APP/itba/lib/python3.10/site-packages/airflow/example_dags/example_short_circuit_decorator.py
[2024-10-20T19:35:24.487-0300] {processor.py:914} INFO - Processing file /mnt/c/Users/Pato_/OneDrive/Documentos/ITBA/PYTHON_DATA_APP/itba/lib/python3.10/site-packages/airflow/example_dags/example_short_circuit_decorator.py for tasks to queue
[2024-10-20T19:35:24.489-0300] {logging_mixin.py:190} INFO - [2024-10-20T19:35:24.489-0300] {dagbag.py:588} INFO - Filling up the DagBag from /mnt/c/Users/Pato_/OneDrive/Documentos/ITBA/PYTHON_DATA_APP/itba/lib/python3.10/site-packages/airflow/example_dags/example_short_circuit_decorator.py
[2024-10-20T19:35:24.536-0300] {processor.py:925} INFO - DAG(s) 'example_short_circuit_decorator' retrieved from /mnt/c/Users/Pato_/OneDrive/Documentos/ITBA/PYTHON_DATA_APP/itba/lib/python3.10/site-packages/airflow/example_dags/example_short_circuit_decorator.py
[2024-10-20T19:35:24.554-0300] {logging_mixin.py:190} INFO - [2024-10-20T19:35:24.554-0300] {dag.py:3239} INFO - Sync 1 DAGs
[2024-10-20T19:35:24.564-0300] {logging_mixin.py:190} INFO - [2024-10-20T19:35:24.563-0300] {dag.py:4180} INFO - Setting next_dagrun for example_short_circuit_decorator to None, run_after=None
[2024-10-20T19:35:24.598-0300] {processor.py:208} INFO - Processing /mnt/c/Users/Pato_/OneDrive/Documentos/ITBA/PYTHON_DATA_APP/itba/lib/python3.10/site-packages/airflow/example_dags/example_short_circuit_decorator.py took 0.120 seconds
[2024-10-20T19:36:34.587-0300] {processor.py:186} INFO - Started process (PID=319623) to work on /mnt/c/Users/Pato_/OneDrive/Documentos/ITBA/PYTHON_DATA_APP/itba/lib/python3.10/site-packages/airflow/example_dags/example_short_circuit_decorator.py
[2024-10-20T19:36:34.588-0300] {processor.py:914} INFO - Processing file /mnt/c/Users/Pato_/OneDrive/Documentos/ITBA/PYTHON_DATA_APP/itba/lib/python3.10/site-packages/airflow/example_dags/example_short_circuit_decorator.py for tasks to queue
[2024-10-20T19:36:34.590-0300] {logging_mixin.py:190} INFO - [2024-10-20T19:36:34.589-0300] {dagbag.py:588} INFO - Filling up the DagBag from /mnt/c/Users/Pato_/OneDrive/Documentos/ITBA/PYTHON_DATA_APP/itba/lib/python3.10/site-packages/airflow/example_dags/example_short_circuit_decorator.py
[2024-10-20T19:36:34.631-0300] {processor.py:925} INFO - DAG(s) 'example_short_circuit_decorator' retrieved from /mnt/c/Users/Pato_/OneDrive/Documentos/ITBA/PYTHON_DATA_APP/itba/lib/python3.10/site-packages/airflow/example_dags/example_short_circuit_decorator.py
[2024-10-20T19:36:34.647-0300] {logging_mixin.py:190} INFO - [2024-10-20T19:36:34.646-0300] {dag.py:3239} INFO - Sync 1 DAGs
[2024-10-20T19:36:34.655-0300] {logging_mixin.py:190} INFO - [2024-10-20T19:36:34.655-0300] {dag.py:4180} INFO - Setting next_dagrun for example_short_circuit_decorator to None, run_after=None
[2024-10-20T19:36:34.684-0300] {processor.py:208} INFO - Processing /mnt/c/Users/Pato_/OneDrive/Documentos/ITBA/PYTHON_DATA_APP/itba/lib/python3.10/site-packages/airflow/example_dags/example_short_circuit_decorator.py took 0.104 seconds
[2024-10-20T19:37:41.992-0300] {processor.py:186} INFO - Started process (PID=320149) to work on /mnt/c/Users/Pato_/OneDrive/Documentos/ITBA/PYTHON_DATA_APP/itba/lib/python3.10/site-packages/airflow/example_dags/example_short_circuit_decorator.py
[2024-10-20T19:37:41.993-0300] {processor.py:914} INFO - Processing file /mnt/c/Users/Pato_/OneDrive/Documentos/ITBA/PYTHON_DATA_APP/itba/lib/python3.10/site-packages/airflow/example_dags/example_short_circuit_decorator.py for tasks to queue
[2024-10-20T19:37:41.995-0300] {logging_mixin.py:190} INFO - [2024-10-20T19:37:41.995-0300] {dagbag.py:588} INFO - Filling up the DagBag from /mnt/c/Users/Pato_/OneDrive/Documentos/ITBA/PYTHON_DATA_APP/itba/lib/python3.10/site-packages/airflow/example_dags/example_short_circuit_decorator.py
[2024-10-20T19:37:42.034-0300] {processor.py:925} INFO - DAG(s) 'example_short_circuit_decorator' retrieved from /mnt/c/Users/Pato_/OneDrive/Documentos/ITBA/PYTHON_DATA_APP/itba/lib/python3.10/site-packages/airflow/example_dags/example_short_circuit_decorator.py
[2024-10-20T19:37:42.050-0300] {logging_mixin.py:190} INFO - [2024-10-20T19:37:42.049-0300] {dag.py:3239} INFO - Sync 1 DAGs
[2024-10-20T19:37:42.059-0300] {logging_mixin.py:190} INFO - [2024-10-20T19:37:42.058-0300] {dag.py:4180} INFO - Setting next_dagrun for example_short_circuit_decorator to None, run_after=None
[2024-10-20T19:37:42.087-0300] {processor.py:208} INFO - Processing /mnt/c/Users/Pato_/OneDrive/Documentos/ITBA/PYTHON_DATA_APP/itba/lib/python3.10/site-packages/airflow/example_dags/example_short_circuit_decorator.py took 0.102 seconds
[2024-10-20T19:38:46.998-0300] {processor.py:186} INFO - Started process (PID=320658) to work on /mnt/c/Users/Pato_/OneDrive/Documentos/ITBA/PYTHON_DATA_APP/itba/lib/python3.10/site-packages/airflow/example_dags/example_short_circuit_decorator.py
[2024-10-20T19:38:47.000-0300] {processor.py:914} INFO - Processing file /mnt/c/Users/Pato_/OneDrive/Documentos/ITBA/PYTHON_DATA_APP/itba/lib/python3.10/site-packages/airflow/example_dags/example_short_circuit_decorator.py for tasks to queue
[2024-10-20T19:38:47.002-0300] {logging_mixin.py:190} INFO - [2024-10-20T19:38:47.001-0300] {dagbag.py:588} INFO - Filling up the DagBag from /mnt/c/Users/Pato_/OneDrive/Documentos/ITBA/PYTHON_DATA_APP/itba/lib/python3.10/site-packages/airflow/example_dags/example_short_circuit_decorator.py
[2024-10-20T19:38:47.046-0300] {processor.py:925} INFO - DAG(s) 'example_short_circuit_decorator' retrieved from /mnt/c/Users/Pato_/OneDrive/Documentos/ITBA/PYTHON_DATA_APP/itba/lib/python3.10/site-packages/airflow/example_dags/example_short_circuit_decorator.py
[2024-10-20T19:38:47.063-0300] {logging_mixin.py:190} INFO - [2024-10-20T19:38:47.062-0300] {dag.py:3239} INFO - Sync 1 DAGs
[2024-10-20T19:38:47.072-0300] {logging_mixin.py:190} INFO - [2024-10-20T19:38:47.072-0300] {dag.py:4180} INFO - Setting next_dagrun for example_short_circuit_decorator to None, run_after=None
[2024-10-20T19:38:47.104-0300] {processor.py:208} INFO - Processing /mnt/c/Users/Pato_/OneDrive/Documentos/ITBA/PYTHON_DATA_APP/itba/lib/python3.10/site-packages/airflow/example_dags/example_short_circuit_decorator.py took 0.113 seconds
[2024-10-20T19:39:54.760-0300] {processor.py:186} INFO - Started process (PID=321303) to work on /mnt/c/Users/Pato_/OneDrive/Documentos/ITBA/PYTHON_DATA_APP/itba/lib/python3.10/site-packages/airflow/example_dags/example_short_circuit_decorator.py
[2024-10-20T19:39:54.761-0300] {processor.py:914} INFO - Processing file /mnt/c/Users/Pato_/OneDrive/Documentos/ITBA/PYTHON_DATA_APP/itba/lib/python3.10/site-packages/airflow/example_dags/example_short_circuit_decorator.py for tasks to queue
[2024-10-20T19:39:54.763-0300] {logging_mixin.py:190} INFO - [2024-10-20T19:39:54.762-0300] {dagbag.py:588} INFO - Filling up the DagBag from /mnt/c/Users/Pato_/OneDrive/Documentos/ITBA/PYTHON_DATA_APP/itba/lib/python3.10/site-packages/airflow/example_dags/example_short_circuit_decorator.py
[2024-10-20T19:39:54.804-0300] {processor.py:925} INFO - DAG(s) 'example_short_circuit_decorator' retrieved from /mnt/c/Users/Pato_/OneDrive/Documentos/ITBA/PYTHON_DATA_APP/itba/lib/python3.10/site-packages/airflow/example_dags/example_short_circuit_decorator.py
[2024-10-20T19:39:54.820-0300] {logging_mixin.py:190} INFO - [2024-10-20T19:39:54.820-0300] {dag.py:3239} INFO - Sync 1 DAGs
[2024-10-20T19:39:54.829-0300] {logging_mixin.py:190} INFO - [2024-10-20T19:39:54.829-0300] {dag.py:4180} INFO - Setting next_dagrun for example_short_circuit_decorator to None, run_after=None
[2024-10-20T19:39:54.858-0300] {processor.py:208} INFO - Processing /mnt/c/Users/Pato_/OneDrive/Documentos/ITBA/PYTHON_DATA_APP/itba/lib/python3.10/site-packages/airflow/example_dags/example_short_circuit_decorator.py took 0.106 seconds
[2024-10-20T19:40:59.036-0300] {processor.py:186} INFO - Started process (PID=322074) to work on /mnt/c/Users/Pato_/OneDrive/Documentos/ITBA/PYTHON_DATA_APP/itba/lib/python3.10/site-packages/airflow/example_dags/example_short_circuit_decorator.py
[2024-10-20T19:40:59.037-0300] {processor.py:914} INFO - Processing file /mnt/c/Users/Pato_/OneDrive/Documentos/ITBA/PYTHON_DATA_APP/itba/lib/python3.10/site-packages/airflow/example_dags/example_short_circuit_decorator.py for tasks to queue
[2024-10-20T19:40:59.039-0300] {logging_mixin.py:190} INFO - [2024-10-20T19:40:59.039-0300] {dagbag.py:588} INFO - Filling up the DagBag from /mnt/c/Users/Pato_/OneDrive/Documentos/ITBA/PYTHON_DATA_APP/itba/lib/python3.10/site-packages/airflow/example_dags/example_short_circuit_decorator.py
[2024-10-20T19:40:59.080-0300] {processor.py:925} INFO - DAG(s) 'example_short_circuit_decorator' retrieved from /mnt/c/Users/Pato_/OneDrive/Documentos/ITBA/PYTHON_DATA_APP/itba/lib/python3.10/site-packages/airflow/example_dags/example_short_circuit_decorator.py
[2024-10-20T19:40:59.096-0300] {logging_mixin.py:190} INFO - [2024-10-20T19:40:59.096-0300] {dag.py:3239} INFO - Sync 1 DAGs
[2024-10-20T19:40:59.105-0300] {logging_mixin.py:190} INFO - [2024-10-20T19:40:59.104-0300] {dag.py:4180} INFO - Setting next_dagrun for example_short_circuit_decorator to None, run_after=None
[2024-10-20T19:40:59.134-0300] {processor.py:208} INFO - Processing /mnt/c/Users/Pato_/OneDrive/Documentos/ITBA/PYTHON_DATA_APP/itba/lib/python3.10/site-packages/airflow/example_dags/example_short_circuit_decorator.py took 0.105 seconds
[2024-10-20T19:42:07.996-0300] {processor.py:186} INFO - Started process (PID=322615) to work on /mnt/c/Users/Pato_/OneDrive/Documentos/ITBA/PYTHON_DATA_APP/itba/lib/python3.10/site-packages/airflow/example_dags/example_short_circuit_decorator.py
[2024-10-20T19:42:07.997-0300] {processor.py:914} INFO - Processing file /mnt/c/Users/Pato_/OneDrive/Documentos/ITBA/PYTHON_DATA_APP/itba/lib/python3.10/site-packages/airflow/example_dags/example_short_circuit_decorator.py for tasks to queue
[2024-10-20T19:42:07.999-0300] {logging_mixin.py:190} INFO - [2024-10-20T19:42:07.998-0300] {dagbag.py:588} INFO - Filling up the DagBag from /mnt/c/Users/Pato_/OneDrive/Documentos/ITBA/PYTHON_DATA_APP/itba/lib/python3.10/site-packages/airflow/example_dags/example_short_circuit_decorator.py
[2024-10-20T19:42:08.040-0300] {processor.py:925} INFO - DAG(s) 'example_short_circuit_decorator' retrieved from /mnt/c/Users/Pato_/OneDrive/Documentos/ITBA/PYTHON_DATA_APP/itba/lib/python3.10/site-packages/airflow/example_dags/example_short_circuit_decorator.py
[2024-10-20T19:42:08.059-0300] {logging_mixin.py:190} INFO - [2024-10-20T19:42:08.058-0300] {dag.py:3239} INFO - Sync 1 DAGs
[2024-10-20T19:42:08.068-0300] {logging_mixin.py:190} INFO - [2024-10-20T19:42:08.067-0300] {dag.py:4180} INFO - Setting next_dagrun for example_short_circuit_decorator to None, run_after=None
[2024-10-20T19:42:08.100-0300] {processor.py:208} INFO - Processing /mnt/c/Users/Pato_/OneDrive/Documentos/ITBA/PYTHON_DATA_APP/itba/lib/python3.10/site-packages/airflow/example_dags/example_short_circuit_decorator.py took 0.112 seconds
