[2024-10-20T19:02:06.054-0300] {processor.py:186} INFO - Started process (PID=299632) to work on /mnt/c/Users/Pato_/OneDrive/Documentos/ITBA/PYTHON_DATA_APP/itba/lib/python3.10/site-packages/airflow/example_dags/example_branch_operator_decorator.py
[2024-10-20T19:02:06.055-0300] {processor.py:914} INFO - Processing file /mnt/c/Users/Pato_/OneDrive/Documentos/ITBA/PYTHON_DATA_APP/itba/lib/python3.10/site-packages/airflow/example_dags/example_branch_operator_decorator.py for tasks to queue
[2024-10-20T19:02:06.057-0300] {logging_mixin.py:190} INFO - [2024-10-20T19:02:06.057-0300] {dagbag.py:588} INFO - Filling up the DagBag from /mnt/c/Users/Pato_/OneDrive/Documentos/ITBA/PYTHON_DATA_APP/itba/lib/python3.10/site-packages/airflow/example_dags/example_branch_operator_decorator.py
[2024-10-20T19:02:06.139-0300] {processor.py:925} INFO - DAG(s) 'example_branch_python_operator_decorator' retrieved from /mnt/c/Users/Pato_/OneDrive/Documentos/ITBA/PYTHON_DATA_APP/itba/lib/python3.10/site-packages/airflow/example_dags/example_branch_operator_decorator.py
[2024-10-20T19:02:07.203-0300] {logging_mixin.py:190} INFO - [2024-10-20T19:02:07.202-0300] {override.py:1907} INFO - Created Permission View: can read on DAG:example_branch_python_operator_decorator
[2024-10-20T19:02:07.377-0300] {logging_mixin.py:190} INFO - [2024-10-20T19:02:07.377-0300] {override.py:1907} INFO - Created Permission View: can delete on DAG:example_branch_python_operator_decorator
[2024-10-20T19:02:07.555-0300] {logging_mixin.py:190} INFO - [2024-10-20T19:02:07.555-0300] {override.py:1907} INFO - Created Permission View: can edit on DAG:example_branch_python_operator_decorator
[2024-10-20T19:02:07.827-0300] {logging_mixin.py:190} INFO - [2024-10-20T19:02:07.826-0300] {override.py:1907} INFO - Created Permission View: can read on DAG Run:example_branch_python_operator_decorator
[2024-10-20T19:02:07.960-0300] {logging_mixin.py:190} INFO - [2024-10-20T19:02:07.959-0300] {override.py:1907} INFO - Created Permission View: can delete on DAG Run:example_branch_python_operator_decorator
[2024-10-20T19:02:08.092-0300] {logging_mixin.py:190} INFO - [2024-10-20T19:02:08.092-0300] {override.py:1907} INFO - Created Permission View: can create on DAG Run:example_branch_python_operator_decorator
[2024-10-20T19:02:08.191-0300] {logging_mixin.py:190} INFO - [2024-10-20T19:02:08.190-0300] {override.py:1907} INFO - Created Permission View: menu access on DAG Run:example_branch_python_operator_decorator
[2024-10-20T19:02:08.192-0300] {logging_mixin.py:190} INFO - [2024-10-20T19:02:08.192-0300] {dag.py:3239} INFO - Sync 1 DAGs
[2024-10-20T19:02:08.204-0300] {logging_mixin.py:190} INFO - [2024-10-20T19:02:08.203-0300] {dag.py:3262} INFO - Creating ORM DAG for example_branch_python_operator_decorator
[2024-10-20T19:02:08.211-0300] {logging_mixin.py:190} INFO - [2024-10-20T19:02:08.211-0300] {dag.py:4180} INFO - Setting next_dagrun for example_branch_python_operator_decorator to 2024-10-19 00:00:00+00:00, run_after=2024-10-20 00:00:00+00:00
[2024-10-20T19:02:08.243-0300] {processor.py:208} INFO - Processing /mnt/c/Users/Pato_/OneDrive/Documentos/ITBA/PYTHON_DATA_APP/itba/lib/python3.10/site-packages/airflow/example_dags/example_branch_operator_decorator.py took 2.196 seconds
[2024-10-20T19:03:41.675-0300] {processor.py:186} INFO - Started process (PID=300379) to work on /mnt/c/Users/Pato_/OneDrive/Documentos/ITBA/PYTHON_DATA_APP/itba/lib/python3.10/site-packages/airflow/example_dags/example_branch_operator_decorator.py
[2024-10-20T19:03:41.676-0300] {processor.py:914} INFO - Processing file /mnt/c/Users/Pato_/OneDrive/Documentos/ITBA/PYTHON_DATA_APP/itba/lib/python3.10/site-packages/airflow/example_dags/example_branch_operator_decorator.py for tasks to queue
[2024-10-20T19:03:41.678-0300] {logging_mixin.py:190} INFO - [2024-10-20T19:03:41.678-0300] {dagbag.py:588} INFO - Filling up the DagBag from /mnt/c/Users/Pato_/OneDrive/Documentos/ITBA/PYTHON_DATA_APP/itba/lib/python3.10/site-packages/airflow/example_dags/example_branch_operator_decorator.py
[2024-10-20T19:03:41.736-0300] {processor.py:925} INFO - DAG(s) 'example_branch_python_operator_decorator' retrieved from /mnt/c/Users/Pato_/OneDrive/Documentos/ITBA/PYTHON_DATA_APP/itba/lib/python3.10/site-packages/airflow/example_dags/example_branch_operator_decorator.py
[2024-10-20T19:03:41.756-0300] {logging_mixin.py:190} INFO - [2024-10-20T19:03:41.756-0300] {dag.py:3239} INFO - Sync 1 DAGs
[2024-10-20T19:03:41.770-0300] {logging_mixin.py:190} INFO - [2024-10-20T19:03:41.770-0300] {dag.py:4180} INFO - Setting next_dagrun for example_branch_python_operator_decorator to 2024-10-19 00:00:00+00:00, run_after=2024-10-20 00:00:00+00:00
[2024-10-20T19:03:41.799-0300] {processor.py:208} INFO - Processing /mnt/c/Users/Pato_/OneDrive/Documentos/ITBA/PYTHON_DATA_APP/itba/lib/python3.10/site-packages/airflow/example_dags/example_branch_operator_decorator.py took 0.131 seconds
[2024-10-20T19:04:52.737-0300] {processor.py:186} INFO - Started process (PID=301185) to work on /mnt/c/Users/Pato_/OneDrive/Documentos/ITBA/PYTHON_DATA_APP/itba/lib/python3.10/site-packages/airflow/example_dags/example_branch_operator_decorator.py
[2024-10-20T19:04:52.738-0300] {processor.py:914} INFO - Processing file /mnt/c/Users/Pato_/OneDrive/Documentos/ITBA/PYTHON_DATA_APP/itba/lib/python3.10/site-packages/airflow/example_dags/example_branch_operator_decorator.py for tasks to queue
[2024-10-20T19:04:52.740-0300] {logging_mixin.py:190} INFO - [2024-10-20T19:04:52.739-0300] {dagbag.py:588} INFO - Filling up the DagBag from /mnt/c/Users/Pato_/OneDrive/Documentos/ITBA/PYTHON_DATA_APP/itba/lib/python3.10/site-packages/airflow/example_dags/example_branch_operator_decorator.py
[2024-10-20T19:04:52.798-0300] {processor.py:925} INFO - DAG(s) 'example_branch_python_operator_decorator' retrieved from /mnt/c/Users/Pato_/OneDrive/Documentos/ITBA/PYTHON_DATA_APP/itba/lib/python3.10/site-packages/airflow/example_dags/example_branch_operator_decorator.py
[2024-10-20T19:04:52.818-0300] {logging_mixin.py:190} INFO - [2024-10-20T19:04:52.817-0300] {dag.py:3239} INFO - Sync 1 DAGs
[2024-10-20T19:04:52.832-0300] {logging_mixin.py:190} INFO - [2024-10-20T19:04:52.832-0300] {dag.py:4180} INFO - Setting next_dagrun for example_branch_python_operator_decorator to 2024-10-19 00:00:00+00:00, run_after=2024-10-20 00:00:00+00:00
[2024-10-20T19:04:52.861-0300] {processor.py:208} INFO - Processing /mnt/c/Users/Pato_/OneDrive/Documentos/ITBA/PYTHON_DATA_APP/itba/lib/python3.10/site-packages/airflow/example_dags/example_branch_operator_decorator.py took 0.131 seconds
[2024-10-20T19:07:29.618-0300] {processor.py:186} INFO - Started process (PID=303304) to work on /mnt/c/Users/Pato_/OneDrive/Documentos/ITBA/PYTHON_DATA_APP/itba/lib/python3.10/site-packages/airflow/example_dags/example_branch_operator_decorator.py
[2024-10-20T19:07:29.618-0300] {processor.py:914} INFO - Processing file /mnt/c/Users/Pato_/OneDrive/Documentos/ITBA/PYTHON_DATA_APP/itba/lib/python3.10/site-packages/airflow/example_dags/example_branch_operator_decorator.py for tasks to queue
[2024-10-20T19:07:29.621-0300] {logging_mixin.py:190} INFO - [2024-10-20T19:07:29.620-0300] {dagbag.py:588} INFO - Filling up the DagBag from /mnt/c/Users/Pato_/OneDrive/Documentos/ITBA/PYTHON_DATA_APP/itba/lib/python3.10/site-packages/airflow/example_dags/example_branch_operator_decorator.py
[2024-10-20T19:07:29.677-0300] {processor.py:925} INFO - DAG(s) 'example_branch_python_operator_decorator' retrieved from /mnt/c/Users/Pato_/OneDrive/Documentos/ITBA/PYTHON_DATA_APP/itba/lib/python3.10/site-packages/airflow/example_dags/example_branch_operator_decorator.py
[2024-10-20T19:07:29.697-0300] {logging_mixin.py:190} INFO - [2024-10-20T19:07:29.696-0300] {dag.py:3239} INFO - Sync 1 DAGs
[2024-10-20T19:07:29.711-0300] {logging_mixin.py:190} INFO - [2024-10-20T19:07:29.710-0300] {dag.py:4180} INFO - Setting next_dagrun for example_branch_python_operator_decorator to 2024-10-19 00:00:00+00:00, run_after=2024-10-20 00:00:00+00:00
[2024-10-20T19:07:29.739-0300] {processor.py:208} INFO - Processing /mnt/c/Users/Pato_/OneDrive/Documentos/ITBA/PYTHON_DATA_APP/itba/lib/python3.10/site-packages/airflow/example_dags/example_branch_operator_decorator.py took 0.128 seconds
[2024-10-20T19:08:56.173-0300] {processor.py:186} INFO - Started process (PID=304011) to work on /mnt/c/Users/Pato_/OneDrive/Documentos/ITBA/PYTHON_DATA_APP/itba/lib/python3.10/site-packages/airflow/example_dags/example_branch_operator_decorator.py
[2024-10-20T19:08:56.174-0300] {processor.py:914} INFO - Processing file /mnt/c/Users/Pato_/OneDrive/Documentos/ITBA/PYTHON_DATA_APP/itba/lib/python3.10/site-packages/airflow/example_dags/example_branch_operator_decorator.py for tasks to queue
[2024-10-20T19:08:56.176-0300] {logging_mixin.py:190} INFO - [2024-10-20T19:08:56.175-0300] {dagbag.py:588} INFO - Filling up the DagBag from /mnt/c/Users/Pato_/OneDrive/Documentos/ITBA/PYTHON_DATA_APP/itba/lib/python3.10/site-packages/airflow/example_dags/example_branch_operator_decorator.py
[2024-10-20T19:08:56.232-0300] {processor.py:925} INFO - DAG(s) 'example_branch_python_operator_decorator' retrieved from /mnt/c/Users/Pato_/OneDrive/Documentos/ITBA/PYTHON_DATA_APP/itba/lib/python3.10/site-packages/airflow/example_dags/example_branch_operator_decorator.py
[2024-10-20T19:08:56.252-0300] {logging_mixin.py:190} INFO - [2024-10-20T19:08:56.251-0300] {dag.py:3239} INFO - Sync 1 DAGs
[2024-10-20T19:08:56.266-0300] {logging_mixin.py:190} INFO - [2024-10-20T19:08:56.265-0300] {dag.py:4180} INFO - Setting next_dagrun for example_branch_python_operator_decorator to 2024-10-19 00:00:00+00:00, run_after=2024-10-20 00:00:00+00:00
[2024-10-20T19:08:56.295-0300] {processor.py:208} INFO - Processing /mnt/c/Users/Pato_/OneDrive/Documentos/ITBA/PYTHON_DATA_APP/itba/lib/python3.10/site-packages/airflow/example_dags/example_branch_operator_decorator.py took 0.129 seconds
[2024-10-20T19:10:00.140-0300] {processor.py:186} INFO - Started process (PID=304598) to work on /mnt/c/Users/Pato_/OneDrive/Documentos/ITBA/PYTHON_DATA_APP/itba/lib/python3.10/site-packages/airflow/example_dags/example_branch_operator_decorator.py
[2024-10-20T19:10:00.141-0300] {processor.py:914} INFO - Processing file /mnt/c/Users/Pato_/OneDrive/Documentos/ITBA/PYTHON_DATA_APP/itba/lib/python3.10/site-packages/airflow/example_dags/example_branch_operator_decorator.py for tasks to queue
[2024-10-20T19:10:00.143-0300] {logging_mixin.py:190} INFO - [2024-10-20T19:10:00.143-0300] {dagbag.py:588} INFO - Filling up the DagBag from /mnt/c/Users/Pato_/OneDrive/Documentos/ITBA/PYTHON_DATA_APP/itba/lib/python3.10/site-packages/airflow/example_dags/example_branch_operator_decorator.py
[2024-10-20T19:10:00.201-0300] {processor.py:925} INFO - DAG(s) 'example_branch_python_operator_decorator' retrieved from /mnt/c/Users/Pato_/OneDrive/Documentos/ITBA/PYTHON_DATA_APP/itba/lib/python3.10/site-packages/airflow/example_dags/example_branch_operator_decorator.py
[2024-10-20T19:10:00.221-0300] {logging_mixin.py:190} INFO - [2024-10-20T19:10:00.220-0300] {dag.py:3239} INFO - Sync 1 DAGs
[2024-10-20T19:10:00.235-0300] {logging_mixin.py:190} INFO - [2024-10-20T19:10:00.235-0300] {dag.py:4180} INFO - Setting next_dagrun for example_branch_python_operator_decorator to 2024-10-19 00:00:00+00:00, run_after=2024-10-20 00:00:00+00:00
[2024-10-20T19:10:00.263-0300] {processor.py:208} INFO - Processing /mnt/c/Users/Pato_/OneDrive/Documentos/ITBA/PYTHON_DATA_APP/itba/lib/python3.10/site-packages/airflow/example_dags/example_branch_operator_decorator.py took 0.129 seconds
[2024-10-20T19:11:08.339-0300] {processor.py:186} INFO - Started process (PID=305134) to work on /mnt/c/Users/Pato_/OneDrive/Documentos/ITBA/PYTHON_DATA_APP/itba/lib/python3.10/site-packages/airflow/example_dags/example_branch_operator_decorator.py
[2024-10-20T19:11:08.340-0300] {processor.py:914} INFO - Processing file /mnt/c/Users/Pato_/OneDrive/Documentos/ITBA/PYTHON_DATA_APP/itba/lib/python3.10/site-packages/airflow/example_dags/example_branch_operator_decorator.py for tasks to queue
[2024-10-20T19:11:08.342-0300] {logging_mixin.py:190} INFO - [2024-10-20T19:11:08.342-0300] {dagbag.py:588} INFO - Filling up the DagBag from /mnt/c/Users/Pato_/OneDrive/Documentos/ITBA/PYTHON_DATA_APP/itba/lib/python3.10/site-packages/airflow/example_dags/example_branch_operator_decorator.py
[2024-10-20T19:11:08.396-0300] {processor.py:925} INFO - DAG(s) 'example_branch_python_operator_decorator' retrieved from /mnt/c/Users/Pato_/OneDrive/Documentos/ITBA/PYTHON_DATA_APP/itba/lib/python3.10/site-packages/airflow/example_dags/example_branch_operator_decorator.py
[2024-10-20T19:11:08.415-0300] {logging_mixin.py:190} INFO - [2024-10-20T19:11:08.415-0300] {dag.py:3239} INFO - Sync 1 DAGs
[2024-10-20T19:11:08.429-0300] {logging_mixin.py:190} INFO - [2024-10-20T19:11:08.429-0300] {dag.py:4180} INFO - Setting next_dagrun for example_branch_python_operator_decorator to 2024-10-19 00:00:00+00:00, run_after=2024-10-20 00:00:00+00:00
[2024-10-20T19:11:08.458-0300] {processor.py:208} INFO - Processing /mnt/c/Users/Pato_/OneDrive/Documentos/ITBA/PYTHON_DATA_APP/itba/lib/python3.10/site-packages/airflow/example_dags/example_branch_operator_decorator.py took 0.126 seconds
[2024-10-20T19:12:16.918-0300] {processor.py:186} INFO - Started process (PID=305671) to work on /mnt/c/Users/Pato_/OneDrive/Documentos/ITBA/PYTHON_DATA_APP/itba/lib/python3.10/site-packages/airflow/example_dags/example_branch_operator_decorator.py
[2024-10-20T19:12:16.919-0300] {processor.py:914} INFO - Processing file /mnt/c/Users/Pato_/OneDrive/Documentos/ITBA/PYTHON_DATA_APP/itba/lib/python3.10/site-packages/airflow/example_dags/example_branch_operator_decorator.py for tasks to queue
[2024-10-20T19:12:16.921-0300] {logging_mixin.py:190} INFO - [2024-10-20T19:12:16.920-0300] {dagbag.py:588} INFO - Filling up the DagBag from /mnt/c/Users/Pato_/OneDrive/Documentos/ITBA/PYTHON_DATA_APP/itba/lib/python3.10/site-packages/airflow/example_dags/example_branch_operator_decorator.py
[2024-10-20T19:12:16.975-0300] {processor.py:925} INFO - DAG(s) 'example_branch_python_operator_decorator' retrieved from /mnt/c/Users/Pato_/OneDrive/Documentos/ITBA/PYTHON_DATA_APP/itba/lib/python3.10/site-packages/airflow/example_dags/example_branch_operator_decorator.py
[2024-10-20T19:12:16.994-0300] {logging_mixin.py:190} INFO - [2024-10-20T19:12:16.994-0300] {dag.py:3239} INFO - Sync 1 DAGs
[2024-10-20T19:12:17.009-0300] {logging_mixin.py:190} INFO - [2024-10-20T19:12:17.008-0300] {dag.py:4180} INFO - Setting next_dagrun for example_branch_python_operator_decorator to 2024-10-19 00:00:00+00:00, run_after=2024-10-20 00:00:00+00:00
[2024-10-20T19:12:17.037-0300] {processor.py:208} INFO - Processing /mnt/c/Users/Pato_/OneDrive/Documentos/ITBA/PYTHON_DATA_APP/itba/lib/python3.10/site-packages/airflow/example_dags/example_branch_operator_decorator.py took 0.125 seconds
[2024-10-20T19:13:21.925-0300] {processor.py:186} INFO - Started process (PID=306180) to work on /mnt/c/Users/Pato_/OneDrive/Documentos/ITBA/PYTHON_DATA_APP/itba/lib/python3.10/site-packages/airflow/example_dags/example_branch_operator_decorator.py
[2024-10-20T19:13:21.926-0300] {processor.py:914} INFO - Processing file /mnt/c/Users/Pato_/OneDrive/Documentos/ITBA/PYTHON_DATA_APP/itba/lib/python3.10/site-packages/airflow/example_dags/example_branch_operator_decorator.py for tasks to queue
[2024-10-20T19:13:21.928-0300] {logging_mixin.py:190} INFO - [2024-10-20T19:13:21.927-0300] {dagbag.py:588} INFO - Filling up the DagBag from /mnt/c/Users/Pato_/OneDrive/Documentos/ITBA/PYTHON_DATA_APP/itba/lib/python3.10/site-packages/airflow/example_dags/example_branch_operator_decorator.py
[2024-10-20T19:13:21.982-0300] {processor.py:925} INFO - DAG(s) 'example_branch_python_operator_decorator' retrieved from /mnt/c/Users/Pato_/OneDrive/Documentos/ITBA/PYTHON_DATA_APP/itba/lib/python3.10/site-packages/airflow/example_dags/example_branch_operator_decorator.py
[2024-10-20T19:13:22.001-0300] {logging_mixin.py:190} INFO - [2024-10-20T19:13:22.000-0300] {dag.py:3239} INFO - Sync 1 DAGs
[2024-10-20T19:13:22.015-0300] {logging_mixin.py:190} INFO - [2024-10-20T19:13:22.014-0300] {dag.py:4180} INFO - Setting next_dagrun for example_branch_python_operator_decorator to 2024-10-19 00:00:00+00:00, run_after=2024-10-20 00:00:00+00:00
[2024-10-20T19:13:22.045-0300] {processor.py:208} INFO - Processing /mnt/c/Users/Pato_/OneDrive/Documentos/ITBA/PYTHON_DATA_APP/itba/lib/python3.10/site-packages/airflow/example_dags/example_branch_operator_decorator.py took 0.126 seconds
[2024-10-20T19:14:28.691-0300] {processor.py:186} INFO - Started process (PID=306695) to work on /mnt/c/Users/Pato_/OneDrive/Documentos/ITBA/PYTHON_DATA_APP/itba/lib/python3.10/site-packages/airflow/example_dags/example_branch_operator_decorator.py
[2024-10-20T19:14:28.692-0300] {processor.py:914} INFO - Processing file /mnt/c/Users/Pato_/OneDrive/Documentos/ITBA/PYTHON_DATA_APP/itba/lib/python3.10/site-packages/airflow/example_dags/example_branch_operator_decorator.py for tasks to queue
[2024-10-20T19:14:28.694-0300] {logging_mixin.py:190} INFO - [2024-10-20T19:14:28.693-0300] {dagbag.py:588} INFO - Filling up the DagBag from /mnt/c/Users/Pato_/OneDrive/Documentos/ITBA/PYTHON_DATA_APP/itba/lib/python3.10/site-packages/airflow/example_dags/example_branch_operator_decorator.py
[2024-10-20T19:14:28.748-0300] {processor.py:925} INFO - DAG(s) 'example_branch_python_operator_decorator' retrieved from /mnt/c/Users/Pato_/OneDrive/Documentos/ITBA/PYTHON_DATA_APP/itba/lib/python3.10/site-packages/airflow/example_dags/example_branch_operator_decorator.py
[2024-10-20T19:14:28.767-0300] {logging_mixin.py:190} INFO - [2024-10-20T19:14:28.767-0300] {dag.py:3239} INFO - Sync 1 DAGs
[2024-10-20T19:14:28.782-0300] {logging_mixin.py:190} INFO - [2024-10-20T19:14:28.781-0300] {dag.py:4180} INFO - Setting next_dagrun for example_branch_python_operator_decorator to 2024-10-19 00:00:00+00:00, run_after=2024-10-20 00:00:00+00:00
[2024-10-20T19:14:28.811-0300] {processor.py:208} INFO - Processing /mnt/c/Users/Pato_/OneDrive/Documentos/ITBA/PYTHON_DATA_APP/itba/lib/python3.10/site-packages/airflow/example_dags/example_branch_operator_decorator.py took 0.127 seconds
[2024-10-20T19:15:38.058-0300] {processor.py:186} INFO - Started process (PID=307269) to work on /mnt/c/Users/Pato_/OneDrive/Documentos/ITBA/PYTHON_DATA_APP/itba/lib/python3.10/site-packages/airflow/example_dags/example_branch_operator_decorator.py
[2024-10-20T19:15:38.059-0300] {processor.py:914} INFO - Processing file /mnt/c/Users/Pato_/OneDrive/Documentos/ITBA/PYTHON_DATA_APP/itba/lib/python3.10/site-packages/airflow/example_dags/example_branch_operator_decorator.py for tasks to queue
[2024-10-20T19:15:38.061-0300] {logging_mixin.py:190} INFO - [2024-10-20T19:15:38.061-0300] {dagbag.py:588} INFO - Filling up the DagBag from /mnt/c/Users/Pato_/OneDrive/Documentos/ITBA/PYTHON_DATA_APP/itba/lib/python3.10/site-packages/airflow/example_dags/example_branch_operator_decorator.py
[2024-10-20T19:15:38.115-0300] {processor.py:925} INFO - DAG(s) 'example_branch_python_operator_decorator' retrieved from /mnt/c/Users/Pato_/OneDrive/Documentos/ITBA/PYTHON_DATA_APP/itba/lib/python3.10/site-packages/airflow/example_dags/example_branch_operator_decorator.py
[2024-10-20T19:15:38.135-0300] {logging_mixin.py:190} INFO - [2024-10-20T19:15:38.134-0300] {dag.py:3239} INFO - Sync 1 DAGs
[2024-10-20T19:15:38.149-0300] {logging_mixin.py:190} INFO - [2024-10-20T19:15:38.148-0300] {dag.py:4180} INFO - Setting next_dagrun for example_branch_python_operator_decorator to 2024-10-19 00:00:00+00:00, run_after=2024-10-20 00:00:00+00:00
[2024-10-20T19:15:38.179-0300] {processor.py:208} INFO - Processing /mnt/c/Users/Pato_/OneDrive/Documentos/ITBA/PYTHON_DATA_APP/itba/lib/python3.10/site-packages/airflow/example_dags/example_branch_operator_decorator.py took 0.127 seconds
[2024-10-20T19:16:45.822-0300] {processor.py:186} INFO - Started process (PID=307796) to work on /mnt/c/Users/Pato_/OneDrive/Documentos/ITBA/PYTHON_DATA_APP/itba/lib/python3.10/site-packages/airflow/example_dags/example_branch_operator_decorator.py
[2024-10-20T19:16:45.823-0300] {processor.py:914} INFO - Processing file /mnt/c/Users/Pato_/OneDrive/Documentos/ITBA/PYTHON_DATA_APP/itba/lib/python3.10/site-packages/airflow/example_dags/example_branch_operator_decorator.py for tasks to queue
[2024-10-20T19:16:45.825-0300] {logging_mixin.py:190} INFO - [2024-10-20T19:16:45.824-0300] {dagbag.py:588} INFO - Filling up the DagBag from /mnt/c/Users/Pato_/OneDrive/Documentos/ITBA/PYTHON_DATA_APP/itba/lib/python3.10/site-packages/airflow/example_dags/example_branch_operator_decorator.py
[2024-10-20T19:16:45.881-0300] {processor.py:925} INFO - DAG(s) 'example_branch_python_operator_decorator' retrieved from /mnt/c/Users/Pato_/OneDrive/Documentos/ITBA/PYTHON_DATA_APP/itba/lib/python3.10/site-packages/airflow/example_dags/example_branch_operator_decorator.py
[2024-10-20T19:16:45.900-0300] {logging_mixin.py:190} INFO - [2024-10-20T19:16:45.899-0300] {dag.py:3239} INFO - Sync 1 DAGs
[2024-10-20T19:16:45.914-0300] {logging_mixin.py:190} INFO - [2024-10-20T19:16:45.913-0300] {dag.py:4180} INFO - Setting next_dagrun for example_branch_python_operator_decorator to 2024-10-19 00:00:00+00:00, run_after=2024-10-20 00:00:00+00:00
[2024-10-20T19:16:45.943-0300] {processor.py:208} INFO - Processing /mnt/c/Users/Pato_/OneDrive/Documentos/ITBA/PYTHON_DATA_APP/itba/lib/python3.10/site-packages/airflow/example_dags/example_branch_operator_decorator.py took 0.128 seconds
[2024-10-20T19:18:01.804-0300] {processor.py:186} INFO - Started process (PID=308385) to work on /mnt/c/Users/Pato_/OneDrive/Documentos/ITBA/PYTHON_DATA_APP/itba/lib/python3.10/site-packages/airflow/example_dags/example_branch_operator_decorator.py
[2024-10-20T19:18:01.805-0300] {processor.py:914} INFO - Processing file /mnt/c/Users/Pato_/OneDrive/Documentos/ITBA/PYTHON_DATA_APP/itba/lib/python3.10/site-packages/airflow/example_dags/example_branch_operator_decorator.py for tasks to queue
[2024-10-20T19:18:01.807-0300] {logging_mixin.py:190} INFO - [2024-10-20T19:18:01.806-0300] {dagbag.py:588} INFO - Filling up the DagBag from /mnt/c/Users/Pato_/OneDrive/Documentos/ITBA/PYTHON_DATA_APP/itba/lib/python3.10/site-packages/airflow/example_dags/example_branch_operator_decorator.py
[2024-10-20T19:18:01.863-0300] {processor.py:925} INFO - DAG(s) 'example_branch_python_operator_decorator' retrieved from /mnt/c/Users/Pato_/OneDrive/Documentos/ITBA/PYTHON_DATA_APP/itba/lib/python3.10/site-packages/airflow/example_dags/example_branch_operator_decorator.py
[2024-10-20T19:18:01.882-0300] {logging_mixin.py:190} INFO - [2024-10-20T19:18:01.881-0300] {dag.py:3239} INFO - Sync 1 DAGs
[2024-10-20T19:18:01.896-0300] {logging_mixin.py:190} INFO - [2024-10-20T19:18:01.895-0300] {dag.py:4180} INFO - Setting next_dagrun for example_branch_python_operator_decorator to 2024-10-19 00:00:00+00:00, run_after=2024-10-20 00:00:00+00:00
[2024-10-20T19:18:01.925-0300] {processor.py:208} INFO - Processing /mnt/c/Users/Pato_/OneDrive/Documentos/ITBA/PYTHON_DATA_APP/itba/lib/python3.10/site-packages/airflow/example_dags/example_branch_operator_decorator.py took 0.127 seconds
[2024-10-20T19:19:12.986-0300] {processor.py:186} INFO - Started process (PID=308938) to work on /mnt/c/Users/Pato_/OneDrive/Documentos/ITBA/PYTHON_DATA_APP/itba/lib/python3.10/site-packages/airflow/example_dags/example_branch_operator_decorator.py
[2024-10-20T19:19:12.987-0300] {processor.py:914} INFO - Processing file /mnt/c/Users/Pato_/OneDrive/Documentos/ITBA/PYTHON_DATA_APP/itba/lib/python3.10/site-packages/airflow/example_dags/example_branch_operator_decorator.py for tasks to queue
[2024-10-20T19:19:12.989-0300] {logging_mixin.py:190} INFO - [2024-10-20T19:19:12.988-0300] {dagbag.py:588} INFO - Filling up the DagBag from /mnt/c/Users/Pato_/OneDrive/Documentos/ITBA/PYTHON_DATA_APP/itba/lib/python3.10/site-packages/airflow/example_dags/example_branch_operator_decorator.py
[2024-10-20T19:19:13.046-0300] {processor.py:925} INFO - DAG(s) 'example_branch_python_operator_decorator' retrieved from /mnt/c/Users/Pato_/OneDrive/Documentos/ITBA/PYTHON_DATA_APP/itba/lib/python3.10/site-packages/airflow/example_dags/example_branch_operator_decorator.py
[2024-10-20T19:19:13.066-0300] {logging_mixin.py:190} INFO - [2024-10-20T19:19:13.065-0300] {dag.py:3239} INFO - Sync 1 DAGs
[2024-10-20T19:19:13.081-0300] {logging_mixin.py:190} INFO - [2024-10-20T19:19:13.080-0300] {dag.py:4180} INFO - Setting next_dagrun for example_branch_python_operator_decorator to 2024-10-19 00:00:00+00:00, run_after=2024-10-20 00:00:00+00:00
[2024-10-20T19:19:13.108-0300] {processor.py:208} INFO - Processing /mnt/c/Users/Pato_/OneDrive/Documentos/ITBA/PYTHON_DATA_APP/itba/lib/python3.10/site-packages/airflow/example_dags/example_branch_operator_decorator.py took 0.128 seconds
[2024-10-20T19:20:22.550-0300] {processor.py:186} INFO - Started process (PID=309515) to work on /mnt/c/Users/Pato_/OneDrive/Documentos/ITBA/PYTHON_DATA_APP/itba/lib/python3.10/site-packages/airflow/example_dags/example_branch_operator_decorator.py
[2024-10-20T19:20:22.551-0300] {processor.py:914} INFO - Processing file /mnt/c/Users/Pato_/OneDrive/Documentos/ITBA/PYTHON_DATA_APP/itba/lib/python3.10/site-packages/airflow/example_dags/example_branch_operator_decorator.py for tasks to queue
[2024-10-20T19:20:22.553-0300] {logging_mixin.py:190} INFO - [2024-10-20T19:20:22.552-0300] {dagbag.py:588} INFO - Filling up the DagBag from /mnt/c/Users/Pato_/OneDrive/Documentos/ITBA/PYTHON_DATA_APP/itba/lib/python3.10/site-packages/airflow/example_dags/example_branch_operator_decorator.py
[2024-10-20T19:20:22.609-0300] {processor.py:925} INFO - DAG(s) 'example_branch_python_operator_decorator' retrieved from /mnt/c/Users/Pato_/OneDrive/Documentos/ITBA/PYTHON_DATA_APP/itba/lib/python3.10/site-packages/airflow/example_dags/example_branch_operator_decorator.py
[2024-10-20T19:20:22.628-0300] {logging_mixin.py:190} INFO - [2024-10-20T19:20:22.628-0300] {dag.py:3239} INFO - Sync 1 DAGs
[2024-10-20T19:20:22.643-0300] {logging_mixin.py:190} INFO - [2024-10-20T19:20:22.642-0300] {dag.py:4180} INFO - Setting next_dagrun for example_branch_python_operator_decorator to 2024-10-19 00:00:00+00:00, run_after=2024-10-20 00:00:00+00:00
[2024-10-20T19:20:22.672-0300] {processor.py:208} INFO - Processing /mnt/c/Users/Pato_/OneDrive/Documentos/ITBA/PYTHON_DATA_APP/itba/lib/python3.10/site-packages/airflow/example_dags/example_branch_operator_decorator.py took 0.130 seconds
[2024-10-20T19:21:33.247-0300] {processor.py:186} INFO - Started process (PID=310133) to work on /mnt/c/Users/Pato_/OneDrive/Documentos/ITBA/PYTHON_DATA_APP/itba/lib/python3.10/site-packages/airflow/example_dags/example_branch_operator_decorator.py
[2024-10-20T19:21:33.248-0300] {processor.py:914} INFO - Processing file /mnt/c/Users/Pato_/OneDrive/Documentos/ITBA/PYTHON_DATA_APP/itba/lib/python3.10/site-packages/airflow/example_dags/example_branch_operator_decorator.py for tasks to queue
[2024-10-20T19:21:33.250-0300] {logging_mixin.py:190} INFO - [2024-10-20T19:21:33.249-0300] {dagbag.py:588} INFO - Filling up the DagBag from /mnt/c/Users/Pato_/OneDrive/Documentos/ITBA/PYTHON_DATA_APP/itba/lib/python3.10/site-packages/airflow/example_dags/example_branch_operator_decorator.py
[2024-10-20T19:21:33.306-0300] {processor.py:925} INFO - DAG(s) 'example_branch_python_operator_decorator' retrieved from /mnt/c/Users/Pato_/OneDrive/Documentos/ITBA/PYTHON_DATA_APP/itba/lib/python3.10/site-packages/airflow/example_dags/example_branch_operator_decorator.py
[2024-10-20T19:21:33.325-0300] {logging_mixin.py:190} INFO - [2024-10-20T19:21:33.324-0300] {dag.py:3239} INFO - Sync 1 DAGs
[2024-10-20T19:21:33.339-0300] {logging_mixin.py:190} INFO - [2024-10-20T19:21:33.339-0300] {dag.py:4180} INFO - Setting next_dagrun for example_branch_python_operator_decorator to 2024-10-19 00:00:00+00:00, run_after=2024-10-20 00:00:00+00:00
[2024-10-20T19:21:33.367-0300] {processor.py:208} INFO - Processing /mnt/c/Users/Pato_/OneDrive/Documentos/ITBA/PYTHON_DATA_APP/itba/lib/python3.10/site-packages/airflow/example_dags/example_branch_operator_decorator.py took 0.127 seconds
[2024-10-20T19:22:38.875-0300] {processor.py:186} INFO - Started process (PID=310735) to work on /mnt/c/Users/Pato_/OneDrive/Documentos/ITBA/PYTHON_DATA_APP/itba/lib/python3.10/site-packages/airflow/example_dags/example_branch_operator_decorator.py
[2024-10-20T19:22:38.876-0300] {processor.py:914} INFO - Processing file /mnt/c/Users/Pato_/OneDrive/Documentos/ITBA/PYTHON_DATA_APP/itba/lib/python3.10/site-packages/airflow/example_dags/example_branch_operator_decorator.py for tasks to queue
[2024-10-20T19:22:38.878-0300] {logging_mixin.py:190} INFO - [2024-10-20T19:22:38.877-0300] {dagbag.py:588} INFO - Filling up the DagBag from /mnt/c/Users/Pato_/OneDrive/Documentos/ITBA/PYTHON_DATA_APP/itba/lib/python3.10/site-packages/airflow/example_dags/example_branch_operator_decorator.py
[2024-10-20T19:22:38.932-0300] {processor.py:925} INFO - DAG(s) 'example_branch_python_operator_decorator' retrieved from /mnt/c/Users/Pato_/OneDrive/Documentos/ITBA/PYTHON_DATA_APP/itba/lib/python3.10/site-packages/airflow/example_dags/example_branch_operator_decorator.py
[2024-10-20T19:22:38.951-0300] {logging_mixin.py:190} INFO - [2024-10-20T19:22:38.951-0300] {dag.py:3239} INFO - Sync 1 DAGs
[2024-10-20T19:22:38.966-0300] {logging_mixin.py:190} INFO - [2024-10-20T19:22:38.965-0300] {dag.py:4180} INFO - Setting next_dagrun for example_branch_python_operator_decorator to 2024-10-19 00:00:00+00:00, run_after=2024-10-20 00:00:00+00:00
[2024-10-20T19:22:38.994-0300] {processor.py:208} INFO - Processing /mnt/c/Users/Pato_/OneDrive/Documentos/ITBA/PYTHON_DATA_APP/itba/lib/python3.10/site-packages/airflow/example_dags/example_branch_operator_decorator.py took 0.126 seconds
[2024-10-20T19:24:09.530-0300] {processor.py:186} INFO - Started process (PID=311943) to work on /mnt/c/Users/Pato_/OneDrive/Documentos/ITBA/PYTHON_DATA_APP/itba/lib/python3.10/site-packages/airflow/example_dags/example_branch_operator_decorator.py
[2024-10-20T19:24:09.531-0300] {processor.py:914} INFO - Processing file /mnt/c/Users/Pato_/OneDrive/Documentos/ITBA/PYTHON_DATA_APP/itba/lib/python3.10/site-packages/airflow/example_dags/example_branch_operator_decorator.py for tasks to queue
[2024-10-20T19:24:09.533-0300] {logging_mixin.py:190} INFO - [2024-10-20T19:24:09.533-0300] {dagbag.py:588} INFO - Filling up the DagBag from /mnt/c/Users/Pato_/OneDrive/Documentos/ITBA/PYTHON_DATA_APP/itba/lib/python3.10/site-packages/airflow/example_dags/example_branch_operator_decorator.py
[2024-10-20T19:24:09.591-0300] {processor.py:925} INFO - DAG(s) 'example_branch_python_operator_decorator' retrieved from /mnt/c/Users/Pato_/OneDrive/Documentos/ITBA/PYTHON_DATA_APP/itba/lib/python3.10/site-packages/airflow/example_dags/example_branch_operator_decorator.py
[2024-10-20T19:24:09.611-0300] {logging_mixin.py:190} INFO - [2024-10-20T19:24:09.611-0300] {dag.py:3239} INFO - Sync 1 DAGs
[2024-10-20T19:24:09.626-0300] {logging_mixin.py:190} INFO - [2024-10-20T19:24:09.625-0300] {dag.py:4180} INFO - Setting next_dagrun for example_branch_python_operator_decorator to 2024-10-19 00:00:00+00:00, run_after=2024-10-20 00:00:00+00:00
[2024-10-20T19:24:09.655-0300] {processor.py:208} INFO - Processing /mnt/c/Users/Pato_/OneDrive/Documentos/ITBA/PYTHON_DATA_APP/itba/lib/python3.10/site-packages/airflow/example_dags/example_branch_operator_decorator.py took 0.131 seconds
[2024-10-20T19:26:54.165-0300] {processor.py:186} INFO - Started process (PID=313928) to work on /mnt/c/Users/Pato_/OneDrive/Documentos/ITBA/PYTHON_DATA_APP/itba/lib/python3.10/site-packages/airflow/example_dags/example_branch_operator_decorator.py
[2024-10-20T19:26:54.166-0300] {processor.py:914} INFO - Processing file /mnt/c/Users/Pato_/OneDrive/Documentos/ITBA/PYTHON_DATA_APP/itba/lib/python3.10/site-packages/airflow/example_dags/example_branch_operator_decorator.py for tasks to queue
[2024-10-20T19:26:54.168-0300] {logging_mixin.py:190} INFO - [2024-10-20T19:26:54.167-0300] {dagbag.py:588} INFO - Filling up the DagBag from /mnt/c/Users/Pato_/OneDrive/Documentos/ITBA/PYTHON_DATA_APP/itba/lib/python3.10/site-packages/airflow/example_dags/example_branch_operator_decorator.py
[2024-10-20T19:26:54.225-0300] {processor.py:925} INFO - DAG(s) 'example_branch_python_operator_decorator' retrieved from /mnt/c/Users/Pato_/OneDrive/Documentos/ITBA/PYTHON_DATA_APP/itba/lib/python3.10/site-packages/airflow/example_dags/example_branch_operator_decorator.py
[2024-10-20T19:26:54.244-0300] {logging_mixin.py:190} INFO - [2024-10-20T19:26:54.244-0300] {dag.py:3239} INFO - Sync 1 DAGs
[2024-10-20T19:26:54.259-0300] {logging_mixin.py:190} INFO - [2024-10-20T19:26:54.258-0300] {dag.py:4180} INFO - Setting next_dagrun for example_branch_python_operator_decorator to 2024-10-19 00:00:00+00:00, run_after=2024-10-20 00:00:00+00:00
[2024-10-20T19:26:54.289-0300] {processor.py:208} INFO - Processing /mnt/c/Users/Pato_/OneDrive/Documentos/ITBA/PYTHON_DATA_APP/itba/lib/python3.10/site-packages/airflow/example_dags/example_branch_operator_decorator.py took 0.131 seconds
[2024-10-20T19:28:05.653-0300] {processor.py:186} INFO - Started process (PID=314904) to work on /mnt/c/Users/Pato_/OneDrive/Documentos/ITBA/PYTHON_DATA_APP/itba/lib/python3.10/site-packages/airflow/example_dags/example_branch_operator_decorator.py
[2024-10-20T19:28:05.654-0300] {processor.py:914} INFO - Processing file /mnt/c/Users/Pato_/OneDrive/Documentos/ITBA/PYTHON_DATA_APP/itba/lib/python3.10/site-packages/airflow/example_dags/example_branch_operator_decorator.py for tasks to queue
[2024-10-20T19:28:05.656-0300] {logging_mixin.py:190} INFO - [2024-10-20T19:28:05.656-0300] {dagbag.py:588} INFO - Filling up the DagBag from /mnt/c/Users/Pato_/OneDrive/Documentos/ITBA/PYTHON_DATA_APP/itba/lib/python3.10/site-packages/airflow/example_dags/example_branch_operator_decorator.py
[2024-10-20T19:28:05.712-0300] {processor.py:925} INFO - DAG(s) 'example_branch_python_operator_decorator' retrieved from /mnt/c/Users/Pato_/OneDrive/Documentos/ITBA/PYTHON_DATA_APP/itba/lib/python3.10/site-packages/airflow/example_dags/example_branch_operator_decorator.py
[2024-10-20T19:28:05.731-0300] {logging_mixin.py:190} INFO - [2024-10-20T19:28:05.730-0300] {dag.py:3239} INFO - Sync 1 DAGs
[2024-10-20T19:28:05.745-0300] {logging_mixin.py:190} INFO - [2024-10-20T19:28:05.745-0300] {dag.py:4180} INFO - Setting next_dagrun for example_branch_python_operator_decorator to 2024-10-19 00:00:00+00:00, run_after=2024-10-20 00:00:00+00:00
[2024-10-20T19:28:05.773-0300] {processor.py:208} INFO - Processing /mnt/c/Users/Pato_/OneDrive/Documentos/ITBA/PYTHON_DATA_APP/itba/lib/python3.10/site-packages/airflow/example_dags/example_branch_operator_decorator.py took 0.127 seconds
[2024-10-20T19:29:11.233-0300] {processor.py:186} INFO - Started process (PID=315551) to work on /mnt/c/Users/Pato_/OneDrive/Documentos/ITBA/PYTHON_DATA_APP/itba/lib/python3.10/site-packages/airflow/example_dags/example_branch_operator_decorator.py
[2024-10-20T19:29:11.234-0300] {processor.py:914} INFO - Processing file /mnt/c/Users/Pato_/OneDrive/Documentos/ITBA/PYTHON_DATA_APP/itba/lib/python3.10/site-packages/airflow/example_dags/example_branch_operator_decorator.py for tasks to queue
[2024-10-20T19:29:11.236-0300] {logging_mixin.py:190} INFO - [2024-10-20T19:29:11.235-0300] {dagbag.py:588} INFO - Filling up the DagBag from /mnt/c/Users/Pato_/OneDrive/Documentos/ITBA/PYTHON_DATA_APP/itba/lib/python3.10/site-packages/airflow/example_dags/example_branch_operator_decorator.py
[2024-10-20T19:29:11.291-0300] {processor.py:925} INFO - DAG(s) 'example_branch_python_operator_decorator' retrieved from /mnt/c/Users/Pato_/OneDrive/Documentos/ITBA/PYTHON_DATA_APP/itba/lib/python3.10/site-packages/airflow/example_dags/example_branch_operator_decorator.py
[2024-10-20T19:29:11.310-0300] {logging_mixin.py:190} INFO - [2024-10-20T19:29:11.309-0300] {dag.py:3239} INFO - Sync 1 DAGs
[2024-10-20T19:29:11.324-0300] {logging_mixin.py:190} INFO - [2024-10-20T19:29:11.324-0300] {dag.py:4180} INFO - Setting next_dagrun for example_branch_python_operator_decorator to 2024-10-19 00:00:00+00:00, run_after=2024-10-20 00:00:00+00:00
[2024-10-20T19:29:11.353-0300] {processor.py:208} INFO - Processing /mnt/c/Users/Pato_/OneDrive/Documentos/ITBA/PYTHON_DATA_APP/itba/lib/python3.10/site-packages/airflow/example_dags/example_branch_operator_decorator.py took 0.127 seconds
[2024-10-20T19:30:24.206-0300] {processor.py:186} INFO - Started process (PID=316306) to work on /mnt/c/Users/Pato_/OneDrive/Documentos/ITBA/PYTHON_DATA_APP/itba/lib/python3.10/site-packages/airflow/example_dags/example_branch_operator_decorator.py
[2024-10-20T19:30:24.207-0300] {processor.py:914} INFO - Processing file /mnt/c/Users/Pato_/OneDrive/Documentos/ITBA/PYTHON_DATA_APP/itba/lib/python3.10/site-packages/airflow/example_dags/example_branch_operator_decorator.py for tasks to queue
[2024-10-20T19:30:24.209-0300] {logging_mixin.py:190} INFO - [2024-10-20T19:30:24.208-0300] {dagbag.py:588} INFO - Filling up the DagBag from /mnt/c/Users/Pato_/OneDrive/Documentos/ITBA/PYTHON_DATA_APP/itba/lib/python3.10/site-packages/airflow/example_dags/example_branch_operator_decorator.py
[2024-10-20T19:30:24.263-0300] {processor.py:925} INFO - DAG(s) 'example_branch_python_operator_decorator' retrieved from /mnt/c/Users/Pato_/OneDrive/Documentos/ITBA/PYTHON_DATA_APP/itba/lib/python3.10/site-packages/airflow/example_dags/example_branch_operator_decorator.py
[2024-10-20T19:30:24.282-0300] {logging_mixin.py:190} INFO - [2024-10-20T19:30:24.282-0300] {dag.py:3239} INFO - Sync 1 DAGs
[2024-10-20T19:30:24.297-0300] {logging_mixin.py:190} INFO - [2024-10-20T19:30:24.296-0300] {dag.py:4180} INFO - Setting next_dagrun for example_branch_python_operator_decorator to 2024-10-19 00:00:00+00:00, run_after=2024-10-20 00:00:00+00:00
[2024-10-20T19:30:24.326-0300] {processor.py:208} INFO - Processing /mnt/c/Users/Pato_/OneDrive/Documentos/ITBA/PYTHON_DATA_APP/itba/lib/python3.10/site-packages/airflow/example_dags/example_branch_operator_decorator.py took 0.127 seconds
[2024-10-20T19:31:29.674-0300] {processor.py:186} INFO - Started process (PID=316817) to work on /mnt/c/Users/Pato_/OneDrive/Documentos/ITBA/PYTHON_DATA_APP/itba/lib/python3.10/site-packages/airflow/example_dags/example_branch_operator_decorator.py
[2024-10-20T19:31:29.675-0300] {processor.py:914} INFO - Processing file /mnt/c/Users/Pato_/OneDrive/Documentos/ITBA/PYTHON_DATA_APP/itba/lib/python3.10/site-packages/airflow/example_dags/example_branch_operator_decorator.py for tasks to queue
[2024-10-20T19:31:29.677-0300] {logging_mixin.py:190} INFO - [2024-10-20T19:31:29.676-0300] {dagbag.py:588} INFO - Filling up the DagBag from /mnt/c/Users/Pato_/OneDrive/Documentos/ITBA/PYTHON_DATA_APP/itba/lib/python3.10/site-packages/airflow/example_dags/example_branch_operator_decorator.py
[2024-10-20T19:31:29.733-0300] {processor.py:925} INFO - DAG(s) 'example_branch_python_operator_decorator' retrieved from /mnt/c/Users/Pato_/OneDrive/Documentos/ITBA/PYTHON_DATA_APP/itba/lib/python3.10/site-packages/airflow/example_dags/example_branch_operator_decorator.py
[2024-10-20T19:31:29.756-0300] {logging_mixin.py:190} INFO - [2024-10-20T19:31:29.755-0300] {dag.py:3239} INFO - Sync 1 DAGs
[2024-10-20T19:31:29.772-0300] {logging_mixin.py:190} INFO - [2024-10-20T19:31:29.771-0300] {dag.py:4180} INFO - Setting next_dagrun for example_branch_python_operator_decorator to 2024-10-19 00:00:00+00:00, run_after=2024-10-20 00:00:00+00:00
[2024-10-20T19:31:29.801-0300] {processor.py:208} INFO - Processing /mnt/c/Users/Pato_/OneDrive/Documentos/ITBA/PYTHON_DATA_APP/itba/lib/python3.10/site-packages/airflow/example_dags/example_branch_operator_decorator.py took 0.134 seconds
[2024-10-20T19:32:37.997-0300] {processor.py:186} INFO - Started process (PID=317353) to work on /mnt/c/Users/Pato_/OneDrive/Documentos/ITBA/PYTHON_DATA_APP/itba/lib/python3.10/site-packages/airflow/example_dags/example_branch_operator_decorator.py
[2024-10-20T19:32:37.998-0300] {processor.py:914} INFO - Processing file /mnt/c/Users/Pato_/OneDrive/Documentos/ITBA/PYTHON_DATA_APP/itba/lib/python3.10/site-packages/airflow/example_dags/example_branch_operator_decorator.py for tasks to queue
[2024-10-20T19:32:38.000-0300] {logging_mixin.py:190} INFO - [2024-10-20T19:32:37.999-0300] {dagbag.py:588} INFO - Filling up the DagBag from /mnt/c/Users/Pato_/OneDrive/Documentos/ITBA/PYTHON_DATA_APP/itba/lib/python3.10/site-packages/airflow/example_dags/example_branch_operator_decorator.py
[2024-10-20T19:32:38.055-0300] {processor.py:925} INFO - DAG(s) 'example_branch_python_operator_decorator' retrieved from /mnt/c/Users/Pato_/OneDrive/Documentos/ITBA/PYTHON_DATA_APP/itba/lib/python3.10/site-packages/airflow/example_dags/example_branch_operator_decorator.py
[2024-10-20T19:32:38.074-0300] {logging_mixin.py:190} INFO - [2024-10-20T19:32:38.074-0300] {dag.py:3239} INFO - Sync 1 DAGs
[2024-10-20T19:32:38.089-0300] {logging_mixin.py:190} INFO - [2024-10-20T19:32:38.088-0300] {dag.py:4180} INFO - Setting next_dagrun for example_branch_python_operator_decorator to 2024-10-19 00:00:00+00:00, run_after=2024-10-20 00:00:00+00:00
[2024-10-20T19:32:38.117-0300] {processor.py:208} INFO - Processing /mnt/c/Users/Pato_/OneDrive/Documentos/ITBA/PYTHON_DATA_APP/itba/lib/python3.10/site-packages/airflow/example_dags/example_branch_operator_decorator.py took 0.127 seconds
[2024-10-20T19:33:44.986-0300] {processor.py:186} INFO - Started process (PID=318013) to work on /mnt/c/Users/Pato_/OneDrive/Documentos/ITBA/PYTHON_DATA_APP/itba/lib/python3.10/site-packages/airflow/example_dags/example_branch_operator_decorator.py
[2024-10-20T19:33:44.987-0300] {processor.py:914} INFO - Processing file /mnt/c/Users/Pato_/OneDrive/Documentos/ITBA/PYTHON_DATA_APP/itba/lib/python3.10/site-packages/airflow/example_dags/example_branch_operator_decorator.py for tasks to queue
[2024-10-20T19:33:44.989-0300] {logging_mixin.py:190} INFO - [2024-10-20T19:33:44.988-0300] {dagbag.py:588} INFO - Filling up the DagBag from /mnt/c/Users/Pato_/OneDrive/Documentos/ITBA/PYTHON_DATA_APP/itba/lib/python3.10/site-packages/airflow/example_dags/example_branch_operator_decorator.py
[2024-10-20T19:33:45.044-0300] {processor.py:925} INFO - DAG(s) 'example_branch_python_operator_decorator' retrieved from /mnt/c/Users/Pato_/OneDrive/Documentos/ITBA/PYTHON_DATA_APP/itba/lib/python3.10/site-packages/airflow/example_dags/example_branch_operator_decorator.py
[2024-10-20T19:33:45.064-0300] {logging_mixin.py:190} INFO - [2024-10-20T19:33:45.064-0300] {dag.py:3239} INFO - Sync 1 DAGs
[2024-10-20T19:33:45.078-0300] {logging_mixin.py:190} INFO - [2024-10-20T19:33:45.078-0300] {dag.py:4180} INFO - Setting next_dagrun for example_branch_python_operator_decorator to 2024-10-19 00:00:00+00:00, run_after=2024-10-20 00:00:00+00:00
[2024-10-20T19:33:45.107-0300] {processor.py:208} INFO - Processing /mnt/c/Users/Pato_/OneDrive/Documentos/ITBA/PYTHON_DATA_APP/itba/lib/python3.10/site-packages/airflow/example_dags/example_branch_operator_decorator.py took 0.128 seconds
[2024-10-20T19:34:53.899-0300] {processor.py:186} INFO - Started process (PID=318749) to work on /mnt/c/Users/Pato_/OneDrive/Documentos/ITBA/PYTHON_DATA_APP/itba/lib/python3.10/site-packages/airflow/example_dags/example_branch_operator_decorator.py
[2024-10-20T19:34:53.900-0300] {processor.py:914} INFO - Processing file /mnt/c/Users/Pato_/OneDrive/Documentos/ITBA/PYTHON_DATA_APP/itba/lib/python3.10/site-packages/airflow/example_dags/example_branch_operator_decorator.py for tasks to queue
[2024-10-20T19:34:53.902-0300] {logging_mixin.py:190} INFO - [2024-10-20T19:34:53.902-0300] {dagbag.py:588} INFO - Filling up the DagBag from /mnt/c/Users/Pato_/OneDrive/Documentos/ITBA/PYTHON_DATA_APP/itba/lib/python3.10/site-packages/airflow/example_dags/example_branch_operator_decorator.py
[2024-10-20T19:34:53.959-0300] {processor.py:925} INFO - DAG(s) 'example_branch_python_operator_decorator' retrieved from /mnt/c/Users/Pato_/OneDrive/Documentos/ITBA/PYTHON_DATA_APP/itba/lib/python3.10/site-packages/airflow/example_dags/example_branch_operator_decorator.py
[2024-10-20T19:34:53.979-0300] {logging_mixin.py:190} INFO - [2024-10-20T19:34:53.978-0300] {dag.py:3239} INFO - Sync 1 DAGs
[2024-10-20T19:34:53.994-0300] {logging_mixin.py:190} INFO - [2024-10-20T19:34:53.993-0300] {dag.py:4180} INFO - Setting next_dagrun for example_branch_python_operator_decorator to 2024-10-19 00:00:00+00:00, run_after=2024-10-20 00:00:00+00:00
[2024-10-20T19:34:54.023-0300] {processor.py:208} INFO - Processing /mnt/c/Users/Pato_/OneDrive/Documentos/ITBA/PYTHON_DATA_APP/itba/lib/python3.10/site-packages/airflow/example_dags/example_branch_operator_decorator.py took 0.130 seconds
[2024-10-20T19:36:02.080-0300] {processor.py:186} INFO - Started process (PID=319370) to work on /mnt/c/Users/Pato_/OneDrive/Documentos/ITBA/PYTHON_DATA_APP/itba/lib/python3.10/site-packages/airflow/example_dags/example_branch_operator_decorator.py
[2024-10-20T19:36:02.081-0300] {processor.py:914} INFO - Processing file /mnt/c/Users/Pato_/OneDrive/Documentos/ITBA/PYTHON_DATA_APP/itba/lib/python3.10/site-packages/airflow/example_dags/example_branch_operator_decorator.py for tasks to queue
[2024-10-20T19:36:02.083-0300] {logging_mixin.py:190} INFO - [2024-10-20T19:36:02.083-0300] {dagbag.py:588} INFO - Filling up the DagBag from /mnt/c/Users/Pato_/OneDrive/Documentos/ITBA/PYTHON_DATA_APP/itba/lib/python3.10/site-packages/airflow/example_dags/example_branch_operator_decorator.py
[2024-10-20T19:36:02.137-0300] {processor.py:925} INFO - DAG(s) 'example_branch_python_operator_decorator' retrieved from /mnt/c/Users/Pato_/OneDrive/Documentos/ITBA/PYTHON_DATA_APP/itba/lib/python3.10/site-packages/airflow/example_dags/example_branch_operator_decorator.py
[2024-10-20T19:36:02.155-0300] {logging_mixin.py:190} INFO - [2024-10-20T19:36:02.155-0300] {dag.py:3239} INFO - Sync 1 DAGs
[2024-10-20T19:36:02.169-0300] {logging_mixin.py:190} INFO - [2024-10-20T19:36:02.169-0300] {dag.py:4180} INFO - Setting next_dagrun for example_branch_python_operator_decorator to 2024-10-19 00:00:00+00:00, run_after=2024-10-20 00:00:00+00:00
[2024-10-20T19:36:02.197-0300] {processor.py:208} INFO - Processing /mnt/c/Users/Pato_/OneDrive/Documentos/ITBA/PYTHON_DATA_APP/itba/lib/python3.10/site-packages/airflow/example_dags/example_branch_operator_decorator.py took 0.123 seconds
[2024-10-20T19:37:11.436-0300] {processor.py:186} INFO - Started process (PID=319910) to work on /mnt/c/Users/Pato_/OneDrive/Documentos/ITBA/PYTHON_DATA_APP/itba/lib/python3.10/site-packages/airflow/example_dags/example_branch_operator_decorator.py
[2024-10-20T19:37:11.437-0300] {processor.py:914} INFO - Processing file /mnt/c/Users/Pato_/OneDrive/Documentos/ITBA/PYTHON_DATA_APP/itba/lib/python3.10/site-packages/airflow/example_dags/example_branch_operator_decorator.py for tasks to queue
[2024-10-20T19:37:11.439-0300] {logging_mixin.py:190} INFO - [2024-10-20T19:37:11.439-0300] {dagbag.py:588} INFO - Filling up the DagBag from /mnt/c/Users/Pato_/OneDrive/Documentos/ITBA/PYTHON_DATA_APP/itba/lib/python3.10/site-packages/airflow/example_dags/example_branch_operator_decorator.py
[2024-10-20T19:37:11.493-0300] {processor.py:925} INFO - DAG(s) 'example_branch_python_operator_decorator' retrieved from /mnt/c/Users/Pato_/OneDrive/Documentos/ITBA/PYTHON_DATA_APP/itba/lib/python3.10/site-packages/airflow/example_dags/example_branch_operator_decorator.py
[2024-10-20T19:37:11.512-0300] {logging_mixin.py:190} INFO - [2024-10-20T19:37:11.512-0300] {dag.py:3239} INFO - Sync 1 DAGs
[2024-10-20T19:37:11.527-0300] {logging_mixin.py:190} INFO - [2024-10-20T19:37:11.526-0300] {dag.py:4180} INFO - Setting next_dagrun for example_branch_python_operator_decorator to 2024-10-19 00:00:00+00:00, run_after=2024-10-20 00:00:00+00:00
[2024-10-20T19:37:11.556-0300] {processor.py:208} INFO - Processing /mnt/c/Users/Pato_/OneDrive/Documentos/ITBA/PYTHON_DATA_APP/itba/lib/python3.10/site-packages/airflow/example_dags/example_branch_operator_decorator.py took 0.127 seconds
[2024-10-20T19:38:18.106-0300] {processor.py:186} INFO - Started process (PID=320432) to work on /mnt/c/Users/Pato_/OneDrive/Documentos/ITBA/PYTHON_DATA_APP/itba/lib/python3.10/site-packages/airflow/example_dags/example_branch_operator_decorator.py
[2024-10-20T19:38:18.107-0300] {processor.py:914} INFO - Processing file /mnt/c/Users/Pato_/OneDrive/Documentos/ITBA/PYTHON_DATA_APP/itba/lib/python3.10/site-packages/airflow/example_dags/example_branch_operator_decorator.py for tasks to queue
[2024-10-20T19:38:18.109-0300] {logging_mixin.py:190} INFO - [2024-10-20T19:38:18.108-0300] {dagbag.py:588} INFO - Filling up the DagBag from /mnt/c/Users/Pato_/OneDrive/Documentos/ITBA/PYTHON_DATA_APP/itba/lib/python3.10/site-packages/airflow/example_dags/example_branch_operator_decorator.py
[2024-10-20T19:38:18.164-0300] {processor.py:925} INFO - DAG(s) 'example_branch_python_operator_decorator' retrieved from /mnt/c/Users/Pato_/OneDrive/Documentos/ITBA/PYTHON_DATA_APP/itba/lib/python3.10/site-packages/airflow/example_dags/example_branch_operator_decorator.py
[2024-10-20T19:38:18.184-0300] {logging_mixin.py:190} INFO - [2024-10-20T19:38:18.183-0300] {dag.py:3239} INFO - Sync 1 DAGs
[2024-10-20T19:38:18.198-0300] {logging_mixin.py:190} INFO - [2024-10-20T19:38:18.198-0300] {dag.py:4180} INFO - Setting next_dagrun for example_branch_python_operator_decorator to 2024-10-19 00:00:00+00:00, run_after=2024-10-20 00:00:00+00:00
[2024-10-20T19:38:18.226-0300] {processor.py:208} INFO - Processing /mnt/c/Users/Pato_/OneDrive/Documentos/ITBA/PYTHON_DATA_APP/itba/lib/python3.10/site-packages/airflow/example_dags/example_branch_operator_decorator.py took 0.128 seconds
[2024-10-20T19:39:22.256-0300] {processor.py:186} INFO - Started process (PID=320935) to work on /mnt/c/Users/Pato_/OneDrive/Documentos/ITBA/PYTHON_DATA_APP/itba/lib/python3.10/site-packages/airflow/example_dags/example_branch_operator_decorator.py
[2024-10-20T19:39:22.257-0300] {processor.py:914} INFO - Processing file /mnt/c/Users/Pato_/OneDrive/Documentos/ITBA/PYTHON_DATA_APP/itba/lib/python3.10/site-packages/airflow/example_dags/example_branch_operator_decorator.py for tasks to queue
[2024-10-20T19:39:22.259-0300] {logging_mixin.py:190} INFO - [2024-10-20T19:39:22.258-0300] {dagbag.py:588} INFO - Filling up the DagBag from /mnt/c/Users/Pato_/OneDrive/Documentos/ITBA/PYTHON_DATA_APP/itba/lib/python3.10/site-packages/airflow/example_dags/example_branch_operator_decorator.py
[2024-10-20T19:39:22.318-0300] {processor.py:925} INFO - DAG(s) 'example_branch_python_operator_decorator' retrieved from /mnt/c/Users/Pato_/OneDrive/Documentos/ITBA/PYTHON_DATA_APP/itba/lib/python3.10/site-packages/airflow/example_dags/example_branch_operator_decorator.py
[2024-10-20T19:39:22.337-0300] {logging_mixin.py:190} INFO - [2024-10-20T19:39:22.337-0300] {dag.py:3239} INFO - Sync 1 DAGs
[2024-10-20T19:39:22.352-0300] {logging_mixin.py:190} INFO - [2024-10-20T19:39:22.351-0300] {dag.py:4180} INFO - Setting next_dagrun for example_branch_python_operator_decorator to 2024-10-19 00:00:00+00:00, run_after=2024-10-20 00:00:00+00:00
[2024-10-20T19:39:22.382-0300] {processor.py:208} INFO - Processing /mnt/c/Users/Pato_/OneDrive/Documentos/ITBA/PYTHON_DATA_APP/itba/lib/python3.10/site-packages/airflow/example_dags/example_branch_operator_decorator.py took 0.134 seconds
[2024-10-20T19:40:28.912-0300] {processor.py:186} INFO - Started process (PID=321756) to work on /mnt/c/Users/Pato_/OneDrive/Documentos/ITBA/PYTHON_DATA_APP/itba/lib/python3.10/site-packages/airflow/example_dags/example_branch_operator_decorator.py
[2024-10-20T19:40:28.913-0300] {processor.py:914} INFO - Processing file /mnt/c/Users/Pato_/OneDrive/Documentos/ITBA/PYTHON_DATA_APP/itba/lib/python3.10/site-packages/airflow/example_dags/example_branch_operator_decorator.py for tasks to queue
[2024-10-20T19:40:28.915-0300] {logging_mixin.py:190} INFO - [2024-10-20T19:40:28.914-0300] {dagbag.py:588} INFO - Filling up the DagBag from /mnt/c/Users/Pato_/OneDrive/Documentos/ITBA/PYTHON_DATA_APP/itba/lib/python3.10/site-packages/airflow/example_dags/example_branch_operator_decorator.py
[2024-10-20T19:40:28.970-0300] {processor.py:925} INFO - DAG(s) 'example_branch_python_operator_decorator' retrieved from /mnt/c/Users/Pato_/OneDrive/Documentos/ITBA/PYTHON_DATA_APP/itba/lib/python3.10/site-packages/airflow/example_dags/example_branch_operator_decorator.py
[2024-10-20T19:40:28.990-0300] {logging_mixin.py:190} INFO - [2024-10-20T19:40:28.989-0300] {dag.py:3239} INFO - Sync 1 DAGs
[2024-10-20T19:40:29.004-0300] {logging_mixin.py:190} INFO - [2024-10-20T19:40:29.004-0300] {dag.py:4180} INFO - Setting next_dagrun for example_branch_python_operator_decorator to 2024-10-19 00:00:00+00:00, run_after=2024-10-20 00:00:00+00:00
[2024-10-20T19:40:29.034-0300] {processor.py:208} INFO - Processing /mnt/c/Users/Pato_/OneDrive/Documentos/ITBA/PYTHON_DATA_APP/itba/lib/python3.10/site-packages/airflow/example_dags/example_branch_operator_decorator.py took 0.130 seconds
[2024-10-20T19:41:36.006-0300] {processor.py:186} INFO - Started process (PID=322362) to work on /mnt/c/Users/Pato_/OneDrive/Documentos/ITBA/PYTHON_DATA_APP/itba/lib/python3.10/site-packages/airflow/example_dags/example_branch_operator_decorator.py
[2024-10-20T19:41:36.007-0300] {processor.py:914} INFO - Processing file /mnt/c/Users/Pato_/OneDrive/Documentos/ITBA/PYTHON_DATA_APP/itba/lib/python3.10/site-packages/airflow/example_dags/example_branch_operator_decorator.py for tasks to queue
[2024-10-20T19:41:36.009-0300] {logging_mixin.py:190} INFO - [2024-10-20T19:41:36.008-0300] {dagbag.py:588} INFO - Filling up the DagBag from /mnt/c/Users/Pato_/OneDrive/Documentos/ITBA/PYTHON_DATA_APP/itba/lib/python3.10/site-packages/airflow/example_dags/example_branch_operator_decorator.py
[2024-10-20T19:41:36.065-0300] {processor.py:925} INFO - DAG(s) 'example_branch_python_operator_decorator' retrieved from /mnt/c/Users/Pato_/OneDrive/Documentos/ITBA/PYTHON_DATA_APP/itba/lib/python3.10/site-packages/airflow/example_dags/example_branch_operator_decorator.py
[2024-10-20T19:41:36.084-0300] {logging_mixin.py:190} INFO - [2024-10-20T19:41:36.083-0300] {dag.py:3239} INFO - Sync 1 DAGs
[2024-10-20T19:41:36.098-0300] {logging_mixin.py:190} INFO - [2024-10-20T19:41:36.097-0300] {dag.py:4180} INFO - Setting next_dagrun for example_branch_python_operator_decorator to 2024-10-19 00:00:00+00:00, run_after=2024-10-20 00:00:00+00:00
[2024-10-20T19:41:36.126-0300] {processor.py:208} INFO - Processing /mnt/c/Users/Pato_/OneDrive/Documentos/ITBA/PYTHON_DATA_APP/itba/lib/python3.10/site-packages/airflow/example_dags/example_branch_operator_decorator.py took 0.127 seconds
