[2024-10-20T19:00:15.617-0300] {processor.py:186} INFO - Started process (PID=298630) to work on /mnt/c/Users/Pato_/OneDrive/Documentos/ITBA/PYTHON_DATA_APP/itba/lib/python3.10/site-packages/airflow/example_dags/example_trigger_target_dag.py
[2024-10-20T19:00:15.618-0300] {processor.py:914} INFO - Processing file /mnt/c/Users/Pato_/OneDrive/Documentos/ITBA/PYTHON_DATA_APP/itba/lib/python3.10/site-packages/airflow/example_dags/example_trigger_target_dag.py for tasks to queue
[2024-10-20T19:00:15.620-0300] {logging_mixin.py:190} INFO - [2024-10-20T19:00:15.619-0300] {dagbag.py:588} INFO - Filling up the DagBag from /mnt/c/Users/Pato_/OneDrive/Documentos/ITBA/PYTHON_DATA_APP/itba/lib/python3.10/site-packages/airflow/example_dags/example_trigger_target_dag.py
[2024-10-20T19:00:15.658-0300] {processor.py:925} INFO - DAG(s) 'example_trigger_target_dag' retrieved from /mnt/c/Users/Pato_/OneDrive/Documentos/ITBA/PYTHON_DATA_APP/itba/lib/python3.10/site-packages/airflow/example_dags/example_trigger_target_dag.py
[2024-10-20T19:00:16.394-0300] {logging_mixin.py:190} INFO - [2024-10-20T19:00:16.393-0300] {override.py:1907} INFO - Created Permission View: can read on DAG:example_trigger_target_dag
[2024-10-20T19:00:16.414-0300] {logging_mixin.py:190} INFO - [2024-10-20T19:00:16.413-0300] {override.py:1907} INFO - Created Permission View: can delete on DAG:example_trigger_target_dag
[2024-10-20T19:00:16.432-0300] {logging_mixin.py:190} INFO - [2024-10-20T19:00:16.431-0300] {override.py:1907} INFO - Created Permission View: can edit on DAG:example_trigger_target_dag
[2024-10-20T19:00:16.459-0300] {logging_mixin.py:190} INFO - [2024-10-20T19:00:16.459-0300] {override.py:1907} INFO - Created Permission View: can read on DAG Run:example_trigger_target_dag
[2024-10-20T19:00:16.478-0300] {logging_mixin.py:190} INFO - [2024-10-20T19:00:16.477-0300] {override.py:1907} INFO - Created Permission View: can delete on DAG Run:example_trigger_target_dag
[2024-10-20T19:00:16.495-0300] {logging_mixin.py:190} INFO - [2024-10-20T19:00:16.495-0300] {override.py:1907} INFO - Created Permission View: can create on DAG Run:example_trigger_target_dag
[2024-10-20T19:00:16.514-0300] {logging_mixin.py:190} INFO - [2024-10-20T19:00:16.513-0300] {override.py:1907} INFO - Created Permission View: menu access on DAG Run:example_trigger_target_dag
[2024-10-20T19:00:16.515-0300] {logging_mixin.py:190} INFO - [2024-10-20T19:00:16.514-0300] {dag.py:3239} INFO - Sync 1 DAGs
[2024-10-20T19:00:16.525-0300] {logging_mixin.py:190} INFO - [2024-10-20T19:00:16.524-0300] {dag.py:3262} INFO - Creating ORM DAG for example_trigger_target_dag
[2024-10-20T19:00:16.526-0300] {logging_mixin.py:190} INFO - [2024-10-20T19:00:16.526-0300] {dag.py:4180} INFO - Setting next_dagrun for example_trigger_target_dag to None, run_after=None
[2024-10-20T19:00:16.557-0300] {processor.py:208} INFO - Processing /mnt/c/Users/Pato_/OneDrive/Documentos/ITBA/PYTHON_DATA_APP/itba/lib/python3.10/site-packages/airflow/example_dags/example_trigger_target_dag.py took 0.947 seconds
[2024-10-20T19:02:36.316-0300] {processor.py:186} INFO - Started process (PID=299863) to work on /mnt/c/Users/Pato_/OneDrive/Documentos/ITBA/PYTHON_DATA_APP/itba/lib/python3.10/site-packages/airflow/example_dags/example_trigger_target_dag.py
[2024-10-20T19:02:36.317-0300] {processor.py:914} INFO - Processing file /mnt/c/Users/Pato_/OneDrive/Documentos/ITBA/PYTHON_DATA_APP/itba/lib/python3.10/site-packages/airflow/example_dags/example_trigger_target_dag.py for tasks to queue
[2024-10-20T19:02:36.319-0300] {logging_mixin.py:190} INFO - [2024-10-20T19:02:36.318-0300] {dagbag.py:588} INFO - Filling up the DagBag from /mnt/c/Users/Pato_/OneDrive/Documentos/ITBA/PYTHON_DATA_APP/itba/lib/python3.10/site-packages/airflow/example_dags/example_trigger_target_dag.py
[2024-10-20T19:02:36.360-0300] {processor.py:925} INFO - DAG(s) 'example_trigger_target_dag' retrieved from /mnt/c/Users/Pato_/OneDrive/Documentos/ITBA/PYTHON_DATA_APP/itba/lib/python3.10/site-packages/airflow/example_dags/example_trigger_target_dag.py
[2024-10-20T19:02:36.374-0300] {logging_mixin.py:190} INFO - [2024-10-20T19:02:36.374-0300] {dag.py:3239} INFO - Sync 1 DAGs
[2024-10-20T19:02:36.384-0300] {logging_mixin.py:190} INFO - [2024-10-20T19:02:36.383-0300] {dag.py:4180} INFO - Setting next_dagrun for example_trigger_target_dag to None, run_after=None
[2024-10-20T19:02:36.414-0300] {processor.py:208} INFO - Processing /mnt/c/Users/Pato_/OneDrive/Documentos/ITBA/PYTHON_DATA_APP/itba/lib/python3.10/site-packages/airflow/example_dags/example_trigger_target_dag.py took 0.106 seconds
[2024-10-20T19:03:30.130-0300] {processor.py:186} INFO - Started process (PID=300286) to work on /mnt/c/Users/Pato_/OneDrive/Documentos/ITBA/PYTHON_DATA_APP/itba/lib/python3.10/site-packages/airflow/example_dags/example_trigger_target_dag.py
[2024-10-20T19:03:30.131-0300] {processor.py:914} INFO - Processing file /mnt/c/Users/Pato_/OneDrive/Documentos/ITBA/PYTHON_DATA_APP/itba/lib/python3.10/site-packages/airflow/example_dags/example_trigger_target_dag.py for tasks to queue
[2024-10-20T19:03:30.133-0300] {logging_mixin.py:190} INFO - [2024-10-20T19:03:30.133-0300] {dagbag.py:588} INFO - Filling up the DagBag from /mnt/c/Users/Pato_/OneDrive/Documentos/ITBA/PYTHON_DATA_APP/itba/lib/python3.10/site-packages/airflow/example_dags/example_trigger_target_dag.py
[2024-10-20T19:03:30.175-0300] {processor.py:925} INFO - DAG(s) 'example_trigger_target_dag' retrieved from /mnt/c/Users/Pato_/OneDrive/Documentos/ITBA/PYTHON_DATA_APP/itba/lib/python3.10/site-packages/airflow/example_dags/example_trigger_target_dag.py
[2024-10-20T19:03:30.189-0300] {logging_mixin.py:190} INFO - [2024-10-20T19:03:30.189-0300] {dag.py:3239} INFO - Sync 1 DAGs
[2024-10-20T19:03:30.198-0300] {logging_mixin.py:190} INFO - [2024-10-20T19:03:30.197-0300] {dag.py:4180} INFO - Setting next_dagrun for example_trigger_target_dag to None, run_after=None
[2024-10-20T19:03:30.229-0300] {processor.py:208} INFO - Processing /mnt/c/Users/Pato_/OneDrive/Documentos/ITBA/PYTHON_DATA_APP/itba/lib/python3.10/site-packages/airflow/example_dags/example_trigger_target_dag.py took 0.106 seconds
[2024-10-20T19:04:40.860-0300] {processor.py:186} INFO - Started process (PID=301015) to work on /mnt/c/Users/Pato_/OneDrive/Documentos/ITBA/PYTHON_DATA_APP/itba/lib/python3.10/site-packages/airflow/example_dags/example_trigger_target_dag.py
[2024-10-20T19:04:40.861-0300] {processor.py:914} INFO - Processing file /mnt/c/Users/Pato_/OneDrive/Documentos/ITBA/PYTHON_DATA_APP/itba/lib/python3.10/site-packages/airflow/example_dags/example_trigger_target_dag.py for tasks to queue
[2024-10-20T19:04:40.863-0300] {logging_mixin.py:190} INFO - [2024-10-20T19:04:40.862-0300] {dagbag.py:588} INFO - Filling up the DagBag from /mnt/c/Users/Pato_/OneDrive/Documentos/ITBA/PYTHON_DATA_APP/itba/lib/python3.10/site-packages/airflow/example_dags/example_trigger_target_dag.py
[2024-10-20T19:04:40.904-0300] {processor.py:925} INFO - DAG(s) 'example_trigger_target_dag' retrieved from /mnt/c/Users/Pato_/OneDrive/Documentos/ITBA/PYTHON_DATA_APP/itba/lib/python3.10/site-packages/airflow/example_dags/example_trigger_target_dag.py
[2024-10-20T19:04:40.919-0300] {logging_mixin.py:190} INFO - [2024-10-20T19:04:40.919-0300] {dag.py:3239} INFO - Sync 1 DAGs
[2024-10-20T19:04:40.928-0300] {logging_mixin.py:190} INFO - [2024-10-20T19:04:40.927-0300] {dag.py:4180} INFO - Setting next_dagrun for example_trigger_target_dag to None, run_after=None
[2024-10-20T19:04:40.958-0300] {processor.py:208} INFO - Processing /mnt/c/Users/Pato_/OneDrive/Documentos/ITBA/PYTHON_DATA_APP/itba/lib/python3.10/site-packages/airflow/example_dags/example_trigger_target_dag.py took 0.105 seconds
[2024-10-20T19:05:48.320-0300] {processor.py:186} INFO - Started process (PID=301616) to work on /mnt/c/Users/Pato_/OneDrive/Documentos/ITBA/PYTHON_DATA_APP/itba/lib/python3.10/site-packages/airflow/example_dags/example_trigger_target_dag.py
[2024-10-20T19:05:48.321-0300] {processor.py:914} INFO - Processing file /mnt/c/Users/Pato_/OneDrive/Documentos/ITBA/PYTHON_DATA_APP/itba/lib/python3.10/site-packages/airflow/example_dags/example_trigger_target_dag.py for tasks to queue
[2024-10-20T19:05:48.323-0300] {logging_mixin.py:190} INFO - [2024-10-20T19:05:48.323-0300] {dagbag.py:588} INFO - Filling up the DagBag from /mnt/c/Users/Pato_/OneDrive/Documentos/ITBA/PYTHON_DATA_APP/itba/lib/python3.10/site-packages/airflow/example_dags/example_trigger_target_dag.py
[2024-10-20T19:05:48.369-0300] {processor.py:925} INFO - DAG(s) 'example_trigger_target_dag' retrieved from /mnt/c/Users/Pato_/OneDrive/Documentos/ITBA/PYTHON_DATA_APP/itba/lib/python3.10/site-packages/airflow/example_dags/example_trigger_target_dag.py
[2024-10-20T19:05:48.388-0300] {logging_mixin.py:190} INFO - [2024-10-20T19:05:48.387-0300] {dag.py:3239} INFO - Sync 1 DAGs
[2024-10-20T19:05:48.397-0300] {logging_mixin.py:190} INFO - [2024-10-20T19:05:48.396-0300] {dag.py:4180} INFO - Setting next_dagrun for example_trigger_target_dag to None, run_after=None
[2024-10-20T19:05:48.427-0300] {processor.py:208} INFO - Processing /mnt/c/Users/Pato_/OneDrive/Documentos/ITBA/PYTHON_DATA_APP/itba/lib/python3.10/site-packages/airflow/example_dags/example_trigger_target_dag.py took 0.114 seconds
[2024-10-20T19:07:54.023-0300] {processor.py:186} INFO - Started process (PID=303523) to work on /mnt/c/Users/Pato_/OneDrive/Documentos/ITBA/PYTHON_DATA_APP/itba/lib/python3.10/site-packages/airflow/example_dags/example_trigger_target_dag.py
[2024-10-20T19:07:54.024-0300] {processor.py:914} INFO - Processing file /mnt/c/Users/Pato_/OneDrive/Documentos/ITBA/PYTHON_DATA_APP/itba/lib/python3.10/site-packages/airflow/example_dags/example_trigger_target_dag.py for tasks to queue
[2024-10-20T19:07:54.026-0300] {logging_mixin.py:190} INFO - [2024-10-20T19:07:54.025-0300] {dagbag.py:588} INFO - Filling up the DagBag from /mnt/c/Users/Pato_/OneDrive/Documentos/ITBA/PYTHON_DATA_APP/itba/lib/python3.10/site-packages/airflow/example_dags/example_trigger_target_dag.py
[2024-10-20T19:07:54.065-0300] {processor.py:925} INFO - DAG(s) 'example_trigger_target_dag' retrieved from /mnt/c/Users/Pato_/OneDrive/Documentos/ITBA/PYTHON_DATA_APP/itba/lib/python3.10/site-packages/airflow/example_dags/example_trigger_target_dag.py
[2024-10-20T19:07:54.079-0300] {logging_mixin.py:190} INFO - [2024-10-20T19:07:54.079-0300] {dag.py:3239} INFO - Sync 1 DAGs
[2024-10-20T19:07:54.088-0300] {logging_mixin.py:190} INFO - [2024-10-20T19:07:54.087-0300] {dag.py:4180} INFO - Setting next_dagrun for example_trigger_target_dag to None, run_after=None
[2024-10-20T19:07:54.117-0300] {processor.py:208} INFO - Processing /mnt/c/Users/Pato_/OneDrive/Documentos/ITBA/PYTHON_DATA_APP/itba/lib/python3.10/site-packages/airflow/example_dags/example_trigger_target_dag.py took 0.101 seconds
[2024-10-20T19:08:45.542-0300] {processor.py:186} INFO - Started process (PID=303923) to work on /mnt/c/Users/Pato_/OneDrive/Documentos/ITBA/PYTHON_DATA_APP/itba/lib/python3.10/site-packages/airflow/example_dags/example_trigger_target_dag.py
[2024-10-20T19:08:45.543-0300] {processor.py:914} INFO - Processing file /mnt/c/Users/Pato_/OneDrive/Documentos/ITBA/PYTHON_DATA_APP/itba/lib/python3.10/site-packages/airflow/example_dags/example_trigger_target_dag.py for tasks to queue
[2024-10-20T19:08:45.545-0300] {logging_mixin.py:190} INFO - [2024-10-20T19:08:45.544-0300] {dagbag.py:588} INFO - Filling up the DagBag from /mnt/c/Users/Pato_/OneDrive/Documentos/ITBA/PYTHON_DATA_APP/itba/lib/python3.10/site-packages/airflow/example_dags/example_trigger_target_dag.py
[2024-10-20T19:08:45.586-0300] {processor.py:925} INFO - DAG(s) 'example_trigger_target_dag' retrieved from /mnt/c/Users/Pato_/OneDrive/Documentos/ITBA/PYTHON_DATA_APP/itba/lib/python3.10/site-packages/airflow/example_dags/example_trigger_target_dag.py
[2024-10-20T19:08:45.600-0300] {logging_mixin.py:190} INFO - [2024-10-20T19:08:45.599-0300] {dag.py:3239} INFO - Sync 1 DAGs
[2024-10-20T19:08:45.609-0300] {logging_mixin.py:190} INFO - [2024-10-20T19:08:45.608-0300] {dag.py:4180} INFO - Setting next_dagrun for example_trigger_target_dag to None, run_after=None
[2024-10-20T19:08:45.637-0300] {processor.py:208} INFO - Processing /mnt/c/Users/Pato_/OneDrive/Documentos/ITBA/PYTHON_DATA_APP/itba/lib/python3.10/site-packages/airflow/example_dags/example_trigger_target_dag.py took 0.102 seconds
[2024-10-20T19:09:48.603-0300] {processor.py:186} INFO - Started process (PID=304486) to work on /mnt/c/Users/Pato_/OneDrive/Documentos/ITBA/PYTHON_DATA_APP/itba/lib/python3.10/site-packages/airflow/example_dags/example_trigger_target_dag.py
[2024-10-20T19:09:48.604-0300] {processor.py:914} INFO - Processing file /mnt/c/Users/Pato_/OneDrive/Documentos/ITBA/PYTHON_DATA_APP/itba/lib/python3.10/site-packages/airflow/example_dags/example_trigger_target_dag.py for tasks to queue
[2024-10-20T19:09:48.606-0300] {logging_mixin.py:190} INFO - [2024-10-20T19:09:48.606-0300] {dagbag.py:588} INFO - Filling up the DagBag from /mnt/c/Users/Pato_/OneDrive/Documentos/ITBA/PYTHON_DATA_APP/itba/lib/python3.10/site-packages/airflow/example_dags/example_trigger_target_dag.py
[2024-10-20T19:09:48.646-0300] {processor.py:925} INFO - DAG(s) 'example_trigger_target_dag' retrieved from /mnt/c/Users/Pato_/OneDrive/Documentos/ITBA/PYTHON_DATA_APP/itba/lib/python3.10/site-packages/airflow/example_dags/example_trigger_target_dag.py
[2024-10-20T19:09:48.660-0300] {logging_mixin.py:190} INFO - [2024-10-20T19:09:48.659-0300] {dag.py:3239} INFO - Sync 1 DAGs
[2024-10-20T19:09:48.669-0300] {logging_mixin.py:190} INFO - [2024-10-20T19:09:48.668-0300] {dag.py:4180} INFO - Setting next_dagrun for example_trigger_target_dag to None, run_after=None
[2024-10-20T19:09:48.699-0300] {processor.py:208} INFO - Processing /mnt/c/Users/Pato_/OneDrive/Documentos/ITBA/PYTHON_DATA_APP/itba/lib/python3.10/site-packages/airflow/example_dags/example_trigger_target_dag.py took 0.103 seconds
[2024-10-20T19:10:56.702-0300] {processor.py:186} INFO - Started process (PID=305042) to work on /mnt/c/Users/Pato_/OneDrive/Documentos/ITBA/PYTHON_DATA_APP/itba/lib/python3.10/site-packages/airflow/example_dags/example_trigger_target_dag.py
[2024-10-20T19:10:56.703-0300] {processor.py:914} INFO - Processing file /mnt/c/Users/Pato_/OneDrive/Documentos/ITBA/PYTHON_DATA_APP/itba/lib/python3.10/site-packages/airflow/example_dags/example_trigger_target_dag.py for tasks to queue
[2024-10-20T19:10:56.706-0300] {logging_mixin.py:190} INFO - [2024-10-20T19:10:56.705-0300] {dagbag.py:588} INFO - Filling up the DagBag from /mnt/c/Users/Pato_/OneDrive/Documentos/ITBA/PYTHON_DATA_APP/itba/lib/python3.10/site-packages/airflow/example_dags/example_trigger_target_dag.py
[2024-10-20T19:10:56.743-0300] {processor.py:925} INFO - DAG(s) 'example_trigger_target_dag' retrieved from /mnt/c/Users/Pato_/OneDrive/Documentos/ITBA/PYTHON_DATA_APP/itba/lib/python3.10/site-packages/airflow/example_dags/example_trigger_target_dag.py
[2024-10-20T19:10:56.757-0300] {logging_mixin.py:190} INFO - [2024-10-20T19:10:56.756-0300] {dag.py:3239} INFO - Sync 1 DAGs
[2024-10-20T19:10:56.765-0300] {logging_mixin.py:190} INFO - [2024-10-20T19:10:56.765-0300] {dag.py:4180} INFO - Setting next_dagrun for example_trigger_target_dag to None, run_after=None
[2024-10-20T19:10:56.793-0300] {processor.py:208} INFO - Processing /mnt/c/Users/Pato_/OneDrive/Documentos/ITBA/PYTHON_DATA_APP/itba/lib/python3.10/site-packages/airflow/example_dags/example_trigger_target_dag.py took 0.098 seconds
[2024-10-20T19:12:05.292-0300] {processor.py:186} INFO - Started process (PID=305579) to work on /mnt/c/Users/Pato_/OneDrive/Documentos/ITBA/PYTHON_DATA_APP/itba/lib/python3.10/site-packages/airflow/example_dags/example_trigger_target_dag.py
[2024-10-20T19:12:05.293-0300] {processor.py:914} INFO - Processing file /mnt/c/Users/Pato_/OneDrive/Documentos/ITBA/PYTHON_DATA_APP/itba/lib/python3.10/site-packages/airflow/example_dags/example_trigger_target_dag.py for tasks to queue
[2024-10-20T19:12:05.296-0300] {logging_mixin.py:190} INFO - [2024-10-20T19:12:05.295-0300] {dagbag.py:588} INFO - Filling up the DagBag from /mnt/c/Users/Pato_/OneDrive/Documentos/ITBA/PYTHON_DATA_APP/itba/lib/python3.10/site-packages/airflow/example_dags/example_trigger_target_dag.py
[2024-10-20T19:12:05.335-0300] {processor.py:925} INFO - DAG(s) 'example_trigger_target_dag' retrieved from /mnt/c/Users/Pato_/OneDrive/Documentos/ITBA/PYTHON_DATA_APP/itba/lib/python3.10/site-packages/airflow/example_dags/example_trigger_target_dag.py
[2024-10-20T19:12:05.349-0300] {logging_mixin.py:190} INFO - [2024-10-20T19:12:05.348-0300] {dag.py:3239} INFO - Sync 1 DAGs
[2024-10-20T19:12:05.357-0300] {logging_mixin.py:190} INFO - [2024-10-20T19:12:05.357-0300] {dag.py:4180} INFO - Setting next_dagrun for example_trigger_target_dag to None, run_after=None
[2024-10-20T19:12:05.387-0300] {processor.py:208} INFO - Processing /mnt/c/Users/Pato_/OneDrive/Documentos/ITBA/PYTHON_DATA_APP/itba/lib/python3.10/site-packages/airflow/example_dags/example_trigger_target_dag.py took 0.101 seconds
[2024-10-20T19:13:11.553-0300] {processor.py:186} INFO - Started process (PID=306093) to work on /mnt/c/Users/Pato_/OneDrive/Documentos/ITBA/PYTHON_DATA_APP/itba/lib/python3.10/site-packages/airflow/example_dags/example_trigger_target_dag.py
[2024-10-20T19:13:11.554-0300] {processor.py:914} INFO - Processing file /mnt/c/Users/Pato_/OneDrive/Documentos/ITBA/PYTHON_DATA_APP/itba/lib/python3.10/site-packages/airflow/example_dags/example_trigger_target_dag.py for tasks to queue
[2024-10-20T19:13:11.556-0300] {logging_mixin.py:190} INFO - [2024-10-20T19:13:11.555-0300] {dagbag.py:588} INFO - Filling up the DagBag from /mnt/c/Users/Pato_/OneDrive/Documentos/ITBA/PYTHON_DATA_APP/itba/lib/python3.10/site-packages/airflow/example_dags/example_trigger_target_dag.py
[2024-10-20T19:13:11.595-0300] {processor.py:925} INFO - DAG(s) 'example_trigger_target_dag' retrieved from /mnt/c/Users/Pato_/OneDrive/Documentos/ITBA/PYTHON_DATA_APP/itba/lib/python3.10/site-packages/airflow/example_dags/example_trigger_target_dag.py
[2024-10-20T19:13:11.610-0300] {logging_mixin.py:190} INFO - [2024-10-20T19:13:11.610-0300] {dag.py:3239} INFO - Sync 1 DAGs
[2024-10-20T19:13:11.620-0300] {logging_mixin.py:190} INFO - [2024-10-20T19:13:11.619-0300] {dag.py:4180} INFO - Setting next_dagrun for example_trigger_target_dag to None, run_after=None
[2024-10-20T19:13:11.650-0300] {processor.py:208} INFO - Processing /mnt/c/Users/Pato_/OneDrive/Documentos/ITBA/PYTHON_DATA_APP/itba/lib/python3.10/site-packages/airflow/example_dags/example_trigger_target_dag.py took 0.104 seconds
[2024-10-20T19:14:15.980-0300] {processor.py:186} INFO - Started process (PID=306598) to work on /mnt/c/Users/Pato_/OneDrive/Documentos/ITBA/PYTHON_DATA_APP/itba/lib/python3.10/site-packages/airflow/example_dags/example_trigger_target_dag.py
[2024-10-20T19:14:15.981-0300] {processor.py:914} INFO - Processing file /mnt/c/Users/Pato_/OneDrive/Documentos/ITBA/PYTHON_DATA_APP/itba/lib/python3.10/site-packages/airflow/example_dags/example_trigger_target_dag.py for tasks to queue
[2024-10-20T19:14:15.983-0300] {logging_mixin.py:190} INFO - [2024-10-20T19:14:15.983-0300] {dagbag.py:588} INFO - Filling up the DagBag from /mnt/c/Users/Pato_/OneDrive/Documentos/ITBA/PYTHON_DATA_APP/itba/lib/python3.10/site-packages/airflow/example_dags/example_trigger_target_dag.py
[2024-10-20T19:14:16.022-0300] {processor.py:925} INFO - DAG(s) 'example_trigger_target_dag' retrieved from /mnt/c/Users/Pato_/OneDrive/Documentos/ITBA/PYTHON_DATA_APP/itba/lib/python3.10/site-packages/airflow/example_dags/example_trigger_target_dag.py
[2024-10-20T19:14:16.036-0300] {logging_mixin.py:190} INFO - [2024-10-20T19:14:16.036-0300] {dag.py:3239} INFO - Sync 1 DAGs
[2024-10-20T19:14:16.045-0300] {logging_mixin.py:190} INFO - [2024-10-20T19:14:16.044-0300] {dag.py:4180} INFO - Setting next_dagrun for example_trigger_target_dag to None, run_after=None
[2024-10-20T19:14:16.074-0300] {processor.py:208} INFO - Processing /mnt/c/Users/Pato_/OneDrive/Documentos/ITBA/PYTHON_DATA_APP/itba/lib/python3.10/site-packages/airflow/example_dags/example_trigger_target_dag.py took 0.101 seconds
[2024-10-20T19:15:26.575-0300] {processor.py:186} INFO - Started process (PID=307177) to work on /mnt/c/Users/Pato_/OneDrive/Documentos/ITBA/PYTHON_DATA_APP/itba/lib/python3.10/site-packages/airflow/example_dags/example_trigger_target_dag.py
[2024-10-20T19:15:26.576-0300] {processor.py:914} INFO - Processing file /mnt/c/Users/Pato_/OneDrive/Documentos/ITBA/PYTHON_DATA_APP/itba/lib/python3.10/site-packages/airflow/example_dags/example_trigger_target_dag.py for tasks to queue
[2024-10-20T19:15:26.578-0300] {logging_mixin.py:190} INFO - [2024-10-20T19:15:26.577-0300] {dagbag.py:588} INFO - Filling up the DagBag from /mnt/c/Users/Pato_/OneDrive/Documentos/ITBA/PYTHON_DATA_APP/itba/lib/python3.10/site-packages/airflow/example_dags/example_trigger_target_dag.py
[2024-10-20T19:15:26.617-0300] {processor.py:925} INFO - DAG(s) 'example_trigger_target_dag' retrieved from /mnt/c/Users/Pato_/OneDrive/Documentos/ITBA/PYTHON_DATA_APP/itba/lib/python3.10/site-packages/airflow/example_dags/example_trigger_target_dag.py
[2024-10-20T19:15:26.631-0300] {logging_mixin.py:190} INFO - [2024-10-20T19:15:26.631-0300] {dag.py:3239} INFO - Sync 1 DAGs
[2024-10-20T19:15:26.640-0300] {logging_mixin.py:190} INFO - [2024-10-20T19:15:26.639-0300] {dag.py:4180} INFO - Setting next_dagrun for example_trigger_target_dag to None, run_after=None
[2024-10-20T19:15:26.668-0300] {processor.py:208} INFO - Processing /mnt/c/Users/Pato_/OneDrive/Documentos/ITBA/PYTHON_DATA_APP/itba/lib/python3.10/site-packages/airflow/example_dags/example_trigger_target_dag.py took 0.099 seconds
[2024-10-20T19:16:34.171-0300] {processor.py:186} INFO - Started process (PID=307704) to work on /mnt/c/Users/Pato_/OneDrive/Documentos/ITBA/PYTHON_DATA_APP/itba/lib/python3.10/site-packages/airflow/example_dags/example_trigger_target_dag.py
[2024-10-20T19:16:34.172-0300] {processor.py:914} INFO - Processing file /mnt/c/Users/Pato_/OneDrive/Documentos/ITBA/PYTHON_DATA_APP/itba/lib/python3.10/site-packages/airflow/example_dags/example_trigger_target_dag.py for tasks to queue
[2024-10-20T19:16:34.174-0300] {logging_mixin.py:190} INFO - [2024-10-20T19:16:34.174-0300] {dagbag.py:588} INFO - Filling up the DagBag from /mnt/c/Users/Pato_/OneDrive/Documentos/ITBA/PYTHON_DATA_APP/itba/lib/python3.10/site-packages/airflow/example_dags/example_trigger_target_dag.py
[2024-10-20T19:16:34.214-0300] {processor.py:925} INFO - DAG(s) 'example_trigger_target_dag' retrieved from /mnt/c/Users/Pato_/OneDrive/Documentos/ITBA/PYTHON_DATA_APP/itba/lib/python3.10/site-packages/airflow/example_dags/example_trigger_target_dag.py
[2024-10-20T19:16:34.228-0300] {logging_mixin.py:190} INFO - [2024-10-20T19:16:34.227-0300] {dag.py:3239} INFO - Sync 1 DAGs
[2024-10-20T19:16:34.237-0300] {logging_mixin.py:190} INFO - [2024-10-20T19:16:34.236-0300] {dag.py:4180} INFO - Setting next_dagrun for example_trigger_target_dag to None, run_after=None
[2024-10-20T19:16:34.266-0300] {processor.py:208} INFO - Processing /mnt/c/Users/Pato_/OneDrive/Documentos/ITBA/PYTHON_DATA_APP/itba/lib/python3.10/site-packages/airflow/example_dags/example_trigger_target_dag.py took 0.102 seconds
[2024-10-20T19:17:48.671-0300] {processor.py:186} INFO - Started process (PID=308285) to work on /mnt/c/Users/Pato_/OneDrive/Documentos/ITBA/PYTHON_DATA_APP/itba/lib/python3.10/site-packages/airflow/example_dags/example_trigger_target_dag.py
[2024-10-20T19:17:48.672-0300] {processor.py:914} INFO - Processing file /mnt/c/Users/Pato_/OneDrive/Documentos/ITBA/PYTHON_DATA_APP/itba/lib/python3.10/site-packages/airflow/example_dags/example_trigger_target_dag.py for tasks to queue
[2024-10-20T19:17:48.674-0300] {logging_mixin.py:190} INFO - [2024-10-20T19:17:48.674-0300] {dagbag.py:588} INFO - Filling up the DagBag from /mnt/c/Users/Pato_/OneDrive/Documentos/ITBA/PYTHON_DATA_APP/itba/lib/python3.10/site-packages/airflow/example_dags/example_trigger_target_dag.py
[2024-10-20T19:17:48.713-0300] {processor.py:925} INFO - DAG(s) 'example_trigger_target_dag' retrieved from /mnt/c/Users/Pato_/OneDrive/Documentos/ITBA/PYTHON_DATA_APP/itba/lib/python3.10/site-packages/airflow/example_dags/example_trigger_target_dag.py
[2024-10-20T19:17:48.728-0300] {logging_mixin.py:190} INFO - [2024-10-20T19:17:48.727-0300] {dag.py:3239} INFO - Sync 1 DAGs
[2024-10-20T19:17:48.736-0300] {logging_mixin.py:190} INFO - [2024-10-20T19:17:48.736-0300] {dag.py:4180} INFO - Setting next_dagrun for example_trigger_target_dag to None, run_after=None
[2024-10-20T19:17:48.764-0300] {processor.py:208} INFO - Processing /mnt/c/Users/Pato_/OneDrive/Documentos/ITBA/PYTHON_DATA_APP/itba/lib/python3.10/site-packages/airflow/example_dags/example_trigger_target_dag.py took 0.100 seconds
[2024-10-20T19:18:57.713-0300] {processor.py:186} INFO - Started process (PID=308824) to work on /mnt/c/Users/Pato_/OneDrive/Documentos/ITBA/PYTHON_DATA_APP/itba/lib/python3.10/site-packages/airflow/example_dags/example_trigger_target_dag.py
[2024-10-20T19:18:57.714-0300] {processor.py:914} INFO - Processing file /mnt/c/Users/Pato_/OneDrive/Documentos/ITBA/PYTHON_DATA_APP/itba/lib/python3.10/site-packages/airflow/example_dags/example_trigger_target_dag.py for tasks to queue
[2024-10-20T19:18:57.717-0300] {logging_mixin.py:190} INFO - [2024-10-20T19:18:57.716-0300] {dagbag.py:588} INFO - Filling up the DagBag from /mnt/c/Users/Pato_/OneDrive/Documentos/ITBA/PYTHON_DATA_APP/itba/lib/python3.10/site-packages/airflow/example_dags/example_trigger_target_dag.py
[2024-10-20T19:18:57.755-0300] {processor.py:925} INFO - DAG(s) 'example_trigger_target_dag' retrieved from /mnt/c/Users/Pato_/OneDrive/Documentos/ITBA/PYTHON_DATA_APP/itba/lib/python3.10/site-packages/airflow/example_dags/example_trigger_target_dag.py
[2024-10-20T19:18:57.769-0300] {logging_mixin.py:190} INFO - [2024-10-20T19:18:57.769-0300] {dag.py:3239} INFO - Sync 1 DAGs
[2024-10-20T19:18:57.778-0300] {logging_mixin.py:190} INFO - [2024-10-20T19:18:57.777-0300] {dag.py:4180} INFO - Setting next_dagrun for example_trigger_target_dag to None, run_after=None
[2024-10-20T19:18:57.806-0300] {processor.py:208} INFO - Processing /mnt/c/Users/Pato_/OneDrive/Documentos/ITBA/PYTHON_DATA_APP/itba/lib/python3.10/site-packages/airflow/example_dags/example_trigger_target_dag.py took 0.100 seconds
[2024-10-20T19:20:09.816-0300] {processor.py:186} INFO - Started process (PID=309411) to work on /mnt/c/Users/Pato_/OneDrive/Documentos/ITBA/PYTHON_DATA_APP/itba/lib/python3.10/site-packages/airflow/example_dags/example_trigger_target_dag.py
[2024-10-20T19:20:09.817-0300] {processor.py:914} INFO - Processing file /mnt/c/Users/Pato_/OneDrive/Documentos/ITBA/PYTHON_DATA_APP/itba/lib/python3.10/site-packages/airflow/example_dags/example_trigger_target_dag.py for tasks to queue
[2024-10-20T19:20:09.819-0300] {logging_mixin.py:190} INFO - [2024-10-20T19:20:09.818-0300] {dagbag.py:588} INFO - Filling up the DagBag from /mnt/c/Users/Pato_/OneDrive/Documentos/ITBA/PYTHON_DATA_APP/itba/lib/python3.10/site-packages/airflow/example_dags/example_trigger_target_dag.py
[2024-10-20T19:20:09.857-0300] {processor.py:925} INFO - DAG(s) 'example_trigger_target_dag' retrieved from /mnt/c/Users/Pato_/OneDrive/Documentos/ITBA/PYTHON_DATA_APP/itba/lib/python3.10/site-packages/airflow/example_dags/example_trigger_target_dag.py
[2024-10-20T19:20:09.870-0300] {logging_mixin.py:190} INFO - [2024-10-20T19:20:09.870-0300] {dag.py:3239} INFO - Sync 1 DAGs
[2024-10-20T19:20:09.879-0300] {logging_mixin.py:190} INFO - [2024-10-20T19:20:09.879-0300] {dag.py:4180} INFO - Setting next_dagrun for example_trigger_target_dag to None, run_after=None
[2024-10-20T19:20:09.909-0300] {processor.py:208} INFO - Processing /mnt/c/Users/Pato_/OneDrive/Documentos/ITBA/PYTHON_DATA_APP/itba/lib/python3.10/site-packages/airflow/example_dags/example_trigger_target_dag.py took 0.100 seconds
[2024-10-20T19:21:20.345-0300] {processor.py:186} INFO - Started process (PID=310028) to work on /mnt/c/Users/Pato_/OneDrive/Documentos/ITBA/PYTHON_DATA_APP/itba/lib/python3.10/site-packages/airflow/example_dags/example_trigger_target_dag.py
[2024-10-20T19:21:20.346-0300] {processor.py:914} INFO - Processing file /mnt/c/Users/Pato_/OneDrive/Documentos/ITBA/PYTHON_DATA_APP/itba/lib/python3.10/site-packages/airflow/example_dags/example_trigger_target_dag.py for tasks to queue
[2024-10-20T19:21:20.349-0300] {logging_mixin.py:190} INFO - [2024-10-20T19:21:20.348-0300] {dagbag.py:588} INFO - Filling up the DagBag from /mnt/c/Users/Pato_/OneDrive/Documentos/ITBA/PYTHON_DATA_APP/itba/lib/python3.10/site-packages/airflow/example_dags/example_trigger_target_dag.py
[2024-10-20T19:21:20.389-0300] {processor.py:925} INFO - DAG(s) 'example_trigger_target_dag' retrieved from /mnt/c/Users/Pato_/OneDrive/Documentos/ITBA/PYTHON_DATA_APP/itba/lib/python3.10/site-packages/airflow/example_dags/example_trigger_target_dag.py
[2024-10-20T19:21:20.404-0300] {logging_mixin.py:190} INFO - [2024-10-20T19:21:20.403-0300] {dag.py:3239} INFO - Sync 1 DAGs
[2024-10-20T19:21:20.413-0300] {logging_mixin.py:190} INFO - [2024-10-20T19:21:20.412-0300] {dag.py:4180} INFO - Setting next_dagrun for example_trigger_target_dag to None, run_after=None
[2024-10-20T19:21:20.471-0300] {processor.py:208} INFO - Processing /mnt/c/Users/Pato_/OneDrive/Documentos/ITBA/PYTHON_DATA_APP/itba/lib/python3.10/site-packages/airflow/example_dags/example_trigger_target_dag.py took 0.132 seconds
[2024-10-20T19:22:26.619-0300] {processor.py:186} INFO - Started process (PID=310638) to work on /mnt/c/Users/Pato_/OneDrive/Documentos/ITBA/PYTHON_DATA_APP/itba/lib/python3.10/site-packages/airflow/example_dags/example_trigger_target_dag.py
[2024-10-20T19:22:26.620-0300] {processor.py:914} INFO - Processing file /mnt/c/Users/Pato_/OneDrive/Documentos/ITBA/PYTHON_DATA_APP/itba/lib/python3.10/site-packages/airflow/example_dags/example_trigger_target_dag.py for tasks to queue
[2024-10-20T19:22:26.623-0300] {logging_mixin.py:190} INFO - [2024-10-20T19:22:26.622-0300] {dagbag.py:588} INFO - Filling up the DagBag from /mnt/c/Users/Pato_/OneDrive/Documentos/ITBA/PYTHON_DATA_APP/itba/lib/python3.10/site-packages/airflow/example_dags/example_trigger_target_dag.py
[2024-10-20T19:22:26.665-0300] {processor.py:925} INFO - DAG(s) 'example_trigger_target_dag' retrieved from /mnt/c/Users/Pato_/OneDrive/Documentos/ITBA/PYTHON_DATA_APP/itba/lib/python3.10/site-packages/airflow/example_dags/example_trigger_target_dag.py
[2024-10-20T19:22:26.679-0300] {logging_mixin.py:190} INFO - [2024-10-20T19:22:26.679-0300] {dag.py:3239} INFO - Sync 1 DAGs
[2024-10-20T19:22:26.689-0300] {logging_mixin.py:190} INFO - [2024-10-20T19:22:26.688-0300] {dag.py:4180} INFO - Setting next_dagrun for example_trigger_target_dag to None, run_after=None
[2024-10-20T19:22:26.720-0300] {processor.py:208} INFO - Processing /mnt/c/Users/Pato_/OneDrive/Documentos/ITBA/PYTHON_DATA_APP/itba/lib/python3.10/site-packages/airflow/example_dags/example_trigger_target_dag.py took 0.108 seconds
[2024-10-20T19:23:28.921-0300] {processor.py:186} INFO - Started process (PID=311273) to work on /mnt/c/Users/Pato_/OneDrive/Documentos/ITBA/PYTHON_DATA_APP/itba/lib/python3.10/site-packages/airflow/example_dags/example_trigger_target_dag.py
[2024-10-20T19:23:28.922-0300] {processor.py:914} INFO - Processing file /mnt/c/Users/Pato_/OneDrive/Documentos/ITBA/PYTHON_DATA_APP/itba/lib/python3.10/site-packages/airflow/example_dags/example_trigger_target_dag.py for tasks to queue
[2024-10-20T19:23:28.925-0300] {logging_mixin.py:190} INFO - [2024-10-20T19:23:28.924-0300] {dagbag.py:588} INFO - Filling up the DagBag from /mnt/c/Users/Pato_/OneDrive/Documentos/ITBA/PYTHON_DATA_APP/itba/lib/python3.10/site-packages/airflow/example_dags/example_trigger_target_dag.py
[2024-10-20T19:23:28.967-0300] {processor.py:925} INFO - DAG(s) 'example_trigger_target_dag' retrieved from /mnt/c/Users/Pato_/OneDrive/Documentos/ITBA/PYTHON_DATA_APP/itba/lib/python3.10/site-packages/airflow/example_dags/example_trigger_target_dag.py
[2024-10-20T19:23:28.983-0300] {logging_mixin.py:190} INFO - [2024-10-20T19:23:28.982-0300] {dag.py:3239} INFO - Sync 1 DAGs
[2024-10-20T19:23:28.992-0300] {logging_mixin.py:190} INFO - [2024-10-20T19:23:28.991-0300] {dag.py:4180} INFO - Setting next_dagrun for example_trigger_target_dag to None, run_after=None
[2024-10-20T19:23:29.021-0300] {processor.py:208} INFO - Processing /mnt/c/Users/Pato_/OneDrive/Documentos/ITBA/PYTHON_DATA_APP/itba/lib/python3.10/site-packages/airflow/example_dags/example_trigger_target_dag.py took 0.108 seconds
[2024-10-20T19:24:34.930-0300] {processor.py:186} INFO - Started process (PID=312204) to work on /mnt/c/Users/Pato_/OneDrive/Documentos/ITBA/PYTHON_DATA_APP/itba/lib/python3.10/site-packages/airflow/example_dags/example_trigger_target_dag.py
[2024-10-20T19:24:34.931-0300] {processor.py:914} INFO - Processing file /mnt/c/Users/Pato_/OneDrive/Documentos/ITBA/PYTHON_DATA_APP/itba/lib/python3.10/site-packages/airflow/example_dags/example_trigger_target_dag.py for tasks to queue
[2024-10-20T19:24:34.933-0300] {logging_mixin.py:190} INFO - [2024-10-20T19:24:34.933-0300] {dagbag.py:588} INFO - Filling up the DagBag from /mnt/c/Users/Pato_/OneDrive/Documentos/ITBA/PYTHON_DATA_APP/itba/lib/python3.10/site-packages/airflow/example_dags/example_trigger_target_dag.py
[2024-10-20T19:24:34.974-0300] {processor.py:925} INFO - DAG(s) 'example_trigger_target_dag' retrieved from /mnt/c/Users/Pato_/OneDrive/Documentos/ITBA/PYTHON_DATA_APP/itba/lib/python3.10/site-packages/airflow/example_dags/example_trigger_target_dag.py
[2024-10-20T19:24:34.991-0300] {logging_mixin.py:190} INFO - [2024-10-20T19:24:34.990-0300] {dag.py:3239} INFO - Sync 1 DAGs
[2024-10-20T19:24:35.000-0300] {logging_mixin.py:190} INFO - [2024-10-20T19:24:35.000-0300] {dag.py:4180} INFO - Setting next_dagrun for example_trigger_target_dag to None, run_after=None
[2024-10-20T19:24:35.032-0300] {processor.py:208} INFO - Processing /mnt/c/Users/Pato_/OneDrive/Documentos/ITBA/PYTHON_DATA_APP/itba/lib/python3.10/site-packages/airflow/example_dags/example_trigger_target_dag.py took 0.109 seconds
[2024-10-20T19:26:13.401-0300] {processor.py:186} INFO - Started process (PID=313519) to work on /mnt/c/Users/Pato_/OneDrive/Documentos/ITBA/PYTHON_DATA_APP/itba/lib/python3.10/site-packages/airflow/example_dags/example_trigger_target_dag.py
[2024-10-20T19:26:13.402-0300] {processor.py:914} INFO - Processing file /mnt/c/Users/Pato_/OneDrive/Documentos/ITBA/PYTHON_DATA_APP/itba/lib/python3.10/site-packages/airflow/example_dags/example_trigger_target_dag.py for tasks to queue
[2024-10-20T19:26:13.404-0300] {logging_mixin.py:190} INFO - [2024-10-20T19:26:13.404-0300] {dagbag.py:588} INFO - Filling up the DagBag from /mnt/c/Users/Pato_/OneDrive/Documentos/ITBA/PYTHON_DATA_APP/itba/lib/python3.10/site-packages/airflow/example_dags/example_trigger_target_dag.py
[2024-10-20T19:26:13.446-0300] {processor.py:925} INFO - DAG(s) 'example_trigger_target_dag' retrieved from /mnt/c/Users/Pato_/OneDrive/Documentos/ITBA/PYTHON_DATA_APP/itba/lib/python3.10/site-packages/airflow/example_dags/example_trigger_target_dag.py
[2024-10-20T19:26:13.461-0300] {logging_mixin.py:190} INFO - [2024-10-20T19:26:13.460-0300] {dag.py:3239} INFO - Sync 1 DAGs
[2024-10-20T19:26:13.470-0300] {logging_mixin.py:190} INFO - [2024-10-20T19:26:13.470-0300] {dag.py:4180} INFO - Setting next_dagrun for example_trigger_target_dag to None, run_after=None
[2024-10-20T19:26:13.500-0300] {processor.py:208} INFO - Processing /mnt/c/Users/Pato_/OneDrive/Documentos/ITBA/PYTHON_DATA_APP/itba/lib/python3.10/site-packages/airflow/example_dags/example_trigger_target_dag.py took 0.106 seconds
[2024-10-20T19:27:18.457-0300] {processor.py:186} INFO - Started process (PID=314215) to work on /mnt/c/Users/Pato_/OneDrive/Documentos/ITBA/PYTHON_DATA_APP/itba/lib/python3.10/site-packages/airflow/example_dags/example_trigger_target_dag.py
[2024-10-20T19:27:18.458-0300] {processor.py:914} INFO - Processing file /mnt/c/Users/Pato_/OneDrive/Documentos/ITBA/PYTHON_DATA_APP/itba/lib/python3.10/site-packages/airflow/example_dags/example_trigger_target_dag.py for tasks to queue
[2024-10-20T19:27:18.461-0300] {logging_mixin.py:190} INFO - [2024-10-20T19:27:18.460-0300] {dagbag.py:588} INFO - Filling up the DagBag from /mnt/c/Users/Pato_/OneDrive/Documentos/ITBA/PYTHON_DATA_APP/itba/lib/python3.10/site-packages/airflow/example_dags/example_trigger_target_dag.py
[2024-10-20T19:27:18.504-0300] {processor.py:925} INFO - DAG(s) 'example_trigger_target_dag' retrieved from /mnt/c/Users/Pato_/OneDrive/Documentos/ITBA/PYTHON_DATA_APP/itba/lib/python3.10/site-packages/airflow/example_dags/example_trigger_target_dag.py
[2024-10-20T19:27:18.519-0300] {logging_mixin.py:190} INFO - [2024-10-20T19:27:18.519-0300] {dag.py:3239} INFO - Sync 1 DAGs
[2024-10-20T19:27:18.528-0300] {logging_mixin.py:190} INFO - [2024-10-20T19:27:18.528-0300] {dag.py:4180} INFO - Setting next_dagrun for example_trigger_target_dag to None, run_after=None
[2024-10-20T19:27:18.558-0300] {processor.py:208} INFO - Processing /mnt/c/Users/Pato_/OneDrive/Documentos/ITBA/PYTHON_DATA_APP/itba/lib/python3.10/site-packages/airflow/example_dags/example_trigger_target_dag.py took 0.109 seconds
[2024-10-20T19:28:25.414-0300] {processor.py:186} INFO - Started process (PID=315066) to work on /mnt/c/Users/Pato_/OneDrive/Documentos/ITBA/PYTHON_DATA_APP/itba/lib/python3.10/site-packages/airflow/example_dags/example_trigger_target_dag.py
[2024-10-20T19:28:25.415-0300] {processor.py:914} INFO - Processing file /mnt/c/Users/Pato_/OneDrive/Documentos/ITBA/PYTHON_DATA_APP/itba/lib/python3.10/site-packages/airflow/example_dags/example_trigger_target_dag.py for tasks to queue
[2024-10-20T19:28:25.417-0300] {logging_mixin.py:190} INFO - [2024-10-20T19:28:25.416-0300] {dagbag.py:588} INFO - Filling up the DagBag from /mnt/c/Users/Pato_/OneDrive/Documentos/ITBA/PYTHON_DATA_APP/itba/lib/python3.10/site-packages/airflow/example_dags/example_trigger_target_dag.py
[2024-10-20T19:28:25.457-0300] {processor.py:925} INFO - DAG(s) 'example_trigger_target_dag' retrieved from /mnt/c/Users/Pato_/OneDrive/Documentos/ITBA/PYTHON_DATA_APP/itba/lib/python3.10/site-packages/airflow/example_dags/example_trigger_target_dag.py
[2024-10-20T19:28:25.471-0300] {logging_mixin.py:190} INFO - [2024-10-20T19:28:25.470-0300] {dag.py:3239} INFO - Sync 1 DAGs
[2024-10-20T19:28:25.479-0300] {logging_mixin.py:190} INFO - [2024-10-20T19:28:25.479-0300] {dag.py:4180} INFO - Setting next_dagrun for example_trigger_target_dag to None, run_after=None
[2024-10-20T19:28:25.508-0300] {processor.py:208} INFO - Processing /mnt/c/Users/Pato_/OneDrive/Documentos/ITBA/PYTHON_DATA_APP/itba/lib/python3.10/site-packages/airflow/example_dags/example_trigger_target_dag.py took 0.101 seconds
[2024-10-20T19:29:32.676-0300] {processor.py:186} INFO - Started process (PID=315864) to work on /mnt/c/Users/Pato_/OneDrive/Documentos/ITBA/PYTHON_DATA_APP/itba/lib/python3.10/site-packages/airflow/example_dags/example_trigger_target_dag.py
[2024-10-20T19:29:32.677-0300] {processor.py:914} INFO - Processing file /mnt/c/Users/Pato_/OneDrive/Documentos/ITBA/PYTHON_DATA_APP/itba/lib/python3.10/site-packages/airflow/example_dags/example_trigger_target_dag.py for tasks to queue
[2024-10-20T19:29:32.680-0300] {logging_mixin.py:190} INFO - [2024-10-20T19:29:32.679-0300] {dagbag.py:588} INFO - Filling up the DagBag from /mnt/c/Users/Pato_/OneDrive/Documentos/ITBA/PYTHON_DATA_APP/itba/lib/python3.10/site-packages/airflow/example_dags/example_trigger_target_dag.py
[2024-10-20T19:29:32.722-0300] {processor.py:925} INFO - DAG(s) 'example_trigger_target_dag' retrieved from /mnt/c/Users/Pato_/OneDrive/Documentos/ITBA/PYTHON_DATA_APP/itba/lib/python3.10/site-packages/airflow/example_dags/example_trigger_target_dag.py
[2024-10-20T19:29:32.738-0300] {logging_mixin.py:190} INFO - [2024-10-20T19:29:32.737-0300] {dag.py:3239} INFO - Sync 1 DAGs
[2024-10-20T19:29:32.747-0300] {logging_mixin.py:190} INFO - [2024-10-20T19:29:32.747-0300] {dag.py:4180} INFO - Setting next_dagrun for example_trigger_target_dag to None, run_after=None
[2024-10-20T19:29:32.782-0300] {processor.py:208} INFO - Processing /mnt/c/Users/Pato_/OneDrive/Documentos/ITBA/PYTHON_DATA_APP/itba/lib/python3.10/site-packages/airflow/example_dags/example_trigger_target_dag.py took 0.113 seconds
[2024-10-20T19:30:44.982-0300] {processor.py:186} INFO - Started process (PID=316468) to work on /mnt/c/Users/Pato_/OneDrive/Documentos/ITBA/PYTHON_DATA_APP/itba/lib/python3.10/site-packages/airflow/example_dags/example_trigger_target_dag.py
[2024-10-20T19:30:44.983-0300] {processor.py:914} INFO - Processing file /mnt/c/Users/Pato_/OneDrive/Documentos/ITBA/PYTHON_DATA_APP/itba/lib/python3.10/site-packages/airflow/example_dags/example_trigger_target_dag.py for tasks to queue
[2024-10-20T19:30:44.985-0300] {logging_mixin.py:190} INFO - [2024-10-20T19:30:44.984-0300] {dagbag.py:588} INFO - Filling up the DagBag from /mnt/c/Users/Pato_/OneDrive/Documentos/ITBA/PYTHON_DATA_APP/itba/lib/python3.10/site-packages/airflow/example_dags/example_trigger_target_dag.py
[2024-10-20T19:30:45.029-0300] {processor.py:925} INFO - DAG(s) 'example_trigger_target_dag' retrieved from /mnt/c/Users/Pato_/OneDrive/Documentos/ITBA/PYTHON_DATA_APP/itba/lib/python3.10/site-packages/airflow/example_dags/example_trigger_target_dag.py
[2024-10-20T19:30:45.045-0300] {logging_mixin.py:190} INFO - [2024-10-20T19:30:45.044-0300] {dag.py:3239} INFO - Sync 1 DAGs
[2024-10-20T19:30:45.054-0300] {logging_mixin.py:190} INFO - [2024-10-20T19:30:45.053-0300] {dag.py:4180} INFO - Setting next_dagrun for example_trigger_target_dag to None, run_after=None
[2024-10-20T19:30:45.086-0300] {processor.py:208} INFO - Processing /mnt/c/Users/Pato_/OneDrive/Documentos/ITBA/PYTHON_DATA_APP/itba/lib/python3.10/site-packages/airflow/example_dags/example_trigger_target_dag.py took 0.111 seconds
[2024-10-20T19:31:51.269-0300] {processor.py:186} INFO - Started process (PID=316988) to work on /mnt/c/Users/Pato_/OneDrive/Documentos/ITBA/PYTHON_DATA_APP/itba/lib/python3.10/site-packages/airflow/example_dags/example_trigger_target_dag.py
[2024-10-20T19:31:51.270-0300] {processor.py:914} INFO - Processing file /mnt/c/Users/Pato_/OneDrive/Documentos/ITBA/PYTHON_DATA_APP/itba/lib/python3.10/site-packages/airflow/example_dags/example_trigger_target_dag.py for tasks to queue
[2024-10-20T19:31:51.272-0300] {logging_mixin.py:190} INFO - [2024-10-20T19:31:51.271-0300] {dagbag.py:588} INFO - Filling up the DagBag from /mnt/c/Users/Pato_/OneDrive/Documentos/ITBA/PYTHON_DATA_APP/itba/lib/python3.10/site-packages/airflow/example_dags/example_trigger_target_dag.py
[2024-10-20T19:31:51.311-0300] {processor.py:925} INFO - DAG(s) 'example_trigger_target_dag' retrieved from /mnt/c/Users/Pato_/OneDrive/Documentos/ITBA/PYTHON_DATA_APP/itba/lib/python3.10/site-packages/airflow/example_dags/example_trigger_target_dag.py
[2024-10-20T19:31:51.325-0300] {logging_mixin.py:190} INFO - [2024-10-20T19:31:51.325-0300] {dag.py:3239} INFO - Sync 1 DAGs
[2024-10-20T19:31:51.333-0300] {logging_mixin.py:190} INFO - [2024-10-20T19:31:51.333-0300] {dag.py:4180} INFO - Setting next_dagrun for example_trigger_target_dag to None, run_after=None
[2024-10-20T19:31:51.363-0300] {processor.py:208} INFO - Processing /mnt/c/Users/Pato_/OneDrive/Documentos/ITBA/PYTHON_DATA_APP/itba/lib/python3.10/site-packages/airflow/example_dags/example_trigger_target_dag.py took 0.101 seconds
[2024-10-20T19:32:58.729-0300] {processor.py:186} INFO - Started process (PID=317533) to work on /mnt/c/Users/Pato_/OneDrive/Documentos/ITBA/PYTHON_DATA_APP/itba/lib/python3.10/site-packages/airflow/example_dags/example_trigger_target_dag.py
[2024-10-20T19:32:58.730-0300] {processor.py:914} INFO - Processing file /mnt/c/Users/Pato_/OneDrive/Documentos/ITBA/PYTHON_DATA_APP/itba/lib/python3.10/site-packages/airflow/example_dags/example_trigger_target_dag.py for tasks to queue
[2024-10-20T19:32:58.732-0300] {logging_mixin.py:190} INFO - [2024-10-20T19:32:58.731-0300] {dagbag.py:588} INFO - Filling up the DagBag from /mnt/c/Users/Pato_/OneDrive/Documentos/ITBA/PYTHON_DATA_APP/itba/lib/python3.10/site-packages/airflow/example_dags/example_trigger_target_dag.py
[2024-10-20T19:32:58.771-0300] {processor.py:925} INFO - DAG(s) 'example_trigger_target_dag' retrieved from /mnt/c/Users/Pato_/OneDrive/Documentos/ITBA/PYTHON_DATA_APP/itba/lib/python3.10/site-packages/airflow/example_dags/example_trigger_target_dag.py
[2024-10-20T19:32:58.785-0300] {logging_mixin.py:190} INFO - [2024-10-20T19:32:58.784-0300] {dag.py:3239} INFO - Sync 1 DAGs
[2024-10-20T19:32:58.794-0300] {logging_mixin.py:190} INFO - [2024-10-20T19:32:58.793-0300] {dag.py:4180} INFO - Setting next_dagrun for example_trigger_target_dag to None, run_after=None
[2024-10-20T19:32:58.822-0300] {processor.py:208} INFO - Processing /mnt/c/Users/Pato_/OneDrive/Documentos/ITBA/PYTHON_DATA_APP/itba/lib/python3.10/site-packages/airflow/example_dags/example_trigger_target_dag.py took 0.099 seconds
[2024-10-20T19:34:04.094-0300] {processor.py:186} INFO - Started process (PID=318185) to work on /mnt/c/Users/Pato_/OneDrive/Documentos/ITBA/PYTHON_DATA_APP/itba/lib/python3.10/site-packages/airflow/example_dags/example_trigger_target_dag.py
[2024-10-20T19:34:04.095-0300] {processor.py:914} INFO - Processing file /mnt/c/Users/Pato_/OneDrive/Documentos/ITBA/PYTHON_DATA_APP/itba/lib/python3.10/site-packages/airflow/example_dags/example_trigger_target_dag.py for tasks to queue
[2024-10-20T19:34:04.097-0300] {logging_mixin.py:190} INFO - [2024-10-20T19:34:04.096-0300] {dagbag.py:588} INFO - Filling up the DagBag from /mnt/c/Users/Pato_/OneDrive/Documentos/ITBA/PYTHON_DATA_APP/itba/lib/python3.10/site-packages/airflow/example_dags/example_trigger_target_dag.py
[2024-10-20T19:34:04.136-0300] {processor.py:925} INFO - DAG(s) 'example_trigger_target_dag' retrieved from /mnt/c/Users/Pato_/OneDrive/Documentos/ITBA/PYTHON_DATA_APP/itba/lib/python3.10/site-packages/airflow/example_dags/example_trigger_target_dag.py
[2024-10-20T19:34:04.150-0300] {logging_mixin.py:190} INFO - [2024-10-20T19:34:04.149-0300] {dag.py:3239} INFO - Sync 1 DAGs
[2024-10-20T19:34:04.158-0300] {logging_mixin.py:190} INFO - [2024-10-20T19:34:04.158-0300] {dag.py:4180} INFO - Setting next_dagrun for example_trigger_target_dag to None, run_after=None
[2024-10-20T19:34:04.187-0300] {processor.py:208} INFO - Processing /mnt/c/Users/Pato_/OneDrive/Documentos/ITBA/PYTHON_DATA_APP/itba/lib/python3.10/site-packages/airflow/example_dags/example_trigger_target_dag.py took 0.099 seconds
[2024-10-20T19:35:15.174-0300] {processor.py:186} INFO - Started process (PID=318993) to work on /mnt/c/Users/Pato_/OneDrive/Documentos/ITBA/PYTHON_DATA_APP/itba/lib/python3.10/site-packages/airflow/example_dags/example_trigger_target_dag.py
[2024-10-20T19:35:15.175-0300] {processor.py:914} INFO - Processing file /mnt/c/Users/Pato_/OneDrive/Documentos/ITBA/PYTHON_DATA_APP/itba/lib/python3.10/site-packages/airflow/example_dags/example_trigger_target_dag.py for tasks to queue
[2024-10-20T19:35:15.178-0300] {logging_mixin.py:190} INFO - [2024-10-20T19:35:15.177-0300] {dagbag.py:588} INFO - Filling up the DagBag from /mnt/c/Users/Pato_/OneDrive/Documentos/ITBA/PYTHON_DATA_APP/itba/lib/python3.10/site-packages/airflow/example_dags/example_trigger_target_dag.py
[2024-10-20T19:35:15.219-0300] {processor.py:925} INFO - DAG(s) 'example_trigger_target_dag' retrieved from /mnt/c/Users/Pato_/OneDrive/Documentos/ITBA/PYTHON_DATA_APP/itba/lib/python3.10/site-packages/airflow/example_dags/example_trigger_target_dag.py
[2024-10-20T19:35:15.237-0300] {logging_mixin.py:190} INFO - [2024-10-20T19:35:15.236-0300] {dag.py:3239} INFO - Sync 1 DAGs
[2024-10-20T19:35:15.262-0300] {logging_mixin.py:190} INFO - [2024-10-20T19:35:15.260-0300] {dag.py:4180} INFO - Setting next_dagrun for example_trigger_target_dag to None, run_after=None
[2024-10-20T19:35:15.301-0300] {processor.py:208} INFO - Processing /mnt/c/Users/Pato_/OneDrive/Documentos/ITBA/PYTHON_DATA_APP/itba/lib/python3.10/site-packages/airflow/example_dags/example_trigger_target_dag.py took 0.134 seconds
[2024-10-20T19:36:24.253-0300] {processor.py:186} INFO - Started process (PID=319544) to work on /mnt/c/Users/Pato_/OneDrive/Documentos/ITBA/PYTHON_DATA_APP/itba/lib/python3.10/site-packages/airflow/example_dags/example_trigger_target_dag.py
[2024-10-20T19:36:24.254-0300] {processor.py:914} INFO - Processing file /mnt/c/Users/Pato_/OneDrive/Documentos/ITBA/PYTHON_DATA_APP/itba/lib/python3.10/site-packages/airflow/example_dags/example_trigger_target_dag.py for tasks to queue
[2024-10-20T19:36:24.256-0300] {logging_mixin.py:190} INFO - [2024-10-20T19:36:24.255-0300] {dagbag.py:588} INFO - Filling up the DagBag from /mnt/c/Users/Pato_/OneDrive/Documentos/ITBA/PYTHON_DATA_APP/itba/lib/python3.10/site-packages/airflow/example_dags/example_trigger_target_dag.py
[2024-10-20T19:36:24.295-0300] {processor.py:925} INFO - DAG(s) 'example_trigger_target_dag' retrieved from /mnt/c/Users/Pato_/OneDrive/Documentos/ITBA/PYTHON_DATA_APP/itba/lib/python3.10/site-packages/airflow/example_dags/example_trigger_target_dag.py
[2024-10-20T19:36:24.309-0300] {logging_mixin.py:190} INFO - [2024-10-20T19:36:24.308-0300] {dag.py:3239} INFO - Sync 1 DAGs
[2024-10-20T19:36:24.318-0300] {logging_mixin.py:190} INFO - [2024-10-20T19:36:24.317-0300] {dag.py:4180} INFO - Setting next_dagrun for example_trigger_target_dag to None, run_after=None
[2024-10-20T19:36:24.346-0300] {processor.py:208} INFO - Processing /mnt/c/Users/Pato_/OneDrive/Documentos/ITBA/PYTHON_DATA_APP/itba/lib/python3.10/site-packages/airflow/example_dags/example_trigger_target_dag.py took 0.100 seconds
[2024-10-20T19:37:32.395-0300] {processor.py:186} INFO - Started process (PID=320072) to work on /mnt/c/Users/Pato_/OneDrive/Documentos/ITBA/PYTHON_DATA_APP/itba/lib/python3.10/site-packages/airflow/example_dags/example_trigger_target_dag.py
[2024-10-20T19:37:32.396-0300] {processor.py:914} INFO - Processing file /mnt/c/Users/Pato_/OneDrive/Documentos/ITBA/PYTHON_DATA_APP/itba/lib/python3.10/site-packages/airflow/example_dags/example_trigger_target_dag.py for tasks to queue
[2024-10-20T19:37:32.398-0300] {logging_mixin.py:190} INFO - [2024-10-20T19:37:32.398-0300] {dagbag.py:588} INFO - Filling up the DagBag from /mnt/c/Users/Pato_/OneDrive/Documentos/ITBA/PYTHON_DATA_APP/itba/lib/python3.10/site-packages/airflow/example_dags/example_trigger_target_dag.py
[2024-10-20T19:37:32.437-0300] {processor.py:925} INFO - DAG(s) 'example_trigger_target_dag' retrieved from /mnt/c/Users/Pato_/OneDrive/Documentos/ITBA/PYTHON_DATA_APP/itba/lib/python3.10/site-packages/airflow/example_dags/example_trigger_target_dag.py
[2024-10-20T19:37:32.451-0300] {logging_mixin.py:190} INFO - [2024-10-20T19:37:32.450-0300] {dag.py:3239} INFO - Sync 1 DAGs
[2024-10-20T19:37:32.459-0300] {logging_mixin.py:190} INFO - [2024-10-20T19:37:32.459-0300] {dag.py:4180} INFO - Setting next_dagrun for example_trigger_target_dag to None, run_after=None
[2024-10-20T19:37:32.488-0300] {processor.py:208} INFO - Processing /mnt/c/Users/Pato_/OneDrive/Documentos/ITBA/PYTHON_DATA_APP/itba/lib/python3.10/site-packages/airflow/example_dags/example_trigger_target_dag.py took 0.100 seconds
[2024-10-20T19:38:37.407-0300] {processor.py:186} INFO - Started process (PID=320581) to work on /mnt/c/Users/Pato_/OneDrive/Documentos/ITBA/PYTHON_DATA_APP/itba/lib/python3.10/site-packages/airflow/example_dags/example_trigger_target_dag.py
[2024-10-20T19:38:37.408-0300] {processor.py:914} INFO - Processing file /mnt/c/Users/Pato_/OneDrive/Documentos/ITBA/PYTHON_DATA_APP/itba/lib/python3.10/site-packages/airflow/example_dags/example_trigger_target_dag.py for tasks to queue
[2024-10-20T19:38:37.410-0300] {logging_mixin.py:190} INFO - [2024-10-20T19:38:37.409-0300] {dagbag.py:588} INFO - Filling up the DagBag from /mnt/c/Users/Pato_/OneDrive/Documentos/ITBA/PYTHON_DATA_APP/itba/lib/python3.10/site-packages/airflow/example_dags/example_trigger_target_dag.py
[2024-10-20T19:38:37.449-0300] {processor.py:925} INFO - DAG(s) 'example_trigger_target_dag' retrieved from /mnt/c/Users/Pato_/OneDrive/Documentos/ITBA/PYTHON_DATA_APP/itba/lib/python3.10/site-packages/airflow/example_dags/example_trigger_target_dag.py
[2024-10-20T19:38:37.463-0300] {logging_mixin.py:190} INFO - [2024-10-20T19:38:37.462-0300] {dag.py:3239} INFO - Sync 1 DAGs
[2024-10-20T19:38:37.471-0300] {logging_mixin.py:190} INFO - [2024-10-20T19:38:37.471-0300] {dag.py:4180} INFO - Setting next_dagrun for example_trigger_target_dag to None, run_after=None
[2024-10-20T19:38:37.500-0300] {processor.py:208} INFO - Processing /mnt/c/Users/Pato_/OneDrive/Documentos/ITBA/PYTHON_DATA_APP/itba/lib/python3.10/site-packages/airflow/example_dags/example_trigger_target_dag.py took 0.100 seconds
[2024-10-20T19:39:44.390-0300] {processor.py:186} INFO - Started process (PID=321172) to work on /mnt/c/Users/Pato_/OneDrive/Documentos/ITBA/PYTHON_DATA_APP/itba/lib/python3.10/site-packages/airflow/example_dags/example_trigger_target_dag.py
[2024-10-20T19:39:44.391-0300] {processor.py:914} INFO - Processing file /mnt/c/Users/Pato_/OneDrive/Documentos/ITBA/PYTHON_DATA_APP/itba/lib/python3.10/site-packages/airflow/example_dags/example_trigger_target_dag.py for tasks to queue
[2024-10-20T19:39:44.393-0300] {logging_mixin.py:190} INFO - [2024-10-20T19:39:44.392-0300] {dagbag.py:588} INFO - Filling up the DagBag from /mnt/c/Users/Pato_/OneDrive/Documentos/ITBA/PYTHON_DATA_APP/itba/lib/python3.10/site-packages/airflow/example_dags/example_trigger_target_dag.py
[2024-10-20T19:39:44.432-0300] {processor.py:925} INFO - DAG(s) 'example_trigger_target_dag' retrieved from /mnt/c/Users/Pato_/OneDrive/Documentos/ITBA/PYTHON_DATA_APP/itba/lib/python3.10/site-packages/airflow/example_dags/example_trigger_target_dag.py
[2024-10-20T19:39:44.446-0300] {logging_mixin.py:190} INFO - [2024-10-20T19:39:44.445-0300] {dag.py:3239} INFO - Sync 1 DAGs
[2024-10-20T19:39:44.454-0300] {logging_mixin.py:190} INFO - [2024-10-20T19:39:44.453-0300] {dag.py:4180} INFO - Setting next_dagrun for example_trigger_target_dag to None, run_after=None
[2024-10-20T19:39:44.483-0300] {processor.py:208} INFO - Processing /mnt/c/Users/Pato_/OneDrive/Documentos/ITBA/PYTHON_DATA_APP/itba/lib/python3.10/site-packages/airflow/example_dags/example_trigger_target_dag.py took 0.100 seconds
[2024-10-20T19:40:48.649-0300] {processor.py:186} INFO - Started process (PID=321994) to work on /mnt/c/Users/Pato_/OneDrive/Documentos/ITBA/PYTHON_DATA_APP/itba/lib/python3.10/site-packages/airflow/example_dags/example_trigger_target_dag.py
[2024-10-20T19:40:48.650-0300] {processor.py:914} INFO - Processing file /mnt/c/Users/Pato_/OneDrive/Documentos/ITBA/PYTHON_DATA_APP/itba/lib/python3.10/site-packages/airflow/example_dags/example_trigger_target_dag.py for tasks to queue
[2024-10-20T19:40:48.652-0300] {logging_mixin.py:190} INFO - [2024-10-20T19:40:48.652-0300] {dagbag.py:588} INFO - Filling up the DagBag from /mnt/c/Users/Pato_/OneDrive/Documentos/ITBA/PYTHON_DATA_APP/itba/lib/python3.10/site-packages/airflow/example_dags/example_trigger_target_dag.py
[2024-10-20T19:40:48.692-0300] {processor.py:925} INFO - DAG(s) 'example_trigger_target_dag' retrieved from /mnt/c/Users/Pato_/OneDrive/Documentos/ITBA/PYTHON_DATA_APP/itba/lib/python3.10/site-packages/airflow/example_dags/example_trigger_target_dag.py
[2024-10-20T19:40:48.706-0300] {logging_mixin.py:190} INFO - [2024-10-20T19:40:48.706-0300] {dag.py:3239} INFO - Sync 1 DAGs
[2024-10-20T19:40:48.715-0300] {logging_mixin.py:190} INFO - [2024-10-20T19:40:48.714-0300] {dag.py:4180} INFO - Setting next_dagrun for example_trigger_target_dag to None, run_after=None
[2024-10-20T19:40:48.744-0300] {processor.py:208} INFO - Processing /mnt/c/Users/Pato_/OneDrive/Documentos/ITBA/PYTHON_DATA_APP/itba/lib/python3.10/site-packages/airflow/example_dags/example_trigger_target_dag.py took 0.101 seconds
[2024-10-20T19:41:56.764-0300] {processor.py:186} INFO - Started process (PID=322530) to work on /mnt/c/Users/Pato_/OneDrive/Documentos/ITBA/PYTHON_DATA_APP/itba/lib/python3.10/site-packages/airflow/example_dags/example_trigger_target_dag.py
[2024-10-20T19:41:56.765-0300] {processor.py:914} INFO - Processing file /mnt/c/Users/Pato_/OneDrive/Documentos/ITBA/PYTHON_DATA_APP/itba/lib/python3.10/site-packages/airflow/example_dags/example_trigger_target_dag.py for tasks to queue
[2024-10-20T19:41:56.767-0300] {logging_mixin.py:190} INFO - [2024-10-20T19:41:56.766-0300] {dagbag.py:588} INFO - Filling up the DagBag from /mnt/c/Users/Pato_/OneDrive/Documentos/ITBA/PYTHON_DATA_APP/itba/lib/python3.10/site-packages/airflow/example_dags/example_trigger_target_dag.py
[2024-10-20T19:41:56.806-0300] {processor.py:925} INFO - DAG(s) 'example_trigger_target_dag' retrieved from /mnt/c/Users/Pato_/OneDrive/Documentos/ITBA/PYTHON_DATA_APP/itba/lib/python3.10/site-packages/airflow/example_dags/example_trigger_target_dag.py
[2024-10-20T19:41:56.820-0300] {logging_mixin.py:190} INFO - [2024-10-20T19:41:56.819-0300] {dag.py:3239} INFO - Sync 1 DAGs
[2024-10-20T19:41:56.828-0300] {logging_mixin.py:190} INFO - [2024-10-20T19:41:56.828-0300] {dag.py:4180} INFO - Setting next_dagrun for example_trigger_target_dag to None, run_after=None
[2024-10-20T19:41:56.857-0300] {processor.py:208} INFO - Processing /mnt/c/Users/Pato_/OneDrive/Documentos/ITBA/PYTHON_DATA_APP/itba/lib/python3.10/site-packages/airflow/example_dags/example_trigger_target_dag.py took 0.100 seconds
