[2024-10-20T19:00:28.902-0300] {processor.py:186} INFO - Started process (PID=298726) to work on /mnt/c/Users/Pato_/OneDrive/Documentos/ITBA/PYTHON_DATA_APP/itba/lib/python3.10/site-packages/airflow/example_dags/example_skip_dag.py
[2024-10-20T19:00:28.903-0300] {processor.py:914} INFO - Processing file /mnt/c/Users/Pato_/OneDrive/Documentos/ITBA/PYTHON_DATA_APP/itba/lib/python3.10/site-packages/airflow/example_dags/example_skip_dag.py for tasks to queue
[2024-10-20T19:00:28.905-0300] {logging_mixin.py:190} INFO - [2024-10-20T19:00:28.905-0300] {dagbag.py:588} INFO - Filling up the DagBag from /mnt/c/Users/Pato_/OneDrive/Documentos/ITBA/PYTHON_DATA_APP/itba/lib/python3.10/site-packages/airflow/example_dags/example_skip_dag.py
[2024-10-20T19:00:28.944-0300] {processor.py:925} INFO - DAG(s) 'example_skip_dag' retrieved from /mnt/c/Users/Pato_/OneDrive/Documentos/ITBA/PYTHON_DATA_APP/itba/lib/python3.10/site-packages/airflow/example_dags/example_skip_dag.py
[2024-10-20T19:00:29.681-0300] {logging_mixin.py:190} INFO - [2024-10-20T19:00:29.680-0300] {override.py:1907} INFO - Created Permission View: can read on DAG:example_skip_dag
[2024-10-20T19:00:29.700-0300] {logging_mixin.py:190} INFO - [2024-10-20T19:00:29.700-0300] {override.py:1907} INFO - Created Permission View: can delete on DAG:example_skip_dag
[2024-10-20T19:00:29.718-0300] {logging_mixin.py:190} INFO - [2024-10-20T19:00:29.717-0300] {override.py:1907} INFO - Created Permission View: can edit on DAG:example_skip_dag
[2024-10-20T19:00:29.746-0300] {logging_mixin.py:190} INFO - [2024-10-20T19:00:29.746-0300] {override.py:1907} INFO - Created Permission View: can read on DAG Run:example_skip_dag
[2024-10-20T19:00:29.765-0300] {logging_mixin.py:190} INFO - [2024-10-20T19:00:29.764-0300] {override.py:1907} INFO - Created Permission View: can delete on DAG Run:example_skip_dag
[2024-10-20T19:00:29.783-0300] {logging_mixin.py:190} INFO - [2024-10-20T19:00:29.782-0300] {override.py:1907} INFO - Created Permission View: can create on DAG Run:example_skip_dag
[2024-10-20T19:00:29.801-0300] {logging_mixin.py:190} INFO - [2024-10-20T19:00:29.800-0300] {override.py:1907} INFO - Created Permission View: menu access on DAG Run:example_skip_dag
[2024-10-20T19:00:29.802-0300] {logging_mixin.py:190} INFO - [2024-10-20T19:00:29.801-0300] {dag.py:3239} INFO - Sync 1 DAGs
[2024-10-20T19:00:29.812-0300] {logging_mixin.py:190} INFO - [2024-10-20T19:00:29.812-0300] {dag.py:3262} INFO - Creating ORM DAG for example_skip_dag
[2024-10-20T19:00:29.822-0300] {logging_mixin.py:190} INFO - [2024-10-20T19:00:29.821-0300] {dag.py:4180} INFO - Setting next_dagrun for example_skip_dag to 2024-10-19 00:00:00+00:00, run_after=2024-10-20 00:00:00+00:00
[2024-10-20T19:00:29.853-0300] {processor.py:208} INFO - Processing /mnt/c/Users/Pato_/OneDrive/Documentos/ITBA/PYTHON_DATA_APP/itba/lib/python3.10/site-packages/airflow/example_dags/example_skip_dag.py took 0.957 seconds
[2024-10-20T19:02:45.207-0300] {processor.py:186} INFO - Started process (PID=299931) to work on /mnt/c/Users/Pato_/OneDrive/Documentos/ITBA/PYTHON_DATA_APP/itba/lib/python3.10/site-packages/airflow/example_dags/example_skip_dag.py
[2024-10-20T19:02:45.208-0300] {processor.py:914} INFO - Processing file /mnt/c/Users/Pato_/OneDrive/Documentos/ITBA/PYTHON_DATA_APP/itba/lib/python3.10/site-packages/airflow/example_dags/example_skip_dag.py for tasks to queue
[2024-10-20T19:02:45.210-0300] {logging_mixin.py:190} INFO - [2024-10-20T19:02:45.210-0300] {dagbag.py:588} INFO - Filling up the DagBag from /mnt/c/Users/Pato_/OneDrive/Documentos/ITBA/PYTHON_DATA_APP/itba/lib/python3.10/site-packages/airflow/example_dags/example_skip_dag.py
[2024-10-20T19:02:45.250-0300] {processor.py:925} INFO - DAG(s) 'example_skip_dag' retrieved from /mnt/c/Users/Pato_/OneDrive/Documentos/ITBA/PYTHON_DATA_APP/itba/lib/python3.10/site-packages/airflow/example_dags/example_skip_dag.py
[2024-10-20T19:02:45.266-0300] {logging_mixin.py:190} INFO - [2024-10-20T19:02:45.266-0300] {dag.py:3239} INFO - Sync 1 DAGs
[2024-10-20T19:02:45.284-0300] {logging_mixin.py:190} INFO - [2024-10-20T19:02:45.283-0300] {dag.py:4180} INFO - Setting next_dagrun for example_skip_dag to 2024-10-19 00:00:00+00:00, run_after=2024-10-20 00:00:00+00:00
[2024-10-20T19:02:45.311-0300] {processor.py:208} INFO - Processing /mnt/c/Users/Pato_/OneDrive/Documentos/ITBA/PYTHON_DATA_APP/itba/lib/python3.10/site-packages/airflow/example_dags/example_skip_dag.py took 0.110 seconds
[2024-10-20T19:03:54.360-0300] {processor.py:186} INFO - Started process (PID=300477) to work on /mnt/c/Users/Pato_/OneDrive/Documentos/ITBA/PYTHON_DATA_APP/itba/lib/python3.10/site-packages/airflow/example_dags/example_skip_dag.py
[2024-10-20T19:03:54.361-0300] {processor.py:914} INFO - Processing file /mnt/c/Users/Pato_/OneDrive/Documentos/ITBA/PYTHON_DATA_APP/itba/lib/python3.10/site-packages/airflow/example_dags/example_skip_dag.py for tasks to queue
[2024-10-20T19:03:54.363-0300] {logging_mixin.py:190} INFO - [2024-10-20T19:03:54.362-0300] {dagbag.py:588} INFO - Filling up the DagBag from /mnt/c/Users/Pato_/OneDrive/Documentos/ITBA/PYTHON_DATA_APP/itba/lib/python3.10/site-packages/airflow/example_dags/example_skip_dag.py
[2024-10-20T19:03:54.402-0300] {processor.py:925} INFO - DAG(s) 'example_skip_dag' retrieved from /mnt/c/Users/Pato_/OneDrive/Documentos/ITBA/PYTHON_DATA_APP/itba/lib/python3.10/site-packages/airflow/example_dags/example_skip_dag.py
[2024-10-20T19:03:54.418-0300] {logging_mixin.py:190} INFO - [2024-10-20T19:03:54.417-0300] {dag.py:3239} INFO - Sync 1 DAGs
[2024-10-20T19:03:54.435-0300] {logging_mixin.py:190} INFO - [2024-10-20T19:03:54.434-0300] {dag.py:4180} INFO - Setting next_dagrun for example_skip_dag to 2024-10-19 00:00:00+00:00, run_after=2024-10-20 00:00:00+00:00
[2024-10-20T19:03:54.463-0300] {processor.py:208} INFO - Processing /mnt/c/Users/Pato_/OneDrive/Documentos/ITBA/PYTHON_DATA_APP/itba/lib/python3.10/site-packages/airflow/example_dags/example_skip_dag.py took 0.111 seconds
[2024-10-20T19:05:05.345-0300] {processor.py:186} INFO - Started process (PID=301281) to work on /mnt/c/Users/Pato_/OneDrive/Documentos/ITBA/PYTHON_DATA_APP/itba/lib/python3.10/site-packages/airflow/example_dags/example_skip_dag.py
[2024-10-20T19:05:05.346-0300] {processor.py:914} INFO - Processing file /mnt/c/Users/Pato_/OneDrive/Documentos/ITBA/PYTHON_DATA_APP/itba/lib/python3.10/site-packages/airflow/example_dags/example_skip_dag.py for tasks to queue
[2024-10-20T19:05:05.348-0300] {logging_mixin.py:190} INFO - [2024-10-20T19:05:05.347-0300] {dagbag.py:588} INFO - Filling up the DagBag from /mnt/c/Users/Pato_/OneDrive/Documentos/ITBA/PYTHON_DATA_APP/itba/lib/python3.10/site-packages/airflow/example_dags/example_skip_dag.py
[2024-10-20T19:05:05.389-0300] {processor.py:925} INFO - DAG(s) 'example_skip_dag' retrieved from /mnt/c/Users/Pato_/OneDrive/Documentos/ITBA/PYTHON_DATA_APP/itba/lib/python3.10/site-packages/airflow/example_dags/example_skip_dag.py
[2024-10-20T19:05:05.404-0300] {logging_mixin.py:190} INFO - [2024-10-20T19:05:05.404-0300] {dag.py:3239} INFO - Sync 1 DAGs
[2024-10-20T19:05:05.422-0300] {logging_mixin.py:190} INFO - [2024-10-20T19:05:05.421-0300] {dag.py:4180} INFO - Setting next_dagrun for example_skip_dag to 2024-10-19 00:00:00+00:00, run_after=2024-10-20 00:00:00+00:00
[2024-10-20T19:05:05.450-0300] {processor.py:208} INFO - Processing /mnt/c/Users/Pato_/OneDrive/Documentos/ITBA/PYTHON_DATA_APP/itba/lib/python3.10/site-packages/airflow/example_dags/example_skip_dag.py took 0.112 seconds
[2024-10-20T19:08:01.866-0300] {processor.py:186} INFO - Started process (PID=303585) to work on /mnt/c/Users/Pato_/OneDrive/Documentos/ITBA/PYTHON_DATA_APP/itba/lib/python3.10/site-packages/airflow/example_dags/example_skip_dag.py
[2024-10-20T19:08:01.867-0300] {processor.py:914} INFO - Processing file /mnt/c/Users/Pato_/OneDrive/Documentos/ITBA/PYTHON_DATA_APP/itba/lib/python3.10/site-packages/airflow/example_dags/example_skip_dag.py for tasks to queue
[2024-10-20T19:08:01.869-0300] {logging_mixin.py:190} INFO - [2024-10-20T19:08:01.868-0300] {dagbag.py:588} INFO - Filling up the DagBag from /mnt/c/Users/Pato_/OneDrive/Documentos/ITBA/PYTHON_DATA_APP/itba/lib/python3.10/site-packages/airflow/example_dags/example_skip_dag.py
[2024-10-20T19:08:01.909-0300] {processor.py:925} INFO - DAG(s) 'example_skip_dag' retrieved from /mnt/c/Users/Pato_/OneDrive/Documentos/ITBA/PYTHON_DATA_APP/itba/lib/python3.10/site-packages/airflow/example_dags/example_skip_dag.py
[2024-10-20T19:08:01.924-0300] {logging_mixin.py:190} INFO - [2024-10-20T19:08:01.923-0300] {dag.py:3239} INFO - Sync 1 DAGs
[2024-10-20T19:08:01.940-0300] {logging_mixin.py:190} INFO - [2024-10-20T19:08:01.940-0300] {dag.py:4180} INFO - Setting next_dagrun for example_skip_dag to 2024-10-19 00:00:00+00:00, run_after=2024-10-20 00:00:00+00:00
[2024-10-20T19:08:01.968-0300] {processor.py:208} INFO - Processing /mnt/c/Users/Pato_/OneDrive/Documentos/ITBA/PYTHON_DATA_APP/itba/lib/python3.10/site-packages/airflow/example_dags/example_skip_dag.py took 0.109 seconds
[2024-10-20T19:09:08.880-0300] {processor.py:186} INFO - Started process (PID=304172) to work on /mnt/c/Users/Pato_/OneDrive/Documentos/ITBA/PYTHON_DATA_APP/itba/lib/python3.10/site-packages/airflow/example_dags/example_skip_dag.py
[2024-10-20T19:09:08.881-0300] {processor.py:914} INFO - Processing file /mnt/c/Users/Pato_/OneDrive/Documentos/ITBA/PYTHON_DATA_APP/itba/lib/python3.10/site-packages/airflow/example_dags/example_skip_dag.py for tasks to queue
[2024-10-20T19:09:08.883-0300] {logging_mixin.py:190} INFO - [2024-10-20T19:09:08.883-0300] {dagbag.py:588} INFO - Filling up the DagBag from /mnt/c/Users/Pato_/OneDrive/Documentos/ITBA/PYTHON_DATA_APP/itba/lib/python3.10/site-packages/airflow/example_dags/example_skip_dag.py
[2024-10-20T19:09:08.922-0300] {processor.py:925} INFO - DAG(s) 'example_skip_dag' retrieved from /mnt/c/Users/Pato_/OneDrive/Documentos/ITBA/PYTHON_DATA_APP/itba/lib/python3.10/site-packages/airflow/example_dags/example_skip_dag.py
[2024-10-20T19:09:08.937-0300] {logging_mixin.py:190} INFO - [2024-10-20T19:09:08.936-0300] {dag.py:3239} INFO - Sync 1 DAGs
[2024-10-20T19:09:08.953-0300] {logging_mixin.py:190} INFO - [2024-10-20T19:09:08.953-0300] {dag.py:4180} INFO - Setting next_dagrun for example_skip_dag to 2024-10-19 00:00:00+00:00, run_after=2024-10-20 00:00:00+00:00
[2024-10-20T19:09:08.982-0300] {processor.py:208} INFO - Processing /mnt/c/Users/Pato_/OneDrive/Documentos/ITBA/PYTHON_DATA_APP/itba/lib/python3.10/site-packages/airflow/example_dags/example_skip_dag.py took 0.108 seconds
[2024-10-20T19:10:13.472-0300] {processor.py:186} INFO - Started process (PID=304705) to work on /mnt/c/Users/Pato_/OneDrive/Documentos/ITBA/PYTHON_DATA_APP/itba/lib/python3.10/site-packages/airflow/example_dags/example_skip_dag.py
[2024-10-20T19:10:13.473-0300] {processor.py:914} INFO - Processing file /mnt/c/Users/Pato_/OneDrive/Documentos/ITBA/PYTHON_DATA_APP/itba/lib/python3.10/site-packages/airflow/example_dags/example_skip_dag.py for tasks to queue
[2024-10-20T19:10:13.475-0300] {logging_mixin.py:190} INFO - [2024-10-20T19:10:13.474-0300] {dagbag.py:588} INFO - Filling up the DagBag from /mnt/c/Users/Pato_/OneDrive/Documentos/ITBA/PYTHON_DATA_APP/itba/lib/python3.10/site-packages/airflow/example_dags/example_skip_dag.py
[2024-10-20T19:10:13.514-0300] {processor.py:925} INFO - DAG(s) 'example_skip_dag' retrieved from /mnt/c/Users/Pato_/OneDrive/Documentos/ITBA/PYTHON_DATA_APP/itba/lib/python3.10/site-packages/airflow/example_dags/example_skip_dag.py
[2024-10-20T19:10:13.529-0300] {logging_mixin.py:190} INFO - [2024-10-20T19:10:13.528-0300] {dag.py:3239} INFO - Sync 1 DAGs
[2024-10-20T19:10:13.546-0300] {logging_mixin.py:190} INFO - [2024-10-20T19:10:13.545-0300] {dag.py:4180} INFO - Setting next_dagrun for example_skip_dag to 2024-10-19 00:00:00+00:00, run_after=2024-10-20 00:00:00+00:00
[2024-10-20T19:10:13.575-0300] {processor.py:208} INFO - Processing /mnt/c/Users/Pato_/OneDrive/Documentos/ITBA/PYTHON_DATA_APP/itba/lib/python3.10/site-packages/airflow/example_dags/example_skip_dag.py took 0.110 seconds
[2024-10-20T19:11:20.277-0300] {processor.py:186} INFO - Started process (PID=305229) to work on /mnt/c/Users/Pato_/OneDrive/Documentos/ITBA/PYTHON_DATA_APP/itba/lib/python3.10/site-packages/airflow/example_dags/example_skip_dag.py
[2024-10-20T19:11:20.278-0300] {processor.py:914} INFO - Processing file /mnt/c/Users/Pato_/OneDrive/Documentos/ITBA/PYTHON_DATA_APP/itba/lib/python3.10/site-packages/airflow/example_dags/example_skip_dag.py for tasks to queue
[2024-10-20T19:11:20.280-0300] {logging_mixin.py:190} INFO - [2024-10-20T19:11:20.280-0300] {dagbag.py:588} INFO - Filling up the DagBag from /mnt/c/Users/Pato_/OneDrive/Documentos/ITBA/PYTHON_DATA_APP/itba/lib/python3.10/site-packages/airflow/example_dags/example_skip_dag.py
[2024-10-20T19:11:20.320-0300] {processor.py:925} INFO - DAG(s) 'example_skip_dag' retrieved from /mnt/c/Users/Pato_/OneDrive/Documentos/ITBA/PYTHON_DATA_APP/itba/lib/python3.10/site-packages/airflow/example_dags/example_skip_dag.py
[2024-10-20T19:11:20.335-0300] {logging_mixin.py:190} INFO - [2024-10-20T19:11:20.335-0300] {dag.py:3239} INFO - Sync 1 DAGs
[2024-10-20T19:11:20.352-0300] {logging_mixin.py:190} INFO - [2024-10-20T19:11:20.352-0300] {dag.py:4180} INFO - Setting next_dagrun for example_skip_dag to 2024-10-19 00:00:00+00:00, run_after=2024-10-20 00:00:00+00:00
[2024-10-20T19:11:20.381-0300] {processor.py:208} INFO - Processing /mnt/c/Users/Pato_/OneDrive/Documentos/ITBA/PYTHON_DATA_APP/itba/lib/python3.10/site-packages/airflow/example_dags/example_skip_dag.py took 0.110 seconds
[2024-10-20T19:12:30.926-0300] {processor.py:186} INFO - Started process (PID=305774) to work on /mnt/c/Users/Pato_/OneDrive/Documentos/ITBA/PYTHON_DATA_APP/itba/lib/python3.10/site-packages/airflow/example_dags/example_skip_dag.py
[2024-10-20T19:12:30.926-0300] {processor.py:914} INFO - Processing file /mnt/c/Users/Pato_/OneDrive/Documentos/ITBA/PYTHON_DATA_APP/itba/lib/python3.10/site-packages/airflow/example_dags/example_skip_dag.py for tasks to queue
[2024-10-20T19:12:30.928-0300] {logging_mixin.py:190} INFO - [2024-10-20T19:12:30.928-0300] {dagbag.py:588} INFO - Filling up the DagBag from /mnt/c/Users/Pato_/OneDrive/Documentos/ITBA/PYTHON_DATA_APP/itba/lib/python3.10/site-packages/airflow/example_dags/example_skip_dag.py
[2024-10-20T19:12:30.968-0300] {processor.py:925} INFO - DAG(s) 'example_skip_dag' retrieved from /mnt/c/Users/Pato_/OneDrive/Documentos/ITBA/PYTHON_DATA_APP/itba/lib/python3.10/site-packages/airflow/example_dags/example_skip_dag.py
[2024-10-20T19:12:30.983-0300] {logging_mixin.py:190} INFO - [2024-10-20T19:12:30.983-0300] {dag.py:3239} INFO - Sync 1 DAGs
[2024-10-20T19:12:31.000-0300] {logging_mixin.py:190} INFO - [2024-10-20T19:12:31.000-0300] {dag.py:4180} INFO - Setting next_dagrun for example_skip_dag to 2024-10-19 00:00:00+00:00, run_after=2024-10-20 00:00:00+00:00
[2024-10-20T19:12:31.029-0300] {processor.py:208} INFO - Processing /mnt/c/Users/Pato_/OneDrive/Documentos/ITBA/PYTHON_DATA_APP/itba/lib/python3.10/site-packages/airflow/example_dags/example_skip_dag.py took 0.111 seconds
[2024-10-20T19:13:32.501-0300] {processor.py:186} INFO - Started process (PID=306262) to work on /mnt/c/Users/Pato_/OneDrive/Documentos/ITBA/PYTHON_DATA_APP/itba/lib/python3.10/site-packages/airflow/example_dags/example_skip_dag.py
[2024-10-20T19:13:32.502-0300] {processor.py:914} INFO - Processing file /mnt/c/Users/Pato_/OneDrive/Documentos/ITBA/PYTHON_DATA_APP/itba/lib/python3.10/site-packages/airflow/example_dags/example_skip_dag.py for tasks to queue
[2024-10-20T19:13:32.504-0300] {logging_mixin.py:190} INFO - [2024-10-20T19:13:32.504-0300] {dagbag.py:588} INFO - Filling up the DagBag from /mnt/c/Users/Pato_/OneDrive/Documentos/ITBA/PYTHON_DATA_APP/itba/lib/python3.10/site-packages/airflow/example_dags/example_skip_dag.py
[2024-10-20T19:13:32.544-0300] {processor.py:925} INFO - DAG(s) 'example_skip_dag' retrieved from /mnt/c/Users/Pato_/OneDrive/Documentos/ITBA/PYTHON_DATA_APP/itba/lib/python3.10/site-packages/airflow/example_dags/example_skip_dag.py
[2024-10-20T19:13:32.560-0300] {logging_mixin.py:190} INFO - [2024-10-20T19:13:32.559-0300] {dag.py:3239} INFO - Sync 1 DAGs
[2024-10-20T19:13:32.577-0300] {logging_mixin.py:190} INFO - [2024-10-20T19:13:32.577-0300] {dag.py:4180} INFO - Setting next_dagrun for example_skip_dag to 2024-10-19 00:00:00+00:00, run_after=2024-10-20 00:00:00+00:00
[2024-10-20T19:13:32.606-0300] {processor.py:208} INFO - Processing /mnt/c/Users/Pato_/OneDrive/Documentos/ITBA/PYTHON_DATA_APP/itba/lib/python3.10/site-packages/airflow/example_dags/example_skip_dag.py took 0.111 seconds
[2024-10-20T19:14:42.662-0300] {processor.py:186} INFO - Started process (PID=306805) to work on /mnt/c/Users/Pato_/OneDrive/Documentos/ITBA/PYTHON_DATA_APP/itba/lib/python3.10/site-packages/airflow/example_dags/example_skip_dag.py
[2024-10-20T19:14:42.663-0300] {processor.py:914} INFO - Processing file /mnt/c/Users/Pato_/OneDrive/Documentos/ITBA/PYTHON_DATA_APP/itba/lib/python3.10/site-packages/airflow/example_dags/example_skip_dag.py for tasks to queue
[2024-10-20T19:14:42.665-0300] {logging_mixin.py:190} INFO - [2024-10-20T19:14:42.665-0300] {dagbag.py:588} INFO - Filling up the DagBag from /mnt/c/Users/Pato_/OneDrive/Documentos/ITBA/PYTHON_DATA_APP/itba/lib/python3.10/site-packages/airflow/example_dags/example_skip_dag.py
[2024-10-20T19:14:42.705-0300] {processor.py:925} INFO - DAG(s) 'example_skip_dag' retrieved from /mnt/c/Users/Pato_/OneDrive/Documentos/ITBA/PYTHON_DATA_APP/itba/lib/python3.10/site-packages/airflow/example_dags/example_skip_dag.py
[2024-10-20T19:14:42.720-0300] {logging_mixin.py:190} INFO - [2024-10-20T19:14:42.720-0300] {dag.py:3239} INFO - Sync 1 DAGs
[2024-10-20T19:14:42.737-0300] {logging_mixin.py:190} INFO - [2024-10-20T19:14:42.737-0300] {dag.py:4180} INFO - Setting next_dagrun for example_skip_dag to 2024-10-19 00:00:00+00:00, run_after=2024-10-20 00:00:00+00:00
[2024-10-20T19:14:42.765-0300] {processor.py:208} INFO - Processing /mnt/c/Users/Pato_/OneDrive/Documentos/ITBA/PYTHON_DATA_APP/itba/lib/python3.10/site-packages/airflow/example_dags/example_skip_dag.py took 0.109 seconds
[2024-10-20T19:15:50.019-0300] {processor.py:186} INFO - Started process (PID=307357) to work on /mnt/c/Users/Pato_/OneDrive/Documentos/ITBA/PYTHON_DATA_APP/itba/lib/python3.10/site-packages/airflow/example_dags/example_skip_dag.py
[2024-10-20T19:15:50.020-0300] {processor.py:914} INFO - Processing file /mnt/c/Users/Pato_/OneDrive/Documentos/ITBA/PYTHON_DATA_APP/itba/lib/python3.10/site-packages/airflow/example_dags/example_skip_dag.py for tasks to queue
[2024-10-20T19:15:50.022-0300] {logging_mixin.py:190} INFO - [2024-10-20T19:15:50.021-0300] {dagbag.py:588} INFO - Filling up the DagBag from /mnt/c/Users/Pato_/OneDrive/Documentos/ITBA/PYTHON_DATA_APP/itba/lib/python3.10/site-packages/airflow/example_dags/example_skip_dag.py
[2024-10-20T19:15:50.061-0300] {processor.py:925} INFO - DAG(s) 'example_skip_dag' retrieved from /mnt/c/Users/Pato_/OneDrive/Documentos/ITBA/PYTHON_DATA_APP/itba/lib/python3.10/site-packages/airflow/example_dags/example_skip_dag.py
[2024-10-20T19:15:50.076-0300] {logging_mixin.py:190} INFO - [2024-10-20T19:15:50.076-0300] {dag.py:3239} INFO - Sync 1 DAGs
[2024-10-20T19:15:50.092-0300] {logging_mixin.py:190} INFO - [2024-10-20T19:15:50.092-0300] {dag.py:4180} INFO - Setting next_dagrun for example_skip_dag to 2024-10-19 00:00:00+00:00, run_after=2024-10-20 00:00:00+00:00
[2024-10-20T19:15:50.122-0300] {processor.py:208} INFO - Processing /mnt/c/Users/Pato_/OneDrive/Documentos/ITBA/PYTHON_DATA_APP/itba/lib/python3.10/site-packages/airflow/example_dags/example_skip_dag.py took 0.110 seconds
[2024-10-20T19:16:59.792-0300] {processor.py:186} INFO - Started process (PID=307905) to work on /mnt/c/Users/Pato_/OneDrive/Documentos/ITBA/PYTHON_DATA_APP/itba/lib/python3.10/site-packages/airflow/example_dags/example_skip_dag.py
[2024-10-20T19:16:59.793-0300] {processor.py:914} INFO - Processing file /mnt/c/Users/Pato_/OneDrive/Documentos/ITBA/PYTHON_DATA_APP/itba/lib/python3.10/site-packages/airflow/example_dags/example_skip_dag.py for tasks to queue
[2024-10-20T19:16:59.795-0300] {logging_mixin.py:190} INFO - [2024-10-20T19:16:59.794-0300] {dagbag.py:588} INFO - Filling up the DagBag from /mnt/c/Users/Pato_/OneDrive/Documentos/ITBA/PYTHON_DATA_APP/itba/lib/python3.10/site-packages/airflow/example_dags/example_skip_dag.py
[2024-10-20T19:16:59.834-0300] {processor.py:925} INFO - DAG(s) 'example_skip_dag' retrieved from /mnt/c/Users/Pato_/OneDrive/Documentos/ITBA/PYTHON_DATA_APP/itba/lib/python3.10/site-packages/airflow/example_dags/example_skip_dag.py
[2024-10-20T19:16:59.848-0300] {logging_mixin.py:190} INFO - [2024-10-20T19:16:59.848-0300] {dag.py:3239} INFO - Sync 1 DAGs
[2024-10-20T19:16:59.865-0300] {logging_mixin.py:190} INFO - [2024-10-20T19:16:59.864-0300] {dag.py:4180} INFO - Setting next_dagrun for example_skip_dag to 2024-10-19 00:00:00+00:00, run_after=2024-10-20 00:00:00+00:00
[2024-10-20T19:16:59.892-0300] {processor.py:208} INFO - Processing /mnt/c/Users/Pato_/OneDrive/Documentos/ITBA/PYTHON_DATA_APP/itba/lib/python3.10/site-packages/airflow/example_dags/example_skip_dag.py took 0.107 seconds
[2024-10-20T19:17:56.518-0300] {processor.py:186} INFO - Started process (PID=308347) to work on /mnt/c/Users/Pato_/OneDrive/Documentos/ITBA/PYTHON_DATA_APP/itba/lib/python3.10/site-packages/airflow/example_dags/example_skip_dag.py
[2024-10-20T19:17:56.519-0300] {processor.py:914} INFO - Processing file /mnt/c/Users/Pato_/OneDrive/Documentos/ITBA/PYTHON_DATA_APP/itba/lib/python3.10/site-packages/airflow/example_dags/example_skip_dag.py for tasks to queue
[2024-10-20T19:17:56.521-0300] {logging_mixin.py:190} INFO - [2024-10-20T19:17:56.521-0300] {dagbag.py:588} INFO - Filling up the DagBag from /mnt/c/Users/Pato_/OneDrive/Documentos/ITBA/PYTHON_DATA_APP/itba/lib/python3.10/site-packages/airflow/example_dags/example_skip_dag.py
[2024-10-20T19:17:56.561-0300] {processor.py:925} INFO - DAG(s) 'example_skip_dag' retrieved from /mnt/c/Users/Pato_/OneDrive/Documentos/ITBA/PYTHON_DATA_APP/itba/lib/python3.10/site-packages/airflow/example_dags/example_skip_dag.py
[2024-10-20T19:17:56.576-0300] {logging_mixin.py:190} INFO - [2024-10-20T19:17:56.576-0300] {dag.py:3239} INFO - Sync 1 DAGs
[2024-10-20T19:17:56.593-0300] {logging_mixin.py:190} INFO - [2024-10-20T19:17:56.593-0300] {dag.py:4180} INFO - Setting next_dagrun for example_skip_dag to 2024-10-19 00:00:00+00:00, run_after=2024-10-20 00:00:00+00:00
[2024-10-20T19:17:56.622-0300] {processor.py:208} INFO - Processing /mnt/c/Users/Pato_/OneDrive/Documentos/ITBA/PYTHON_DATA_APP/itba/lib/python3.10/site-packages/airflow/example_dags/example_skip_dag.py took 0.110 seconds
[2024-10-20T19:19:06.632-0300] {processor.py:186} INFO - Started process (PID=308890) to work on /mnt/c/Users/Pato_/OneDrive/Documentos/ITBA/PYTHON_DATA_APP/itba/lib/python3.10/site-packages/airflow/example_dags/example_skip_dag.py
[2024-10-20T19:19:06.633-0300] {processor.py:914} INFO - Processing file /mnt/c/Users/Pato_/OneDrive/Documentos/ITBA/PYTHON_DATA_APP/itba/lib/python3.10/site-packages/airflow/example_dags/example_skip_dag.py for tasks to queue
[2024-10-20T19:19:06.635-0300] {logging_mixin.py:190} INFO - [2024-10-20T19:19:06.634-0300] {dagbag.py:588} INFO - Filling up the DagBag from /mnt/c/Users/Pato_/OneDrive/Documentos/ITBA/PYTHON_DATA_APP/itba/lib/python3.10/site-packages/airflow/example_dags/example_skip_dag.py
[2024-10-20T19:19:06.674-0300] {processor.py:925} INFO - DAG(s) 'example_skip_dag' retrieved from /mnt/c/Users/Pato_/OneDrive/Documentos/ITBA/PYTHON_DATA_APP/itba/lib/python3.10/site-packages/airflow/example_dags/example_skip_dag.py
[2024-10-20T19:19:06.689-0300] {logging_mixin.py:190} INFO - [2024-10-20T19:19:06.688-0300] {dag.py:3239} INFO - Sync 1 DAGs
[2024-10-20T19:19:06.706-0300] {logging_mixin.py:190} INFO - [2024-10-20T19:19:06.705-0300] {dag.py:4180} INFO - Setting next_dagrun for example_skip_dag to 2024-10-19 00:00:00+00:00, run_after=2024-10-20 00:00:00+00:00
[2024-10-20T19:19:06.735-0300] {processor.py:208} INFO - Processing /mnt/c/Users/Pato_/OneDrive/Documentos/ITBA/PYTHON_DATA_APP/itba/lib/python3.10/site-packages/airflow/example_dags/example_skip_dag.py took 0.110 seconds
[2024-10-20T19:20:16.981-0300] {processor.py:186} INFO - Started process (PID=309470) to work on /mnt/c/Users/Pato_/OneDrive/Documentos/ITBA/PYTHON_DATA_APP/itba/lib/python3.10/site-packages/airflow/example_dags/example_skip_dag.py
[2024-10-20T19:20:16.982-0300] {processor.py:914} INFO - Processing file /mnt/c/Users/Pato_/OneDrive/Documentos/ITBA/PYTHON_DATA_APP/itba/lib/python3.10/site-packages/airflow/example_dags/example_skip_dag.py for tasks to queue
[2024-10-20T19:20:16.985-0300] {logging_mixin.py:190} INFO - [2024-10-20T19:20:16.984-0300] {dagbag.py:588} INFO - Filling up the DagBag from /mnt/c/Users/Pato_/OneDrive/Documentos/ITBA/PYTHON_DATA_APP/itba/lib/python3.10/site-packages/airflow/example_dags/example_skip_dag.py
[2024-10-20T19:20:17.024-0300] {processor.py:925} INFO - DAG(s) 'example_skip_dag' retrieved from /mnt/c/Users/Pato_/OneDrive/Documentos/ITBA/PYTHON_DATA_APP/itba/lib/python3.10/site-packages/airflow/example_dags/example_skip_dag.py
[2024-10-20T19:20:17.039-0300] {logging_mixin.py:190} INFO - [2024-10-20T19:20:17.039-0300] {dag.py:3239} INFO - Sync 1 DAGs
[2024-10-20T19:20:17.057-0300] {logging_mixin.py:190} INFO - [2024-10-20T19:20:17.056-0300] {dag.py:4180} INFO - Setting next_dagrun for example_skip_dag to 2024-10-19 00:00:00+00:00, run_after=2024-10-20 00:00:00+00:00
[2024-10-20T19:20:17.085-0300] {processor.py:208} INFO - Processing /mnt/c/Users/Pato_/OneDrive/Documentos/ITBA/PYTHON_DATA_APP/itba/lib/python3.10/site-packages/airflow/example_dags/example_skip_dag.py took 0.110 seconds
[2024-10-20T19:21:26.896-0300] {processor.py:186} INFO - Started process (PID=310078) to work on /mnt/c/Users/Pato_/OneDrive/Documentos/ITBA/PYTHON_DATA_APP/itba/lib/python3.10/site-packages/airflow/example_dags/example_skip_dag.py
[2024-10-20T19:21:26.897-0300] {processor.py:914} INFO - Processing file /mnt/c/Users/Pato_/OneDrive/Documentos/ITBA/PYTHON_DATA_APP/itba/lib/python3.10/site-packages/airflow/example_dags/example_skip_dag.py for tasks to queue
[2024-10-20T19:21:26.899-0300] {logging_mixin.py:190} INFO - [2024-10-20T19:21:26.899-0300] {dagbag.py:588} INFO - Filling up the DagBag from /mnt/c/Users/Pato_/OneDrive/Documentos/ITBA/PYTHON_DATA_APP/itba/lib/python3.10/site-packages/airflow/example_dags/example_skip_dag.py
[2024-10-20T19:21:26.938-0300] {processor.py:925} INFO - DAG(s) 'example_skip_dag' retrieved from /mnt/c/Users/Pato_/OneDrive/Documentos/ITBA/PYTHON_DATA_APP/itba/lib/python3.10/site-packages/airflow/example_dags/example_skip_dag.py
[2024-10-20T19:21:26.953-0300] {logging_mixin.py:190} INFO - [2024-10-20T19:21:26.953-0300] {dag.py:3239} INFO - Sync 1 DAGs
[2024-10-20T19:21:26.970-0300] {logging_mixin.py:190} INFO - [2024-10-20T19:21:26.970-0300] {dag.py:4180} INFO - Setting next_dagrun for example_skip_dag to 2024-10-19 00:00:00+00:00, run_after=2024-10-20 00:00:00+00:00
[2024-10-20T19:21:26.999-0300] {processor.py:208} INFO - Processing /mnt/c/Users/Pato_/OneDrive/Documentos/ITBA/PYTHON_DATA_APP/itba/lib/python3.10/site-packages/airflow/example_dags/example_skip_dag.py took 0.109 seconds
[2024-10-20T19:22:34.850-0300] {processor.py:186} INFO - Started process (PID=310702) to work on /mnt/c/Users/Pato_/OneDrive/Documentos/ITBA/PYTHON_DATA_APP/itba/lib/python3.10/site-packages/airflow/example_dags/example_skip_dag.py
[2024-10-20T19:22:34.851-0300] {processor.py:914} INFO - Processing file /mnt/c/Users/Pato_/OneDrive/Documentos/ITBA/PYTHON_DATA_APP/itba/lib/python3.10/site-packages/airflow/example_dags/example_skip_dag.py for tasks to queue
[2024-10-20T19:22:34.853-0300] {logging_mixin.py:190} INFO - [2024-10-20T19:22:34.852-0300] {dagbag.py:588} INFO - Filling up the DagBag from /mnt/c/Users/Pato_/OneDrive/Documentos/ITBA/PYTHON_DATA_APP/itba/lib/python3.10/site-packages/airflow/example_dags/example_skip_dag.py
[2024-10-20T19:22:34.892-0300] {processor.py:925} INFO - DAG(s) 'example_skip_dag' retrieved from /mnt/c/Users/Pato_/OneDrive/Documentos/ITBA/PYTHON_DATA_APP/itba/lib/python3.10/site-packages/airflow/example_dags/example_skip_dag.py
[2024-10-20T19:22:34.908-0300] {logging_mixin.py:190} INFO - [2024-10-20T19:22:34.907-0300] {dag.py:3239} INFO - Sync 1 DAGs
[2024-10-20T19:22:34.925-0300] {logging_mixin.py:190} INFO - [2024-10-20T19:22:34.924-0300] {dag.py:4180} INFO - Setting next_dagrun for example_skip_dag to 2024-10-19 00:00:00+00:00, run_after=2024-10-20 00:00:00+00:00
[2024-10-20T19:22:34.953-0300] {processor.py:208} INFO - Processing /mnt/c/Users/Pato_/OneDrive/Documentos/ITBA/PYTHON_DATA_APP/itba/lib/python3.10/site-packages/airflow/example_dags/example_skip_dag.py took 0.110 seconds
[2024-10-20T19:23:36.646-0300] {processor.py:186} INFO - Started process (PID=311331) to work on /mnt/c/Users/Pato_/OneDrive/Documentos/ITBA/PYTHON_DATA_APP/itba/lib/python3.10/site-packages/airflow/example_dags/example_skip_dag.py
[2024-10-20T19:23:36.647-0300] {processor.py:914} INFO - Processing file /mnt/c/Users/Pato_/OneDrive/Documentos/ITBA/PYTHON_DATA_APP/itba/lib/python3.10/site-packages/airflow/example_dags/example_skip_dag.py for tasks to queue
[2024-10-20T19:23:36.649-0300] {logging_mixin.py:190} INFO - [2024-10-20T19:23:36.649-0300] {dagbag.py:588} INFO - Filling up the DagBag from /mnt/c/Users/Pato_/OneDrive/Documentos/ITBA/PYTHON_DATA_APP/itba/lib/python3.10/site-packages/airflow/example_dags/example_skip_dag.py
[2024-10-20T19:23:36.688-0300] {processor.py:925} INFO - DAG(s) 'example_skip_dag' retrieved from /mnt/c/Users/Pato_/OneDrive/Documentos/ITBA/PYTHON_DATA_APP/itba/lib/python3.10/site-packages/airflow/example_dags/example_skip_dag.py
[2024-10-20T19:23:36.706-0300] {logging_mixin.py:190} INFO - [2024-10-20T19:23:36.706-0300] {dag.py:3239} INFO - Sync 1 DAGs
[2024-10-20T19:23:36.724-0300] {logging_mixin.py:190} INFO - [2024-10-20T19:23:36.724-0300] {dag.py:4180} INFO - Setting next_dagrun for example_skip_dag to 2024-10-19 00:00:00+00:00, run_after=2024-10-20 00:00:00+00:00
[2024-10-20T19:23:36.754-0300] {processor.py:208} INFO - Processing /mnt/c/Users/Pato_/OneDrive/Documentos/ITBA/PYTHON_DATA_APP/itba/lib/python3.10/site-packages/airflow/example_dags/example_skip_dag.py took 0.114 seconds
[2024-10-20T19:24:42.686-0300] {processor.py:186} INFO - Started process (PID=312311) to work on /mnt/c/Users/Pato_/OneDrive/Documentos/ITBA/PYTHON_DATA_APP/itba/lib/python3.10/site-packages/airflow/example_dags/example_skip_dag.py
[2024-10-20T19:24:42.687-0300] {processor.py:914} INFO - Processing file /mnt/c/Users/Pato_/OneDrive/Documentos/ITBA/PYTHON_DATA_APP/itba/lib/python3.10/site-packages/airflow/example_dags/example_skip_dag.py for tasks to queue
[2024-10-20T19:24:42.689-0300] {logging_mixin.py:190} INFO - [2024-10-20T19:24:42.688-0300] {dagbag.py:588} INFO - Filling up the DagBag from /mnt/c/Users/Pato_/OneDrive/Documentos/ITBA/PYTHON_DATA_APP/itba/lib/python3.10/site-packages/airflow/example_dags/example_skip_dag.py
[2024-10-20T19:24:42.735-0300] {processor.py:925} INFO - DAG(s) 'example_skip_dag' retrieved from /mnt/c/Users/Pato_/OneDrive/Documentos/ITBA/PYTHON_DATA_APP/itba/lib/python3.10/site-packages/airflow/example_dags/example_skip_dag.py
[2024-10-20T19:24:42.752-0300] {logging_mixin.py:190} INFO - [2024-10-20T19:24:42.751-0300] {dag.py:3239} INFO - Sync 1 DAGs
[2024-10-20T19:24:42.771-0300] {logging_mixin.py:190} INFO - [2024-10-20T19:24:42.770-0300] {dag.py:4180} INFO - Setting next_dagrun for example_skip_dag to 2024-10-19 00:00:00+00:00, run_after=2024-10-20 00:00:00+00:00
[2024-10-20T19:24:42.804-0300] {processor.py:208} INFO - Processing /mnt/c/Users/Pato_/OneDrive/Documentos/ITBA/PYTHON_DATA_APP/itba/lib/python3.10/site-packages/airflow/example_dags/example_skip_dag.py took 0.127 seconds
[2024-10-20T19:26:22.322-0300] {processor.py:186} INFO - Started process (PID=313591) to work on /mnt/c/Users/Pato_/OneDrive/Documentos/ITBA/PYTHON_DATA_APP/itba/lib/python3.10/site-packages/airflow/example_dags/example_skip_dag.py
[2024-10-20T19:26:22.323-0300] {processor.py:914} INFO - Processing file /mnt/c/Users/Pato_/OneDrive/Documentos/ITBA/PYTHON_DATA_APP/itba/lib/python3.10/site-packages/airflow/example_dags/example_skip_dag.py for tasks to queue
[2024-10-20T19:26:22.325-0300] {logging_mixin.py:190} INFO - [2024-10-20T19:26:22.325-0300] {dagbag.py:588} INFO - Filling up the DagBag from /mnt/c/Users/Pato_/OneDrive/Documentos/ITBA/PYTHON_DATA_APP/itba/lib/python3.10/site-packages/airflow/example_dags/example_skip_dag.py
[2024-10-20T19:26:22.366-0300] {processor.py:925} INFO - DAG(s) 'example_skip_dag' retrieved from /mnt/c/Users/Pato_/OneDrive/Documentos/ITBA/PYTHON_DATA_APP/itba/lib/python3.10/site-packages/airflow/example_dags/example_skip_dag.py
[2024-10-20T19:26:22.382-0300] {logging_mixin.py:190} INFO - [2024-10-20T19:26:22.382-0300] {dag.py:3239} INFO - Sync 1 DAGs
[2024-10-20T19:26:22.401-0300] {logging_mixin.py:190} INFO - [2024-10-20T19:26:22.400-0300] {dag.py:4180} INFO - Setting next_dagrun for example_skip_dag to 2024-10-19 00:00:00+00:00, run_after=2024-10-20 00:00:00+00:00
[2024-10-20T19:26:22.431-0300] {processor.py:208} INFO - Processing /mnt/c/Users/Pato_/OneDrive/Documentos/ITBA/PYTHON_DATA_APP/itba/lib/python3.10/site-packages/airflow/example_dags/example_skip_dag.py took 0.116 seconds
[2024-10-20T19:27:26.157-0300] {processor.py:186} INFO - Started process (PID=314415) to work on /mnt/c/Users/Pato_/OneDrive/Documentos/ITBA/PYTHON_DATA_APP/itba/lib/python3.10/site-packages/airflow/example_dags/example_skip_dag.py
[2024-10-20T19:27:26.158-0300] {processor.py:914} INFO - Processing file /mnt/c/Users/Pato_/OneDrive/Documentos/ITBA/PYTHON_DATA_APP/itba/lib/python3.10/site-packages/airflow/example_dags/example_skip_dag.py for tasks to queue
[2024-10-20T19:27:26.160-0300] {logging_mixin.py:190} INFO - [2024-10-20T19:27:26.159-0300] {dagbag.py:588} INFO - Filling up the DagBag from /mnt/c/Users/Pato_/OneDrive/Documentos/ITBA/PYTHON_DATA_APP/itba/lib/python3.10/site-packages/airflow/example_dags/example_skip_dag.py
[2024-10-20T19:27:26.198-0300] {processor.py:925} INFO - DAG(s) 'example_skip_dag' retrieved from /mnt/c/Users/Pato_/OneDrive/Documentos/ITBA/PYTHON_DATA_APP/itba/lib/python3.10/site-packages/airflow/example_dags/example_skip_dag.py
[2024-10-20T19:27:26.213-0300] {logging_mixin.py:190} INFO - [2024-10-20T19:27:26.213-0300] {dag.py:3239} INFO - Sync 1 DAGs
[2024-10-20T19:27:26.230-0300] {logging_mixin.py:190} INFO - [2024-10-20T19:27:26.230-0300] {dag.py:4180} INFO - Setting next_dagrun for example_skip_dag to 2024-10-19 00:00:00+00:00, run_after=2024-10-20 00:00:00+00:00
[2024-10-20T19:27:26.258-0300] {processor.py:208} INFO - Processing /mnt/c/Users/Pato_/OneDrive/Documentos/ITBA/PYTHON_DATA_APP/itba/lib/python3.10/site-packages/airflow/example_dags/example_skip_dag.py took 0.109 seconds
[2024-10-20T19:28:33.820-0300] {processor.py:186} INFO - Started process (PID=315147) to work on /mnt/c/Users/Pato_/OneDrive/Documentos/ITBA/PYTHON_DATA_APP/itba/lib/python3.10/site-packages/airflow/example_dags/example_skip_dag.py
[2024-10-20T19:28:33.821-0300] {processor.py:914} INFO - Processing file /mnt/c/Users/Pato_/OneDrive/Documentos/ITBA/PYTHON_DATA_APP/itba/lib/python3.10/site-packages/airflow/example_dags/example_skip_dag.py for tasks to queue
[2024-10-20T19:28:33.823-0300] {logging_mixin.py:190} INFO - [2024-10-20T19:28:33.823-0300] {dagbag.py:588} INFO - Filling up the DagBag from /mnt/c/Users/Pato_/OneDrive/Documentos/ITBA/PYTHON_DATA_APP/itba/lib/python3.10/site-packages/airflow/example_dags/example_skip_dag.py
[2024-10-20T19:28:33.862-0300] {processor.py:925} INFO - DAG(s) 'example_skip_dag' retrieved from /mnt/c/Users/Pato_/OneDrive/Documentos/ITBA/PYTHON_DATA_APP/itba/lib/python3.10/site-packages/airflow/example_dags/example_skip_dag.py
[2024-10-20T19:28:33.877-0300] {logging_mixin.py:190} INFO - [2024-10-20T19:28:33.877-0300] {dag.py:3239} INFO - Sync 1 DAGs
[2024-10-20T19:28:33.895-0300] {logging_mixin.py:190} INFO - [2024-10-20T19:28:33.895-0300] {dag.py:4180} INFO - Setting next_dagrun for example_skip_dag to 2024-10-19 00:00:00+00:00, run_after=2024-10-20 00:00:00+00:00
[2024-10-20T19:28:33.924-0300] {processor.py:208} INFO - Processing /mnt/c/Users/Pato_/OneDrive/Documentos/ITBA/PYTHON_DATA_APP/itba/lib/python3.10/site-packages/airflow/example_dags/example_skip_dag.py took 0.110 seconds
[2024-10-20T19:29:41.580-0300] {processor.py:186} INFO - Started process (PID=315948) to work on /mnt/c/Users/Pato_/OneDrive/Documentos/ITBA/PYTHON_DATA_APP/itba/lib/python3.10/site-packages/airflow/example_dags/example_skip_dag.py
[2024-10-20T19:29:41.581-0300] {processor.py:914} INFO - Processing file /mnt/c/Users/Pato_/OneDrive/Documentos/ITBA/PYTHON_DATA_APP/itba/lib/python3.10/site-packages/airflow/example_dags/example_skip_dag.py for tasks to queue
[2024-10-20T19:29:41.583-0300] {logging_mixin.py:190} INFO - [2024-10-20T19:29:41.583-0300] {dagbag.py:588} INFO - Filling up the DagBag from /mnt/c/Users/Pato_/OneDrive/Documentos/ITBA/PYTHON_DATA_APP/itba/lib/python3.10/site-packages/airflow/example_dags/example_skip_dag.py
[2024-10-20T19:29:41.623-0300] {processor.py:925} INFO - DAG(s) 'example_skip_dag' retrieved from /mnt/c/Users/Pato_/OneDrive/Documentos/ITBA/PYTHON_DATA_APP/itba/lib/python3.10/site-packages/airflow/example_dags/example_skip_dag.py
[2024-10-20T19:29:41.639-0300] {logging_mixin.py:190} INFO - [2024-10-20T19:29:41.639-0300] {dag.py:3239} INFO - Sync 1 DAGs
[2024-10-20T19:29:41.657-0300] {logging_mixin.py:190} INFO - [2024-10-20T19:29:41.657-0300] {dag.py:4180} INFO - Setting next_dagrun for example_skip_dag to 2024-10-19 00:00:00+00:00, run_after=2024-10-20 00:00:00+00:00
[2024-10-20T19:29:41.687-0300] {processor.py:208} INFO - Processing /mnt/c/Users/Pato_/OneDrive/Documentos/ITBA/PYTHON_DATA_APP/itba/lib/python3.10/site-packages/airflow/example_dags/example_skip_dag.py took 0.114 seconds
[2024-10-20T19:30:52.834-0300] {processor.py:186} INFO - Started process (PID=316530) to work on /mnt/c/Users/Pato_/OneDrive/Documentos/ITBA/PYTHON_DATA_APP/itba/lib/python3.10/site-packages/airflow/example_dags/example_skip_dag.py
[2024-10-20T19:30:52.835-0300] {processor.py:914} INFO - Processing file /mnt/c/Users/Pato_/OneDrive/Documentos/ITBA/PYTHON_DATA_APP/itba/lib/python3.10/site-packages/airflow/example_dags/example_skip_dag.py for tasks to queue
[2024-10-20T19:30:52.837-0300] {logging_mixin.py:190} INFO - [2024-10-20T19:30:52.837-0300] {dagbag.py:588} INFO - Filling up the DagBag from /mnt/c/Users/Pato_/OneDrive/Documentos/ITBA/PYTHON_DATA_APP/itba/lib/python3.10/site-packages/airflow/example_dags/example_skip_dag.py
[2024-10-20T19:30:52.878-0300] {processor.py:925} INFO - DAG(s) 'example_skip_dag' retrieved from /mnt/c/Users/Pato_/OneDrive/Documentos/ITBA/PYTHON_DATA_APP/itba/lib/python3.10/site-packages/airflow/example_dags/example_skip_dag.py
[2024-10-20T19:30:52.894-0300] {logging_mixin.py:190} INFO - [2024-10-20T19:30:52.893-0300] {dag.py:3239} INFO - Sync 1 DAGs
[2024-10-20T19:30:52.911-0300] {logging_mixin.py:190} INFO - [2024-10-20T19:30:52.910-0300] {dag.py:4180} INFO - Setting next_dagrun for example_skip_dag to 2024-10-19 00:00:00+00:00, run_after=2024-10-20 00:00:00+00:00
[2024-10-20T19:30:52.941-0300] {processor.py:208} INFO - Processing /mnt/c/Users/Pato_/OneDrive/Documentos/ITBA/PYTHON_DATA_APP/itba/lib/python3.10/site-packages/airflow/example_dags/example_skip_dag.py took 0.114 seconds
[2024-10-20T19:31:58.946-0300] {processor.py:186} INFO - Started process (PID=317043) to work on /mnt/c/Users/Pato_/OneDrive/Documentos/ITBA/PYTHON_DATA_APP/itba/lib/python3.10/site-packages/airflow/example_dags/example_skip_dag.py
[2024-10-20T19:31:58.947-0300] {processor.py:914} INFO - Processing file /mnt/c/Users/Pato_/OneDrive/Documentos/ITBA/PYTHON_DATA_APP/itba/lib/python3.10/site-packages/airflow/example_dags/example_skip_dag.py for tasks to queue
[2024-10-20T19:31:58.949-0300] {logging_mixin.py:190} INFO - [2024-10-20T19:31:58.948-0300] {dagbag.py:588} INFO - Filling up the DagBag from /mnt/c/Users/Pato_/OneDrive/Documentos/ITBA/PYTHON_DATA_APP/itba/lib/python3.10/site-packages/airflow/example_dags/example_skip_dag.py
[2024-10-20T19:31:58.988-0300] {processor.py:925} INFO - DAG(s) 'example_skip_dag' retrieved from /mnt/c/Users/Pato_/OneDrive/Documentos/ITBA/PYTHON_DATA_APP/itba/lib/python3.10/site-packages/airflow/example_dags/example_skip_dag.py
[2024-10-20T19:31:59.004-0300] {logging_mixin.py:190} INFO - [2024-10-20T19:31:59.003-0300] {dag.py:3239} INFO - Sync 1 DAGs
[2024-10-20T19:31:59.021-0300] {logging_mixin.py:190} INFO - [2024-10-20T19:31:59.020-0300] {dag.py:4180} INFO - Setting next_dagrun for example_skip_dag to 2024-10-19 00:00:00+00:00, run_after=2024-10-20 00:00:00+00:00
[2024-10-20T19:31:59.050-0300] {processor.py:208} INFO - Processing /mnt/c/Users/Pato_/OneDrive/Documentos/ITBA/PYTHON_DATA_APP/itba/lib/python3.10/site-packages/airflow/example_dags/example_skip_dag.py took 0.111 seconds
[2024-10-20T19:33:06.527-0300] {processor.py:186} INFO - Started process (PID=317607) to work on /mnt/c/Users/Pato_/OneDrive/Documentos/ITBA/PYTHON_DATA_APP/itba/lib/python3.10/site-packages/airflow/example_dags/example_skip_dag.py
[2024-10-20T19:33:06.528-0300] {processor.py:914} INFO - Processing file /mnt/c/Users/Pato_/OneDrive/Documentos/ITBA/PYTHON_DATA_APP/itba/lib/python3.10/site-packages/airflow/example_dags/example_skip_dag.py for tasks to queue
[2024-10-20T19:33:06.530-0300] {logging_mixin.py:190} INFO - [2024-10-20T19:33:06.530-0300] {dagbag.py:588} INFO - Filling up the DagBag from /mnt/c/Users/Pato_/OneDrive/Documentos/ITBA/PYTHON_DATA_APP/itba/lib/python3.10/site-packages/airflow/example_dags/example_skip_dag.py
[2024-10-20T19:33:06.570-0300] {processor.py:925} INFO - DAG(s) 'example_skip_dag' retrieved from /mnt/c/Users/Pato_/OneDrive/Documentos/ITBA/PYTHON_DATA_APP/itba/lib/python3.10/site-packages/airflow/example_dags/example_skip_dag.py
[2024-10-20T19:33:06.586-0300] {logging_mixin.py:190} INFO - [2024-10-20T19:33:06.585-0300] {dag.py:3239} INFO - Sync 1 DAGs
[2024-10-20T19:33:06.603-0300] {logging_mixin.py:190} INFO - [2024-10-20T19:33:06.603-0300] {dag.py:4180} INFO - Setting next_dagrun for example_skip_dag to 2024-10-19 00:00:00+00:00, run_after=2024-10-20 00:00:00+00:00
[2024-10-20T19:33:06.632-0300] {processor.py:208} INFO - Processing /mnt/c/Users/Pato_/OneDrive/Documentos/ITBA/PYTHON_DATA_APP/itba/lib/python3.10/site-packages/airflow/example_dags/example_skip_dag.py took 0.111 seconds
[2024-10-20T19:34:13.009-0300] {processor.py:186} INFO - Started process (PID=318254) to work on /mnt/c/Users/Pato_/OneDrive/Documentos/ITBA/PYTHON_DATA_APP/itba/lib/python3.10/site-packages/airflow/example_dags/example_skip_dag.py
[2024-10-20T19:34:13.010-0300] {processor.py:914} INFO - Processing file /mnt/c/Users/Pato_/OneDrive/Documentos/ITBA/PYTHON_DATA_APP/itba/lib/python3.10/site-packages/airflow/example_dags/example_skip_dag.py for tasks to queue
[2024-10-20T19:34:13.012-0300] {logging_mixin.py:190} INFO - [2024-10-20T19:34:13.011-0300] {dagbag.py:588} INFO - Filling up the DagBag from /mnt/c/Users/Pato_/OneDrive/Documentos/ITBA/PYTHON_DATA_APP/itba/lib/python3.10/site-packages/airflow/example_dags/example_skip_dag.py
[2024-10-20T19:34:13.051-0300] {processor.py:925} INFO - DAG(s) 'example_skip_dag' retrieved from /mnt/c/Users/Pato_/OneDrive/Documentos/ITBA/PYTHON_DATA_APP/itba/lib/python3.10/site-packages/airflow/example_dags/example_skip_dag.py
[2024-10-20T19:34:13.067-0300] {logging_mixin.py:190} INFO - [2024-10-20T19:34:13.066-0300] {dag.py:3239} INFO - Sync 1 DAGs
[2024-10-20T19:34:13.084-0300] {logging_mixin.py:190} INFO - [2024-10-20T19:34:13.083-0300] {dag.py:4180} INFO - Setting next_dagrun for example_skip_dag to 2024-10-19 00:00:00+00:00, run_after=2024-10-20 00:00:00+00:00
[2024-10-20T19:34:13.112-0300] {processor.py:208} INFO - Processing /mnt/c/Users/Pato_/OneDrive/Documentos/ITBA/PYTHON_DATA_APP/itba/lib/python3.10/site-packages/airflow/example_dags/example_skip_dag.py took 0.110 seconds
[2024-10-20T19:35:21.927-0300] {processor.py:186} INFO - Started process (PID=319056) to work on /mnt/c/Users/Pato_/OneDrive/Documentos/ITBA/PYTHON_DATA_APP/itba/lib/python3.10/site-packages/airflow/example_dags/example_skip_dag.py
[2024-10-20T19:35:21.929-0300] {processor.py:914} INFO - Processing file /mnt/c/Users/Pato_/OneDrive/Documentos/ITBA/PYTHON_DATA_APP/itba/lib/python3.10/site-packages/airflow/example_dags/example_skip_dag.py for tasks to queue
[2024-10-20T19:35:21.931-0300] {logging_mixin.py:190} INFO - [2024-10-20T19:35:21.930-0300] {dagbag.py:588} INFO - Filling up the DagBag from /mnt/c/Users/Pato_/OneDrive/Documentos/ITBA/PYTHON_DATA_APP/itba/lib/python3.10/site-packages/airflow/example_dags/example_skip_dag.py
[2024-10-20T19:35:21.972-0300] {processor.py:925} INFO - DAG(s) 'example_skip_dag' retrieved from /mnt/c/Users/Pato_/OneDrive/Documentos/ITBA/PYTHON_DATA_APP/itba/lib/python3.10/site-packages/airflow/example_dags/example_skip_dag.py
[2024-10-20T19:35:21.989-0300] {logging_mixin.py:190} INFO - [2024-10-20T19:35:21.988-0300] {dag.py:3239} INFO - Sync 1 DAGs
[2024-10-20T19:35:22.006-0300] {logging_mixin.py:190} INFO - [2024-10-20T19:35:22.006-0300] {dag.py:4180} INFO - Setting next_dagrun for example_skip_dag to 2024-10-19 00:00:00+00:00, run_after=2024-10-20 00:00:00+00:00
[2024-10-20T19:35:22.035-0300] {processor.py:208} INFO - Processing /mnt/c/Users/Pato_/OneDrive/Documentos/ITBA/PYTHON_DATA_APP/itba/lib/python3.10/site-packages/airflow/example_dags/example_skip_dag.py took 0.114 seconds
[2024-10-20T19:36:32.090-0300] {processor.py:186} INFO - Started process (PID=319605) to work on /mnt/c/Users/Pato_/OneDrive/Documentos/ITBA/PYTHON_DATA_APP/itba/lib/python3.10/site-packages/airflow/example_dags/example_skip_dag.py
[2024-10-20T19:36:32.091-0300] {processor.py:914} INFO - Processing file /mnt/c/Users/Pato_/OneDrive/Documentos/ITBA/PYTHON_DATA_APP/itba/lib/python3.10/site-packages/airflow/example_dags/example_skip_dag.py for tasks to queue
[2024-10-20T19:36:32.093-0300] {logging_mixin.py:190} INFO - [2024-10-20T19:36:32.092-0300] {dagbag.py:588} INFO - Filling up the DagBag from /mnt/c/Users/Pato_/OneDrive/Documentos/ITBA/PYTHON_DATA_APP/itba/lib/python3.10/site-packages/airflow/example_dags/example_skip_dag.py
[2024-10-20T19:36:32.131-0300] {processor.py:925} INFO - DAG(s) 'example_skip_dag' retrieved from /mnt/c/Users/Pato_/OneDrive/Documentos/ITBA/PYTHON_DATA_APP/itba/lib/python3.10/site-packages/airflow/example_dags/example_skip_dag.py
[2024-10-20T19:36:32.146-0300] {logging_mixin.py:190} INFO - [2024-10-20T19:36:32.145-0300] {dag.py:3239} INFO - Sync 1 DAGs
[2024-10-20T19:36:32.162-0300] {logging_mixin.py:190} INFO - [2024-10-20T19:36:32.162-0300] {dag.py:4180} INFO - Setting next_dagrun for example_skip_dag to 2024-10-19 00:00:00+00:00, run_after=2024-10-20 00:00:00+00:00
[2024-10-20T19:36:32.191-0300] {processor.py:208} INFO - Processing /mnt/c/Users/Pato_/OneDrive/Documentos/ITBA/PYTHON_DATA_APP/itba/lib/python3.10/site-packages/airflow/example_dags/example_skip_dag.py took 0.107 seconds
[2024-10-20T19:37:39.457-0300] {processor.py:186} INFO - Started process (PID=320131) to work on /mnt/c/Users/Pato_/OneDrive/Documentos/ITBA/PYTHON_DATA_APP/itba/lib/python3.10/site-packages/airflow/example_dags/example_skip_dag.py
[2024-10-20T19:37:39.458-0300] {processor.py:914} INFO - Processing file /mnt/c/Users/Pato_/OneDrive/Documentos/ITBA/PYTHON_DATA_APP/itba/lib/python3.10/site-packages/airflow/example_dags/example_skip_dag.py for tasks to queue
[2024-10-20T19:37:39.460-0300] {logging_mixin.py:190} INFO - [2024-10-20T19:37:39.459-0300] {dagbag.py:588} INFO - Filling up the DagBag from /mnt/c/Users/Pato_/OneDrive/Documentos/ITBA/PYTHON_DATA_APP/itba/lib/python3.10/site-packages/airflow/example_dags/example_skip_dag.py
[2024-10-20T19:37:39.500-0300] {processor.py:925} INFO - DAG(s) 'example_skip_dag' retrieved from /mnt/c/Users/Pato_/OneDrive/Documentos/ITBA/PYTHON_DATA_APP/itba/lib/python3.10/site-packages/airflow/example_dags/example_skip_dag.py
[2024-10-20T19:37:39.516-0300] {logging_mixin.py:190} INFO - [2024-10-20T19:37:39.515-0300] {dag.py:3239} INFO - Sync 1 DAGs
[2024-10-20T19:37:39.532-0300] {logging_mixin.py:190} INFO - [2024-10-20T19:37:39.532-0300] {dag.py:4180} INFO - Setting next_dagrun for example_skip_dag to 2024-10-19 00:00:00+00:00, run_after=2024-10-20 00:00:00+00:00
[2024-10-20T19:37:39.560-0300] {processor.py:208} INFO - Processing /mnt/c/Users/Pato_/OneDrive/Documentos/ITBA/PYTHON_DATA_APP/itba/lib/python3.10/site-packages/airflow/example_dags/example_skip_dag.py took 0.110 seconds
[2024-10-20T19:38:44.813-0300] {processor.py:186} INFO - Started process (PID=320641) to work on /mnt/c/Users/Pato_/OneDrive/Documentos/ITBA/PYTHON_DATA_APP/itba/lib/python3.10/site-packages/airflow/example_dags/example_skip_dag.py
[2024-10-20T19:38:44.814-0300] {processor.py:914} INFO - Processing file /mnt/c/Users/Pato_/OneDrive/Documentos/ITBA/PYTHON_DATA_APP/itba/lib/python3.10/site-packages/airflow/example_dags/example_skip_dag.py for tasks to queue
[2024-10-20T19:38:44.816-0300] {logging_mixin.py:190} INFO - [2024-10-20T19:38:44.815-0300] {dagbag.py:588} INFO - Filling up the DagBag from /mnt/c/Users/Pato_/OneDrive/Documentos/ITBA/PYTHON_DATA_APP/itba/lib/python3.10/site-packages/airflow/example_dags/example_skip_dag.py
[2024-10-20T19:38:44.855-0300] {processor.py:925} INFO - DAG(s) 'example_skip_dag' retrieved from /mnt/c/Users/Pato_/OneDrive/Documentos/ITBA/PYTHON_DATA_APP/itba/lib/python3.10/site-packages/airflow/example_dags/example_skip_dag.py
[2024-10-20T19:38:44.870-0300] {logging_mixin.py:190} INFO - [2024-10-20T19:38:44.869-0300] {dag.py:3239} INFO - Sync 1 DAGs
[2024-10-20T19:38:44.886-0300] {logging_mixin.py:190} INFO - [2024-10-20T19:38:44.886-0300] {dag.py:4180} INFO - Setting next_dagrun for example_skip_dag to 2024-10-19 00:00:00+00:00, run_after=2024-10-20 00:00:00+00:00
[2024-10-20T19:38:44.916-0300] {processor.py:208} INFO - Processing /mnt/c/Users/Pato_/OneDrive/Documentos/ITBA/PYTHON_DATA_APP/itba/lib/python3.10/site-packages/airflow/example_dags/example_skip_dag.py took 0.110 seconds
[2024-10-20T19:39:53.155-0300] {processor.py:186} INFO - Started process (PID=321292) to work on /mnt/c/Users/Pato_/OneDrive/Documentos/ITBA/PYTHON_DATA_APP/itba/lib/python3.10/site-packages/airflow/example_dags/example_skip_dag.py
[2024-10-20T19:39:53.156-0300] {processor.py:914} INFO - Processing file /mnt/c/Users/Pato_/OneDrive/Documentos/ITBA/PYTHON_DATA_APP/itba/lib/python3.10/site-packages/airflow/example_dags/example_skip_dag.py for tasks to queue
[2024-10-20T19:39:53.158-0300] {logging_mixin.py:190} INFO - [2024-10-20T19:39:53.157-0300] {dagbag.py:588} INFO - Filling up the DagBag from /mnt/c/Users/Pato_/OneDrive/Documentos/ITBA/PYTHON_DATA_APP/itba/lib/python3.10/site-packages/airflow/example_dags/example_skip_dag.py
[2024-10-20T19:39:53.198-0300] {processor.py:925} INFO - DAG(s) 'example_skip_dag' retrieved from /mnt/c/Users/Pato_/OneDrive/Documentos/ITBA/PYTHON_DATA_APP/itba/lib/python3.10/site-packages/airflow/example_dags/example_skip_dag.py
[2024-10-20T19:39:53.213-0300] {logging_mixin.py:190} INFO - [2024-10-20T19:39:53.212-0300] {dag.py:3239} INFO - Sync 1 DAGs
[2024-10-20T19:39:53.230-0300] {logging_mixin.py:190} INFO - [2024-10-20T19:39:53.230-0300] {dag.py:4180} INFO - Setting next_dagrun for example_skip_dag to 2024-10-19 00:00:00+00:00, run_after=2024-10-20 00:00:00+00:00
[2024-10-20T19:39:53.260-0300] {processor.py:208} INFO - Processing /mnt/c/Users/Pato_/OneDrive/Documentos/ITBA/PYTHON_DATA_APP/itba/lib/python3.10/site-packages/airflow/example_dags/example_skip_dag.py took 0.112 seconds
[2024-10-20T19:40:56.474-0300] {processor.py:186} INFO - Started process (PID=322056) to work on /mnt/c/Users/Pato_/OneDrive/Documentos/ITBA/PYTHON_DATA_APP/itba/lib/python3.10/site-packages/airflow/example_dags/example_skip_dag.py
[2024-10-20T19:40:56.475-0300] {processor.py:914} INFO - Processing file /mnt/c/Users/Pato_/OneDrive/Documentos/ITBA/PYTHON_DATA_APP/itba/lib/python3.10/site-packages/airflow/example_dags/example_skip_dag.py for tasks to queue
[2024-10-20T19:40:56.477-0300] {logging_mixin.py:190} INFO - [2024-10-20T19:40:56.477-0300] {dagbag.py:588} INFO - Filling up the DagBag from /mnt/c/Users/Pato_/OneDrive/Documentos/ITBA/PYTHON_DATA_APP/itba/lib/python3.10/site-packages/airflow/example_dags/example_skip_dag.py
[2024-10-20T19:40:56.518-0300] {processor.py:925} INFO - DAG(s) 'example_skip_dag' retrieved from /mnt/c/Users/Pato_/OneDrive/Documentos/ITBA/PYTHON_DATA_APP/itba/lib/python3.10/site-packages/airflow/example_dags/example_skip_dag.py
[2024-10-20T19:40:56.534-0300] {logging_mixin.py:190} INFO - [2024-10-20T19:40:56.534-0300] {dag.py:3239} INFO - Sync 1 DAGs
[2024-10-20T19:40:56.552-0300] {logging_mixin.py:190} INFO - [2024-10-20T19:40:56.551-0300] {dag.py:4180} INFO - Setting next_dagrun for example_skip_dag to 2024-10-19 00:00:00+00:00, run_after=2024-10-20 00:00:00+00:00
[2024-10-20T19:40:56.581-0300] {processor.py:208} INFO - Processing /mnt/c/Users/Pato_/OneDrive/Documentos/ITBA/PYTHON_DATA_APP/itba/lib/python3.10/site-packages/airflow/example_dags/example_skip_dag.py took 0.113 seconds
[2024-10-20T19:42:05.571-0300] {processor.py:186} INFO - Started process (PID=322597) to work on /mnt/c/Users/Pato_/OneDrive/Documentos/ITBA/PYTHON_DATA_APP/itba/lib/python3.10/site-packages/airflow/example_dags/example_skip_dag.py
[2024-10-20T19:42:05.572-0300] {processor.py:914} INFO - Processing file /mnt/c/Users/Pato_/OneDrive/Documentos/ITBA/PYTHON_DATA_APP/itba/lib/python3.10/site-packages/airflow/example_dags/example_skip_dag.py for tasks to queue
[2024-10-20T19:42:05.574-0300] {logging_mixin.py:190} INFO - [2024-10-20T19:42:05.573-0300] {dagbag.py:588} INFO - Filling up the DagBag from /mnt/c/Users/Pato_/OneDrive/Documentos/ITBA/PYTHON_DATA_APP/itba/lib/python3.10/site-packages/airflow/example_dags/example_skip_dag.py
[2024-10-20T19:42:05.615-0300] {processor.py:925} INFO - DAG(s) 'example_skip_dag' retrieved from /mnt/c/Users/Pato_/OneDrive/Documentos/ITBA/PYTHON_DATA_APP/itba/lib/python3.10/site-packages/airflow/example_dags/example_skip_dag.py
[2024-10-20T19:42:05.631-0300] {logging_mixin.py:190} INFO - [2024-10-20T19:42:05.630-0300] {dag.py:3239} INFO - Sync 1 DAGs
[2024-10-20T19:42:05.649-0300] {logging_mixin.py:190} INFO - [2024-10-20T19:42:05.649-0300] {dag.py:4180} INFO - Setting next_dagrun for example_skip_dag to 2024-10-19 00:00:00+00:00, run_after=2024-10-20 00:00:00+00:00
[2024-10-20T19:42:05.679-0300] {processor.py:208} INFO - Processing /mnt/c/Users/Pato_/OneDrive/Documentos/ITBA/PYTHON_DATA_APP/itba/lib/python3.10/site-packages/airflow/example_dags/example_skip_dag.py took 0.115 seconds
