[2024-10-20T19:00:37.080-0300] {processor.py:186} INFO - Started process (PID=298786) to work on /mnt/c/Users/Pato_/OneDrive/Documentos/ITBA/PYTHON_DATA_APP/itba/lib/python3.10/site-packages/airflow/example_dags/example_sensor_decorator.py
[2024-10-20T19:00:37.081-0300] {processor.py:914} INFO - Processing file /mnt/c/Users/Pato_/OneDrive/Documentos/ITBA/PYTHON_DATA_APP/itba/lib/python3.10/site-packages/airflow/example_dags/example_sensor_decorator.py for tasks to queue
[2024-10-20T19:00:37.083-0300] {logging_mixin.py:190} INFO - [2024-10-20T19:00:37.083-0300] {dagbag.py:588} INFO - Filling up the DagBag from /mnt/c/Users/Pato_/OneDrive/Documentos/ITBA/PYTHON_DATA_APP/itba/lib/python3.10/site-packages/airflow/example_dags/example_sensor_decorator.py
[2024-10-20T19:00:37.122-0300] {processor.py:925} INFO - DAG(s) 'example_sensor_decorator' retrieved from /mnt/c/Users/Pato_/OneDrive/Documentos/ITBA/PYTHON_DATA_APP/itba/lib/python3.10/site-packages/airflow/example_dags/example_sensor_decorator.py
[2024-10-20T19:00:37.872-0300] {logging_mixin.py:190} INFO - [2024-10-20T19:00:37.871-0300] {override.py:1907} INFO - Created Permission View: can read on DAG:example_sensor_decorator
[2024-10-20T19:00:37.891-0300] {logging_mixin.py:190} INFO - [2024-10-20T19:00:37.890-0300] {override.py:1907} INFO - Created Permission View: can delete on DAG:example_sensor_decorator
[2024-10-20T19:00:37.909-0300] {logging_mixin.py:190} INFO - [2024-10-20T19:00:37.908-0300] {override.py:1907} INFO - Created Permission View: can edit on DAG:example_sensor_decorator
[2024-10-20T19:00:37.938-0300] {logging_mixin.py:190} INFO - [2024-10-20T19:00:37.937-0300] {override.py:1907} INFO - Created Permission View: can read on DAG Run:example_sensor_decorator
[2024-10-20T19:00:37.957-0300] {logging_mixin.py:190} INFO - [2024-10-20T19:00:37.956-0300] {override.py:1907} INFO - Created Permission View: can delete on DAG Run:example_sensor_decorator
[2024-10-20T19:00:37.974-0300] {logging_mixin.py:190} INFO - [2024-10-20T19:00:37.974-0300] {override.py:1907} INFO - Created Permission View: can create on DAG Run:example_sensor_decorator
[2024-10-20T19:00:37.993-0300] {logging_mixin.py:190} INFO - [2024-10-20T19:00:37.992-0300] {override.py:1907} INFO - Created Permission View: menu access on DAG Run:example_sensor_decorator
[2024-10-20T19:00:37.994-0300] {logging_mixin.py:190} INFO - [2024-10-20T19:00:37.993-0300] {dag.py:3239} INFO - Sync 1 DAGs
[2024-10-20T19:00:38.004-0300] {logging_mixin.py:190} INFO - [2024-10-20T19:00:38.003-0300] {dag.py:3262} INFO - Creating ORM DAG for example_sensor_decorator
[2024-10-20T19:00:38.005-0300] {logging_mixin.py:190} INFO - [2024-10-20T19:00:38.005-0300] {dag.py:4180} INFO - Setting next_dagrun for example_sensor_decorator to None, run_after=None
[2024-10-20T19:00:38.036-0300] {processor.py:208} INFO - Processing /mnt/c/Users/Pato_/OneDrive/Documentos/ITBA/PYTHON_DATA_APP/itba/lib/python3.10/site-packages/airflow/example_dags/example_sensor_decorator.py took 0.962 seconds
[2024-10-20T19:02:50.298-0300] {processor.py:186} INFO - Started process (PID=299973) to work on /mnt/c/Users/Pato_/OneDrive/Documentos/ITBA/PYTHON_DATA_APP/itba/lib/python3.10/site-packages/airflow/example_dags/example_sensor_decorator.py
[2024-10-20T19:02:50.298-0300] {processor.py:914} INFO - Processing file /mnt/c/Users/Pato_/OneDrive/Documentos/ITBA/PYTHON_DATA_APP/itba/lib/python3.10/site-packages/airflow/example_dags/example_sensor_decorator.py for tasks to queue
[2024-10-20T19:02:50.300-0300] {logging_mixin.py:190} INFO - [2024-10-20T19:02:50.300-0300] {dagbag.py:588} INFO - Filling up the DagBag from /mnt/c/Users/Pato_/OneDrive/Documentos/ITBA/PYTHON_DATA_APP/itba/lib/python3.10/site-packages/airflow/example_dags/example_sensor_decorator.py
[2024-10-20T19:02:50.339-0300] {processor.py:925} INFO - DAG(s) 'example_sensor_decorator' retrieved from /mnt/c/Users/Pato_/OneDrive/Documentos/ITBA/PYTHON_DATA_APP/itba/lib/python3.10/site-packages/airflow/example_dags/example_sensor_decorator.py
[2024-10-20T19:02:50.353-0300] {logging_mixin.py:190} INFO - [2024-10-20T19:02:50.352-0300] {dag.py:3239} INFO - Sync 1 DAGs
[2024-10-20T19:02:50.361-0300] {logging_mixin.py:190} INFO - [2024-10-20T19:02:50.361-0300] {dag.py:4180} INFO - Setting next_dagrun for example_sensor_decorator to None, run_after=None
[2024-10-20T19:02:50.389-0300] {processor.py:208} INFO - Processing /mnt/c/Users/Pato_/OneDrive/Documentos/ITBA/PYTHON_DATA_APP/itba/lib/python3.10/site-packages/airflow/example_dags/example_sensor_decorator.py took 0.098 seconds
[2024-10-20T19:03:58.360-0300] {processor.py:186} INFO - Started process (PID=300509) to work on /mnt/c/Users/Pato_/OneDrive/Documentos/ITBA/PYTHON_DATA_APP/itba/lib/python3.10/site-packages/airflow/example_dags/example_sensor_decorator.py
[2024-10-20T19:03:58.361-0300] {processor.py:914} INFO - Processing file /mnt/c/Users/Pato_/OneDrive/Documentos/ITBA/PYTHON_DATA_APP/itba/lib/python3.10/site-packages/airflow/example_dags/example_sensor_decorator.py for tasks to queue
[2024-10-20T19:03:58.363-0300] {logging_mixin.py:190} INFO - [2024-10-20T19:03:58.362-0300] {dagbag.py:588} INFO - Filling up the DagBag from /mnt/c/Users/Pato_/OneDrive/Documentos/ITBA/PYTHON_DATA_APP/itba/lib/python3.10/site-packages/airflow/example_dags/example_sensor_decorator.py
[2024-10-20T19:03:58.404-0300] {processor.py:925} INFO - DAG(s) 'example_sensor_decorator' retrieved from /mnt/c/Users/Pato_/OneDrive/Documentos/ITBA/PYTHON_DATA_APP/itba/lib/python3.10/site-packages/airflow/example_dags/example_sensor_decorator.py
[2024-10-20T19:03:58.419-0300] {logging_mixin.py:190} INFO - [2024-10-20T19:03:58.419-0300] {dag.py:3239} INFO - Sync 1 DAGs
[2024-10-20T19:03:58.429-0300] {logging_mixin.py:190} INFO - [2024-10-20T19:03:58.428-0300] {dag.py:4180} INFO - Setting next_dagrun for example_sensor_decorator to None, run_after=None
[2024-10-20T19:03:58.457-0300] {processor.py:208} INFO - Processing /mnt/c/Users/Pato_/OneDrive/Documentos/ITBA/PYTHON_DATA_APP/itba/lib/python3.10/site-packages/airflow/example_dags/example_sensor_decorator.py took 0.105 seconds
[2024-10-20T19:05:10.263-0300] {processor.py:186} INFO - Started process (PID=301323) to work on /mnt/c/Users/Pato_/OneDrive/Documentos/ITBA/PYTHON_DATA_APP/itba/lib/python3.10/site-packages/airflow/example_dags/example_sensor_decorator.py
[2024-10-20T19:05:10.266-0300] {processor.py:914} INFO - Processing file /mnt/c/Users/Pato_/OneDrive/Documentos/ITBA/PYTHON_DATA_APP/itba/lib/python3.10/site-packages/airflow/example_dags/example_sensor_decorator.py for tasks to queue
[2024-10-20T19:05:10.268-0300] {logging_mixin.py:190} INFO - [2024-10-20T19:05:10.268-0300] {dagbag.py:588} INFO - Filling up the DagBag from /mnt/c/Users/Pato_/OneDrive/Documentos/ITBA/PYTHON_DATA_APP/itba/lib/python3.10/site-packages/airflow/example_dags/example_sensor_decorator.py
[2024-10-20T19:05:10.308-0300] {processor.py:925} INFO - DAG(s) 'example_sensor_decorator' retrieved from /mnt/c/Users/Pato_/OneDrive/Documentos/ITBA/PYTHON_DATA_APP/itba/lib/python3.10/site-packages/airflow/example_dags/example_sensor_decorator.py
[2024-10-20T19:05:10.322-0300] {logging_mixin.py:190} INFO - [2024-10-20T19:05:10.321-0300] {dag.py:3239} INFO - Sync 1 DAGs
[2024-10-20T19:05:10.330-0300] {logging_mixin.py:190} INFO - [2024-10-20T19:05:10.330-0300] {dag.py:4180} INFO - Setting next_dagrun for example_sensor_decorator to None, run_after=None
[2024-10-20T19:05:10.359-0300] {processor.py:208} INFO - Processing /mnt/c/Users/Pato_/OneDrive/Documentos/ITBA/PYTHON_DATA_APP/itba/lib/python3.10/site-packages/airflow/example_dags/example_sensor_decorator.py took 0.103 seconds
[2024-10-20T19:08:05.866-0300] {processor.py:186} INFO - Started process (PID=303617) to work on /mnt/c/Users/Pato_/OneDrive/Documentos/ITBA/PYTHON_DATA_APP/itba/lib/python3.10/site-packages/airflow/example_dags/example_sensor_decorator.py
[2024-10-20T19:08:05.867-0300] {processor.py:914} INFO - Processing file /mnt/c/Users/Pato_/OneDrive/Documentos/ITBA/PYTHON_DATA_APP/itba/lib/python3.10/site-packages/airflow/example_dags/example_sensor_decorator.py for tasks to queue
[2024-10-20T19:08:05.869-0300] {logging_mixin.py:190} INFO - [2024-10-20T19:08:05.869-0300] {dagbag.py:588} INFO - Filling up the DagBag from /mnt/c/Users/Pato_/OneDrive/Documentos/ITBA/PYTHON_DATA_APP/itba/lib/python3.10/site-packages/airflow/example_dags/example_sensor_decorator.py
[2024-10-20T19:08:05.910-0300] {processor.py:925} INFO - DAG(s) 'example_sensor_decorator' retrieved from /mnt/c/Users/Pato_/OneDrive/Documentos/ITBA/PYTHON_DATA_APP/itba/lib/python3.10/site-packages/airflow/example_dags/example_sensor_decorator.py
[2024-10-20T19:08:05.931-0300] {logging_mixin.py:190} INFO - [2024-10-20T19:08:05.930-0300] {dag.py:3239} INFO - Sync 1 DAGs
[2024-10-20T19:08:05.945-0300] {logging_mixin.py:190} INFO - [2024-10-20T19:08:05.944-0300] {dag.py:4180} INFO - Setting next_dagrun for example_sensor_decorator to None, run_after=None
[2024-10-20T19:08:05.983-0300] {processor.py:208} INFO - Processing /mnt/c/Users/Pato_/OneDrive/Documentos/ITBA/PYTHON_DATA_APP/itba/lib/python3.10/site-packages/airflow/example_dags/example_sensor_decorator.py took 0.124 seconds
[2024-10-20T19:09:13.708-0300] {processor.py:186} INFO - Started process (PID=304207) to work on /mnt/c/Users/Pato_/OneDrive/Documentos/ITBA/PYTHON_DATA_APP/itba/lib/python3.10/site-packages/airflow/example_dags/example_sensor_decorator.py
[2024-10-20T19:09:13.709-0300] {processor.py:914} INFO - Processing file /mnt/c/Users/Pato_/OneDrive/Documentos/ITBA/PYTHON_DATA_APP/itba/lib/python3.10/site-packages/airflow/example_dags/example_sensor_decorator.py for tasks to queue
[2024-10-20T19:09:13.711-0300] {logging_mixin.py:190} INFO - [2024-10-20T19:09:13.710-0300] {dagbag.py:588} INFO - Filling up the DagBag from /mnt/c/Users/Pato_/OneDrive/Documentos/ITBA/PYTHON_DATA_APP/itba/lib/python3.10/site-packages/airflow/example_dags/example_sensor_decorator.py
[2024-10-20T19:09:13.751-0300] {processor.py:925} INFO - DAG(s) 'example_sensor_decorator' retrieved from /mnt/c/Users/Pato_/OneDrive/Documentos/ITBA/PYTHON_DATA_APP/itba/lib/python3.10/site-packages/airflow/example_dags/example_sensor_decorator.py
[2024-10-20T19:09:13.765-0300] {logging_mixin.py:190} INFO - [2024-10-20T19:09:13.764-0300] {dag.py:3239} INFO - Sync 1 DAGs
[2024-10-20T19:09:13.773-0300] {logging_mixin.py:190} INFO - [2024-10-20T19:09:13.773-0300] {dag.py:4180} INFO - Setting next_dagrun for example_sensor_decorator to None, run_after=None
[2024-10-20T19:09:13.802-0300] {processor.py:208} INFO - Processing /mnt/c/Users/Pato_/OneDrive/Documentos/ITBA/PYTHON_DATA_APP/itba/lib/python3.10/site-packages/airflow/example_dags/example_sensor_decorator.py took 0.101 seconds
[2024-10-20T19:10:18.044-0300] {processor.py:186} INFO - Started process (PID=304739) to work on /mnt/c/Users/Pato_/OneDrive/Documentos/ITBA/PYTHON_DATA_APP/itba/lib/python3.10/site-packages/airflow/example_dags/example_sensor_decorator.py
[2024-10-20T19:10:18.045-0300] {processor.py:914} INFO - Processing file /mnt/c/Users/Pato_/OneDrive/Documentos/ITBA/PYTHON_DATA_APP/itba/lib/python3.10/site-packages/airflow/example_dags/example_sensor_decorator.py for tasks to queue
[2024-10-20T19:10:18.047-0300] {logging_mixin.py:190} INFO - [2024-10-20T19:10:18.047-0300] {dagbag.py:588} INFO - Filling up the DagBag from /mnt/c/Users/Pato_/OneDrive/Documentos/ITBA/PYTHON_DATA_APP/itba/lib/python3.10/site-packages/airflow/example_dags/example_sensor_decorator.py
[2024-10-20T19:10:18.086-0300] {processor.py:925} INFO - DAG(s) 'example_sensor_decorator' retrieved from /mnt/c/Users/Pato_/OneDrive/Documentos/ITBA/PYTHON_DATA_APP/itba/lib/python3.10/site-packages/airflow/example_dags/example_sensor_decorator.py
[2024-10-20T19:10:18.100-0300] {logging_mixin.py:190} INFO - [2024-10-20T19:10:18.100-0300] {dag.py:3239} INFO - Sync 1 DAGs
[2024-10-20T19:10:18.108-0300] {logging_mixin.py:190} INFO - [2024-10-20T19:10:18.108-0300] {dag.py:4180} INFO - Setting next_dagrun for example_sensor_decorator to None, run_after=None
[2024-10-20T19:10:18.137-0300] {processor.py:208} INFO - Processing /mnt/c/Users/Pato_/OneDrive/Documentos/ITBA/PYTHON_DATA_APP/itba/lib/python3.10/site-packages/airflow/example_dags/example_sensor_decorator.py took 0.100 seconds
[2024-10-20T19:11:25.361-0300] {processor.py:186} INFO - Started process (PID=305265) to work on /mnt/c/Users/Pato_/OneDrive/Documentos/ITBA/PYTHON_DATA_APP/itba/lib/python3.10/site-packages/airflow/example_dags/example_sensor_decorator.py
[2024-10-20T19:11:25.362-0300] {processor.py:914} INFO - Processing file /mnt/c/Users/Pato_/OneDrive/Documentos/ITBA/PYTHON_DATA_APP/itba/lib/python3.10/site-packages/airflow/example_dags/example_sensor_decorator.py for tasks to queue
[2024-10-20T19:11:25.364-0300] {logging_mixin.py:190} INFO - [2024-10-20T19:11:25.363-0300] {dagbag.py:588} INFO - Filling up the DagBag from /mnt/c/Users/Pato_/OneDrive/Documentos/ITBA/PYTHON_DATA_APP/itba/lib/python3.10/site-packages/airflow/example_dags/example_sensor_decorator.py
[2024-10-20T19:11:25.403-0300] {processor.py:925} INFO - DAG(s) 'example_sensor_decorator' retrieved from /mnt/c/Users/Pato_/OneDrive/Documentos/ITBA/PYTHON_DATA_APP/itba/lib/python3.10/site-packages/airflow/example_dags/example_sensor_decorator.py
[2024-10-20T19:11:25.417-0300] {logging_mixin.py:190} INFO - [2024-10-20T19:11:25.417-0300] {dag.py:3239} INFO - Sync 1 DAGs
[2024-10-20T19:11:25.426-0300] {logging_mixin.py:190} INFO - [2024-10-20T19:11:25.425-0300] {dag.py:4180} INFO - Setting next_dagrun for example_sensor_decorator to None, run_after=None
[2024-10-20T19:11:25.455-0300] {processor.py:208} INFO - Processing /mnt/c/Users/Pato_/OneDrive/Documentos/ITBA/PYTHON_DATA_APP/itba/lib/python3.10/site-packages/airflow/example_dags/example_sensor_decorator.py took 0.101 seconds
[2024-10-20T19:12:34.077-0300] {processor.py:186} INFO - Started process (PID=305803) to work on /mnt/c/Users/Pato_/OneDrive/Documentos/ITBA/PYTHON_DATA_APP/itba/lib/python3.10/site-packages/airflow/example_dags/example_sensor_decorator.py
[2024-10-20T19:12:34.078-0300] {processor.py:914} INFO - Processing file /mnt/c/Users/Pato_/OneDrive/Documentos/ITBA/PYTHON_DATA_APP/itba/lib/python3.10/site-packages/airflow/example_dags/example_sensor_decorator.py for tasks to queue
[2024-10-20T19:12:34.080-0300] {logging_mixin.py:190} INFO - [2024-10-20T19:12:34.079-0300] {dagbag.py:588} INFO - Filling up the DagBag from /mnt/c/Users/Pato_/OneDrive/Documentos/ITBA/PYTHON_DATA_APP/itba/lib/python3.10/site-packages/airflow/example_dags/example_sensor_decorator.py
[2024-10-20T19:12:34.120-0300] {processor.py:925} INFO - DAG(s) 'example_sensor_decorator' retrieved from /mnt/c/Users/Pato_/OneDrive/Documentos/ITBA/PYTHON_DATA_APP/itba/lib/python3.10/site-packages/airflow/example_dags/example_sensor_decorator.py
[2024-10-20T19:12:34.134-0300] {logging_mixin.py:190} INFO - [2024-10-20T19:12:34.134-0300] {dag.py:3239} INFO - Sync 1 DAGs
[2024-10-20T19:12:34.143-0300] {logging_mixin.py:190} INFO - [2024-10-20T19:12:34.143-0300] {dag.py:4180} INFO - Setting next_dagrun for example_sensor_decorator to None, run_after=None
[2024-10-20T19:12:34.172-0300] {processor.py:208} INFO - Processing /mnt/c/Users/Pato_/OneDrive/Documentos/ITBA/PYTHON_DATA_APP/itba/lib/python3.10/site-packages/airflow/example_dags/example_sensor_decorator.py took 0.102 seconds
[2024-10-20T19:13:36.500-0300] {processor.py:186} INFO - Started process (PID=306293) to work on /mnt/c/Users/Pato_/OneDrive/Documentos/ITBA/PYTHON_DATA_APP/itba/lib/python3.10/site-packages/airflow/example_dags/example_sensor_decorator.py
[2024-10-20T19:13:36.501-0300] {processor.py:914} INFO - Processing file /mnt/c/Users/Pato_/OneDrive/Documentos/ITBA/PYTHON_DATA_APP/itba/lib/python3.10/site-packages/airflow/example_dags/example_sensor_decorator.py for tasks to queue
[2024-10-20T19:13:36.502-0300] {logging_mixin.py:190} INFO - [2024-10-20T19:13:36.502-0300] {dagbag.py:588} INFO - Filling up the DagBag from /mnt/c/Users/Pato_/OneDrive/Documentos/ITBA/PYTHON_DATA_APP/itba/lib/python3.10/site-packages/airflow/example_dags/example_sensor_decorator.py
[2024-10-20T19:13:36.541-0300] {processor.py:925} INFO - DAG(s) 'example_sensor_decorator' retrieved from /mnt/c/Users/Pato_/OneDrive/Documentos/ITBA/PYTHON_DATA_APP/itba/lib/python3.10/site-packages/airflow/example_dags/example_sensor_decorator.py
[2024-10-20T19:13:36.556-0300] {logging_mixin.py:190} INFO - [2024-10-20T19:13:36.555-0300] {dag.py:3239} INFO - Sync 1 DAGs
[2024-10-20T19:13:36.564-0300] {logging_mixin.py:190} INFO - [2024-10-20T19:13:36.564-0300] {dag.py:4180} INFO - Setting next_dagrun for example_sensor_decorator to None, run_after=None
[2024-10-20T19:13:36.593-0300] {processor.py:208} INFO - Processing /mnt/c/Users/Pato_/OneDrive/Documentos/ITBA/PYTHON_DATA_APP/itba/lib/python3.10/site-packages/airflow/example_dags/example_sensor_decorator.py took 0.100 seconds
[2024-10-20T19:14:46.502-0300] {processor.py:186} INFO - Started process (PID=306836) to work on /mnt/c/Users/Pato_/OneDrive/Documentos/ITBA/PYTHON_DATA_APP/itba/lib/python3.10/site-packages/airflow/example_dags/example_sensor_decorator.py
[2024-10-20T19:14:46.503-0300] {processor.py:914} INFO - Processing file /mnt/c/Users/Pato_/OneDrive/Documentos/ITBA/PYTHON_DATA_APP/itba/lib/python3.10/site-packages/airflow/example_dags/example_sensor_decorator.py for tasks to queue
[2024-10-20T19:14:46.505-0300] {logging_mixin.py:190} INFO - [2024-10-20T19:14:46.505-0300] {dagbag.py:588} INFO - Filling up the DagBag from /mnt/c/Users/Pato_/OneDrive/Documentos/ITBA/PYTHON_DATA_APP/itba/lib/python3.10/site-packages/airflow/example_dags/example_sensor_decorator.py
[2024-10-20T19:14:46.545-0300] {processor.py:925} INFO - DAG(s) 'example_sensor_decorator' retrieved from /mnt/c/Users/Pato_/OneDrive/Documentos/ITBA/PYTHON_DATA_APP/itba/lib/python3.10/site-packages/airflow/example_dags/example_sensor_decorator.py
[2024-10-20T19:14:46.559-0300] {logging_mixin.py:190} INFO - [2024-10-20T19:14:46.558-0300] {dag.py:3239} INFO - Sync 1 DAGs
[2024-10-20T19:14:46.567-0300] {logging_mixin.py:190} INFO - [2024-10-20T19:14:46.567-0300] {dag.py:4180} INFO - Setting next_dagrun for example_sensor_decorator to None, run_after=None
[2024-10-20T19:14:46.596-0300] {processor.py:208} INFO - Processing /mnt/c/Users/Pato_/OneDrive/Documentos/ITBA/PYTHON_DATA_APP/itba/lib/python3.10/site-packages/airflow/example_dags/example_sensor_decorator.py took 0.100 seconds
[2024-10-20T19:15:54.875-0300] {processor.py:186} INFO - Started process (PID=307398) to work on /mnt/c/Users/Pato_/OneDrive/Documentos/ITBA/PYTHON_DATA_APP/itba/lib/python3.10/site-packages/airflow/example_dags/example_sensor_decorator.py
[2024-10-20T19:15:54.876-0300] {processor.py:914} INFO - Processing file /mnt/c/Users/Pato_/OneDrive/Documentos/ITBA/PYTHON_DATA_APP/itba/lib/python3.10/site-packages/airflow/example_dags/example_sensor_decorator.py for tasks to queue
[2024-10-20T19:15:54.878-0300] {logging_mixin.py:190} INFO - [2024-10-20T19:15:54.878-0300] {dagbag.py:588} INFO - Filling up the DagBag from /mnt/c/Users/Pato_/OneDrive/Documentos/ITBA/PYTHON_DATA_APP/itba/lib/python3.10/site-packages/airflow/example_dags/example_sensor_decorator.py
[2024-10-20T19:15:54.918-0300] {processor.py:925} INFO - DAG(s) 'example_sensor_decorator' retrieved from /mnt/c/Users/Pato_/OneDrive/Documentos/ITBA/PYTHON_DATA_APP/itba/lib/python3.10/site-packages/airflow/example_dags/example_sensor_decorator.py
[2024-10-20T19:15:54.933-0300] {logging_mixin.py:190} INFO - [2024-10-20T19:15:54.932-0300] {dag.py:3239} INFO - Sync 1 DAGs
[2024-10-20T19:15:54.941-0300] {logging_mixin.py:190} INFO - [2024-10-20T19:15:54.941-0300] {dag.py:4180} INFO - Setting next_dagrun for example_sensor_decorator to None, run_after=None
[2024-10-20T19:15:54.970-0300] {processor.py:208} INFO - Processing /mnt/c/Users/Pato_/OneDrive/Documentos/ITBA/PYTHON_DATA_APP/itba/lib/python3.10/site-packages/airflow/example_dags/example_sensor_decorator.py took 0.101 seconds
[2024-10-20T19:17:04.886-0300] {processor.py:186} INFO - Started process (PID=307944) to work on /mnt/c/Users/Pato_/OneDrive/Documentos/ITBA/PYTHON_DATA_APP/itba/lib/python3.10/site-packages/airflow/example_dags/example_sensor_decorator.py
[2024-10-20T19:17:04.887-0300] {processor.py:914} INFO - Processing file /mnt/c/Users/Pato_/OneDrive/Documentos/ITBA/PYTHON_DATA_APP/itba/lib/python3.10/site-packages/airflow/example_dags/example_sensor_decorator.py for tasks to queue
[2024-10-20T19:17:04.889-0300] {logging_mixin.py:190} INFO - [2024-10-20T19:17:04.888-0300] {dagbag.py:588} INFO - Filling up the DagBag from /mnt/c/Users/Pato_/OneDrive/Documentos/ITBA/PYTHON_DATA_APP/itba/lib/python3.10/site-packages/airflow/example_dags/example_sensor_decorator.py
[2024-10-20T19:17:04.928-0300] {processor.py:925} INFO - DAG(s) 'example_sensor_decorator' retrieved from /mnt/c/Users/Pato_/OneDrive/Documentos/ITBA/PYTHON_DATA_APP/itba/lib/python3.10/site-packages/airflow/example_dags/example_sensor_decorator.py
[2024-10-20T19:17:04.942-0300] {logging_mixin.py:190} INFO - [2024-10-20T19:17:04.941-0300] {dag.py:3239} INFO - Sync 1 DAGs
[2024-10-20T19:17:04.951-0300] {logging_mixin.py:190} INFO - [2024-10-20T19:17:04.950-0300] {dag.py:4180} INFO - Setting next_dagrun for example_sensor_decorator to None, run_after=None
[2024-10-20T19:17:04.979-0300] {processor.py:208} INFO - Processing /mnt/c/Users/Pato_/OneDrive/Documentos/ITBA/PYTHON_DATA_APP/itba/lib/python3.10/site-packages/airflow/example_dags/example_sensor_decorator.py took 0.100 seconds
[2024-10-20T19:18:20.815-0300] {processor.py:186} INFO - Started process (PID=308537) to work on /mnt/c/Users/Pato_/OneDrive/Documentos/ITBA/PYTHON_DATA_APP/itba/lib/python3.10/site-packages/airflow/example_dags/example_sensor_decorator.py
[2024-10-20T19:18:20.816-0300] {processor.py:914} INFO - Processing file /mnt/c/Users/Pato_/OneDrive/Documentos/ITBA/PYTHON_DATA_APP/itba/lib/python3.10/site-packages/airflow/example_dags/example_sensor_decorator.py for tasks to queue
[2024-10-20T19:18:20.818-0300] {logging_mixin.py:190} INFO - [2024-10-20T19:18:20.818-0300] {dagbag.py:588} INFO - Filling up the DagBag from /mnt/c/Users/Pato_/OneDrive/Documentos/ITBA/PYTHON_DATA_APP/itba/lib/python3.10/site-packages/airflow/example_dags/example_sensor_decorator.py
[2024-10-20T19:18:20.857-0300] {processor.py:925} INFO - DAG(s) 'example_sensor_decorator' retrieved from /mnt/c/Users/Pato_/OneDrive/Documentos/ITBA/PYTHON_DATA_APP/itba/lib/python3.10/site-packages/airflow/example_dags/example_sensor_decorator.py
[2024-10-20T19:18:20.870-0300] {logging_mixin.py:190} INFO - [2024-10-20T19:18:20.870-0300] {dag.py:3239} INFO - Sync 1 DAGs
[2024-10-20T19:18:20.879-0300] {logging_mixin.py:190} INFO - [2024-10-20T19:18:20.878-0300] {dag.py:4180} INFO - Setting next_dagrun for example_sensor_decorator to None, run_after=None
[2024-10-20T19:18:20.907-0300] {processor.py:208} INFO - Processing /mnt/c/Users/Pato_/OneDrive/Documentos/ITBA/PYTHON_DATA_APP/itba/lib/python3.10/site-packages/airflow/example_dags/example_sensor_decorator.py took 0.098 seconds
[2024-10-20T19:19:34.757-0300] {processor.py:186} INFO - Started process (PID=309109) to work on /mnt/c/Users/Pato_/OneDrive/Documentos/ITBA/PYTHON_DATA_APP/itba/lib/python3.10/site-packages/airflow/example_dags/example_sensor_decorator.py
[2024-10-20T19:19:34.758-0300] {processor.py:914} INFO - Processing file /mnt/c/Users/Pato_/OneDrive/Documentos/ITBA/PYTHON_DATA_APP/itba/lib/python3.10/site-packages/airflow/example_dags/example_sensor_decorator.py for tasks to queue
[2024-10-20T19:19:34.760-0300] {logging_mixin.py:190} INFO - [2024-10-20T19:19:34.760-0300] {dagbag.py:588} INFO - Filling up the DagBag from /mnt/c/Users/Pato_/OneDrive/Documentos/ITBA/PYTHON_DATA_APP/itba/lib/python3.10/site-packages/airflow/example_dags/example_sensor_decorator.py
[2024-10-20T19:19:34.800-0300] {processor.py:925} INFO - DAG(s) 'example_sensor_decorator' retrieved from /mnt/c/Users/Pato_/OneDrive/Documentos/ITBA/PYTHON_DATA_APP/itba/lib/python3.10/site-packages/airflow/example_dags/example_sensor_decorator.py
[2024-10-20T19:19:34.814-0300] {logging_mixin.py:190} INFO - [2024-10-20T19:19:34.813-0300] {dag.py:3239} INFO - Sync 1 DAGs
[2024-10-20T19:19:34.823-0300] {logging_mixin.py:190} INFO - [2024-10-20T19:19:34.822-0300] {dag.py:4180} INFO - Setting next_dagrun for example_sensor_decorator to None, run_after=None
[2024-10-20T19:19:34.851-0300] {processor.py:208} INFO - Processing /mnt/c/Users/Pato_/OneDrive/Documentos/ITBA/PYTHON_DATA_APP/itba/lib/python3.10/site-packages/airflow/example_dags/example_sensor_decorator.py took 0.101 seconds
[2024-10-20T19:20:39.118-0300] {processor.py:186} INFO - Started process (PID=309644) to work on /mnt/c/Users/Pato_/OneDrive/Documentos/ITBA/PYTHON_DATA_APP/itba/lib/python3.10/site-packages/airflow/example_dags/example_sensor_decorator.py
[2024-10-20T19:20:39.119-0300] {processor.py:914} INFO - Processing file /mnt/c/Users/Pato_/OneDrive/Documentos/ITBA/PYTHON_DATA_APP/itba/lib/python3.10/site-packages/airflow/example_dags/example_sensor_decorator.py for tasks to queue
[2024-10-20T19:20:39.121-0300] {logging_mixin.py:190} INFO - [2024-10-20T19:20:39.120-0300] {dagbag.py:588} INFO - Filling up the DagBag from /mnt/c/Users/Pato_/OneDrive/Documentos/ITBA/PYTHON_DATA_APP/itba/lib/python3.10/site-packages/airflow/example_dags/example_sensor_decorator.py
[2024-10-20T19:20:39.161-0300] {processor.py:925} INFO - DAG(s) 'example_sensor_decorator' retrieved from /mnt/c/Users/Pato_/OneDrive/Documentos/ITBA/PYTHON_DATA_APP/itba/lib/python3.10/site-packages/airflow/example_dags/example_sensor_decorator.py
[2024-10-20T19:20:39.176-0300] {logging_mixin.py:190} INFO - [2024-10-20T19:20:39.175-0300] {dag.py:3239} INFO - Sync 1 DAGs
[2024-10-20T19:20:39.185-0300] {logging_mixin.py:190} INFO - [2024-10-20T19:20:39.184-0300] {dag.py:4180} INFO - Setting next_dagrun for example_sensor_decorator to None, run_after=None
[2024-10-20T19:20:39.214-0300] {processor.py:208} INFO - Processing /mnt/c/Users/Pato_/OneDrive/Documentos/ITBA/PYTHON_DATA_APP/itba/lib/python3.10/site-packages/airflow/example_dags/example_sensor_decorator.py took 0.103 seconds
[2024-10-20T19:21:47.707-0300] {processor.py:186} INFO - Started process (PID=310246) to work on /mnt/c/Users/Pato_/OneDrive/Documentos/ITBA/PYTHON_DATA_APP/itba/lib/python3.10/site-packages/airflow/example_dags/example_sensor_decorator.py
[2024-10-20T19:21:47.708-0300] {processor.py:914} INFO - Processing file /mnt/c/Users/Pato_/OneDrive/Documentos/ITBA/PYTHON_DATA_APP/itba/lib/python3.10/site-packages/airflow/example_dags/example_sensor_decorator.py for tasks to queue
[2024-10-20T19:21:47.710-0300] {logging_mixin.py:190} INFO - [2024-10-20T19:21:47.709-0300] {dagbag.py:588} INFO - Filling up the DagBag from /mnt/c/Users/Pato_/OneDrive/Documentos/ITBA/PYTHON_DATA_APP/itba/lib/python3.10/site-packages/airflow/example_dags/example_sensor_decorator.py
[2024-10-20T19:21:47.748-0300] {processor.py:925} INFO - DAG(s) 'example_sensor_decorator' retrieved from /mnt/c/Users/Pato_/OneDrive/Documentos/ITBA/PYTHON_DATA_APP/itba/lib/python3.10/site-packages/airflow/example_dags/example_sensor_decorator.py
[2024-10-20T19:21:47.762-0300] {logging_mixin.py:190} INFO - [2024-10-20T19:21:47.762-0300] {dag.py:3239} INFO - Sync 1 DAGs
[2024-10-20T19:21:47.771-0300] {logging_mixin.py:190} INFO - [2024-10-20T19:21:47.770-0300] {dag.py:4180} INFO - Setting next_dagrun for example_sensor_decorator to None, run_after=None
[2024-10-20T19:21:47.800-0300] {processor.py:208} INFO - Processing /mnt/c/Users/Pato_/OneDrive/Documentos/ITBA/PYTHON_DATA_APP/itba/lib/python3.10/site-packages/airflow/example_dags/example_sensor_decorator.py took 0.100 seconds
[2024-10-20T19:22:54.633-0300] {processor.py:186} INFO - Started process (PID=310860) to work on /mnt/c/Users/Pato_/OneDrive/Documentos/ITBA/PYTHON_DATA_APP/itba/lib/python3.10/site-packages/airflow/example_dags/example_sensor_decorator.py
[2024-10-20T19:22:54.634-0300] {processor.py:914} INFO - Processing file /mnt/c/Users/Pato_/OneDrive/Documentos/ITBA/PYTHON_DATA_APP/itba/lib/python3.10/site-packages/airflow/example_dags/example_sensor_decorator.py for tasks to queue
[2024-10-20T19:22:54.636-0300] {logging_mixin.py:190} INFO - [2024-10-20T19:22:54.635-0300] {dagbag.py:588} INFO - Filling up the DagBag from /mnt/c/Users/Pato_/OneDrive/Documentos/ITBA/PYTHON_DATA_APP/itba/lib/python3.10/site-packages/airflow/example_dags/example_sensor_decorator.py
[2024-10-20T19:22:54.676-0300] {processor.py:925} INFO - DAG(s) 'example_sensor_decorator' retrieved from /mnt/c/Users/Pato_/OneDrive/Documentos/ITBA/PYTHON_DATA_APP/itba/lib/python3.10/site-packages/airflow/example_dags/example_sensor_decorator.py
[2024-10-20T19:22:54.690-0300] {logging_mixin.py:190} INFO - [2024-10-20T19:22:54.689-0300] {dag.py:3239} INFO - Sync 1 DAGs
[2024-10-20T19:22:54.698-0300] {logging_mixin.py:190} INFO - [2024-10-20T19:22:54.698-0300] {dag.py:4180} INFO - Setting next_dagrun for example_sensor_decorator to None, run_after=None
[2024-10-20T19:22:54.728-0300] {processor.py:208} INFO - Processing /mnt/c/Users/Pato_/OneDrive/Documentos/ITBA/PYTHON_DATA_APP/itba/lib/python3.10/site-packages/airflow/example_dags/example_sensor_decorator.py took 0.102 seconds
[2024-10-20T19:24:47.775-0300] {processor.py:186} INFO - Started process (PID=312362) to work on /mnt/c/Users/Pato_/OneDrive/Documentos/ITBA/PYTHON_DATA_APP/itba/lib/python3.10/site-packages/airflow/example_dags/example_sensor_decorator.py
[2024-10-20T19:24:47.776-0300] {processor.py:914} INFO - Processing file /mnt/c/Users/Pato_/OneDrive/Documentos/ITBA/PYTHON_DATA_APP/itba/lib/python3.10/site-packages/airflow/example_dags/example_sensor_decorator.py for tasks to queue
[2024-10-20T19:24:47.778-0300] {logging_mixin.py:190} INFO - [2024-10-20T19:24:47.778-0300] {dagbag.py:588} INFO - Filling up the DagBag from /mnt/c/Users/Pato_/OneDrive/Documentos/ITBA/PYTHON_DATA_APP/itba/lib/python3.10/site-packages/airflow/example_dags/example_sensor_decorator.py
[2024-10-20T19:24:47.817-0300] {processor.py:925} INFO - DAG(s) 'example_sensor_decorator' retrieved from /mnt/c/Users/Pato_/OneDrive/Documentos/ITBA/PYTHON_DATA_APP/itba/lib/python3.10/site-packages/airflow/example_dags/example_sensor_decorator.py
[2024-10-20T19:24:47.831-0300] {logging_mixin.py:190} INFO - [2024-10-20T19:24:47.831-0300] {dag.py:3239} INFO - Sync 1 DAGs
[2024-10-20T19:24:47.839-0300] {logging_mixin.py:190} INFO - [2024-10-20T19:24:47.839-0300] {dag.py:4180} INFO - Setting next_dagrun for example_sensor_decorator to None, run_after=None
[2024-10-20T19:24:47.870-0300] {processor.py:208} INFO - Processing /mnt/c/Users/Pato_/OneDrive/Documentos/ITBA/PYTHON_DATA_APP/itba/lib/python3.10/site-packages/airflow/example_dags/example_sensor_decorator.py took 0.101 seconds
[2024-10-20T19:26:27.429-0300] {processor.py:186} INFO - Started process (PID=313628) to work on /mnt/c/Users/Pato_/OneDrive/Documentos/ITBA/PYTHON_DATA_APP/itba/lib/python3.10/site-packages/airflow/example_dags/example_sensor_decorator.py
[2024-10-20T19:26:27.430-0300] {processor.py:914} INFO - Processing file /mnt/c/Users/Pato_/OneDrive/Documentos/ITBA/PYTHON_DATA_APP/itba/lib/python3.10/site-packages/airflow/example_dags/example_sensor_decorator.py for tasks to queue
[2024-10-20T19:26:27.432-0300] {logging_mixin.py:190} INFO - [2024-10-20T19:26:27.432-0300] {dagbag.py:588} INFO - Filling up the DagBag from /mnt/c/Users/Pato_/OneDrive/Documentos/ITBA/PYTHON_DATA_APP/itba/lib/python3.10/site-packages/airflow/example_dags/example_sensor_decorator.py
[2024-10-20T19:26:27.473-0300] {processor.py:925} INFO - DAG(s) 'example_sensor_decorator' retrieved from /mnt/c/Users/Pato_/OneDrive/Documentos/ITBA/PYTHON_DATA_APP/itba/lib/python3.10/site-packages/airflow/example_dags/example_sensor_decorator.py
[2024-10-20T19:26:27.489-0300] {logging_mixin.py:190} INFO - [2024-10-20T19:26:27.488-0300] {dag.py:3239} INFO - Sync 1 DAGs
[2024-10-20T19:26:27.498-0300] {logging_mixin.py:190} INFO - [2024-10-20T19:26:27.498-0300] {dag.py:4180} INFO - Setting next_dagrun for example_sensor_decorator to None, run_after=None
[2024-10-20T19:26:27.529-0300] {processor.py:208} INFO - Processing /mnt/c/Users/Pato_/OneDrive/Documentos/ITBA/PYTHON_DATA_APP/itba/lib/python3.10/site-packages/airflow/example_dags/example_sensor_decorator.py took 0.106 seconds
[2024-10-20T19:27:31.228-0300] {processor.py:186} INFO - Started process (PID=314457) to work on /mnt/c/Users/Pato_/OneDrive/Documentos/ITBA/PYTHON_DATA_APP/itba/lib/python3.10/site-packages/airflow/example_dags/example_sensor_decorator.py
[2024-10-20T19:27:31.229-0300] {processor.py:914} INFO - Processing file /mnt/c/Users/Pato_/OneDrive/Documentos/ITBA/PYTHON_DATA_APP/itba/lib/python3.10/site-packages/airflow/example_dags/example_sensor_decorator.py for tasks to queue
[2024-10-20T19:27:31.231-0300] {logging_mixin.py:190} INFO - [2024-10-20T19:27:31.231-0300] {dagbag.py:588} INFO - Filling up the DagBag from /mnt/c/Users/Pato_/OneDrive/Documentos/ITBA/PYTHON_DATA_APP/itba/lib/python3.10/site-packages/airflow/example_dags/example_sensor_decorator.py
[2024-10-20T19:27:31.273-0300] {processor.py:925} INFO - DAG(s) 'example_sensor_decorator' retrieved from /mnt/c/Users/Pato_/OneDrive/Documentos/ITBA/PYTHON_DATA_APP/itba/lib/python3.10/site-packages/airflow/example_dags/example_sensor_decorator.py
[2024-10-20T19:27:31.289-0300] {logging_mixin.py:190} INFO - [2024-10-20T19:27:31.289-0300] {dag.py:3239} INFO - Sync 1 DAGs
[2024-10-20T19:27:31.299-0300] {logging_mixin.py:190} INFO - [2024-10-20T19:27:31.298-0300] {dag.py:4180} INFO - Setting next_dagrun for example_sensor_decorator to None, run_after=None
[2024-10-20T19:27:31.330-0300] {processor.py:208} INFO - Processing /mnt/c/Users/Pato_/OneDrive/Documentos/ITBA/PYTHON_DATA_APP/itba/lib/python3.10/site-packages/airflow/example_dags/example_sensor_decorator.py took 0.108 seconds
[2024-10-20T19:28:37.733-0300] {processor.py:186} INFO - Started process (PID=315202) to work on /mnt/c/Users/Pato_/OneDrive/Documentos/ITBA/PYTHON_DATA_APP/itba/lib/python3.10/site-packages/airflow/example_dags/example_sensor_decorator.py
[2024-10-20T19:28:37.734-0300] {processor.py:914} INFO - Processing file /mnt/c/Users/Pato_/OneDrive/Documentos/ITBA/PYTHON_DATA_APP/itba/lib/python3.10/site-packages/airflow/example_dags/example_sensor_decorator.py for tasks to queue
[2024-10-20T19:28:37.736-0300] {logging_mixin.py:190} INFO - [2024-10-20T19:28:37.735-0300] {dagbag.py:588} INFO - Filling up the DagBag from /mnt/c/Users/Pato_/OneDrive/Documentos/ITBA/PYTHON_DATA_APP/itba/lib/python3.10/site-packages/airflow/example_dags/example_sensor_decorator.py
[2024-10-20T19:28:37.776-0300] {processor.py:925} INFO - DAG(s) 'example_sensor_decorator' retrieved from /mnt/c/Users/Pato_/OneDrive/Documentos/ITBA/PYTHON_DATA_APP/itba/lib/python3.10/site-packages/airflow/example_dags/example_sensor_decorator.py
[2024-10-20T19:28:37.790-0300] {logging_mixin.py:190} INFO - [2024-10-20T19:28:37.790-0300] {dag.py:3239} INFO - Sync 1 DAGs
[2024-10-20T19:28:37.799-0300] {logging_mixin.py:190} INFO - [2024-10-20T19:28:37.798-0300] {dag.py:4180} INFO - Setting next_dagrun for example_sensor_decorator to None, run_after=None
[2024-10-20T19:28:37.827-0300] {processor.py:208} INFO - Processing /mnt/c/Users/Pato_/OneDrive/Documentos/ITBA/PYTHON_DATA_APP/itba/lib/python3.10/site-packages/airflow/example_dags/example_sensor_decorator.py took 0.101 seconds
[2024-10-20T19:29:46.687-0300] {processor.py:186} INFO - Started process (PID=315984) to work on /mnt/c/Users/Pato_/OneDrive/Documentos/ITBA/PYTHON_DATA_APP/itba/lib/python3.10/site-packages/airflow/example_dags/example_sensor_decorator.py
[2024-10-20T19:29:46.688-0300] {processor.py:914} INFO - Processing file /mnt/c/Users/Pato_/OneDrive/Documentos/ITBA/PYTHON_DATA_APP/itba/lib/python3.10/site-packages/airflow/example_dags/example_sensor_decorator.py for tasks to queue
[2024-10-20T19:29:46.690-0300] {logging_mixin.py:190} INFO - [2024-10-20T19:29:46.689-0300] {dagbag.py:588} INFO - Filling up the DagBag from /mnt/c/Users/Pato_/OneDrive/Documentos/ITBA/PYTHON_DATA_APP/itba/lib/python3.10/site-packages/airflow/example_dags/example_sensor_decorator.py
[2024-10-20T19:29:46.732-0300] {processor.py:925} INFO - DAG(s) 'example_sensor_decorator' retrieved from /mnt/c/Users/Pato_/OneDrive/Documentos/ITBA/PYTHON_DATA_APP/itba/lib/python3.10/site-packages/airflow/example_dags/example_sensor_decorator.py
[2024-10-20T19:29:46.747-0300] {logging_mixin.py:190} INFO - [2024-10-20T19:29:46.746-0300] {dag.py:3239} INFO - Sync 1 DAGs
[2024-10-20T19:29:46.756-0300] {logging_mixin.py:190} INFO - [2024-10-20T19:29:46.755-0300] {dag.py:4180} INFO - Setting next_dagrun for example_sensor_decorator to None, run_after=None
[2024-10-20T19:29:46.786-0300] {processor.py:208} INFO - Processing /mnt/c/Users/Pato_/OneDrive/Documentos/ITBA/PYTHON_DATA_APP/itba/lib/python3.10/site-packages/airflow/example_dags/example_sensor_decorator.py took 0.106 seconds
[2024-10-20T19:30:56.852-0300] {processor.py:186} INFO - Started process (PID=316562) to work on /mnt/c/Users/Pato_/OneDrive/Documentos/ITBA/PYTHON_DATA_APP/itba/lib/python3.10/site-packages/airflow/example_dags/example_sensor_decorator.py
[2024-10-20T19:30:56.853-0300] {processor.py:914} INFO - Processing file /mnt/c/Users/Pato_/OneDrive/Documentos/ITBA/PYTHON_DATA_APP/itba/lib/python3.10/site-packages/airflow/example_dags/example_sensor_decorator.py for tasks to queue
[2024-10-20T19:30:56.856-0300] {logging_mixin.py:190} INFO - [2024-10-20T19:30:56.855-0300] {dagbag.py:588} INFO - Filling up the DagBag from /mnt/c/Users/Pato_/OneDrive/Documentos/ITBA/PYTHON_DATA_APP/itba/lib/python3.10/site-packages/airflow/example_dags/example_sensor_decorator.py
[2024-10-20T19:30:56.895-0300] {processor.py:925} INFO - DAG(s) 'example_sensor_decorator' retrieved from /mnt/c/Users/Pato_/OneDrive/Documentos/ITBA/PYTHON_DATA_APP/itba/lib/python3.10/site-packages/airflow/example_dags/example_sensor_decorator.py
[2024-10-20T19:30:56.909-0300] {logging_mixin.py:190} INFO - [2024-10-20T19:30:56.908-0300] {dag.py:3239} INFO - Sync 1 DAGs
[2024-10-20T19:30:56.917-0300] {logging_mixin.py:190} INFO - [2024-10-20T19:30:56.917-0300] {dag.py:4180} INFO - Setting next_dagrun for example_sensor_decorator to None, run_after=None
[2024-10-20T19:30:56.947-0300] {processor.py:208} INFO - Processing /mnt/c/Users/Pato_/OneDrive/Documentos/ITBA/PYTHON_DATA_APP/itba/lib/python3.10/site-packages/airflow/example_dags/example_sensor_decorator.py took 0.101 seconds
[2024-10-20T19:32:03.797-0300] {processor.py:186} INFO - Started process (PID=317085) to work on /mnt/c/Users/Pato_/OneDrive/Documentos/ITBA/PYTHON_DATA_APP/itba/lib/python3.10/site-packages/airflow/example_dags/example_sensor_decorator.py
[2024-10-20T19:32:03.798-0300] {processor.py:914} INFO - Processing file /mnt/c/Users/Pato_/OneDrive/Documentos/ITBA/PYTHON_DATA_APP/itba/lib/python3.10/site-packages/airflow/example_dags/example_sensor_decorator.py for tasks to queue
[2024-10-20T19:32:03.800-0300] {logging_mixin.py:190} INFO - [2024-10-20T19:32:03.799-0300] {dagbag.py:588} INFO - Filling up the DagBag from /mnt/c/Users/Pato_/OneDrive/Documentos/ITBA/PYTHON_DATA_APP/itba/lib/python3.10/site-packages/airflow/example_dags/example_sensor_decorator.py
[2024-10-20T19:32:03.839-0300] {processor.py:925} INFO - DAG(s) 'example_sensor_decorator' retrieved from /mnt/c/Users/Pato_/OneDrive/Documentos/ITBA/PYTHON_DATA_APP/itba/lib/python3.10/site-packages/airflow/example_dags/example_sensor_decorator.py
[2024-10-20T19:32:03.853-0300] {logging_mixin.py:190} INFO - [2024-10-20T19:32:03.853-0300] {dag.py:3239} INFO - Sync 1 DAGs
[2024-10-20T19:32:03.862-0300] {logging_mixin.py:190} INFO - [2024-10-20T19:32:03.862-0300] {dag.py:4180} INFO - Setting next_dagrun for example_sensor_decorator to None, run_after=None
[2024-10-20T19:32:03.891-0300] {processor.py:208} INFO - Processing /mnt/c/Users/Pato_/OneDrive/Documentos/ITBA/PYTHON_DATA_APP/itba/lib/python3.10/site-packages/airflow/example_dags/example_sensor_decorator.py took 0.101 seconds
[2024-10-20T19:33:11.618-0300] {processor.py:186} INFO - Started process (PID=317646) to work on /mnt/c/Users/Pato_/OneDrive/Documentos/ITBA/PYTHON_DATA_APP/itba/lib/python3.10/site-packages/airflow/example_dags/example_sensor_decorator.py
[2024-10-20T19:33:11.619-0300] {processor.py:914} INFO - Processing file /mnt/c/Users/Pato_/OneDrive/Documentos/ITBA/PYTHON_DATA_APP/itba/lib/python3.10/site-packages/airflow/example_dags/example_sensor_decorator.py for tasks to queue
[2024-10-20T19:33:11.621-0300] {logging_mixin.py:190} INFO - [2024-10-20T19:33:11.621-0300] {dagbag.py:588} INFO - Filling up the DagBag from /mnt/c/Users/Pato_/OneDrive/Documentos/ITBA/PYTHON_DATA_APP/itba/lib/python3.10/site-packages/airflow/example_dags/example_sensor_decorator.py
[2024-10-20T19:33:11.661-0300] {processor.py:925} INFO - DAG(s) 'example_sensor_decorator' retrieved from /mnt/c/Users/Pato_/OneDrive/Documentos/ITBA/PYTHON_DATA_APP/itba/lib/python3.10/site-packages/airflow/example_dags/example_sensor_decorator.py
[2024-10-20T19:33:11.675-0300] {logging_mixin.py:190} INFO - [2024-10-20T19:33:11.675-0300] {dag.py:3239} INFO - Sync 1 DAGs
[2024-10-20T19:33:11.684-0300] {logging_mixin.py:190} INFO - [2024-10-20T19:33:11.683-0300] {dag.py:4180} INFO - Setting next_dagrun for example_sensor_decorator to None, run_after=None
[2024-10-20T19:33:11.713-0300] {processor.py:208} INFO - Processing /mnt/c/Users/Pato_/OneDrive/Documentos/ITBA/PYTHON_DATA_APP/itba/lib/python3.10/site-packages/airflow/example_dags/example_sensor_decorator.py took 0.101 seconds
[2024-10-20T19:34:17.595-0300] {processor.py:186} INFO - Started process (PID=318328) to work on /mnt/c/Users/Pato_/OneDrive/Documentos/ITBA/PYTHON_DATA_APP/itba/lib/python3.10/site-packages/airflow/example_dags/example_sensor_decorator.py
[2024-10-20T19:34:17.596-0300] {processor.py:914} INFO - Processing file /mnt/c/Users/Pato_/OneDrive/Documentos/ITBA/PYTHON_DATA_APP/itba/lib/python3.10/site-packages/airflow/example_dags/example_sensor_decorator.py for tasks to queue
[2024-10-20T19:34:17.598-0300] {logging_mixin.py:190} INFO - [2024-10-20T19:34:17.597-0300] {dagbag.py:588} INFO - Filling up the DagBag from /mnt/c/Users/Pato_/OneDrive/Documentos/ITBA/PYTHON_DATA_APP/itba/lib/python3.10/site-packages/airflow/example_dags/example_sensor_decorator.py
[2024-10-20T19:34:17.637-0300] {processor.py:925} INFO - DAG(s) 'example_sensor_decorator' retrieved from /mnt/c/Users/Pato_/OneDrive/Documentos/ITBA/PYTHON_DATA_APP/itba/lib/python3.10/site-packages/airflow/example_dags/example_sensor_decorator.py
[2024-10-20T19:34:17.651-0300] {logging_mixin.py:190} INFO - [2024-10-20T19:34:17.651-0300] {dag.py:3239} INFO - Sync 1 DAGs
[2024-10-20T19:34:17.660-0300] {logging_mixin.py:190} INFO - [2024-10-20T19:34:17.659-0300] {dag.py:4180} INFO - Setting next_dagrun for example_sensor_decorator to None, run_after=None
[2024-10-20T19:34:17.689-0300] {processor.py:208} INFO - Processing /mnt/c/Users/Pato_/OneDrive/Documentos/ITBA/PYTHON_DATA_APP/itba/lib/python3.10/site-packages/airflow/example_dags/example_sensor_decorator.py took 0.100 seconds
[2024-10-20T19:35:26.188-0300] {processor.py:186} INFO - Started process (PID=319089) to work on /mnt/c/Users/Pato_/OneDrive/Documentos/ITBA/PYTHON_DATA_APP/itba/lib/python3.10/site-packages/airflow/example_dags/example_sensor_decorator.py
[2024-10-20T19:35:26.189-0300] {processor.py:914} INFO - Processing file /mnt/c/Users/Pato_/OneDrive/Documentos/ITBA/PYTHON_DATA_APP/itba/lib/python3.10/site-packages/airflow/example_dags/example_sensor_decorator.py for tasks to queue
[2024-10-20T19:35:26.191-0300] {logging_mixin.py:190} INFO - [2024-10-20T19:35:26.190-0300] {dagbag.py:588} INFO - Filling up the DagBag from /mnt/c/Users/Pato_/OneDrive/Documentos/ITBA/PYTHON_DATA_APP/itba/lib/python3.10/site-packages/airflow/example_dags/example_sensor_decorator.py
[2024-10-20T19:35:26.235-0300] {processor.py:925} INFO - DAG(s) 'example_sensor_decorator' retrieved from /mnt/c/Users/Pato_/OneDrive/Documentos/ITBA/PYTHON_DATA_APP/itba/lib/python3.10/site-packages/airflow/example_dags/example_sensor_decorator.py
[2024-10-20T19:35:26.251-0300] {logging_mixin.py:190} INFO - [2024-10-20T19:35:26.251-0300] {dag.py:3239} INFO - Sync 1 DAGs
[2024-10-20T19:35:26.261-0300] {logging_mixin.py:190} INFO - [2024-10-20T19:35:26.260-0300] {dag.py:4180} INFO - Setting next_dagrun for example_sensor_decorator to None, run_after=None
[2024-10-20T19:35:26.293-0300] {processor.py:208} INFO - Processing /mnt/c/Users/Pato_/OneDrive/Documentos/ITBA/PYTHON_DATA_APP/itba/lib/python3.10/site-packages/airflow/example_dags/example_sensor_decorator.py took 0.113 seconds
[2024-10-20T19:36:37.137-0300] {processor.py:186} INFO - Started process (PID=319641) to work on /mnt/c/Users/Pato_/OneDrive/Documentos/ITBA/PYTHON_DATA_APP/itba/lib/python3.10/site-packages/airflow/example_dags/example_sensor_decorator.py
[2024-10-20T19:36:37.138-0300] {processor.py:914} INFO - Processing file /mnt/c/Users/Pato_/OneDrive/Documentos/ITBA/PYTHON_DATA_APP/itba/lib/python3.10/site-packages/airflow/example_dags/example_sensor_decorator.py for tasks to queue
[2024-10-20T19:36:37.140-0300] {logging_mixin.py:190} INFO - [2024-10-20T19:36:37.139-0300] {dagbag.py:588} INFO - Filling up the DagBag from /mnt/c/Users/Pato_/OneDrive/Documentos/ITBA/PYTHON_DATA_APP/itba/lib/python3.10/site-packages/airflow/example_dags/example_sensor_decorator.py
[2024-10-20T19:36:37.179-0300] {processor.py:925} INFO - DAG(s) 'example_sensor_decorator' retrieved from /mnt/c/Users/Pato_/OneDrive/Documentos/ITBA/PYTHON_DATA_APP/itba/lib/python3.10/site-packages/airflow/example_dags/example_sensor_decorator.py
[2024-10-20T19:36:37.193-0300] {logging_mixin.py:190} INFO - [2024-10-20T19:36:37.193-0300] {dag.py:3239} INFO - Sync 1 DAGs
[2024-10-20T19:36:37.202-0300] {logging_mixin.py:190} INFO - [2024-10-20T19:36:37.201-0300] {dag.py:4180} INFO - Setting next_dagrun for example_sensor_decorator to None, run_after=None
[2024-10-20T19:36:37.229-0300] {processor.py:208} INFO - Processing /mnt/c/Users/Pato_/OneDrive/Documentos/ITBA/PYTHON_DATA_APP/itba/lib/python3.10/site-packages/airflow/example_dags/example_sensor_decorator.py took 0.100 seconds
[2024-10-20T19:37:44.253-0300] {processor.py:186} INFO - Started process (PID=320166) to work on /mnt/c/Users/Pato_/OneDrive/Documentos/ITBA/PYTHON_DATA_APP/itba/lib/python3.10/site-packages/airflow/example_dags/example_sensor_decorator.py
[2024-10-20T19:37:44.254-0300] {processor.py:914} INFO - Processing file /mnt/c/Users/Pato_/OneDrive/Documentos/ITBA/PYTHON_DATA_APP/itba/lib/python3.10/site-packages/airflow/example_dags/example_sensor_decorator.py for tasks to queue
[2024-10-20T19:37:44.256-0300] {logging_mixin.py:190} INFO - [2024-10-20T19:37:44.255-0300] {dagbag.py:588} INFO - Filling up the DagBag from /mnt/c/Users/Pato_/OneDrive/Documentos/ITBA/PYTHON_DATA_APP/itba/lib/python3.10/site-packages/airflow/example_dags/example_sensor_decorator.py
[2024-10-20T19:37:44.294-0300] {processor.py:925} INFO - DAG(s) 'example_sensor_decorator' retrieved from /mnt/c/Users/Pato_/OneDrive/Documentos/ITBA/PYTHON_DATA_APP/itba/lib/python3.10/site-packages/airflow/example_dags/example_sensor_decorator.py
[2024-10-20T19:37:44.308-0300] {logging_mixin.py:190} INFO - [2024-10-20T19:37:44.307-0300] {dag.py:3239} INFO - Sync 1 DAGs
[2024-10-20T19:37:44.317-0300] {logging_mixin.py:190} INFO - [2024-10-20T19:37:44.316-0300] {dag.py:4180} INFO - Setting next_dagrun for example_sensor_decorator to None, run_after=None
[2024-10-20T19:37:44.344-0300] {processor.py:208} INFO - Processing /mnt/c/Users/Pato_/OneDrive/Documentos/ITBA/PYTHON_DATA_APP/itba/lib/python3.10/site-packages/airflow/example_dags/example_sensor_decorator.py took 0.098 seconds
[2024-10-20T19:38:49.538-0300] {processor.py:186} INFO - Started process (PID=320676) to work on /mnt/c/Users/Pato_/OneDrive/Documentos/ITBA/PYTHON_DATA_APP/itba/lib/python3.10/site-packages/airflow/example_dags/example_sensor_decorator.py
[2024-10-20T19:38:49.539-0300] {processor.py:914} INFO - Processing file /mnt/c/Users/Pato_/OneDrive/Documentos/ITBA/PYTHON_DATA_APP/itba/lib/python3.10/site-packages/airflow/example_dags/example_sensor_decorator.py for tasks to queue
[2024-10-20T19:38:49.541-0300] {logging_mixin.py:190} INFO - [2024-10-20T19:38:49.541-0300] {dagbag.py:588} INFO - Filling up the DagBag from /mnt/c/Users/Pato_/OneDrive/Documentos/ITBA/PYTHON_DATA_APP/itba/lib/python3.10/site-packages/airflow/example_dags/example_sensor_decorator.py
[2024-10-20T19:38:49.585-0300] {processor.py:925} INFO - DAG(s) 'example_sensor_decorator' retrieved from /mnt/c/Users/Pato_/OneDrive/Documentos/ITBA/PYTHON_DATA_APP/itba/lib/python3.10/site-packages/airflow/example_dags/example_sensor_decorator.py
[2024-10-20T19:38:49.601-0300] {logging_mixin.py:190} INFO - [2024-10-20T19:38:49.600-0300] {dag.py:3239} INFO - Sync 1 DAGs
[2024-10-20T19:38:49.610-0300] {logging_mixin.py:190} INFO - [2024-10-20T19:38:49.609-0300] {dag.py:4180} INFO - Setting next_dagrun for example_sensor_decorator to None, run_after=None
[2024-10-20T19:38:49.640-0300] {processor.py:208} INFO - Processing /mnt/c/Users/Pato_/OneDrive/Documentos/ITBA/PYTHON_DATA_APP/itba/lib/python3.10/site-packages/airflow/example_dags/example_sensor_decorator.py took 0.109 seconds
[2024-10-20T19:39:56.303-0300] {processor.py:186} INFO - Started process (PID=321336) to work on /mnt/c/Users/Pato_/OneDrive/Documentos/ITBA/PYTHON_DATA_APP/itba/lib/python3.10/site-packages/airflow/example_dags/example_sensor_decorator.py
[2024-10-20T19:39:56.304-0300] {processor.py:914} INFO - Processing file /mnt/c/Users/Pato_/OneDrive/Documentos/ITBA/PYTHON_DATA_APP/itba/lib/python3.10/site-packages/airflow/example_dags/example_sensor_decorator.py for tasks to queue
[2024-10-20T19:39:56.306-0300] {logging_mixin.py:190} INFO - [2024-10-20T19:39:56.306-0300] {dagbag.py:588} INFO - Filling up the DagBag from /mnt/c/Users/Pato_/OneDrive/Documentos/ITBA/PYTHON_DATA_APP/itba/lib/python3.10/site-packages/airflow/example_dags/example_sensor_decorator.py
[2024-10-20T19:39:56.345-0300] {processor.py:925} INFO - DAG(s) 'example_sensor_decorator' retrieved from /mnt/c/Users/Pato_/OneDrive/Documentos/ITBA/PYTHON_DATA_APP/itba/lib/python3.10/site-packages/airflow/example_dags/example_sensor_decorator.py
[2024-10-20T19:39:56.358-0300] {logging_mixin.py:190} INFO - [2024-10-20T19:39:56.358-0300] {dag.py:3239} INFO - Sync 1 DAGs
[2024-10-20T19:39:56.367-0300] {logging_mixin.py:190} INFO - [2024-10-20T19:39:56.367-0300] {dag.py:4180} INFO - Setting next_dagrun for example_sensor_decorator to None, run_after=None
[2024-10-20T19:39:56.397-0300] {processor.py:208} INFO - Processing /mnt/c/Users/Pato_/OneDrive/Documentos/ITBA/PYTHON_DATA_APP/itba/lib/python3.10/site-packages/airflow/example_dags/example_sensor_decorator.py took 0.100 seconds
[2024-10-20T19:41:01.566-0300] {processor.py:186} INFO - Started process (PID=322092) to work on /mnt/c/Users/Pato_/OneDrive/Documentos/ITBA/PYTHON_DATA_APP/itba/lib/python3.10/site-packages/airflow/example_dags/example_sensor_decorator.py
[2024-10-20T19:41:01.567-0300] {processor.py:914} INFO - Processing file /mnt/c/Users/Pato_/OneDrive/Documentos/ITBA/PYTHON_DATA_APP/itba/lib/python3.10/site-packages/airflow/example_dags/example_sensor_decorator.py for tasks to queue
[2024-10-20T19:41:01.569-0300] {logging_mixin.py:190} INFO - [2024-10-20T19:41:01.569-0300] {dagbag.py:588} INFO - Filling up the DagBag from /mnt/c/Users/Pato_/OneDrive/Documentos/ITBA/PYTHON_DATA_APP/itba/lib/python3.10/site-packages/airflow/example_dags/example_sensor_decorator.py
[2024-10-20T19:41:01.609-0300] {processor.py:925} INFO - DAG(s) 'example_sensor_decorator' retrieved from /mnt/c/Users/Pato_/OneDrive/Documentos/ITBA/PYTHON_DATA_APP/itba/lib/python3.10/site-packages/airflow/example_dags/example_sensor_decorator.py
[2024-10-20T19:41:01.623-0300] {logging_mixin.py:190} INFO - [2024-10-20T19:41:01.622-0300] {dag.py:3239} INFO - Sync 1 DAGs
[2024-10-20T19:41:01.632-0300] {logging_mixin.py:190} INFO - [2024-10-20T19:41:01.631-0300] {dag.py:4180} INFO - Setting next_dagrun for example_sensor_decorator to None, run_after=None
[2024-10-20T19:41:01.661-0300] {processor.py:208} INFO - Processing /mnt/c/Users/Pato_/OneDrive/Documentos/ITBA/PYTHON_DATA_APP/itba/lib/python3.10/site-packages/airflow/example_dags/example_sensor_decorator.py took 0.102 seconds
[2024-10-20T19:42:09.570-0300] {processor.py:186} INFO - Started process (PID=322629) to work on /mnt/c/Users/Pato_/OneDrive/Documentos/ITBA/PYTHON_DATA_APP/itba/lib/python3.10/site-packages/airflow/example_dags/example_sensor_decorator.py
[2024-10-20T19:42:09.571-0300] {processor.py:914} INFO - Processing file /mnt/c/Users/Pato_/OneDrive/Documentos/ITBA/PYTHON_DATA_APP/itba/lib/python3.10/site-packages/airflow/example_dags/example_sensor_decorator.py for tasks to queue
[2024-10-20T19:42:09.574-0300] {logging_mixin.py:190} INFO - [2024-10-20T19:42:09.573-0300] {dagbag.py:588} INFO - Filling up the DagBag from /mnt/c/Users/Pato_/OneDrive/Documentos/ITBA/PYTHON_DATA_APP/itba/lib/python3.10/site-packages/airflow/example_dags/example_sensor_decorator.py
[2024-10-20T19:42:09.612-0300] {processor.py:925} INFO - DAG(s) 'example_sensor_decorator' retrieved from /mnt/c/Users/Pato_/OneDrive/Documentos/ITBA/PYTHON_DATA_APP/itba/lib/python3.10/site-packages/airflow/example_dags/example_sensor_decorator.py
[2024-10-20T19:42:09.626-0300] {logging_mixin.py:190} INFO - [2024-10-20T19:42:09.626-0300] {dag.py:3239} INFO - Sync 1 DAGs
[2024-10-20T19:42:09.635-0300] {logging_mixin.py:190} INFO - [2024-10-20T19:42:09.635-0300] {dag.py:4180} INFO - Setting next_dagrun for example_sensor_decorator to None, run_after=None
[2024-10-20T19:42:09.667-0300] {processor.py:208} INFO - Processing /mnt/c/Users/Pato_/OneDrive/Documentos/ITBA/PYTHON_DATA_APP/itba/lib/python3.10/site-packages/airflow/example_dags/example_sensor_decorator.py took 0.103 seconds
