[2024-10-20T19:02:15.537-0300] {processor.py:186} INFO - Started process (PID=299704) to work on /mnt/c/Users/Pato_/OneDrive/Documentos/ITBA/PYTHON_DATA_APP/itba/lib/python3.10/site-packages/airflow/example_dags/example_bash_decorator.py
[2024-10-20T19:02:15.538-0300] {processor.py:914} INFO - Processing file /mnt/c/Users/Pato_/OneDrive/Documentos/ITBA/PYTHON_DATA_APP/itba/lib/python3.10/site-packages/airflow/example_dags/example_bash_decorator.py for tasks to queue
[2024-10-20T19:02:15.540-0300] {logging_mixin.py:190} INFO - [2024-10-20T19:02:15.540-0300] {dagbag.py:588} INFO - Filling up the DagBag from /mnt/c/Users/Pato_/OneDrive/Documentos/ITBA/PYTHON_DATA_APP/itba/lib/python3.10/site-packages/airflow/example_dags/example_bash_decorator.py
[2024-10-20T19:02:15.589-0300] {processor.py:925} INFO - DAG(s) 'example_bash_decorator' retrieved from /mnt/c/Users/Pato_/OneDrive/Documentos/ITBA/PYTHON_DATA_APP/itba/lib/python3.10/site-packages/airflow/example_dags/example_bash_decorator.py
[2024-10-20T19:02:16.294-0300] {logging_mixin.py:190} INFO - [2024-10-20T19:02:16.293-0300] {override.py:1907} INFO - Created Permission View: can read on DAG:example_bash_decorator
[2024-10-20T19:02:16.317-0300] {logging_mixin.py:190} INFO - [2024-10-20T19:02:16.316-0300] {override.py:1907} INFO - Created Permission View: can delete on DAG:example_bash_decorator
[2024-10-20T19:02:16.337-0300] {logging_mixin.py:190} INFO - [2024-10-20T19:02:16.336-0300] {override.py:1907} INFO - Created Permission View: can edit on DAG:example_bash_decorator
[2024-10-20T19:02:16.369-0300] {logging_mixin.py:190} INFO - [2024-10-20T19:02:16.368-0300] {override.py:1907} INFO - Created Permission View: can read on DAG Run:example_bash_decorator
[2024-10-20T19:02:16.389-0300] {logging_mixin.py:190} INFO - [2024-10-20T19:02:16.389-0300] {override.py:1907} INFO - Created Permission View: can delete on DAG Run:example_bash_decorator
[2024-10-20T19:02:16.410-0300] {logging_mixin.py:190} INFO - [2024-10-20T19:02:16.409-0300] {override.py:1907} INFO - Created Permission View: can create on DAG Run:example_bash_decorator
[2024-10-20T19:02:16.430-0300] {logging_mixin.py:190} INFO - [2024-10-20T19:02:16.429-0300] {override.py:1907} INFO - Created Permission View: menu access on DAG Run:example_bash_decorator
[2024-10-20T19:02:16.431-0300] {logging_mixin.py:190} INFO - [2024-10-20T19:02:16.431-0300] {dag.py:3239} INFO - Sync 1 DAGs
[2024-10-20T19:02:16.443-0300] {logging_mixin.py:190} INFO - [2024-10-20T19:02:16.442-0300] {dag.py:3262} INFO - Creating ORM DAG for example_bash_decorator
[2024-10-20T19:02:16.444-0300] {logging_mixin.py:190} INFO - [2024-10-20T19:02:16.444-0300] {dag.py:4180} INFO - Setting next_dagrun for example_bash_decorator to None, run_after=None
[2024-10-20T19:02:16.477-0300] {processor.py:208} INFO - Processing /mnt/c/Users/Pato_/OneDrive/Documentos/ITBA/PYTHON_DATA_APP/itba/lib/python3.10/site-packages/airflow/example_dags/example_bash_decorator.py took 0.947 seconds
[2024-10-20T19:03:46.515-0300] {processor.py:186} INFO - Started process (PID=300414) to work on /mnt/c/Users/Pato_/OneDrive/Documentos/ITBA/PYTHON_DATA_APP/itba/lib/python3.10/site-packages/airflow/example_dags/example_bash_decorator.py
[2024-10-20T19:03:46.515-0300] {processor.py:914} INFO - Processing file /mnt/c/Users/Pato_/OneDrive/Documentos/ITBA/PYTHON_DATA_APP/itba/lib/python3.10/site-packages/airflow/example_dags/example_bash_decorator.py for tasks to queue
[2024-10-20T19:03:46.517-0300] {logging_mixin.py:190} INFO - [2024-10-20T19:03:46.517-0300] {dagbag.py:588} INFO - Filling up the DagBag from /mnt/c/Users/Pato_/OneDrive/Documentos/ITBA/PYTHON_DATA_APP/itba/lib/python3.10/site-packages/airflow/example_dags/example_bash_decorator.py
[2024-10-20T19:03:46.565-0300] {processor.py:925} INFO - DAG(s) 'example_bash_decorator' retrieved from /mnt/c/Users/Pato_/OneDrive/Documentos/ITBA/PYTHON_DATA_APP/itba/lib/python3.10/site-packages/airflow/example_dags/example_bash_decorator.py
[2024-10-20T19:03:46.581-0300] {logging_mixin.py:190} INFO - [2024-10-20T19:03:46.581-0300] {dag.py:3239} INFO - Sync 1 DAGs
[2024-10-20T19:03:46.590-0300] {logging_mixin.py:190} INFO - [2024-10-20T19:03:46.590-0300] {dag.py:4180} INFO - Setting next_dagrun for example_bash_decorator to None, run_after=None
[2024-10-20T19:03:46.620-0300] {processor.py:208} INFO - Processing /mnt/c/Users/Pato_/OneDrive/Documentos/ITBA/PYTHON_DATA_APP/itba/lib/python3.10/site-packages/airflow/example_dags/example_bash_decorator.py took 0.112 seconds
[2024-10-20T19:04:57.622-0300] {processor.py:186} INFO - Started process (PID=301220) to work on /mnt/c/Users/Pato_/OneDrive/Documentos/ITBA/PYTHON_DATA_APP/itba/lib/python3.10/site-packages/airflow/example_dags/example_bash_decorator.py
[2024-10-20T19:04:57.623-0300] {processor.py:914} INFO - Processing file /mnt/c/Users/Pato_/OneDrive/Documentos/ITBA/PYTHON_DATA_APP/itba/lib/python3.10/site-packages/airflow/example_dags/example_bash_decorator.py for tasks to queue
[2024-10-20T19:04:57.625-0300] {logging_mixin.py:190} INFO - [2024-10-20T19:04:57.625-0300] {dagbag.py:588} INFO - Filling up the DagBag from /mnt/c/Users/Pato_/OneDrive/Documentos/ITBA/PYTHON_DATA_APP/itba/lib/python3.10/site-packages/airflow/example_dags/example_bash_decorator.py
[2024-10-20T19:04:57.672-0300] {processor.py:925} INFO - DAG(s) 'example_bash_decorator' retrieved from /mnt/c/Users/Pato_/OneDrive/Documentos/ITBA/PYTHON_DATA_APP/itba/lib/python3.10/site-packages/airflow/example_dags/example_bash_decorator.py
[2024-10-20T19:04:57.689-0300] {logging_mixin.py:190} INFO - [2024-10-20T19:04:57.688-0300] {dag.py:3239} INFO - Sync 1 DAGs
[2024-10-20T19:04:57.697-0300] {logging_mixin.py:190} INFO - [2024-10-20T19:04:57.697-0300] {dag.py:4180} INFO - Setting next_dagrun for example_bash_decorator to None, run_after=None
[2024-10-20T19:04:57.726-0300] {processor.py:208} INFO - Processing /mnt/c/Users/Pato_/OneDrive/Documentos/ITBA/PYTHON_DATA_APP/itba/lib/python3.10/site-packages/airflow/example_dags/example_bash_decorator.py took 0.110 seconds
[2024-10-20T19:07:34.632-0300] {processor.py:186} INFO - Started process (PID=303373) to work on /mnt/c/Users/Pato_/OneDrive/Documentos/ITBA/PYTHON_DATA_APP/itba/lib/python3.10/site-packages/airflow/example_dags/example_bash_decorator.py
[2024-10-20T19:07:34.633-0300] {processor.py:914} INFO - Processing file /mnt/c/Users/Pato_/OneDrive/Documentos/ITBA/PYTHON_DATA_APP/itba/lib/python3.10/site-packages/airflow/example_dags/example_bash_decorator.py for tasks to queue
[2024-10-20T19:07:34.635-0300] {logging_mixin.py:190} INFO - [2024-10-20T19:07:34.635-0300] {dagbag.py:588} INFO - Filling up the DagBag from /mnt/c/Users/Pato_/OneDrive/Documentos/ITBA/PYTHON_DATA_APP/itba/lib/python3.10/site-packages/airflow/example_dags/example_bash_decorator.py
[2024-10-20T19:07:34.683-0300] {processor.py:925} INFO - DAG(s) 'example_bash_decorator' retrieved from /mnt/c/Users/Pato_/OneDrive/Documentos/ITBA/PYTHON_DATA_APP/itba/lib/python3.10/site-packages/airflow/example_dags/example_bash_decorator.py
[2024-10-20T19:07:34.700-0300] {logging_mixin.py:190} INFO - [2024-10-20T19:07:34.699-0300] {dag.py:3239} INFO - Sync 1 DAGs
[2024-10-20T19:07:34.708-0300] {logging_mixin.py:190} INFO - [2024-10-20T19:07:34.708-0300] {dag.py:4180} INFO - Setting next_dagrun for example_bash_decorator to None, run_after=None
[2024-10-20T19:07:34.739-0300] {processor.py:208} INFO - Processing /mnt/c/Users/Pato_/OneDrive/Documentos/ITBA/PYTHON_DATA_APP/itba/lib/python3.10/site-packages/airflow/example_dags/example_bash_decorator.py took 0.113 seconds
[2024-10-20T19:09:01.196-0300] {processor.py:186} INFO - Started process (PID=304047) to work on /mnt/c/Users/Pato_/OneDrive/Documentos/ITBA/PYTHON_DATA_APP/itba/lib/python3.10/site-packages/airflow/example_dags/example_bash_decorator.py
[2024-10-20T19:09:01.197-0300] {processor.py:914} INFO - Processing file /mnt/c/Users/Pato_/OneDrive/Documentos/ITBA/PYTHON_DATA_APP/itba/lib/python3.10/site-packages/airflow/example_dags/example_bash_decorator.py for tasks to queue
[2024-10-20T19:09:01.199-0300] {logging_mixin.py:190} INFO - [2024-10-20T19:09:01.199-0300] {dagbag.py:588} INFO - Filling up the DagBag from /mnt/c/Users/Pato_/OneDrive/Documentos/ITBA/PYTHON_DATA_APP/itba/lib/python3.10/site-packages/airflow/example_dags/example_bash_decorator.py
[2024-10-20T19:09:01.246-0300] {processor.py:925} INFO - DAG(s) 'example_bash_decorator' retrieved from /mnt/c/Users/Pato_/OneDrive/Documentos/ITBA/PYTHON_DATA_APP/itba/lib/python3.10/site-packages/airflow/example_dags/example_bash_decorator.py
[2024-10-20T19:09:01.264-0300] {logging_mixin.py:190} INFO - [2024-10-20T19:09:01.263-0300] {dag.py:3239} INFO - Sync 1 DAGs
[2024-10-20T19:09:01.272-0300] {logging_mixin.py:190} INFO - [2024-10-20T19:09:01.272-0300] {dag.py:4180} INFO - Setting next_dagrun for example_bash_decorator to None, run_after=None
[2024-10-20T19:09:01.300-0300] {processor.py:208} INFO - Processing /mnt/c/Users/Pato_/OneDrive/Documentos/ITBA/PYTHON_DATA_APP/itba/lib/python3.10/site-packages/airflow/example_dags/example_bash_decorator.py took 0.110 seconds
[2024-10-20T19:10:04.307-0300] {processor.py:186} INFO - Started process (PID=304631) to work on /mnt/c/Users/Pato_/OneDrive/Documentos/ITBA/PYTHON_DATA_APP/itba/lib/python3.10/site-packages/airflow/example_dags/example_bash_decorator.py
[2024-10-20T19:10:04.308-0300] {processor.py:914} INFO - Processing file /mnt/c/Users/Pato_/OneDrive/Documentos/ITBA/PYTHON_DATA_APP/itba/lib/python3.10/site-packages/airflow/example_dags/example_bash_decorator.py for tasks to queue
[2024-10-20T19:10:04.310-0300] {logging_mixin.py:190} INFO - [2024-10-20T19:10:04.310-0300] {dagbag.py:588} INFO - Filling up the DagBag from /mnt/c/Users/Pato_/OneDrive/Documentos/ITBA/PYTHON_DATA_APP/itba/lib/python3.10/site-packages/airflow/example_dags/example_bash_decorator.py
[2024-10-20T19:10:04.356-0300] {processor.py:925} INFO - DAG(s) 'example_bash_decorator' retrieved from /mnt/c/Users/Pato_/OneDrive/Documentos/ITBA/PYTHON_DATA_APP/itba/lib/python3.10/site-packages/airflow/example_dags/example_bash_decorator.py
[2024-10-20T19:10:04.372-0300] {logging_mixin.py:190} INFO - [2024-10-20T19:10:04.371-0300] {dag.py:3239} INFO - Sync 1 DAGs
[2024-10-20T19:10:04.380-0300] {logging_mixin.py:190} INFO - [2024-10-20T19:10:04.380-0300] {dag.py:4180} INFO - Setting next_dagrun for example_bash_decorator to None, run_after=None
[2024-10-20T19:10:04.410-0300] {processor.py:208} INFO - Processing /mnt/c/Users/Pato_/OneDrive/Documentos/ITBA/PYTHON_DATA_APP/itba/lib/python3.10/site-packages/airflow/example_dags/example_bash_decorator.py took 0.109 seconds
[2024-10-20T19:11:12.358-0300] {processor.py:186} INFO - Started process (PID=305166) to work on /mnt/c/Users/Pato_/OneDrive/Documentos/ITBA/PYTHON_DATA_APP/itba/lib/python3.10/site-packages/airflow/example_dags/example_bash_decorator.py
[2024-10-20T19:11:12.359-0300] {processor.py:914} INFO - Processing file /mnt/c/Users/Pato_/OneDrive/Documentos/ITBA/PYTHON_DATA_APP/itba/lib/python3.10/site-packages/airflow/example_dags/example_bash_decorator.py for tasks to queue
[2024-10-20T19:11:12.361-0300] {logging_mixin.py:190} INFO - [2024-10-20T19:11:12.360-0300] {dagbag.py:588} INFO - Filling up the DagBag from /mnt/c/Users/Pato_/OneDrive/Documentos/ITBA/PYTHON_DATA_APP/itba/lib/python3.10/site-packages/airflow/example_dags/example_bash_decorator.py
[2024-10-20T19:11:12.407-0300] {processor.py:925} INFO - DAG(s) 'example_bash_decorator' retrieved from /mnt/c/Users/Pato_/OneDrive/Documentos/ITBA/PYTHON_DATA_APP/itba/lib/python3.10/site-packages/airflow/example_dags/example_bash_decorator.py
[2024-10-20T19:11:12.424-0300] {logging_mixin.py:190} INFO - [2024-10-20T19:11:12.423-0300] {dag.py:3239} INFO - Sync 1 DAGs
[2024-10-20T19:11:12.432-0300] {logging_mixin.py:190} INFO - [2024-10-20T19:11:12.431-0300] {dag.py:4180} INFO - Setting next_dagrun for example_bash_decorator to None, run_after=None
[2024-10-20T19:11:12.460-0300] {processor.py:208} INFO - Processing /mnt/c/Users/Pato_/OneDrive/Documentos/ITBA/PYTHON_DATA_APP/itba/lib/python3.10/site-packages/airflow/example_dags/example_bash_decorator.py took 0.109 seconds
[2024-10-20T19:12:22.007-0300] {processor.py:186} INFO - Started process (PID=305707) to work on /mnt/c/Users/Pato_/OneDrive/Documentos/ITBA/PYTHON_DATA_APP/itba/lib/python3.10/site-packages/airflow/example_dags/example_bash_decorator.py
[2024-10-20T19:12:22.008-0300] {processor.py:914} INFO - Processing file /mnt/c/Users/Pato_/OneDrive/Documentos/ITBA/PYTHON_DATA_APP/itba/lib/python3.10/site-packages/airflow/example_dags/example_bash_decorator.py for tasks to queue
[2024-10-20T19:12:22.010-0300] {logging_mixin.py:190} INFO - [2024-10-20T19:12:22.010-0300] {dagbag.py:588} INFO - Filling up the DagBag from /mnt/c/Users/Pato_/OneDrive/Documentos/ITBA/PYTHON_DATA_APP/itba/lib/python3.10/site-packages/airflow/example_dags/example_bash_decorator.py
[2024-10-20T19:12:22.056-0300] {processor.py:925} INFO - DAG(s) 'example_bash_decorator' retrieved from /mnt/c/Users/Pato_/OneDrive/Documentos/ITBA/PYTHON_DATA_APP/itba/lib/python3.10/site-packages/airflow/example_dags/example_bash_decorator.py
[2024-10-20T19:12:22.072-0300] {logging_mixin.py:190} INFO - [2024-10-20T19:12:22.072-0300] {dag.py:3239} INFO - Sync 1 DAGs
[2024-10-20T19:12:22.081-0300] {logging_mixin.py:190} INFO - [2024-10-20T19:12:22.080-0300] {dag.py:4180} INFO - Setting next_dagrun for example_bash_decorator to None, run_after=None
[2024-10-20T19:12:22.108-0300] {processor.py:208} INFO - Processing /mnt/c/Users/Pato_/OneDrive/Documentos/ITBA/PYTHON_DATA_APP/itba/lib/python3.10/site-packages/airflow/example_dags/example_bash_decorator.py took 0.108 seconds
[2024-10-20T19:13:25.925-0300] {processor.py:186} INFO - Started process (PID=306212) to work on /mnt/c/Users/Pato_/OneDrive/Documentos/ITBA/PYTHON_DATA_APP/itba/lib/python3.10/site-packages/airflow/example_dags/example_bash_decorator.py
[2024-10-20T19:13:25.926-0300] {processor.py:914} INFO - Processing file /mnt/c/Users/Pato_/OneDrive/Documentos/ITBA/PYTHON_DATA_APP/itba/lib/python3.10/site-packages/airflow/example_dags/example_bash_decorator.py for tasks to queue
[2024-10-20T19:13:25.928-0300] {logging_mixin.py:190} INFO - [2024-10-20T19:13:25.927-0300] {dagbag.py:588} INFO - Filling up the DagBag from /mnt/c/Users/Pato_/OneDrive/Documentos/ITBA/PYTHON_DATA_APP/itba/lib/python3.10/site-packages/airflow/example_dags/example_bash_decorator.py
[2024-10-20T19:13:25.973-0300] {processor.py:925} INFO - DAG(s) 'example_bash_decorator' retrieved from /mnt/c/Users/Pato_/OneDrive/Documentos/ITBA/PYTHON_DATA_APP/itba/lib/python3.10/site-packages/airflow/example_dags/example_bash_decorator.py
[2024-10-20T19:13:25.989-0300] {logging_mixin.py:190} INFO - [2024-10-20T19:13:25.989-0300] {dag.py:3239} INFO - Sync 1 DAGs
[2024-10-20T19:13:25.998-0300] {logging_mixin.py:190} INFO - [2024-10-20T19:13:25.998-0300] {dag.py:4180} INFO - Setting next_dagrun for example_bash_decorator to None, run_after=None
[2024-10-20T19:13:26.027-0300] {processor.py:208} INFO - Processing /mnt/c/Users/Pato_/OneDrive/Documentos/ITBA/PYTHON_DATA_APP/itba/lib/python3.10/site-packages/airflow/example_dags/example_bash_decorator.py took 0.109 seconds
[2024-10-20T19:14:33.762-0300] {processor.py:186} INFO - Started process (PID=306737) to work on /mnt/c/Users/Pato_/OneDrive/Documentos/ITBA/PYTHON_DATA_APP/itba/lib/python3.10/site-packages/airflow/example_dags/example_bash_decorator.py
[2024-10-20T19:14:33.763-0300] {processor.py:914} INFO - Processing file /mnt/c/Users/Pato_/OneDrive/Documentos/ITBA/PYTHON_DATA_APP/itba/lib/python3.10/site-packages/airflow/example_dags/example_bash_decorator.py for tasks to queue
[2024-10-20T19:14:33.764-0300] {logging_mixin.py:190} INFO - [2024-10-20T19:14:33.764-0300] {dagbag.py:588} INFO - Filling up the DagBag from /mnt/c/Users/Pato_/OneDrive/Documentos/ITBA/PYTHON_DATA_APP/itba/lib/python3.10/site-packages/airflow/example_dags/example_bash_decorator.py
[2024-10-20T19:14:33.809-0300] {processor.py:925} INFO - DAG(s) 'example_bash_decorator' retrieved from /mnt/c/Users/Pato_/OneDrive/Documentos/ITBA/PYTHON_DATA_APP/itba/lib/python3.10/site-packages/airflow/example_dags/example_bash_decorator.py
[2024-10-20T19:14:33.826-0300] {logging_mixin.py:190} INFO - [2024-10-20T19:14:33.825-0300] {dag.py:3239} INFO - Sync 1 DAGs
[2024-10-20T19:14:33.835-0300] {logging_mixin.py:190} INFO - [2024-10-20T19:14:33.835-0300] {dag.py:4180} INFO - Setting next_dagrun for example_bash_decorator to None, run_after=None
[2024-10-20T19:14:33.864-0300] {processor.py:208} INFO - Processing /mnt/c/Users/Pato_/OneDrive/Documentos/ITBA/PYTHON_DATA_APP/itba/lib/python3.10/site-packages/airflow/example_dags/example_bash_decorator.py took 0.109 seconds
[2024-10-20T19:15:43.143-0300] {processor.py:186} INFO - Started process (PID=307305) to work on /mnt/c/Users/Pato_/OneDrive/Documentos/ITBA/PYTHON_DATA_APP/itba/lib/python3.10/site-packages/airflow/example_dags/example_bash_decorator.py
[2024-10-20T19:15:43.144-0300] {processor.py:914} INFO - Processing file /mnt/c/Users/Pato_/OneDrive/Documentos/ITBA/PYTHON_DATA_APP/itba/lib/python3.10/site-packages/airflow/example_dags/example_bash_decorator.py for tasks to queue
[2024-10-20T19:15:43.146-0300] {logging_mixin.py:190} INFO - [2024-10-20T19:15:43.145-0300] {dagbag.py:588} INFO - Filling up the DagBag from /mnt/c/Users/Pato_/OneDrive/Documentos/ITBA/PYTHON_DATA_APP/itba/lib/python3.10/site-packages/airflow/example_dags/example_bash_decorator.py
[2024-10-20T19:15:43.193-0300] {processor.py:925} INFO - DAG(s) 'example_bash_decorator' retrieved from /mnt/c/Users/Pato_/OneDrive/Documentos/ITBA/PYTHON_DATA_APP/itba/lib/python3.10/site-packages/airflow/example_dags/example_bash_decorator.py
[2024-10-20T19:15:43.210-0300] {logging_mixin.py:190} INFO - [2024-10-20T19:15:43.210-0300] {dag.py:3239} INFO - Sync 1 DAGs
[2024-10-20T19:15:43.219-0300] {logging_mixin.py:190} INFO - [2024-10-20T19:15:43.218-0300] {dag.py:4180} INFO - Setting next_dagrun for example_bash_decorator to None, run_after=None
[2024-10-20T19:15:43.247-0300] {processor.py:208} INFO - Processing /mnt/c/Users/Pato_/OneDrive/Documentos/ITBA/PYTHON_DATA_APP/itba/lib/python3.10/site-packages/airflow/example_dags/example_bash_decorator.py took 0.112 seconds
[2024-10-20T19:16:50.915-0300] {processor.py:186} INFO - Started process (PID=307832) to work on /mnt/c/Users/Pato_/OneDrive/Documentos/ITBA/PYTHON_DATA_APP/itba/lib/python3.10/site-packages/airflow/example_dags/example_bash_decorator.py
[2024-10-20T19:16:50.916-0300] {processor.py:914} INFO - Processing file /mnt/c/Users/Pato_/OneDrive/Documentos/ITBA/PYTHON_DATA_APP/itba/lib/python3.10/site-packages/airflow/example_dags/example_bash_decorator.py for tasks to queue
[2024-10-20T19:16:50.918-0300] {logging_mixin.py:190} INFO - [2024-10-20T19:16:50.917-0300] {dagbag.py:588} INFO - Filling up the DagBag from /mnt/c/Users/Pato_/OneDrive/Documentos/ITBA/PYTHON_DATA_APP/itba/lib/python3.10/site-packages/airflow/example_dags/example_bash_decorator.py
[2024-10-20T19:16:50.964-0300] {processor.py:925} INFO - DAG(s) 'example_bash_decorator' retrieved from /mnt/c/Users/Pato_/OneDrive/Documentos/ITBA/PYTHON_DATA_APP/itba/lib/python3.10/site-packages/airflow/example_dags/example_bash_decorator.py
[2024-10-20T19:16:50.980-0300] {logging_mixin.py:190} INFO - [2024-10-20T19:16:50.980-0300] {dag.py:3239} INFO - Sync 1 DAGs
[2024-10-20T19:16:50.988-0300] {logging_mixin.py:190} INFO - [2024-10-20T19:16:50.988-0300] {dag.py:4180} INFO - Setting next_dagrun for example_bash_decorator to None, run_after=None
[2024-10-20T19:16:51.016-0300] {processor.py:208} INFO - Processing /mnt/c/Users/Pato_/OneDrive/Documentos/ITBA/PYTHON_DATA_APP/itba/lib/python3.10/site-packages/airflow/example_dags/example_bash_decorator.py took 0.108 seconds
[2024-10-20T19:18:06.897-0300] {processor.py:186} INFO - Started process (PID=308427) to work on /mnt/c/Users/Pato_/OneDrive/Documentos/ITBA/PYTHON_DATA_APP/itba/lib/python3.10/site-packages/airflow/example_dags/example_bash_decorator.py
[2024-10-20T19:18:06.898-0300] {processor.py:914} INFO - Processing file /mnt/c/Users/Pato_/OneDrive/Documentos/ITBA/PYTHON_DATA_APP/itba/lib/python3.10/site-packages/airflow/example_dags/example_bash_decorator.py for tasks to queue
[2024-10-20T19:18:06.900-0300] {logging_mixin.py:190} INFO - [2024-10-20T19:18:06.900-0300] {dagbag.py:588} INFO - Filling up the DagBag from /mnt/c/Users/Pato_/OneDrive/Documentos/ITBA/PYTHON_DATA_APP/itba/lib/python3.10/site-packages/airflow/example_dags/example_bash_decorator.py
[2024-10-20T19:18:06.946-0300] {processor.py:925} INFO - DAG(s) 'example_bash_decorator' retrieved from /mnt/c/Users/Pato_/OneDrive/Documentos/ITBA/PYTHON_DATA_APP/itba/lib/python3.10/site-packages/airflow/example_dags/example_bash_decorator.py
[2024-10-20T19:18:06.962-0300] {logging_mixin.py:190} INFO - [2024-10-20T19:18:06.962-0300] {dag.py:3239} INFO - Sync 1 DAGs
[2024-10-20T19:18:06.971-0300] {logging_mixin.py:190} INFO - [2024-10-20T19:18:06.970-0300] {dag.py:4180} INFO - Setting next_dagrun for example_bash_decorator to None, run_after=None
[2024-10-20T19:18:07.000-0300] {processor.py:208} INFO - Processing /mnt/c/Users/Pato_/OneDrive/Documentos/ITBA/PYTHON_DATA_APP/itba/lib/python3.10/site-packages/airflow/example_dags/example_bash_decorator.py took 0.109 seconds
[2024-10-20T19:19:18.072-0300] {processor.py:186} INFO - Started process (PID=308980) to work on /mnt/c/Users/Pato_/OneDrive/Documentos/ITBA/PYTHON_DATA_APP/itba/lib/python3.10/site-packages/airflow/example_dags/example_bash_decorator.py
[2024-10-20T19:19:18.073-0300] {processor.py:914} INFO - Processing file /mnt/c/Users/Pato_/OneDrive/Documentos/ITBA/PYTHON_DATA_APP/itba/lib/python3.10/site-packages/airflow/example_dags/example_bash_decorator.py for tasks to queue
[2024-10-20T19:19:18.075-0300] {logging_mixin.py:190} INFO - [2024-10-20T19:19:18.074-0300] {dagbag.py:588} INFO - Filling up the DagBag from /mnt/c/Users/Pato_/OneDrive/Documentos/ITBA/PYTHON_DATA_APP/itba/lib/python3.10/site-packages/airflow/example_dags/example_bash_decorator.py
[2024-10-20T19:19:18.120-0300] {processor.py:925} INFO - DAG(s) 'example_bash_decorator' retrieved from /mnt/c/Users/Pato_/OneDrive/Documentos/ITBA/PYTHON_DATA_APP/itba/lib/python3.10/site-packages/airflow/example_dags/example_bash_decorator.py
[2024-10-20T19:19:18.137-0300] {logging_mixin.py:190} INFO - [2024-10-20T19:19:18.137-0300] {dag.py:3239} INFO - Sync 1 DAGs
[2024-10-20T19:19:18.146-0300] {logging_mixin.py:190} INFO - [2024-10-20T19:19:18.145-0300] {dag.py:4180} INFO - Setting next_dagrun for example_bash_decorator to None, run_after=None
[2024-10-20T19:19:18.175-0300] {processor.py:208} INFO - Processing /mnt/c/Users/Pato_/OneDrive/Documentos/ITBA/PYTHON_DATA_APP/itba/lib/python3.10/site-packages/airflow/example_dags/example_bash_decorator.py took 0.110 seconds
[2024-10-20T19:20:27.348-0300] {processor.py:186} INFO - Started process (PID=309550) to work on /mnt/c/Users/Pato_/OneDrive/Documentos/ITBA/PYTHON_DATA_APP/itba/lib/python3.10/site-packages/airflow/example_dags/example_bash_decorator.py
[2024-10-20T19:20:27.349-0300] {processor.py:914} INFO - Processing file /mnt/c/Users/Pato_/OneDrive/Documentos/ITBA/PYTHON_DATA_APP/itba/lib/python3.10/site-packages/airflow/example_dags/example_bash_decorator.py for tasks to queue
[2024-10-20T19:20:27.351-0300] {logging_mixin.py:190} INFO - [2024-10-20T19:20:27.351-0300] {dagbag.py:588} INFO - Filling up the DagBag from /mnt/c/Users/Pato_/OneDrive/Documentos/ITBA/PYTHON_DATA_APP/itba/lib/python3.10/site-packages/airflow/example_dags/example_bash_decorator.py
[2024-10-20T19:20:27.397-0300] {processor.py:925} INFO - DAG(s) 'example_bash_decorator' retrieved from /mnt/c/Users/Pato_/OneDrive/Documentos/ITBA/PYTHON_DATA_APP/itba/lib/python3.10/site-packages/airflow/example_dags/example_bash_decorator.py
[2024-10-20T19:20:27.413-0300] {logging_mixin.py:190} INFO - [2024-10-20T19:20:27.412-0300] {dag.py:3239} INFO - Sync 1 DAGs
[2024-10-20T19:20:27.421-0300] {logging_mixin.py:190} INFO - [2024-10-20T19:20:27.421-0300] {dag.py:4180} INFO - Setting next_dagrun for example_bash_decorator to None, run_after=None
[2024-10-20T19:20:27.450-0300] {processor.py:208} INFO - Processing /mnt/c/Users/Pato_/OneDrive/Documentos/ITBA/PYTHON_DATA_APP/itba/lib/python3.10/site-packages/airflow/example_dags/example_bash_decorator.py took 0.108 seconds
[2024-10-20T19:21:36.903-0300] {processor.py:186} INFO - Started process (PID=310157) to work on /mnt/c/Users/Pato_/OneDrive/Documentos/ITBA/PYTHON_DATA_APP/itba/lib/python3.10/site-packages/airflow/example_dags/example_bash_decorator.py
[2024-10-20T19:21:36.904-0300] {processor.py:914} INFO - Processing file /mnt/c/Users/Pato_/OneDrive/Documentos/ITBA/PYTHON_DATA_APP/itba/lib/python3.10/site-packages/airflow/example_dags/example_bash_decorator.py for tasks to queue
[2024-10-20T19:21:36.906-0300] {logging_mixin.py:190} INFO - [2024-10-20T19:21:36.905-0300] {dagbag.py:588} INFO - Filling up the DagBag from /mnt/c/Users/Pato_/OneDrive/Documentos/ITBA/PYTHON_DATA_APP/itba/lib/python3.10/site-packages/airflow/example_dags/example_bash_decorator.py
[2024-10-20T19:21:36.954-0300] {processor.py:925} INFO - DAG(s) 'example_bash_decorator' retrieved from /mnt/c/Users/Pato_/OneDrive/Documentos/ITBA/PYTHON_DATA_APP/itba/lib/python3.10/site-packages/airflow/example_dags/example_bash_decorator.py
[2024-10-20T19:21:36.972-0300] {logging_mixin.py:190} INFO - [2024-10-20T19:21:36.971-0300] {dag.py:3239} INFO - Sync 1 DAGs
[2024-10-20T19:21:36.980-0300] {logging_mixin.py:190} INFO - [2024-10-20T19:21:36.980-0300] {dag.py:4180} INFO - Setting next_dagrun for example_bash_decorator to None, run_after=None
[2024-10-20T19:21:37.012-0300] {processor.py:208} INFO - Processing /mnt/c/Users/Pato_/OneDrive/Documentos/ITBA/PYTHON_DATA_APP/itba/lib/python3.10/site-packages/airflow/example_dags/example_bash_decorator.py took 0.116 seconds
[2024-10-20T19:22:42.868-0300] {processor.py:186} INFO - Started process (PID=310767) to work on /mnt/c/Users/Pato_/OneDrive/Documentos/ITBA/PYTHON_DATA_APP/itba/lib/python3.10/site-packages/airflow/example_dags/example_bash_decorator.py
[2024-10-20T19:22:42.869-0300] {processor.py:914} INFO - Processing file /mnt/c/Users/Pato_/OneDrive/Documentos/ITBA/PYTHON_DATA_APP/itba/lib/python3.10/site-packages/airflow/example_dags/example_bash_decorator.py for tasks to queue
[2024-10-20T19:22:42.871-0300] {logging_mixin.py:190} INFO - [2024-10-20T19:22:42.870-0300] {dagbag.py:588} INFO - Filling up the DagBag from /mnt/c/Users/Pato_/OneDrive/Documentos/ITBA/PYTHON_DATA_APP/itba/lib/python3.10/site-packages/airflow/example_dags/example_bash_decorator.py
[2024-10-20T19:22:42.919-0300] {processor.py:925} INFO - DAG(s) 'example_bash_decorator' retrieved from /mnt/c/Users/Pato_/OneDrive/Documentos/ITBA/PYTHON_DATA_APP/itba/lib/python3.10/site-packages/airflow/example_dags/example_bash_decorator.py
[2024-10-20T19:22:42.938-0300] {logging_mixin.py:190} INFO - [2024-10-20T19:22:42.937-0300] {dag.py:3239} INFO - Sync 1 DAGs
[2024-10-20T19:22:42.947-0300] {logging_mixin.py:190} INFO - [2024-10-20T19:22:42.946-0300] {dag.py:4180} INFO - Setting next_dagrun for example_bash_decorator to None, run_after=None
[2024-10-20T19:22:42.976-0300] {processor.py:208} INFO - Processing /mnt/c/Users/Pato_/OneDrive/Documentos/ITBA/PYTHON_DATA_APP/itba/lib/python3.10/site-packages/airflow/example_dags/example_bash_decorator.py took 0.115 seconds
[2024-10-20T19:24:14.470-0300] {processor.py:186} INFO - Started process (PID=312011) to work on /mnt/c/Users/Pato_/OneDrive/Documentos/ITBA/PYTHON_DATA_APP/itba/lib/python3.10/site-packages/airflow/example_dags/example_bash_decorator.py
[2024-10-20T19:24:14.471-0300] {processor.py:914} INFO - Processing file /mnt/c/Users/Pato_/OneDrive/Documentos/ITBA/PYTHON_DATA_APP/itba/lib/python3.10/site-packages/airflow/example_dags/example_bash_decorator.py for tasks to queue
[2024-10-20T19:24:14.473-0300] {logging_mixin.py:190} INFO - [2024-10-20T19:24:14.473-0300] {dagbag.py:588} INFO - Filling up the DagBag from /mnt/c/Users/Pato_/OneDrive/Documentos/ITBA/PYTHON_DATA_APP/itba/lib/python3.10/site-packages/airflow/example_dags/example_bash_decorator.py
[2024-10-20T19:24:14.518-0300] {processor.py:925} INFO - DAG(s) 'example_bash_decorator' retrieved from /mnt/c/Users/Pato_/OneDrive/Documentos/ITBA/PYTHON_DATA_APP/itba/lib/python3.10/site-packages/airflow/example_dags/example_bash_decorator.py
[2024-10-20T19:24:14.534-0300] {logging_mixin.py:190} INFO - [2024-10-20T19:24:14.534-0300] {dag.py:3239} INFO - Sync 1 DAGs
[2024-10-20T19:24:14.543-0300] {logging_mixin.py:190} INFO - [2024-10-20T19:24:14.543-0300] {dag.py:4180} INFO - Setting next_dagrun for example_bash_decorator to None, run_after=None
[2024-10-20T19:24:14.571-0300] {processor.py:208} INFO - Processing /mnt/c/Users/Pato_/OneDrive/Documentos/ITBA/PYTHON_DATA_APP/itba/lib/python3.10/site-packages/airflow/example_dags/example_bash_decorator.py took 0.108 seconds
[2024-10-20T19:26:59.094-0300] {processor.py:186} INFO - Started process (PID=314000) to work on /mnt/c/Users/Pato_/OneDrive/Documentos/ITBA/PYTHON_DATA_APP/itba/lib/python3.10/site-packages/airflow/example_dags/example_bash_decorator.py
[2024-10-20T19:26:59.095-0300] {processor.py:914} INFO - Processing file /mnt/c/Users/Pato_/OneDrive/Documentos/ITBA/PYTHON_DATA_APP/itba/lib/python3.10/site-packages/airflow/example_dags/example_bash_decorator.py for tasks to queue
[2024-10-20T19:26:59.097-0300] {logging_mixin.py:190} INFO - [2024-10-20T19:26:59.096-0300] {dagbag.py:588} INFO - Filling up the DagBag from /mnt/c/Users/Pato_/OneDrive/Documentos/ITBA/PYTHON_DATA_APP/itba/lib/python3.10/site-packages/airflow/example_dags/example_bash_decorator.py
[2024-10-20T19:26:59.147-0300] {processor.py:925} INFO - DAG(s) 'example_bash_decorator' retrieved from /mnt/c/Users/Pato_/OneDrive/Documentos/ITBA/PYTHON_DATA_APP/itba/lib/python3.10/site-packages/airflow/example_dags/example_bash_decorator.py
[2024-10-20T19:26:59.164-0300] {logging_mixin.py:190} INFO - [2024-10-20T19:26:59.163-0300] {dag.py:3239} INFO - Sync 1 DAGs
[2024-10-20T19:26:59.173-0300] {logging_mixin.py:190} INFO - [2024-10-20T19:26:59.172-0300] {dag.py:4180} INFO - Setting next_dagrun for example_bash_decorator to None, run_after=None
[2024-10-20T19:26:59.201-0300] {processor.py:208} INFO - Processing /mnt/c/Users/Pato_/OneDrive/Documentos/ITBA/PYTHON_DATA_APP/itba/lib/python3.10/site-packages/airflow/example_dags/example_bash_decorator.py took 0.114 seconds
[2024-10-20T19:28:10.144-0300] {processor.py:186} INFO - Started process (PID=314949) to work on /mnt/c/Users/Pato_/OneDrive/Documentos/ITBA/PYTHON_DATA_APP/itba/lib/python3.10/site-packages/airflow/example_dags/example_bash_decorator.py
[2024-10-20T19:28:10.145-0300] {processor.py:914} INFO - Processing file /mnt/c/Users/Pato_/OneDrive/Documentos/ITBA/PYTHON_DATA_APP/itba/lib/python3.10/site-packages/airflow/example_dags/example_bash_decorator.py for tasks to queue
[2024-10-20T19:28:10.147-0300] {logging_mixin.py:190} INFO - [2024-10-20T19:28:10.147-0300] {dagbag.py:588} INFO - Filling up the DagBag from /mnt/c/Users/Pato_/OneDrive/Documentos/ITBA/PYTHON_DATA_APP/itba/lib/python3.10/site-packages/airflow/example_dags/example_bash_decorator.py
[2024-10-20T19:28:10.193-0300] {processor.py:925} INFO - DAG(s) 'example_bash_decorator' retrieved from /mnt/c/Users/Pato_/OneDrive/Documentos/ITBA/PYTHON_DATA_APP/itba/lib/python3.10/site-packages/airflow/example_dags/example_bash_decorator.py
[2024-10-20T19:28:10.208-0300] {logging_mixin.py:190} INFO - [2024-10-20T19:28:10.208-0300] {dag.py:3239} INFO - Sync 1 DAGs
[2024-10-20T19:28:10.217-0300] {logging_mixin.py:190} INFO - [2024-10-20T19:28:10.216-0300] {dag.py:4180} INFO - Setting next_dagrun for example_bash_decorator to None, run_after=None
[2024-10-20T19:28:10.244-0300] {processor.py:208} INFO - Processing /mnt/c/Users/Pato_/OneDrive/Documentos/ITBA/PYTHON_DATA_APP/itba/lib/python3.10/site-packages/airflow/example_dags/example_bash_decorator.py took 0.107 seconds
[2024-10-20T19:29:15.863-0300] {processor.py:186} INFO - Started process (PID=315639) to work on /mnt/c/Users/Pato_/OneDrive/Documentos/ITBA/PYTHON_DATA_APP/itba/lib/python3.10/site-packages/airflow/example_dags/example_bash_decorator.py
[2024-10-20T19:29:15.864-0300] {processor.py:914} INFO - Processing file /mnt/c/Users/Pato_/OneDrive/Documentos/ITBA/PYTHON_DATA_APP/itba/lib/python3.10/site-packages/airflow/example_dags/example_bash_decorator.py for tasks to queue
[2024-10-20T19:29:15.866-0300] {logging_mixin.py:190} INFO - [2024-10-20T19:29:15.865-0300] {dagbag.py:588} INFO - Filling up the DagBag from /mnt/c/Users/Pato_/OneDrive/Documentos/ITBA/PYTHON_DATA_APP/itba/lib/python3.10/site-packages/airflow/example_dags/example_bash_decorator.py
[2024-10-20T19:29:15.912-0300] {processor.py:925} INFO - DAG(s) 'example_bash_decorator' retrieved from /mnt/c/Users/Pato_/OneDrive/Documentos/ITBA/PYTHON_DATA_APP/itba/lib/python3.10/site-packages/airflow/example_dags/example_bash_decorator.py
[2024-10-20T19:29:15.931-0300] {logging_mixin.py:190} INFO - [2024-10-20T19:29:15.931-0300] {dag.py:3239} INFO - Sync 1 DAGs
[2024-10-20T19:29:15.940-0300] {logging_mixin.py:190} INFO - [2024-10-20T19:29:15.940-0300] {dag.py:4180} INFO - Setting next_dagrun for example_bash_decorator to None, run_after=None
[2024-10-20T19:29:15.968-0300] {processor.py:208} INFO - Processing /mnt/c/Users/Pato_/OneDrive/Documentos/ITBA/PYTHON_DATA_APP/itba/lib/python3.10/site-packages/airflow/example_dags/example_bash_decorator.py took 0.113 seconds
[2024-10-20T19:30:28.587-0300] {processor.py:186} INFO - Started process (PID=316339) to work on /mnt/c/Users/Pato_/OneDrive/Documentos/ITBA/PYTHON_DATA_APP/itba/lib/python3.10/site-packages/airflow/example_dags/example_bash_decorator.py
[2024-10-20T19:30:28.588-0300] {processor.py:914} INFO - Processing file /mnt/c/Users/Pato_/OneDrive/Documentos/ITBA/PYTHON_DATA_APP/itba/lib/python3.10/site-packages/airflow/example_dags/example_bash_decorator.py for tasks to queue
[2024-10-20T19:30:28.590-0300] {logging_mixin.py:190} INFO - [2024-10-20T19:30:28.590-0300] {dagbag.py:588} INFO - Filling up the DagBag from /mnt/c/Users/Pato_/OneDrive/Documentos/ITBA/PYTHON_DATA_APP/itba/lib/python3.10/site-packages/airflow/example_dags/example_bash_decorator.py
[2024-10-20T19:30:28.636-0300] {processor.py:925} INFO - DAG(s) 'example_bash_decorator' retrieved from /mnt/c/Users/Pato_/OneDrive/Documentos/ITBA/PYTHON_DATA_APP/itba/lib/python3.10/site-packages/airflow/example_dags/example_bash_decorator.py
[2024-10-20T19:30:28.653-0300] {logging_mixin.py:190} INFO - [2024-10-20T19:30:28.653-0300] {dag.py:3239} INFO - Sync 1 DAGs
[2024-10-20T19:30:28.662-0300] {logging_mixin.py:190} INFO - [2024-10-20T19:30:28.661-0300] {dag.py:4180} INFO - Setting next_dagrun for example_bash_decorator to None, run_after=None
[2024-10-20T19:30:28.690-0300] {processor.py:208} INFO - Processing /mnt/c/Users/Pato_/OneDrive/Documentos/ITBA/PYTHON_DATA_APP/itba/lib/python3.10/site-packages/airflow/example_dags/example_bash_decorator.py took 0.110 seconds
[2024-10-20T19:31:33.795-0300] {processor.py:186} INFO - Started process (PID=316849) to work on /mnt/c/Users/Pato_/OneDrive/Documentos/ITBA/PYTHON_DATA_APP/itba/lib/python3.10/site-packages/airflow/example_dags/example_bash_decorator.py
[2024-10-20T19:31:33.796-0300] {processor.py:914} INFO - Processing file /mnt/c/Users/Pato_/OneDrive/Documentos/ITBA/PYTHON_DATA_APP/itba/lib/python3.10/site-packages/airflow/example_dags/example_bash_decorator.py for tasks to queue
[2024-10-20T19:31:33.798-0300] {logging_mixin.py:190} INFO - [2024-10-20T19:31:33.797-0300] {dagbag.py:588} INFO - Filling up the DagBag from /mnt/c/Users/Pato_/OneDrive/Documentos/ITBA/PYTHON_DATA_APP/itba/lib/python3.10/site-packages/airflow/example_dags/example_bash_decorator.py
[2024-10-20T19:31:33.844-0300] {processor.py:925} INFO - DAG(s) 'example_bash_decorator' retrieved from /mnt/c/Users/Pato_/OneDrive/Documentos/ITBA/PYTHON_DATA_APP/itba/lib/python3.10/site-packages/airflow/example_dags/example_bash_decorator.py
[2024-10-20T19:31:33.860-0300] {logging_mixin.py:190} INFO - [2024-10-20T19:31:33.860-0300] {dag.py:3239} INFO - Sync 1 DAGs
[2024-10-20T19:31:33.869-0300] {logging_mixin.py:190} INFO - [2024-10-20T19:31:33.868-0300] {dag.py:4180} INFO - Setting next_dagrun for example_bash_decorator to None, run_after=None
[2024-10-20T19:31:33.897-0300] {processor.py:208} INFO - Processing /mnt/c/Users/Pato_/OneDrive/Documentos/ITBA/PYTHON_DATA_APP/itba/lib/python3.10/site-packages/airflow/example_dags/example_bash_decorator.py took 0.109 seconds
[2024-10-20T19:32:42.326-0300] {processor.py:186} INFO - Started process (PID=317386) to work on /mnt/c/Users/Pato_/OneDrive/Documentos/ITBA/PYTHON_DATA_APP/itba/lib/python3.10/site-packages/airflow/example_dags/example_bash_decorator.py
[2024-10-20T19:32:42.327-0300] {processor.py:914} INFO - Processing file /mnt/c/Users/Pato_/OneDrive/Documentos/ITBA/PYTHON_DATA_APP/itba/lib/python3.10/site-packages/airflow/example_dags/example_bash_decorator.py for tasks to queue
[2024-10-20T19:32:42.329-0300] {logging_mixin.py:190} INFO - [2024-10-20T19:32:42.328-0300] {dagbag.py:588} INFO - Filling up the DagBag from /mnt/c/Users/Pato_/OneDrive/Documentos/ITBA/PYTHON_DATA_APP/itba/lib/python3.10/site-packages/airflow/example_dags/example_bash_decorator.py
[2024-10-20T19:32:42.376-0300] {processor.py:925} INFO - DAG(s) 'example_bash_decorator' retrieved from /mnt/c/Users/Pato_/OneDrive/Documentos/ITBA/PYTHON_DATA_APP/itba/lib/python3.10/site-packages/airflow/example_dags/example_bash_decorator.py
[2024-10-20T19:32:42.395-0300] {logging_mixin.py:190} INFO - [2024-10-20T19:32:42.394-0300] {dag.py:3239} INFO - Sync 1 DAGs
[2024-10-20T19:32:42.404-0300] {logging_mixin.py:190} INFO - [2024-10-20T19:32:42.403-0300] {dag.py:4180} INFO - Setting next_dagrun for example_bash_decorator to None, run_after=None
[2024-10-20T19:32:42.435-0300] {processor.py:208} INFO - Processing /mnt/c/Users/Pato_/OneDrive/Documentos/ITBA/PYTHON_DATA_APP/itba/lib/python3.10/site-packages/airflow/example_dags/example_bash_decorator.py took 0.116 seconds
[2024-10-20T19:33:48.622-0300] {processor.py:186} INFO - Started process (PID=318038) to work on /mnt/c/Users/Pato_/OneDrive/Documentos/ITBA/PYTHON_DATA_APP/itba/lib/python3.10/site-packages/airflow/example_dags/example_bash_decorator.py
[2024-10-20T19:33:48.623-0300] {processor.py:914} INFO - Processing file /mnt/c/Users/Pato_/OneDrive/Documentos/ITBA/PYTHON_DATA_APP/itba/lib/python3.10/site-packages/airflow/example_dags/example_bash_decorator.py for tasks to queue
[2024-10-20T19:33:48.625-0300] {logging_mixin.py:190} INFO - [2024-10-20T19:33:48.624-0300] {dagbag.py:588} INFO - Filling up the DagBag from /mnt/c/Users/Pato_/OneDrive/Documentos/ITBA/PYTHON_DATA_APP/itba/lib/python3.10/site-packages/airflow/example_dags/example_bash_decorator.py
[2024-10-20T19:33:48.670-0300] {processor.py:925} INFO - DAG(s) 'example_bash_decorator' retrieved from /mnt/c/Users/Pato_/OneDrive/Documentos/ITBA/PYTHON_DATA_APP/itba/lib/python3.10/site-packages/airflow/example_dags/example_bash_decorator.py
[2024-10-20T19:33:48.687-0300] {logging_mixin.py:190} INFO - [2024-10-20T19:33:48.686-0300] {dag.py:3239} INFO - Sync 1 DAGs
[2024-10-20T19:33:48.695-0300] {logging_mixin.py:190} INFO - [2024-10-20T19:33:48.695-0300] {dag.py:4180} INFO - Setting next_dagrun for example_bash_decorator to None, run_after=None
[2024-10-20T19:33:48.724-0300] {processor.py:208} INFO - Processing /mnt/c/Users/Pato_/OneDrive/Documentos/ITBA/PYTHON_DATA_APP/itba/lib/python3.10/site-packages/airflow/example_dags/example_bash_decorator.py took 0.110 seconds
[2024-10-20T19:34:57.225-0300] {processor.py:186} INFO - Started process (PID=318784) to work on /mnt/c/Users/Pato_/OneDrive/Documentos/ITBA/PYTHON_DATA_APP/itba/lib/python3.10/site-packages/airflow/example_dags/example_bash_decorator.py
[2024-10-20T19:34:57.226-0300] {processor.py:914} INFO - Processing file /mnt/c/Users/Pato_/OneDrive/Documentos/ITBA/PYTHON_DATA_APP/itba/lib/python3.10/site-packages/airflow/example_dags/example_bash_decorator.py for tasks to queue
[2024-10-20T19:34:57.228-0300] {logging_mixin.py:190} INFO - [2024-10-20T19:34:57.227-0300] {dagbag.py:588} INFO - Filling up the DagBag from /mnt/c/Users/Pato_/OneDrive/Documentos/ITBA/PYTHON_DATA_APP/itba/lib/python3.10/site-packages/airflow/example_dags/example_bash_decorator.py
[2024-10-20T19:34:57.275-0300] {processor.py:925} INFO - DAG(s) 'example_bash_decorator' retrieved from /mnt/c/Users/Pato_/OneDrive/Documentos/ITBA/PYTHON_DATA_APP/itba/lib/python3.10/site-packages/airflow/example_dags/example_bash_decorator.py
[2024-10-20T19:34:57.293-0300] {logging_mixin.py:190} INFO - [2024-10-20T19:34:57.293-0300] {dag.py:3239} INFO - Sync 1 DAGs
[2024-10-20T19:34:57.302-0300] {logging_mixin.py:190} INFO - [2024-10-20T19:34:57.302-0300] {dag.py:4180} INFO - Setting next_dagrun for example_bash_decorator to None, run_after=None
[2024-10-20T19:34:57.332-0300] {processor.py:208} INFO - Processing /mnt/c/Users/Pato_/OneDrive/Documentos/ITBA/PYTHON_DATA_APP/itba/lib/python3.10/site-packages/airflow/example_dags/example_bash_decorator.py took 0.114 seconds
[2024-10-20T19:36:06.098-0300] {processor.py:186} INFO - Started process (PID=319402) to work on /mnt/c/Users/Pato_/OneDrive/Documentos/ITBA/PYTHON_DATA_APP/itba/lib/python3.10/site-packages/airflow/example_dags/example_bash_decorator.py
[2024-10-20T19:36:06.099-0300] {processor.py:914} INFO - Processing file /mnt/c/Users/Pato_/OneDrive/Documentos/ITBA/PYTHON_DATA_APP/itba/lib/python3.10/site-packages/airflow/example_dags/example_bash_decorator.py for tasks to queue
[2024-10-20T19:36:06.101-0300] {logging_mixin.py:190} INFO - [2024-10-20T19:36:06.100-0300] {dagbag.py:588} INFO - Filling up the DagBag from /mnt/c/Users/Pato_/OneDrive/Documentos/ITBA/PYTHON_DATA_APP/itba/lib/python3.10/site-packages/airflow/example_dags/example_bash_decorator.py
[2024-10-20T19:36:06.149-0300] {processor.py:925} INFO - DAG(s) 'example_bash_decorator' retrieved from /mnt/c/Users/Pato_/OneDrive/Documentos/ITBA/PYTHON_DATA_APP/itba/lib/python3.10/site-packages/airflow/example_dags/example_bash_decorator.py
[2024-10-20T19:36:06.166-0300] {logging_mixin.py:190} INFO - [2024-10-20T19:36:06.165-0300] {dag.py:3239} INFO - Sync 1 DAGs
[2024-10-20T19:36:06.174-0300] {logging_mixin.py:190} INFO - [2024-10-20T19:36:06.174-0300] {dag.py:4180} INFO - Setting next_dagrun for example_bash_decorator to None, run_after=None
[2024-10-20T19:36:06.203-0300] {processor.py:208} INFO - Processing /mnt/c/Users/Pato_/OneDrive/Documentos/ITBA/PYTHON_DATA_APP/itba/lib/python3.10/site-packages/airflow/example_dags/example_bash_decorator.py took 0.112 seconds
[2024-10-20T19:37:15.559-0300] {processor.py:186} INFO - Started process (PID=319942) to work on /mnt/c/Users/Pato_/OneDrive/Documentos/ITBA/PYTHON_DATA_APP/itba/lib/python3.10/site-packages/airflow/example_dags/example_bash_decorator.py
[2024-10-20T19:37:15.560-0300] {processor.py:914} INFO - Processing file /mnt/c/Users/Pato_/OneDrive/Documentos/ITBA/PYTHON_DATA_APP/itba/lib/python3.10/site-packages/airflow/example_dags/example_bash_decorator.py for tasks to queue
[2024-10-20T19:37:15.562-0300] {logging_mixin.py:190} INFO - [2024-10-20T19:37:15.561-0300] {dagbag.py:588} INFO - Filling up the DagBag from /mnt/c/Users/Pato_/OneDrive/Documentos/ITBA/PYTHON_DATA_APP/itba/lib/python3.10/site-packages/airflow/example_dags/example_bash_decorator.py
[2024-10-20T19:37:15.608-0300] {processor.py:925} INFO - DAG(s) 'example_bash_decorator' retrieved from /mnt/c/Users/Pato_/OneDrive/Documentos/ITBA/PYTHON_DATA_APP/itba/lib/python3.10/site-packages/airflow/example_dags/example_bash_decorator.py
[2024-10-20T19:37:15.625-0300] {logging_mixin.py:190} INFO - [2024-10-20T19:37:15.624-0300] {dag.py:3239} INFO - Sync 1 DAGs
[2024-10-20T19:37:15.633-0300] {logging_mixin.py:190} INFO - [2024-10-20T19:37:15.633-0300] {dag.py:4180} INFO - Setting next_dagrun for example_bash_decorator to None, run_after=None
[2024-10-20T19:37:15.662-0300] {processor.py:208} INFO - Processing /mnt/c/Users/Pato_/OneDrive/Documentos/ITBA/PYTHON_DATA_APP/itba/lib/python3.10/site-packages/airflow/example_dags/example_bash_decorator.py took 0.110 seconds
[2024-10-20T19:38:21.718-0300] {processor.py:186} INFO - Started process (PID=320462) to work on /mnt/c/Users/Pato_/OneDrive/Documentos/ITBA/PYTHON_DATA_APP/itba/lib/python3.10/site-packages/airflow/example_dags/example_bash_decorator.py
[2024-10-20T19:38:21.719-0300] {processor.py:914} INFO - Processing file /mnt/c/Users/Pato_/OneDrive/Documentos/ITBA/PYTHON_DATA_APP/itba/lib/python3.10/site-packages/airflow/example_dags/example_bash_decorator.py for tasks to queue
[2024-10-20T19:38:21.721-0300] {logging_mixin.py:190} INFO - [2024-10-20T19:38:21.720-0300] {dagbag.py:588} INFO - Filling up the DagBag from /mnt/c/Users/Pato_/OneDrive/Documentos/ITBA/PYTHON_DATA_APP/itba/lib/python3.10/site-packages/airflow/example_dags/example_bash_decorator.py
[2024-10-20T19:38:21.767-0300] {processor.py:925} INFO - DAG(s) 'example_bash_decorator' retrieved from /mnt/c/Users/Pato_/OneDrive/Documentos/ITBA/PYTHON_DATA_APP/itba/lib/python3.10/site-packages/airflow/example_dags/example_bash_decorator.py
[2024-10-20T19:38:21.783-0300] {logging_mixin.py:190} INFO - [2024-10-20T19:38:21.783-0300] {dag.py:3239} INFO - Sync 1 DAGs
[2024-10-20T19:38:21.792-0300] {logging_mixin.py:190} INFO - [2024-10-20T19:38:21.791-0300] {dag.py:4180} INFO - Setting next_dagrun for example_bash_decorator to None, run_after=None
[2024-10-20T19:38:21.821-0300] {processor.py:208} INFO - Processing /mnt/c/Users/Pato_/OneDrive/Documentos/ITBA/PYTHON_DATA_APP/itba/lib/python3.10/site-packages/airflow/example_dags/example_bash_decorator.py took 0.110 seconds
[2024-10-20T19:39:27.343-0300] {processor.py:186} INFO - Started process (PID=320974) to work on /mnt/c/Users/Pato_/OneDrive/Documentos/ITBA/PYTHON_DATA_APP/itba/lib/python3.10/site-packages/airflow/example_dags/example_bash_decorator.py
[2024-10-20T19:39:27.344-0300] {processor.py:914} INFO - Processing file /mnt/c/Users/Pato_/OneDrive/Documentos/ITBA/PYTHON_DATA_APP/itba/lib/python3.10/site-packages/airflow/example_dags/example_bash_decorator.py for tasks to queue
[2024-10-20T19:39:27.346-0300] {logging_mixin.py:190} INFO - [2024-10-20T19:39:27.346-0300] {dagbag.py:588} INFO - Filling up the DagBag from /mnt/c/Users/Pato_/OneDrive/Documentos/ITBA/PYTHON_DATA_APP/itba/lib/python3.10/site-packages/airflow/example_dags/example_bash_decorator.py
[2024-10-20T19:39:27.393-0300] {processor.py:925} INFO - DAG(s) 'example_bash_decorator' retrieved from /mnt/c/Users/Pato_/OneDrive/Documentos/ITBA/PYTHON_DATA_APP/itba/lib/python3.10/site-packages/airflow/example_dags/example_bash_decorator.py
[2024-10-20T19:39:27.410-0300] {logging_mixin.py:190} INFO - [2024-10-20T19:39:27.409-0300] {dag.py:3239} INFO - Sync 1 DAGs
[2024-10-20T19:39:27.418-0300] {logging_mixin.py:190} INFO - [2024-10-20T19:39:27.418-0300] {dag.py:4180} INFO - Setting next_dagrun for example_bash_decorator to None, run_after=None
[2024-10-20T19:39:27.448-0300] {processor.py:208} INFO - Processing /mnt/c/Users/Pato_/OneDrive/Documentos/ITBA/PYTHON_DATA_APP/itba/lib/python3.10/site-packages/airflow/example_dags/example_bash_decorator.py took 0.112 seconds
[2024-10-20T19:40:34.013-0300] {processor.py:186} INFO - Started process (PID=321868) to work on /mnt/c/Users/Pato_/OneDrive/Documentos/ITBA/PYTHON_DATA_APP/itba/lib/python3.10/site-packages/airflow/example_dags/example_bash_decorator.py
[2024-10-20T19:40:34.014-0300] {processor.py:914} INFO - Processing file /mnt/c/Users/Pato_/OneDrive/Documentos/ITBA/PYTHON_DATA_APP/itba/lib/python3.10/site-packages/airflow/example_dags/example_bash_decorator.py for tasks to queue
[2024-10-20T19:40:34.016-0300] {logging_mixin.py:190} INFO - [2024-10-20T19:40:34.015-0300] {dagbag.py:588} INFO - Filling up the DagBag from /mnt/c/Users/Pato_/OneDrive/Documentos/ITBA/PYTHON_DATA_APP/itba/lib/python3.10/site-packages/airflow/example_dags/example_bash_decorator.py
[2024-10-20T19:40:34.073-0300] {processor.py:925} INFO - DAG(s) 'example_bash_decorator' retrieved from /mnt/c/Users/Pato_/OneDrive/Documentos/ITBA/PYTHON_DATA_APP/itba/lib/python3.10/site-packages/airflow/example_dags/example_bash_decorator.py
[2024-10-20T19:40:34.095-0300] {logging_mixin.py:190} INFO - [2024-10-20T19:40:34.094-0300] {dag.py:3239} INFO - Sync 1 DAGs
[2024-10-20T19:40:34.104-0300] {logging_mixin.py:190} INFO - [2024-10-20T19:40:34.104-0300] {dag.py:4180} INFO - Setting next_dagrun for example_bash_decorator to None, run_after=None
[2024-10-20T19:40:34.137-0300] {processor.py:208} INFO - Processing /mnt/c/Users/Pato_/OneDrive/Documentos/ITBA/PYTHON_DATA_APP/itba/lib/python3.10/site-packages/airflow/example_dags/example_bash_decorator.py took 0.132 seconds
[2024-10-20T19:41:40.758-0300] {processor.py:186} INFO - Started process (PID=322403) to work on /mnt/c/Users/Pato_/OneDrive/Documentos/ITBA/PYTHON_DATA_APP/itba/lib/python3.10/site-packages/airflow/example_dags/example_bash_decorator.py
[2024-10-20T19:41:40.759-0300] {processor.py:914} INFO - Processing file /mnt/c/Users/Pato_/OneDrive/Documentos/ITBA/PYTHON_DATA_APP/itba/lib/python3.10/site-packages/airflow/example_dags/example_bash_decorator.py for tasks to queue
[2024-10-20T19:41:40.761-0300] {logging_mixin.py:190} INFO - [2024-10-20T19:41:40.760-0300] {dagbag.py:588} INFO - Filling up the DagBag from /mnt/c/Users/Pato_/OneDrive/Documentos/ITBA/PYTHON_DATA_APP/itba/lib/python3.10/site-packages/airflow/example_dags/example_bash_decorator.py
[2024-10-20T19:41:40.808-0300] {processor.py:925} INFO - DAG(s) 'example_bash_decorator' retrieved from /mnt/c/Users/Pato_/OneDrive/Documentos/ITBA/PYTHON_DATA_APP/itba/lib/python3.10/site-packages/airflow/example_dags/example_bash_decorator.py
[2024-10-20T19:41:40.824-0300] {logging_mixin.py:190} INFO - [2024-10-20T19:41:40.823-0300] {dag.py:3239} INFO - Sync 1 DAGs
[2024-10-20T19:41:40.832-0300] {logging_mixin.py:190} INFO - [2024-10-20T19:41:40.832-0300] {dag.py:4180} INFO - Setting next_dagrun for example_bash_decorator to None, run_after=None
[2024-10-20T19:41:40.860-0300] {processor.py:208} INFO - Processing /mnt/c/Users/Pato_/OneDrive/Documentos/ITBA/PYTHON_DATA_APP/itba/lib/python3.10/site-packages/airflow/example_dags/example_bash_decorator.py took 0.109 seconds
