[2024-10-20T19:00:13.552-0300] {processor.py:186} INFO - Started process (PID=298615) to work on /mnt/c/Users/Pato_/OneDrive/Documentos/ITBA/PYTHON_DATA_APP/itba/lib/python3.10/site-packages/airflow/example_dags/example_trigger_controller_dag.py
[2024-10-20T19:00:13.553-0300] {processor.py:914} INFO - Processing file /mnt/c/Users/Pato_/OneDrive/Documentos/ITBA/PYTHON_DATA_APP/itba/lib/python3.10/site-packages/airflow/example_dags/example_trigger_controller_dag.py for tasks to queue
[2024-10-20T19:00:13.555-0300] {logging_mixin.py:190} INFO - [2024-10-20T19:00:13.554-0300] {dagbag.py:588} INFO - Filling up the DagBag from /mnt/c/Users/Pato_/OneDrive/Documentos/ITBA/PYTHON_DATA_APP/itba/lib/python3.10/site-packages/airflow/example_dags/example_trigger_controller_dag.py
[2024-10-20T19:00:13.593-0300] {processor.py:925} INFO - DAG(s) 'example_trigger_controller_dag' retrieved from /mnt/c/Users/Pato_/OneDrive/Documentos/ITBA/PYTHON_DATA_APP/itba/lib/python3.10/site-packages/airflow/example_dags/example_trigger_controller_dag.py
[2024-10-20T19:00:14.331-0300] {logging_mixin.py:190} INFO - [2024-10-20T19:00:14.330-0300] {override.py:1907} INFO - Created Permission View: can read on DAG:example_trigger_controller_dag
[2024-10-20T19:00:14.349-0300] {logging_mixin.py:190} INFO - [2024-10-20T19:00:14.348-0300] {override.py:1907} INFO - Created Permission View: can delete on DAG:example_trigger_controller_dag
[2024-10-20T19:00:14.368-0300] {logging_mixin.py:190} INFO - [2024-10-20T19:00:14.368-0300] {override.py:1907} INFO - Created Permission View: can edit on DAG:example_trigger_controller_dag
[2024-10-20T19:00:14.396-0300] {logging_mixin.py:190} INFO - [2024-10-20T19:00:14.396-0300] {override.py:1907} INFO - Created Permission View: can read on DAG Run:example_trigger_controller_dag
[2024-10-20T19:00:14.414-0300] {logging_mixin.py:190} INFO - [2024-10-20T19:00:14.413-0300] {override.py:1907} INFO - Created Permission View: can delete on DAG Run:example_trigger_controller_dag
[2024-10-20T19:00:14.432-0300] {logging_mixin.py:190} INFO - [2024-10-20T19:00:14.431-0300] {override.py:1907} INFO - Created Permission View: can create on DAG Run:example_trigger_controller_dag
[2024-10-20T19:00:14.449-0300] {logging_mixin.py:190} INFO - [2024-10-20T19:00:14.449-0300] {override.py:1907} INFO - Created Permission View: menu access on DAG Run:example_trigger_controller_dag
[2024-10-20T19:00:14.450-0300] {logging_mixin.py:190} INFO - [2024-10-20T19:00:14.450-0300] {dag.py:3239} INFO - Sync 1 DAGs
[2024-10-20T19:00:14.461-0300] {logging_mixin.py:190} INFO - [2024-10-20T19:00:14.460-0300] {dag.py:3262} INFO - Creating ORM DAG for example_trigger_controller_dag
[2024-10-20T19:00:14.467-0300] {logging_mixin.py:190} INFO - [2024-10-20T19:00:14.466-0300] {dag.py:4180} INFO - Setting next_dagrun for example_trigger_controller_dag to 2021-01-01 00:00:00+00:00, run_after=2021-01-01 00:00:00+00:00
[2024-10-20T19:00:14.497-0300] {processor.py:208} INFO - Processing /mnt/c/Users/Pato_/OneDrive/Documentos/ITBA/PYTHON_DATA_APP/itba/lib/python3.10/site-packages/airflow/example_dags/example_trigger_controller_dag.py took 0.952 seconds
[2024-10-20T19:02:35.021-0300] {processor.py:186} INFO - Started process (PID=299851) to work on /mnt/c/Users/Pato_/OneDrive/Documentos/ITBA/PYTHON_DATA_APP/itba/lib/python3.10/site-packages/airflow/example_dags/example_trigger_controller_dag.py
[2024-10-20T19:02:35.022-0300] {processor.py:914} INFO - Processing file /mnt/c/Users/Pato_/OneDrive/Documentos/ITBA/PYTHON_DATA_APP/itba/lib/python3.10/site-packages/airflow/example_dags/example_trigger_controller_dag.py for tasks to queue
[2024-10-20T19:02:35.024-0300] {logging_mixin.py:190} INFO - [2024-10-20T19:02:35.024-0300] {dagbag.py:588} INFO - Filling up the DagBag from /mnt/c/Users/Pato_/OneDrive/Documentos/ITBA/PYTHON_DATA_APP/itba/lib/python3.10/site-packages/airflow/example_dags/example_trigger_controller_dag.py
[2024-10-20T19:02:35.065-0300] {processor.py:925} INFO - DAG(s) 'example_trigger_controller_dag' retrieved from /mnt/c/Users/Pato_/OneDrive/Documentos/ITBA/PYTHON_DATA_APP/itba/lib/python3.10/site-packages/airflow/example_dags/example_trigger_controller_dag.py
[2024-10-20T19:02:35.080-0300] {logging_mixin.py:190} INFO - [2024-10-20T19:02:35.080-0300] {dag.py:3239} INFO - Sync 1 DAGs
[2024-10-20T19:02:35.094-0300] {logging_mixin.py:190} INFO - [2024-10-20T19:02:35.094-0300] {dag.py:4180} INFO - Setting next_dagrun for example_trigger_controller_dag to 2021-01-01 00:00:00+00:00, run_after=2021-01-01 00:00:00+00:00
[2024-10-20T19:02:35.123-0300] {processor.py:208} INFO - Processing /mnt/c/Users/Pato_/OneDrive/Documentos/ITBA/PYTHON_DATA_APP/itba/lib/python3.10/site-packages/airflow/example_dags/example_trigger_controller_dag.py took 0.109 seconds
[2024-10-20T19:03:29.585-0300] {processor.py:186} INFO - Started process (PID=300283) to work on /mnt/c/Users/Pato_/OneDrive/Documentos/ITBA/PYTHON_DATA_APP/itba/lib/python3.10/site-packages/airflow/example_dags/example_trigger_controller_dag.py
[2024-10-20T19:03:29.586-0300] {processor.py:914} INFO - Processing file /mnt/c/Users/Pato_/OneDrive/Documentos/ITBA/PYTHON_DATA_APP/itba/lib/python3.10/site-packages/airflow/example_dags/example_trigger_controller_dag.py for tasks to queue
[2024-10-20T19:03:29.589-0300] {logging_mixin.py:190} INFO - [2024-10-20T19:03:29.588-0300] {dagbag.py:588} INFO - Filling up the DagBag from /mnt/c/Users/Pato_/OneDrive/Documentos/ITBA/PYTHON_DATA_APP/itba/lib/python3.10/site-packages/airflow/example_dags/example_trigger_controller_dag.py
[2024-10-20T19:03:29.628-0300] {processor.py:925} INFO - DAG(s) 'example_trigger_controller_dag' retrieved from /mnt/c/Users/Pato_/OneDrive/Documentos/ITBA/PYTHON_DATA_APP/itba/lib/python3.10/site-packages/airflow/example_dags/example_trigger_controller_dag.py
[2024-10-20T19:03:29.643-0300] {logging_mixin.py:190} INFO - [2024-10-20T19:03:29.642-0300] {dag.py:3239} INFO - Sync 1 DAGs
[2024-10-20T19:03:29.657-0300] {logging_mixin.py:190} INFO - [2024-10-20T19:03:29.656-0300] {dag.py:4180} INFO - Setting next_dagrun for example_trigger_controller_dag to 2021-01-01 00:00:00+00:00, run_after=2021-01-01 00:00:00+00:00
[2024-10-20T19:03:29.686-0300] {processor.py:208} INFO - Processing /mnt/c/Users/Pato_/OneDrive/Documentos/ITBA/PYTHON_DATA_APP/itba/lib/python3.10/site-packages/airflow/example_dags/example_trigger_controller_dag.py took 0.108 seconds
[2024-10-20T19:04:39.728-0300] {processor.py:186} INFO - Started process (PID=300994) to work on /mnt/c/Users/Pato_/OneDrive/Documentos/ITBA/PYTHON_DATA_APP/itba/lib/python3.10/site-packages/airflow/example_dags/example_trigger_controller_dag.py
[2024-10-20T19:04:39.730-0300] {processor.py:914} INFO - Processing file /mnt/c/Users/Pato_/OneDrive/Documentos/ITBA/PYTHON_DATA_APP/itba/lib/python3.10/site-packages/airflow/example_dags/example_trigger_controller_dag.py for tasks to queue
[2024-10-20T19:04:39.732-0300] {logging_mixin.py:190} INFO - [2024-10-20T19:04:39.731-0300] {dagbag.py:588} INFO - Filling up the DagBag from /mnt/c/Users/Pato_/OneDrive/Documentos/ITBA/PYTHON_DATA_APP/itba/lib/python3.10/site-packages/airflow/example_dags/example_trigger_controller_dag.py
[2024-10-20T19:04:39.774-0300] {processor.py:925} INFO - DAG(s) 'example_trigger_controller_dag' retrieved from /mnt/c/Users/Pato_/OneDrive/Documentos/ITBA/PYTHON_DATA_APP/itba/lib/python3.10/site-packages/airflow/example_dags/example_trigger_controller_dag.py
[2024-10-20T19:04:39.789-0300] {logging_mixin.py:190} INFO - [2024-10-20T19:04:39.789-0300] {dag.py:3239} INFO - Sync 1 DAGs
[2024-10-20T19:04:39.804-0300] {logging_mixin.py:190} INFO - [2024-10-20T19:04:39.804-0300] {dag.py:4180} INFO - Setting next_dagrun for example_trigger_controller_dag to 2021-01-01 00:00:00+00:00, run_after=2021-01-01 00:00:00+00:00
[2024-10-20T19:04:39.835-0300] {processor.py:208} INFO - Processing /mnt/c/Users/Pato_/OneDrive/Documentos/ITBA/PYTHON_DATA_APP/itba/lib/python3.10/site-packages/airflow/example_dags/example_trigger_controller_dag.py took 0.114 seconds
[2024-10-20T19:05:47.844-0300] {processor.py:186} INFO - Started process (PID=301613) to work on /mnt/c/Users/Pato_/OneDrive/Documentos/ITBA/PYTHON_DATA_APP/itba/lib/python3.10/site-packages/airflow/example_dags/example_trigger_controller_dag.py
[2024-10-20T19:05:47.845-0300] {processor.py:914} INFO - Processing file /mnt/c/Users/Pato_/OneDrive/Documentos/ITBA/PYTHON_DATA_APP/itba/lib/python3.10/site-packages/airflow/example_dags/example_trigger_controller_dag.py for tasks to queue
[2024-10-20T19:05:47.847-0300] {logging_mixin.py:190} INFO - [2024-10-20T19:05:47.847-0300] {dagbag.py:588} INFO - Filling up the DagBag from /mnt/c/Users/Pato_/OneDrive/Documentos/ITBA/PYTHON_DATA_APP/itba/lib/python3.10/site-packages/airflow/example_dags/example_trigger_controller_dag.py
[2024-10-20T19:05:47.885-0300] {processor.py:925} INFO - DAG(s) 'example_trigger_controller_dag' retrieved from /mnt/c/Users/Pato_/OneDrive/Documentos/ITBA/PYTHON_DATA_APP/itba/lib/python3.10/site-packages/airflow/example_dags/example_trigger_controller_dag.py
[2024-10-20T19:05:47.901-0300] {logging_mixin.py:190} INFO - [2024-10-20T19:05:47.900-0300] {dag.py:3239} INFO - Sync 1 DAGs
[2024-10-20T19:05:47.915-0300] {logging_mixin.py:190} INFO - [2024-10-20T19:05:47.914-0300] {dag.py:4180} INFO - Setting next_dagrun for example_trigger_controller_dag to 2021-01-01 00:00:00+00:00, run_after=2021-01-01 00:00:00+00:00
[2024-10-20T19:05:47.944-0300] {processor.py:208} INFO - Processing /mnt/c/Users/Pato_/OneDrive/Documentos/ITBA/PYTHON_DATA_APP/itba/lib/python3.10/site-packages/airflow/example_dags/example_trigger_controller_dag.py took 0.106 seconds
[2024-10-20T19:07:52.758-0300] {processor.py:186} INFO - Started process (PID=303514) to work on /mnt/c/Users/Pato_/OneDrive/Documentos/ITBA/PYTHON_DATA_APP/itba/lib/python3.10/site-packages/airflow/example_dags/example_trigger_controller_dag.py
[2024-10-20T19:07:52.759-0300] {processor.py:914} INFO - Processing file /mnt/c/Users/Pato_/OneDrive/Documentos/ITBA/PYTHON_DATA_APP/itba/lib/python3.10/site-packages/airflow/example_dags/example_trigger_controller_dag.py for tasks to queue
[2024-10-20T19:07:52.762-0300] {logging_mixin.py:190} INFO - [2024-10-20T19:07:52.761-0300] {dagbag.py:588} INFO - Filling up the DagBag from /mnt/c/Users/Pato_/OneDrive/Documentos/ITBA/PYTHON_DATA_APP/itba/lib/python3.10/site-packages/airflow/example_dags/example_trigger_controller_dag.py
[2024-10-20T19:07:52.802-0300] {processor.py:925} INFO - DAG(s) 'example_trigger_controller_dag' retrieved from /mnt/c/Users/Pato_/OneDrive/Documentos/ITBA/PYTHON_DATA_APP/itba/lib/python3.10/site-packages/airflow/example_dags/example_trigger_controller_dag.py
[2024-10-20T19:07:52.816-0300] {logging_mixin.py:190} INFO - [2024-10-20T19:07:52.816-0300] {dag.py:3239} INFO - Sync 1 DAGs
[2024-10-20T19:07:52.830-0300] {logging_mixin.py:190} INFO - [2024-10-20T19:07:52.829-0300] {dag.py:4180} INFO - Setting next_dagrun for example_trigger_controller_dag to 2021-01-01 00:00:00+00:00, run_after=2021-01-01 00:00:00+00:00
[2024-10-20T19:07:52.859-0300] {processor.py:208} INFO - Processing /mnt/c/Users/Pato_/OneDrive/Documentos/ITBA/PYTHON_DATA_APP/itba/lib/python3.10/site-packages/airflow/example_dags/example_trigger_controller_dag.py took 0.108 seconds
[2024-10-20T19:08:44.276-0300] {processor.py:186} INFO - Started process (PID=303917) to work on /mnt/c/Users/Pato_/OneDrive/Documentos/ITBA/PYTHON_DATA_APP/itba/lib/python3.10/site-packages/airflow/example_dags/example_trigger_controller_dag.py
[2024-10-20T19:08:44.277-0300] {processor.py:914} INFO - Processing file /mnt/c/Users/Pato_/OneDrive/Documentos/ITBA/PYTHON_DATA_APP/itba/lib/python3.10/site-packages/airflow/example_dags/example_trigger_controller_dag.py for tasks to queue
[2024-10-20T19:08:44.279-0300] {logging_mixin.py:190} INFO - [2024-10-20T19:08:44.279-0300] {dagbag.py:588} INFO - Filling up the DagBag from /mnt/c/Users/Pato_/OneDrive/Documentos/ITBA/PYTHON_DATA_APP/itba/lib/python3.10/site-packages/airflow/example_dags/example_trigger_controller_dag.py
[2024-10-20T19:08:44.317-0300] {processor.py:925} INFO - DAG(s) 'example_trigger_controller_dag' retrieved from /mnt/c/Users/Pato_/OneDrive/Documentos/ITBA/PYTHON_DATA_APP/itba/lib/python3.10/site-packages/airflow/example_dags/example_trigger_controller_dag.py
[2024-10-20T19:08:44.332-0300] {logging_mixin.py:190} INFO - [2024-10-20T19:08:44.331-0300] {dag.py:3239} INFO - Sync 1 DAGs
[2024-10-20T19:08:44.345-0300] {logging_mixin.py:190} INFO - [2024-10-20T19:08:44.344-0300] {dag.py:4180} INFO - Setting next_dagrun for example_trigger_controller_dag to 2021-01-01 00:00:00+00:00, run_after=2021-01-01 00:00:00+00:00
[2024-10-20T19:08:44.373-0300] {processor.py:208} INFO - Processing /mnt/c/Users/Pato_/OneDrive/Documentos/ITBA/PYTHON_DATA_APP/itba/lib/python3.10/site-packages/airflow/example_dags/example_trigger_controller_dag.py took 0.104 seconds
[2024-10-20T19:09:47.331-0300] {processor.py:186} INFO - Started process (PID=304474) to work on /mnt/c/Users/Pato_/OneDrive/Documentos/ITBA/PYTHON_DATA_APP/itba/lib/python3.10/site-packages/airflow/example_dags/example_trigger_controller_dag.py
[2024-10-20T19:09:47.332-0300] {processor.py:914} INFO - Processing file /mnt/c/Users/Pato_/OneDrive/Documentos/ITBA/PYTHON_DATA_APP/itba/lib/python3.10/site-packages/airflow/example_dags/example_trigger_controller_dag.py for tasks to queue
[2024-10-20T19:09:47.334-0300] {logging_mixin.py:190} INFO - [2024-10-20T19:09:47.333-0300] {dagbag.py:588} INFO - Filling up the DagBag from /mnt/c/Users/Pato_/OneDrive/Documentos/ITBA/PYTHON_DATA_APP/itba/lib/python3.10/site-packages/airflow/example_dags/example_trigger_controller_dag.py
[2024-10-20T19:09:47.372-0300] {processor.py:925} INFO - DAG(s) 'example_trigger_controller_dag' retrieved from /mnt/c/Users/Pato_/OneDrive/Documentos/ITBA/PYTHON_DATA_APP/itba/lib/python3.10/site-packages/airflow/example_dags/example_trigger_controller_dag.py
[2024-10-20T19:09:47.387-0300] {logging_mixin.py:190} INFO - [2024-10-20T19:09:47.386-0300] {dag.py:3239} INFO - Sync 1 DAGs
[2024-10-20T19:09:47.400-0300] {logging_mixin.py:190} INFO - [2024-10-20T19:09:47.400-0300] {dag.py:4180} INFO - Setting next_dagrun for example_trigger_controller_dag to 2021-01-01 00:00:00+00:00, run_after=2021-01-01 00:00:00+00:00
[2024-10-20T19:09:47.429-0300] {processor.py:208} INFO - Processing /mnt/c/Users/Pato_/OneDrive/Documentos/ITBA/PYTHON_DATA_APP/itba/lib/python3.10/site-packages/airflow/example_dags/example_trigger_controller_dag.py took 0.105 seconds
[2024-10-20T19:10:55.438-0300] {processor.py:186} INFO - Started process (PID=305030) to work on /mnt/c/Users/Pato_/OneDrive/Documentos/ITBA/PYTHON_DATA_APP/itba/lib/python3.10/site-packages/airflow/example_dags/example_trigger_controller_dag.py
[2024-10-20T19:10:55.439-0300] {processor.py:914} INFO - Processing file /mnt/c/Users/Pato_/OneDrive/Documentos/ITBA/PYTHON_DATA_APP/itba/lib/python3.10/site-packages/airflow/example_dags/example_trigger_controller_dag.py for tasks to queue
[2024-10-20T19:10:55.441-0300] {logging_mixin.py:190} INFO - [2024-10-20T19:10:55.441-0300] {dagbag.py:588} INFO - Filling up the DagBag from /mnt/c/Users/Pato_/OneDrive/Documentos/ITBA/PYTHON_DATA_APP/itba/lib/python3.10/site-packages/airflow/example_dags/example_trigger_controller_dag.py
[2024-10-20T19:10:55.479-0300] {processor.py:925} INFO - DAG(s) 'example_trigger_controller_dag' retrieved from /mnt/c/Users/Pato_/OneDrive/Documentos/ITBA/PYTHON_DATA_APP/itba/lib/python3.10/site-packages/airflow/example_dags/example_trigger_controller_dag.py
[2024-10-20T19:10:55.493-0300] {logging_mixin.py:190} INFO - [2024-10-20T19:10:55.492-0300] {dag.py:3239} INFO - Sync 1 DAGs
[2024-10-20T19:10:55.506-0300] {logging_mixin.py:190} INFO - [2024-10-20T19:10:55.506-0300] {dag.py:4180} INFO - Setting next_dagrun for example_trigger_controller_dag to 2021-01-01 00:00:00+00:00, run_after=2021-01-01 00:00:00+00:00
[2024-10-20T19:10:55.535-0300] {processor.py:208} INFO - Processing /mnt/c/Users/Pato_/OneDrive/Documentos/ITBA/PYTHON_DATA_APP/itba/lib/python3.10/site-packages/airflow/example_dags/example_trigger_controller_dag.py took 0.104 seconds
[2024-10-20T19:12:04.027-0300] {processor.py:186} INFO - Started process (PID=305567) to work on /mnt/c/Users/Pato_/OneDrive/Documentos/ITBA/PYTHON_DATA_APP/itba/lib/python3.10/site-packages/airflow/example_dags/example_trigger_controller_dag.py
[2024-10-20T19:12:04.028-0300] {processor.py:914} INFO - Processing file /mnt/c/Users/Pato_/OneDrive/Documentos/ITBA/PYTHON_DATA_APP/itba/lib/python3.10/site-packages/airflow/example_dags/example_trigger_controller_dag.py for tasks to queue
[2024-10-20T19:12:04.030-0300] {logging_mixin.py:190} INFO - [2024-10-20T19:12:04.030-0300] {dagbag.py:588} INFO - Filling up the DagBag from /mnt/c/Users/Pato_/OneDrive/Documentos/ITBA/PYTHON_DATA_APP/itba/lib/python3.10/site-packages/airflow/example_dags/example_trigger_controller_dag.py
[2024-10-20T19:12:04.070-0300] {processor.py:925} INFO - DAG(s) 'example_trigger_controller_dag' retrieved from /mnt/c/Users/Pato_/OneDrive/Documentos/ITBA/PYTHON_DATA_APP/itba/lib/python3.10/site-packages/airflow/example_dags/example_trigger_controller_dag.py
[2024-10-20T19:12:04.084-0300] {logging_mixin.py:190} INFO - [2024-10-20T19:12:04.083-0300] {dag.py:3239} INFO - Sync 1 DAGs
[2024-10-20T19:12:04.098-0300] {logging_mixin.py:190} INFO - [2024-10-20T19:12:04.097-0300] {dag.py:4180} INFO - Setting next_dagrun for example_trigger_controller_dag to 2021-01-01 00:00:00+00:00, run_after=2021-01-01 00:00:00+00:00
[2024-10-20T19:12:04.129-0300] {processor.py:208} INFO - Processing /mnt/c/Users/Pato_/OneDrive/Documentos/ITBA/PYTHON_DATA_APP/itba/lib/python3.10/site-packages/airflow/example_dags/example_trigger_controller_dag.py took 0.109 seconds
[2024-10-20T19:13:10.266-0300] {processor.py:186} INFO - Started process (PID=306087) to work on /mnt/c/Users/Pato_/OneDrive/Documentos/ITBA/PYTHON_DATA_APP/itba/lib/python3.10/site-packages/airflow/example_dags/example_trigger_controller_dag.py
[2024-10-20T19:13:10.267-0300] {processor.py:914} INFO - Processing file /mnt/c/Users/Pato_/OneDrive/Documentos/ITBA/PYTHON_DATA_APP/itba/lib/python3.10/site-packages/airflow/example_dags/example_trigger_controller_dag.py for tasks to queue
[2024-10-20T19:13:10.269-0300] {logging_mixin.py:190} INFO - [2024-10-20T19:13:10.268-0300] {dagbag.py:588} INFO - Filling up the DagBag from /mnt/c/Users/Pato_/OneDrive/Documentos/ITBA/PYTHON_DATA_APP/itba/lib/python3.10/site-packages/airflow/example_dags/example_trigger_controller_dag.py
[2024-10-20T19:13:10.306-0300] {processor.py:925} INFO - DAG(s) 'example_trigger_controller_dag' retrieved from /mnt/c/Users/Pato_/OneDrive/Documentos/ITBA/PYTHON_DATA_APP/itba/lib/python3.10/site-packages/airflow/example_dags/example_trigger_controller_dag.py
[2024-10-20T19:13:10.320-0300] {logging_mixin.py:190} INFO - [2024-10-20T19:13:10.320-0300] {dag.py:3239} INFO - Sync 1 DAGs
[2024-10-20T19:13:10.333-0300] {logging_mixin.py:190} INFO - [2024-10-20T19:13:10.333-0300] {dag.py:4180} INFO - Setting next_dagrun for example_trigger_controller_dag to 2021-01-01 00:00:00+00:00, run_after=2021-01-01 00:00:00+00:00
[2024-10-20T19:13:10.362-0300] {processor.py:208} INFO - Processing /mnt/c/Users/Pato_/OneDrive/Documentos/ITBA/PYTHON_DATA_APP/itba/lib/python3.10/site-packages/airflow/example_dags/example_trigger_controller_dag.py took 0.102 seconds
[2024-10-20T19:14:14.714-0300] {processor.py:186} INFO - Started process (PID=306592) to work on /mnt/c/Users/Pato_/OneDrive/Documentos/ITBA/PYTHON_DATA_APP/itba/lib/python3.10/site-packages/airflow/example_dags/example_trigger_controller_dag.py
[2024-10-20T19:14:14.715-0300] {processor.py:914} INFO - Processing file /mnt/c/Users/Pato_/OneDrive/Documentos/ITBA/PYTHON_DATA_APP/itba/lib/python3.10/site-packages/airflow/example_dags/example_trigger_controller_dag.py for tasks to queue
[2024-10-20T19:14:14.717-0300] {logging_mixin.py:190} INFO - [2024-10-20T19:14:14.716-0300] {dagbag.py:588} INFO - Filling up the DagBag from /mnt/c/Users/Pato_/OneDrive/Documentos/ITBA/PYTHON_DATA_APP/itba/lib/python3.10/site-packages/airflow/example_dags/example_trigger_controller_dag.py
[2024-10-20T19:14:14.755-0300] {processor.py:925} INFO - DAG(s) 'example_trigger_controller_dag' retrieved from /mnt/c/Users/Pato_/OneDrive/Documentos/ITBA/PYTHON_DATA_APP/itba/lib/python3.10/site-packages/airflow/example_dags/example_trigger_controller_dag.py
[2024-10-20T19:14:14.769-0300] {logging_mixin.py:190} INFO - [2024-10-20T19:14:14.768-0300] {dag.py:3239} INFO - Sync 1 DAGs
[2024-10-20T19:14:14.783-0300] {logging_mixin.py:190} INFO - [2024-10-20T19:14:14.782-0300] {dag.py:4180} INFO - Setting next_dagrun for example_trigger_controller_dag to 2021-01-01 00:00:00+00:00, run_after=2021-01-01 00:00:00+00:00
[2024-10-20T19:14:14.813-0300] {processor.py:208} INFO - Processing /mnt/c/Users/Pato_/OneDrive/Documentos/ITBA/PYTHON_DATA_APP/itba/lib/python3.10/site-packages/airflow/example_dags/example_trigger_controller_dag.py took 0.106 seconds
[2024-10-20T19:15:25.876-0300] {processor.py:186} INFO - Started process (PID=307174) to work on /mnt/c/Users/Pato_/OneDrive/Documentos/ITBA/PYTHON_DATA_APP/itba/lib/python3.10/site-packages/airflow/example_dags/example_trigger_controller_dag.py
[2024-10-20T19:15:25.878-0300] {processor.py:914} INFO - Processing file /mnt/c/Users/Pato_/OneDrive/Documentos/ITBA/PYTHON_DATA_APP/itba/lib/python3.10/site-packages/airflow/example_dags/example_trigger_controller_dag.py for tasks to queue
[2024-10-20T19:15:25.880-0300] {logging_mixin.py:190} INFO - [2024-10-20T19:15:25.879-0300] {dagbag.py:588} INFO - Filling up the DagBag from /mnt/c/Users/Pato_/OneDrive/Documentos/ITBA/PYTHON_DATA_APP/itba/lib/python3.10/site-packages/airflow/example_dags/example_trigger_controller_dag.py
[2024-10-20T19:15:25.919-0300] {processor.py:925} INFO - DAG(s) 'example_trigger_controller_dag' retrieved from /mnt/c/Users/Pato_/OneDrive/Documentos/ITBA/PYTHON_DATA_APP/itba/lib/python3.10/site-packages/airflow/example_dags/example_trigger_controller_dag.py
[2024-10-20T19:15:25.935-0300] {logging_mixin.py:190} INFO - [2024-10-20T19:15:25.935-0300] {dag.py:3239} INFO - Sync 1 DAGs
[2024-10-20T19:15:25.950-0300] {logging_mixin.py:190} INFO - [2024-10-20T19:15:25.950-0300] {dag.py:4180} INFO - Setting next_dagrun for example_trigger_controller_dag to 2021-01-01 00:00:00+00:00, run_after=2021-01-01 00:00:00+00:00
[2024-10-20T19:15:25.978-0300] {processor.py:208} INFO - Processing /mnt/c/Users/Pato_/OneDrive/Documentos/ITBA/PYTHON_DATA_APP/itba/lib/python3.10/site-packages/airflow/example_dags/example_trigger_controller_dag.py took 0.109 seconds
[2024-10-20T19:16:33.133-0300] {processor.py:186} INFO - Started process (PID=307698) to work on /mnt/c/Users/Pato_/OneDrive/Documentos/ITBA/PYTHON_DATA_APP/itba/lib/python3.10/site-packages/airflow/example_dags/example_trigger_controller_dag.py
[2024-10-20T19:16:33.134-0300] {processor.py:914} INFO - Processing file /mnt/c/Users/Pato_/OneDrive/Documentos/ITBA/PYTHON_DATA_APP/itba/lib/python3.10/site-packages/airflow/example_dags/example_trigger_controller_dag.py for tasks to queue
[2024-10-20T19:16:33.137-0300] {logging_mixin.py:190} INFO - [2024-10-20T19:16:33.136-0300] {dagbag.py:588} INFO - Filling up the DagBag from /mnt/c/Users/Pato_/OneDrive/Documentos/ITBA/PYTHON_DATA_APP/itba/lib/python3.10/site-packages/airflow/example_dags/example_trigger_controller_dag.py
[2024-10-20T19:16:33.176-0300] {processor.py:925} INFO - DAG(s) 'example_trigger_controller_dag' retrieved from /mnt/c/Users/Pato_/OneDrive/Documentos/ITBA/PYTHON_DATA_APP/itba/lib/python3.10/site-packages/airflow/example_dags/example_trigger_controller_dag.py
[2024-10-20T19:16:33.191-0300] {logging_mixin.py:190} INFO - [2024-10-20T19:16:33.190-0300] {dag.py:3239} INFO - Sync 1 DAGs
[2024-10-20T19:16:33.205-0300] {logging_mixin.py:190} INFO - [2024-10-20T19:16:33.204-0300] {dag.py:4180} INFO - Setting next_dagrun for example_trigger_controller_dag to 2021-01-01 00:00:00+00:00, run_after=2021-01-01 00:00:00+00:00
[2024-10-20T19:16:33.233-0300] {processor.py:208} INFO - Processing /mnt/c/Users/Pato_/OneDrive/Documentos/ITBA/PYTHON_DATA_APP/itba/lib/python3.10/site-packages/airflow/example_dags/example_trigger_controller_dag.py took 0.107 seconds
[2024-10-20T19:17:47.404-0300] {processor.py:186} INFO - Started process (PID=308273) to work on /mnt/c/Users/Pato_/OneDrive/Documentos/ITBA/PYTHON_DATA_APP/itba/lib/python3.10/site-packages/airflow/example_dags/example_trigger_controller_dag.py
[2024-10-20T19:17:47.405-0300] {processor.py:914} INFO - Processing file /mnt/c/Users/Pato_/OneDrive/Documentos/ITBA/PYTHON_DATA_APP/itba/lib/python3.10/site-packages/airflow/example_dags/example_trigger_controller_dag.py for tasks to queue
[2024-10-20T19:17:47.408-0300] {logging_mixin.py:190} INFO - [2024-10-20T19:17:47.407-0300] {dagbag.py:588} INFO - Filling up the DagBag from /mnt/c/Users/Pato_/OneDrive/Documentos/ITBA/PYTHON_DATA_APP/itba/lib/python3.10/site-packages/airflow/example_dags/example_trigger_controller_dag.py
[2024-10-20T19:17:47.446-0300] {processor.py:925} INFO - DAG(s) 'example_trigger_controller_dag' retrieved from /mnt/c/Users/Pato_/OneDrive/Documentos/ITBA/PYTHON_DATA_APP/itba/lib/python3.10/site-packages/airflow/example_dags/example_trigger_controller_dag.py
[2024-10-20T19:17:47.460-0300] {logging_mixin.py:190} INFO - [2024-10-20T19:17:47.460-0300] {dag.py:3239} INFO - Sync 1 DAGs
[2024-10-20T19:17:47.474-0300] {logging_mixin.py:190} INFO - [2024-10-20T19:17:47.473-0300] {dag.py:4180} INFO - Setting next_dagrun for example_trigger_controller_dag to 2021-01-01 00:00:00+00:00, run_after=2021-01-01 00:00:00+00:00
[2024-10-20T19:17:47.502-0300] {processor.py:208} INFO - Processing /mnt/c/Users/Pato_/OneDrive/Documentos/ITBA/PYTHON_DATA_APP/itba/lib/python3.10/site-packages/airflow/example_dags/example_trigger_controller_dag.py took 0.104 seconds
[2024-10-20T19:18:56.448-0300] {processor.py:186} INFO - Started process (PID=308812) to work on /mnt/c/Users/Pato_/OneDrive/Documentos/ITBA/PYTHON_DATA_APP/itba/lib/python3.10/site-packages/airflow/example_dags/example_trigger_controller_dag.py
[2024-10-20T19:18:56.449-0300] {processor.py:914} INFO - Processing file /mnt/c/Users/Pato_/OneDrive/Documentos/ITBA/PYTHON_DATA_APP/itba/lib/python3.10/site-packages/airflow/example_dags/example_trigger_controller_dag.py for tasks to queue
[2024-10-20T19:18:56.451-0300] {logging_mixin.py:190} INFO - [2024-10-20T19:18:56.450-0300] {dagbag.py:588} INFO - Filling up the DagBag from /mnt/c/Users/Pato_/OneDrive/Documentos/ITBA/PYTHON_DATA_APP/itba/lib/python3.10/site-packages/airflow/example_dags/example_trigger_controller_dag.py
[2024-10-20T19:18:56.490-0300] {processor.py:925} INFO - DAG(s) 'example_trigger_controller_dag' retrieved from /mnt/c/Users/Pato_/OneDrive/Documentos/ITBA/PYTHON_DATA_APP/itba/lib/python3.10/site-packages/airflow/example_dags/example_trigger_controller_dag.py
[2024-10-20T19:18:56.504-0300] {logging_mixin.py:190} INFO - [2024-10-20T19:18:56.503-0300] {dag.py:3239} INFO - Sync 1 DAGs
[2024-10-20T19:18:56.517-0300] {logging_mixin.py:190} INFO - [2024-10-20T19:18:56.517-0300] {dag.py:4180} INFO - Setting next_dagrun for example_trigger_controller_dag to 2021-01-01 00:00:00+00:00, run_after=2021-01-01 00:00:00+00:00
[2024-10-20T19:18:56.547-0300] {processor.py:208} INFO - Processing /mnt/c/Users/Pato_/OneDrive/Documentos/ITBA/PYTHON_DATA_APP/itba/lib/python3.10/site-packages/airflow/example_dags/example_trigger_controller_dag.py took 0.106 seconds
[2024-10-20T19:20:08.551-0300] {processor.py:186} INFO - Started process (PID=309405) to work on /mnt/c/Users/Pato_/OneDrive/Documentos/ITBA/PYTHON_DATA_APP/itba/lib/python3.10/site-packages/airflow/example_dags/example_trigger_controller_dag.py
[2024-10-20T19:20:08.552-0300] {processor.py:914} INFO - Processing file /mnt/c/Users/Pato_/OneDrive/Documentos/ITBA/PYTHON_DATA_APP/itba/lib/python3.10/site-packages/airflow/example_dags/example_trigger_controller_dag.py for tasks to queue
[2024-10-20T19:20:08.554-0300] {logging_mixin.py:190} INFO - [2024-10-20T19:20:08.553-0300] {dagbag.py:588} INFO - Filling up the DagBag from /mnt/c/Users/Pato_/OneDrive/Documentos/ITBA/PYTHON_DATA_APP/itba/lib/python3.10/site-packages/airflow/example_dags/example_trigger_controller_dag.py
[2024-10-20T19:20:08.593-0300] {processor.py:925} INFO - DAG(s) 'example_trigger_controller_dag' retrieved from /mnt/c/Users/Pato_/OneDrive/Documentos/ITBA/PYTHON_DATA_APP/itba/lib/python3.10/site-packages/airflow/example_dags/example_trigger_controller_dag.py
[2024-10-20T19:20:08.609-0300] {logging_mixin.py:190} INFO - [2024-10-20T19:20:08.609-0300] {dag.py:3239} INFO - Sync 1 DAGs
[2024-10-20T19:20:08.624-0300] {logging_mixin.py:190} INFO - [2024-10-20T19:20:08.624-0300] {dag.py:4180} INFO - Setting next_dagrun for example_trigger_controller_dag to 2021-01-01 00:00:00+00:00, run_after=2021-01-01 00:00:00+00:00
[2024-10-20T19:20:08.653-0300] {processor.py:208} INFO - Processing /mnt/c/Users/Pato_/OneDrive/Documentos/ITBA/PYTHON_DATA_APP/itba/lib/python3.10/site-packages/airflow/example_dags/example_trigger_controller_dag.py took 0.109 seconds
[2024-10-20T19:21:19.057-0300] {processor.py:186} INFO - Started process (PID=310021) to work on /mnt/c/Users/Pato_/OneDrive/Documentos/ITBA/PYTHON_DATA_APP/itba/lib/python3.10/site-packages/airflow/example_dags/example_trigger_controller_dag.py
[2024-10-20T19:21:19.057-0300] {processor.py:914} INFO - Processing file /mnt/c/Users/Pato_/OneDrive/Documentos/ITBA/PYTHON_DATA_APP/itba/lib/python3.10/site-packages/airflow/example_dags/example_trigger_controller_dag.py for tasks to queue
[2024-10-20T19:21:19.059-0300] {logging_mixin.py:190} INFO - [2024-10-20T19:21:19.059-0300] {dagbag.py:588} INFO - Filling up the DagBag from /mnt/c/Users/Pato_/OneDrive/Documentos/ITBA/PYTHON_DATA_APP/itba/lib/python3.10/site-packages/airflow/example_dags/example_trigger_controller_dag.py
[2024-10-20T19:21:19.098-0300] {processor.py:925} INFO - DAG(s) 'example_trigger_controller_dag' retrieved from /mnt/c/Users/Pato_/OneDrive/Documentos/ITBA/PYTHON_DATA_APP/itba/lib/python3.10/site-packages/airflow/example_dags/example_trigger_controller_dag.py
[2024-10-20T19:21:19.112-0300] {logging_mixin.py:190} INFO - [2024-10-20T19:21:19.112-0300] {dag.py:3239} INFO - Sync 1 DAGs
[2024-10-20T19:21:19.126-0300] {logging_mixin.py:190} INFO - [2024-10-20T19:21:19.126-0300] {dag.py:4180} INFO - Setting next_dagrun for example_trigger_controller_dag to 2021-01-01 00:00:00+00:00, run_after=2021-01-01 00:00:00+00:00
[2024-10-20T19:21:19.154-0300] {processor.py:208} INFO - Processing /mnt/c/Users/Pato_/OneDrive/Documentos/ITBA/PYTHON_DATA_APP/itba/lib/python3.10/site-packages/airflow/example_dags/example_trigger_controller_dag.py took 0.105 seconds
[2024-10-20T19:22:25.344-0300] {processor.py:186} INFO - Started process (PID=310626) to work on /mnt/c/Users/Pato_/OneDrive/Documentos/ITBA/PYTHON_DATA_APP/itba/lib/python3.10/site-packages/airflow/example_dags/example_trigger_controller_dag.py
[2024-10-20T19:22:25.345-0300] {processor.py:914} INFO - Processing file /mnt/c/Users/Pato_/OneDrive/Documentos/ITBA/PYTHON_DATA_APP/itba/lib/python3.10/site-packages/airflow/example_dags/example_trigger_controller_dag.py for tasks to queue
[2024-10-20T19:22:25.347-0300] {logging_mixin.py:190} INFO - [2024-10-20T19:22:25.346-0300] {dagbag.py:588} INFO - Filling up the DagBag from /mnt/c/Users/Pato_/OneDrive/Documentos/ITBA/PYTHON_DATA_APP/itba/lib/python3.10/site-packages/airflow/example_dags/example_trigger_controller_dag.py
[2024-10-20T19:22:25.398-0300] {processor.py:925} INFO - DAG(s) 'example_trigger_controller_dag' retrieved from /mnt/c/Users/Pato_/OneDrive/Documentos/ITBA/PYTHON_DATA_APP/itba/lib/python3.10/site-packages/airflow/example_dags/example_trigger_controller_dag.py
[2024-10-20T19:22:25.412-0300] {logging_mixin.py:190} INFO - [2024-10-20T19:22:25.411-0300] {dag.py:3239} INFO - Sync 1 DAGs
[2024-10-20T19:22:25.425-0300] {logging_mixin.py:190} INFO - [2024-10-20T19:22:25.425-0300] {dag.py:4180} INFO - Setting next_dagrun for example_trigger_controller_dag to 2021-01-01 00:00:00+00:00, run_after=2021-01-01 00:00:00+00:00
[2024-10-20T19:22:25.455-0300] {processor.py:208} INFO - Processing /mnt/c/Users/Pato_/OneDrive/Documentos/ITBA/PYTHON_DATA_APP/itba/lib/python3.10/site-packages/airflow/example_dags/example_trigger_controller_dag.py took 0.118 seconds
[2024-10-20T19:23:27.649-0300] {processor.py:186} INFO - Started process (PID=311233) to work on /mnt/c/Users/Pato_/OneDrive/Documentos/ITBA/PYTHON_DATA_APP/itba/lib/python3.10/site-packages/airflow/example_dags/example_trigger_controller_dag.py
[2024-10-20T19:23:27.650-0300] {processor.py:914} INFO - Processing file /mnt/c/Users/Pato_/OneDrive/Documentos/ITBA/PYTHON_DATA_APP/itba/lib/python3.10/site-packages/airflow/example_dags/example_trigger_controller_dag.py for tasks to queue
[2024-10-20T19:23:27.652-0300] {logging_mixin.py:190} INFO - [2024-10-20T19:23:27.651-0300] {dagbag.py:588} INFO - Filling up the DagBag from /mnt/c/Users/Pato_/OneDrive/Documentos/ITBA/PYTHON_DATA_APP/itba/lib/python3.10/site-packages/airflow/example_dags/example_trigger_controller_dag.py
[2024-10-20T19:23:27.691-0300] {processor.py:925} INFO - DAG(s) 'example_trigger_controller_dag' retrieved from /mnt/c/Users/Pato_/OneDrive/Documentos/ITBA/PYTHON_DATA_APP/itba/lib/python3.10/site-packages/airflow/example_dags/example_trigger_controller_dag.py
[2024-10-20T19:23:27.705-0300] {logging_mixin.py:190} INFO - [2024-10-20T19:23:27.705-0300] {dag.py:3239} INFO - Sync 1 DAGs
[2024-10-20T19:23:27.719-0300] {logging_mixin.py:190} INFO - [2024-10-20T19:23:27.719-0300] {dag.py:4180} INFO - Setting next_dagrun for example_trigger_controller_dag to 2021-01-01 00:00:00+00:00, run_after=2021-01-01 00:00:00+00:00
[2024-10-20T19:23:27.747-0300] {processor.py:208} INFO - Processing /mnt/c/Users/Pato_/OneDrive/Documentos/ITBA/PYTHON_DATA_APP/itba/lib/python3.10/site-packages/airflow/example_dags/example_trigger_controller_dag.py took 0.106 seconds
[2024-10-20T19:24:33.663-0300] {processor.py:186} INFO - Started process (PID=312192) to work on /mnt/c/Users/Pato_/OneDrive/Documentos/ITBA/PYTHON_DATA_APP/itba/lib/python3.10/site-packages/airflow/example_dags/example_trigger_controller_dag.py
[2024-10-20T19:24:33.664-0300] {processor.py:914} INFO - Processing file /mnt/c/Users/Pato_/OneDrive/Documentos/ITBA/PYTHON_DATA_APP/itba/lib/python3.10/site-packages/airflow/example_dags/example_trigger_controller_dag.py for tasks to queue
[2024-10-20T19:24:33.667-0300] {logging_mixin.py:190} INFO - [2024-10-20T19:24:33.666-0300] {dagbag.py:588} INFO - Filling up the DagBag from /mnt/c/Users/Pato_/OneDrive/Documentos/ITBA/PYTHON_DATA_APP/itba/lib/python3.10/site-packages/airflow/example_dags/example_trigger_controller_dag.py
[2024-10-20T19:24:33.709-0300] {processor.py:925} INFO - DAG(s) 'example_trigger_controller_dag' retrieved from /mnt/c/Users/Pato_/OneDrive/Documentos/ITBA/PYTHON_DATA_APP/itba/lib/python3.10/site-packages/airflow/example_dags/example_trigger_controller_dag.py
[2024-10-20T19:24:33.725-0300] {logging_mixin.py:190} INFO - [2024-10-20T19:24:33.724-0300] {dag.py:3239} INFO - Sync 1 DAGs
[2024-10-20T19:24:33.739-0300] {logging_mixin.py:190} INFO - [2024-10-20T19:24:33.739-0300] {dag.py:4180} INFO - Setting next_dagrun for example_trigger_controller_dag to 2021-01-01 00:00:00+00:00, run_after=2021-01-01 00:00:00+00:00
[2024-10-20T19:24:33.770-0300] {processor.py:208} INFO - Processing /mnt/c/Users/Pato_/OneDrive/Documentos/ITBA/PYTHON_DATA_APP/itba/lib/python3.10/site-packages/airflow/example_dags/example_trigger_controller_dag.py took 0.114 seconds
[2024-10-20T19:26:12.132-0300] {processor.py:186} INFO - Started process (PID=313513) to work on /mnt/c/Users/Pato_/OneDrive/Documentos/ITBA/PYTHON_DATA_APP/itba/lib/python3.10/site-packages/airflow/example_dags/example_trigger_controller_dag.py
[2024-10-20T19:26:12.133-0300] {processor.py:914} INFO - Processing file /mnt/c/Users/Pato_/OneDrive/Documentos/ITBA/PYTHON_DATA_APP/itba/lib/python3.10/site-packages/airflow/example_dags/example_trigger_controller_dag.py for tasks to queue
[2024-10-20T19:26:12.135-0300] {logging_mixin.py:190} INFO - [2024-10-20T19:26:12.135-0300] {dagbag.py:588} INFO - Filling up the DagBag from /mnt/c/Users/Pato_/OneDrive/Documentos/ITBA/PYTHON_DATA_APP/itba/lib/python3.10/site-packages/airflow/example_dags/example_trigger_controller_dag.py
[2024-10-20T19:26:12.176-0300] {processor.py:925} INFO - DAG(s) 'example_trigger_controller_dag' retrieved from /mnt/c/Users/Pato_/OneDrive/Documentos/ITBA/PYTHON_DATA_APP/itba/lib/python3.10/site-packages/airflow/example_dags/example_trigger_controller_dag.py
[2024-10-20T19:26:12.192-0300] {logging_mixin.py:190} INFO - [2024-10-20T19:26:12.192-0300] {dag.py:3239} INFO - Sync 1 DAGs
[2024-10-20T19:26:12.207-0300] {logging_mixin.py:190} INFO - [2024-10-20T19:26:12.206-0300] {dag.py:4180} INFO - Setting next_dagrun for example_trigger_controller_dag to 2021-01-01 00:00:00+00:00, run_after=2021-01-01 00:00:00+00:00
[2024-10-20T19:26:12.236-0300] {processor.py:208} INFO - Processing /mnt/c/Users/Pato_/OneDrive/Documentos/ITBA/PYTHON_DATA_APP/itba/lib/python3.10/site-packages/airflow/example_dags/example_trigger_controller_dag.py took 0.111 seconds
[2024-10-20T19:27:17.186-0300] {processor.py:186} INFO - Started process (PID=314209) to work on /mnt/c/Users/Pato_/OneDrive/Documentos/ITBA/PYTHON_DATA_APP/itba/lib/python3.10/site-packages/airflow/example_dags/example_trigger_controller_dag.py
[2024-10-20T19:27:17.187-0300] {processor.py:914} INFO - Processing file /mnt/c/Users/Pato_/OneDrive/Documentos/ITBA/PYTHON_DATA_APP/itba/lib/python3.10/site-packages/airflow/example_dags/example_trigger_controller_dag.py for tasks to queue
[2024-10-20T19:27:17.189-0300] {logging_mixin.py:190} INFO - [2024-10-20T19:27:17.188-0300] {dagbag.py:588} INFO - Filling up the DagBag from /mnt/c/Users/Pato_/OneDrive/Documentos/ITBA/PYTHON_DATA_APP/itba/lib/python3.10/site-packages/airflow/example_dags/example_trigger_controller_dag.py
[2024-10-20T19:27:17.230-0300] {processor.py:925} INFO - DAG(s) 'example_trigger_controller_dag' retrieved from /mnt/c/Users/Pato_/OneDrive/Documentos/ITBA/PYTHON_DATA_APP/itba/lib/python3.10/site-packages/airflow/example_dags/example_trigger_controller_dag.py
[2024-10-20T19:27:17.246-0300] {logging_mixin.py:190} INFO - [2024-10-20T19:27:17.245-0300] {dag.py:3239} INFO - Sync 1 DAGs
[2024-10-20T19:27:17.260-0300] {logging_mixin.py:190} INFO - [2024-10-20T19:27:17.260-0300] {dag.py:4180} INFO - Setting next_dagrun for example_trigger_controller_dag to 2021-01-01 00:00:00+00:00, run_after=2021-01-01 00:00:00+00:00
[2024-10-20T19:27:17.291-0300] {processor.py:208} INFO - Processing /mnt/c/Users/Pato_/OneDrive/Documentos/ITBA/PYTHON_DATA_APP/itba/lib/python3.10/site-packages/airflow/example_dags/example_trigger_controller_dag.py took 0.112 seconds
[2024-10-20T19:28:24.783-0300] {processor.py:186} INFO - Started process (PID=315062) to work on /mnt/c/Users/Pato_/OneDrive/Documentos/ITBA/PYTHON_DATA_APP/itba/lib/python3.10/site-packages/airflow/example_dags/example_trigger_controller_dag.py
[2024-10-20T19:28:24.784-0300] {processor.py:914} INFO - Processing file /mnt/c/Users/Pato_/OneDrive/Documentos/ITBA/PYTHON_DATA_APP/itba/lib/python3.10/site-packages/airflow/example_dags/example_trigger_controller_dag.py for tasks to queue
[2024-10-20T19:28:24.786-0300] {logging_mixin.py:190} INFO - [2024-10-20T19:28:24.785-0300] {dagbag.py:588} INFO - Filling up the DagBag from /mnt/c/Users/Pato_/OneDrive/Documentos/ITBA/PYTHON_DATA_APP/itba/lib/python3.10/site-packages/airflow/example_dags/example_trigger_controller_dag.py
[2024-10-20T19:28:24.826-0300] {processor.py:925} INFO - DAG(s) 'example_trigger_controller_dag' retrieved from /mnt/c/Users/Pato_/OneDrive/Documentos/ITBA/PYTHON_DATA_APP/itba/lib/python3.10/site-packages/airflow/example_dags/example_trigger_controller_dag.py
[2024-10-20T19:28:24.843-0300] {logging_mixin.py:190} INFO - [2024-10-20T19:28:24.842-0300] {dag.py:3239} INFO - Sync 1 DAGs
[2024-10-20T19:28:24.857-0300] {logging_mixin.py:190} INFO - [2024-10-20T19:28:24.857-0300] {dag.py:4180} INFO - Setting next_dagrun for example_trigger_controller_dag to 2021-01-01 00:00:00+00:00, run_after=2021-01-01 00:00:00+00:00
[2024-10-20T19:28:24.888-0300] {processor.py:208} INFO - Processing /mnt/c/Users/Pato_/OneDrive/Documentos/ITBA/PYTHON_DATA_APP/itba/lib/python3.10/site-packages/airflow/example_dags/example_trigger_controller_dag.py took 0.111 seconds
[2024-10-20T19:29:31.383-0300] {processor.py:186} INFO - Started process (PID=315857) to work on /mnt/c/Users/Pato_/OneDrive/Documentos/ITBA/PYTHON_DATA_APP/itba/lib/python3.10/site-packages/airflow/example_dags/example_trigger_controller_dag.py
[2024-10-20T19:29:31.384-0300] {processor.py:914} INFO - Processing file /mnt/c/Users/Pato_/OneDrive/Documentos/ITBA/PYTHON_DATA_APP/itba/lib/python3.10/site-packages/airflow/example_dags/example_trigger_controller_dag.py for tasks to queue
[2024-10-20T19:29:31.386-0300] {logging_mixin.py:190} INFO - [2024-10-20T19:29:31.385-0300] {dagbag.py:588} INFO - Filling up the DagBag from /mnt/c/Users/Pato_/OneDrive/Documentos/ITBA/PYTHON_DATA_APP/itba/lib/python3.10/site-packages/airflow/example_dags/example_trigger_controller_dag.py
[2024-10-20T19:29:31.424-0300] {processor.py:925} INFO - DAG(s) 'example_trigger_controller_dag' retrieved from /mnt/c/Users/Pato_/OneDrive/Documentos/ITBA/PYTHON_DATA_APP/itba/lib/python3.10/site-packages/airflow/example_dags/example_trigger_controller_dag.py
[2024-10-20T19:29:31.438-0300] {logging_mixin.py:190} INFO - [2024-10-20T19:29:31.437-0300] {dag.py:3239} INFO - Sync 1 DAGs
[2024-10-20T19:29:31.451-0300] {logging_mixin.py:190} INFO - [2024-10-20T19:29:31.450-0300] {dag.py:4180} INFO - Setting next_dagrun for example_trigger_controller_dag to 2021-01-01 00:00:00+00:00, run_after=2021-01-01 00:00:00+00:00
[2024-10-20T19:29:31.482-0300] {processor.py:208} INFO - Processing /mnt/c/Users/Pato_/OneDrive/Documentos/ITBA/PYTHON_DATA_APP/itba/lib/python3.10/site-packages/airflow/example_dags/example_trigger_controller_dag.py took 0.106 seconds
[2024-10-20T19:30:43.855-0300] {processor.py:186} INFO - Started process (PID=316457) to work on /mnt/c/Users/Pato_/OneDrive/Documentos/ITBA/PYTHON_DATA_APP/itba/lib/python3.10/site-packages/airflow/example_dags/example_trigger_controller_dag.py
[2024-10-20T19:30:43.856-0300] {processor.py:914} INFO - Processing file /mnt/c/Users/Pato_/OneDrive/Documentos/ITBA/PYTHON_DATA_APP/itba/lib/python3.10/site-packages/airflow/example_dags/example_trigger_controller_dag.py for tasks to queue
[2024-10-20T19:30:43.858-0300] {logging_mixin.py:190} INFO - [2024-10-20T19:30:43.857-0300] {dagbag.py:588} INFO - Filling up the DagBag from /mnt/c/Users/Pato_/OneDrive/Documentos/ITBA/PYTHON_DATA_APP/itba/lib/python3.10/site-packages/airflow/example_dags/example_trigger_controller_dag.py
[2024-10-20T19:30:43.896-0300] {processor.py:925} INFO - DAG(s) 'example_trigger_controller_dag' retrieved from /mnt/c/Users/Pato_/OneDrive/Documentos/ITBA/PYTHON_DATA_APP/itba/lib/python3.10/site-packages/airflow/example_dags/example_trigger_controller_dag.py
[2024-10-20T19:30:43.910-0300] {logging_mixin.py:190} INFO - [2024-10-20T19:30:43.909-0300] {dag.py:3239} INFO - Sync 1 DAGs
[2024-10-20T19:30:43.923-0300] {logging_mixin.py:190} INFO - [2024-10-20T19:30:43.922-0300] {dag.py:4180} INFO - Setting next_dagrun for example_trigger_controller_dag to 2021-01-01 00:00:00+00:00, run_after=2021-01-01 00:00:00+00:00
[2024-10-20T19:30:43.952-0300] {processor.py:208} INFO - Processing /mnt/c/Users/Pato_/OneDrive/Documentos/ITBA/PYTHON_DATA_APP/itba/lib/python3.10/site-packages/airflow/example_dags/example_trigger_controller_dag.py took 0.103 seconds
[2024-10-20T19:31:50.683-0300] {processor.py:186} INFO - Started process (PID=316979) to work on /mnt/c/Users/Pato_/OneDrive/Documentos/ITBA/PYTHON_DATA_APP/itba/lib/python3.10/site-packages/airflow/example_dags/example_trigger_controller_dag.py
[2024-10-20T19:31:50.684-0300] {processor.py:914} INFO - Processing file /mnt/c/Users/Pato_/OneDrive/Documentos/ITBA/PYTHON_DATA_APP/itba/lib/python3.10/site-packages/airflow/example_dags/example_trigger_controller_dag.py for tasks to queue
[2024-10-20T19:31:50.686-0300] {logging_mixin.py:190} INFO - [2024-10-20T19:31:50.686-0300] {dagbag.py:588} INFO - Filling up the DagBag from /mnt/c/Users/Pato_/OneDrive/Documentos/ITBA/PYTHON_DATA_APP/itba/lib/python3.10/site-packages/airflow/example_dags/example_trigger_controller_dag.py
[2024-10-20T19:31:50.728-0300] {processor.py:925} INFO - DAG(s) 'example_trigger_controller_dag' retrieved from /mnt/c/Users/Pato_/OneDrive/Documentos/ITBA/PYTHON_DATA_APP/itba/lib/python3.10/site-packages/airflow/example_dags/example_trigger_controller_dag.py
[2024-10-20T19:31:50.743-0300] {logging_mixin.py:190} INFO - [2024-10-20T19:31:50.743-0300] {dag.py:3239} INFO - Sync 1 DAGs
[2024-10-20T19:31:50.758-0300] {logging_mixin.py:190} INFO - [2024-10-20T19:31:50.758-0300] {dag.py:4180} INFO - Setting next_dagrun for example_trigger_controller_dag to 2021-01-01 00:00:00+00:00, run_after=2021-01-01 00:00:00+00:00
[2024-10-20T19:31:50.789-0300] {processor.py:208} INFO - Processing /mnt/c/Users/Pato_/OneDrive/Documentos/ITBA/PYTHON_DATA_APP/itba/lib/python3.10/site-packages/airflow/example_dags/example_trigger_controller_dag.py took 0.113 seconds
[2024-10-20T19:32:57.463-0300] {processor.py:186} INFO - Started process (PID=317519) to work on /mnt/c/Users/Pato_/OneDrive/Documentos/ITBA/PYTHON_DATA_APP/itba/lib/python3.10/site-packages/airflow/example_dags/example_trigger_controller_dag.py
[2024-10-20T19:32:57.464-0300] {processor.py:914} INFO - Processing file /mnt/c/Users/Pato_/OneDrive/Documentos/ITBA/PYTHON_DATA_APP/itba/lib/python3.10/site-packages/airflow/example_dags/example_trigger_controller_dag.py for tasks to queue
[2024-10-20T19:32:57.466-0300] {logging_mixin.py:190} INFO - [2024-10-20T19:32:57.465-0300] {dagbag.py:588} INFO - Filling up the DagBag from /mnt/c/Users/Pato_/OneDrive/Documentos/ITBA/PYTHON_DATA_APP/itba/lib/python3.10/site-packages/airflow/example_dags/example_trigger_controller_dag.py
[2024-10-20T19:32:57.507-0300] {processor.py:925} INFO - DAG(s) 'example_trigger_controller_dag' retrieved from /mnt/c/Users/Pato_/OneDrive/Documentos/ITBA/PYTHON_DATA_APP/itba/lib/python3.10/site-packages/airflow/example_dags/example_trigger_controller_dag.py
[2024-10-20T19:32:57.521-0300] {logging_mixin.py:190} INFO - [2024-10-20T19:32:57.520-0300] {dag.py:3239} INFO - Sync 1 DAGs
[2024-10-20T19:32:57.535-0300] {logging_mixin.py:190} INFO - [2024-10-20T19:32:57.535-0300] {dag.py:4180} INFO - Setting next_dagrun for example_trigger_controller_dag to 2021-01-01 00:00:00+00:00, run_after=2021-01-01 00:00:00+00:00
[2024-10-20T19:32:57.565-0300] {processor.py:208} INFO - Processing /mnt/c/Users/Pato_/OneDrive/Documentos/ITBA/PYTHON_DATA_APP/itba/lib/python3.10/site-packages/airflow/example_dags/example_trigger_controller_dag.py took 0.109 seconds
[2024-10-20T19:34:03.589-0300] {processor.py:186} INFO - Started process (PID=318173) to work on /mnt/c/Users/Pato_/OneDrive/Documentos/ITBA/PYTHON_DATA_APP/itba/lib/python3.10/site-packages/airflow/example_dags/example_trigger_controller_dag.py
[2024-10-20T19:34:03.590-0300] {processor.py:914} INFO - Processing file /mnt/c/Users/Pato_/OneDrive/Documentos/ITBA/PYTHON_DATA_APP/itba/lib/python3.10/site-packages/airflow/example_dags/example_trigger_controller_dag.py for tasks to queue
[2024-10-20T19:34:03.592-0300] {logging_mixin.py:190} INFO - [2024-10-20T19:34:03.592-0300] {dagbag.py:588} INFO - Filling up the DagBag from /mnt/c/Users/Pato_/OneDrive/Documentos/ITBA/PYTHON_DATA_APP/itba/lib/python3.10/site-packages/airflow/example_dags/example_trigger_controller_dag.py
[2024-10-20T19:34:03.630-0300] {processor.py:925} INFO - DAG(s) 'example_trigger_controller_dag' retrieved from /mnt/c/Users/Pato_/OneDrive/Documentos/ITBA/PYTHON_DATA_APP/itba/lib/python3.10/site-packages/airflow/example_dags/example_trigger_controller_dag.py
[2024-10-20T19:34:03.645-0300] {logging_mixin.py:190} INFO - [2024-10-20T19:34:03.644-0300] {dag.py:3239} INFO - Sync 1 DAGs
[2024-10-20T19:34:03.659-0300] {logging_mixin.py:190} INFO - [2024-10-20T19:34:03.658-0300] {dag.py:4180} INFO - Setting next_dagrun for example_trigger_controller_dag to 2021-01-01 00:00:00+00:00, run_after=2021-01-01 00:00:00+00:00
[2024-10-20T19:34:03.687-0300] {processor.py:208} INFO - Processing /mnt/c/Users/Pato_/OneDrive/Documentos/ITBA/PYTHON_DATA_APP/itba/lib/python3.10/site-packages/airflow/example_dags/example_trigger_controller_dag.py took 0.104 seconds
[2024-10-20T19:35:13.907-0300] {processor.py:186} INFO - Started process (PID=318981) to work on /mnt/c/Users/Pato_/OneDrive/Documentos/ITBA/PYTHON_DATA_APP/itba/lib/python3.10/site-packages/airflow/example_dags/example_trigger_controller_dag.py
[2024-10-20T19:35:13.908-0300] {processor.py:914} INFO - Processing file /mnt/c/Users/Pato_/OneDrive/Documentos/ITBA/PYTHON_DATA_APP/itba/lib/python3.10/site-packages/airflow/example_dags/example_trigger_controller_dag.py for tasks to queue
[2024-10-20T19:35:13.910-0300] {logging_mixin.py:190} INFO - [2024-10-20T19:35:13.910-0300] {dagbag.py:588} INFO - Filling up the DagBag from /mnt/c/Users/Pato_/OneDrive/Documentos/ITBA/PYTHON_DATA_APP/itba/lib/python3.10/site-packages/airflow/example_dags/example_trigger_controller_dag.py
[2024-10-20T19:35:13.949-0300] {processor.py:925} INFO - DAG(s) 'example_trigger_controller_dag' retrieved from /mnt/c/Users/Pato_/OneDrive/Documentos/ITBA/PYTHON_DATA_APP/itba/lib/python3.10/site-packages/airflow/example_dags/example_trigger_controller_dag.py
[2024-10-20T19:35:13.965-0300] {logging_mixin.py:190} INFO - [2024-10-20T19:35:13.965-0300] {dag.py:3239} INFO - Sync 1 DAGs
[2024-10-20T19:35:13.980-0300] {logging_mixin.py:190} INFO - [2024-10-20T19:35:13.979-0300] {dag.py:4180} INFO - Setting next_dagrun for example_trigger_controller_dag to 2021-01-01 00:00:00+00:00, run_after=2021-01-01 00:00:00+00:00
[2024-10-20T19:35:14.009-0300] {processor.py:208} INFO - Processing /mnt/c/Users/Pato_/OneDrive/Documentos/ITBA/PYTHON_DATA_APP/itba/lib/python3.10/site-packages/airflow/example_dags/example_trigger_controller_dag.py took 0.108 seconds
[2024-10-20T19:36:22.988-0300] {processor.py:186} INFO - Started process (PID=319532) to work on /mnt/c/Users/Pato_/OneDrive/Documentos/ITBA/PYTHON_DATA_APP/itba/lib/python3.10/site-packages/airflow/example_dags/example_trigger_controller_dag.py
[2024-10-20T19:36:22.989-0300] {processor.py:914} INFO - Processing file /mnt/c/Users/Pato_/OneDrive/Documentos/ITBA/PYTHON_DATA_APP/itba/lib/python3.10/site-packages/airflow/example_dags/example_trigger_controller_dag.py for tasks to queue
[2024-10-20T19:36:22.991-0300] {logging_mixin.py:190} INFO - [2024-10-20T19:36:22.990-0300] {dagbag.py:588} INFO - Filling up the DagBag from /mnt/c/Users/Pato_/OneDrive/Documentos/ITBA/PYTHON_DATA_APP/itba/lib/python3.10/site-packages/airflow/example_dags/example_trigger_controller_dag.py
[2024-10-20T19:36:23.030-0300] {processor.py:925} INFO - DAG(s) 'example_trigger_controller_dag' retrieved from /mnt/c/Users/Pato_/OneDrive/Documentos/ITBA/PYTHON_DATA_APP/itba/lib/python3.10/site-packages/airflow/example_dags/example_trigger_controller_dag.py
[2024-10-20T19:36:23.044-0300] {logging_mixin.py:190} INFO - [2024-10-20T19:36:23.043-0300] {dag.py:3239} INFO - Sync 1 DAGs
[2024-10-20T19:36:23.058-0300] {logging_mixin.py:190} INFO - [2024-10-20T19:36:23.057-0300] {dag.py:4180} INFO - Setting next_dagrun for example_trigger_controller_dag to 2021-01-01 00:00:00+00:00, run_after=2021-01-01 00:00:00+00:00
[2024-10-20T19:36:23.088-0300] {processor.py:208} INFO - Processing /mnt/c/Users/Pato_/OneDrive/Documentos/ITBA/PYTHON_DATA_APP/itba/lib/python3.10/site-packages/airflow/example_dags/example_trigger_controller_dag.py took 0.107 seconds
[2024-10-20T19:37:31.722-0300] {processor.py:186} INFO - Started process (PID=320068) to work on /mnt/c/Users/Pato_/OneDrive/Documentos/ITBA/PYTHON_DATA_APP/itba/lib/python3.10/site-packages/airflow/example_dags/example_trigger_controller_dag.py
[2024-10-20T19:37:31.723-0300] {processor.py:914} INFO - Processing file /mnt/c/Users/Pato_/OneDrive/Documentos/ITBA/PYTHON_DATA_APP/itba/lib/python3.10/site-packages/airflow/example_dags/example_trigger_controller_dag.py for tasks to queue
[2024-10-20T19:37:31.725-0300] {logging_mixin.py:190} INFO - [2024-10-20T19:37:31.724-0300] {dagbag.py:588} INFO - Filling up the DagBag from /mnt/c/Users/Pato_/OneDrive/Documentos/ITBA/PYTHON_DATA_APP/itba/lib/python3.10/site-packages/airflow/example_dags/example_trigger_controller_dag.py
[2024-10-20T19:37:31.763-0300] {processor.py:925} INFO - DAG(s) 'example_trigger_controller_dag' retrieved from /mnt/c/Users/Pato_/OneDrive/Documentos/ITBA/PYTHON_DATA_APP/itba/lib/python3.10/site-packages/airflow/example_dags/example_trigger_controller_dag.py
[2024-10-20T19:37:31.776-0300] {logging_mixin.py:190} INFO - [2024-10-20T19:37:31.776-0300] {dag.py:3239} INFO - Sync 1 DAGs
[2024-10-20T19:37:31.790-0300] {logging_mixin.py:190} INFO - [2024-10-20T19:37:31.789-0300] {dag.py:4180} INFO - Setting next_dagrun for example_trigger_controller_dag to 2021-01-01 00:00:00+00:00, run_after=2021-01-01 00:00:00+00:00
[2024-10-20T19:37:31.818-0300] {processor.py:208} INFO - Processing /mnt/c/Users/Pato_/OneDrive/Documentos/ITBA/PYTHON_DATA_APP/itba/lib/python3.10/site-packages/airflow/example_dags/example_trigger_controller_dag.py took 0.103 seconds
[2024-10-20T19:38:36.421-0300] {processor.py:186} INFO - Started process (PID=320576) to work on /mnt/c/Users/Pato_/OneDrive/Documentos/ITBA/PYTHON_DATA_APP/itba/lib/python3.10/site-packages/airflow/example_dags/example_trigger_controller_dag.py
[2024-10-20T19:38:36.422-0300] {processor.py:914} INFO - Processing file /mnt/c/Users/Pato_/OneDrive/Documentos/ITBA/PYTHON_DATA_APP/itba/lib/python3.10/site-packages/airflow/example_dags/example_trigger_controller_dag.py for tasks to queue
[2024-10-20T19:38:36.424-0300] {logging_mixin.py:190} INFO - [2024-10-20T19:38:36.423-0300] {dagbag.py:588} INFO - Filling up the DagBag from /mnt/c/Users/Pato_/OneDrive/Documentos/ITBA/PYTHON_DATA_APP/itba/lib/python3.10/site-packages/airflow/example_dags/example_trigger_controller_dag.py
[2024-10-20T19:38:36.462-0300] {processor.py:925} INFO - DAG(s) 'example_trigger_controller_dag' retrieved from /mnt/c/Users/Pato_/OneDrive/Documentos/ITBA/PYTHON_DATA_APP/itba/lib/python3.10/site-packages/airflow/example_dags/example_trigger_controller_dag.py
[2024-10-20T19:38:36.476-0300] {logging_mixin.py:190} INFO - [2024-10-20T19:38:36.475-0300] {dag.py:3239} INFO - Sync 1 DAGs
[2024-10-20T19:38:36.489-0300] {logging_mixin.py:190} INFO - [2024-10-20T19:38:36.489-0300] {dag.py:4180} INFO - Setting next_dagrun for example_trigger_controller_dag to 2021-01-01 00:00:00+00:00, run_after=2021-01-01 00:00:00+00:00
[2024-10-20T19:38:36.518-0300] {processor.py:208} INFO - Processing /mnt/c/Users/Pato_/OneDrive/Documentos/ITBA/PYTHON_DATA_APP/itba/lib/python3.10/site-packages/airflow/example_dags/example_trigger_controller_dag.py took 0.104 seconds
[2024-10-20T19:39:43.103-0300] {processor.py:186} INFO - Started process (PID=321166) to work on /mnt/c/Users/Pato_/OneDrive/Documentos/ITBA/PYTHON_DATA_APP/itba/lib/python3.10/site-packages/airflow/example_dags/example_trigger_controller_dag.py
[2024-10-20T19:39:43.104-0300] {processor.py:914} INFO - Processing file /mnt/c/Users/Pato_/OneDrive/Documentos/ITBA/PYTHON_DATA_APP/itba/lib/python3.10/site-packages/airflow/example_dags/example_trigger_controller_dag.py for tasks to queue
[2024-10-20T19:39:43.106-0300] {logging_mixin.py:190} INFO - [2024-10-20T19:39:43.105-0300] {dagbag.py:588} INFO - Filling up the DagBag from /mnt/c/Users/Pato_/OneDrive/Documentos/ITBA/PYTHON_DATA_APP/itba/lib/python3.10/site-packages/airflow/example_dags/example_trigger_controller_dag.py
[2024-10-20T19:39:43.145-0300] {processor.py:925} INFO - DAG(s) 'example_trigger_controller_dag' retrieved from /mnt/c/Users/Pato_/OneDrive/Documentos/ITBA/PYTHON_DATA_APP/itba/lib/python3.10/site-packages/airflow/example_dags/example_trigger_controller_dag.py
[2024-10-20T19:39:43.159-0300] {logging_mixin.py:190} INFO - [2024-10-20T19:39:43.159-0300] {dag.py:3239} INFO - Sync 1 DAGs
[2024-10-20T19:39:43.173-0300] {logging_mixin.py:190} INFO - [2024-10-20T19:39:43.172-0300] {dag.py:4180} INFO - Setting next_dagrun for example_trigger_controller_dag to 2021-01-01 00:00:00+00:00, run_after=2021-01-01 00:00:00+00:00
[2024-10-20T19:39:43.202-0300] {processor.py:208} INFO - Processing /mnt/c/Users/Pato_/OneDrive/Documentos/ITBA/PYTHON_DATA_APP/itba/lib/python3.10/site-packages/airflow/example_dags/example_trigger_controller_dag.py took 0.106 seconds
[2024-10-20T19:40:47.384-0300] {processor.py:186} INFO - Started process (PID=321982) to work on /mnt/c/Users/Pato_/OneDrive/Documentos/ITBA/PYTHON_DATA_APP/itba/lib/python3.10/site-packages/airflow/example_dags/example_trigger_controller_dag.py
[2024-10-20T19:40:47.386-0300] {processor.py:914} INFO - Processing file /mnt/c/Users/Pato_/OneDrive/Documentos/ITBA/PYTHON_DATA_APP/itba/lib/python3.10/site-packages/airflow/example_dags/example_trigger_controller_dag.py for tasks to queue
[2024-10-20T19:40:47.388-0300] {logging_mixin.py:190} INFO - [2024-10-20T19:40:47.387-0300] {dagbag.py:588} INFO - Filling up the DagBag from /mnt/c/Users/Pato_/OneDrive/Documentos/ITBA/PYTHON_DATA_APP/itba/lib/python3.10/site-packages/airflow/example_dags/example_trigger_controller_dag.py
[2024-10-20T19:40:47.428-0300] {processor.py:925} INFO - DAG(s) 'example_trigger_controller_dag' retrieved from /mnt/c/Users/Pato_/OneDrive/Documentos/ITBA/PYTHON_DATA_APP/itba/lib/python3.10/site-packages/airflow/example_dags/example_trigger_controller_dag.py
[2024-10-20T19:40:47.444-0300] {logging_mixin.py:190} INFO - [2024-10-20T19:40:47.443-0300] {dag.py:3239} INFO - Sync 1 DAGs
[2024-10-20T19:40:47.458-0300] {logging_mixin.py:190} INFO - [2024-10-20T19:40:47.458-0300] {dag.py:4180} INFO - Setting next_dagrun for example_trigger_controller_dag to 2021-01-01 00:00:00+00:00, run_after=2021-01-01 00:00:00+00:00
[2024-10-20T19:40:47.489-0300] {processor.py:208} INFO - Processing /mnt/c/Users/Pato_/OneDrive/Documentos/ITBA/PYTHON_DATA_APP/itba/lib/python3.10/site-packages/airflow/example_dags/example_trigger_controller_dag.py took 0.113 seconds
[2024-10-20T19:41:56.452-0300] {processor.py:186} INFO - Started process (PID=322521) to work on /mnt/c/Users/Pato_/OneDrive/Documentos/ITBA/PYTHON_DATA_APP/itba/lib/python3.10/site-packages/airflow/example_dags/example_trigger_controller_dag.py
[2024-10-20T19:41:56.453-0300] {processor.py:914} INFO - Processing file /mnt/c/Users/Pato_/OneDrive/Documentos/ITBA/PYTHON_DATA_APP/itba/lib/python3.10/site-packages/airflow/example_dags/example_trigger_controller_dag.py for tasks to queue
[2024-10-20T19:41:56.455-0300] {logging_mixin.py:190} INFO - [2024-10-20T19:41:56.454-0300] {dagbag.py:588} INFO - Filling up the DagBag from /mnt/c/Users/Pato_/OneDrive/Documentos/ITBA/PYTHON_DATA_APP/itba/lib/python3.10/site-packages/airflow/example_dags/example_trigger_controller_dag.py
[2024-10-20T19:41:56.494-0300] {processor.py:925} INFO - DAG(s) 'example_trigger_controller_dag' retrieved from /mnt/c/Users/Pato_/OneDrive/Documentos/ITBA/PYTHON_DATA_APP/itba/lib/python3.10/site-packages/airflow/example_dags/example_trigger_controller_dag.py
[2024-10-20T19:41:56.508-0300] {logging_mixin.py:190} INFO - [2024-10-20T19:41:56.507-0300] {dag.py:3239} INFO - Sync 1 DAGs
[2024-10-20T19:41:56.521-0300] {logging_mixin.py:190} INFO - [2024-10-20T19:41:56.520-0300] {dag.py:4180} INFO - Setting next_dagrun for example_trigger_controller_dag to 2021-01-01 00:00:00+00:00, run_after=2021-01-01 00:00:00+00:00
[2024-10-20T19:41:56.551-0300] {processor.py:208} INFO - Processing /mnt/c/Users/Pato_/OneDrive/Documentos/ITBA/PYTHON_DATA_APP/itba/lib/python3.10/site-packages/airflow/example_dags/example_trigger_controller_dag.py took 0.105 seconds
