[2024-10-20T19:01:58.589-0300] {processor.py:186} INFO - Started process (PID=299577) to work on /mnt/c/Users/Pato_/OneDrive/Documentos/ITBA/PYTHON_DATA_APP/itba/lib/python3.10/site-packages/airflow/example_dags/example_complex.py
[2024-10-20T19:01:58.590-0300] {processor.py:914} INFO - Processing file /mnt/c/Users/Pato_/OneDrive/Documentos/ITBA/PYTHON_DATA_APP/itba/lib/python3.10/site-packages/airflow/example_dags/example_complex.py for tasks to queue
[2024-10-20T19:01:58.592-0300] {logging_mixin.py:190} INFO - [2024-10-20T19:01:58.591-0300] {dagbag.py:588} INFO - Filling up the DagBag from /mnt/c/Users/Pato_/OneDrive/Documentos/ITBA/PYTHON_DATA_APP/itba/lib/python3.10/site-packages/airflow/example_dags/example_complex.py
[2024-10-20T19:01:58.640-0300] {processor.py:925} INFO - DAG(s) 'example_complex' retrieved from /mnt/c/Users/Pato_/OneDrive/Documentos/ITBA/PYTHON_DATA_APP/itba/lib/python3.10/site-packages/airflow/example_dags/example_complex.py
[2024-10-20T19:01:59.550-0300] {logging_mixin.py:190} INFO - [2024-10-20T19:01:59.549-0300] {override.py:1907} INFO - Created Permission View: can read on DAG:example_complex
[2024-10-20T19:01:59.668-0300] {logging_mixin.py:190} INFO - [2024-10-20T19:01:59.667-0300] {override.py:1907} INFO - Created Permission View: can delete on DAG:example_complex
[2024-10-20T19:01:59.789-0300] {logging_mixin.py:190} INFO - [2024-10-20T19:01:59.789-0300] {override.py:1907} INFO - Created Permission View: can edit on DAG:example_complex
[2024-10-20T19:02:00.043-0300] {logging_mixin.py:190} INFO - [2024-10-20T19:02:00.042-0300] {override.py:1907} INFO - Created Permission View: can read on DAG Run:example_complex
[2024-10-20T19:02:00.181-0300] {logging_mixin.py:190} INFO - [2024-10-20T19:02:00.180-0300] {override.py:1907} INFO - Created Permission View: can delete on DAG Run:example_complex
[2024-10-20T19:02:00.384-0300] {logging_mixin.py:190} INFO - [2024-10-20T19:02:00.383-0300] {override.py:1907} INFO - Created Permission View: can create on DAG Run:example_complex
[2024-10-20T19:02:00.557-0300] {logging_mixin.py:190} INFO - [2024-10-20T19:02:00.556-0300] {override.py:1907} INFO - Created Permission View: menu access on DAG Run:example_complex
[2024-10-20T19:02:00.558-0300] {logging_mixin.py:190} INFO - [2024-10-20T19:02:00.557-0300] {dag.py:3239} INFO - Sync 1 DAGs
[2024-10-20T19:02:00.570-0300] {logging_mixin.py:190} INFO - [2024-10-20T19:02:00.569-0300] {dag.py:3262} INFO - Creating ORM DAG for example_complex
[2024-10-20T19:02:00.571-0300] {logging_mixin.py:190} INFO - [2024-10-20T19:02:00.570-0300] {dag.py:4180} INFO - Setting next_dagrun for example_complex to None, run_after=None
[2024-10-20T19:02:00.695-0300] {processor.py:208} INFO - Processing /mnt/c/Users/Pato_/OneDrive/Documentos/ITBA/PYTHON_DATA_APP/itba/lib/python3.10/site-packages/airflow/example_dags/example_complex.py took 2.113 seconds
[2024-10-20T19:03:39.958-0300] {processor.py:186} INFO - Started process (PID=300364) to work on /mnt/c/Users/Pato_/OneDrive/Documentos/ITBA/PYTHON_DATA_APP/itba/lib/python3.10/site-packages/airflow/example_dags/example_complex.py
[2024-10-20T19:03:39.959-0300] {processor.py:914} INFO - Processing file /mnt/c/Users/Pato_/OneDrive/Documentos/ITBA/PYTHON_DATA_APP/itba/lib/python3.10/site-packages/airflow/example_dags/example_complex.py for tasks to queue
[2024-10-20T19:03:39.961-0300] {logging_mixin.py:190} INFO - [2024-10-20T19:03:39.961-0300] {dagbag.py:588} INFO - Filling up the DagBag from /mnt/c/Users/Pato_/OneDrive/Documentos/ITBA/PYTHON_DATA_APP/itba/lib/python3.10/site-packages/airflow/example_dags/example_complex.py
[2024-10-20T19:03:40.003-0300] {processor.py:925} INFO - DAG(s) 'example_complex' retrieved from /mnt/c/Users/Pato_/OneDrive/Documentos/ITBA/PYTHON_DATA_APP/itba/lib/python3.10/site-packages/airflow/example_dags/example_complex.py
[2024-10-20T19:03:40.024-0300] {logging_mixin.py:190} INFO - [2024-10-20T19:03:40.023-0300] {dag.py:3239} INFO - Sync 1 DAGs
[2024-10-20T19:03:40.033-0300] {logging_mixin.py:190} INFO - [2024-10-20T19:03:40.032-0300] {dag.py:4180} INFO - Setting next_dagrun for example_complex to None, run_after=None
[2024-10-20T19:03:40.062-0300] {processor.py:208} INFO - Processing /mnt/c/Users/Pato_/OneDrive/Documentos/ITBA/PYTHON_DATA_APP/itba/lib/python3.10/site-packages/airflow/example_dags/example_complex.py took 0.110 seconds
[2024-10-20T19:04:51.162-0300] {processor.py:186} INFO - Started process (PID=301157) to work on /mnt/c/Users/Pato_/OneDrive/Documentos/ITBA/PYTHON_DATA_APP/itba/lib/python3.10/site-packages/airflow/example_dags/example_complex.py
[2024-10-20T19:04:51.163-0300] {processor.py:914} INFO - Processing file /mnt/c/Users/Pato_/OneDrive/Documentos/ITBA/PYTHON_DATA_APP/itba/lib/python3.10/site-packages/airflow/example_dags/example_complex.py for tasks to queue
[2024-10-20T19:04:51.165-0300] {logging_mixin.py:190} INFO - [2024-10-20T19:04:51.165-0300] {dagbag.py:588} INFO - Filling up the DagBag from /mnt/c/Users/Pato_/OneDrive/Documentos/ITBA/PYTHON_DATA_APP/itba/lib/python3.10/site-packages/airflow/example_dags/example_complex.py
[2024-10-20T19:04:51.207-0300] {processor.py:925} INFO - DAG(s) 'example_complex' retrieved from /mnt/c/Users/Pato_/OneDrive/Documentos/ITBA/PYTHON_DATA_APP/itba/lib/python3.10/site-packages/airflow/example_dags/example_complex.py
[2024-10-20T19:04:51.228-0300] {logging_mixin.py:190} INFO - [2024-10-20T19:04:51.228-0300] {dag.py:3239} INFO - Sync 1 DAGs
[2024-10-20T19:04:51.237-0300] {logging_mixin.py:190} INFO - [2024-10-20T19:04:51.237-0300] {dag.py:4180} INFO - Setting next_dagrun for example_complex to None, run_after=None
[2024-10-20T19:04:51.266-0300] {processor.py:208} INFO - Processing /mnt/c/Users/Pato_/OneDrive/Documentos/ITBA/PYTHON_DATA_APP/itba/lib/python3.10/site-packages/airflow/example_dags/example_complex.py took 0.111 seconds
[2024-10-20T19:07:27.178-0300] {processor.py:186} INFO - Started process (PID=303287) to work on /mnt/c/Users/Pato_/OneDrive/Documentos/ITBA/PYTHON_DATA_APP/itba/lib/python3.10/site-packages/airflow/example_dags/example_complex.py
[2024-10-20T19:07:27.179-0300] {processor.py:914} INFO - Processing file /mnt/c/Users/Pato_/OneDrive/Documentos/ITBA/PYTHON_DATA_APP/itba/lib/python3.10/site-packages/airflow/example_dags/example_complex.py for tasks to queue
[2024-10-20T19:07:27.181-0300] {logging_mixin.py:190} INFO - [2024-10-20T19:07:27.180-0300] {dagbag.py:588} INFO - Filling up the DagBag from /mnt/c/Users/Pato_/OneDrive/Documentos/ITBA/PYTHON_DATA_APP/itba/lib/python3.10/site-packages/airflow/example_dags/example_complex.py
[2024-10-20T19:07:27.225-0300] {processor.py:925} INFO - DAG(s) 'example_complex' retrieved from /mnt/c/Users/Pato_/OneDrive/Documentos/ITBA/PYTHON_DATA_APP/itba/lib/python3.10/site-packages/airflow/example_dags/example_complex.py
[2024-10-20T19:07:27.246-0300] {logging_mixin.py:190} INFO - [2024-10-20T19:07:27.245-0300] {dag.py:3239} INFO - Sync 1 DAGs
[2024-10-20T19:07:27.254-0300] {logging_mixin.py:190} INFO - [2024-10-20T19:07:27.254-0300] {dag.py:4180} INFO - Setting next_dagrun for example_complex to None, run_after=None
[2024-10-20T19:07:27.283-0300] {processor.py:208} INFO - Processing /mnt/c/Users/Pato_/OneDrive/Documentos/ITBA/PYTHON_DATA_APP/itba/lib/python3.10/site-packages/airflow/example_dags/example_complex.py took 0.112 seconds
[2024-10-20T19:08:54.642-0300] {processor.py:186} INFO - Started process (PID=303997) to work on /mnt/c/Users/Pato_/OneDrive/Documentos/ITBA/PYTHON_DATA_APP/itba/lib/python3.10/site-packages/airflow/example_dags/example_complex.py
[2024-10-20T19:08:54.643-0300] {processor.py:914} INFO - Processing file /mnt/c/Users/Pato_/OneDrive/Documentos/ITBA/PYTHON_DATA_APP/itba/lib/python3.10/site-packages/airflow/example_dags/example_complex.py for tasks to queue
[2024-10-20T19:08:54.645-0300] {logging_mixin.py:190} INFO - [2024-10-20T19:08:54.644-0300] {dagbag.py:588} INFO - Filling up the DagBag from /mnt/c/Users/Pato_/OneDrive/Documentos/ITBA/PYTHON_DATA_APP/itba/lib/python3.10/site-packages/airflow/example_dags/example_complex.py
[2024-10-20T19:08:54.686-0300] {processor.py:925} INFO - DAG(s) 'example_complex' retrieved from /mnt/c/Users/Pato_/OneDrive/Documentos/ITBA/PYTHON_DATA_APP/itba/lib/python3.10/site-packages/airflow/example_dags/example_complex.py
[2024-10-20T19:08:54.707-0300] {logging_mixin.py:190} INFO - [2024-10-20T19:08:54.707-0300] {dag.py:3239} INFO - Sync 1 DAGs
[2024-10-20T19:08:54.716-0300] {logging_mixin.py:190} INFO - [2024-10-20T19:08:54.715-0300] {dag.py:4180} INFO - Setting next_dagrun for example_complex to None, run_after=None
[2024-10-20T19:08:54.745-0300] {processor.py:208} INFO - Processing /mnt/c/Users/Pato_/OneDrive/Documentos/ITBA/PYTHON_DATA_APP/itba/lib/python3.10/site-packages/airflow/example_dags/example_complex.py took 0.109 seconds
[2024-10-20T19:09:57.602-0300] {processor.py:186} INFO - Started process (PID=304580) to work on /mnt/c/Users/Pato_/OneDrive/Documentos/ITBA/PYTHON_DATA_APP/itba/lib/python3.10/site-packages/airflow/example_dags/example_complex.py
[2024-10-20T19:09:57.603-0300] {processor.py:914} INFO - Processing file /mnt/c/Users/Pato_/OneDrive/Documentos/ITBA/PYTHON_DATA_APP/itba/lib/python3.10/site-packages/airflow/example_dags/example_complex.py for tasks to queue
[2024-10-20T19:09:57.605-0300] {logging_mixin.py:190} INFO - [2024-10-20T19:09:57.605-0300] {dagbag.py:588} INFO - Filling up the DagBag from /mnt/c/Users/Pato_/OneDrive/Documentos/ITBA/PYTHON_DATA_APP/itba/lib/python3.10/site-packages/airflow/example_dags/example_complex.py
[2024-10-20T19:09:57.647-0300] {processor.py:925} INFO - DAG(s) 'example_complex' retrieved from /mnt/c/Users/Pato_/OneDrive/Documentos/ITBA/PYTHON_DATA_APP/itba/lib/python3.10/site-packages/airflow/example_dags/example_complex.py
[2024-10-20T19:09:57.669-0300] {logging_mixin.py:190} INFO - [2024-10-20T19:09:57.668-0300] {dag.py:3239} INFO - Sync 1 DAGs
[2024-10-20T19:09:57.677-0300] {logging_mixin.py:190} INFO - [2024-10-20T19:09:57.677-0300] {dag.py:4180} INFO - Setting next_dagrun for example_complex to None, run_after=None
[2024-10-20T19:09:57.706-0300] {processor.py:208} INFO - Processing /mnt/c/Users/Pato_/OneDrive/Documentos/ITBA/PYTHON_DATA_APP/itba/lib/python3.10/site-packages/airflow/example_dags/example_complex.py took 0.111 seconds
[2024-10-20T19:11:05.807-0300] {processor.py:186} INFO - Started process (PID=305116) to work on /mnt/c/Users/Pato_/OneDrive/Documentos/ITBA/PYTHON_DATA_APP/itba/lib/python3.10/site-packages/airflow/example_dags/example_complex.py
[2024-10-20T19:11:05.808-0300] {processor.py:914} INFO - Processing file /mnt/c/Users/Pato_/OneDrive/Documentos/ITBA/PYTHON_DATA_APP/itba/lib/python3.10/site-packages/airflow/example_dags/example_complex.py for tasks to queue
[2024-10-20T19:11:05.810-0300] {logging_mixin.py:190} INFO - [2024-10-20T19:11:05.810-0300] {dagbag.py:588} INFO - Filling up the DagBag from /mnt/c/Users/Pato_/OneDrive/Documentos/ITBA/PYTHON_DATA_APP/itba/lib/python3.10/site-packages/airflow/example_dags/example_complex.py
[2024-10-20T19:11:05.852-0300] {processor.py:925} INFO - DAG(s) 'example_complex' retrieved from /mnt/c/Users/Pato_/OneDrive/Documentos/ITBA/PYTHON_DATA_APP/itba/lib/python3.10/site-packages/airflow/example_dags/example_complex.py
[2024-10-20T19:11:05.873-0300] {logging_mixin.py:190} INFO - [2024-10-20T19:11:05.873-0300] {dag.py:3239} INFO - Sync 1 DAGs
[2024-10-20T19:11:05.882-0300] {logging_mixin.py:190} INFO - [2024-10-20T19:11:05.882-0300] {dag.py:4180} INFO - Setting next_dagrun for example_complex to None, run_after=None
[2024-10-20T19:11:05.912-0300] {processor.py:208} INFO - Processing /mnt/c/Users/Pato_/OneDrive/Documentos/ITBA/PYTHON_DATA_APP/itba/lib/python3.10/site-packages/airflow/example_dags/example_complex.py took 0.111 seconds
[2024-10-20T19:12:14.381-0300] {processor.py:186} INFO - Started process (PID=305647) to work on /mnt/c/Users/Pato_/OneDrive/Documentos/ITBA/PYTHON_DATA_APP/itba/lib/python3.10/site-packages/airflow/example_dags/example_complex.py
[2024-10-20T19:12:14.382-0300] {processor.py:914} INFO - Processing file /mnt/c/Users/Pato_/OneDrive/Documentos/ITBA/PYTHON_DATA_APP/itba/lib/python3.10/site-packages/airflow/example_dags/example_complex.py for tasks to queue
[2024-10-20T19:12:14.384-0300] {logging_mixin.py:190} INFO - [2024-10-20T19:12:14.384-0300] {dagbag.py:588} INFO - Filling up the DagBag from /mnt/c/Users/Pato_/OneDrive/Documentos/ITBA/PYTHON_DATA_APP/itba/lib/python3.10/site-packages/airflow/example_dags/example_complex.py
[2024-10-20T19:12:14.425-0300] {processor.py:925} INFO - DAG(s) 'example_complex' retrieved from /mnt/c/Users/Pato_/OneDrive/Documentos/ITBA/PYTHON_DATA_APP/itba/lib/python3.10/site-packages/airflow/example_dags/example_complex.py
[2024-10-20T19:12:14.447-0300] {logging_mixin.py:190} INFO - [2024-10-20T19:12:14.447-0300] {dag.py:3239} INFO - Sync 1 DAGs
[2024-10-20T19:12:14.456-0300] {logging_mixin.py:190} INFO - [2024-10-20T19:12:14.455-0300] {dag.py:4180} INFO - Setting next_dagrun for example_complex to None, run_after=None
[2024-10-20T19:12:14.485-0300] {processor.py:208} INFO - Processing /mnt/c/Users/Pato_/OneDrive/Documentos/ITBA/PYTHON_DATA_APP/itba/lib/python3.10/site-packages/airflow/example_dags/example_complex.py took 0.111 seconds
[2024-10-20T19:13:19.373-0300] {processor.py:186} INFO - Started process (PID=306156) to work on /mnt/c/Users/Pato_/OneDrive/Documentos/ITBA/PYTHON_DATA_APP/itba/lib/python3.10/site-packages/airflow/example_dags/example_complex.py
[2024-10-20T19:13:19.374-0300] {processor.py:914} INFO - Processing file /mnt/c/Users/Pato_/OneDrive/Documentos/ITBA/PYTHON_DATA_APP/itba/lib/python3.10/site-packages/airflow/example_dags/example_complex.py for tasks to queue
[2024-10-20T19:13:19.376-0300] {logging_mixin.py:190} INFO - [2024-10-20T19:13:19.375-0300] {dagbag.py:588} INFO - Filling up the DagBag from /mnt/c/Users/Pato_/OneDrive/Documentos/ITBA/PYTHON_DATA_APP/itba/lib/python3.10/site-packages/airflow/example_dags/example_complex.py
[2024-10-20T19:13:19.418-0300] {processor.py:925} INFO - DAG(s) 'example_complex' retrieved from /mnt/c/Users/Pato_/OneDrive/Documentos/ITBA/PYTHON_DATA_APP/itba/lib/python3.10/site-packages/airflow/example_dags/example_complex.py
[2024-10-20T19:13:19.438-0300] {logging_mixin.py:190} INFO - [2024-10-20T19:13:19.438-0300] {dag.py:3239} INFO - Sync 1 DAGs
[2024-10-20T19:13:19.447-0300] {logging_mixin.py:190} INFO - [2024-10-20T19:13:19.447-0300] {dag.py:4180} INFO - Setting next_dagrun for example_complex to None, run_after=None
[2024-10-20T19:13:19.476-0300] {processor.py:208} INFO - Processing /mnt/c/Users/Pato_/OneDrive/Documentos/ITBA/PYTHON_DATA_APP/itba/lib/python3.10/site-packages/airflow/example_dags/example_complex.py took 0.110 seconds
[2024-10-20T19:14:26.164-0300] {processor.py:186} INFO - Started process (PID=306677) to work on /mnt/c/Users/Pato_/OneDrive/Documentos/ITBA/PYTHON_DATA_APP/itba/lib/python3.10/site-packages/airflow/example_dags/example_complex.py
[2024-10-20T19:14:26.165-0300] {processor.py:914} INFO - Processing file /mnt/c/Users/Pato_/OneDrive/Documentos/ITBA/PYTHON_DATA_APP/itba/lib/python3.10/site-packages/airflow/example_dags/example_complex.py for tasks to queue
[2024-10-20T19:14:26.167-0300] {logging_mixin.py:190} INFO - [2024-10-20T19:14:26.167-0300] {dagbag.py:588} INFO - Filling up the DagBag from /mnt/c/Users/Pato_/OneDrive/Documentos/ITBA/PYTHON_DATA_APP/itba/lib/python3.10/site-packages/airflow/example_dags/example_complex.py
[2024-10-20T19:14:26.210-0300] {processor.py:925} INFO - DAG(s) 'example_complex' retrieved from /mnt/c/Users/Pato_/OneDrive/Documentos/ITBA/PYTHON_DATA_APP/itba/lib/python3.10/site-packages/airflow/example_dags/example_complex.py
[2024-10-20T19:14:26.231-0300] {logging_mixin.py:190} INFO - [2024-10-20T19:14:26.231-0300] {dag.py:3239} INFO - Sync 1 DAGs
[2024-10-20T19:14:26.240-0300] {logging_mixin.py:190} INFO - [2024-10-20T19:14:26.239-0300] {dag.py:4180} INFO - Setting next_dagrun for example_complex to None, run_after=None
[2024-10-20T19:14:26.269-0300] {processor.py:208} INFO - Processing /mnt/c/Users/Pato_/OneDrive/Documentos/ITBA/PYTHON_DATA_APP/itba/lib/python3.10/site-packages/airflow/example_dags/example_complex.py took 0.111 seconds
[2024-10-20T19:15:35.487-0300] {processor.py:186} INFO - Started process (PID=307245) to work on /mnt/c/Users/Pato_/OneDrive/Documentos/ITBA/PYTHON_DATA_APP/itba/lib/python3.10/site-packages/airflow/example_dags/example_complex.py
[2024-10-20T19:15:35.488-0300] {processor.py:914} INFO - Processing file /mnt/c/Users/Pato_/OneDrive/Documentos/ITBA/PYTHON_DATA_APP/itba/lib/python3.10/site-packages/airflow/example_dags/example_complex.py for tasks to queue
[2024-10-20T19:15:35.490-0300] {logging_mixin.py:190} INFO - [2024-10-20T19:15:35.490-0300] {dagbag.py:588} INFO - Filling up the DagBag from /mnt/c/Users/Pato_/OneDrive/Documentos/ITBA/PYTHON_DATA_APP/itba/lib/python3.10/site-packages/airflow/example_dags/example_complex.py
[2024-10-20T19:15:35.532-0300] {processor.py:925} INFO - DAG(s) 'example_complex' retrieved from /mnt/c/Users/Pato_/OneDrive/Documentos/ITBA/PYTHON_DATA_APP/itba/lib/python3.10/site-packages/airflow/example_dags/example_complex.py
[2024-10-20T19:15:35.553-0300] {logging_mixin.py:190} INFO - [2024-10-20T19:15:35.552-0300] {dag.py:3239} INFO - Sync 1 DAGs
[2024-10-20T19:15:35.561-0300] {logging_mixin.py:190} INFO - [2024-10-20T19:15:35.561-0300] {dag.py:4180} INFO - Setting next_dagrun for example_complex to None, run_after=None
[2024-10-20T19:15:35.589-0300] {processor.py:208} INFO - Processing /mnt/c/Users/Pato_/OneDrive/Documentos/ITBA/PYTHON_DATA_APP/itba/lib/python3.10/site-packages/airflow/example_dags/example_complex.py took 0.109 seconds
[2024-10-20T19:16:43.271-0300] {processor.py:186} INFO - Started process (PID=307778) to work on /mnt/c/Users/Pato_/OneDrive/Documentos/ITBA/PYTHON_DATA_APP/itba/lib/python3.10/site-packages/airflow/example_dags/example_complex.py
[2024-10-20T19:16:43.272-0300] {processor.py:914} INFO - Processing file /mnt/c/Users/Pato_/OneDrive/Documentos/ITBA/PYTHON_DATA_APP/itba/lib/python3.10/site-packages/airflow/example_dags/example_complex.py for tasks to queue
[2024-10-20T19:16:43.274-0300] {logging_mixin.py:190} INFO - [2024-10-20T19:16:43.274-0300] {dagbag.py:588} INFO - Filling up the DagBag from /mnt/c/Users/Pato_/OneDrive/Documentos/ITBA/PYTHON_DATA_APP/itba/lib/python3.10/site-packages/airflow/example_dags/example_complex.py
[2024-10-20T19:16:43.316-0300] {processor.py:925} INFO - DAG(s) 'example_complex' retrieved from /mnt/c/Users/Pato_/OneDrive/Documentos/ITBA/PYTHON_DATA_APP/itba/lib/python3.10/site-packages/airflow/example_dags/example_complex.py
[2024-10-20T19:16:43.337-0300] {logging_mixin.py:190} INFO - [2024-10-20T19:16:43.336-0300] {dag.py:3239} INFO - Sync 1 DAGs
[2024-10-20T19:16:43.345-0300] {logging_mixin.py:190} INFO - [2024-10-20T19:16:43.345-0300] {dag.py:4180} INFO - Setting next_dagrun for example_complex to None, run_after=None
[2024-10-20T19:16:43.374-0300] {processor.py:208} INFO - Processing /mnt/c/Users/Pato_/OneDrive/Documentos/ITBA/PYTHON_DATA_APP/itba/lib/python3.10/site-packages/airflow/example_dags/example_complex.py took 0.109 seconds
[2024-10-20T19:18:00.215-0300] {processor.py:186} INFO - Started process (PID=308377) to work on /mnt/c/Users/Pato_/OneDrive/Documentos/ITBA/PYTHON_DATA_APP/itba/lib/python3.10/site-packages/airflow/example_dags/example_complex.py
[2024-10-20T19:18:00.216-0300] {processor.py:914} INFO - Processing file /mnt/c/Users/Pato_/OneDrive/Documentos/ITBA/PYTHON_DATA_APP/itba/lib/python3.10/site-packages/airflow/example_dags/example_complex.py for tasks to queue
[2024-10-20T19:18:00.218-0300] {logging_mixin.py:190} INFO - [2024-10-20T19:18:00.217-0300] {dagbag.py:588} INFO - Filling up the DagBag from /mnt/c/Users/Pato_/OneDrive/Documentos/ITBA/PYTHON_DATA_APP/itba/lib/python3.10/site-packages/airflow/example_dags/example_complex.py
[2024-10-20T19:18:00.260-0300] {processor.py:925} INFO - DAG(s) 'example_complex' retrieved from /mnt/c/Users/Pato_/OneDrive/Documentos/ITBA/PYTHON_DATA_APP/itba/lib/python3.10/site-packages/airflow/example_dags/example_complex.py
[2024-10-20T19:18:00.281-0300] {logging_mixin.py:190} INFO - [2024-10-20T19:18:00.281-0300] {dag.py:3239} INFO - Sync 1 DAGs
[2024-10-20T19:18:00.290-0300] {logging_mixin.py:190} INFO - [2024-10-20T19:18:00.289-0300] {dag.py:4180} INFO - Setting next_dagrun for example_complex to None, run_after=None
[2024-10-20T19:18:00.317-0300] {processor.py:208} INFO - Processing /mnt/c/Users/Pato_/OneDrive/Documentos/ITBA/PYTHON_DATA_APP/itba/lib/python3.10/site-packages/airflow/example_dags/example_complex.py took 0.109 seconds
[2024-10-20T19:19:10.451-0300] {processor.py:186} INFO - Started process (PID=308920) to work on /mnt/c/Users/Pato_/OneDrive/Documentos/ITBA/PYTHON_DATA_APP/itba/lib/python3.10/site-packages/airflow/example_dags/example_complex.py
[2024-10-20T19:19:10.452-0300] {processor.py:914} INFO - Processing file /mnt/c/Users/Pato_/OneDrive/Documentos/ITBA/PYTHON_DATA_APP/itba/lib/python3.10/site-packages/airflow/example_dags/example_complex.py for tasks to queue
[2024-10-20T19:19:10.454-0300] {logging_mixin.py:190} INFO - [2024-10-20T19:19:10.453-0300] {dagbag.py:588} INFO - Filling up the DagBag from /mnt/c/Users/Pato_/OneDrive/Documentos/ITBA/PYTHON_DATA_APP/itba/lib/python3.10/site-packages/airflow/example_dags/example_complex.py
[2024-10-20T19:19:10.495-0300] {processor.py:925} INFO - DAG(s) 'example_complex' retrieved from /mnt/c/Users/Pato_/OneDrive/Documentos/ITBA/PYTHON_DATA_APP/itba/lib/python3.10/site-packages/airflow/example_dags/example_complex.py
[2024-10-20T19:19:10.516-0300] {logging_mixin.py:190} INFO - [2024-10-20T19:19:10.515-0300] {dag.py:3239} INFO - Sync 1 DAGs
[2024-10-20T19:19:10.524-0300] {logging_mixin.py:190} INFO - [2024-10-20T19:19:10.524-0300] {dag.py:4180} INFO - Setting next_dagrun for example_complex to None, run_after=None
[2024-10-20T19:19:10.555-0300] {processor.py:208} INFO - Processing /mnt/c/Users/Pato_/OneDrive/Documentos/ITBA/PYTHON_DATA_APP/itba/lib/python3.10/site-packages/airflow/example_dags/example_complex.py took 0.110 seconds
[2024-10-20T19:20:20.798-0300] {processor.py:186} INFO - Started process (PID=309500) to work on /mnt/c/Users/Pato_/OneDrive/Documentos/ITBA/PYTHON_DATA_APP/itba/lib/python3.10/site-packages/airflow/example_dags/example_complex.py
[2024-10-20T19:20:20.799-0300] {processor.py:914} INFO - Processing file /mnt/c/Users/Pato_/OneDrive/Documentos/ITBA/PYTHON_DATA_APP/itba/lib/python3.10/site-packages/airflow/example_dags/example_complex.py for tasks to queue
[2024-10-20T19:20:20.801-0300] {logging_mixin.py:190} INFO - [2024-10-20T19:20:20.800-0300] {dagbag.py:588} INFO - Filling up the DagBag from /mnt/c/Users/Pato_/OneDrive/Documentos/ITBA/PYTHON_DATA_APP/itba/lib/python3.10/site-packages/airflow/example_dags/example_complex.py
[2024-10-20T19:20:20.843-0300] {processor.py:925} INFO - DAG(s) 'example_complex' retrieved from /mnt/c/Users/Pato_/OneDrive/Documentos/ITBA/PYTHON_DATA_APP/itba/lib/python3.10/site-packages/airflow/example_dags/example_complex.py
[2024-10-20T19:20:20.864-0300] {logging_mixin.py:190} INFO - [2024-10-20T19:20:20.864-0300] {dag.py:3239} INFO - Sync 1 DAGs
[2024-10-20T19:20:20.873-0300] {logging_mixin.py:190} INFO - [2024-10-20T19:20:20.872-0300] {dag.py:4180} INFO - Setting next_dagrun for example_complex to None, run_after=None
[2024-10-20T19:20:20.901-0300] {processor.py:208} INFO - Processing /mnt/c/Users/Pato_/OneDrive/Documentos/ITBA/PYTHON_DATA_APP/itba/lib/python3.10/site-packages/airflow/example_dags/example_complex.py took 0.110 seconds
[2024-10-20T19:21:30.711-0300] {processor.py:186} INFO - Started process (PID=310109) to work on /mnt/c/Users/Pato_/OneDrive/Documentos/ITBA/PYTHON_DATA_APP/itba/lib/python3.10/site-packages/airflow/example_dags/example_complex.py
[2024-10-20T19:21:30.712-0300] {processor.py:914} INFO - Processing file /mnt/c/Users/Pato_/OneDrive/Documentos/ITBA/PYTHON_DATA_APP/itba/lib/python3.10/site-packages/airflow/example_dags/example_complex.py for tasks to queue
[2024-10-20T19:21:30.714-0300] {logging_mixin.py:190} INFO - [2024-10-20T19:21:30.714-0300] {dagbag.py:588} INFO - Filling up the DagBag from /mnt/c/Users/Pato_/OneDrive/Documentos/ITBA/PYTHON_DATA_APP/itba/lib/python3.10/site-packages/airflow/example_dags/example_complex.py
[2024-10-20T19:21:30.755-0300] {processor.py:925} INFO - DAG(s) 'example_complex' retrieved from /mnt/c/Users/Pato_/OneDrive/Documentos/ITBA/PYTHON_DATA_APP/itba/lib/python3.10/site-packages/airflow/example_dags/example_complex.py
[2024-10-20T19:21:30.777-0300] {logging_mixin.py:190} INFO - [2024-10-20T19:21:30.776-0300] {dag.py:3239} INFO - Sync 1 DAGs
[2024-10-20T19:21:30.785-0300] {logging_mixin.py:190} INFO - [2024-10-20T19:21:30.785-0300] {dag.py:4180} INFO - Setting next_dagrun for example_complex to None, run_after=None
[2024-10-20T19:21:30.816-0300] {processor.py:208} INFO - Processing /mnt/c/Users/Pato_/OneDrive/Documentos/ITBA/PYTHON_DATA_APP/itba/lib/python3.10/site-packages/airflow/example_dags/example_complex.py took 0.111 seconds
[2024-10-20T19:22:37.173-0300] {processor.py:186} INFO - Started process (PID=310720) to work on /mnt/c/Users/Pato_/OneDrive/Documentos/ITBA/PYTHON_DATA_APP/itba/lib/python3.10/site-packages/airflow/example_dags/example_complex.py
[2024-10-20T19:22:37.174-0300] {processor.py:914} INFO - Processing file /mnt/c/Users/Pato_/OneDrive/Documentos/ITBA/PYTHON_DATA_APP/itba/lib/python3.10/site-packages/airflow/example_dags/example_complex.py for tasks to queue
[2024-10-20T19:22:37.176-0300] {logging_mixin.py:190} INFO - [2024-10-20T19:22:37.175-0300] {dagbag.py:588} INFO - Filling up the DagBag from /mnt/c/Users/Pato_/OneDrive/Documentos/ITBA/PYTHON_DATA_APP/itba/lib/python3.10/site-packages/airflow/example_dags/example_complex.py
[2024-10-20T19:22:37.218-0300] {processor.py:925} INFO - DAG(s) 'example_complex' retrieved from /mnt/c/Users/Pato_/OneDrive/Documentos/ITBA/PYTHON_DATA_APP/itba/lib/python3.10/site-packages/airflow/example_dags/example_complex.py
[2024-10-20T19:22:37.238-0300] {logging_mixin.py:190} INFO - [2024-10-20T19:22:37.238-0300] {dag.py:3239} INFO - Sync 1 DAGs
[2024-10-20T19:22:37.247-0300] {logging_mixin.py:190} INFO - [2024-10-20T19:22:37.246-0300] {dag.py:4180} INFO - Setting next_dagrun for example_complex to None, run_after=None
[2024-10-20T19:22:37.278-0300] {processor.py:208} INFO - Processing /mnt/c/Users/Pato_/OneDrive/Documentos/ITBA/PYTHON_DATA_APP/itba/lib/python3.10/site-packages/airflow/example_dags/example_complex.py took 0.111 seconds
[2024-10-20T19:24:06.933-0300] {processor.py:186} INFO - Started process (PID=311866) to work on /mnt/c/Users/Pato_/OneDrive/Documentos/ITBA/PYTHON_DATA_APP/itba/lib/python3.10/site-packages/airflow/example_dags/example_complex.py
[2024-10-20T19:24:06.934-0300] {processor.py:914} INFO - Processing file /mnt/c/Users/Pato_/OneDrive/Documentos/ITBA/PYTHON_DATA_APP/itba/lib/python3.10/site-packages/airflow/example_dags/example_complex.py for tasks to queue
[2024-10-20T19:24:06.936-0300] {logging_mixin.py:190} INFO - [2024-10-20T19:24:06.936-0300] {dagbag.py:588} INFO - Filling up the DagBag from /mnt/c/Users/Pato_/OneDrive/Documentos/ITBA/PYTHON_DATA_APP/itba/lib/python3.10/site-packages/airflow/example_dags/example_complex.py
[2024-10-20T19:24:06.980-0300] {processor.py:925} INFO - DAG(s) 'example_complex' retrieved from /mnt/c/Users/Pato_/OneDrive/Documentos/ITBA/PYTHON_DATA_APP/itba/lib/python3.10/site-packages/airflow/example_dags/example_complex.py
[2024-10-20T19:24:07.002-0300] {logging_mixin.py:190} INFO - [2024-10-20T19:24:07.002-0300] {dag.py:3239} INFO - Sync 1 DAGs
[2024-10-20T19:24:07.012-0300] {logging_mixin.py:190} INFO - [2024-10-20T19:24:07.011-0300] {dag.py:4180} INFO - Setting next_dagrun for example_complex to None, run_after=None
[2024-10-20T19:24:07.066-0300] {processor.py:208} INFO - Processing /mnt/c/Users/Pato_/OneDrive/Documentos/ITBA/PYTHON_DATA_APP/itba/lib/python3.10/site-packages/airflow/example_dags/example_complex.py took 0.140 seconds
[2024-10-20T19:26:52.547-0300] {processor.py:186} INFO - Started process (PID=313890) to work on /mnt/c/Users/Pato_/OneDrive/Documentos/ITBA/PYTHON_DATA_APP/itba/lib/python3.10/site-packages/airflow/example_dags/example_complex.py
[2024-10-20T19:26:52.548-0300] {processor.py:914} INFO - Processing file /mnt/c/Users/Pato_/OneDrive/Documentos/ITBA/PYTHON_DATA_APP/itba/lib/python3.10/site-packages/airflow/example_dags/example_complex.py for tasks to queue
[2024-10-20T19:26:52.550-0300] {logging_mixin.py:190} INFO - [2024-10-20T19:26:52.549-0300] {dagbag.py:588} INFO - Filling up the DagBag from /mnt/c/Users/Pato_/OneDrive/Documentos/ITBA/PYTHON_DATA_APP/itba/lib/python3.10/site-packages/airflow/example_dags/example_complex.py
[2024-10-20T19:26:52.597-0300] {processor.py:925} INFO - DAG(s) 'example_complex' retrieved from /mnt/c/Users/Pato_/OneDrive/Documentos/ITBA/PYTHON_DATA_APP/itba/lib/python3.10/site-packages/airflow/example_dags/example_complex.py
[2024-10-20T19:26:52.621-0300] {logging_mixin.py:190} INFO - [2024-10-20T19:26:52.620-0300] {dag.py:3239} INFO - Sync 1 DAGs
[2024-10-20T19:26:52.632-0300] {logging_mixin.py:190} INFO - [2024-10-20T19:26:52.631-0300] {dag.py:4180} INFO - Setting next_dagrun for example_complex to None, run_after=None
[2024-10-20T19:26:52.664-0300] {processor.py:208} INFO - Processing /mnt/c/Users/Pato_/OneDrive/Documentos/ITBA/PYTHON_DATA_APP/itba/lib/python3.10/site-packages/airflow/example_dags/example_complex.py took 0.125 seconds
[2024-10-20T19:28:03.923-0300] {processor.py:186} INFO - Started process (PID=314886) to work on /mnt/c/Users/Pato_/OneDrive/Documentos/ITBA/PYTHON_DATA_APP/itba/lib/python3.10/site-packages/airflow/example_dags/example_complex.py
[2024-10-20T19:28:03.924-0300] {processor.py:914} INFO - Processing file /mnt/c/Users/Pato_/OneDrive/Documentos/ITBA/PYTHON_DATA_APP/itba/lib/python3.10/site-packages/airflow/example_dags/example_complex.py for tasks to queue
[2024-10-20T19:28:03.926-0300] {logging_mixin.py:190} INFO - [2024-10-20T19:28:03.925-0300] {dagbag.py:588} INFO - Filling up the DagBag from /mnt/c/Users/Pato_/OneDrive/Documentos/ITBA/PYTHON_DATA_APP/itba/lib/python3.10/site-packages/airflow/example_dags/example_complex.py
[2024-10-20T19:28:03.966-0300] {processor.py:925} INFO - DAG(s) 'example_complex' retrieved from /mnt/c/Users/Pato_/OneDrive/Documentos/ITBA/PYTHON_DATA_APP/itba/lib/python3.10/site-packages/airflow/example_dags/example_complex.py
[2024-10-20T19:28:03.987-0300] {logging_mixin.py:190} INFO - [2024-10-20T19:28:03.987-0300] {dag.py:3239} INFO - Sync 1 DAGs
[2024-10-20T19:28:03.996-0300] {logging_mixin.py:190} INFO - [2024-10-20T19:28:03.996-0300] {dag.py:4180} INFO - Setting next_dagrun for example_complex to None, run_after=None
[2024-10-20T19:28:04.025-0300] {processor.py:208} INFO - Processing /mnt/c/Users/Pato_/OneDrive/Documentos/ITBA/PYTHON_DATA_APP/itba/lib/python3.10/site-packages/airflow/example_dags/example_complex.py took 0.109 seconds
[2024-10-20T19:29:09.707-0300] {processor.py:186} INFO - Started process (PID=315537) to work on /mnt/c/Users/Pato_/OneDrive/Documentos/ITBA/PYTHON_DATA_APP/itba/lib/python3.10/site-packages/airflow/example_dags/example_complex.py
[2024-10-20T19:29:09.708-0300] {processor.py:914} INFO - Processing file /mnt/c/Users/Pato_/OneDrive/Documentos/ITBA/PYTHON_DATA_APP/itba/lib/python3.10/site-packages/airflow/example_dags/example_complex.py for tasks to queue
[2024-10-20T19:29:09.710-0300] {logging_mixin.py:190} INFO - [2024-10-20T19:29:09.710-0300] {dagbag.py:588} INFO - Filling up the DagBag from /mnt/c/Users/Pato_/OneDrive/Documentos/ITBA/PYTHON_DATA_APP/itba/lib/python3.10/site-packages/airflow/example_dags/example_complex.py
[2024-10-20T19:29:09.752-0300] {processor.py:925} INFO - DAG(s) 'example_complex' retrieved from /mnt/c/Users/Pato_/OneDrive/Documentos/ITBA/PYTHON_DATA_APP/itba/lib/python3.10/site-packages/airflow/example_dags/example_complex.py
[2024-10-20T19:29:09.774-0300] {logging_mixin.py:190} INFO - [2024-10-20T19:29:09.773-0300] {dag.py:3239} INFO - Sync 1 DAGs
[2024-10-20T19:29:09.783-0300] {logging_mixin.py:190} INFO - [2024-10-20T19:29:09.782-0300] {dag.py:4180} INFO - Setting next_dagrun for example_complex to None, run_after=None
[2024-10-20T19:29:09.813-0300] {processor.py:208} INFO - Processing /mnt/c/Users/Pato_/OneDrive/Documentos/ITBA/PYTHON_DATA_APP/itba/lib/python3.10/site-packages/airflow/example_dags/example_complex.py took 0.113 seconds
[2024-10-20T19:30:21.675-0300] {processor.py:186} INFO - Started process (PID=316288) to work on /mnt/c/Users/Pato_/OneDrive/Documentos/ITBA/PYTHON_DATA_APP/itba/lib/python3.10/site-packages/airflow/example_dags/example_complex.py
[2024-10-20T19:30:21.676-0300] {processor.py:914} INFO - Processing file /mnt/c/Users/Pato_/OneDrive/Documentos/ITBA/PYTHON_DATA_APP/itba/lib/python3.10/site-packages/airflow/example_dags/example_complex.py for tasks to queue
[2024-10-20T19:30:21.678-0300] {logging_mixin.py:190} INFO - [2024-10-20T19:30:21.678-0300] {dagbag.py:588} INFO - Filling up the DagBag from /mnt/c/Users/Pato_/OneDrive/Documentos/ITBA/PYTHON_DATA_APP/itba/lib/python3.10/site-packages/airflow/example_dags/example_complex.py
[2024-10-20T19:30:21.720-0300] {processor.py:925} INFO - DAG(s) 'example_complex' retrieved from /mnt/c/Users/Pato_/OneDrive/Documentos/ITBA/PYTHON_DATA_APP/itba/lib/python3.10/site-packages/airflow/example_dags/example_complex.py
[2024-10-20T19:30:21.741-0300] {logging_mixin.py:190} INFO - [2024-10-20T19:30:21.740-0300] {dag.py:3239} INFO - Sync 1 DAGs
[2024-10-20T19:30:21.750-0300] {logging_mixin.py:190} INFO - [2024-10-20T19:30:21.749-0300] {dag.py:4180} INFO - Setting next_dagrun for example_complex to None, run_after=None
[2024-10-20T19:30:21.779-0300] {processor.py:208} INFO - Processing /mnt/c/Users/Pato_/OneDrive/Documentos/ITBA/PYTHON_DATA_APP/itba/lib/python3.10/site-packages/airflow/example_dags/example_complex.py took 0.110 seconds
[2024-10-20T19:31:27.215-0300] {processor.py:186} INFO - Started process (PID=316799) to work on /mnt/c/Users/Pato_/OneDrive/Documentos/ITBA/PYTHON_DATA_APP/itba/lib/python3.10/site-packages/airflow/example_dags/example_complex.py
[2024-10-20T19:31:27.216-0300] {processor.py:914} INFO - Processing file /mnt/c/Users/Pato_/OneDrive/Documentos/ITBA/PYTHON_DATA_APP/itba/lib/python3.10/site-packages/airflow/example_dags/example_complex.py for tasks to queue
[2024-10-20T19:31:27.218-0300] {logging_mixin.py:190} INFO - [2024-10-20T19:31:27.217-0300] {dagbag.py:588} INFO - Filling up the DagBag from /mnt/c/Users/Pato_/OneDrive/Documentos/ITBA/PYTHON_DATA_APP/itba/lib/python3.10/site-packages/airflow/example_dags/example_complex.py
[2024-10-20T19:31:27.260-0300] {processor.py:925} INFO - DAG(s) 'example_complex' retrieved from /mnt/c/Users/Pato_/OneDrive/Documentos/ITBA/PYTHON_DATA_APP/itba/lib/python3.10/site-packages/airflow/example_dags/example_complex.py
[2024-10-20T19:31:27.281-0300] {logging_mixin.py:190} INFO - [2024-10-20T19:31:27.281-0300] {dag.py:3239} INFO - Sync 1 DAGs
[2024-10-20T19:31:27.290-0300] {logging_mixin.py:190} INFO - [2024-10-20T19:31:27.289-0300] {dag.py:4180} INFO - Setting next_dagrun for example_complex to None, run_after=None
[2024-10-20T19:31:27.320-0300] {processor.py:208} INFO - Processing /mnt/c/Users/Pato_/OneDrive/Documentos/ITBA/PYTHON_DATA_APP/itba/lib/python3.10/site-packages/airflow/example_dags/example_complex.py took 0.113 seconds
[2024-10-20T19:32:36.409-0300] {processor.py:186} INFO - Started process (PID=317338) to work on /mnt/c/Users/Pato_/OneDrive/Documentos/ITBA/PYTHON_DATA_APP/itba/lib/python3.10/site-packages/airflow/example_dags/example_complex.py
[2024-10-20T19:32:36.410-0300] {processor.py:914} INFO - Processing file /mnt/c/Users/Pato_/OneDrive/Documentos/ITBA/PYTHON_DATA_APP/itba/lib/python3.10/site-packages/airflow/example_dags/example_complex.py for tasks to queue
[2024-10-20T19:32:36.412-0300] {logging_mixin.py:190} INFO - [2024-10-20T19:32:36.411-0300] {dagbag.py:588} INFO - Filling up the DagBag from /mnt/c/Users/Pato_/OneDrive/Documentos/ITBA/PYTHON_DATA_APP/itba/lib/python3.10/site-packages/airflow/example_dags/example_complex.py
[2024-10-20T19:32:36.453-0300] {processor.py:925} INFO - DAG(s) 'example_complex' retrieved from /mnt/c/Users/Pato_/OneDrive/Documentos/ITBA/PYTHON_DATA_APP/itba/lib/python3.10/site-packages/airflow/example_dags/example_complex.py
[2024-10-20T19:32:36.475-0300] {logging_mixin.py:190} INFO - [2024-10-20T19:32:36.474-0300] {dag.py:3239} INFO - Sync 1 DAGs
[2024-10-20T19:32:36.484-0300] {logging_mixin.py:190} INFO - [2024-10-20T19:32:36.483-0300] {dag.py:4180} INFO - Setting next_dagrun for example_complex to None, run_after=None
[2024-10-20T19:32:36.512-0300] {processor.py:208} INFO - Processing /mnt/c/Users/Pato_/OneDrive/Documentos/ITBA/PYTHON_DATA_APP/itba/lib/python3.10/site-packages/airflow/example_dags/example_complex.py took 0.111 seconds
[2024-10-20T19:33:43.338-0300] {processor.py:186} INFO - Started process (PID=317999) to work on /mnt/c/Users/Pato_/OneDrive/Documentos/ITBA/PYTHON_DATA_APP/itba/lib/python3.10/site-packages/airflow/example_dags/example_complex.py
[2024-10-20T19:33:43.339-0300] {processor.py:914} INFO - Processing file /mnt/c/Users/Pato_/OneDrive/Documentos/ITBA/PYTHON_DATA_APP/itba/lib/python3.10/site-packages/airflow/example_dags/example_complex.py for tasks to queue
[2024-10-20T19:33:43.341-0300] {logging_mixin.py:190} INFO - [2024-10-20T19:33:43.340-0300] {dagbag.py:588} INFO - Filling up the DagBag from /mnt/c/Users/Pato_/OneDrive/Documentos/ITBA/PYTHON_DATA_APP/itba/lib/python3.10/site-packages/airflow/example_dags/example_complex.py
[2024-10-20T19:33:43.382-0300] {processor.py:925} INFO - DAG(s) 'example_complex' retrieved from /mnt/c/Users/Pato_/OneDrive/Documentos/ITBA/PYTHON_DATA_APP/itba/lib/python3.10/site-packages/airflow/example_dags/example_complex.py
[2024-10-20T19:33:43.403-0300] {logging_mixin.py:190} INFO - [2024-10-20T19:33:43.403-0300] {dag.py:3239} INFO - Sync 1 DAGs
[2024-10-20T19:33:43.412-0300] {logging_mixin.py:190} INFO - [2024-10-20T19:33:43.411-0300] {dag.py:4180} INFO - Setting next_dagrun for example_complex to None, run_after=None
[2024-10-20T19:33:43.441-0300] {processor.py:208} INFO - Processing /mnt/c/Users/Pato_/OneDrive/Documentos/ITBA/PYTHON_DATA_APP/itba/lib/python3.10/site-packages/airflow/example_dags/example_complex.py took 0.110 seconds
[2024-10-20T19:34:50.641-0300] {processor.py:186} INFO - Started process (PID=318701) to work on /mnt/c/Users/Pato_/OneDrive/Documentos/ITBA/PYTHON_DATA_APP/itba/lib/python3.10/site-packages/airflow/example_dags/example_complex.py
[2024-10-20T19:34:50.642-0300] {processor.py:914} INFO - Processing file /mnt/c/Users/Pato_/OneDrive/Documentos/ITBA/PYTHON_DATA_APP/itba/lib/python3.10/site-packages/airflow/example_dags/example_complex.py for tasks to queue
[2024-10-20T19:34:50.644-0300] {logging_mixin.py:190} INFO - [2024-10-20T19:34:50.643-0300] {dagbag.py:588} INFO - Filling up the DagBag from /mnt/c/Users/Pato_/OneDrive/Documentos/ITBA/PYTHON_DATA_APP/itba/lib/python3.10/site-packages/airflow/example_dags/example_complex.py
[2024-10-20T19:34:50.685-0300] {processor.py:925} INFO - DAG(s) 'example_complex' retrieved from /mnt/c/Users/Pato_/OneDrive/Documentos/ITBA/PYTHON_DATA_APP/itba/lib/python3.10/site-packages/airflow/example_dags/example_complex.py
[2024-10-20T19:34:50.708-0300] {logging_mixin.py:190} INFO - [2024-10-20T19:34:50.707-0300] {dag.py:3239} INFO - Sync 1 DAGs
[2024-10-20T19:34:50.717-0300] {logging_mixin.py:190} INFO - [2024-10-20T19:34:50.717-0300] {dag.py:4180} INFO - Setting next_dagrun for example_complex to None, run_after=None
[2024-10-20T19:34:50.746-0300] {processor.py:208} INFO - Processing /mnt/c/Users/Pato_/OneDrive/Documentos/ITBA/PYTHON_DATA_APP/itba/lib/python3.10/site-packages/airflow/example_dags/example_complex.py took 0.112 seconds
[2024-10-20T19:35:59.549-0300] {processor.py:186} INFO - Started process (PID=319352) to work on /mnt/c/Users/Pato_/OneDrive/Documentos/ITBA/PYTHON_DATA_APP/itba/lib/python3.10/site-packages/airflow/example_dags/example_complex.py
[2024-10-20T19:35:59.550-0300] {processor.py:914} INFO - Processing file /mnt/c/Users/Pato_/OneDrive/Documentos/ITBA/PYTHON_DATA_APP/itba/lib/python3.10/site-packages/airflow/example_dags/example_complex.py for tasks to queue
[2024-10-20T19:35:59.552-0300] {logging_mixin.py:190} INFO - [2024-10-20T19:35:59.552-0300] {dagbag.py:588} INFO - Filling up the DagBag from /mnt/c/Users/Pato_/OneDrive/Documentos/ITBA/PYTHON_DATA_APP/itba/lib/python3.10/site-packages/airflow/example_dags/example_complex.py
[2024-10-20T19:35:59.595-0300] {processor.py:925} INFO - DAG(s) 'example_complex' retrieved from /mnt/c/Users/Pato_/OneDrive/Documentos/ITBA/PYTHON_DATA_APP/itba/lib/python3.10/site-packages/airflow/example_dags/example_complex.py
[2024-10-20T19:35:59.617-0300] {logging_mixin.py:190} INFO - [2024-10-20T19:35:59.616-0300] {dag.py:3239} INFO - Sync 1 DAGs
[2024-10-20T19:35:59.625-0300] {logging_mixin.py:190} INFO - [2024-10-20T19:35:59.625-0300] {dag.py:4180} INFO - Setting next_dagrun for example_complex to None, run_after=None
[2024-10-20T19:35:59.653-0300] {processor.py:208} INFO - Processing /mnt/c/Users/Pato_/OneDrive/Documentos/ITBA/PYTHON_DATA_APP/itba/lib/python3.10/site-packages/airflow/example_dags/example_complex.py took 0.112 seconds
[2024-10-20T19:37:08.901-0300] {processor.py:186} INFO - Started process (PID=319892) to work on /mnt/c/Users/Pato_/OneDrive/Documentos/ITBA/PYTHON_DATA_APP/itba/lib/python3.10/site-packages/airflow/example_dags/example_complex.py
[2024-10-20T19:37:08.902-0300] {processor.py:914} INFO - Processing file /mnt/c/Users/Pato_/OneDrive/Documentos/ITBA/PYTHON_DATA_APP/itba/lib/python3.10/site-packages/airflow/example_dags/example_complex.py for tasks to queue
[2024-10-20T19:37:08.904-0300] {logging_mixin.py:190} INFO - [2024-10-20T19:37:08.903-0300] {dagbag.py:588} INFO - Filling up the DagBag from /mnt/c/Users/Pato_/OneDrive/Documentos/ITBA/PYTHON_DATA_APP/itba/lib/python3.10/site-packages/airflow/example_dags/example_complex.py
[2024-10-20T19:37:08.945-0300] {processor.py:925} INFO - DAG(s) 'example_complex' retrieved from /mnt/c/Users/Pato_/OneDrive/Documentos/ITBA/PYTHON_DATA_APP/itba/lib/python3.10/site-packages/airflow/example_dags/example_complex.py
[2024-10-20T19:37:08.966-0300] {logging_mixin.py:190} INFO - [2024-10-20T19:37:08.965-0300] {dag.py:3239} INFO - Sync 1 DAGs
[2024-10-20T19:37:08.974-0300] {logging_mixin.py:190} INFO - [2024-10-20T19:37:08.974-0300] {dag.py:4180} INFO - Setting next_dagrun for example_complex to None, run_after=None
[2024-10-20T19:37:09.002-0300] {processor.py:208} INFO - Processing /mnt/c/Users/Pato_/OneDrive/Documentos/ITBA/PYTHON_DATA_APP/itba/lib/python3.10/site-packages/airflow/example_dags/example_complex.py took 0.108 seconds
[2024-10-20T19:38:15.572-0300] {processor.py:186} INFO - Started process (PID=320414) to work on /mnt/c/Users/Pato_/OneDrive/Documentos/ITBA/PYTHON_DATA_APP/itba/lib/python3.10/site-packages/airflow/example_dags/example_complex.py
[2024-10-20T19:38:15.574-0300] {processor.py:914} INFO - Processing file /mnt/c/Users/Pato_/OneDrive/Documentos/ITBA/PYTHON_DATA_APP/itba/lib/python3.10/site-packages/airflow/example_dags/example_complex.py for tasks to queue
[2024-10-20T19:38:15.576-0300] {logging_mixin.py:190} INFO - [2024-10-20T19:38:15.575-0300] {dagbag.py:588} INFO - Filling up the DagBag from /mnt/c/Users/Pato_/OneDrive/Documentos/ITBA/PYTHON_DATA_APP/itba/lib/python3.10/site-packages/airflow/example_dags/example_complex.py
[2024-10-20T19:38:15.617-0300] {processor.py:925} INFO - DAG(s) 'example_complex' retrieved from /mnt/c/Users/Pato_/OneDrive/Documentos/ITBA/PYTHON_DATA_APP/itba/lib/python3.10/site-packages/airflow/example_dags/example_complex.py
[2024-10-20T19:38:15.639-0300] {logging_mixin.py:190} INFO - [2024-10-20T19:38:15.639-0300] {dag.py:3239} INFO - Sync 1 DAGs
[2024-10-20T19:38:15.648-0300] {logging_mixin.py:190} INFO - [2024-10-20T19:38:15.647-0300] {dag.py:4180} INFO - Setting next_dagrun for example_complex to None, run_after=None
[2024-10-20T19:38:15.676-0300] {processor.py:208} INFO - Processing /mnt/c/Users/Pato_/OneDrive/Documentos/ITBA/PYTHON_DATA_APP/itba/lib/python3.10/site-packages/airflow/example_dags/example_complex.py took 0.111 seconds
[2024-10-20T19:39:20.973-0300] {processor.py:186} INFO - Started process (PID=320925) to work on /mnt/c/Users/Pato_/OneDrive/Documentos/ITBA/PYTHON_DATA_APP/itba/lib/python3.10/site-packages/airflow/example_dags/example_complex.py
[2024-10-20T19:39:20.974-0300] {processor.py:914} INFO - Processing file /mnt/c/Users/Pato_/OneDrive/Documentos/ITBA/PYTHON_DATA_APP/itba/lib/python3.10/site-packages/airflow/example_dags/example_complex.py for tasks to queue
[2024-10-20T19:39:20.976-0300] {logging_mixin.py:190} INFO - [2024-10-20T19:39:20.975-0300] {dagbag.py:588} INFO - Filling up the DagBag from /mnt/c/Users/Pato_/OneDrive/Documentos/ITBA/PYTHON_DATA_APP/itba/lib/python3.10/site-packages/airflow/example_dags/example_complex.py
[2024-10-20T19:39:21.018-0300] {processor.py:925} INFO - DAG(s) 'example_complex' retrieved from /mnt/c/Users/Pato_/OneDrive/Documentos/ITBA/PYTHON_DATA_APP/itba/lib/python3.10/site-packages/airflow/example_dags/example_complex.py
[2024-10-20T19:39:21.040-0300] {logging_mixin.py:190} INFO - [2024-10-20T19:39:21.039-0300] {dag.py:3239} INFO - Sync 1 DAGs
[2024-10-20T19:39:21.048-0300] {logging_mixin.py:190} INFO - [2024-10-20T19:39:21.048-0300] {dag.py:4180} INFO - Setting next_dagrun for example_complex to None, run_after=None
[2024-10-20T19:39:21.078-0300] {processor.py:208} INFO - Processing /mnt/c/Users/Pato_/OneDrive/Documentos/ITBA/PYTHON_DATA_APP/itba/lib/python3.10/site-packages/airflow/example_dags/example_complex.py took 0.112 seconds
[2024-10-20T19:40:26.379-0300] {processor.py:186} INFO - Started process (PID=321723) to work on /mnt/c/Users/Pato_/OneDrive/Documentos/ITBA/PYTHON_DATA_APP/itba/lib/python3.10/site-packages/airflow/example_dags/example_complex.py
[2024-10-20T19:40:26.380-0300] {processor.py:914} INFO - Processing file /mnt/c/Users/Pato_/OneDrive/Documentos/ITBA/PYTHON_DATA_APP/itba/lib/python3.10/site-packages/airflow/example_dags/example_complex.py for tasks to queue
[2024-10-20T19:40:26.382-0300] {logging_mixin.py:190} INFO - [2024-10-20T19:40:26.381-0300] {dagbag.py:588} INFO - Filling up the DagBag from /mnt/c/Users/Pato_/OneDrive/Documentos/ITBA/PYTHON_DATA_APP/itba/lib/python3.10/site-packages/airflow/example_dags/example_complex.py
[2024-10-20T19:40:26.426-0300] {processor.py:925} INFO - DAG(s) 'example_complex' retrieved from /mnt/c/Users/Pato_/OneDrive/Documentos/ITBA/PYTHON_DATA_APP/itba/lib/python3.10/site-packages/airflow/example_dags/example_complex.py
[2024-10-20T19:40:26.448-0300] {logging_mixin.py:190} INFO - [2024-10-20T19:40:26.448-0300] {dag.py:3239} INFO - Sync 1 DAGs
[2024-10-20T19:40:26.457-0300] {logging_mixin.py:190} INFO - [2024-10-20T19:40:26.456-0300] {dag.py:4180} INFO - Setting next_dagrun for example_complex to None, run_after=None
[2024-10-20T19:40:26.486-0300] {processor.py:208} INFO - Processing /mnt/c/Users/Pato_/OneDrive/Documentos/ITBA/PYTHON_DATA_APP/itba/lib/python3.10/site-packages/airflow/example_dags/example_complex.py took 0.115 seconds
[2024-10-20T19:41:34.280-0300] {processor.py:186} INFO - Started process (PID=322348) to work on /mnt/c/Users/Pato_/OneDrive/Documentos/ITBA/PYTHON_DATA_APP/itba/lib/python3.10/site-packages/airflow/example_dags/example_complex.py
[2024-10-20T19:41:34.281-0300] {processor.py:914} INFO - Processing file /mnt/c/Users/Pato_/OneDrive/Documentos/ITBA/PYTHON_DATA_APP/itba/lib/python3.10/site-packages/airflow/example_dags/example_complex.py for tasks to queue
[2024-10-20T19:41:34.283-0300] {logging_mixin.py:190} INFO - [2024-10-20T19:41:34.282-0300] {dagbag.py:588} INFO - Filling up the DagBag from /mnt/c/Users/Pato_/OneDrive/Documentos/ITBA/PYTHON_DATA_APP/itba/lib/python3.10/site-packages/airflow/example_dags/example_complex.py
[2024-10-20T19:41:34.324-0300] {processor.py:925} INFO - DAG(s) 'example_complex' retrieved from /mnt/c/Users/Pato_/OneDrive/Documentos/ITBA/PYTHON_DATA_APP/itba/lib/python3.10/site-packages/airflow/example_dags/example_complex.py
[2024-10-20T19:41:34.346-0300] {logging_mixin.py:190} INFO - [2024-10-20T19:41:34.345-0300] {dag.py:3239} INFO - Sync 1 DAGs
[2024-10-20T19:41:34.355-0300] {logging_mixin.py:190} INFO - [2024-10-20T19:41:34.354-0300] {dag.py:4180} INFO - Setting next_dagrun for example_complex to None, run_after=None
[2024-10-20T19:41:34.384-0300] {processor.py:208} INFO - Processing /mnt/c/Users/Pato_/OneDrive/Documentos/ITBA/PYTHON_DATA_APP/itba/lib/python3.10/site-packages/airflow/example_dags/example_complex.py took 0.111 seconds
