[2024-10-20T19:00:24.903-0300] {processor.py:186} INFO - Started process (PID=298696) to work on /mnt/c/Users/Pato_/OneDrive/Documentos/ITBA/PYTHON_DATA_APP/itba/lib/python3.10/site-packages/airflow/example_dags/example_subdag_operator.py
[2024-10-20T19:00:24.904-0300] {processor.py:914} INFO - Processing file /mnt/c/Users/Pato_/OneDrive/Documentos/ITBA/PYTHON_DATA_APP/itba/lib/python3.10/site-packages/airflow/example_dags/example_subdag_operator.py for tasks to queue
[2024-10-20T19:00:24.906-0300] {logging_mixin.py:190} INFO - [2024-10-20T19:00:24.905-0300] {dagbag.py:588} INFO - Filling up the DagBag from /mnt/c/Users/Pato_/OneDrive/Documentos/ITBA/PYTHON_DATA_APP/itba/lib/python3.10/site-packages/airflow/example_dags/example_subdag_operator.py
[2024-10-20T19:00:24.979-0300] {processor.py:925} INFO - DAG(s) 'example_subdag_operator.section-1', 'example_subdag_operator.section-2', 'example_subdag_operator' retrieved from /mnt/c/Users/Pato_/OneDrive/Documentos/ITBA/PYTHON_DATA_APP/itba/lib/python3.10/site-packages/airflow/example_dags/example_subdag_operator.py
[2024-10-20T19:00:25.736-0300] {logging_mixin.py:190} INFO - [2024-10-20T19:00:25.735-0300] {override.py:1907} INFO - Created Permission View: can read on DAG:example_subdag_operator
[2024-10-20T19:00:25.755-0300] {logging_mixin.py:190} INFO - [2024-10-20T19:00:25.755-0300] {override.py:1907} INFO - Created Permission View: can delete on DAG:example_subdag_operator
[2024-10-20T19:00:25.774-0300] {logging_mixin.py:190} INFO - [2024-10-20T19:00:25.773-0300] {override.py:1907} INFO - Created Permission View: can edit on DAG:example_subdag_operator
[2024-10-20T19:00:25.801-0300] {logging_mixin.py:190} INFO - [2024-10-20T19:00:25.801-0300] {override.py:1907} INFO - Created Permission View: can read on DAG Run:example_subdag_operator
[2024-10-20T19:00:25.818-0300] {logging_mixin.py:190} INFO - [2024-10-20T19:00:25.818-0300] {override.py:1907} INFO - Created Permission View: can delete on DAG Run:example_subdag_operator
[2024-10-20T19:00:25.836-0300] {logging_mixin.py:190} INFO - [2024-10-20T19:00:25.836-0300] {override.py:1907} INFO - Created Permission View: can create on DAG Run:example_subdag_operator
[2024-10-20T19:00:25.853-0300] {logging_mixin.py:190} INFO - [2024-10-20T19:00:25.853-0300] {override.py:1907} INFO - Created Permission View: menu access on DAG Run:example_subdag_operator
[2024-10-20T19:00:25.854-0300] {logging_mixin.py:190} INFO - [2024-10-20T19:00:25.854-0300] {dag.py:3239} INFO - Sync 3 DAGs
[2024-10-20T19:00:25.865-0300] {logging_mixin.py:190} INFO - [2024-10-20T19:00:25.864-0300] {dag.py:3262} INFO - Creating ORM DAG for example_subdag_operator.section-1
[2024-10-20T19:00:25.866-0300] {logging_mixin.py:190} INFO - [2024-10-20T19:00:25.866-0300] {dag.py:3262} INFO - Creating ORM DAG for example_subdag_operator.section-2
[2024-10-20T19:00:25.867-0300] {logging_mixin.py:190} INFO - [2024-10-20T19:00:25.867-0300] {dag.py:3262} INFO - Creating ORM DAG for example_subdag_operator
[2024-10-20T19:00:25.874-0300] {logging_mixin.py:190} INFO - [2024-10-20T19:00:25.873-0300] {dag.py:4180} INFO - Setting next_dagrun for example_subdag_operator to 2022-01-01 00:00:00+00:00, run_after=2022-01-01 00:00:00+00:00
[2024-10-20T19:00:25.875-0300] {logging_mixin.py:190} INFO - [2024-10-20T19:00:25.874-0300] {dag.py:4180} INFO - Setting next_dagrun for example_subdag_operator.section-1 to None, run_after=None
[2024-10-20T19:00:25.876-0300] {logging_mixin.py:190} INFO - [2024-10-20T19:00:25.876-0300] {dag.py:4180} INFO - Setting next_dagrun for example_subdag_operator.section-2 to None, run_after=None
[2024-10-20T19:00:25.888-0300] {logging_mixin.py:190} INFO - [2024-10-20T19:00:25.887-0300] {dag.py:3239} INFO - Sync 2 DAGs
[2024-10-20T19:00:25.891-0300] {logging_mixin.py:190} INFO - [2024-10-20T19:00:25.891-0300] {dag.py:4180} INFO - Setting next_dagrun for example_subdag_operator.section-1 to None, run_after=None
[2024-10-20T19:00:25.893-0300] {logging_mixin.py:190} INFO - [2024-10-20T19:00:25.893-0300] {dag.py:4180} INFO - Setting next_dagrun for example_subdag_operator.section-2 to None, run_after=None
[2024-10-20T19:00:25.917-0300] {processor.py:208} INFO - Processing /mnt/c/Users/Pato_/OneDrive/Documentos/ITBA/PYTHON_DATA_APP/itba/lib/python3.10/site-packages/airflow/example_dags/example_subdag_operator.py took 1.020 seconds
[2024-10-20T19:02:42.671-0300] {processor.py:186} INFO - Started process (PID=299913) to work on /mnt/c/Users/Pato_/OneDrive/Documentos/ITBA/PYTHON_DATA_APP/itba/lib/python3.10/site-packages/airflow/example_dags/example_subdag_operator.py
[2024-10-20T19:02:42.672-0300] {processor.py:914} INFO - Processing file /mnt/c/Users/Pato_/OneDrive/Documentos/ITBA/PYTHON_DATA_APP/itba/lib/python3.10/site-packages/airflow/example_dags/example_subdag_operator.py for tasks to queue
[2024-10-20T19:02:42.674-0300] {logging_mixin.py:190} INFO - [2024-10-20T19:02:42.674-0300] {dagbag.py:588} INFO - Filling up the DagBag from /mnt/c/Users/Pato_/OneDrive/Documentos/ITBA/PYTHON_DATA_APP/itba/lib/python3.10/site-packages/airflow/example_dags/example_subdag_operator.py
[2024-10-20T19:02:42.749-0300] {processor.py:925} INFO - DAG(s) 'example_subdag_operator.section-1', 'example_subdag_operator.section-2', 'example_subdag_operator' retrieved from /mnt/c/Users/Pato_/OneDrive/Documentos/ITBA/PYTHON_DATA_APP/itba/lib/python3.10/site-packages/airflow/example_dags/example_subdag_operator.py
[2024-10-20T19:02:42.765-0300] {logging_mixin.py:190} INFO - [2024-10-20T19:02:42.764-0300] {dag.py:3239} INFO - Sync 3 DAGs
[2024-10-20T19:02:42.779-0300] {logging_mixin.py:190} INFO - [2024-10-20T19:02:42.779-0300] {dag.py:4180} INFO - Setting next_dagrun for example_subdag_operator to 2022-01-01 00:00:00+00:00, run_after=2022-01-01 00:00:00+00:00
[2024-10-20T19:02:42.783-0300] {logging_mixin.py:190} INFO - [2024-10-20T19:02:42.782-0300] {dag.py:4180} INFO - Setting next_dagrun for example_subdag_operator.section-1 to None, run_after=None
[2024-10-20T19:02:42.785-0300] {logging_mixin.py:190} INFO - [2024-10-20T19:02:42.784-0300] {dag.py:4180} INFO - Setting next_dagrun for example_subdag_operator.section-2 to None, run_after=None
[2024-10-20T19:02:42.795-0300] {logging_mixin.py:190} INFO - [2024-10-20T19:02:42.795-0300] {dag.py:3239} INFO - Sync 2 DAGs
[2024-10-20T19:02:42.798-0300] {logging_mixin.py:190} INFO - [2024-10-20T19:02:42.798-0300] {dag.py:4180} INFO - Setting next_dagrun for example_subdag_operator.section-1 to None, run_after=None
[2024-10-20T19:02:42.799-0300] {logging_mixin.py:190} INFO - [2024-10-20T19:02:42.799-0300] {dag.py:4180} INFO - Setting next_dagrun for example_subdag_operator.section-2 to None, run_after=None
[2024-10-20T19:02:42.822-0300] {processor.py:208} INFO - Processing /mnt/c/Users/Pato_/OneDrive/Documentos/ITBA/PYTHON_DATA_APP/itba/lib/python3.10/site-packages/airflow/example_dags/example_subdag_operator.py took 0.157 seconds
[2024-10-20T19:03:36.131-0300] {processor.py:186} INFO - Started process (PID=300334) to work on /mnt/c/Users/Pato_/OneDrive/Documentos/ITBA/PYTHON_DATA_APP/itba/lib/python3.10/site-packages/airflow/example_dags/example_subdag_operator.py
[2024-10-20T19:03:36.132-0300] {processor.py:914} INFO - Processing file /mnt/c/Users/Pato_/OneDrive/Documentos/ITBA/PYTHON_DATA_APP/itba/lib/python3.10/site-packages/airflow/example_dags/example_subdag_operator.py for tasks to queue
[2024-10-20T19:03:36.134-0300] {logging_mixin.py:190} INFO - [2024-10-20T19:03:36.133-0300] {dagbag.py:588} INFO - Filling up the DagBag from /mnt/c/Users/Pato_/OneDrive/Documentos/ITBA/PYTHON_DATA_APP/itba/lib/python3.10/site-packages/airflow/example_dags/example_subdag_operator.py
[2024-10-20T19:03:36.208-0300] {processor.py:925} INFO - DAG(s) 'example_subdag_operator.section-1', 'example_subdag_operator.section-2', 'example_subdag_operator' retrieved from /mnt/c/Users/Pato_/OneDrive/Documentos/ITBA/PYTHON_DATA_APP/itba/lib/python3.10/site-packages/airflow/example_dags/example_subdag_operator.py
[2024-10-20T19:03:36.223-0300] {logging_mixin.py:190} INFO - [2024-10-20T19:03:36.222-0300] {dag.py:3239} INFO - Sync 3 DAGs
[2024-10-20T19:03:36.237-0300] {logging_mixin.py:190} INFO - [2024-10-20T19:03:36.236-0300] {dag.py:4180} INFO - Setting next_dagrun for example_subdag_operator to 2022-01-01 00:00:00+00:00, run_after=2022-01-01 00:00:00+00:00
[2024-10-20T19:03:36.240-0300] {logging_mixin.py:190} INFO - [2024-10-20T19:03:36.240-0300] {dag.py:4180} INFO - Setting next_dagrun for example_subdag_operator.section-1 to None, run_after=None
[2024-10-20T19:03:36.242-0300] {logging_mixin.py:190} INFO - [2024-10-20T19:03:36.242-0300] {dag.py:4180} INFO - Setting next_dagrun for example_subdag_operator.section-2 to None, run_after=None
[2024-10-20T19:03:36.251-0300] {logging_mixin.py:190} INFO - [2024-10-20T19:03:36.250-0300] {dag.py:3239} INFO - Sync 2 DAGs
[2024-10-20T19:03:36.254-0300] {logging_mixin.py:190} INFO - [2024-10-20T19:03:36.253-0300] {dag.py:4180} INFO - Setting next_dagrun for example_subdag_operator.section-1 to None, run_after=None
[2024-10-20T19:03:36.255-0300] {logging_mixin.py:190} INFO - [2024-10-20T19:03:36.254-0300] {dag.py:4180} INFO - Setting next_dagrun for example_subdag_operator.section-2 to None, run_after=None
[2024-10-20T19:03:36.276-0300] {processor.py:208} INFO - Processing /mnt/c/Users/Pato_/OneDrive/Documentos/ITBA/PYTHON_DATA_APP/itba/lib/python3.10/site-packages/airflow/example_dags/example_subdag_operator.py took 0.152 seconds
[2024-10-20T19:04:46.151-0300] {processor.py:186} INFO - Started process (PID=301108) to work on /mnt/c/Users/Pato_/OneDrive/Documentos/ITBA/PYTHON_DATA_APP/itba/lib/python3.10/site-packages/airflow/example_dags/example_subdag_operator.py
[2024-10-20T19:04:46.152-0300] {processor.py:914} INFO - Processing file /mnt/c/Users/Pato_/OneDrive/Documentos/ITBA/PYTHON_DATA_APP/itba/lib/python3.10/site-packages/airflow/example_dags/example_subdag_operator.py for tasks to queue
[2024-10-20T19:04:46.154-0300] {logging_mixin.py:190} INFO - [2024-10-20T19:04:46.153-0300] {dagbag.py:588} INFO - Filling up the DagBag from /mnt/c/Users/Pato_/OneDrive/Documentos/ITBA/PYTHON_DATA_APP/itba/lib/python3.10/site-packages/airflow/example_dags/example_subdag_operator.py
[2024-10-20T19:04:46.227-0300] {processor.py:925} INFO - DAG(s) 'example_subdag_operator.section-1', 'example_subdag_operator.section-2', 'example_subdag_operator' retrieved from /mnt/c/Users/Pato_/OneDrive/Documentos/ITBA/PYTHON_DATA_APP/itba/lib/python3.10/site-packages/airflow/example_dags/example_subdag_operator.py
[2024-10-20T19:04:46.242-0300] {logging_mixin.py:190} INFO - [2024-10-20T19:04:46.241-0300] {dag.py:3239} INFO - Sync 3 DAGs
[2024-10-20T19:04:46.256-0300] {logging_mixin.py:190} INFO - [2024-10-20T19:04:46.256-0300] {dag.py:4180} INFO - Setting next_dagrun for example_subdag_operator to 2022-01-01 00:00:00+00:00, run_after=2022-01-01 00:00:00+00:00
[2024-10-20T19:04:46.259-0300] {logging_mixin.py:190} INFO - [2024-10-20T19:04:46.259-0300] {dag.py:4180} INFO - Setting next_dagrun for example_subdag_operator.section-1 to None, run_after=None
[2024-10-20T19:04:46.261-0300] {logging_mixin.py:190} INFO - [2024-10-20T19:04:46.261-0300] {dag.py:4180} INFO - Setting next_dagrun for example_subdag_operator.section-2 to None, run_after=None
[2024-10-20T19:04:46.270-0300] {logging_mixin.py:190} INFO - [2024-10-20T19:04:46.270-0300] {dag.py:3239} INFO - Sync 2 DAGs
[2024-10-20T19:04:46.273-0300] {logging_mixin.py:190} INFO - [2024-10-20T19:04:46.272-0300] {dag.py:4180} INFO - Setting next_dagrun for example_subdag_operator.section-1 to None, run_after=None
[2024-10-20T19:04:46.274-0300] {logging_mixin.py:190} INFO - [2024-10-20T19:04:46.274-0300] {dag.py:4180} INFO - Setting next_dagrun for example_subdag_operator.section-2 to None, run_after=None
[2024-10-20T19:04:46.296-0300] {processor.py:208} INFO - Processing /mnt/c/Users/Pato_/OneDrive/Documentos/ITBA/PYTHON_DATA_APP/itba/lib/python3.10/site-packages/airflow/example_dags/example_subdag_operator.py took 0.152 seconds
[2024-10-20T19:06:59.763-0300] {processor.py:186} INFO - Started process (PID=302853) to work on /mnt/c/Users/Pato_/OneDrive/Documentos/ITBA/PYTHON_DATA_APP/itba/lib/python3.10/site-packages/airflow/example_dags/example_subdag_operator.py
[2024-10-20T19:06:59.764-0300] {processor.py:914} INFO - Processing file /mnt/c/Users/Pato_/OneDrive/Documentos/ITBA/PYTHON_DATA_APP/itba/lib/python3.10/site-packages/airflow/example_dags/example_subdag_operator.py for tasks to queue
[2024-10-20T19:06:59.766-0300] {logging_mixin.py:190} INFO - [2024-10-20T19:06:59.766-0300] {dagbag.py:588} INFO - Filling up the DagBag from /mnt/c/Users/Pato_/OneDrive/Documentos/ITBA/PYTHON_DATA_APP/itba/lib/python3.10/site-packages/airflow/example_dags/example_subdag_operator.py
[2024-10-20T19:06:59.845-0300] {processor.py:925} INFO - DAG(s) 'example_subdag_operator.section-1', 'example_subdag_operator.section-2', 'example_subdag_operator' retrieved from /mnt/c/Users/Pato_/OneDrive/Documentos/ITBA/PYTHON_DATA_APP/itba/lib/python3.10/site-packages/airflow/example_dags/example_subdag_operator.py
[2024-10-20T19:06:59.861-0300] {logging_mixin.py:190} INFO - [2024-10-20T19:06:59.860-0300] {dag.py:3239} INFO - Sync 3 DAGs
[2024-10-20T19:06:59.876-0300] {logging_mixin.py:190} INFO - [2024-10-20T19:06:59.876-0300] {dag.py:4180} INFO - Setting next_dagrun for example_subdag_operator to 2022-01-01 00:00:00+00:00, run_after=2022-01-01 00:00:00+00:00
[2024-10-20T19:06:59.880-0300] {logging_mixin.py:190} INFO - [2024-10-20T19:06:59.879-0300] {dag.py:4180} INFO - Setting next_dagrun for example_subdag_operator.section-1 to None, run_after=None
[2024-10-20T19:06:59.882-0300] {logging_mixin.py:190} INFO - [2024-10-20T19:06:59.881-0300] {dag.py:4180} INFO - Setting next_dagrun for example_subdag_operator.section-2 to None, run_after=None
[2024-10-20T19:06:59.892-0300] {logging_mixin.py:190} INFO - [2024-10-20T19:06:59.891-0300] {dag.py:3239} INFO - Sync 2 DAGs
[2024-10-20T19:06:59.895-0300] {logging_mixin.py:190} INFO - [2024-10-20T19:06:59.894-0300] {dag.py:4180} INFO - Setting next_dagrun for example_subdag_operator.section-1 to None, run_after=None
[2024-10-20T19:06:59.896-0300] {logging_mixin.py:190} INFO - [2024-10-20T19:06:59.896-0300] {dag.py:4180} INFO - Setting next_dagrun for example_subdag_operator.section-2 to None, run_after=None
[2024-10-20T19:06:59.919-0300] {processor.py:208} INFO - Processing /mnt/c/Users/Pato_/OneDrive/Documentos/ITBA/PYTHON_DATA_APP/itba/lib/python3.10/site-packages/airflow/example_dags/example_subdag_operator.py took 0.163 seconds
[2024-10-20T19:07:59.311-0300] {processor.py:186} INFO - Started process (PID=303567) to work on /mnt/c/Users/Pato_/OneDrive/Documentos/ITBA/PYTHON_DATA_APP/itba/lib/python3.10/site-packages/airflow/example_dags/example_subdag_operator.py
[2024-10-20T19:07:59.312-0300] {processor.py:914} INFO - Processing file /mnt/c/Users/Pato_/OneDrive/Documentos/ITBA/PYTHON_DATA_APP/itba/lib/python3.10/site-packages/airflow/example_dags/example_subdag_operator.py for tasks to queue
[2024-10-20T19:07:59.314-0300] {logging_mixin.py:190} INFO - [2024-10-20T19:07:59.313-0300] {dagbag.py:588} INFO - Filling up the DagBag from /mnt/c/Users/Pato_/OneDrive/Documentos/ITBA/PYTHON_DATA_APP/itba/lib/python3.10/site-packages/airflow/example_dags/example_subdag_operator.py
[2024-10-20T19:07:59.387-0300] {processor.py:925} INFO - DAG(s) 'example_subdag_operator.section-1', 'example_subdag_operator.section-2', 'example_subdag_operator' retrieved from /mnt/c/Users/Pato_/OneDrive/Documentos/ITBA/PYTHON_DATA_APP/itba/lib/python3.10/site-packages/airflow/example_dags/example_subdag_operator.py
[2024-10-20T19:07:59.402-0300] {logging_mixin.py:190} INFO - [2024-10-20T19:07:59.401-0300] {dag.py:3239} INFO - Sync 3 DAGs
[2024-10-20T19:07:59.415-0300] {logging_mixin.py:190} INFO - [2024-10-20T19:07:59.415-0300] {dag.py:4180} INFO - Setting next_dagrun for example_subdag_operator to 2022-01-01 00:00:00+00:00, run_after=2022-01-01 00:00:00+00:00
[2024-10-20T19:07:59.418-0300] {logging_mixin.py:190} INFO - [2024-10-20T19:07:59.418-0300] {dag.py:4180} INFO - Setting next_dagrun for example_subdag_operator.section-1 to None, run_after=None
[2024-10-20T19:07:59.420-0300] {logging_mixin.py:190} INFO - [2024-10-20T19:07:59.420-0300] {dag.py:4180} INFO - Setting next_dagrun for example_subdag_operator.section-2 to None, run_after=None
[2024-10-20T19:07:59.429-0300] {logging_mixin.py:190} INFO - [2024-10-20T19:07:59.429-0300] {dag.py:3239} INFO - Sync 2 DAGs
[2024-10-20T19:07:59.432-0300] {logging_mixin.py:190} INFO - [2024-10-20T19:07:59.431-0300] {dag.py:4180} INFO - Setting next_dagrun for example_subdag_operator.section-1 to None, run_after=None
[2024-10-20T19:07:59.433-0300] {logging_mixin.py:190} INFO - [2024-10-20T19:07:59.432-0300] {dag.py:4180} INFO - Setting next_dagrun for example_subdag_operator.section-2 to None, run_after=None
[2024-10-20T19:07:59.454-0300] {processor.py:208} INFO - Processing /mnt/c/Users/Pato_/OneDrive/Documentos/ITBA/PYTHON_DATA_APP/itba/lib/python3.10/site-packages/airflow/example_dags/example_subdag_operator.py took 0.150 seconds
[2024-10-20T19:08:50.827-0300] {processor.py:186} INFO - Started process (PID=303967) to work on /mnt/c/Users/Pato_/OneDrive/Documentos/ITBA/PYTHON_DATA_APP/itba/lib/python3.10/site-packages/airflow/example_dags/example_subdag_operator.py
[2024-10-20T19:08:50.828-0300] {processor.py:914} INFO - Processing file /mnt/c/Users/Pato_/OneDrive/Documentos/ITBA/PYTHON_DATA_APP/itba/lib/python3.10/site-packages/airflow/example_dags/example_subdag_operator.py for tasks to queue
[2024-10-20T19:08:50.830-0300] {logging_mixin.py:190} INFO - [2024-10-20T19:08:50.829-0300] {dagbag.py:588} INFO - Filling up the DagBag from /mnt/c/Users/Pato_/OneDrive/Documentos/ITBA/PYTHON_DATA_APP/itba/lib/python3.10/site-packages/airflow/example_dags/example_subdag_operator.py
[2024-10-20T19:08:50.903-0300] {processor.py:925} INFO - DAG(s) 'example_subdag_operator.section-1', 'example_subdag_operator.section-2', 'example_subdag_operator' retrieved from /mnt/c/Users/Pato_/OneDrive/Documentos/ITBA/PYTHON_DATA_APP/itba/lib/python3.10/site-packages/airflow/example_dags/example_subdag_operator.py
[2024-10-20T19:08:50.918-0300] {logging_mixin.py:190} INFO - [2024-10-20T19:08:50.917-0300] {dag.py:3239} INFO - Sync 3 DAGs
[2024-10-20T19:08:50.932-0300] {logging_mixin.py:190} INFO - [2024-10-20T19:08:50.931-0300] {dag.py:4180} INFO - Setting next_dagrun for example_subdag_operator to 2022-01-01 00:00:00+00:00, run_after=2022-01-01 00:00:00+00:00
[2024-10-20T19:08:50.935-0300] {logging_mixin.py:190} INFO - [2024-10-20T19:08:50.934-0300] {dag.py:4180} INFO - Setting next_dagrun for example_subdag_operator.section-1 to None, run_after=None
[2024-10-20T19:08:50.937-0300] {logging_mixin.py:190} INFO - [2024-10-20T19:08:50.936-0300] {dag.py:4180} INFO - Setting next_dagrun for example_subdag_operator.section-2 to None, run_after=None
[2024-10-20T19:08:50.945-0300] {logging_mixin.py:190} INFO - [2024-10-20T19:08:50.945-0300] {dag.py:3239} INFO - Sync 2 DAGs
[2024-10-20T19:08:50.948-0300] {logging_mixin.py:190} INFO - [2024-10-20T19:08:50.948-0300] {dag.py:4180} INFO - Setting next_dagrun for example_subdag_operator.section-1 to None, run_after=None
[2024-10-20T19:08:50.949-0300] {logging_mixin.py:190} INFO - [2024-10-20T19:08:50.949-0300] {dag.py:4180} INFO - Setting next_dagrun for example_subdag_operator.section-2 to None, run_after=None
[2024-10-20T19:08:50.970-0300] {processor.py:208} INFO - Processing /mnt/c/Users/Pato_/OneDrive/Documentos/ITBA/PYTHON_DATA_APP/itba/lib/python3.10/site-packages/airflow/example_dags/example_subdag_operator.py took 0.151 seconds
[2024-10-20T19:09:55.200-0300] {processor.py:186} INFO - Started process (PID=304562) to work on /mnt/c/Users/Pato_/OneDrive/Documentos/ITBA/PYTHON_DATA_APP/itba/lib/python3.10/site-packages/airflow/example_dags/example_subdag_operator.py
[2024-10-20T19:09:55.201-0300] {processor.py:914} INFO - Processing file /mnt/c/Users/Pato_/OneDrive/Documentos/ITBA/PYTHON_DATA_APP/itba/lib/python3.10/site-packages/airflow/example_dags/example_subdag_operator.py for tasks to queue
[2024-10-20T19:09:55.203-0300] {logging_mixin.py:190} INFO - [2024-10-20T19:09:55.203-0300] {dagbag.py:588} INFO - Filling up the DagBag from /mnt/c/Users/Pato_/OneDrive/Documentos/ITBA/PYTHON_DATA_APP/itba/lib/python3.10/site-packages/airflow/example_dags/example_subdag_operator.py
[2024-10-20T19:09:55.277-0300] {processor.py:925} INFO - DAG(s) 'example_subdag_operator.section-1', 'example_subdag_operator.section-2', 'example_subdag_operator' retrieved from /mnt/c/Users/Pato_/OneDrive/Documentos/ITBA/PYTHON_DATA_APP/itba/lib/python3.10/site-packages/airflow/example_dags/example_subdag_operator.py
[2024-10-20T19:09:55.291-0300] {logging_mixin.py:190} INFO - [2024-10-20T19:09:55.291-0300] {dag.py:3239} INFO - Sync 3 DAGs
[2024-10-20T19:09:55.305-0300] {logging_mixin.py:190} INFO - [2024-10-20T19:09:55.305-0300] {dag.py:4180} INFO - Setting next_dagrun for example_subdag_operator to 2022-01-01 00:00:00+00:00, run_after=2022-01-01 00:00:00+00:00
[2024-10-20T19:09:55.309-0300] {logging_mixin.py:190} INFO - [2024-10-20T19:09:55.308-0300] {dag.py:4180} INFO - Setting next_dagrun for example_subdag_operator.section-1 to None, run_after=None
[2024-10-20T19:09:55.311-0300] {logging_mixin.py:190} INFO - [2024-10-20T19:09:55.310-0300] {dag.py:4180} INFO - Setting next_dagrun for example_subdag_operator.section-2 to None, run_after=None
[2024-10-20T19:09:55.319-0300] {logging_mixin.py:190} INFO - [2024-10-20T19:09:55.319-0300] {dag.py:3239} INFO - Sync 2 DAGs
[2024-10-20T19:09:55.322-0300] {logging_mixin.py:190} INFO - [2024-10-20T19:09:55.321-0300] {dag.py:4180} INFO - Setting next_dagrun for example_subdag_operator.section-1 to None, run_after=None
[2024-10-20T19:09:55.323-0300] {logging_mixin.py:190} INFO - [2024-10-20T19:09:55.323-0300] {dag.py:4180} INFO - Setting next_dagrun for example_subdag_operator.section-2 to None, run_after=None
[2024-10-20T19:09:55.344-0300] {processor.py:208} INFO - Processing /mnt/c/Users/Pato_/OneDrive/Documentos/ITBA/PYTHON_DATA_APP/itba/lib/python3.10/site-packages/airflow/example_dags/example_subdag_operator.py took 0.151 seconds
[2024-10-20T19:11:01.987-0300] {processor.py:186} INFO - Started process (PID=305086) to work on /mnt/c/Users/Pato_/OneDrive/Documentos/ITBA/PYTHON_DATA_APP/itba/lib/python3.10/site-packages/airflow/example_dags/example_subdag_operator.py
[2024-10-20T19:11:01.988-0300] {processor.py:914} INFO - Processing file /mnt/c/Users/Pato_/OneDrive/Documentos/ITBA/PYTHON_DATA_APP/itba/lib/python3.10/site-packages/airflow/example_dags/example_subdag_operator.py for tasks to queue
[2024-10-20T19:11:01.990-0300] {logging_mixin.py:190} INFO - [2024-10-20T19:11:01.989-0300] {dagbag.py:588} INFO - Filling up the DagBag from /mnt/c/Users/Pato_/OneDrive/Documentos/ITBA/PYTHON_DATA_APP/itba/lib/python3.10/site-packages/airflow/example_dags/example_subdag_operator.py
[2024-10-20T19:11:02.064-0300] {processor.py:925} INFO - DAG(s) 'example_subdag_operator.section-1', 'example_subdag_operator.section-2', 'example_subdag_operator' retrieved from /mnt/c/Users/Pato_/OneDrive/Documentos/ITBA/PYTHON_DATA_APP/itba/lib/python3.10/site-packages/airflow/example_dags/example_subdag_operator.py
[2024-10-20T19:11:02.079-0300] {logging_mixin.py:190} INFO - [2024-10-20T19:11:02.079-0300] {dag.py:3239} INFO - Sync 3 DAGs
[2024-10-20T19:11:02.094-0300] {logging_mixin.py:190} INFO - [2024-10-20T19:11:02.093-0300] {dag.py:4180} INFO - Setting next_dagrun for example_subdag_operator to 2022-01-01 00:00:00+00:00, run_after=2022-01-01 00:00:00+00:00
[2024-10-20T19:11:02.097-0300] {logging_mixin.py:190} INFO - [2024-10-20T19:11:02.096-0300] {dag.py:4180} INFO - Setting next_dagrun for example_subdag_operator.section-1 to None, run_after=None
[2024-10-20T19:11:02.099-0300] {logging_mixin.py:190} INFO - [2024-10-20T19:11:02.098-0300] {dag.py:4180} INFO - Setting next_dagrun for example_subdag_operator.section-2 to None, run_after=None
[2024-10-20T19:11:02.108-0300] {logging_mixin.py:190} INFO - [2024-10-20T19:11:02.107-0300] {dag.py:3239} INFO - Sync 2 DAGs
[2024-10-20T19:11:02.110-0300] {logging_mixin.py:190} INFO - [2024-10-20T19:11:02.110-0300] {dag.py:4180} INFO - Setting next_dagrun for example_subdag_operator.section-1 to None, run_after=None
[2024-10-20T19:11:02.112-0300] {logging_mixin.py:190} INFO - [2024-10-20T19:11:02.111-0300] {dag.py:4180} INFO - Setting next_dagrun for example_subdag_operator.section-2 to None, run_after=None
[2024-10-20T19:11:02.134-0300] {processor.py:208} INFO - Processing /mnt/c/Users/Pato_/OneDrive/Documentos/ITBA/PYTHON_DATA_APP/itba/lib/python3.10/site-packages/airflow/example_dags/example_subdag_operator.py took 0.154 seconds
[2024-10-20T19:12:10.652-0300] {processor.py:186} INFO - Started process (PID=305617) to work on /mnt/c/Users/Pato_/OneDrive/Documentos/ITBA/PYTHON_DATA_APP/itba/lib/python3.10/site-packages/airflow/example_dags/example_subdag_operator.py
[2024-10-20T19:12:10.653-0300] {processor.py:914} INFO - Processing file /mnt/c/Users/Pato_/OneDrive/Documentos/ITBA/PYTHON_DATA_APP/itba/lib/python3.10/site-packages/airflow/example_dags/example_subdag_operator.py for tasks to queue
[2024-10-20T19:12:10.655-0300] {logging_mixin.py:190} INFO - [2024-10-20T19:12:10.654-0300] {dagbag.py:588} INFO - Filling up the DagBag from /mnt/c/Users/Pato_/OneDrive/Documentos/ITBA/PYTHON_DATA_APP/itba/lib/python3.10/site-packages/airflow/example_dags/example_subdag_operator.py
[2024-10-20T19:12:10.731-0300] {processor.py:925} INFO - DAG(s) 'example_subdag_operator.section-1', 'example_subdag_operator.section-2', 'example_subdag_operator' retrieved from /mnt/c/Users/Pato_/OneDrive/Documentos/ITBA/PYTHON_DATA_APP/itba/lib/python3.10/site-packages/airflow/example_dags/example_subdag_operator.py
[2024-10-20T19:12:10.747-0300] {logging_mixin.py:190} INFO - [2024-10-20T19:12:10.746-0300] {dag.py:3239} INFO - Sync 3 DAGs
[2024-10-20T19:12:10.761-0300] {logging_mixin.py:190} INFO - [2024-10-20T19:12:10.761-0300] {dag.py:4180} INFO - Setting next_dagrun for example_subdag_operator to 2022-01-01 00:00:00+00:00, run_after=2022-01-01 00:00:00+00:00
[2024-10-20T19:12:10.764-0300] {logging_mixin.py:190} INFO - [2024-10-20T19:12:10.764-0300] {dag.py:4180} INFO - Setting next_dagrun for example_subdag_operator.section-1 to None, run_after=None
[2024-10-20T19:12:10.766-0300] {logging_mixin.py:190} INFO - [2024-10-20T19:12:10.766-0300] {dag.py:4180} INFO - Setting next_dagrun for example_subdag_operator.section-2 to None, run_after=None
[2024-10-20T19:12:10.775-0300] {logging_mixin.py:190} INFO - [2024-10-20T19:12:10.774-0300] {dag.py:3239} INFO - Sync 2 DAGs
[2024-10-20T19:12:10.778-0300] {logging_mixin.py:190} INFO - [2024-10-20T19:12:10.777-0300] {dag.py:4180} INFO - Setting next_dagrun for example_subdag_operator.section-1 to None, run_after=None
[2024-10-20T19:12:10.779-0300] {logging_mixin.py:190} INFO - [2024-10-20T19:12:10.778-0300] {dag.py:4180} INFO - Setting next_dagrun for example_subdag_operator.section-2 to None, run_after=None
[2024-10-20T19:12:10.800-0300] {processor.py:208} INFO - Processing /mnt/c/Users/Pato_/OneDrive/Documentos/ITBA/PYTHON_DATA_APP/itba/lib/python3.10/site-packages/airflow/example_dags/example_subdag_operator.py took 0.155 seconds
[2024-10-20T19:13:15.551-0300] {processor.py:186} INFO - Started process (PID=306126) to work on /mnt/c/Users/Pato_/OneDrive/Documentos/ITBA/PYTHON_DATA_APP/itba/lib/python3.10/site-packages/airflow/example_dags/example_subdag_operator.py
[2024-10-20T19:13:15.552-0300] {processor.py:914} INFO - Processing file /mnt/c/Users/Pato_/OneDrive/Documentos/ITBA/PYTHON_DATA_APP/itba/lib/python3.10/site-packages/airflow/example_dags/example_subdag_operator.py for tasks to queue
[2024-10-20T19:13:15.554-0300] {logging_mixin.py:190} INFO - [2024-10-20T19:13:15.554-0300] {dagbag.py:588} INFO - Filling up the DagBag from /mnt/c/Users/Pato_/OneDrive/Documentos/ITBA/PYTHON_DATA_APP/itba/lib/python3.10/site-packages/airflow/example_dags/example_subdag_operator.py
[2024-10-20T19:13:15.626-0300] {processor.py:925} INFO - DAG(s) 'example_subdag_operator.section-1', 'example_subdag_operator.section-2', 'example_subdag_operator' retrieved from /mnt/c/Users/Pato_/OneDrive/Documentos/ITBA/PYTHON_DATA_APP/itba/lib/python3.10/site-packages/airflow/example_dags/example_subdag_operator.py
[2024-10-20T19:13:15.641-0300] {logging_mixin.py:190} INFO - [2024-10-20T19:13:15.640-0300] {dag.py:3239} INFO - Sync 3 DAGs
[2024-10-20T19:13:15.655-0300] {logging_mixin.py:190} INFO - [2024-10-20T19:13:15.654-0300] {dag.py:4180} INFO - Setting next_dagrun for example_subdag_operator to 2022-01-01 00:00:00+00:00, run_after=2022-01-01 00:00:00+00:00
[2024-10-20T19:13:15.658-0300] {logging_mixin.py:190} INFO - [2024-10-20T19:13:15.657-0300] {dag.py:4180} INFO - Setting next_dagrun for example_subdag_operator.section-1 to None, run_after=None
[2024-10-20T19:13:15.660-0300] {logging_mixin.py:190} INFO - [2024-10-20T19:13:15.659-0300] {dag.py:4180} INFO - Setting next_dagrun for example_subdag_operator.section-2 to None, run_after=None
[2024-10-20T19:13:15.669-0300] {logging_mixin.py:190} INFO - [2024-10-20T19:13:15.668-0300] {dag.py:3239} INFO - Sync 2 DAGs
[2024-10-20T19:13:15.671-0300] {logging_mixin.py:190} INFO - [2024-10-20T19:13:15.671-0300] {dag.py:4180} INFO - Setting next_dagrun for example_subdag_operator.section-1 to None, run_after=None
[2024-10-20T19:13:15.672-0300] {logging_mixin.py:190} INFO - [2024-10-20T19:13:15.672-0300] {dag.py:4180} INFO - Setting next_dagrun for example_subdag_operator.section-2 to None, run_after=None
[2024-10-20T19:13:15.693-0300] {processor.py:208} INFO - Processing /mnt/c/Users/Pato_/OneDrive/Documentos/ITBA/PYTHON_DATA_APP/itba/lib/python3.10/site-packages/airflow/example_dags/example_subdag_operator.py took 0.149 seconds
[2024-10-20T19:14:22.338-0300] {processor.py:186} INFO - Started process (PID=306647) to work on /mnt/c/Users/Pato_/OneDrive/Documentos/ITBA/PYTHON_DATA_APP/itba/lib/python3.10/site-packages/airflow/example_dags/example_subdag_operator.py
[2024-10-20T19:14:22.339-0300] {processor.py:914} INFO - Processing file /mnt/c/Users/Pato_/OneDrive/Documentos/ITBA/PYTHON_DATA_APP/itba/lib/python3.10/site-packages/airflow/example_dags/example_subdag_operator.py for tasks to queue
[2024-10-20T19:14:22.342-0300] {logging_mixin.py:190} INFO - [2024-10-20T19:14:22.341-0300] {dagbag.py:588} INFO - Filling up the DagBag from /mnt/c/Users/Pato_/OneDrive/Documentos/ITBA/PYTHON_DATA_APP/itba/lib/python3.10/site-packages/airflow/example_dags/example_subdag_operator.py
[2024-10-20T19:14:22.415-0300] {processor.py:925} INFO - DAG(s) 'example_subdag_operator.section-1', 'example_subdag_operator.section-2', 'example_subdag_operator' retrieved from /mnt/c/Users/Pato_/OneDrive/Documentos/ITBA/PYTHON_DATA_APP/itba/lib/python3.10/site-packages/airflow/example_dags/example_subdag_operator.py
[2024-10-20T19:14:22.430-0300] {logging_mixin.py:190} INFO - [2024-10-20T19:14:22.429-0300] {dag.py:3239} INFO - Sync 3 DAGs
[2024-10-20T19:14:22.443-0300] {logging_mixin.py:190} INFO - [2024-10-20T19:14:22.443-0300] {dag.py:4180} INFO - Setting next_dagrun for example_subdag_operator to 2022-01-01 00:00:00+00:00, run_after=2022-01-01 00:00:00+00:00
[2024-10-20T19:14:22.447-0300] {logging_mixin.py:190} INFO - [2024-10-20T19:14:22.446-0300] {dag.py:4180} INFO - Setting next_dagrun for example_subdag_operator.section-1 to None, run_after=None
[2024-10-20T19:14:22.449-0300] {logging_mixin.py:190} INFO - [2024-10-20T19:14:22.448-0300] {dag.py:4180} INFO - Setting next_dagrun for example_subdag_operator.section-2 to None, run_after=None
[2024-10-20T19:14:22.457-0300] {logging_mixin.py:190} INFO - [2024-10-20T19:14:22.457-0300] {dag.py:3239} INFO - Sync 2 DAGs
[2024-10-20T19:14:22.460-0300] {logging_mixin.py:190} INFO - [2024-10-20T19:14:22.459-0300] {dag.py:4180} INFO - Setting next_dagrun for example_subdag_operator.section-1 to None, run_after=None
[2024-10-20T19:14:22.461-0300] {logging_mixin.py:190} INFO - [2024-10-20T19:14:22.460-0300] {dag.py:4180} INFO - Setting next_dagrun for example_subdag_operator.section-2 to None, run_after=None
[2024-10-20T19:14:22.482-0300] {processor.py:208} INFO - Processing /mnt/c/Users/Pato_/OneDrive/Documentos/ITBA/PYTHON_DATA_APP/itba/lib/python3.10/site-packages/airflow/example_dags/example_subdag_operator.py took 0.150 seconds
[2024-10-20T19:15:32.313-0300] {processor.py:186} INFO - Started process (PID=307223) to work on /mnt/c/Users/Pato_/OneDrive/Documentos/ITBA/PYTHON_DATA_APP/itba/lib/python3.10/site-packages/airflow/example_dags/example_subdag_operator.py
[2024-10-20T19:15:32.314-0300] {processor.py:914} INFO - Processing file /mnt/c/Users/Pato_/OneDrive/Documentos/ITBA/PYTHON_DATA_APP/itba/lib/python3.10/site-packages/airflow/example_dags/example_subdag_operator.py for tasks to queue
[2024-10-20T19:15:32.316-0300] {logging_mixin.py:190} INFO - [2024-10-20T19:15:32.315-0300] {dagbag.py:588} INFO - Filling up the DagBag from /mnt/c/Users/Pato_/OneDrive/Documentos/ITBA/PYTHON_DATA_APP/itba/lib/python3.10/site-packages/airflow/example_dags/example_subdag_operator.py
[2024-10-20T19:15:32.390-0300] {processor.py:925} INFO - DAG(s) 'example_subdag_operator.section-1', 'example_subdag_operator.section-2', 'example_subdag_operator' retrieved from /mnt/c/Users/Pato_/OneDrive/Documentos/ITBA/PYTHON_DATA_APP/itba/lib/python3.10/site-packages/airflow/example_dags/example_subdag_operator.py
[2024-10-20T19:15:32.404-0300] {logging_mixin.py:190} INFO - [2024-10-20T19:15:32.404-0300] {dag.py:3239} INFO - Sync 3 DAGs
[2024-10-20T19:15:32.418-0300] {logging_mixin.py:190} INFO - [2024-10-20T19:15:32.418-0300] {dag.py:4180} INFO - Setting next_dagrun for example_subdag_operator to 2022-01-01 00:00:00+00:00, run_after=2022-01-01 00:00:00+00:00
[2024-10-20T19:15:32.421-0300] {logging_mixin.py:190} INFO - [2024-10-20T19:15:32.421-0300] {dag.py:4180} INFO - Setting next_dagrun for example_subdag_operator.section-1 to None, run_after=None
[2024-10-20T19:15:32.423-0300] {logging_mixin.py:190} INFO - [2024-10-20T19:15:32.423-0300] {dag.py:4180} INFO - Setting next_dagrun for example_subdag_operator.section-2 to None, run_after=None
[2024-10-20T19:15:32.432-0300] {logging_mixin.py:190} INFO - [2024-10-20T19:15:32.432-0300] {dag.py:3239} INFO - Sync 2 DAGs
[2024-10-20T19:15:32.435-0300] {logging_mixin.py:190} INFO - [2024-10-20T19:15:32.435-0300] {dag.py:4180} INFO - Setting next_dagrun for example_subdag_operator.section-1 to None, run_after=None
[2024-10-20T19:15:32.436-0300] {logging_mixin.py:190} INFO - [2024-10-20T19:15:32.436-0300] {dag.py:4180} INFO - Setting next_dagrun for example_subdag_operator.section-2 to None, run_after=None
[2024-10-20T19:15:32.457-0300] {processor.py:208} INFO - Processing /mnt/c/Users/Pato_/OneDrive/Documentos/ITBA/PYTHON_DATA_APP/itba/lib/python3.10/site-packages/airflow/example_dags/example_subdag_operator.py took 0.151 seconds
[2024-10-20T19:16:39.456-0300] {processor.py:186} INFO - Started process (PID=307747) to work on /mnt/c/Users/Pato_/OneDrive/Documentos/ITBA/PYTHON_DATA_APP/itba/lib/python3.10/site-packages/airflow/example_dags/example_subdag_operator.py
[2024-10-20T19:16:39.457-0300] {processor.py:914} INFO - Processing file /mnt/c/Users/Pato_/OneDrive/Documentos/ITBA/PYTHON_DATA_APP/itba/lib/python3.10/site-packages/airflow/example_dags/example_subdag_operator.py for tasks to queue
[2024-10-20T19:16:39.459-0300] {logging_mixin.py:190} INFO - [2024-10-20T19:16:39.458-0300] {dagbag.py:588} INFO - Filling up the DagBag from /mnt/c/Users/Pato_/OneDrive/Documentos/ITBA/PYTHON_DATA_APP/itba/lib/python3.10/site-packages/airflow/example_dags/example_subdag_operator.py
[2024-10-20T19:16:39.532-0300] {processor.py:925} INFO - DAG(s) 'example_subdag_operator.section-1', 'example_subdag_operator.section-2', 'example_subdag_operator' retrieved from /mnt/c/Users/Pato_/OneDrive/Documentos/ITBA/PYTHON_DATA_APP/itba/lib/python3.10/site-packages/airflow/example_dags/example_subdag_operator.py
[2024-10-20T19:16:39.547-0300] {logging_mixin.py:190} INFO - [2024-10-20T19:16:39.547-0300] {dag.py:3239} INFO - Sync 3 DAGs
[2024-10-20T19:16:39.561-0300] {logging_mixin.py:190} INFO - [2024-10-20T19:16:39.561-0300] {dag.py:4180} INFO - Setting next_dagrun for example_subdag_operator to 2022-01-01 00:00:00+00:00, run_after=2022-01-01 00:00:00+00:00
[2024-10-20T19:16:39.564-0300] {logging_mixin.py:190} INFO - [2024-10-20T19:16:39.564-0300] {dag.py:4180} INFO - Setting next_dagrun for example_subdag_operator.section-1 to None, run_after=None
[2024-10-20T19:16:39.567-0300] {logging_mixin.py:190} INFO - [2024-10-20T19:16:39.566-0300] {dag.py:4180} INFO - Setting next_dagrun for example_subdag_operator.section-2 to None, run_after=None
[2024-10-20T19:16:39.575-0300] {logging_mixin.py:190} INFO - [2024-10-20T19:16:39.575-0300] {dag.py:3239} INFO - Sync 2 DAGs
[2024-10-20T19:16:39.578-0300] {logging_mixin.py:190} INFO - [2024-10-20T19:16:39.577-0300] {dag.py:4180} INFO - Setting next_dagrun for example_subdag_operator.section-1 to None, run_after=None
[2024-10-20T19:16:39.579-0300] {logging_mixin.py:190} INFO - [2024-10-20T19:16:39.578-0300] {dag.py:4180} INFO - Setting next_dagrun for example_subdag_operator.section-2 to None, run_after=None
[2024-10-20T19:16:39.600-0300] {processor.py:208} INFO - Processing /mnt/c/Users/Pato_/OneDrive/Documentos/ITBA/PYTHON_DATA_APP/itba/lib/python3.10/site-packages/airflow/example_dags/example_subdag_operator.py took 0.151 seconds
[2024-10-20T19:17:53.986-0300] {processor.py:186} INFO - Started process (PID=308329) to work on /mnt/c/Users/Pato_/OneDrive/Documentos/ITBA/PYTHON_DATA_APP/itba/lib/python3.10/site-packages/airflow/example_dags/example_subdag_operator.py
[2024-10-20T19:17:53.987-0300] {processor.py:914} INFO - Processing file /mnt/c/Users/Pato_/OneDrive/Documentos/ITBA/PYTHON_DATA_APP/itba/lib/python3.10/site-packages/airflow/example_dags/example_subdag_operator.py for tasks to queue
[2024-10-20T19:17:53.989-0300] {logging_mixin.py:190} INFO - [2024-10-20T19:17:53.988-0300] {dagbag.py:588} INFO - Filling up the DagBag from /mnt/c/Users/Pato_/OneDrive/Documentos/ITBA/PYTHON_DATA_APP/itba/lib/python3.10/site-packages/airflow/example_dags/example_subdag_operator.py
[2024-10-20T19:17:54.065-0300] {processor.py:925} INFO - DAG(s) 'example_subdag_operator.section-1', 'example_subdag_operator.section-2', 'example_subdag_operator' retrieved from /mnt/c/Users/Pato_/OneDrive/Documentos/ITBA/PYTHON_DATA_APP/itba/lib/python3.10/site-packages/airflow/example_dags/example_subdag_operator.py
[2024-10-20T19:17:54.079-0300] {logging_mixin.py:190} INFO - [2024-10-20T19:17:54.079-0300] {dag.py:3239} INFO - Sync 3 DAGs
[2024-10-20T19:17:54.094-0300] {logging_mixin.py:190} INFO - [2024-10-20T19:17:54.093-0300] {dag.py:4180} INFO - Setting next_dagrun for example_subdag_operator to 2022-01-01 00:00:00+00:00, run_after=2022-01-01 00:00:00+00:00
[2024-10-20T19:17:54.097-0300] {logging_mixin.py:190} INFO - [2024-10-20T19:17:54.096-0300] {dag.py:4180} INFO - Setting next_dagrun for example_subdag_operator.section-1 to None, run_after=None
[2024-10-20T19:17:54.099-0300] {logging_mixin.py:190} INFO - [2024-10-20T19:17:54.098-0300] {dag.py:4180} INFO - Setting next_dagrun for example_subdag_operator.section-2 to None, run_after=None
[2024-10-20T19:17:54.108-0300] {logging_mixin.py:190} INFO - [2024-10-20T19:17:54.107-0300] {dag.py:3239} INFO - Sync 2 DAGs
[2024-10-20T19:17:54.110-0300] {logging_mixin.py:190} INFO - [2024-10-20T19:17:54.110-0300] {dag.py:4180} INFO - Setting next_dagrun for example_subdag_operator.section-1 to None, run_after=None
[2024-10-20T19:17:54.111-0300] {logging_mixin.py:190} INFO - [2024-10-20T19:17:54.111-0300] {dag.py:4180} INFO - Setting next_dagrun for example_subdag_operator.section-2 to None, run_after=None
[2024-10-20T19:17:54.134-0300] {processor.py:208} INFO - Processing /mnt/c/Users/Pato_/OneDrive/Documentos/ITBA/PYTHON_DATA_APP/itba/lib/python3.10/site-packages/airflow/example_dags/example_subdag_operator.py took 0.155 seconds
[2024-10-20T19:19:04.071-0300] {processor.py:186} INFO - Started process (PID=308872) to work on /mnt/c/Users/Pato_/OneDrive/Documentos/ITBA/PYTHON_DATA_APP/itba/lib/python3.10/site-packages/airflow/example_dags/example_subdag_operator.py
[2024-10-20T19:19:04.072-0300] {processor.py:914} INFO - Processing file /mnt/c/Users/Pato_/OneDrive/Documentos/ITBA/PYTHON_DATA_APP/itba/lib/python3.10/site-packages/airflow/example_dags/example_subdag_operator.py for tasks to queue
[2024-10-20T19:19:04.074-0300] {logging_mixin.py:190} INFO - [2024-10-20T19:19:04.074-0300] {dagbag.py:588} INFO - Filling up the DagBag from /mnt/c/Users/Pato_/OneDrive/Documentos/ITBA/PYTHON_DATA_APP/itba/lib/python3.10/site-packages/airflow/example_dags/example_subdag_operator.py
[2024-10-20T19:19:04.149-0300] {processor.py:925} INFO - DAG(s) 'example_subdag_operator.section-1', 'example_subdag_operator.section-2', 'example_subdag_operator' retrieved from /mnt/c/Users/Pato_/OneDrive/Documentos/ITBA/PYTHON_DATA_APP/itba/lib/python3.10/site-packages/airflow/example_dags/example_subdag_operator.py
[2024-10-20T19:19:04.165-0300] {logging_mixin.py:190} INFO - [2024-10-20T19:19:04.164-0300] {dag.py:3239} INFO - Sync 3 DAGs
[2024-10-20T19:19:04.179-0300] {logging_mixin.py:190} INFO - [2024-10-20T19:19:04.178-0300] {dag.py:4180} INFO - Setting next_dagrun for example_subdag_operator to 2022-01-01 00:00:00+00:00, run_after=2022-01-01 00:00:00+00:00
[2024-10-20T19:19:04.183-0300] {logging_mixin.py:190} INFO - [2024-10-20T19:19:04.182-0300] {dag.py:4180} INFO - Setting next_dagrun for example_subdag_operator.section-1 to None, run_after=None
[2024-10-20T19:19:04.185-0300] {logging_mixin.py:190} INFO - [2024-10-20T19:19:04.184-0300] {dag.py:4180} INFO - Setting next_dagrun for example_subdag_operator.section-2 to None, run_after=None
[2024-10-20T19:19:04.194-0300] {logging_mixin.py:190} INFO - [2024-10-20T19:19:04.193-0300] {dag.py:3239} INFO - Sync 2 DAGs
[2024-10-20T19:19:04.196-0300] {logging_mixin.py:190} INFO - [2024-10-20T19:19:04.196-0300] {dag.py:4180} INFO - Setting next_dagrun for example_subdag_operator.section-1 to None, run_after=None
[2024-10-20T19:19:04.198-0300] {logging_mixin.py:190} INFO - [2024-10-20T19:19:04.197-0300] {dag.py:4180} INFO - Setting next_dagrun for example_subdag_operator.section-2 to None, run_after=None
[2024-10-20T19:19:04.218-0300] {processor.py:208} INFO - Processing /mnt/c/Users/Pato_/OneDrive/Documentos/ITBA/PYTHON_DATA_APP/itba/lib/python3.10/site-packages/airflow/example_dags/example_subdag_operator.py took 0.154 seconds
[2024-10-20T19:20:14.992-0300] {processor.py:186} INFO - Started process (PID=309454) to work on /mnt/c/Users/Pato_/OneDrive/Documentos/ITBA/PYTHON_DATA_APP/itba/lib/python3.10/site-packages/airflow/example_dags/example_subdag_operator.py
[2024-10-20T19:20:14.993-0300] {processor.py:914} INFO - Processing file /mnt/c/Users/Pato_/OneDrive/Documentos/ITBA/PYTHON_DATA_APP/itba/lib/python3.10/site-packages/airflow/example_dags/example_subdag_operator.py for tasks to queue
[2024-10-20T19:20:14.995-0300] {logging_mixin.py:190} INFO - [2024-10-20T19:20:14.994-0300] {dagbag.py:588} INFO - Filling up the DagBag from /mnt/c/Users/Pato_/OneDrive/Documentos/ITBA/PYTHON_DATA_APP/itba/lib/python3.10/site-packages/airflow/example_dags/example_subdag_operator.py
[2024-10-20T19:20:15.069-0300] {processor.py:925} INFO - DAG(s) 'example_subdag_operator.section-1', 'example_subdag_operator.section-2', 'example_subdag_operator' retrieved from /mnt/c/Users/Pato_/OneDrive/Documentos/ITBA/PYTHON_DATA_APP/itba/lib/python3.10/site-packages/airflow/example_dags/example_subdag_operator.py
[2024-10-20T19:20:15.084-0300] {logging_mixin.py:190} INFO - [2024-10-20T19:20:15.083-0300] {dag.py:3239} INFO - Sync 3 DAGs
[2024-10-20T19:20:15.097-0300] {logging_mixin.py:190} INFO - [2024-10-20T19:20:15.097-0300] {dag.py:4180} INFO - Setting next_dagrun for example_subdag_operator to 2022-01-01 00:00:00+00:00, run_after=2022-01-01 00:00:00+00:00
[2024-10-20T19:20:15.100-0300] {logging_mixin.py:190} INFO - [2024-10-20T19:20:15.100-0300] {dag.py:4180} INFO - Setting next_dagrun for example_subdag_operator.section-1 to None, run_after=None
[2024-10-20T19:20:15.103-0300] {logging_mixin.py:190} INFO - [2024-10-20T19:20:15.102-0300] {dag.py:4180} INFO - Setting next_dagrun for example_subdag_operator.section-2 to None, run_after=None
[2024-10-20T19:20:15.111-0300] {logging_mixin.py:190} INFO - [2024-10-20T19:20:15.111-0300] {dag.py:3239} INFO - Sync 2 DAGs
[2024-10-20T19:20:15.114-0300] {logging_mixin.py:190} INFO - [2024-10-20T19:20:15.113-0300] {dag.py:4180} INFO - Setting next_dagrun for example_subdag_operator.section-1 to None, run_after=None
[2024-10-20T19:20:15.115-0300] {logging_mixin.py:190} INFO - [2024-10-20T19:20:15.114-0300] {dag.py:4180} INFO - Setting next_dagrun for example_subdag_operator.section-2 to None, run_after=None
[2024-10-20T19:20:15.138-0300] {processor.py:208} INFO - Processing /mnt/c/Users/Pato_/OneDrive/Documentos/ITBA/PYTHON_DATA_APP/itba/lib/python3.10/site-packages/airflow/example_dags/example_subdag_operator.py took 0.153 seconds
[2024-10-20T19:21:24.344-0300] {processor.py:186} INFO - Started process (PID=310060) to work on /mnt/c/Users/Pato_/OneDrive/Documentos/ITBA/PYTHON_DATA_APP/itba/lib/python3.10/site-packages/airflow/example_dags/example_subdag_operator.py
[2024-10-20T19:21:24.345-0300] {processor.py:914} INFO - Processing file /mnt/c/Users/Pato_/OneDrive/Documentos/ITBA/PYTHON_DATA_APP/itba/lib/python3.10/site-packages/airflow/example_dags/example_subdag_operator.py for tasks to queue
[2024-10-20T19:21:24.347-0300] {logging_mixin.py:190} INFO - [2024-10-20T19:21:24.347-0300] {dagbag.py:588} INFO - Filling up the DagBag from /mnt/c/Users/Pato_/OneDrive/Documentos/ITBA/PYTHON_DATA_APP/itba/lib/python3.10/site-packages/airflow/example_dags/example_subdag_operator.py
[2024-10-20T19:21:24.422-0300] {processor.py:925} INFO - DAG(s) 'example_subdag_operator.section-1', 'example_subdag_operator.section-2', 'example_subdag_operator' retrieved from /mnt/c/Users/Pato_/OneDrive/Documentos/ITBA/PYTHON_DATA_APP/itba/lib/python3.10/site-packages/airflow/example_dags/example_subdag_operator.py
[2024-10-20T19:21:24.436-0300] {logging_mixin.py:190} INFO - [2024-10-20T19:21:24.436-0300] {dag.py:3239} INFO - Sync 3 DAGs
[2024-10-20T19:21:24.450-0300] {logging_mixin.py:190} INFO - [2024-10-20T19:21:24.449-0300] {dag.py:4180} INFO - Setting next_dagrun for example_subdag_operator to 2022-01-01 00:00:00+00:00, run_after=2022-01-01 00:00:00+00:00
[2024-10-20T19:21:24.453-0300] {logging_mixin.py:190} INFO - [2024-10-20T19:21:24.453-0300] {dag.py:4180} INFO - Setting next_dagrun for example_subdag_operator.section-1 to None, run_after=None
[2024-10-20T19:21:24.455-0300] {logging_mixin.py:190} INFO - [2024-10-20T19:21:24.455-0300] {dag.py:4180} INFO - Setting next_dagrun for example_subdag_operator.section-2 to None, run_after=None
[2024-10-20T19:21:24.464-0300] {logging_mixin.py:190} INFO - [2024-10-20T19:21:24.464-0300] {dag.py:3239} INFO - Sync 2 DAGs
[2024-10-20T19:21:24.467-0300] {logging_mixin.py:190} INFO - [2024-10-20T19:21:24.466-0300] {dag.py:4180} INFO - Setting next_dagrun for example_subdag_operator.section-1 to None, run_after=None
[2024-10-20T19:21:24.468-0300] {logging_mixin.py:190} INFO - [2024-10-20T19:21:24.468-0300] {dag.py:4180} INFO - Setting next_dagrun for example_subdag_operator.section-2 to None, run_after=None
[2024-10-20T19:21:24.490-0300] {processor.py:208} INFO - Processing /mnt/c/Users/Pato_/OneDrive/Documentos/ITBA/PYTHON_DATA_APP/itba/lib/python3.10/site-packages/airflow/example_dags/example_subdag_operator.py took 0.153 seconds
[2024-10-20T19:22:32.293-0300] {processor.py:186} INFO - Started process (PID=310684) to work on /mnt/c/Users/Pato_/OneDrive/Documentos/ITBA/PYTHON_DATA_APP/itba/lib/python3.10/site-packages/airflow/example_dags/example_subdag_operator.py
[2024-10-20T19:22:32.294-0300] {processor.py:914} INFO - Processing file /mnt/c/Users/Pato_/OneDrive/Documentos/ITBA/PYTHON_DATA_APP/itba/lib/python3.10/site-packages/airflow/example_dags/example_subdag_operator.py for tasks to queue
[2024-10-20T19:22:32.296-0300] {logging_mixin.py:190} INFO - [2024-10-20T19:22:32.296-0300] {dagbag.py:588} INFO - Filling up the DagBag from /mnt/c/Users/Pato_/OneDrive/Documentos/ITBA/PYTHON_DATA_APP/itba/lib/python3.10/site-packages/airflow/example_dags/example_subdag_operator.py
[2024-10-20T19:22:32.373-0300] {processor.py:925} INFO - DAG(s) 'example_subdag_operator.section-1', 'example_subdag_operator.section-2', 'example_subdag_operator' retrieved from /mnt/c/Users/Pato_/OneDrive/Documentos/ITBA/PYTHON_DATA_APP/itba/lib/python3.10/site-packages/airflow/example_dags/example_subdag_operator.py
[2024-10-20T19:22:32.389-0300] {logging_mixin.py:190} INFO - [2024-10-20T19:22:32.388-0300] {dag.py:3239} INFO - Sync 3 DAGs
[2024-10-20T19:22:32.404-0300] {logging_mixin.py:190} INFO - [2024-10-20T19:22:32.403-0300] {dag.py:4180} INFO - Setting next_dagrun for example_subdag_operator to 2022-01-01 00:00:00+00:00, run_after=2022-01-01 00:00:00+00:00
[2024-10-20T19:22:32.407-0300] {logging_mixin.py:190} INFO - [2024-10-20T19:22:32.407-0300] {dag.py:4180} INFO - Setting next_dagrun for example_subdag_operator.section-1 to None, run_after=None
[2024-10-20T19:22:32.409-0300] {logging_mixin.py:190} INFO - [2024-10-20T19:22:32.409-0300] {dag.py:4180} INFO - Setting next_dagrun for example_subdag_operator.section-2 to None, run_after=None
[2024-10-20T19:22:32.419-0300] {logging_mixin.py:190} INFO - [2024-10-20T19:22:32.419-0300] {dag.py:3239} INFO - Sync 2 DAGs
[2024-10-20T19:22:32.422-0300] {logging_mixin.py:190} INFO - [2024-10-20T19:22:32.421-0300] {dag.py:4180} INFO - Setting next_dagrun for example_subdag_operator.section-1 to None, run_after=None
[2024-10-20T19:22:32.423-0300] {logging_mixin.py:190} INFO - [2024-10-20T19:22:32.423-0300] {dag.py:4180} INFO - Setting next_dagrun for example_subdag_operator.section-2 to None, run_after=None
[2024-10-20T19:22:32.444-0300] {processor.py:208} INFO - Processing /mnt/c/Users/Pato_/OneDrive/Documentos/ITBA/PYTHON_DATA_APP/itba/lib/python3.10/site-packages/airflow/example_dags/example_subdag_operator.py took 0.158 seconds
[2024-10-20T19:23:34.348-0300] {processor.py:186} INFO - Started process (PID=311314) to work on /mnt/c/Users/Pato_/OneDrive/Documentos/ITBA/PYTHON_DATA_APP/itba/lib/python3.10/site-packages/airflow/example_dags/example_subdag_operator.py
[2024-10-20T19:23:34.349-0300] {processor.py:914} INFO - Processing file /mnt/c/Users/Pato_/OneDrive/Documentos/ITBA/PYTHON_DATA_APP/itba/lib/python3.10/site-packages/airflow/example_dags/example_subdag_operator.py for tasks to queue
[2024-10-20T19:23:34.352-0300] {logging_mixin.py:190} INFO - [2024-10-20T19:23:34.351-0300] {dagbag.py:588} INFO - Filling up the DagBag from /mnt/c/Users/Pato_/OneDrive/Documentos/ITBA/PYTHON_DATA_APP/itba/lib/python3.10/site-packages/airflow/example_dags/example_subdag_operator.py
[2024-10-20T19:23:34.436-0300] {processor.py:925} INFO - DAG(s) 'example_subdag_operator.section-1', 'example_subdag_operator.section-2', 'example_subdag_operator' retrieved from /mnt/c/Users/Pato_/OneDrive/Documentos/ITBA/PYTHON_DATA_APP/itba/lib/python3.10/site-packages/airflow/example_dags/example_subdag_operator.py
[2024-10-20T19:23:34.453-0300] {logging_mixin.py:190} INFO - [2024-10-20T19:23:34.452-0300] {dag.py:3239} INFO - Sync 3 DAGs
[2024-10-20T19:23:34.469-0300] {logging_mixin.py:190} INFO - [2024-10-20T19:23:34.468-0300] {dag.py:4180} INFO - Setting next_dagrun for example_subdag_operator to 2022-01-01 00:00:00+00:00, run_after=2022-01-01 00:00:00+00:00
[2024-10-20T19:23:34.473-0300] {logging_mixin.py:190} INFO - [2024-10-20T19:23:34.472-0300] {dag.py:4180} INFO - Setting next_dagrun for example_subdag_operator.section-1 to None, run_after=None
[2024-10-20T19:23:34.475-0300] {logging_mixin.py:190} INFO - [2024-10-20T19:23:34.474-0300] {dag.py:4180} INFO - Setting next_dagrun for example_subdag_operator.section-2 to None, run_after=None
[2024-10-20T19:23:34.484-0300] {logging_mixin.py:190} INFO - [2024-10-20T19:23:34.484-0300] {dag.py:3239} INFO - Sync 2 DAGs
[2024-10-20T19:23:34.487-0300] {logging_mixin.py:190} INFO - [2024-10-20T19:23:34.487-0300] {dag.py:4180} INFO - Setting next_dagrun for example_subdag_operator.section-1 to None, run_after=None
[2024-10-20T19:23:34.489-0300] {logging_mixin.py:190} INFO - [2024-10-20T19:23:34.488-0300] {dag.py:4180} INFO - Setting next_dagrun for example_subdag_operator.section-2 to None, run_after=None
[2024-10-20T19:23:34.512-0300] {processor.py:208} INFO - Processing /mnt/c/Users/Pato_/OneDrive/Documentos/ITBA/PYTHON_DATA_APP/itba/lib/python3.10/site-packages/airflow/example_dags/example_subdag_operator.py took 0.171 seconds
[2024-10-20T19:24:40.142-0300] {processor.py:186} INFO - Started process (PID=312278) to work on /mnt/c/Users/Pato_/OneDrive/Documentos/ITBA/PYTHON_DATA_APP/itba/lib/python3.10/site-packages/airflow/example_dags/example_subdag_operator.py
[2024-10-20T19:24:40.143-0300] {processor.py:914} INFO - Processing file /mnt/c/Users/Pato_/OneDrive/Documentos/ITBA/PYTHON_DATA_APP/itba/lib/python3.10/site-packages/airflow/example_dags/example_subdag_operator.py for tasks to queue
[2024-10-20T19:24:40.145-0300] {logging_mixin.py:190} INFO - [2024-10-20T19:24:40.144-0300] {dagbag.py:588} INFO - Filling up the DagBag from /mnt/c/Users/Pato_/OneDrive/Documentos/ITBA/PYTHON_DATA_APP/itba/lib/python3.10/site-packages/airflow/example_dags/example_subdag_operator.py
[2024-10-20T19:24:40.222-0300] {processor.py:925} INFO - DAG(s) 'example_subdag_operator.section-1', 'example_subdag_operator.section-2', 'example_subdag_operator' retrieved from /mnt/c/Users/Pato_/OneDrive/Documentos/ITBA/PYTHON_DATA_APP/itba/lib/python3.10/site-packages/airflow/example_dags/example_subdag_operator.py
[2024-10-20T19:24:40.238-0300] {logging_mixin.py:190} INFO - [2024-10-20T19:24:40.237-0300] {dag.py:3239} INFO - Sync 3 DAGs
[2024-10-20T19:24:40.251-0300] {logging_mixin.py:190} INFO - [2024-10-20T19:24:40.251-0300] {dag.py:4180} INFO - Setting next_dagrun for example_subdag_operator to 2022-01-01 00:00:00+00:00, run_after=2022-01-01 00:00:00+00:00
[2024-10-20T19:24:40.254-0300] {logging_mixin.py:190} INFO - [2024-10-20T19:24:40.254-0300] {dag.py:4180} INFO - Setting next_dagrun for example_subdag_operator.section-1 to None, run_after=None
[2024-10-20T19:24:40.257-0300] {logging_mixin.py:190} INFO - [2024-10-20T19:24:40.256-0300] {dag.py:4180} INFO - Setting next_dagrun for example_subdag_operator.section-2 to None, run_after=None
[2024-10-20T19:24:40.266-0300] {logging_mixin.py:190} INFO - [2024-10-20T19:24:40.265-0300] {dag.py:3239} INFO - Sync 2 DAGs
[2024-10-20T19:24:40.268-0300] {logging_mixin.py:190} INFO - [2024-10-20T19:24:40.268-0300] {dag.py:4180} INFO - Setting next_dagrun for example_subdag_operator.section-1 to None, run_after=None
[2024-10-20T19:24:40.270-0300] {logging_mixin.py:190} INFO - [2024-10-20T19:24:40.269-0300] {dag.py:4180} INFO - Setting next_dagrun for example_subdag_operator.section-2 to None, run_after=None
[2024-10-20T19:24:40.293-0300] {processor.py:208} INFO - Processing /mnt/c/Users/Pato_/OneDrive/Documentos/ITBA/PYTHON_DATA_APP/itba/lib/python3.10/site-packages/airflow/example_dags/example_subdag_operator.py took 0.158 seconds
[2024-10-20T19:26:19.783-0300] {processor.py:186} INFO - Started process (PID=313573) to work on /mnt/c/Users/Pato_/OneDrive/Documentos/ITBA/PYTHON_DATA_APP/itba/lib/python3.10/site-packages/airflow/example_dags/example_subdag_operator.py
[2024-10-20T19:26:19.784-0300] {processor.py:914} INFO - Processing file /mnt/c/Users/Pato_/OneDrive/Documentos/ITBA/PYTHON_DATA_APP/itba/lib/python3.10/site-packages/airflow/example_dags/example_subdag_operator.py for tasks to queue
[2024-10-20T19:26:19.787-0300] {logging_mixin.py:190} INFO - [2024-10-20T19:26:19.786-0300] {dagbag.py:588} INFO - Filling up the DagBag from /mnt/c/Users/Pato_/OneDrive/Documentos/ITBA/PYTHON_DATA_APP/itba/lib/python3.10/site-packages/airflow/example_dags/example_subdag_operator.py
[2024-10-20T19:26:19.862-0300] {processor.py:925} INFO - DAG(s) 'example_subdag_operator.section-1', 'example_subdag_operator.section-2', 'example_subdag_operator' retrieved from /mnt/c/Users/Pato_/OneDrive/Documentos/ITBA/PYTHON_DATA_APP/itba/lib/python3.10/site-packages/airflow/example_dags/example_subdag_operator.py
[2024-10-20T19:26:19.877-0300] {logging_mixin.py:190} INFO - [2024-10-20T19:26:19.876-0300] {dag.py:3239} INFO - Sync 3 DAGs
[2024-10-20T19:26:19.891-0300] {logging_mixin.py:190} INFO - [2024-10-20T19:26:19.890-0300] {dag.py:4180} INFO - Setting next_dagrun for example_subdag_operator to 2022-01-01 00:00:00+00:00, run_after=2022-01-01 00:00:00+00:00
[2024-10-20T19:26:19.894-0300] {logging_mixin.py:190} INFO - [2024-10-20T19:26:19.893-0300] {dag.py:4180} INFO - Setting next_dagrun for example_subdag_operator.section-1 to None, run_after=None
[2024-10-20T19:26:19.896-0300] {logging_mixin.py:190} INFO - [2024-10-20T19:26:19.895-0300] {dag.py:4180} INFO - Setting next_dagrun for example_subdag_operator.section-2 to None, run_after=None
[2024-10-20T19:26:19.905-0300] {logging_mixin.py:190} INFO - [2024-10-20T19:26:19.904-0300] {dag.py:3239} INFO - Sync 2 DAGs
[2024-10-20T19:26:19.907-0300] {logging_mixin.py:190} INFO - [2024-10-20T19:26:19.907-0300] {dag.py:4180} INFO - Setting next_dagrun for example_subdag_operator.section-1 to None, run_after=None
[2024-10-20T19:26:19.909-0300] {logging_mixin.py:190} INFO - [2024-10-20T19:26:19.908-0300] {dag.py:4180} INFO - Setting next_dagrun for example_subdag_operator.section-2 to None, run_after=None
[2024-10-20T19:26:19.930-0300] {processor.py:208} INFO - Processing /mnt/c/Users/Pato_/OneDrive/Documentos/ITBA/PYTHON_DATA_APP/itba/lib/python3.10/site-packages/airflow/example_dags/example_subdag_operator.py took 0.154 seconds
[2024-10-20T19:27:24.517-0300] {processor.py:186} INFO - Started process (PID=314369) to work on /mnt/c/Users/Pato_/OneDrive/Documentos/ITBA/PYTHON_DATA_APP/itba/lib/python3.10/site-packages/airflow/example_dags/example_subdag_operator.py
[2024-10-20T19:27:24.518-0300] {processor.py:914} INFO - Processing file /mnt/c/Users/Pato_/OneDrive/Documentos/ITBA/PYTHON_DATA_APP/itba/lib/python3.10/site-packages/airflow/example_dags/example_subdag_operator.py for tasks to queue
[2024-10-20T19:27:24.520-0300] {logging_mixin.py:190} INFO - [2024-10-20T19:27:24.519-0300] {dagbag.py:588} INFO - Filling up the DagBag from /mnt/c/Users/Pato_/OneDrive/Documentos/ITBA/PYTHON_DATA_APP/itba/lib/python3.10/site-packages/airflow/example_dags/example_subdag_operator.py
[2024-10-20T19:27:24.595-0300] {processor.py:925} INFO - DAG(s) 'example_subdag_operator.section-1', 'example_subdag_operator.section-2', 'example_subdag_operator' retrieved from /mnt/c/Users/Pato_/OneDrive/Documentos/ITBA/PYTHON_DATA_APP/itba/lib/python3.10/site-packages/airflow/example_dags/example_subdag_operator.py
[2024-10-20T19:27:24.609-0300] {logging_mixin.py:190} INFO - [2024-10-20T19:27:24.609-0300] {dag.py:3239} INFO - Sync 3 DAGs
[2024-10-20T19:27:24.624-0300] {logging_mixin.py:190} INFO - [2024-10-20T19:27:24.623-0300] {dag.py:4180} INFO - Setting next_dagrun for example_subdag_operator to 2022-01-01 00:00:00+00:00, run_after=2022-01-01 00:00:00+00:00
[2024-10-20T19:27:24.627-0300] {logging_mixin.py:190} INFO - [2024-10-20T19:27:24.627-0300] {dag.py:4180} INFO - Setting next_dagrun for example_subdag_operator.section-1 to None, run_after=None
[2024-10-20T19:27:24.630-0300] {logging_mixin.py:190} INFO - [2024-10-20T19:27:24.629-0300] {dag.py:4180} INFO - Setting next_dagrun for example_subdag_operator.section-2 to None, run_after=None
[2024-10-20T19:27:24.638-0300] {logging_mixin.py:190} INFO - [2024-10-20T19:27:24.638-0300] {dag.py:3239} INFO - Sync 2 DAGs
[2024-10-20T19:27:24.641-0300] {logging_mixin.py:190} INFO - [2024-10-20T19:27:24.641-0300] {dag.py:4180} INFO - Setting next_dagrun for example_subdag_operator.section-1 to None, run_after=None
[2024-10-20T19:27:24.642-0300] {logging_mixin.py:190} INFO - [2024-10-20T19:27:24.642-0300] {dag.py:4180} INFO - Setting next_dagrun for example_subdag_operator.section-2 to None, run_after=None
[2024-10-20T19:27:24.664-0300] {processor.py:208} INFO - Processing /mnt/c/Users/Pato_/OneDrive/Documentos/ITBA/PYTHON_DATA_APP/itba/lib/python3.10/site-packages/airflow/example_dags/example_subdag_operator.py took 0.153 seconds
[2024-10-20T19:28:31.286-0300] {processor.py:186} INFO - Started process (PID=315114) to work on /mnt/c/Users/Pato_/OneDrive/Documentos/ITBA/PYTHON_DATA_APP/itba/lib/python3.10/site-packages/airflow/example_dags/example_subdag_operator.py
[2024-10-20T19:28:31.287-0300] {processor.py:914} INFO - Processing file /mnt/c/Users/Pato_/OneDrive/Documentos/ITBA/PYTHON_DATA_APP/itba/lib/python3.10/site-packages/airflow/example_dags/example_subdag_operator.py for tasks to queue
[2024-10-20T19:28:31.289-0300] {logging_mixin.py:190} INFO - [2024-10-20T19:28:31.288-0300] {dagbag.py:588} INFO - Filling up the DagBag from /mnt/c/Users/Pato_/OneDrive/Documentos/ITBA/PYTHON_DATA_APP/itba/lib/python3.10/site-packages/airflow/example_dags/example_subdag_operator.py
[2024-10-20T19:28:31.362-0300] {processor.py:925} INFO - DAG(s) 'example_subdag_operator.section-1', 'example_subdag_operator.section-2', 'example_subdag_operator' retrieved from /mnt/c/Users/Pato_/OneDrive/Documentos/ITBA/PYTHON_DATA_APP/itba/lib/python3.10/site-packages/airflow/example_dags/example_subdag_operator.py
[2024-10-20T19:28:31.377-0300] {logging_mixin.py:190} INFO - [2024-10-20T19:28:31.376-0300] {dag.py:3239} INFO - Sync 3 DAGs
[2024-10-20T19:28:31.390-0300] {logging_mixin.py:190} INFO - [2024-10-20T19:28:31.390-0300] {dag.py:4180} INFO - Setting next_dagrun for example_subdag_operator to 2022-01-01 00:00:00+00:00, run_after=2022-01-01 00:00:00+00:00
[2024-10-20T19:28:31.394-0300] {logging_mixin.py:190} INFO - [2024-10-20T19:28:31.394-0300] {dag.py:4180} INFO - Setting next_dagrun for example_subdag_operator.section-1 to None, run_after=None
[2024-10-20T19:28:31.396-0300] {logging_mixin.py:190} INFO - [2024-10-20T19:28:31.396-0300] {dag.py:4180} INFO - Setting next_dagrun for example_subdag_operator.section-2 to None, run_after=None
[2024-10-20T19:28:31.405-0300] {logging_mixin.py:190} INFO - [2024-10-20T19:28:31.404-0300] {dag.py:3239} INFO - Sync 2 DAGs
[2024-10-20T19:28:31.408-0300] {logging_mixin.py:190} INFO - [2024-10-20T19:28:31.407-0300] {dag.py:4180} INFO - Setting next_dagrun for example_subdag_operator.section-1 to None, run_after=None
[2024-10-20T19:28:31.409-0300] {logging_mixin.py:190} INFO - [2024-10-20T19:28:31.408-0300] {dag.py:4180} INFO - Setting next_dagrun for example_subdag_operator.section-2 to None, run_after=None
[2024-10-20T19:28:31.430-0300] {processor.py:208} INFO - Processing /mnt/c/Users/Pato_/OneDrive/Documentos/ITBA/PYTHON_DATA_APP/itba/lib/python3.10/site-packages/airflow/example_dags/example_subdag_operator.py took 0.151 seconds
[2024-10-20T19:29:39.058-0300] {processor.py:186} INFO - Started process (PID=315930) to work on /mnt/c/Users/Pato_/OneDrive/Documentos/ITBA/PYTHON_DATA_APP/itba/lib/python3.10/site-packages/airflow/example_dags/example_subdag_operator.py
[2024-10-20T19:29:39.059-0300] {processor.py:914} INFO - Processing file /mnt/c/Users/Pato_/OneDrive/Documentos/ITBA/PYTHON_DATA_APP/itba/lib/python3.10/site-packages/airflow/example_dags/example_subdag_operator.py for tasks to queue
[2024-10-20T19:29:39.061-0300] {logging_mixin.py:190} INFO - [2024-10-20T19:29:39.060-0300] {dagbag.py:588} INFO - Filling up the DagBag from /mnt/c/Users/Pato_/OneDrive/Documentos/ITBA/PYTHON_DATA_APP/itba/lib/python3.10/site-packages/airflow/example_dags/example_subdag_operator.py
[2024-10-20T19:29:39.137-0300] {processor.py:925} INFO - DAG(s) 'example_subdag_operator.section-1', 'example_subdag_operator.section-2', 'example_subdag_operator' retrieved from /mnt/c/Users/Pato_/OneDrive/Documentos/ITBA/PYTHON_DATA_APP/itba/lib/python3.10/site-packages/airflow/example_dags/example_subdag_operator.py
[2024-10-20T19:29:39.152-0300] {logging_mixin.py:190} INFO - [2024-10-20T19:29:39.152-0300] {dag.py:3239} INFO - Sync 3 DAGs
[2024-10-20T19:29:39.166-0300] {logging_mixin.py:190} INFO - [2024-10-20T19:29:39.166-0300] {dag.py:4180} INFO - Setting next_dagrun for example_subdag_operator to 2022-01-01 00:00:00+00:00, run_after=2022-01-01 00:00:00+00:00
[2024-10-20T19:29:39.170-0300] {logging_mixin.py:190} INFO - [2024-10-20T19:29:39.169-0300] {dag.py:4180} INFO - Setting next_dagrun for example_subdag_operator.section-1 to None, run_after=None
[2024-10-20T19:29:39.172-0300] {logging_mixin.py:190} INFO - [2024-10-20T19:29:39.171-0300] {dag.py:4180} INFO - Setting next_dagrun for example_subdag_operator.section-2 to None, run_after=None
[2024-10-20T19:29:39.181-0300] {logging_mixin.py:190} INFO - [2024-10-20T19:29:39.180-0300] {dag.py:3239} INFO - Sync 2 DAGs
[2024-10-20T19:29:39.183-0300] {logging_mixin.py:190} INFO - [2024-10-20T19:29:39.183-0300] {dag.py:4180} INFO - Setting next_dagrun for example_subdag_operator.section-1 to None, run_after=None
[2024-10-20T19:29:39.185-0300] {logging_mixin.py:190} INFO - [2024-10-20T19:29:39.184-0300] {dag.py:4180} INFO - Setting next_dagrun for example_subdag_operator.section-2 to None, run_after=None
[2024-10-20T19:29:39.207-0300] {processor.py:208} INFO - Processing /mnt/c/Users/Pato_/OneDrive/Documentos/ITBA/PYTHON_DATA_APP/itba/lib/python3.10/site-packages/airflow/example_dags/example_subdag_operator.py took 0.156 seconds
[2024-10-20T19:30:50.279-0300] {processor.py:186} INFO - Started process (PID=316512) to work on /mnt/c/Users/Pato_/OneDrive/Documentos/ITBA/PYTHON_DATA_APP/itba/lib/python3.10/site-packages/airflow/example_dags/example_subdag_operator.py
[2024-10-20T19:30:50.280-0300] {processor.py:914} INFO - Processing file /mnt/c/Users/Pato_/OneDrive/Documentos/ITBA/PYTHON_DATA_APP/itba/lib/python3.10/site-packages/airflow/example_dags/example_subdag_operator.py for tasks to queue
[2024-10-20T19:30:50.283-0300] {logging_mixin.py:190} INFO - [2024-10-20T19:30:50.282-0300] {dagbag.py:588} INFO - Filling up the DagBag from /mnt/c/Users/Pato_/OneDrive/Documentos/ITBA/PYTHON_DATA_APP/itba/lib/python3.10/site-packages/airflow/example_dags/example_subdag_operator.py
[2024-10-20T19:30:50.366-0300] {processor.py:925} INFO - DAG(s) 'example_subdag_operator.section-1', 'example_subdag_operator.section-2', 'example_subdag_operator' retrieved from /mnt/c/Users/Pato_/OneDrive/Documentos/ITBA/PYTHON_DATA_APP/itba/lib/python3.10/site-packages/airflow/example_dags/example_subdag_operator.py
[2024-10-20T19:30:50.381-0300] {logging_mixin.py:190} INFO - [2024-10-20T19:30:50.381-0300] {dag.py:3239} INFO - Sync 3 DAGs
[2024-10-20T19:30:50.396-0300] {logging_mixin.py:190} INFO - [2024-10-20T19:30:50.395-0300] {dag.py:4180} INFO - Setting next_dagrun for example_subdag_operator to 2022-01-01 00:00:00+00:00, run_after=2022-01-01 00:00:00+00:00
[2024-10-20T19:30:50.399-0300] {logging_mixin.py:190} INFO - [2024-10-20T19:30:50.399-0300] {dag.py:4180} INFO - Setting next_dagrun for example_subdag_operator.section-1 to None, run_after=None
[2024-10-20T19:30:50.401-0300] {logging_mixin.py:190} INFO - [2024-10-20T19:30:50.401-0300] {dag.py:4180} INFO - Setting next_dagrun for example_subdag_operator.section-2 to None, run_after=None
[2024-10-20T19:30:50.411-0300] {logging_mixin.py:190} INFO - [2024-10-20T19:30:50.410-0300] {dag.py:3239} INFO - Sync 2 DAGs
[2024-10-20T19:30:50.413-0300] {logging_mixin.py:190} INFO - [2024-10-20T19:30:50.413-0300] {dag.py:4180} INFO - Setting next_dagrun for example_subdag_operator.section-1 to None, run_after=None
[2024-10-20T19:30:50.415-0300] {logging_mixin.py:190} INFO - [2024-10-20T19:30:50.414-0300] {dag.py:4180} INFO - Setting next_dagrun for example_subdag_operator.section-2 to None, run_after=None
[2024-10-20T19:30:50.437-0300] {processor.py:208} INFO - Processing /mnt/c/Users/Pato_/OneDrive/Documentos/ITBA/PYTHON_DATA_APP/itba/lib/python3.10/site-packages/airflow/example_dags/example_subdag_operator.py took 0.165 seconds
[2024-10-20T19:31:57.238-0300] {processor.py:186} INFO - Started process (PID=317035) to work on /mnt/c/Users/Pato_/OneDrive/Documentos/ITBA/PYTHON_DATA_APP/itba/lib/python3.10/site-packages/airflow/example_dags/example_subdag_operator.py
[2024-10-20T19:31:57.239-0300] {processor.py:914} INFO - Processing file /mnt/c/Users/Pato_/OneDrive/Documentos/ITBA/PYTHON_DATA_APP/itba/lib/python3.10/site-packages/airflow/example_dags/example_subdag_operator.py for tasks to queue
[2024-10-20T19:31:57.241-0300] {logging_mixin.py:190} INFO - [2024-10-20T19:31:57.241-0300] {dagbag.py:588} INFO - Filling up the DagBag from /mnt/c/Users/Pato_/OneDrive/Documentos/ITBA/PYTHON_DATA_APP/itba/lib/python3.10/site-packages/airflow/example_dags/example_subdag_operator.py
[2024-10-20T19:31:57.316-0300] {processor.py:925} INFO - DAG(s) 'example_subdag_operator.section-1', 'example_subdag_operator.section-2', 'example_subdag_operator' retrieved from /mnt/c/Users/Pato_/OneDrive/Documentos/ITBA/PYTHON_DATA_APP/itba/lib/python3.10/site-packages/airflow/example_dags/example_subdag_operator.py
[2024-10-20T19:31:57.331-0300] {logging_mixin.py:190} INFO - [2024-10-20T19:31:57.330-0300] {dag.py:3239} INFO - Sync 3 DAGs
[2024-10-20T19:31:57.344-0300] {logging_mixin.py:190} INFO - [2024-10-20T19:31:57.344-0300] {dag.py:4180} INFO - Setting next_dagrun for example_subdag_operator to 2022-01-01 00:00:00+00:00, run_after=2022-01-01 00:00:00+00:00
[2024-10-20T19:31:57.347-0300] {logging_mixin.py:190} INFO - [2024-10-20T19:31:57.347-0300] {dag.py:4180} INFO - Setting next_dagrun for example_subdag_operator.section-1 to None, run_after=None
[2024-10-20T19:31:57.349-0300] {logging_mixin.py:190} INFO - [2024-10-20T19:31:57.349-0300] {dag.py:4180} INFO - Setting next_dagrun for example_subdag_operator.section-2 to None, run_after=None
[2024-10-20T19:31:57.359-0300] {logging_mixin.py:190} INFO - [2024-10-20T19:31:57.358-0300] {dag.py:3239} INFO - Sync 2 DAGs
[2024-10-20T19:31:57.362-0300] {logging_mixin.py:190} INFO - [2024-10-20T19:31:57.362-0300] {dag.py:4180} INFO - Setting next_dagrun for example_subdag_operator.section-1 to None, run_after=None
[2024-10-20T19:31:57.363-0300] {logging_mixin.py:190} INFO - [2024-10-20T19:31:57.363-0300] {dag.py:4180} INFO - Setting next_dagrun for example_subdag_operator.section-2 to None, run_after=None
[2024-10-20T19:31:57.385-0300] {processor.py:208} INFO - Processing /mnt/c/Users/Pato_/OneDrive/Documentos/ITBA/PYTHON_DATA_APP/itba/lib/python3.10/site-packages/airflow/example_dags/example_subdag_operator.py took 0.154 seconds
[2024-10-20T19:33:04.137-0300] {processor.py:186} INFO - Started process (PID=317584) to work on /mnt/c/Users/Pato_/OneDrive/Documentos/ITBA/PYTHON_DATA_APP/itba/lib/python3.10/site-packages/airflow/example_dags/example_subdag_operator.py
[2024-10-20T19:33:04.138-0300] {processor.py:914} INFO - Processing file /mnt/c/Users/Pato_/OneDrive/Documentos/ITBA/PYTHON_DATA_APP/itba/lib/python3.10/site-packages/airflow/example_dags/example_subdag_operator.py for tasks to queue
[2024-10-20T19:33:04.141-0300] {logging_mixin.py:190} INFO - [2024-10-20T19:33:04.140-0300] {dagbag.py:588} INFO - Filling up the DagBag from /mnt/c/Users/Pato_/OneDrive/Documentos/ITBA/PYTHON_DATA_APP/itba/lib/python3.10/site-packages/airflow/example_dags/example_subdag_operator.py
[2024-10-20T19:33:04.216-0300] {processor.py:925} INFO - DAG(s) 'example_subdag_operator.section-1', 'example_subdag_operator.section-2', 'example_subdag_operator' retrieved from /mnt/c/Users/Pato_/OneDrive/Documentos/ITBA/PYTHON_DATA_APP/itba/lib/python3.10/site-packages/airflow/example_dags/example_subdag_operator.py
[2024-10-20T19:33:04.231-0300] {logging_mixin.py:190} INFO - [2024-10-20T19:33:04.231-0300] {dag.py:3239} INFO - Sync 3 DAGs
[2024-10-20T19:33:04.245-0300] {logging_mixin.py:190} INFO - [2024-10-20T19:33:04.245-0300] {dag.py:4180} INFO - Setting next_dagrun for example_subdag_operator to 2022-01-01 00:00:00+00:00, run_after=2022-01-01 00:00:00+00:00
[2024-10-20T19:33:04.249-0300] {logging_mixin.py:190} INFO - [2024-10-20T19:33:04.248-0300] {dag.py:4180} INFO - Setting next_dagrun for example_subdag_operator.section-1 to None, run_after=None
[2024-10-20T19:33:04.251-0300] {logging_mixin.py:190} INFO - [2024-10-20T19:33:04.250-0300] {dag.py:4180} INFO - Setting next_dagrun for example_subdag_operator.section-2 to None, run_after=None
[2024-10-20T19:33:04.260-0300] {logging_mixin.py:190} INFO - [2024-10-20T19:33:04.259-0300] {dag.py:3239} INFO - Sync 2 DAGs
[2024-10-20T19:33:04.262-0300] {logging_mixin.py:190} INFO - [2024-10-20T19:33:04.262-0300] {dag.py:4180} INFO - Setting next_dagrun for example_subdag_operator.section-1 to None, run_after=None
[2024-10-20T19:33:04.264-0300] {logging_mixin.py:190} INFO - [2024-10-20T19:33:04.263-0300] {dag.py:4180} INFO - Setting next_dagrun for example_subdag_operator.section-2 to None, run_after=None
[2024-10-20T19:33:04.285-0300] {processor.py:208} INFO - Processing /mnt/c/Users/Pato_/OneDrive/Documentos/ITBA/PYTHON_DATA_APP/itba/lib/python3.10/site-packages/airflow/example_dags/example_subdag_operator.py took 0.155 seconds
[2024-10-20T19:34:10.468-0300] {processor.py:186} INFO - Started process (PID=318236) to work on /mnt/c/Users/Pato_/OneDrive/Documentos/ITBA/PYTHON_DATA_APP/itba/lib/python3.10/site-packages/airflow/example_dags/example_subdag_operator.py
[2024-10-20T19:34:10.469-0300] {processor.py:914} INFO - Processing file /mnt/c/Users/Pato_/OneDrive/Documentos/ITBA/PYTHON_DATA_APP/itba/lib/python3.10/site-packages/airflow/example_dags/example_subdag_operator.py for tasks to queue
[2024-10-20T19:34:10.472-0300] {logging_mixin.py:190} INFO - [2024-10-20T19:34:10.471-0300] {dagbag.py:588} INFO - Filling up the DagBag from /mnt/c/Users/Pato_/OneDrive/Documentos/ITBA/PYTHON_DATA_APP/itba/lib/python3.10/site-packages/airflow/example_dags/example_subdag_operator.py
[2024-10-20T19:34:10.546-0300] {processor.py:925} INFO - DAG(s) 'example_subdag_operator.section-1', 'example_subdag_operator.section-2', 'example_subdag_operator' retrieved from /mnt/c/Users/Pato_/OneDrive/Documentos/ITBA/PYTHON_DATA_APP/itba/lib/python3.10/site-packages/airflow/example_dags/example_subdag_operator.py
[2024-10-20T19:34:10.561-0300] {logging_mixin.py:190} INFO - [2024-10-20T19:34:10.561-0300] {dag.py:3239} INFO - Sync 3 DAGs
[2024-10-20T19:34:10.575-0300] {logging_mixin.py:190} INFO - [2024-10-20T19:34:10.574-0300] {dag.py:4180} INFO - Setting next_dagrun for example_subdag_operator to 2022-01-01 00:00:00+00:00, run_after=2022-01-01 00:00:00+00:00
[2024-10-20T19:34:10.578-0300] {logging_mixin.py:190} INFO - [2024-10-20T19:34:10.578-0300] {dag.py:4180} INFO - Setting next_dagrun for example_subdag_operator.section-1 to None, run_after=None
[2024-10-20T19:34:10.580-0300] {logging_mixin.py:190} INFO - [2024-10-20T19:34:10.580-0300] {dag.py:4180} INFO - Setting next_dagrun for example_subdag_operator.section-2 to None, run_after=None
[2024-10-20T19:34:10.589-0300] {logging_mixin.py:190} INFO - [2024-10-20T19:34:10.588-0300] {dag.py:3239} INFO - Sync 2 DAGs
[2024-10-20T19:34:10.592-0300] {logging_mixin.py:190} INFO - [2024-10-20T19:34:10.591-0300] {dag.py:4180} INFO - Setting next_dagrun for example_subdag_operator.section-1 to None, run_after=None
[2024-10-20T19:34:10.593-0300] {logging_mixin.py:190} INFO - [2024-10-20T19:34:10.593-0300] {dag.py:4180} INFO - Setting next_dagrun for example_subdag_operator.section-2 to None, run_after=None
[2024-10-20T19:34:10.615-0300] {processor.py:208} INFO - Processing /mnt/c/Users/Pato_/OneDrive/Documentos/ITBA/PYTHON_DATA_APP/itba/lib/python3.10/site-packages/airflow/example_dags/example_subdag_operator.py took 0.154 seconds
[2024-10-20T19:35:19.852-0300] {processor.py:186} INFO - Started process (PID=319040) to work on /mnt/c/Users/Pato_/OneDrive/Documentos/ITBA/PYTHON_DATA_APP/itba/lib/python3.10/site-packages/airflow/example_dags/example_subdag_operator.py
[2024-10-20T19:35:19.853-0300] {processor.py:914} INFO - Processing file /mnt/c/Users/Pato_/OneDrive/Documentos/ITBA/PYTHON_DATA_APP/itba/lib/python3.10/site-packages/airflow/example_dags/example_subdag_operator.py for tasks to queue
[2024-10-20T19:35:19.856-0300] {logging_mixin.py:190} INFO - [2024-10-20T19:35:19.855-0300] {dagbag.py:588} INFO - Filling up the DagBag from /mnt/c/Users/Pato_/OneDrive/Documentos/ITBA/PYTHON_DATA_APP/itba/lib/python3.10/site-packages/airflow/example_dags/example_subdag_operator.py
[2024-10-20T19:35:19.934-0300] {processor.py:925} INFO - DAG(s) 'example_subdag_operator.section-1', 'example_subdag_operator.section-2', 'example_subdag_operator' retrieved from /mnt/c/Users/Pato_/OneDrive/Documentos/ITBA/PYTHON_DATA_APP/itba/lib/python3.10/site-packages/airflow/example_dags/example_subdag_operator.py
[2024-10-20T19:35:19.951-0300] {logging_mixin.py:190} INFO - [2024-10-20T19:35:19.950-0300] {dag.py:3239} INFO - Sync 3 DAGs
[2024-10-20T19:35:19.966-0300] {logging_mixin.py:190} INFO - [2024-10-20T19:35:19.965-0300] {dag.py:4180} INFO - Setting next_dagrun for example_subdag_operator to 2022-01-01 00:00:00+00:00, run_after=2022-01-01 00:00:00+00:00
[2024-10-20T19:35:19.969-0300] {logging_mixin.py:190} INFO - [2024-10-20T19:35:19.969-0300] {dag.py:4180} INFO - Setting next_dagrun for example_subdag_operator.section-1 to None, run_after=None
[2024-10-20T19:35:19.971-0300] {logging_mixin.py:190} INFO - [2024-10-20T19:35:19.971-0300] {dag.py:4180} INFO - Setting next_dagrun for example_subdag_operator.section-2 to None, run_after=None
[2024-10-20T19:35:19.981-0300] {logging_mixin.py:190} INFO - [2024-10-20T19:35:19.980-0300] {dag.py:3239} INFO - Sync 2 DAGs
[2024-10-20T19:35:19.983-0300] {logging_mixin.py:190} INFO - [2024-10-20T19:35:19.983-0300] {dag.py:4180} INFO - Setting next_dagrun for example_subdag_operator.section-1 to None, run_after=None
[2024-10-20T19:35:19.985-0300] {logging_mixin.py:190} INFO - [2024-10-20T19:35:19.984-0300] {dag.py:4180} INFO - Setting next_dagrun for example_subdag_operator.section-2 to None, run_after=None
[2024-10-20T19:35:20.014-0300] {processor.py:208} INFO - Processing /mnt/c/Users/Pato_/OneDrive/Documentos/ITBA/PYTHON_DATA_APP/itba/lib/python3.10/site-packages/airflow/example_dags/example_subdag_operator.py took 0.169 seconds
[2024-10-20T19:36:29.539-0300] {processor.py:186} INFO - Started process (PID=319587) to work on /mnt/c/Users/Pato_/OneDrive/Documentos/ITBA/PYTHON_DATA_APP/itba/lib/python3.10/site-packages/airflow/example_dags/example_subdag_operator.py
[2024-10-20T19:36:29.540-0300] {processor.py:914} INFO - Processing file /mnt/c/Users/Pato_/OneDrive/Documentos/ITBA/PYTHON_DATA_APP/itba/lib/python3.10/site-packages/airflow/example_dags/example_subdag_operator.py for tasks to queue
[2024-10-20T19:36:29.542-0300] {logging_mixin.py:190} INFO - [2024-10-20T19:36:29.541-0300] {dagbag.py:588} INFO - Filling up the DagBag from /mnt/c/Users/Pato_/OneDrive/Documentos/ITBA/PYTHON_DATA_APP/itba/lib/python3.10/site-packages/airflow/example_dags/example_subdag_operator.py
[2024-10-20T19:36:29.615-0300] {processor.py:925} INFO - DAG(s) 'example_subdag_operator.section-1', 'example_subdag_operator.section-2', 'example_subdag_operator' retrieved from /mnt/c/Users/Pato_/OneDrive/Documentos/ITBA/PYTHON_DATA_APP/itba/lib/python3.10/site-packages/airflow/example_dags/example_subdag_operator.py
[2024-10-20T19:36:29.630-0300] {logging_mixin.py:190} INFO - [2024-10-20T19:36:29.629-0300] {dag.py:3239} INFO - Sync 3 DAGs
[2024-10-20T19:36:29.643-0300] {logging_mixin.py:190} INFO - [2024-10-20T19:36:29.643-0300] {dag.py:4180} INFO - Setting next_dagrun for example_subdag_operator to 2022-01-01 00:00:00+00:00, run_after=2022-01-01 00:00:00+00:00
[2024-10-20T19:36:29.647-0300] {logging_mixin.py:190} INFO - [2024-10-20T19:36:29.646-0300] {dag.py:4180} INFO - Setting next_dagrun for example_subdag_operator.section-1 to None, run_after=None
[2024-10-20T19:36:29.649-0300] {logging_mixin.py:190} INFO - [2024-10-20T19:36:29.648-0300] {dag.py:4180} INFO - Setting next_dagrun for example_subdag_operator.section-2 to None, run_after=None
[2024-10-20T19:36:29.657-0300] {logging_mixin.py:190} INFO - [2024-10-20T19:36:29.657-0300] {dag.py:3239} INFO - Sync 2 DAGs
[2024-10-20T19:36:29.660-0300] {logging_mixin.py:190} INFO - [2024-10-20T19:36:29.659-0300] {dag.py:4180} INFO - Setting next_dagrun for example_subdag_operator.section-1 to None, run_after=None
[2024-10-20T19:36:29.661-0300] {logging_mixin.py:190} INFO - [2024-10-20T19:36:29.661-0300] {dag.py:4180} INFO - Setting next_dagrun for example_subdag_operator.section-2 to None, run_after=None
[2024-10-20T19:36:29.684-0300] {processor.py:208} INFO - Processing /mnt/c/Users/Pato_/OneDrive/Documentos/ITBA/PYTHON_DATA_APP/itba/lib/python3.10/site-packages/airflow/example_dags/example_subdag_operator.py took 0.152 seconds
[2024-10-20T19:37:37.680-0300] {processor.py:186} INFO - Started process (PID=320116) to work on /mnt/c/Users/Pato_/OneDrive/Documentos/ITBA/PYTHON_DATA_APP/itba/lib/python3.10/site-packages/airflow/example_dags/example_subdag_operator.py
[2024-10-20T19:37:37.681-0300] {processor.py:914} INFO - Processing file /mnt/c/Users/Pato_/OneDrive/Documentos/ITBA/PYTHON_DATA_APP/itba/lib/python3.10/site-packages/airflow/example_dags/example_subdag_operator.py for tasks to queue
[2024-10-20T19:37:37.684-0300] {logging_mixin.py:190} INFO - [2024-10-20T19:37:37.683-0300] {dagbag.py:588} INFO - Filling up the DagBag from /mnt/c/Users/Pato_/OneDrive/Documentos/ITBA/PYTHON_DATA_APP/itba/lib/python3.10/site-packages/airflow/example_dags/example_subdag_operator.py
[2024-10-20T19:37:37.756-0300] {processor.py:925} INFO - DAG(s) 'example_subdag_operator.section-1', 'example_subdag_operator.section-2', 'example_subdag_operator' retrieved from /mnt/c/Users/Pato_/OneDrive/Documentos/ITBA/PYTHON_DATA_APP/itba/lib/python3.10/site-packages/airflow/example_dags/example_subdag_operator.py
[2024-10-20T19:37:37.771-0300] {logging_mixin.py:190} INFO - [2024-10-20T19:37:37.771-0300] {dag.py:3239} INFO - Sync 3 DAGs
[2024-10-20T19:37:37.785-0300] {logging_mixin.py:190} INFO - [2024-10-20T19:37:37.785-0300] {dag.py:4180} INFO - Setting next_dagrun for example_subdag_operator to 2022-01-01 00:00:00+00:00, run_after=2022-01-01 00:00:00+00:00
[2024-10-20T19:37:37.788-0300] {logging_mixin.py:190} INFO - [2024-10-20T19:37:37.788-0300] {dag.py:4180} INFO - Setting next_dagrun for example_subdag_operator.section-1 to None, run_after=None
[2024-10-20T19:37:37.790-0300] {logging_mixin.py:190} INFO - [2024-10-20T19:37:37.790-0300] {dag.py:4180} INFO - Setting next_dagrun for example_subdag_operator.section-2 to None, run_after=None
[2024-10-20T19:37:37.799-0300] {logging_mixin.py:190} INFO - [2024-10-20T19:37:37.799-0300] {dag.py:3239} INFO - Sync 2 DAGs
[2024-10-20T19:37:37.802-0300] {logging_mixin.py:190} INFO - [2024-10-20T19:37:37.801-0300] {dag.py:4180} INFO - Setting next_dagrun for example_subdag_operator.section-1 to None, run_after=None
[2024-10-20T19:37:37.803-0300] {logging_mixin.py:190} INFO - [2024-10-20T19:37:37.802-0300] {dag.py:4180} INFO - Setting next_dagrun for example_subdag_operator.section-2 to None, run_after=None
[2024-10-20T19:37:37.824-0300] {processor.py:208} INFO - Processing /mnt/c/Users/Pato_/OneDrive/Documentos/ITBA/PYTHON_DATA_APP/itba/lib/python3.10/site-packages/airflow/example_dags/example_subdag_operator.py took 0.150 seconds
[2024-10-20T19:38:42.279-0300] {processor.py:186} INFO - Started process (PID=320623) to work on /mnt/c/Users/Pato_/OneDrive/Documentos/ITBA/PYTHON_DATA_APP/itba/lib/python3.10/site-packages/airflow/example_dags/example_subdag_operator.py
[2024-10-20T19:38:42.280-0300] {processor.py:914} INFO - Processing file /mnt/c/Users/Pato_/OneDrive/Documentos/ITBA/PYTHON_DATA_APP/itba/lib/python3.10/site-packages/airflow/example_dags/example_subdag_operator.py for tasks to queue
[2024-10-20T19:38:42.283-0300] {logging_mixin.py:190} INFO - [2024-10-20T19:38:42.282-0300] {dagbag.py:588} INFO - Filling up the DagBag from /mnt/c/Users/Pato_/OneDrive/Documentos/ITBA/PYTHON_DATA_APP/itba/lib/python3.10/site-packages/airflow/example_dags/example_subdag_operator.py
[2024-10-20T19:38:42.363-0300] {processor.py:925} INFO - DAG(s) 'example_subdag_operator.section-1', 'example_subdag_operator.section-2', 'example_subdag_operator' retrieved from /mnt/c/Users/Pato_/OneDrive/Documentos/ITBA/PYTHON_DATA_APP/itba/lib/python3.10/site-packages/airflow/example_dags/example_subdag_operator.py
[2024-10-20T19:38:42.378-0300] {logging_mixin.py:190} INFO - [2024-10-20T19:38:42.377-0300] {dag.py:3239} INFO - Sync 3 DAGs
[2024-10-20T19:38:42.392-0300] {logging_mixin.py:190} INFO - [2024-10-20T19:38:42.392-0300] {dag.py:4180} INFO - Setting next_dagrun for example_subdag_operator to 2022-01-01 00:00:00+00:00, run_after=2022-01-01 00:00:00+00:00
[2024-10-20T19:38:42.396-0300] {logging_mixin.py:190} INFO - [2024-10-20T19:38:42.395-0300] {dag.py:4180} INFO - Setting next_dagrun for example_subdag_operator.section-1 to None, run_after=None
[2024-10-20T19:38:42.398-0300] {logging_mixin.py:190} INFO - [2024-10-20T19:38:42.397-0300] {dag.py:4180} INFO - Setting next_dagrun for example_subdag_operator.section-2 to None, run_after=None
[2024-10-20T19:38:42.407-0300] {logging_mixin.py:190} INFO - [2024-10-20T19:38:42.406-0300] {dag.py:3239} INFO - Sync 2 DAGs
[2024-10-20T19:38:42.410-0300] {logging_mixin.py:190} INFO - [2024-10-20T19:38:42.409-0300] {dag.py:4180} INFO - Setting next_dagrun for example_subdag_operator.section-1 to None, run_after=None
[2024-10-20T19:38:42.411-0300] {logging_mixin.py:190} INFO - [2024-10-20T19:38:42.411-0300] {dag.py:4180} INFO - Setting next_dagrun for example_subdag_operator.section-2 to None, run_after=None
[2024-10-20T19:38:42.433-0300] {processor.py:208} INFO - Processing /mnt/c/Users/Pato_/OneDrive/Documentos/ITBA/PYTHON_DATA_APP/itba/lib/python3.10/site-packages/airflow/example_dags/example_subdag_operator.py took 0.161 seconds
[2024-10-20T19:39:50.738-0300] {processor.py:186} INFO - Started process (PID=321248) to work on /mnt/c/Users/Pato_/OneDrive/Documentos/ITBA/PYTHON_DATA_APP/itba/lib/python3.10/site-packages/airflow/example_dags/example_subdag_operator.py
[2024-10-20T19:39:50.739-0300] {processor.py:914} INFO - Processing file /mnt/c/Users/Pato_/OneDrive/Documentos/ITBA/PYTHON_DATA_APP/itba/lib/python3.10/site-packages/airflow/example_dags/example_subdag_operator.py for tasks to queue
[2024-10-20T19:39:50.741-0300] {logging_mixin.py:190} INFO - [2024-10-20T19:39:50.740-0300] {dagbag.py:588} INFO - Filling up the DagBag from /mnt/c/Users/Pato_/OneDrive/Documentos/ITBA/PYTHON_DATA_APP/itba/lib/python3.10/site-packages/airflow/example_dags/example_subdag_operator.py
[2024-10-20T19:39:50.816-0300] {processor.py:925} INFO - DAG(s) 'example_subdag_operator.section-1', 'example_subdag_operator.section-2', 'example_subdag_operator' retrieved from /mnt/c/Users/Pato_/OneDrive/Documentos/ITBA/PYTHON_DATA_APP/itba/lib/python3.10/site-packages/airflow/example_dags/example_subdag_operator.py
[2024-10-20T19:39:50.831-0300] {logging_mixin.py:190} INFO - [2024-10-20T19:39:50.830-0300] {dag.py:3239} INFO - Sync 3 DAGs
[2024-10-20T19:39:50.845-0300] {logging_mixin.py:190} INFO - [2024-10-20T19:39:50.844-0300] {dag.py:4180} INFO - Setting next_dagrun for example_subdag_operator to 2022-01-01 00:00:00+00:00, run_after=2022-01-01 00:00:00+00:00
[2024-10-20T19:39:50.848-0300] {logging_mixin.py:190} INFO - [2024-10-20T19:39:50.848-0300] {dag.py:4180} INFO - Setting next_dagrun for example_subdag_operator.section-1 to None, run_after=None
[2024-10-20T19:39:50.850-0300] {logging_mixin.py:190} INFO - [2024-10-20T19:39:50.850-0300] {dag.py:4180} INFO - Setting next_dagrun for example_subdag_operator.section-2 to None, run_after=None
[2024-10-20T19:39:50.859-0300] {logging_mixin.py:190} INFO - [2024-10-20T19:39:50.858-0300] {dag.py:3239} INFO - Sync 2 DAGs
[2024-10-20T19:39:50.862-0300] {logging_mixin.py:190} INFO - [2024-10-20T19:39:50.861-0300] {dag.py:4180} INFO - Setting next_dagrun for example_subdag_operator.section-1 to None, run_after=None
[2024-10-20T19:39:50.863-0300] {logging_mixin.py:190} INFO - [2024-10-20T19:39:50.862-0300] {dag.py:4180} INFO - Setting next_dagrun for example_subdag_operator.section-2 to None, run_after=None
[2024-10-20T19:39:50.886-0300] {processor.py:208} INFO - Processing /mnt/c/Users/Pato_/OneDrive/Documentos/ITBA/PYTHON_DATA_APP/itba/lib/python3.10/site-packages/airflow/example_dags/example_subdag_operator.py took 0.155 seconds
[2024-10-20T19:40:55.011-0300] {processor.py:186} INFO - Started process (PID=322043) to work on /mnt/c/Users/Pato_/OneDrive/Documentos/ITBA/PYTHON_DATA_APP/itba/lib/python3.10/site-packages/airflow/example_dags/example_subdag_operator.py
[2024-10-20T19:40:55.012-0300] {processor.py:914} INFO - Processing file /mnt/c/Users/Pato_/OneDrive/Documentos/ITBA/PYTHON_DATA_APP/itba/lib/python3.10/site-packages/airflow/example_dags/example_subdag_operator.py for tasks to queue
[2024-10-20T19:40:55.014-0300] {logging_mixin.py:190} INFO - [2024-10-20T19:40:55.014-0300] {dagbag.py:588} INFO - Filling up the DagBag from /mnt/c/Users/Pato_/OneDrive/Documentos/ITBA/PYTHON_DATA_APP/itba/lib/python3.10/site-packages/airflow/example_dags/example_subdag_operator.py
[2024-10-20T19:40:55.089-0300] {processor.py:925} INFO - DAG(s) 'example_subdag_operator.section-1', 'example_subdag_operator.section-2', 'example_subdag_operator' retrieved from /mnt/c/Users/Pato_/OneDrive/Documentos/ITBA/PYTHON_DATA_APP/itba/lib/python3.10/site-packages/airflow/example_dags/example_subdag_operator.py
[2024-10-20T19:40:55.103-0300] {logging_mixin.py:190} INFO - [2024-10-20T19:40:55.103-0300] {dag.py:3239} INFO - Sync 3 DAGs
[2024-10-20T19:40:55.117-0300] {logging_mixin.py:190} INFO - [2024-10-20T19:40:55.117-0300] {dag.py:4180} INFO - Setting next_dagrun for example_subdag_operator to 2022-01-01 00:00:00+00:00, run_after=2022-01-01 00:00:00+00:00
[2024-10-20T19:40:55.121-0300] {logging_mixin.py:190} INFO - [2024-10-20T19:40:55.120-0300] {dag.py:4180} INFO - Setting next_dagrun for example_subdag_operator.section-1 to None, run_after=None
[2024-10-20T19:40:55.123-0300] {logging_mixin.py:190} INFO - [2024-10-20T19:40:55.122-0300] {dag.py:4180} INFO - Setting next_dagrun for example_subdag_operator.section-2 to None, run_after=None
[2024-10-20T19:40:55.132-0300] {logging_mixin.py:190} INFO - [2024-10-20T19:40:55.131-0300] {dag.py:3239} INFO - Sync 2 DAGs
[2024-10-20T19:40:55.134-0300] {logging_mixin.py:190} INFO - [2024-10-20T19:40:55.134-0300] {dag.py:4180} INFO - Setting next_dagrun for example_subdag_operator.section-1 to None, run_after=None
[2024-10-20T19:40:55.135-0300] {logging_mixin.py:190} INFO - [2024-10-20T19:40:55.135-0300] {dag.py:4180} INFO - Setting next_dagrun for example_subdag_operator.section-2 to None, run_after=None
[2024-10-20T19:40:55.158-0300] {processor.py:208} INFO - Processing /mnt/c/Users/Pato_/OneDrive/Documentos/ITBA/PYTHON_DATA_APP/itba/lib/python3.10/site-packages/airflow/example_dags/example_subdag_operator.py took 0.153 seconds
[2024-10-20T19:42:03.018-0300] {processor.py:186} INFO - Started process (PID=322577) to work on /mnt/c/Users/Pato_/OneDrive/Documentos/ITBA/PYTHON_DATA_APP/itba/lib/python3.10/site-packages/airflow/example_dags/example_subdag_operator.py
[2024-10-20T19:42:03.019-0300] {processor.py:914} INFO - Processing file /mnt/c/Users/Pato_/OneDrive/Documentos/ITBA/PYTHON_DATA_APP/itba/lib/python3.10/site-packages/airflow/example_dags/example_subdag_operator.py for tasks to queue
[2024-10-20T19:42:03.021-0300] {logging_mixin.py:190} INFO - [2024-10-20T19:42:03.021-0300] {dagbag.py:588} INFO - Filling up the DagBag from /mnt/c/Users/Pato_/OneDrive/Documentos/ITBA/PYTHON_DATA_APP/itba/lib/python3.10/site-packages/airflow/example_dags/example_subdag_operator.py
[2024-10-20T19:42:03.096-0300] {processor.py:925} INFO - DAG(s) 'example_subdag_operator.section-1', 'example_subdag_operator.section-2', 'example_subdag_operator' retrieved from /mnt/c/Users/Pato_/OneDrive/Documentos/ITBA/PYTHON_DATA_APP/itba/lib/python3.10/site-packages/airflow/example_dags/example_subdag_operator.py
[2024-10-20T19:42:03.111-0300] {logging_mixin.py:190} INFO - [2024-10-20T19:42:03.110-0300] {dag.py:3239} INFO - Sync 3 DAGs
[2024-10-20T19:42:03.125-0300] {logging_mixin.py:190} INFO - [2024-10-20T19:42:03.124-0300] {dag.py:4180} INFO - Setting next_dagrun for example_subdag_operator to 2022-01-01 00:00:00+00:00, run_after=2022-01-01 00:00:00+00:00
[2024-10-20T19:42:03.128-0300] {logging_mixin.py:190} INFO - [2024-10-20T19:42:03.128-0300] {dag.py:4180} INFO - Setting next_dagrun for example_subdag_operator.section-1 to None, run_after=None
[2024-10-20T19:42:03.130-0300] {logging_mixin.py:190} INFO - [2024-10-20T19:42:03.130-0300] {dag.py:4180} INFO - Setting next_dagrun for example_subdag_operator.section-2 to None, run_after=None
[2024-10-20T19:42:03.140-0300] {logging_mixin.py:190} INFO - [2024-10-20T19:42:03.139-0300] {dag.py:3239} INFO - Sync 2 DAGs
[2024-10-20T19:42:03.143-0300] {logging_mixin.py:190} INFO - [2024-10-20T19:42:03.142-0300] {dag.py:4180} INFO - Setting next_dagrun for example_subdag_operator.section-1 to None, run_after=None
[2024-10-20T19:42:03.144-0300] {logging_mixin.py:190} INFO - [2024-10-20T19:42:03.143-0300] {dag.py:4180} INFO - Setting next_dagrun for example_subdag_operator.section-2 to None, run_after=None
[2024-10-20T19:42:03.165-0300] {processor.py:208} INFO - Processing /mnt/c/Users/Pato_/OneDrive/Documentos/ITBA/PYTHON_DATA_APP/itba/lib/python3.10/site-packages/airflow/example_dags/example_subdag_operator.py took 0.154 seconds
