[2024-10-20T19:01:10.781-0300] {processor.py:186} INFO - Started process (PID=299205) to work on /mnt/c/Users/Pato_/OneDrive/Documentos/ITBA/PYTHON_DATA_APP/itba/lib/python3.10/site-packages/airflow/example_dags/example_inlet_event_extra.py
[2024-10-20T19:01:10.782-0300] {processor.py:914} INFO - Processing file /mnt/c/Users/Pato_/OneDrive/Documentos/ITBA/PYTHON_DATA_APP/itba/lib/python3.10/site-packages/airflow/example_dags/example_inlet_event_extra.py for tasks to queue
[2024-10-20T19:01:10.866-0300] {logging_mixin.py:190} INFO - [2024-10-20T19:01:10.865-0300] {dagbag.py:588} INFO - Filling up the DagBag from /mnt/c/Users/Pato_/OneDrive/Documentos/ITBA/PYTHON_DATA_APP/itba/lib/python3.10/site-packages/airflow/example_dags/example_inlet_event_extra.py
[2024-10-20T19:01:10.946-0300] {processor.py:925} INFO - DAG(s) 'read_dataset_event_from_classic', 'read_dataset_event' retrieved from /mnt/c/Users/Pato_/OneDrive/Documentos/ITBA/PYTHON_DATA_APP/itba/lib/python3.10/site-packages/airflow/example_dags/example_inlet_event_extra.py
[2024-10-20T19:01:11.842-0300] {logging_mixin.py:190} INFO - [2024-10-20T19:01:11.841-0300] {override.py:1907} INFO - Created Permission View: can read on DAG:read_dataset_event_from_classic
[2024-10-20T19:01:12.045-0300] {logging_mixin.py:190} INFO - [2024-10-20T19:01:12.044-0300] {override.py:1907} INFO - Created Permission View: can delete on DAG:read_dataset_event_from_classic
[2024-10-20T19:01:12.161-0300] {logging_mixin.py:190} INFO - [2024-10-20T19:01:12.160-0300] {override.py:1907} INFO - Created Permission View: can edit on DAG:read_dataset_event_from_classic
[2024-10-20T19:01:12.391-0300] {logging_mixin.py:190} INFO - [2024-10-20T19:01:12.390-0300] {override.py:1907} INFO - Created Permission View: can read on DAG Run:read_dataset_event_from_classic
[2024-10-20T19:01:12.509-0300] {logging_mixin.py:190} INFO - [2024-10-20T19:01:12.509-0300] {override.py:1907} INFO - Created Permission View: can delete on DAG Run:read_dataset_event_from_classic
[2024-10-20T19:01:12.633-0300] {logging_mixin.py:190} INFO - [2024-10-20T19:01:12.633-0300] {override.py:1907} INFO - Created Permission View: can create on DAG Run:read_dataset_event_from_classic
[2024-10-20T19:01:12.752-0300] {logging_mixin.py:190} INFO - [2024-10-20T19:01:12.752-0300] {override.py:1907} INFO - Created Permission View: menu access on DAG Run:read_dataset_event_from_classic
[2024-10-20T19:01:12.989-0300] {logging_mixin.py:190} INFO - [2024-10-20T19:01:12.988-0300] {override.py:1907} INFO - Created Permission View: can read on DAG:read_dataset_event
[2024-10-20T19:01:13.109-0300] {logging_mixin.py:190} INFO - [2024-10-20T19:01:13.108-0300] {override.py:1907} INFO - Created Permission View: can delete on DAG:read_dataset_event
[2024-10-20T19:01:13.231-0300] {logging_mixin.py:190} INFO - [2024-10-20T19:01:13.230-0300] {override.py:1907} INFO - Created Permission View: can edit on DAG:read_dataset_event
[2024-10-20T19:01:13.541-0300] {logging_mixin.py:190} INFO - [2024-10-20T19:01:13.540-0300] {override.py:1907} INFO - Created Permission View: can read on DAG Run:read_dataset_event
[2024-10-20T19:01:13.662-0300] {logging_mixin.py:190} INFO - [2024-10-20T19:01:13.662-0300] {override.py:1907} INFO - Created Permission View: can delete on DAG Run:read_dataset_event
[2024-10-20T19:01:14.009-0300] {logging_mixin.py:190} INFO - [2024-10-20T19:01:14.009-0300] {override.py:1907} INFO - Created Permission View: can create on DAG Run:read_dataset_event
[2024-10-20T19:01:14.132-0300] {logging_mixin.py:190} INFO - [2024-10-20T19:01:14.131-0300] {override.py:1907} INFO - Created Permission View: menu access on DAG Run:read_dataset_event
[2024-10-20T19:01:14.133-0300] {logging_mixin.py:190} INFO - [2024-10-20T19:01:14.133-0300] {dag.py:3239} INFO - Sync 2 DAGs
[2024-10-20T19:01:14.144-0300] {logging_mixin.py:190} INFO - [2024-10-20T19:01:14.144-0300] {dag.py:3262} INFO - Creating ORM DAG for read_dataset_event
[2024-10-20T19:01:14.145-0300] {logging_mixin.py:190} INFO - [2024-10-20T19:01:14.145-0300] {dag.py:3262} INFO - Creating ORM DAG for read_dataset_event_from_classic
[2024-10-20T19:01:14.153-0300] {logging_mixin.py:190} INFO - [2024-10-20T19:01:14.153-0300] {dag.py:4180} INFO - Setting next_dagrun for read_dataset_event to 2024-10-19 00:00:00+00:00, run_after=2024-10-20 00:00:00+00:00
[2024-10-20T19:01:14.155-0300] {logging_mixin.py:190} INFO - [2024-10-20T19:01:14.155-0300] {dag.py:4180} INFO - Setting next_dagrun for read_dataset_event_from_classic to 2024-10-19 00:00:00+00:00, run_after=2024-10-20 00:00:00+00:00
[2024-10-20T19:01:14.294-0300] {processor.py:208} INFO - Processing /mnt/c/Users/Pato_/OneDrive/Documentos/ITBA/PYTHON_DATA_APP/itba/lib/python3.10/site-packages/airflow/example_dags/example_inlet_event_extra.py took 3.520 seconds
[2024-10-20T19:03:05.583-0300] {processor.py:186} INFO - Started process (PID=300094) to work on /mnt/c/Users/Pato_/OneDrive/Documentos/ITBA/PYTHON_DATA_APP/itba/lib/python3.10/site-packages/airflow/example_dags/example_inlet_event_extra.py
[2024-10-20T19:03:05.584-0300] {processor.py:914} INFO - Processing file /mnt/c/Users/Pato_/OneDrive/Documentos/ITBA/PYTHON_DATA_APP/itba/lib/python3.10/site-packages/airflow/example_dags/example_inlet_event_extra.py for tasks to queue
[2024-10-20T19:03:05.586-0300] {logging_mixin.py:190} INFO - [2024-10-20T19:03:05.585-0300] {dagbag.py:588} INFO - Filling up the DagBag from /mnt/c/Users/Pato_/OneDrive/Documentos/ITBA/PYTHON_DATA_APP/itba/lib/python3.10/site-packages/airflow/example_dags/example_inlet_event_extra.py
[2024-10-20T19:03:05.660-0300] {processor.py:925} INFO - DAG(s) 'read_dataset_event_from_classic', 'read_dataset_event' retrieved from /mnt/c/Users/Pato_/OneDrive/Documentos/ITBA/PYTHON_DATA_APP/itba/lib/python3.10/site-packages/airflow/example_dags/example_inlet_event_extra.py
[2024-10-20T19:03:05.677-0300] {logging_mixin.py:190} INFO - [2024-10-20T19:03:05.676-0300] {dag.py:3239} INFO - Sync 2 DAGs
[2024-10-20T19:03:05.691-0300] {logging_mixin.py:190} INFO - [2024-10-20T19:03:05.691-0300] {dag.py:4180} INFO - Setting next_dagrun for read_dataset_event to 2024-10-19 00:00:00+00:00, run_after=2024-10-20 00:00:00+00:00
[2024-10-20T19:03:05.695-0300] {logging_mixin.py:190} INFO - [2024-10-20T19:03:05.695-0300] {dag.py:4180} INFO - Setting next_dagrun for read_dataset_event_from_classic to 2024-10-19 00:00:00+00:00, run_after=2024-10-20 00:00:00+00:00
[2024-10-20T19:03:05.723-0300] {processor.py:208} INFO - Processing /mnt/c/Users/Pato_/OneDrive/Documentos/ITBA/PYTHON_DATA_APP/itba/lib/python3.10/site-packages/airflow/example_dags/example_inlet_event_extra.py took 0.147 seconds
[2024-10-20T19:04:14.881-0300] {processor.py:186} INFO - Started process (PID=300669) to work on /mnt/c/Users/Pato_/OneDrive/Documentos/ITBA/PYTHON_DATA_APP/itba/lib/python3.10/site-packages/airflow/example_dags/example_inlet_event_extra.py
[2024-10-20T19:04:14.883-0300] {processor.py:914} INFO - Processing file /mnt/c/Users/Pato_/OneDrive/Documentos/ITBA/PYTHON_DATA_APP/itba/lib/python3.10/site-packages/airflow/example_dags/example_inlet_event_extra.py for tasks to queue
[2024-10-20T19:04:14.885-0300] {logging_mixin.py:190} INFO - [2024-10-20T19:04:14.884-0300] {dagbag.py:588} INFO - Filling up the DagBag from /mnt/c/Users/Pato_/OneDrive/Documentos/ITBA/PYTHON_DATA_APP/itba/lib/python3.10/site-packages/airflow/example_dags/example_inlet_event_extra.py
[2024-10-20T19:04:14.960-0300] {processor.py:925} INFO - DAG(s) 'read_dataset_event', 'read_dataset_event_from_classic' retrieved from /mnt/c/Users/Pato_/OneDrive/Documentos/ITBA/PYTHON_DATA_APP/itba/lib/python3.10/site-packages/airflow/example_dags/example_inlet_event_extra.py
[2024-10-20T19:04:14.978-0300] {logging_mixin.py:190} INFO - [2024-10-20T19:04:14.977-0300] {dag.py:3239} INFO - Sync 2 DAGs
[2024-10-20T19:04:14.993-0300] {logging_mixin.py:190} INFO - [2024-10-20T19:04:14.992-0300] {dag.py:4180} INFO - Setting next_dagrun for read_dataset_event to 2024-10-19 00:00:00+00:00, run_after=2024-10-20 00:00:00+00:00
[2024-10-20T19:04:14.997-0300] {logging_mixin.py:190} INFO - [2024-10-20T19:04:14.996-0300] {dag.py:4180} INFO - Setting next_dagrun for read_dataset_event_from_classic to 2024-10-19 00:00:00+00:00, run_after=2024-10-20 00:00:00+00:00
[2024-10-20T19:04:15.024-0300] {processor.py:208} INFO - Processing /mnt/c/Users/Pato_/OneDrive/Documentos/ITBA/PYTHON_DATA_APP/itba/lib/python3.10/site-packages/airflow/example_dags/example_inlet_event_extra.py took 0.151 seconds
[2024-10-20T19:05:24.722-0300] {processor.py:186} INFO - Started process (PID=301436) to work on /mnt/c/Users/Pato_/OneDrive/Documentos/ITBA/PYTHON_DATA_APP/itba/lib/python3.10/site-packages/airflow/example_dags/example_inlet_event_extra.py
[2024-10-20T19:05:24.722-0300] {processor.py:914} INFO - Processing file /mnt/c/Users/Pato_/OneDrive/Documentos/ITBA/PYTHON_DATA_APP/itba/lib/python3.10/site-packages/airflow/example_dags/example_inlet_event_extra.py for tasks to queue
[2024-10-20T19:05:24.724-0300] {logging_mixin.py:190} INFO - [2024-10-20T19:05:24.724-0300] {dagbag.py:588} INFO - Filling up the DagBag from /mnt/c/Users/Pato_/OneDrive/Documentos/ITBA/PYTHON_DATA_APP/itba/lib/python3.10/site-packages/airflow/example_dags/example_inlet_event_extra.py
[2024-10-20T19:05:24.798-0300] {processor.py:925} INFO - DAG(s) 'read_dataset_event', 'read_dataset_event_from_classic' retrieved from /mnt/c/Users/Pato_/OneDrive/Documentos/ITBA/PYTHON_DATA_APP/itba/lib/python3.10/site-packages/airflow/example_dags/example_inlet_event_extra.py
[2024-10-20T19:05:24.815-0300] {logging_mixin.py:190} INFO - [2024-10-20T19:05:24.815-0300] {dag.py:3239} INFO - Sync 2 DAGs
[2024-10-20T19:05:24.831-0300] {logging_mixin.py:190} INFO - [2024-10-20T19:05:24.831-0300] {dag.py:4180} INFO - Setting next_dagrun for read_dataset_event to 2024-10-19 00:00:00+00:00, run_after=2024-10-20 00:00:00+00:00
[2024-10-20T19:05:24.835-0300] {logging_mixin.py:190} INFO - [2024-10-20T19:05:24.835-0300] {dag.py:4180} INFO - Setting next_dagrun for read_dataset_event_from_classic to 2024-10-19 00:00:00+00:00, run_after=2024-10-20 00:00:00+00:00
[2024-10-20T19:05:24.866-0300] {processor.py:208} INFO - Processing /mnt/c/Users/Pato_/OneDrive/Documentos/ITBA/PYTHON_DATA_APP/itba/lib/python3.10/site-packages/airflow/example_dags/example_inlet_event_extra.py took 0.151 seconds
[2024-10-20T19:08:21.447-0300] {processor.py:186} INFO - Started process (PID=303740) to work on /mnt/c/Users/Pato_/OneDrive/Documentos/ITBA/PYTHON_DATA_APP/itba/lib/python3.10/site-packages/airflow/example_dags/example_inlet_event_extra.py
[2024-10-20T19:08:21.448-0300] {processor.py:914} INFO - Processing file /mnt/c/Users/Pato_/OneDrive/Documentos/ITBA/PYTHON_DATA_APP/itba/lib/python3.10/site-packages/airflow/example_dags/example_inlet_event_extra.py for tasks to queue
[2024-10-20T19:08:21.450-0300] {logging_mixin.py:190} INFO - [2024-10-20T19:08:21.449-0300] {dagbag.py:588} INFO - Filling up the DagBag from /mnt/c/Users/Pato_/OneDrive/Documentos/ITBA/PYTHON_DATA_APP/itba/lib/python3.10/site-packages/airflow/example_dags/example_inlet_event_extra.py
[2024-10-20T19:08:21.529-0300] {processor.py:925} INFO - DAG(s) 'read_dataset_event', 'read_dataset_event_from_classic' retrieved from /mnt/c/Users/Pato_/OneDrive/Documentos/ITBA/PYTHON_DATA_APP/itba/lib/python3.10/site-packages/airflow/example_dags/example_inlet_event_extra.py
[2024-10-20T19:08:21.548-0300] {logging_mixin.py:190} INFO - [2024-10-20T19:08:21.547-0300] {dag.py:3239} INFO - Sync 2 DAGs
[2024-10-20T19:08:21.564-0300] {logging_mixin.py:190} INFO - [2024-10-20T19:08:21.563-0300] {dag.py:4180} INFO - Setting next_dagrun for read_dataset_event to 2024-10-19 00:00:00+00:00, run_after=2024-10-20 00:00:00+00:00
[2024-10-20T19:08:21.568-0300] {logging_mixin.py:190} INFO - [2024-10-20T19:08:21.568-0300] {dag.py:4180} INFO - Setting next_dagrun for read_dataset_event_from_classic to 2024-10-19 00:00:00+00:00, run_after=2024-10-20 00:00:00+00:00
[2024-10-20T19:08:21.597-0300] {processor.py:208} INFO - Processing /mnt/c/Users/Pato_/OneDrive/Documentos/ITBA/PYTHON_DATA_APP/itba/lib/python3.10/site-packages/airflow/example_dags/example_inlet_event_extra.py took 0.158 seconds
[2024-10-20T19:09:26.884-0300] {processor.py:186} INFO - Started process (PID=304315) to work on /mnt/c/Users/Pato_/OneDrive/Documentos/ITBA/PYTHON_DATA_APP/itba/lib/python3.10/site-packages/airflow/example_dags/example_inlet_event_extra.py
[2024-10-20T19:09:26.885-0300] {processor.py:914} INFO - Processing file /mnt/c/Users/Pato_/OneDrive/Documentos/ITBA/PYTHON_DATA_APP/itba/lib/python3.10/site-packages/airflow/example_dags/example_inlet_event_extra.py for tasks to queue
[2024-10-20T19:09:26.887-0300] {logging_mixin.py:190} INFO - [2024-10-20T19:09:26.887-0300] {dagbag.py:588} INFO - Filling up the DagBag from /mnt/c/Users/Pato_/OneDrive/Documentos/ITBA/PYTHON_DATA_APP/itba/lib/python3.10/site-packages/airflow/example_dags/example_inlet_event_extra.py
[2024-10-20T19:09:26.963-0300] {processor.py:925} INFO - DAG(s) 'read_dataset_event_from_classic', 'read_dataset_event' retrieved from /mnt/c/Users/Pato_/OneDrive/Documentos/ITBA/PYTHON_DATA_APP/itba/lib/python3.10/site-packages/airflow/example_dags/example_inlet_event_extra.py
[2024-10-20T19:09:26.981-0300] {logging_mixin.py:190} INFO - [2024-10-20T19:09:26.980-0300] {dag.py:3239} INFO - Sync 2 DAGs
[2024-10-20T19:09:26.996-0300] {logging_mixin.py:190} INFO - [2024-10-20T19:09:26.996-0300] {dag.py:4180} INFO - Setting next_dagrun for read_dataset_event to 2024-10-19 00:00:00+00:00, run_after=2024-10-20 00:00:00+00:00
[2024-10-20T19:09:27.001-0300] {logging_mixin.py:190} INFO - [2024-10-20T19:09:27.000-0300] {dag.py:4180} INFO - Setting next_dagrun for read_dataset_event_from_classic to 2024-10-19 00:00:00+00:00, run_after=2024-10-20 00:00:00+00:00
[2024-10-20T19:09:27.030-0300] {processor.py:208} INFO - Processing /mnt/c/Users/Pato_/OneDrive/Documentos/ITBA/PYTHON_DATA_APP/itba/lib/python3.10/site-packages/airflow/example_dags/example_inlet_event_extra.py took 0.152 seconds
[2024-10-20T19:10:33.027-0300] {processor.py:186} INFO - Started process (PID=304855) to work on /mnt/c/Users/Pato_/OneDrive/Documentos/ITBA/PYTHON_DATA_APP/itba/lib/python3.10/site-packages/airflow/example_dags/example_inlet_event_extra.py
[2024-10-20T19:10:33.028-0300] {processor.py:914} INFO - Processing file /mnt/c/Users/Pato_/OneDrive/Documentos/ITBA/PYTHON_DATA_APP/itba/lib/python3.10/site-packages/airflow/example_dags/example_inlet_event_extra.py for tasks to queue
[2024-10-20T19:10:33.030-0300] {logging_mixin.py:190} INFO - [2024-10-20T19:10:33.030-0300] {dagbag.py:588} INFO - Filling up the DagBag from /mnt/c/Users/Pato_/OneDrive/Documentos/ITBA/PYTHON_DATA_APP/itba/lib/python3.10/site-packages/airflow/example_dags/example_inlet_event_extra.py
[2024-10-20T19:10:33.105-0300] {processor.py:925} INFO - DAG(s) 'read_dataset_event', 'read_dataset_event_from_classic' retrieved from /mnt/c/Users/Pato_/OneDrive/Documentos/ITBA/PYTHON_DATA_APP/itba/lib/python3.10/site-packages/airflow/example_dags/example_inlet_event_extra.py
[2024-10-20T19:10:33.121-0300] {logging_mixin.py:190} INFO - [2024-10-20T19:10:33.121-0300] {dag.py:3239} INFO - Sync 2 DAGs
[2024-10-20T19:10:33.136-0300] {logging_mixin.py:190} INFO - [2024-10-20T19:10:33.136-0300] {dag.py:4180} INFO - Setting next_dagrun for read_dataset_event to 2024-10-19 00:00:00+00:00, run_after=2024-10-20 00:00:00+00:00
[2024-10-20T19:10:33.140-0300] {logging_mixin.py:190} INFO - [2024-10-20T19:10:33.140-0300] {dag.py:4180} INFO - Setting next_dagrun for read_dataset_event_from_classic to 2024-10-19 00:00:00+00:00, run_after=2024-10-20 00:00:00+00:00
[2024-10-20T19:10:33.169-0300] {processor.py:208} INFO - Processing /mnt/c/Users/Pato_/OneDrive/Documentos/ITBA/PYTHON_DATA_APP/itba/lib/python3.10/site-packages/airflow/example_dags/example_inlet_event_extra.py took 0.148 seconds
[2024-10-20T19:11:40.009-0300] {processor.py:186} INFO - Started process (PID=305379) to work on /mnt/c/Users/Pato_/OneDrive/Documentos/ITBA/PYTHON_DATA_APP/itba/lib/python3.10/site-packages/airflow/example_dags/example_inlet_event_extra.py
[2024-10-20T19:11:40.010-0300] {processor.py:914} INFO - Processing file /mnt/c/Users/Pato_/OneDrive/Documentos/ITBA/PYTHON_DATA_APP/itba/lib/python3.10/site-packages/airflow/example_dags/example_inlet_event_extra.py for tasks to queue
[2024-10-20T19:11:40.012-0300] {logging_mixin.py:190} INFO - [2024-10-20T19:11:40.011-0300] {dagbag.py:588} INFO - Filling up the DagBag from /mnt/c/Users/Pato_/OneDrive/Documentos/ITBA/PYTHON_DATA_APP/itba/lib/python3.10/site-packages/airflow/example_dags/example_inlet_event_extra.py
[2024-10-20T19:11:40.086-0300] {processor.py:925} INFO - DAG(s) 'read_dataset_event', 'read_dataset_event_from_classic' retrieved from /mnt/c/Users/Pato_/OneDrive/Documentos/ITBA/PYTHON_DATA_APP/itba/lib/python3.10/site-packages/airflow/example_dags/example_inlet_event_extra.py
[2024-10-20T19:11:40.103-0300] {logging_mixin.py:190} INFO - [2024-10-20T19:11:40.103-0300] {dag.py:3239} INFO - Sync 2 DAGs
[2024-10-20T19:11:40.118-0300] {logging_mixin.py:190} INFO - [2024-10-20T19:11:40.117-0300] {dag.py:4180} INFO - Setting next_dagrun for read_dataset_event to 2024-10-19 00:00:00+00:00, run_after=2024-10-20 00:00:00+00:00
[2024-10-20T19:11:40.122-0300] {logging_mixin.py:190} INFO - [2024-10-20T19:11:40.122-0300] {dag.py:4180} INFO - Setting next_dagrun for read_dataset_event_from_classic to 2024-10-19 00:00:00+00:00, run_after=2024-10-20 00:00:00+00:00
[2024-10-20T19:11:40.152-0300] {processor.py:208} INFO - Processing /mnt/c/Users/Pato_/OneDrive/Documentos/ITBA/PYTHON_DATA_APP/itba/lib/python3.10/site-packages/airflow/example_dags/example_inlet_event_extra.py took 0.150 seconds
[2024-10-20T19:12:48.628-0300] {processor.py:186} INFO - Started process (PID=305916) to work on /mnt/c/Users/Pato_/OneDrive/Documentos/ITBA/PYTHON_DATA_APP/itba/lib/python3.10/site-packages/airflow/example_dags/example_inlet_event_extra.py
[2024-10-20T19:12:48.629-0300] {processor.py:914} INFO - Processing file /mnt/c/Users/Pato_/OneDrive/Documentos/ITBA/PYTHON_DATA_APP/itba/lib/python3.10/site-packages/airflow/example_dags/example_inlet_event_extra.py for tasks to queue
[2024-10-20T19:12:48.631-0300] {logging_mixin.py:190} INFO - [2024-10-20T19:12:48.631-0300] {dagbag.py:588} INFO - Filling up the DagBag from /mnt/c/Users/Pato_/OneDrive/Documentos/ITBA/PYTHON_DATA_APP/itba/lib/python3.10/site-packages/airflow/example_dags/example_inlet_event_extra.py
[2024-10-20T19:12:48.704-0300] {processor.py:925} INFO - DAG(s) 'read_dataset_event', 'read_dataset_event_from_classic' retrieved from /mnt/c/Users/Pato_/OneDrive/Documentos/ITBA/PYTHON_DATA_APP/itba/lib/python3.10/site-packages/airflow/example_dags/example_inlet_event_extra.py
[2024-10-20T19:12:48.720-0300] {logging_mixin.py:190} INFO - [2024-10-20T19:12:48.720-0300] {dag.py:3239} INFO - Sync 2 DAGs
[2024-10-20T19:12:48.735-0300] {logging_mixin.py:190} INFO - [2024-10-20T19:12:48.734-0300] {dag.py:4180} INFO - Setting next_dagrun for read_dataset_event to 2024-10-19 00:00:00+00:00, run_after=2024-10-20 00:00:00+00:00
[2024-10-20T19:12:48.739-0300] {logging_mixin.py:190} INFO - [2024-10-20T19:12:48.738-0300] {dag.py:4180} INFO - Setting next_dagrun for read_dataset_event_from_classic to 2024-10-19 00:00:00+00:00, run_after=2024-10-20 00:00:00+00:00
[2024-10-20T19:12:48.767-0300] {processor.py:208} INFO - Processing /mnt/c/Users/Pato_/OneDrive/Documentos/ITBA/PYTHON_DATA_APP/itba/lib/python3.10/site-packages/airflow/example_dags/example_inlet_event_extra.py took 0.148 seconds
[2024-10-20T19:13:52.053-0300] {processor.py:186} INFO - Started process (PID=306411) to work on /mnt/c/Users/Pato_/OneDrive/Documentos/ITBA/PYTHON_DATA_APP/itba/lib/python3.10/site-packages/airflow/example_dags/example_inlet_event_extra.py
[2024-10-20T19:13:52.054-0300] {processor.py:914} INFO - Processing file /mnt/c/Users/Pato_/OneDrive/Documentos/ITBA/PYTHON_DATA_APP/itba/lib/python3.10/site-packages/airflow/example_dags/example_inlet_event_extra.py for tasks to queue
[2024-10-20T19:13:52.056-0300] {logging_mixin.py:190} INFO - [2024-10-20T19:13:52.055-0300] {dagbag.py:588} INFO - Filling up the DagBag from /mnt/c/Users/Pato_/OneDrive/Documentos/ITBA/PYTHON_DATA_APP/itba/lib/python3.10/site-packages/airflow/example_dags/example_inlet_event_extra.py
[2024-10-20T19:13:52.129-0300] {processor.py:925} INFO - DAG(s) 'read_dataset_event', 'read_dataset_event_from_classic' retrieved from /mnt/c/Users/Pato_/OneDrive/Documentos/ITBA/PYTHON_DATA_APP/itba/lib/python3.10/site-packages/airflow/example_dags/example_inlet_event_extra.py
[2024-10-20T19:13:52.146-0300] {logging_mixin.py:190} INFO - [2024-10-20T19:13:52.145-0300] {dag.py:3239} INFO - Sync 2 DAGs
[2024-10-20T19:13:52.160-0300] {logging_mixin.py:190} INFO - [2024-10-20T19:13:52.160-0300] {dag.py:4180} INFO - Setting next_dagrun for read_dataset_event to 2024-10-19 00:00:00+00:00, run_after=2024-10-20 00:00:00+00:00
[2024-10-20T19:13:52.164-0300] {logging_mixin.py:190} INFO - [2024-10-20T19:13:52.164-0300] {dag.py:4180} INFO - Setting next_dagrun for read_dataset_event_from_classic to 2024-10-19 00:00:00+00:00, run_after=2024-10-20 00:00:00+00:00
[2024-10-20T19:13:52.193-0300] {processor.py:208} INFO - Processing /mnt/c/Users/Pato_/OneDrive/Documentos/ITBA/PYTHON_DATA_APP/itba/lib/python3.10/site-packages/airflow/example_dags/example_inlet_event_extra.py took 0.147 seconds
[2024-10-20T19:15:01.772-0300] {processor.py:186} INFO - Started process (PID=306985) to work on /mnt/c/Users/Pato_/OneDrive/Documentos/ITBA/PYTHON_DATA_APP/itba/lib/python3.10/site-packages/airflow/example_dags/example_inlet_event_extra.py
[2024-10-20T19:15:01.773-0300] {processor.py:914} INFO - Processing file /mnt/c/Users/Pato_/OneDrive/Documentos/ITBA/PYTHON_DATA_APP/itba/lib/python3.10/site-packages/airflow/example_dags/example_inlet_event_extra.py for tasks to queue
[2024-10-20T19:15:01.775-0300] {logging_mixin.py:190} INFO - [2024-10-20T19:15:01.774-0300] {dagbag.py:588} INFO - Filling up the DagBag from /mnt/c/Users/Pato_/OneDrive/Documentos/ITBA/PYTHON_DATA_APP/itba/lib/python3.10/site-packages/airflow/example_dags/example_inlet_event_extra.py
[2024-10-20T19:15:01.849-0300] {processor.py:925} INFO - DAG(s) 'read_dataset_event', 'read_dataset_event_from_classic' retrieved from /mnt/c/Users/Pato_/OneDrive/Documentos/ITBA/PYTHON_DATA_APP/itba/lib/python3.10/site-packages/airflow/example_dags/example_inlet_event_extra.py
[2024-10-20T19:15:01.866-0300] {logging_mixin.py:190} INFO - [2024-10-20T19:15:01.866-0300] {dag.py:3239} INFO - Sync 2 DAGs
[2024-10-20T19:15:01.880-0300] {logging_mixin.py:190} INFO - [2024-10-20T19:15:01.880-0300] {dag.py:4180} INFO - Setting next_dagrun for read_dataset_event to 2024-10-19 00:00:00+00:00, run_after=2024-10-20 00:00:00+00:00
[2024-10-20T19:15:01.885-0300] {logging_mixin.py:190} INFO - [2024-10-20T19:15:01.884-0300] {dag.py:4180} INFO - Setting next_dagrun for read_dataset_event_from_classic to 2024-10-19 00:00:00+00:00, run_after=2024-10-20 00:00:00+00:00
[2024-10-20T19:15:01.912-0300] {processor.py:208} INFO - Processing /mnt/c/Users/Pato_/OneDrive/Documentos/ITBA/PYTHON_DATA_APP/itba/lib/python3.10/site-packages/airflow/example_dags/example_inlet_event_extra.py took 0.147 seconds
[2024-10-20T19:16:10.534-0300] {processor.py:186} INFO - Started process (PID=307522) to work on /mnt/c/Users/Pato_/OneDrive/Documentos/ITBA/PYTHON_DATA_APP/itba/lib/python3.10/site-packages/airflow/example_dags/example_inlet_event_extra.py
[2024-10-20T19:16:10.535-0300] {processor.py:914} INFO - Processing file /mnt/c/Users/Pato_/OneDrive/Documentos/ITBA/PYTHON_DATA_APP/itba/lib/python3.10/site-packages/airflow/example_dags/example_inlet_event_extra.py for tasks to queue
[2024-10-20T19:16:10.537-0300] {logging_mixin.py:190} INFO - [2024-10-20T19:16:10.537-0300] {dagbag.py:588} INFO - Filling up the DagBag from /mnt/c/Users/Pato_/OneDrive/Documentos/ITBA/PYTHON_DATA_APP/itba/lib/python3.10/site-packages/airflow/example_dags/example_inlet_event_extra.py
[2024-10-20T19:16:10.612-0300] {processor.py:925} INFO - DAG(s) 'read_dataset_event', 'read_dataset_event_from_classic' retrieved from /mnt/c/Users/Pato_/OneDrive/Documentos/ITBA/PYTHON_DATA_APP/itba/lib/python3.10/site-packages/airflow/example_dags/example_inlet_event_extra.py
[2024-10-20T19:16:10.630-0300] {logging_mixin.py:190} INFO - [2024-10-20T19:16:10.629-0300] {dag.py:3239} INFO - Sync 2 DAGs
[2024-10-20T19:16:10.644-0300] {logging_mixin.py:190} INFO - [2024-10-20T19:16:10.643-0300] {dag.py:4180} INFO - Setting next_dagrun for read_dataset_event to 2024-10-19 00:00:00+00:00, run_after=2024-10-20 00:00:00+00:00
[2024-10-20T19:16:10.648-0300] {logging_mixin.py:190} INFO - [2024-10-20T19:16:10.648-0300] {dag.py:4180} INFO - Setting next_dagrun for read_dataset_event_from_classic to 2024-10-19 00:00:00+00:00, run_after=2024-10-20 00:00:00+00:00
[2024-10-20T19:16:10.676-0300] {processor.py:208} INFO - Processing /mnt/c/Users/Pato_/OneDrive/Documentos/ITBA/PYTHON_DATA_APP/itba/lib/python3.10/site-packages/airflow/example_dags/example_inlet_event_extra.py took 0.149 seconds
[2024-10-20T19:17:21.633-0300] {processor.py:186} INFO - Started process (PID=308078) to work on /mnt/c/Users/Pato_/OneDrive/Documentos/ITBA/PYTHON_DATA_APP/itba/lib/python3.10/site-packages/airflow/example_dags/example_inlet_event_extra.py
[2024-10-20T19:17:21.634-0300] {processor.py:914} INFO - Processing file /mnt/c/Users/Pato_/OneDrive/Documentos/ITBA/PYTHON_DATA_APP/itba/lib/python3.10/site-packages/airflow/example_dags/example_inlet_event_extra.py for tasks to queue
[2024-10-20T19:17:21.636-0300] {logging_mixin.py:190} INFO - [2024-10-20T19:17:21.636-0300] {dagbag.py:588} INFO - Filling up the DagBag from /mnt/c/Users/Pato_/OneDrive/Documentos/ITBA/PYTHON_DATA_APP/itba/lib/python3.10/site-packages/airflow/example_dags/example_inlet_event_extra.py
[2024-10-20T19:17:21.708-0300] {processor.py:925} INFO - DAG(s) 'read_dataset_event', 'read_dataset_event_from_classic' retrieved from /mnt/c/Users/Pato_/OneDrive/Documentos/ITBA/PYTHON_DATA_APP/itba/lib/python3.10/site-packages/airflow/example_dags/example_inlet_event_extra.py
[2024-10-20T19:17:21.724-0300] {logging_mixin.py:190} INFO - [2024-10-20T19:17:21.724-0300] {dag.py:3239} INFO - Sync 2 DAGs
[2024-10-20T19:17:21.739-0300] {logging_mixin.py:190} INFO - [2024-10-20T19:17:21.738-0300] {dag.py:4180} INFO - Setting next_dagrun for read_dataset_event to 2024-10-19 00:00:00+00:00, run_after=2024-10-20 00:00:00+00:00
[2024-10-20T19:17:21.743-0300] {logging_mixin.py:190} INFO - [2024-10-20T19:17:21.743-0300] {dag.py:4180} INFO - Setting next_dagrun for read_dataset_event_from_classic to 2024-10-19 00:00:00+00:00, run_after=2024-10-20 00:00:00+00:00
[2024-10-20T19:17:21.770-0300] {processor.py:208} INFO - Processing /mnt/c/Users/Pato_/OneDrive/Documentos/ITBA/PYTHON_DATA_APP/itba/lib/python3.10/site-packages/airflow/example_dags/example_inlet_event_extra.py took 0.144 seconds
[2024-10-20T19:18:36.093-0300] {processor.py:186} INFO - Started process (PID=308653) to work on /mnt/c/Users/Pato_/OneDrive/Documentos/ITBA/PYTHON_DATA_APP/itba/lib/python3.10/site-packages/airflow/example_dags/example_inlet_event_extra.py
[2024-10-20T19:18:36.094-0300] {processor.py:914} INFO - Processing file /mnt/c/Users/Pato_/OneDrive/Documentos/ITBA/PYTHON_DATA_APP/itba/lib/python3.10/site-packages/airflow/example_dags/example_inlet_event_extra.py for tasks to queue
[2024-10-20T19:18:36.096-0300] {logging_mixin.py:190} INFO - [2024-10-20T19:18:36.096-0300] {dagbag.py:588} INFO - Filling up the DagBag from /mnt/c/Users/Pato_/OneDrive/Documentos/ITBA/PYTHON_DATA_APP/itba/lib/python3.10/site-packages/airflow/example_dags/example_inlet_event_extra.py
[2024-10-20T19:18:36.171-0300] {processor.py:925} INFO - DAG(s) 'read_dataset_event', 'read_dataset_event_from_classic' retrieved from /mnt/c/Users/Pato_/OneDrive/Documentos/ITBA/PYTHON_DATA_APP/itba/lib/python3.10/site-packages/airflow/example_dags/example_inlet_event_extra.py
[2024-10-20T19:18:36.188-0300] {logging_mixin.py:190} INFO - [2024-10-20T19:18:36.187-0300] {dag.py:3239} INFO - Sync 2 DAGs
[2024-10-20T19:18:36.203-0300] {logging_mixin.py:190} INFO - [2024-10-20T19:18:36.202-0300] {dag.py:4180} INFO - Setting next_dagrun for read_dataset_event to 2024-10-19 00:00:00+00:00, run_after=2024-10-20 00:00:00+00:00
[2024-10-20T19:18:36.207-0300] {logging_mixin.py:190} INFO - [2024-10-20T19:18:36.206-0300] {dag.py:4180} INFO - Setting next_dagrun for read_dataset_event_from_classic to 2024-10-19 00:00:00+00:00, run_after=2024-10-20 00:00:00+00:00
[2024-10-20T19:18:36.235-0300] {processor.py:208} INFO - Processing /mnt/c/Users/Pato_/OneDrive/Documentos/ITBA/PYTHON_DATA_APP/itba/lib/python3.10/site-packages/airflow/example_dags/example_inlet_event_extra.py took 0.149 seconds
[2024-10-20T19:19:49.186-0300] {processor.py:186} INFO - Started process (PID=309222) to work on /mnt/c/Users/Pato_/OneDrive/Documentos/ITBA/PYTHON_DATA_APP/itba/lib/python3.10/site-packages/airflow/example_dags/example_inlet_event_extra.py
[2024-10-20T19:19:49.187-0300] {processor.py:914} INFO - Processing file /mnt/c/Users/Pato_/OneDrive/Documentos/ITBA/PYTHON_DATA_APP/itba/lib/python3.10/site-packages/airflow/example_dags/example_inlet_event_extra.py for tasks to queue
[2024-10-20T19:19:49.189-0300] {logging_mixin.py:190} INFO - [2024-10-20T19:19:49.189-0300] {dagbag.py:588} INFO - Filling up the DagBag from /mnt/c/Users/Pato_/OneDrive/Documentos/ITBA/PYTHON_DATA_APP/itba/lib/python3.10/site-packages/airflow/example_dags/example_inlet_event_extra.py
[2024-10-20T19:19:49.265-0300] {processor.py:925} INFO - DAG(s) 'read_dataset_event', 'read_dataset_event_from_classic' retrieved from /mnt/c/Users/Pato_/OneDrive/Documentos/ITBA/PYTHON_DATA_APP/itba/lib/python3.10/site-packages/airflow/example_dags/example_inlet_event_extra.py
[2024-10-20T19:19:49.281-0300] {logging_mixin.py:190} INFO - [2024-10-20T19:19:49.281-0300] {dag.py:3239} INFO - Sync 2 DAGs
[2024-10-20T19:19:49.296-0300] {logging_mixin.py:190} INFO - [2024-10-20T19:19:49.296-0300] {dag.py:4180} INFO - Setting next_dagrun for read_dataset_event to 2024-10-19 00:00:00+00:00, run_after=2024-10-20 00:00:00+00:00
[2024-10-20T19:19:49.300-0300] {logging_mixin.py:190} INFO - [2024-10-20T19:19:49.300-0300] {dag.py:4180} INFO - Setting next_dagrun for read_dataset_event_from_classic to 2024-10-19 00:00:00+00:00, run_after=2024-10-20 00:00:00+00:00
[2024-10-20T19:19:49.327-0300] {processor.py:208} INFO - Processing /mnt/c/Users/Pato_/OneDrive/Documentos/ITBA/PYTHON_DATA_APP/itba/lib/python3.10/site-packages/airflow/example_dags/example_inlet_event_extra.py took 0.149 seconds
[2024-10-20T19:20:55.758-0300] {processor.py:186} INFO - Started process (PID=309833) to work on /mnt/c/Users/Pato_/OneDrive/Documentos/ITBA/PYTHON_DATA_APP/itba/lib/python3.10/site-packages/airflow/example_dags/example_inlet_event_extra.py
[2024-10-20T19:20:55.760-0300] {processor.py:914} INFO - Processing file /mnt/c/Users/Pato_/OneDrive/Documentos/ITBA/PYTHON_DATA_APP/itba/lib/python3.10/site-packages/airflow/example_dags/example_inlet_event_extra.py for tasks to queue
[2024-10-20T19:20:55.762-0300] {logging_mixin.py:190} INFO - [2024-10-20T19:20:55.761-0300] {dagbag.py:588} INFO - Filling up the DagBag from /mnt/c/Users/Pato_/OneDrive/Documentos/ITBA/PYTHON_DATA_APP/itba/lib/python3.10/site-packages/airflow/example_dags/example_inlet_event_extra.py
[2024-10-20T19:20:55.836-0300] {processor.py:925} INFO - DAG(s) 'read_dataset_event', 'read_dataset_event_from_classic' retrieved from /mnt/c/Users/Pato_/OneDrive/Documentos/ITBA/PYTHON_DATA_APP/itba/lib/python3.10/site-packages/airflow/example_dags/example_inlet_event_extra.py
[2024-10-20T19:20:55.855-0300] {logging_mixin.py:190} INFO - [2024-10-20T19:20:55.854-0300] {dag.py:3239} INFO - Sync 2 DAGs
[2024-10-20T19:20:55.871-0300] {logging_mixin.py:190} INFO - [2024-10-20T19:20:55.870-0300] {dag.py:4180} INFO - Setting next_dagrun for read_dataset_event to 2024-10-19 00:00:00+00:00, run_after=2024-10-20 00:00:00+00:00
[2024-10-20T19:20:55.874-0300] {logging_mixin.py:190} INFO - [2024-10-20T19:20:55.874-0300] {dag.py:4180} INFO - Setting next_dagrun for read_dataset_event_from_classic to 2024-10-19 00:00:00+00:00, run_after=2024-10-20 00:00:00+00:00
[2024-10-20T19:20:55.903-0300] {processor.py:208} INFO - Processing /mnt/c/Users/Pato_/OneDrive/Documentos/ITBA/PYTHON_DATA_APP/itba/lib/python3.10/site-packages/airflow/example_dags/example_inlet_event_extra.py took 0.152 seconds
[2024-10-20T19:22:03.376-0300] {processor.py:186} INFO - Started process (PID=310455) to work on /mnt/c/Users/Pato_/OneDrive/Documentos/ITBA/PYTHON_DATA_APP/itba/lib/python3.10/site-packages/airflow/example_dags/example_inlet_event_extra.py
[2024-10-20T19:22:03.377-0300] {processor.py:914} INFO - Processing file /mnt/c/Users/Pato_/OneDrive/Documentos/ITBA/PYTHON_DATA_APP/itba/lib/python3.10/site-packages/airflow/example_dags/example_inlet_event_extra.py for tasks to queue
[2024-10-20T19:22:03.379-0300] {logging_mixin.py:190} INFO - [2024-10-20T19:22:03.378-0300] {dagbag.py:588} INFO - Filling up the DagBag from /mnt/c/Users/Pato_/OneDrive/Documentos/ITBA/PYTHON_DATA_APP/itba/lib/python3.10/site-packages/airflow/example_dags/example_inlet_event_extra.py
[2024-10-20T19:22:03.452-0300] {processor.py:925} INFO - DAG(s) 'read_dataset_event', 'read_dataset_event_from_classic' retrieved from /mnt/c/Users/Pato_/OneDrive/Documentos/ITBA/PYTHON_DATA_APP/itba/lib/python3.10/site-packages/airflow/example_dags/example_inlet_event_extra.py
[2024-10-20T19:22:03.468-0300] {logging_mixin.py:190} INFO - [2024-10-20T19:22:03.468-0300] {dag.py:3239} INFO - Sync 2 DAGs
[2024-10-20T19:22:03.483-0300] {logging_mixin.py:190} INFO - [2024-10-20T19:22:03.482-0300] {dag.py:4180} INFO - Setting next_dagrun for read_dataset_event to 2024-10-19 00:00:00+00:00, run_after=2024-10-20 00:00:00+00:00
[2024-10-20T19:22:03.487-0300] {logging_mixin.py:190} INFO - [2024-10-20T19:22:03.487-0300] {dag.py:4180} INFO - Setting next_dagrun for read_dataset_event_from_classic to 2024-10-19 00:00:00+00:00, run_after=2024-10-20 00:00:00+00:00
[2024-10-20T19:22:03.514-0300] {processor.py:208} INFO - Processing /mnt/c/Users/Pato_/OneDrive/Documentos/ITBA/PYTHON_DATA_APP/itba/lib/python3.10/site-packages/airflow/example_dags/example_inlet_event_extra.py took 0.145 seconds
[2024-10-20T19:23:08.561-0300] {processor.py:186} INFO - Started process (PID=310965) to work on /mnt/c/Users/Pato_/OneDrive/Documentos/ITBA/PYTHON_DATA_APP/itba/lib/python3.10/site-packages/airflow/example_dags/example_inlet_event_extra.py
[2024-10-20T19:23:08.562-0300] {processor.py:914} INFO - Processing file /mnt/c/Users/Pato_/OneDrive/Documentos/ITBA/PYTHON_DATA_APP/itba/lib/python3.10/site-packages/airflow/example_dags/example_inlet_event_extra.py for tasks to queue
[2024-10-20T19:23:08.563-0300] {logging_mixin.py:190} INFO - [2024-10-20T19:23:08.563-0300] {dagbag.py:588} INFO - Filling up the DagBag from /mnt/c/Users/Pato_/OneDrive/Documentos/ITBA/PYTHON_DATA_APP/itba/lib/python3.10/site-packages/airflow/example_dags/example_inlet_event_extra.py
[2024-10-20T19:23:08.642-0300] {processor.py:925} INFO - DAG(s) 'read_dataset_event', 'read_dataset_event_from_classic' retrieved from /mnt/c/Users/Pato_/OneDrive/Documentos/ITBA/PYTHON_DATA_APP/itba/lib/python3.10/site-packages/airflow/example_dags/example_inlet_event_extra.py
[2024-10-20T19:23:08.658-0300] {logging_mixin.py:190} INFO - [2024-10-20T19:23:08.658-0300] {dag.py:3239} INFO - Sync 2 DAGs
[2024-10-20T19:23:08.673-0300] {logging_mixin.py:190} INFO - [2024-10-20T19:23:08.672-0300] {dag.py:4180} INFO - Setting next_dagrun for read_dataset_event to 2024-10-19 00:00:00+00:00, run_after=2024-10-20 00:00:00+00:00
[2024-10-20T19:23:08.677-0300] {logging_mixin.py:190} INFO - [2024-10-20T19:23:08.677-0300] {dag.py:4180} INFO - Setting next_dagrun for read_dataset_event_from_classic to 2024-10-19 00:00:00+00:00, run_after=2024-10-20 00:00:00+00:00
[2024-10-20T19:23:08.707-0300] {processor.py:208} INFO - Processing /mnt/c/Users/Pato_/OneDrive/Documentos/ITBA/PYTHON_DATA_APP/itba/lib/python3.10/site-packages/airflow/example_dags/example_inlet_event_extra.py took 0.153 seconds
[2024-10-20T19:25:03.551-0300] {processor.py:186} INFO - Started process (PID=312515) to work on /mnt/c/Users/Pato_/OneDrive/Documentos/ITBA/PYTHON_DATA_APP/itba/lib/python3.10/site-packages/airflow/example_dags/example_inlet_event_extra.py
[2024-10-20T19:25:03.552-0300] {processor.py:914} INFO - Processing file /mnt/c/Users/Pato_/OneDrive/Documentos/ITBA/PYTHON_DATA_APP/itba/lib/python3.10/site-packages/airflow/example_dags/example_inlet_event_extra.py for tasks to queue
[2024-10-20T19:25:03.555-0300] {logging_mixin.py:190} INFO - [2024-10-20T19:25:03.554-0300] {dagbag.py:588} INFO - Filling up the DagBag from /mnt/c/Users/Pato_/OneDrive/Documentos/ITBA/PYTHON_DATA_APP/itba/lib/python3.10/site-packages/airflow/example_dags/example_inlet_event_extra.py
[2024-10-20T19:25:03.634-0300] {processor.py:925} INFO - DAG(s) 'read_dataset_event', 'read_dataset_event_from_classic' retrieved from /mnt/c/Users/Pato_/OneDrive/Documentos/ITBA/PYTHON_DATA_APP/itba/lib/python3.10/site-packages/airflow/example_dags/example_inlet_event_extra.py
[2024-10-20T19:25:03.652-0300] {logging_mixin.py:190} INFO - [2024-10-20T19:25:03.651-0300] {dag.py:3239} INFO - Sync 2 DAGs
[2024-10-20T19:25:03.668-0300] {logging_mixin.py:190} INFO - [2024-10-20T19:25:03.668-0300] {dag.py:4180} INFO - Setting next_dagrun for read_dataset_event to 2024-10-19 00:00:00+00:00, run_after=2024-10-20 00:00:00+00:00
[2024-10-20T19:25:03.673-0300] {logging_mixin.py:190} INFO - [2024-10-20T19:25:03.673-0300] {dag.py:4180} INFO - Setting next_dagrun for read_dataset_event_from_classic to 2024-10-19 00:00:00+00:00, run_after=2024-10-20 00:00:00+00:00
[2024-10-20T19:25:03.703-0300] {processor.py:208} INFO - Processing /mnt/c/Users/Pato_/OneDrive/Documentos/ITBA/PYTHON_DATA_APP/itba/lib/python3.10/site-packages/airflow/example_dags/example_inlet_event_extra.py took 0.160 seconds
[2024-10-20T19:26:43.888-0300] {processor.py:186} INFO - Started process (PID=313817) to work on /mnt/c/Users/Pato_/OneDrive/Documentos/ITBA/PYTHON_DATA_APP/itba/lib/python3.10/site-packages/airflow/example_dags/example_inlet_event_extra.py
[2024-10-20T19:26:43.889-0300] {processor.py:914} INFO - Processing file /mnt/c/Users/Pato_/OneDrive/Documentos/ITBA/PYTHON_DATA_APP/itba/lib/python3.10/site-packages/airflow/example_dags/example_inlet_event_extra.py for tasks to queue
[2024-10-20T19:26:43.891-0300] {logging_mixin.py:190} INFO - [2024-10-20T19:26:43.891-0300] {dagbag.py:588} INFO - Filling up the DagBag from /mnt/c/Users/Pato_/OneDrive/Documentos/ITBA/PYTHON_DATA_APP/itba/lib/python3.10/site-packages/airflow/example_dags/example_inlet_event_extra.py
[2024-10-20T19:26:43.971-0300] {processor.py:925} INFO - DAG(s) 'read_dataset_event', 'read_dataset_event_from_classic' retrieved from /mnt/c/Users/Pato_/OneDrive/Documentos/ITBA/PYTHON_DATA_APP/itba/lib/python3.10/site-packages/airflow/example_dags/example_inlet_event_extra.py
[2024-10-20T19:26:43.989-0300] {logging_mixin.py:190} INFO - [2024-10-20T19:26:43.988-0300] {dag.py:3239} INFO - Sync 2 DAGs
[2024-10-20T19:26:44.005-0300] {logging_mixin.py:190} INFO - [2024-10-20T19:26:44.004-0300] {dag.py:4180} INFO - Setting next_dagrun for read_dataset_event to 2024-10-19 00:00:00+00:00, run_after=2024-10-20 00:00:00+00:00
[2024-10-20T19:26:44.009-0300] {logging_mixin.py:190} INFO - [2024-10-20T19:26:44.009-0300] {dag.py:4180} INFO - Setting next_dagrun for read_dataset_event_from_classic to 2024-10-19 00:00:00+00:00, run_after=2024-10-20 00:00:00+00:00
[2024-10-20T19:26:44.040-0300] {processor.py:208} INFO - Processing /mnt/c/Users/Pato_/OneDrive/Documentos/ITBA/PYTHON_DATA_APP/itba/lib/python3.10/site-packages/airflow/example_dags/example_inlet_event_extra.py took 0.159 seconds
[2024-10-20T19:27:55.379-0300] {processor.py:186} INFO - Started process (PID=314654) to work on /mnt/c/Users/Pato_/OneDrive/Documentos/ITBA/PYTHON_DATA_APP/itba/lib/python3.10/site-packages/airflow/example_dags/example_inlet_event_extra.py
[2024-10-20T19:27:55.380-0300] {processor.py:914} INFO - Processing file /mnt/c/Users/Pato_/OneDrive/Documentos/ITBA/PYTHON_DATA_APP/itba/lib/python3.10/site-packages/airflow/example_dags/example_inlet_event_extra.py for tasks to queue
[2024-10-20T19:27:55.383-0300] {logging_mixin.py:190} INFO - [2024-10-20T19:27:55.382-0300] {dagbag.py:588} INFO - Filling up the DagBag from /mnt/c/Users/Pato_/OneDrive/Documentos/ITBA/PYTHON_DATA_APP/itba/lib/python3.10/site-packages/airflow/example_dags/example_inlet_event_extra.py
[2024-10-20T19:27:55.456-0300] {processor.py:925} INFO - DAG(s) 'read_dataset_event', 'read_dataset_event_from_classic' retrieved from /mnt/c/Users/Pato_/OneDrive/Documentos/ITBA/PYTHON_DATA_APP/itba/lib/python3.10/site-packages/airflow/example_dags/example_inlet_event_extra.py
[2024-10-20T19:27:55.472-0300] {logging_mixin.py:190} INFO - [2024-10-20T19:27:55.472-0300] {dag.py:3239} INFO - Sync 2 DAGs
[2024-10-20T19:27:55.487-0300] {logging_mixin.py:190} INFO - [2024-10-20T19:27:55.486-0300] {dag.py:4180} INFO - Setting next_dagrun for read_dataset_event to 2024-10-19 00:00:00+00:00, run_after=2024-10-20 00:00:00+00:00
[2024-10-20T19:27:55.491-0300] {logging_mixin.py:190} INFO - [2024-10-20T19:27:55.490-0300] {dag.py:4180} INFO - Setting next_dagrun for read_dataset_event_from_classic to 2024-10-19 00:00:00+00:00, run_after=2024-10-20 00:00:00+00:00
[2024-10-20T19:27:55.517-0300] {processor.py:208} INFO - Processing /mnt/c/Users/Pato_/OneDrive/Documentos/ITBA/PYTHON_DATA_APP/itba/lib/python3.10/site-packages/airflow/example_dags/example_inlet_event_extra.py took 0.145 seconds
[2024-10-20T19:29:00.094-0300] {processor.py:186} INFO - Started process (PID=315414) to work on /mnt/c/Users/Pato_/OneDrive/Documentos/ITBA/PYTHON_DATA_APP/itba/lib/python3.10/site-packages/airflow/example_dags/example_inlet_event_extra.py
[2024-10-20T19:29:00.095-0300] {processor.py:914} INFO - Processing file /mnt/c/Users/Pato_/OneDrive/Documentos/ITBA/PYTHON_DATA_APP/itba/lib/python3.10/site-packages/airflow/example_dags/example_inlet_event_extra.py for tasks to queue
[2024-10-20T19:29:00.097-0300] {logging_mixin.py:190} INFO - [2024-10-20T19:29:00.096-0300] {dagbag.py:588} INFO - Filling up the DagBag from /mnt/c/Users/Pato_/OneDrive/Documentos/ITBA/PYTHON_DATA_APP/itba/lib/python3.10/site-packages/airflow/example_dags/example_inlet_event_extra.py
[2024-10-20T19:29:00.171-0300] {processor.py:925} INFO - DAG(s) 'read_dataset_event', 'read_dataset_event_from_classic' retrieved from /mnt/c/Users/Pato_/OneDrive/Documentos/ITBA/PYTHON_DATA_APP/itba/lib/python3.10/site-packages/airflow/example_dags/example_inlet_event_extra.py
[2024-10-20T19:29:00.188-0300] {logging_mixin.py:190} INFO - [2024-10-20T19:29:00.188-0300] {dag.py:3239} INFO - Sync 2 DAGs
[2024-10-20T19:29:00.203-0300] {logging_mixin.py:190} INFO - [2024-10-20T19:29:00.202-0300] {dag.py:4180} INFO - Setting next_dagrun for read_dataset_event to 2024-10-19 00:00:00+00:00, run_after=2024-10-20 00:00:00+00:00
[2024-10-20T19:29:00.207-0300] {logging_mixin.py:190} INFO - [2024-10-20T19:29:00.206-0300] {dag.py:4180} INFO - Setting next_dagrun for read_dataset_event_from_classic to 2024-10-19 00:00:00+00:00, run_after=2024-10-20 00:00:00+00:00
[2024-10-20T19:29:00.234-0300] {processor.py:208} INFO - Processing /mnt/c/Users/Pato_/OneDrive/Documentos/ITBA/PYTHON_DATA_APP/itba/lib/python3.10/site-packages/airflow/example_dags/example_inlet_event_extra.py took 0.147 seconds
[2024-10-20T19:30:12.040-0300] {processor.py:186} INFO - Started process (PID=316213) to work on /mnt/c/Users/Pato_/OneDrive/Documentos/ITBA/PYTHON_DATA_APP/itba/lib/python3.10/site-packages/airflow/example_dags/example_inlet_event_extra.py
[2024-10-20T19:30:12.041-0300] {processor.py:914} INFO - Processing file /mnt/c/Users/Pato_/OneDrive/Documentos/ITBA/PYTHON_DATA_APP/itba/lib/python3.10/site-packages/airflow/example_dags/example_inlet_event_extra.py for tasks to queue
[2024-10-20T19:30:12.043-0300] {logging_mixin.py:190} INFO - [2024-10-20T19:30:12.043-0300] {dagbag.py:588} INFO - Filling up the DagBag from /mnt/c/Users/Pato_/OneDrive/Documentos/ITBA/PYTHON_DATA_APP/itba/lib/python3.10/site-packages/airflow/example_dags/example_inlet_event_extra.py
[2024-10-20T19:30:12.119-0300] {processor.py:925} INFO - DAG(s) 'read_dataset_event', 'read_dataset_event_from_classic' retrieved from /mnt/c/Users/Pato_/OneDrive/Documentos/ITBA/PYTHON_DATA_APP/itba/lib/python3.10/site-packages/airflow/example_dags/example_inlet_event_extra.py
[2024-10-20T19:30:12.137-0300] {logging_mixin.py:190} INFO - [2024-10-20T19:30:12.136-0300] {dag.py:3239} INFO - Sync 2 DAGs
[2024-10-20T19:30:12.152-0300] {logging_mixin.py:190} INFO - [2024-10-20T19:30:12.151-0300] {dag.py:4180} INFO - Setting next_dagrun for read_dataset_event to 2024-10-19 00:00:00+00:00, run_after=2024-10-20 00:00:00+00:00
[2024-10-20T19:30:12.156-0300] {logging_mixin.py:190} INFO - [2024-10-20T19:30:12.155-0300] {dag.py:4180} INFO - Setting next_dagrun for read_dataset_event_from_classic to 2024-10-19 00:00:00+00:00, run_after=2024-10-20 00:00:00+00:00
[2024-10-20T19:30:12.184-0300] {processor.py:208} INFO - Processing /mnt/c/Users/Pato_/OneDrive/Documentos/ITBA/PYTHON_DATA_APP/itba/lib/python3.10/site-packages/airflow/example_dags/example_inlet_event_extra.py took 0.150 seconds
[2024-10-20T19:31:18.017-0300] {processor.py:186} INFO - Started process (PID=316726) to work on /mnt/c/Users/Pato_/OneDrive/Documentos/ITBA/PYTHON_DATA_APP/itba/lib/python3.10/site-packages/airflow/example_dags/example_inlet_event_extra.py
[2024-10-20T19:31:18.018-0300] {processor.py:914} INFO - Processing file /mnt/c/Users/Pato_/OneDrive/Documentos/ITBA/PYTHON_DATA_APP/itba/lib/python3.10/site-packages/airflow/example_dags/example_inlet_event_extra.py for tasks to queue
[2024-10-20T19:31:18.021-0300] {logging_mixin.py:190} INFO - [2024-10-20T19:31:18.020-0300] {dagbag.py:588} INFO - Filling up the DagBag from /mnt/c/Users/Pato_/OneDrive/Documentos/ITBA/PYTHON_DATA_APP/itba/lib/python3.10/site-packages/airflow/example_dags/example_inlet_event_extra.py
[2024-10-20T19:31:18.099-0300] {processor.py:925} INFO - DAG(s) 'read_dataset_event_from_classic', 'read_dataset_event' retrieved from /mnt/c/Users/Pato_/OneDrive/Documentos/ITBA/PYTHON_DATA_APP/itba/lib/python3.10/site-packages/airflow/example_dags/example_inlet_event_extra.py
[2024-10-20T19:31:18.116-0300] {logging_mixin.py:190} INFO - [2024-10-20T19:31:18.116-0300] {dag.py:3239} INFO - Sync 2 DAGs
[2024-10-20T19:31:18.132-0300] {logging_mixin.py:190} INFO - [2024-10-20T19:31:18.131-0300] {dag.py:4180} INFO - Setting next_dagrun for read_dataset_event to 2024-10-19 00:00:00+00:00, run_after=2024-10-20 00:00:00+00:00
[2024-10-20T19:31:18.136-0300] {logging_mixin.py:190} INFO - [2024-10-20T19:31:18.135-0300] {dag.py:4180} INFO - Setting next_dagrun for read_dataset_event_from_classic to 2024-10-19 00:00:00+00:00, run_after=2024-10-20 00:00:00+00:00
[2024-10-20T19:31:18.165-0300] {processor.py:208} INFO - Processing /mnt/c/Users/Pato_/OneDrive/Documentos/ITBA/PYTHON_DATA_APP/itba/lib/python3.10/site-packages/airflow/example_dags/example_inlet_event_extra.py took 0.155 seconds
[2024-10-20T19:32:28.369-0300] {processor.py:186} INFO - Started process (PID=317276) to work on /mnt/c/Users/Pato_/OneDrive/Documentos/ITBA/PYTHON_DATA_APP/itba/lib/python3.10/site-packages/airflow/example_dags/example_inlet_event_extra.py
[2024-10-20T19:32:28.370-0300] {processor.py:914} INFO - Processing file /mnt/c/Users/Pato_/OneDrive/Documentos/ITBA/PYTHON_DATA_APP/itba/lib/python3.10/site-packages/airflow/example_dags/example_inlet_event_extra.py for tasks to queue
[2024-10-20T19:32:28.372-0300] {logging_mixin.py:190} INFO - [2024-10-20T19:32:28.371-0300] {dagbag.py:588} INFO - Filling up the DagBag from /mnt/c/Users/Pato_/OneDrive/Documentos/ITBA/PYTHON_DATA_APP/itba/lib/python3.10/site-packages/airflow/example_dags/example_inlet_event_extra.py
[2024-10-20T19:32:28.444-0300] {processor.py:925} INFO - DAG(s) 'read_dataset_event_from_classic', 'read_dataset_event' retrieved from /mnt/c/Users/Pato_/OneDrive/Documentos/ITBA/PYTHON_DATA_APP/itba/lib/python3.10/site-packages/airflow/example_dags/example_inlet_event_extra.py
[2024-10-20T19:32:28.460-0300] {logging_mixin.py:190} INFO - [2024-10-20T19:32:28.460-0300] {dag.py:3239} INFO - Sync 2 DAGs
[2024-10-20T19:32:28.475-0300] {logging_mixin.py:190} INFO - [2024-10-20T19:32:28.475-0300] {dag.py:4180} INFO - Setting next_dagrun for read_dataset_event to 2024-10-19 00:00:00+00:00, run_after=2024-10-20 00:00:00+00:00
[2024-10-20T19:32:28.479-0300] {logging_mixin.py:190} INFO - [2024-10-20T19:32:28.479-0300] {dag.py:4180} INFO - Setting next_dagrun for read_dataset_event_from_classic to 2024-10-19 00:00:00+00:00, run_after=2024-10-20 00:00:00+00:00
[2024-10-20T19:32:28.507-0300] {processor.py:208} INFO - Processing /mnt/c/Users/Pato_/OneDrive/Documentos/ITBA/PYTHON_DATA_APP/itba/lib/python3.10/site-packages/airflow/example_dags/example_inlet_event_extra.py took 0.145 seconds
[2024-10-20T19:33:34.718-0300] {processor.py:186} INFO - Started process (PID=317928) to work on /mnt/c/Users/Pato_/OneDrive/Documentos/ITBA/PYTHON_DATA_APP/itba/lib/python3.10/site-packages/airflow/example_dags/example_inlet_event_extra.py
[2024-10-20T19:33:34.719-0300] {processor.py:914} INFO - Processing file /mnt/c/Users/Pato_/OneDrive/Documentos/ITBA/PYTHON_DATA_APP/itba/lib/python3.10/site-packages/airflow/example_dags/example_inlet_event_extra.py for tasks to queue
[2024-10-20T19:33:34.721-0300] {logging_mixin.py:190} INFO - [2024-10-20T19:33:34.720-0300] {dagbag.py:588} INFO - Filling up the DagBag from /mnt/c/Users/Pato_/OneDrive/Documentos/ITBA/PYTHON_DATA_APP/itba/lib/python3.10/site-packages/airflow/example_dags/example_inlet_event_extra.py
[2024-10-20T19:33:34.794-0300] {processor.py:925} INFO - DAG(s) 'read_dataset_event_from_classic', 'read_dataset_event' retrieved from /mnt/c/Users/Pato_/OneDrive/Documentos/ITBA/PYTHON_DATA_APP/itba/lib/python3.10/site-packages/airflow/example_dags/example_inlet_event_extra.py
[2024-10-20T19:33:34.812-0300] {logging_mixin.py:190} INFO - [2024-10-20T19:33:34.811-0300] {dag.py:3239} INFO - Sync 2 DAGs
[2024-10-20T19:33:34.828-0300] {logging_mixin.py:190} INFO - [2024-10-20T19:33:34.827-0300] {dag.py:4180} INFO - Setting next_dagrun for read_dataset_event to 2024-10-19 00:00:00+00:00, run_after=2024-10-20 00:00:00+00:00
[2024-10-20T19:33:34.832-0300] {logging_mixin.py:190} INFO - [2024-10-20T19:33:34.831-0300] {dag.py:4180} INFO - Setting next_dagrun for read_dataset_event_from_classic to 2024-10-19 00:00:00+00:00, run_after=2024-10-20 00:00:00+00:00
[2024-10-20T19:33:34.859-0300] {processor.py:208} INFO - Processing /mnt/c/Users/Pato_/OneDrive/Documentos/ITBA/PYTHON_DATA_APP/itba/lib/python3.10/site-packages/airflow/example_dags/example_inlet_event_extra.py took 0.149 seconds
[2024-10-20T19:34:42.742-0300] {processor.py:186} INFO - Started process (PID=318638) to work on /mnt/c/Users/Pato_/OneDrive/Documentos/ITBA/PYTHON_DATA_APP/itba/lib/python3.10/site-packages/airflow/example_dags/example_inlet_event_extra.py
[2024-10-20T19:34:42.743-0300] {processor.py:914} INFO - Processing file /mnt/c/Users/Pato_/OneDrive/Documentos/ITBA/PYTHON_DATA_APP/itba/lib/python3.10/site-packages/airflow/example_dags/example_inlet_event_extra.py for tasks to queue
[2024-10-20T19:34:42.745-0300] {logging_mixin.py:190} INFO - [2024-10-20T19:34:42.745-0300] {dagbag.py:588} INFO - Filling up the DagBag from /mnt/c/Users/Pato_/OneDrive/Documentos/ITBA/PYTHON_DATA_APP/itba/lib/python3.10/site-packages/airflow/example_dags/example_inlet_event_extra.py
[2024-10-20T19:34:42.818-0300] {processor.py:925} INFO - DAG(s) 'read_dataset_event', 'read_dataset_event_from_classic' retrieved from /mnt/c/Users/Pato_/OneDrive/Documentos/ITBA/PYTHON_DATA_APP/itba/lib/python3.10/site-packages/airflow/example_dags/example_inlet_event_extra.py
[2024-10-20T19:34:42.834-0300] {logging_mixin.py:190} INFO - [2024-10-20T19:34:42.834-0300] {dag.py:3239} INFO - Sync 2 DAGs
[2024-10-20T19:34:42.849-0300] {logging_mixin.py:190} INFO - [2024-10-20T19:34:42.849-0300] {dag.py:4180} INFO - Setting next_dagrun for read_dataset_event to 2024-10-19 00:00:00+00:00, run_after=2024-10-20 00:00:00+00:00
[2024-10-20T19:34:42.853-0300] {logging_mixin.py:190} INFO - [2024-10-20T19:34:42.853-0300] {dag.py:4180} INFO - Setting next_dagrun for read_dataset_event_from_classic to 2024-10-19 00:00:00+00:00, run_after=2024-10-20 00:00:00+00:00
[2024-10-20T19:34:42.879-0300] {processor.py:208} INFO - Processing /mnt/c/Users/Pato_/OneDrive/Documentos/ITBA/PYTHON_DATA_APP/itba/lib/python3.10/site-packages/airflow/example_dags/example_inlet_event_extra.py took 0.144 seconds
[2024-10-20T19:35:50.447-0300] {processor.py:186} INFO - Started process (PID=319279) to work on /mnt/c/Users/Pato_/OneDrive/Documentos/ITBA/PYTHON_DATA_APP/itba/lib/python3.10/site-packages/airflow/example_dags/example_inlet_event_extra.py
[2024-10-20T19:35:50.448-0300] {processor.py:914} INFO - Processing file /mnt/c/Users/Pato_/OneDrive/Documentos/ITBA/PYTHON_DATA_APP/itba/lib/python3.10/site-packages/airflow/example_dags/example_inlet_event_extra.py for tasks to queue
[2024-10-20T19:35:50.450-0300] {logging_mixin.py:190} INFO - [2024-10-20T19:35:50.449-0300] {dagbag.py:588} INFO - Filling up the DagBag from /mnt/c/Users/Pato_/OneDrive/Documentos/ITBA/PYTHON_DATA_APP/itba/lib/python3.10/site-packages/airflow/example_dags/example_inlet_event_extra.py
[2024-10-20T19:35:50.523-0300] {processor.py:925} INFO - DAG(s) 'read_dataset_event', 'read_dataset_event_from_classic' retrieved from /mnt/c/Users/Pato_/OneDrive/Documentos/ITBA/PYTHON_DATA_APP/itba/lib/python3.10/site-packages/airflow/example_dags/example_inlet_event_extra.py
[2024-10-20T19:35:50.541-0300] {logging_mixin.py:190} INFO - [2024-10-20T19:35:50.540-0300] {dag.py:3239} INFO - Sync 2 DAGs
[2024-10-20T19:35:50.556-0300] {logging_mixin.py:190} INFO - [2024-10-20T19:35:50.556-0300] {dag.py:4180} INFO - Setting next_dagrun for read_dataset_event to 2024-10-19 00:00:00+00:00, run_after=2024-10-20 00:00:00+00:00
[2024-10-20T19:35:50.560-0300] {logging_mixin.py:190} INFO - [2024-10-20T19:35:50.560-0300] {dag.py:4180} INFO - Setting next_dagrun for read_dataset_event_from_classic to 2024-10-19 00:00:00+00:00, run_after=2024-10-20 00:00:00+00:00
[2024-10-20T19:35:50.588-0300] {processor.py:208} INFO - Processing /mnt/c/Users/Pato_/OneDrive/Documentos/ITBA/PYTHON_DATA_APP/itba/lib/python3.10/site-packages/airflow/example_dags/example_inlet_event_extra.py took 0.147 seconds
[2024-10-20T19:37:00.568-0300] {processor.py:186} INFO - Started process (PID=319828) to work on /mnt/c/Users/Pato_/OneDrive/Documentos/ITBA/PYTHON_DATA_APP/itba/lib/python3.10/site-packages/airflow/example_dags/example_inlet_event_extra.py
[2024-10-20T19:37:00.569-0300] {processor.py:914} INFO - Processing file /mnt/c/Users/Pato_/OneDrive/Documentos/ITBA/PYTHON_DATA_APP/itba/lib/python3.10/site-packages/airflow/example_dags/example_inlet_event_extra.py for tasks to queue
[2024-10-20T19:37:00.571-0300] {logging_mixin.py:190} INFO - [2024-10-20T19:37:00.570-0300] {dagbag.py:588} INFO - Filling up the DagBag from /mnt/c/Users/Pato_/OneDrive/Documentos/ITBA/PYTHON_DATA_APP/itba/lib/python3.10/site-packages/airflow/example_dags/example_inlet_event_extra.py
[2024-10-20T19:37:00.643-0300] {processor.py:925} INFO - DAG(s) 'read_dataset_event_from_classic', 'read_dataset_event' retrieved from /mnt/c/Users/Pato_/OneDrive/Documentos/ITBA/PYTHON_DATA_APP/itba/lib/python3.10/site-packages/airflow/example_dags/example_inlet_event_extra.py
[2024-10-20T19:37:00.659-0300] {logging_mixin.py:190} INFO - [2024-10-20T19:37:00.659-0300] {dag.py:3239} INFO - Sync 2 DAGs
[2024-10-20T19:37:00.674-0300] {logging_mixin.py:190} INFO - [2024-10-20T19:37:00.674-0300] {dag.py:4180} INFO - Setting next_dagrun for read_dataset_event to 2024-10-19 00:00:00+00:00, run_after=2024-10-20 00:00:00+00:00
[2024-10-20T19:37:00.679-0300] {logging_mixin.py:190} INFO - [2024-10-20T19:37:00.678-0300] {dag.py:4180} INFO - Setting next_dagrun for read_dataset_event_from_classic to 2024-10-19 00:00:00+00:00, run_after=2024-10-20 00:00:00+00:00
[2024-10-20T19:37:00.706-0300] {processor.py:208} INFO - Processing /mnt/c/Users/Pato_/OneDrive/Documentos/ITBA/PYTHON_DATA_APP/itba/lib/python3.10/site-packages/airflow/example_dags/example_inlet_event_extra.py took 0.145 seconds
[2024-10-20T19:38:07.145-0300] {processor.py:186} INFO - Started process (PID=320349) to work on /mnt/c/Users/Pato_/OneDrive/Documentos/ITBA/PYTHON_DATA_APP/itba/lib/python3.10/site-packages/airflow/example_dags/example_inlet_event_extra.py
[2024-10-20T19:38:07.145-0300] {processor.py:914} INFO - Processing file /mnt/c/Users/Pato_/OneDrive/Documentos/ITBA/PYTHON_DATA_APP/itba/lib/python3.10/site-packages/airflow/example_dags/example_inlet_event_extra.py for tasks to queue
[2024-10-20T19:38:07.148-0300] {logging_mixin.py:190} INFO - [2024-10-20T19:38:07.147-0300] {dagbag.py:588} INFO - Filling up the DagBag from /mnt/c/Users/Pato_/OneDrive/Documentos/ITBA/PYTHON_DATA_APP/itba/lib/python3.10/site-packages/airflow/example_dags/example_inlet_event_extra.py
[2024-10-20T19:38:07.220-0300] {processor.py:925} INFO - DAG(s) 'read_dataset_event_from_classic', 'read_dataset_event' retrieved from /mnt/c/Users/Pato_/OneDrive/Documentos/ITBA/PYTHON_DATA_APP/itba/lib/python3.10/site-packages/airflow/example_dags/example_inlet_event_extra.py
[2024-10-20T19:38:07.237-0300] {logging_mixin.py:190} INFO - [2024-10-20T19:38:07.236-0300] {dag.py:3239} INFO - Sync 2 DAGs
[2024-10-20T19:38:07.251-0300] {logging_mixin.py:190} INFO - [2024-10-20T19:38:07.251-0300] {dag.py:4180} INFO - Setting next_dagrun for read_dataset_event to 2024-10-19 00:00:00+00:00, run_after=2024-10-20 00:00:00+00:00
[2024-10-20T19:38:07.255-0300] {logging_mixin.py:190} INFO - [2024-10-20T19:38:07.255-0300] {dag.py:4180} INFO - Setting next_dagrun for read_dataset_event_from_classic to 2024-10-19 00:00:00+00:00, run_after=2024-10-20 00:00:00+00:00
[2024-10-20T19:38:07.283-0300] {processor.py:208} INFO - Processing /mnt/c/Users/Pato_/OneDrive/Documentos/ITBA/PYTHON_DATA_APP/itba/lib/python3.10/site-packages/airflow/example_dags/example_inlet_event_extra.py took 0.145 seconds
[2024-10-20T19:39:11.770-0300] {processor.py:186} INFO - Started process (PID=320852) to work on /mnt/c/Users/Pato_/OneDrive/Documentos/ITBA/PYTHON_DATA_APP/itba/lib/python3.10/site-packages/airflow/example_dags/example_inlet_event_extra.py
[2024-10-20T19:39:11.771-0300] {processor.py:914} INFO - Processing file /mnt/c/Users/Pato_/OneDrive/Documentos/ITBA/PYTHON_DATA_APP/itba/lib/python3.10/site-packages/airflow/example_dags/example_inlet_event_extra.py for tasks to queue
[2024-10-20T19:39:11.773-0300] {logging_mixin.py:190} INFO - [2024-10-20T19:39:11.773-0300] {dagbag.py:588} INFO - Filling up the DagBag from /mnt/c/Users/Pato_/OneDrive/Documentos/ITBA/PYTHON_DATA_APP/itba/lib/python3.10/site-packages/airflow/example_dags/example_inlet_event_extra.py
[2024-10-20T19:39:11.862-0300] {processor.py:925} INFO - DAG(s) 'read_dataset_event_from_classic', 'read_dataset_event' retrieved from /mnt/c/Users/Pato_/OneDrive/Documentos/ITBA/PYTHON_DATA_APP/itba/lib/python3.10/site-packages/airflow/example_dags/example_inlet_event_extra.py
[2024-10-20T19:39:11.887-0300] {logging_mixin.py:190} INFO - [2024-10-20T19:39:11.887-0300] {dag.py:3239} INFO - Sync 2 DAGs
[2024-10-20T19:39:11.904-0300] {logging_mixin.py:190} INFO - [2024-10-20T19:39:11.903-0300] {dag.py:4180} INFO - Setting next_dagrun for read_dataset_event to 2024-10-19 00:00:00+00:00, run_after=2024-10-20 00:00:00+00:00
[2024-10-20T19:39:11.909-0300] {logging_mixin.py:190} INFO - [2024-10-20T19:39:11.908-0300] {dag.py:4180} INFO - Setting next_dagrun for read_dataset_event_from_classic to 2024-10-19 00:00:00+00:00, run_after=2024-10-20 00:00:00+00:00
[2024-10-20T19:39:11.939-0300] {processor.py:208} INFO - Processing /mnt/c/Users/Pato_/OneDrive/Documentos/ITBA/PYTHON_DATA_APP/itba/lib/python3.10/site-packages/airflow/example_dags/example_inlet_event_extra.py took 0.176 seconds
[2024-10-20T19:40:19.521-0300] {processor.py:186} INFO - Started process (PID=321651) to work on /mnt/c/Users/Pato_/OneDrive/Documentos/ITBA/PYTHON_DATA_APP/itba/lib/python3.10/site-packages/airflow/example_dags/example_inlet_event_extra.py
[2024-10-20T19:40:19.522-0300] {processor.py:914} INFO - Processing file /mnt/c/Users/Pato_/OneDrive/Documentos/ITBA/PYTHON_DATA_APP/itba/lib/python3.10/site-packages/airflow/example_dags/example_inlet_event_extra.py for tasks to queue
[2024-10-20T19:40:19.524-0300] {logging_mixin.py:190} INFO - [2024-10-20T19:40:19.523-0300] {dagbag.py:588} INFO - Filling up the DagBag from /mnt/c/Users/Pato_/OneDrive/Documentos/ITBA/PYTHON_DATA_APP/itba/lib/python3.10/site-packages/airflow/example_dags/example_inlet_event_extra.py
[2024-10-20T19:40:19.600-0300] {processor.py:925} INFO - DAG(s) 'read_dataset_event_from_classic', 'read_dataset_event' retrieved from /mnt/c/Users/Pato_/OneDrive/Documentos/ITBA/PYTHON_DATA_APP/itba/lib/python3.10/site-packages/airflow/example_dags/example_inlet_event_extra.py
[2024-10-20T19:40:19.621-0300] {logging_mixin.py:190} INFO - [2024-10-20T19:40:19.620-0300] {dag.py:3239} INFO - Sync 2 DAGs
[2024-10-20T19:40:19.637-0300] {logging_mixin.py:190} INFO - [2024-10-20T19:40:19.636-0300] {dag.py:4180} INFO - Setting next_dagrun for read_dataset_event to 2024-10-19 00:00:00+00:00, run_after=2024-10-20 00:00:00+00:00
[2024-10-20T19:40:19.641-0300] {logging_mixin.py:190} INFO - [2024-10-20T19:40:19.640-0300] {dag.py:4180} INFO - Setting next_dagrun for read_dataset_event_from_classic to 2024-10-19 00:00:00+00:00, run_after=2024-10-20 00:00:00+00:00
[2024-10-20T19:40:19.670-0300] {processor.py:208} INFO - Processing /mnt/c/Users/Pato_/OneDrive/Documentos/ITBA/PYTHON_DATA_APP/itba/lib/python3.10/site-packages/airflow/example_dags/example_inlet_event_extra.py took 0.156 seconds
[2024-10-20T19:41:25.735-0300] {processor.py:186} INFO - Started process (PID=322283) to work on /mnt/c/Users/Pato_/OneDrive/Documentos/ITBA/PYTHON_DATA_APP/itba/lib/python3.10/site-packages/airflow/example_dags/example_inlet_event_extra.py
[2024-10-20T19:41:25.736-0300] {processor.py:914} INFO - Processing file /mnt/c/Users/Pato_/OneDrive/Documentos/ITBA/PYTHON_DATA_APP/itba/lib/python3.10/site-packages/airflow/example_dags/example_inlet_event_extra.py for tasks to queue
[2024-10-20T19:41:25.738-0300] {logging_mixin.py:190} INFO - [2024-10-20T19:41:25.737-0300] {dagbag.py:588} INFO - Filling up the DagBag from /mnt/c/Users/Pato_/OneDrive/Documentos/ITBA/PYTHON_DATA_APP/itba/lib/python3.10/site-packages/airflow/example_dags/example_inlet_event_extra.py
[2024-10-20T19:41:25.812-0300] {processor.py:925} INFO - DAG(s) 'read_dataset_event_from_classic', 'read_dataset_event' retrieved from /mnt/c/Users/Pato_/OneDrive/Documentos/ITBA/PYTHON_DATA_APP/itba/lib/python3.10/site-packages/airflow/example_dags/example_inlet_event_extra.py
[2024-10-20T19:41:25.828-0300] {logging_mixin.py:190} INFO - [2024-10-20T19:41:25.828-0300] {dag.py:3239} INFO - Sync 2 DAGs
[2024-10-20T19:41:25.843-0300] {logging_mixin.py:190} INFO - [2024-10-20T19:41:25.842-0300] {dag.py:4180} INFO - Setting next_dagrun for read_dataset_event to 2024-10-19 00:00:00+00:00, run_after=2024-10-20 00:00:00+00:00
[2024-10-20T19:41:25.847-0300] {logging_mixin.py:190} INFO - [2024-10-20T19:41:25.846-0300] {dag.py:4180} INFO - Setting next_dagrun for read_dataset_event_from_classic to 2024-10-19 00:00:00+00:00, run_after=2024-10-20 00:00:00+00:00
[2024-10-20T19:41:25.874-0300] {processor.py:208} INFO - Processing /mnt/c/Users/Pato_/OneDrive/Documentos/ITBA/PYTHON_DATA_APP/itba/lib/python3.10/site-packages/airflow/example_dags/example_inlet_event_extra.py took 0.146 seconds
