[2024-10-20T19:01:33.138-0300] {processor.py:186} INFO - Started process (PID=299396) to work on /mnt/c/Users/Pato_/OneDrive/Documentos/ITBA/PYTHON_DATA_APP/itba/lib/python3.10/site-packages/airflow/example_dags/example_display_name.py
[2024-10-20T19:01:33.139-0300] {processor.py:914} INFO - Processing file /mnt/c/Users/Pato_/OneDrive/Documentos/ITBA/PYTHON_DATA_APP/itba/lib/python3.10/site-packages/airflow/example_dags/example_display_name.py for tasks to queue
[2024-10-20T19:01:33.141-0300] {logging_mixin.py:190} INFO - [2024-10-20T19:01:33.141-0300] {dagbag.py:588} INFO - Filling up the DagBag from /mnt/c/Users/Pato_/OneDrive/Documentos/ITBA/PYTHON_DATA_APP/itba/lib/python3.10/site-packages/airflow/example_dags/example_display_name.py
[2024-10-20T19:01:33.181-0300] {processor.py:925} INFO - DAG(s) 'example_display_name' retrieved from /mnt/c/Users/Pato_/OneDrive/Documentos/ITBA/PYTHON_DATA_APP/itba/lib/python3.10/site-packages/airflow/example_dags/example_display_name.py
[2024-10-20T19:01:34.078-0300] {logging_mixin.py:190} INFO - [2024-10-20T19:01:34.077-0300] {override.py:1907} INFO - Created Permission View: can read on DAG:example_display_name
[2024-10-20T19:01:34.206-0300] {logging_mixin.py:190} INFO - [2024-10-20T19:01:34.205-0300] {override.py:1907} INFO - Created Permission View: can delete on DAG:example_display_name
[2024-10-20T19:01:34.562-0300] {logging_mixin.py:190} INFO - [2024-10-20T19:01:34.561-0300] {override.py:1907} INFO - Created Permission View: can edit on DAG:example_display_name
[2024-10-20T19:01:34.934-0300] {logging_mixin.py:190} INFO - [2024-10-20T19:01:34.934-0300] {override.py:1907} INFO - Created Permission View: can read on DAG Run:example_display_name
[2024-10-20T19:01:35.105-0300] {logging_mixin.py:190} INFO - [2024-10-20T19:01:35.104-0300] {override.py:1907} INFO - Created Permission View: can delete on DAG Run:example_display_name
[2024-10-20T19:01:35.228-0300] {logging_mixin.py:190} INFO - [2024-10-20T19:01:35.227-0300] {override.py:1907} INFO - Created Permission View: can create on DAG Run:example_display_name
[2024-10-20T19:01:35.354-0300] {logging_mixin.py:190} INFO - [2024-10-20T19:01:35.354-0300] {override.py:1907} INFO - Created Permission View: menu access on DAG Run:example_display_name
[2024-10-20T19:01:35.355-0300] {logging_mixin.py:190} INFO - [2024-10-20T19:01:35.355-0300] {dag.py:3239} INFO - Sync 1 DAGs
[2024-10-20T19:01:35.366-0300] {logging_mixin.py:190} INFO - [2024-10-20T19:01:35.366-0300] {dag.py:3262} INFO - Creating ORM DAG for example_display_name
[2024-10-20T19:01:35.367-0300] {logging_mixin.py:190} INFO - [2024-10-20T19:01:35.367-0300] {dag.py:4180} INFO - Setting next_dagrun for example_display_name to None, run_after=None
[2024-10-20T19:01:35.507-0300] {processor.py:208} INFO - Processing /mnt/c/Users/Pato_/OneDrive/Documentos/ITBA/PYTHON_DATA_APP/itba/lib/python3.10/site-packages/airflow/example_dags/example_display_name.py took 2.376 seconds
[2024-10-20T19:03:09.568-0300] {processor.py:186} INFO - Started process (PID=300126) to work on /mnt/c/Users/Pato_/OneDrive/Documentos/ITBA/PYTHON_DATA_APP/itba/lib/python3.10/site-packages/airflow/example_dags/example_display_name.py
[2024-10-20T19:03:09.569-0300] {processor.py:914} INFO - Processing file /mnt/c/Users/Pato_/OneDrive/Documentos/ITBA/PYTHON_DATA_APP/itba/lib/python3.10/site-packages/airflow/example_dags/example_display_name.py for tasks to queue
[2024-10-20T19:03:09.571-0300] {logging_mixin.py:190} INFO - [2024-10-20T19:03:09.570-0300] {dagbag.py:588} INFO - Filling up the DagBag from /mnt/c/Users/Pato_/OneDrive/Documentos/ITBA/PYTHON_DATA_APP/itba/lib/python3.10/site-packages/airflow/example_dags/example_display_name.py
[2024-10-20T19:03:09.611-0300] {processor.py:925} INFO - DAG(s) 'example_display_name' retrieved from /mnt/c/Users/Pato_/OneDrive/Documentos/ITBA/PYTHON_DATA_APP/itba/lib/python3.10/site-packages/airflow/example_dags/example_display_name.py
[2024-10-20T19:03:09.624-0300] {logging_mixin.py:190} INFO - [2024-10-20T19:03:09.624-0300] {dag.py:3239} INFO - Sync 1 DAGs
[2024-10-20T19:03:09.633-0300] {logging_mixin.py:190} INFO - [2024-10-20T19:03:09.633-0300] {dag.py:4180} INFO - Setting next_dagrun for example_display_name to None, run_after=None
[2024-10-20T19:03:09.663-0300] {processor.py:208} INFO - Processing /mnt/c/Users/Pato_/OneDrive/Documentos/ITBA/PYTHON_DATA_APP/itba/lib/python3.10/site-packages/airflow/example_dags/example_display_name.py took 0.102 seconds
[2024-10-20T19:04:20.077-0300] {processor.py:186} INFO - Started process (PID=300742) to work on /mnt/c/Users/Pato_/OneDrive/Documentos/ITBA/PYTHON_DATA_APP/itba/lib/python3.10/site-packages/airflow/example_dags/example_display_name.py
[2024-10-20T19:04:20.078-0300] {processor.py:914} INFO - Processing file /mnt/c/Users/Pato_/OneDrive/Documentos/ITBA/PYTHON_DATA_APP/itba/lib/python3.10/site-packages/airflow/example_dags/example_display_name.py for tasks to queue
[2024-10-20T19:04:20.080-0300] {logging_mixin.py:190} INFO - [2024-10-20T19:04:20.080-0300] {dagbag.py:588} INFO - Filling up the DagBag from /mnt/c/Users/Pato_/OneDrive/Documentos/ITBA/PYTHON_DATA_APP/itba/lib/python3.10/site-packages/airflow/example_dags/example_display_name.py
[2024-10-20T19:04:20.123-0300] {processor.py:925} INFO - DAG(s) 'example_display_name' retrieved from /mnt/c/Users/Pato_/OneDrive/Documentos/ITBA/PYTHON_DATA_APP/itba/lib/python3.10/site-packages/airflow/example_dags/example_display_name.py
[2024-10-20T19:04:20.139-0300] {logging_mixin.py:190} INFO - [2024-10-20T19:04:20.139-0300] {dag.py:3239} INFO - Sync 1 DAGs
[2024-10-20T19:04:20.149-0300] {logging_mixin.py:190} INFO - [2024-10-20T19:04:20.148-0300] {dag.py:4180} INFO - Setting next_dagrun for example_display_name to None, run_after=None
[2024-10-20T19:04:20.181-0300] {processor.py:208} INFO - Processing /mnt/c/Users/Pato_/OneDrive/Documentos/ITBA/PYTHON_DATA_APP/itba/lib/python3.10/site-packages/airflow/example_dags/example_display_name.py took 0.111 seconds
[2024-10-20T19:05:29.908-0300] {processor.py:186} INFO - Started process (PID=301472) to work on /mnt/c/Users/Pato_/OneDrive/Documentos/ITBA/PYTHON_DATA_APP/itba/lib/python3.10/site-packages/airflow/example_dags/example_display_name.py
[2024-10-20T19:05:29.909-0300] {processor.py:914} INFO - Processing file /mnt/c/Users/Pato_/OneDrive/Documentos/ITBA/PYTHON_DATA_APP/itba/lib/python3.10/site-packages/airflow/example_dags/example_display_name.py for tasks to queue
[2024-10-20T19:05:29.911-0300] {logging_mixin.py:190} INFO - [2024-10-20T19:05:29.911-0300] {dagbag.py:588} INFO - Filling up the DagBag from /mnt/c/Users/Pato_/OneDrive/Documentos/ITBA/PYTHON_DATA_APP/itba/lib/python3.10/site-packages/airflow/example_dags/example_display_name.py
[2024-10-20T19:05:29.952-0300] {processor.py:925} INFO - DAG(s) 'example_display_name' retrieved from /mnt/c/Users/Pato_/OneDrive/Documentos/ITBA/PYTHON_DATA_APP/itba/lib/python3.10/site-packages/airflow/example_dags/example_display_name.py
[2024-10-20T19:05:29.966-0300] {logging_mixin.py:190} INFO - [2024-10-20T19:05:29.965-0300] {dag.py:3239} INFO - Sync 1 DAGs
[2024-10-20T19:05:29.974-0300] {logging_mixin.py:190} INFO - [2024-10-20T19:05:29.974-0300] {dag.py:4180} INFO - Setting next_dagrun for example_display_name to None, run_after=None
[2024-10-20T19:05:30.003-0300] {processor.py:208} INFO - Processing /mnt/c/Users/Pato_/OneDrive/Documentos/ITBA/PYTHON_DATA_APP/itba/lib/python3.10/site-packages/airflow/example_dags/example_display_name.py took 0.101 seconds
[2024-10-20T19:08:25.351-0300] {processor.py:186} INFO - Started process (PID=303772) to work on /mnt/c/Users/Pato_/OneDrive/Documentos/ITBA/PYTHON_DATA_APP/itba/lib/python3.10/site-packages/airflow/example_dags/example_display_name.py
[2024-10-20T19:08:25.352-0300] {processor.py:914} INFO - Processing file /mnt/c/Users/Pato_/OneDrive/Documentos/ITBA/PYTHON_DATA_APP/itba/lib/python3.10/site-packages/airflow/example_dags/example_display_name.py for tasks to queue
[2024-10-20T19:08:25.354-0300] {logging_mixin.py:190} INFO - [2024-10-20T19:08:25.353-0300] {dagbag.py:588} INFO - Filling up the DagBag from /mnt/c/Users/Pato_/OneDrive/Documentos/ITBA/PYTHON_DATA_APP/itba/lib/python3.10/site-packages/airflow/example_dags/example_display_name.py
[2024-10-20T19:08:25.397-0300] {processor.py:925} INFO - DAG(s) 'example_display_name' retrieved from /mnt/c/Users/Pato_/OneDrive/Documentos/ITBA/PYTHON_DATA_APP/itba/lib/python3.10/site-packages/airflow/example_dags/example_display_name.py
[2024-10-20T19:08:25.415-0300] {logging_mixin.py:190} INFO - [2024-10-20T19:08:25.414-0300] {dag.py:3239} INFO - Sync 1 DAGs
[2024-10-20T19:08:25.425-0300] {logging_mixin.py:190} INFO - [2024-10-20T19:08:25.424-0300] {dag.py:4180} INFO - Setting next_dagrun for example_display_name to None, run_after=None
[2024-10-20T19:08:25.457-0300] {processor.py:208} INFO - Processing /mnt/c/Users/Pato_/OneDrive/Documentos/ITBA/PYTHON_DATA_APP/itba/lib/python3.10/site-packages/airflow/example_dags/example_display_name.py took 0.114 seconds
[2024-10-20T19:09:31.317-0300] {processor.py:186} INFO - Started process (PID=304348) to work on /mnt/c/Users/Pato_/OneDrive/Documentos/ITBA/PYTHON_DATA_APP/itba/lib/python3.10/site-packages/airflow/example_dags/example_display_name.py
[2024-10-20T19:09:31.318-0300] {processor.py:914} INFO - Processing file /mnt/c/Users/Pato_/OneDrive/Documentos/ITBA/PYTHON_DATA_APP/itba/lib/python3.10/site-packages/airflow/example_dags/example_display_name.py for tasks to queue
[2024-10-20T19:09:31.320-0300] {logging_mixin.py:190} INFO - [2024-10-20T19:09:31.319-0300] {dagbag.py:588} INFO - Filling up the DagBag from /mnt/c/Users/Pato_/OneDrive/Documentos/ITBA/PYTHON_DATA_APP/itba/lib/python3.10/site-packages/airflow/example_dags/example_display_name.py
[2024-10-20T19:09:31.360-0300] {processor.py:925} INFO - DAG(s) 'example_display_name' retrieved from /mnt/c/Users/Pato_/OneDrive/Documentos/ITBA/PYTHON_DATA_APP/itba/lib/python3.10/site-packages/airflow/example_dags/example_display_name.py
[2024-10-20T19:09:31.374-0300] {logging_mixin.py:190} INFO - [2024-10-20T19:09:31.374-0300] {dag.py:3239} INFO - Sync 1 DAGs
[2024-10-20T19:09:31.383-0300] {logging_mixin.py:190} INFO - [2024-10-20T19:09:31.383-0300] {dag.py:4180} INFO - Setting next_dagrun for example_display_name to None, run_after=None
[2024-10-20T19:09:31.413-0300] {processor.py:208} INFO - Processing /mnt/c/Users/Pato_/OneDrive/Documentos/ITBA/PYTHON_DATA_APP/itba/lib/python3.10/site-packages/airflow/example_dags/example_display_name.py took 0.103 seconds
[2024-10-20T19:10:36.729-0300] {processor.py:186} INFO - Started process (PID=304886) to work on /mnt/c/Users/Pato_/OneDrive/Documentos/ITBA/PYTHON_DATA_APP/itba/lib/python3.10/site-packages/airflow/example_dags/example_display_name.py
[2024-10-20T19:10:36.730-0300] {processor.py:914} INFO - Processing file /mnt/c/Users/Pato_/OneDrive/Documentos/ITBA/PYTHON_DATA_APP/itba/lib/python3.10/site-packages/airflow/example_dags/example_display_name.py for tasks to queue
[2024-10-20T19:10:36.732-0300] {logging_mixin.py:190} INFO - [2024-10-20T19:10:36.731-0300] {dagbag.py:588} INFO - Filling up the DagBag from /mnt/c/Users/Pato_/OneDrive/Documentos/ITBA/PYTHON_DATA_APP/itba/lib/python3.10/site-packages/airflow/example_dags/example_display_name.py
[2024-10-20T19:10:36.771-0300] {processor.py:925} INFO - DAG(s) 'example_display_name' retrieved from /mnt/c/Users/Pato_/OneDrive/Documentos/ITBA/PYTHON_DATA_APP/itba/lib/python3.10/site-packages/airflow/example_dags/example_display_name.py
[2024-10-20T19:10:36.784-0300] {logging_mixin.py:190} INFO - [2024-10-20T19:10:36.784-0300] {dag.py:3239} INFO - Sync 1 DAGs
[2024-10-20T19:10:36.793-0300] {logging_mixin.py:190} INFO - [2024-10-20T19:10:36.792-0300] {dag.py:4180} INFO - Setting next_dagrun for example_display_name to None, run_after=None
[2024-10-20T19:10:36.822-0300] {processor.py:208} INFO - Processing /mnt/c/Users/Pato_/OneDrive/Documentos/ITBA/PYTHON_DATA_APP/itba/lib/python3.10/site-packages/airflow/example_dags/example_display_name.py took 0.099 seconds
[2024-10-20T19:11:45.111-0300] {processor.py:186} INFO - Started process (PID=305421) to work on /mnt/c/Users/Pato_/OneDrive/Documentos/ITBA/PYTHON_DATA_APP/itba/lib/python3.10/site-packages/airflow/example_dags/example_display_name.py
[2024-10-20T19:11:45.112-0300] {processor.py:914} INFO - Processing file /mnt/c/Users/Pato_/OneDrive/Documentos/ITBA/PYTHON_DATA_APP/itba/lib/python3.10/site-packages/airflow/example_dags/example_display_name.py for tasks to queue
[2024-10-20T19:11:45.114-0300] {logging_mixin.py:190} INFO - [2024-10-20T19:11:45.113-0300] {dagbag.py:588} INFO - Filling up the DagBag from /mnt/c/Users/Pato_/OneDrive/Documentos/ITBA/PYTHON_DATA_APP/itba/lib/python3.10/site-packages/airflow/example_dags/example_display_name.py
[2024-10-20T19:11:45.154-0300] {processor.py:925} INFO - DAG(s) 'example_display_name' retrieved from /mnt/c/Users/Pato_/OneDrive/Documentos/ITBA/PYTHON_DATA_APP/itba/lib/python3.10/site-packages/airflow/example_dags/example_display_name.py
[2024-10-20T19:11:45.171-0300] {logging_mixin.py:190} INFO - [2024-10-20T19:11:45.170-0300] {dag.py:3239} INFO - Sync 1 DAGs
[2024-10-20T19:11:45.181-0300] {logging_mixin.py:190} INFO - [2024-10-20T19:11:45.180-0300] {dag.py:4180} INFO - Setting next_dagrun for example_display_name to None, run_after=None
[2024-10-20T19:11:45.210-0300] {processor.py:208} INFO - Processing /mnt/c/Users/Pato_/OneDrive/Documentos/ITBA/PYTHON_DATA_APP/itba/lib/python3.10/site-packages/airflow/example_dags/example_display_name.py took 0.106 seconds
[2024-10-20T19:12:52.839-0300] {processor.py:186} INFO - Started process (PID=305949) to work on /mnt/c/Users/Pato_/OneDrive/Documentos/ITBA/PYTHON_DATA_APP/itba/lib/python3.10/site-packages/airflow/example_dags/example_display_name.py
[2024-10-20T19:12:52.840-0300] {processor.py:914} INFO - Processing file /mnt/c/Users/Pato_/OneDrive/Documentos/ITBA/PYTHON_DATA_APP/itba/lib/python3.10/site-packages/airflow/example_dags/example_display_name.py for tasks to queue
[2024-10-20T19:12:52.842-0300] {logging_mixin.py:190} INFO - [2024-10-20T19:12:52.841-0300] {dagbag.py:588} INFO - Filling up the DagBag from /mnt/c/Users/Pato_/OneDrive/Documentos/ITBA/PYTHON_DATA_APP/itba/lib/python3.10/site-packages/airflow/example_dags/example_display_name.py
[2024-10-20T19:12:52.880-0300] {processor.py:925} INFO - DAG(s) 'example_display_name' retrieved from /mnt/c/Users/Pato_/OneDrive/Documentos/ITBA/PYTHON_DATA_APP/itba/lib/python3.10/site-packages/airflow/example_dags/example_display_name.py
[2024-10-20T19:12:52.894-0300] {logging_mixin.py:190} INFO - [2024-10-20T19:12:52.894-0300] {dag.py:3239} INFO - Sync 1 DAGs
[2024-10-20T19:12:52.903-0300] {logging_mixin.py:190} INFO - [2024-10-20T19:12:52.902-0300] {dag.py:4180} INFO - Setting next_dagrun for example_display_name to None, run_after=None
[2024-10-20T19:12:52.934-0300] {processor.py:208} INFO - Processing /mnt/c/Users/Pato_/OneDrive/Documentos/ITBA/PYTHON_DATA_APP/itba/lib/python3.10/site-packages/airflow/example_dags/example_display_name.py took 0.102 seconds
[2024-10-20T19:13:56.945-0300] {processor.py:186} INFO - Started process (PID=306452) to work on /mnt/c/Users/Pato_/OneDrive/Documentos/ITBA/PYTHON_DATA_APP/itba/lib/python3.10/site-packages/airflow/example_dags/example_display_name.py
[2024-10-20T19:13:56.946-0300] {processor.py:914} INFO - Processing file /mnt/c/Users/Pato_/OneDrive/Documentos/ITBA/PYTHON_DATA_APP/itba/lib/python3.10/site-packages/airflow/example_dags/example_display_name.py for tasks to queue
[2024-10-20T19:13:56.948-0300] {logging_mixin.py:190} INFO - [2024-10-20T19:13:56.947-0300] {dagbag.py:588} INFO - Filling up the DagBag from /mnt/c/Users/Pato_/OneDrive/Documentos/ITBA/PYTHON_DATA_APP/itba/lib/python3.10/site-packages/airflow/example_dags/example_display_name.py
[2024-10-20T19:13:56.987-0300] {processor.py:925} INFO - DAG(s) 'example_display_name' retrieved from /mnt/c/Users/Pato_/OneDrive/Documentos/ITBA/PYTHON_DATA_APP/itba/lib/python3.10/site-packages/airflow/example_dags/example_display_name.py
[2024-10-20T19:13:57.001-0300] {logging_mixin.py:190} INFO - [2024-10-20T19:13:57.001-0300] {dag.py:3239} INFO - Sync 1 DAGs
[2024-10-20T19:13:57.010-0300] {logging_mixin.py:190} INFO - [2024-10-20T19:13:57.009-0300] {dag.py:4180} INFO - Setting next_dagrun for example_display_name to None, run_after=None
[2024-10-20T19:13:57.039-0300] {processor.py:208} INFO - Processing /mnt/c/Users/Pato_/OneDrive/Documentos/ITBA/PYTHON_DATA_APP/itba/lib/python3.10/site-packages/airflow/example_dags/example_display_name.py took 0.101 seconds
[2024-10-20T19:15:06.760-0300] {processor.py:186} INFO - Started process (PID=307021) to work on /mnt/c/Users/Pato_/OneDrive/Documentos/ITBA/PYTHON_DATA_APP/itba/lib/python3.10/site-packages/airflow/example_dags/example_display_name.py
[2024-10-20T19:15:06.761-0300] {processor.py:914} INFO - Processing file /mnt/c/Users/Pato_/OneDrive/Documentos/ITBA/PYTHON_DATA_APP/itba/lib/python3.10/site-packages/airflow/example_dags/example_display_name.py for tasks to queue
[2024-10-20T19:15:06.763-0300] {logging_mixin.py:190} INFO - [2024-10-20T19:15:06.763-0300] {dagbag.py:588} INFO - Filling up the DagBag from /mnt/c/Users/Pato_/OneDrive/Documentos/ITBA/PYTHON_DATA_APP/itba/lib/python3.10/site-packages/airflow/example_dags/example_display_name.py
[2024-10-20T19:15:06.803-0300] {processor.py:925} INFO - DAG(s) 'example_display_name' retrieved from /mnt/c/Users/Pato_/OneDrive/Documentos/ITBA/PYTHON_DATA_APP/itba/lib/python3.10/site-packages/airflow/example_dags/example_display_name.py
[2024-10-20T19:15:06.818-0300] {logging_mixin.py:190} INFO - [2024-10-20T19:15:06.818-0300] {dag.py:3239} INFO - Sync 1 DAGs
[2024-10-20T19:15:06.828-0300] {logging_mixin.py:190} INFO - [2024-10-20T19:15:06.827-0300] {dag.py:4180} INFO - Setting next_dagrun for example_display_name to None, run_after=None
[2024-10-20T19:15:06.858-0300] {processor.py:208} INFO - Processing /mnt/c/Users/Pato_/OneDrive/Documentos/ITBA/PYTHON_DATA_APP/itba/lib/python3.10/site-packages/airflow/example_dags/example_display_name.py took 0.105 seconds
[2024-10-20T19:16:15.717-0300] {processor.py:186} INFO - Started process (PID=307559) to work on /mnt/c/Users/Pato_/OneDrive/Documentos/ITBA/PYTHON_DATA_APP/itba/lib/python3.10/site-packages/airflow/example_dags/example_display_name.py
[2024-10-20T19:16:15.718-0300] {processor.py:914} INFO - Processing file /mnt/c/Users/Pato_/OneDrive/Documentos/ITBA/PYTHON_DATA_APP/itba/lib/python3.10/site-packages/airflow/example_dags/example_display_name.py for tasks to queue
[2024-10-20T19:16:15.720-0300] {logging_mixin.py:190} INFO - [2024-10-20T19:16:15.719-0300] {dagbag.py:588} INFO - Filling up the DagBag from /mnt/c/Users/Pato_/OneDrive/Documentos/ITBA/PYTHON_DATA_APP/itba/lib/python3.10/site-packages/airflow/example_dags/example_display_name.py
[2024-10-20T19:16:15.758-0300] {processor.py:925} INFO - DAG(s) 'example_display_name' retrieved from /mnt/c/Users/Pato_/OneDrive/Documentos/ITBA/PYTHON_DATA_APP/itba/lib/python3.10/site-packages/airflow/example_dags/example_display_name.py
[2024-10-20T19:16:15.772-0300] {logging_mixin.py:190} INFO - [2024-10-20T19:16:15.772-0300] {dag.py:3239} INFO - Sync 1 DAGs
[2024-10-20T19:16:15.781-0300] {logging_mixin.py:190} INFO - [2024-10-20T19:16:15.780-0300] {dag.py:4180} INFO - Setting next_dagrun for example_display_name to None, run_after=None
[2024-10-20T19:16:15.809-0300] {processor.py:208} INFO - Processing /mnt/c/Users/Pato_/OneDrive/Documentos/ITBA/PYTHON_DATA_APP/itba/lib/python3.10/site-packages/airflow/example_dags/example_display_name.py took 0.099 seconds
[2024-10-20T19:17:26.814-0300] {processor.py:186} INFO - Started process (PID=308115) to work on /mnt/c/Users/Pato_/OneDrive/Documentos/ITBA/PYTHON_DATA_APP/itba/lib/python3.10/site-packages/airflow/example_dags/example_display_name.py
[2024-10-20T19:17:26.815-0300] {processor.py:914} INFO - Processing file /mnt/c/Users/Pato_/OneDrive/Documentos/ITBA/PYTHON_DATA_APP/itba/lib/python3.10/site-packages/airflow/example_dags/example_display_name.py for tasks to queue
[2024-10-20T19:17:26.817-0300] {logging_mixin.py:190} INFO - [2024-10-20T19:17:26.816-0300] {dagbag.py:588} INFO - Filling up the DagBag from /mnt/c/Users/Pato_/OneDrive/Documentos/ITBA/PYTHON_DATA_APP/itba/lib/python3.10/site-packages/airflow/example_dags/example_display_name.py
[2024-10-20T19:17:26.856-0300] {processor.py:925} INFO - DAG(s) 'example_display_name' retrieved from /mnt/c/Users/Pato_/OneDrive/Documentos/ITBA/PYTHON_DATA_APP/itba/lib/python3.10/site-packages/airflow/example_dags/example_display_name.py
[2024-10-20T19:17:26.870-0300] {logging_mixin.py:190} INFO - [2024-10-20T19:17:26.870-0300] {dag.py:3239} INFO - Sync 1 DAGs
[2024-10-20T19:17:26.879-0300] {logging_mixin.py:190} INFO - [2024-10-20T19:17:26.878-0300] {dag.py:4180} INFO - Setting next_dagrun for example_display_name to None, run_after=None
[2024-10-20T19:17:26.908-0300] {processor.py:208} INFO - Processing /mnt/c/Users/Pato_/OneDrive/Documentos/ITBA/PYTHON_DATA_APP/itba/lib/python3.10/site-packages/airflow/example_dags/example_display_name.py took 0.102 seconds
[2024-10-20T19:18:40.079-0300] {processor.py:186} INFO - Started process (PID=308685) to work on /mnt/c/Users/Pato_/OneDrive/Documentos/ITBA/PYTHON_DATA_APP/itba/lib/python3.10/site-packages/airflow/example_dags/example_display_name.py
[2024-10-20T19:18:40.080-0300] {processor.py:914} INFO - Processing file /mnt/c/Users/Pato_/OneDrive/Documentos/ITBA/PYTHON_DATA_APP/itba/lib/python3.10/site-packages/airflow/example_dags/example_display_name.py for tasks to queue
[2024-10-20T19:18:40.082-0300] {logging_mixin.py:190} INFO - [2024-10-20T19:18:40.082-0300] {dagbag.py:588} INFO - Filling up the DagBag from /mnt/c/Users/Pato_/OneDrive/Documentos/ITBA/PYTHON_DATA_APP/itba/lib/python3.10/site-packages/airflow/example_dags/example_display_name.py
[2024-10-20T19:18:40.123-0300] {processor.py:925} INFO - DAG(s) 'example_display_name' retrieved from /mnt/c/Users/Pato_/OneDrive/Documentos/ITBA/PYTHON_DATA_APP/itba/lib/python3.10/site-packages/airflow/example_dags/example_display_name.py
[2024-10-20T19:18:40.138-0300] {logging_mixin.py:190} INFO - [2024-10-20T19:18:40.137-0300] {dag.py:3239} INFO - Sync 1 DAGs
[2024-10-20T19:18:40.147-0300] {logging_mixin.py:190} INFO - [2024-10-20T19:18:40.146-0300] {dag.py:4180} INFO - Setting next_dagrun for example_display_name to None, run_after=None
[2024-10-20T19:18:40.177-0300] {processor.py:208} INFO - Processing /mnt/c/Users/Pato_/OneDrive/Documentos/ITBA/PYTHON_DATA_APP/itba/lib/python3.10/site-packages/airflow/example_dags/example_display_name.py took 0.105 seconds
[2024-10-20T19:19:53.285-0300] {processor.py:186} INFO - Started process (PID=309282) to work on /mnt/c/Users/Pato_/OneDrive/Documentos/ITBA/PYTHON_DATA_APP/itba/lib/python3.10/site-packages/airflow/example_dags/example_display_name.py
[2024-10-20T19:19:53.286-0300] {processor.py:914} INFO - Processing file /mnt/c/Users/Pato_/OneDrive/Documentos/ITBA/PYTHON_DATA_APP/itba/lib/python3.10/site-packages/airflow/example_dags/example_display_name.py for tasks to queue
[2024-10-20T19:19:53.288-0300] {logging_mixin.py:190} INFO - [2024-10-20T19:19:53.287-0300] {dagbag.py:588} INFO - Filling up the DagBag from /mnt/c/Users/Pato_/OneDrive/Documentos/ITBA/PYTHON_DATA_APP/itba/lib/python3.10/site-packages/airflow/example_dags/example_display_name.py
[2024-10-20T19:19:53.326-0300] {processor.py:925} INFO - DAG(s) 'example_display_name' retrieved from /mnt/c/Users/Pato_/OneDrive/Documentos/ITBA/PYTHON_DATA_APP/itba/lib/python3.10/site-packages/airflow/example_dags/example_display_name.py
[2024-10-20T19:19:53.340-0300] {logging_mixin.py:190} INFO - [2024-10-20T19:19:53.340-0300] {dag.py:3239} INFO - Sync 1 DAGs
[2024-10-20T19:19:53.350-0300] {logging_mixin.py:190} INFO - [2024-10-20T19:19:53.349-0300] {dag.py:4180} INFO - Setting next_dagrun for example_display_name to None, run_after=None
[2024-10-20T19:19:53.379-0300] {processor.py:208} INFO - Processing /mnt/c/Users/Pato_/OneDrive/Documentos/ITBA/PYTHON_DATA_APP/itba/lib/python3.10/site-packages/airflow/example_dags/example_display_name.py took 0.101 seconds
[2024-10-20T19:21:00.957-0300] {processor.py:186} INFO - Started process (PID=309876) to work on /mnt/c/Users/Pato_/OneDrive/Documentos/ITBA/PYTHON_DATA_APP/itba/lib/python3.10/site-packages/airflow/example_dags/example_display_name.py
[2024-10-20T19:21:00.958-0300] {processor.py:914} INFO - Processing file /mnt/c/Users/Pato_/OneDrive/Documentos/ITBA/PYTHON_DATA_APP/itba/lib/python3.10/site-packages/airflow/example_dags/example_display_name.py for tasks to queue
[2024-10-20T19:21:00.960-0300] {logging_mixin.py:190} INFO - [2024-10-20T19:21:00.959-0300] {dagbag.py:588} INFO - Filling up the DagBag from /mnt/c/Users/Pato_/OneDrive/Documentos/ITBA/PYTHON_DATA_APP/itba/lib/python3.10/site-packages/airflow/example_dags/example_display_name.py
[2024-10-20T19:21:00.998-0300] {processor.py:925} INFO - DAG(s) 'example_display_name' retrieved from /mnt/c/Users/Pato_/OneDrive/Documentos/ITBA/PYTHON_DATA_APP/itba/lib/python3.10/site-packages/airflow/example_dags/example_display_name.py
[2024-10-20T19:21:01.012-0300] {logging_mixin.py:190} INFO - [2024-10-20T19:21:01.012-0300] {dag.py:3239} INFO - Sync 1 DAGs
[2024-10-20T19:21:01.021-0300] {logging_mixin.py:190} INFO - [2024-10-20T19:21:01.021-0300] {dag.py:4180} INFO - Setting next_dagrun for example_display_name to None, run_after=None
[2024-10-20T19:21:01.050-0300] {processor.py:208} INFO - Processing /mnt/c/Users/Pato_/OneDrive/Documentos/ITBA/PYTHON_DATA_APP/itba/lib/python3.10/site-packages/airflow/example_dags/example_display_name.py took 0.100 seconds
[2024-10-20T19:22:07.498-0300] {processor.py:186} INFO - Started process (PID=310487) to work on /mnt/c/Users/Pato_/OneDrive/Documentos/ITBA/PYTHON_DATA_APP/itba/lib/python3.10/site-packages/airflow/example_dags/example_display_name.py
[2024-10-20T19:22:07.499-0300] {processor.py:914} INFO - Processing file /mnt/c/Users/Pato_/OneDrive/Documentos/ITBA/PYTHON_DATA_APP/itba/lib/python3.10/site-packages/airflow/example_dags/example_display_name.py for tasks to queue
[2024-10-20T19:22:07.501-0300] {logging_mixin.py:190} INFO - [2024-10-20T19:22:07.500-0300] {dagbag.py:588} INFO - Filling up the DagBag from /mnt/c/Users/Pato_/OneDrive/Documentos/ITBA/PYTHON_DATA_APP/itba/lib/python3.10/site-packages/airflow/example_dags/example_display_name.py
[2024-10-20T19:22:07.541-0300] {processor.py:925} INFO - DAG(s) 'example_display_name' retrieved from /mnt/c/Users/Pato_/OneDrive/Documentos/ITBA/PYTHON_DATA_APP/itba/lib/python3.10/site-packages/airflow/example_dags/example_display_name.py
[2024-10-20T19:22:07.555-0300] {logging_mixin.py:190} INFO - [2024-10-20T19:22:07.554-0300] {dag.py:3239} INFO - Sync 1 DAGs
[2024-10-20T19:22:07.563-0300] {logging_mixin.py:190} INFO - [2024-10-20T19:22:07.563-0300] {dag.py:4180} INFO - Setting next_dagrun for example_display_name to None, run_after=None
[2024-10-20T19:22:07.593-0300] {processor.py:208} INFO - Processing /mnt/c/Users/Pato_/OneDrive/Documentos/ITBA/PYTHON_DATA_APP/itba/lib/python3.10/site-packages/airflow/example_dags/example_display_name.py took 0.102 seconds
[2024-10-20T19:23:12.943-0300] {processor.py:186} INFO - Started process (PID=311012) to work on /mnt/c/Users/Pato_/OneDrive/Documentos/ITBA/PYTHON_DATA_APP/itba/lib/python3.10/site-packages/airflow/example_dags/example_display_name.py
[2024-10-20T19:23:12.944-0300] {processor.py:914} INFO - Processing file /mnt/c/Users/Pato_/OneDrive/Documentos/ITBA/PYTHON_DATA_APP/itba/lib/python3.10/site-packages/airflow/example_dags/example_display_name.py for tasks to queue
[2024-10-20T19:23:12.946-0300] {logging_mixin.py:190} INFO - [2024-10-20T19:23:12.946-0300] {dagbag.py:588} INFO - Filling up the DagBag from /mnt/c/Users/Pato_/OneDrive/Documentos/ITBA/PYTHON_DATA_APP/itba/lib/python3.10/site-packages/airflow/example_dags/example_display_name.py
[2024-10-20T19:23:12.988-0300] {processor.py:925} INFO - DAG(s) 'example_display_name' retrieved from /mnt/c/Users/Pato_/OneDrive/Documentos/ITBA/PYTHON_DATA_APP/itba/lib/python3.10/site-packages/airflow/example_dags/example_display_name.py
[2024-10-20T19:23:13.003-0300] {logging_mixin.py:190} INFO - [2024-10-20T19:23:13.003-0300] {dag.py:3239} INFO - Sync 1 DAGs
[2024-10-20T19:23:13.012-0300] {logging_mixin.py:190} INFO - [2024-10-20T19:23:13.012-0300] {dag.py:4180} INFO - Setting next_dagrun for example_display_name to None, run_after=None
[2024-10-20T19:23:13.042-0300] {processor.py:208} INFO - Processing /mnt/c/Users/Pato_/OneDrive/Documentos/ITBA/PYTHON_DATA_APP/itba/lib/python3.10/site-packages/airflow/example_dags/example_display_name.py took 0.106 seconds
[2024-10-20T19:25:08.335-0300] {processor.py:186} INFO - Started process (PID=312550) to work on /mnt/c/Users/Pato_/OneDrive/Documentos/ITBA/PYTHON_DATA_APP/itba/lib/python3.10/site-packages/airflow/example_dags/example_display_name.py
[2024-10-20T19:25:08.336-0300] {processor.py:914} INFO - Processing file /mnt/c/Users/Pato_/OneDrive/Documentos/ITBA/PYTHON_DATA_APP/itba/lib/python3.10/site-packages/airflow/example_dags/example_display_name.py for tasks to queue
[2024-10-20T19:25:08.339-0300] {logging_mixin.py:190} INFO - [2024-10-20T19:25:08.338-0300] {dagbag.py:588} INFO - Filling up the DagBag from /mnt/c/Users/Pato_/OneDrive/Documentos/ITBA/PYTHON_DATA_APP/itba/lib/python3.10/site-packages/airflow/example_dags/example_display_name.py
[2024-10-20T19:25:08.379-0300] {processor.py:925} INFO - DAG(s) 'example_display_name' retrieved from /mnt/c/Users/Pato_/OneDrive/Documentos/ITBA/PYTHON_DATA_APP/itba/lib/python3.10/site-packages/airflow/example_dags/example_display_name.py
[2024-10-20T19:25:08.394-0300] {logging_mixin.py:190} INFO - [2024-10-20T19:25:08.393-0300] {dag.py:3239} INFO - Sync 1 DAGs
[2024-10-20T19:25:08.402-0300] {logging_mixin.py:190} INFO - [2024-10-20T19:25:08.402-0300] {dag.py:4180} INFO - Setting next_dagrun for example_display_name to None, run_after=None
[2024-10-20T19:25:08.432-0300] {processor.py:208} INFO - Processing /mnt/c/Users/Pato_/OneDrive/Documentos/ITBA/PYTHON_DATA_APP/itba/lib/python3.10/site-packages/airflow/example_dags/example_display_name.py took 0.104 seconds
[2024-10-20T19:26:48.113-0300] {processor.py:186} INFO - Started process (PID=313849) to work on /mnt/c/Users/Pato_/OneDrive/Documentos/ITBA/PYTHON_DATA_APP/itba/lib/python3.10/site-packages/airflow/example_dags/example_display_name.py
[2024-10-20T19:26:48.114-0300] {processor.py:914} INFO - Processing file /mnt/c/Users/Pato_/OneDrive/Documentos/ITBA/PYTHON_DATA_APP/itba/lib/python3.10/site-packages/airflow/example_dags/example_display_name.py for tasks to queue
[2024-10-20T19:26:48.116-0300] {logging_mixin.py:190} INFO - [2024-10-20T19:26:48.115-0300] {dagbag.py:588} INFO - Filling up the DagBag from /mnt/c/Users/Pato_/OneDrive/Documentos/ITBA/PYTHON_DATA_APP/itba/lib/python3.10/site-packages/airflow/example_dags/example_display_name.py
[2024-10-20T19:26:48.159-0300] {processor.py:925} INFO - DAG(s) 'example_display_name' retrieved from /mnt/c/Users/Pato_/OneDrive/Documentos/ITBA/PYTHON_DATA_APP/itba/lib/python3.10/site-packages/airflow/example_dags/example_display_name.py
[2024-10-20T19:26:48.175-0300] {logging_mixin.py:190} INFO - [2024-10-20T19:26:48.174-0300] {dag.py:3239} INFO - Sync 1 DAGs
[2024-10-20T19:26:48.185-0300] {logging_mixin.py:190} INFO - [2024-10-20T19:26:48.184-0300] {dag.py:4180} INFO - Setting next_dagrun for example_display_name to None, run_after=None
[2024-10-20T19:26:48.217-0300] {processor.py:208} INFO - Processing /mnt/c/Users/Pato_/OneDrive/Documentos/ITBA/PYTHON_DATA_APP/itba/lib/python3.10/site-packages/airflow/example_dags/example_display_name.py took 0.112 seconds
[2024-10-20T19:28:00.005-0300] {processor.py:186} INFO - Started process (PID=314771) to work on /mnt/c/Users/Pato_/OneDrive/Documentos/ITBA/PYTHON_DATA_APP/itba/lib/python3.10/site-packages/airflow/example_dags/example_display_name.py
[2024-10-20T19:28:00.006-0300] {processor.py:914} INFO - Processing file /mnt/c/Users/Pato_/OneDrive/Documentos/ITBA/PYTHON_DATA_APP/itba/lib/python3.10/site-packages/airflow/example_dags/example_display_name.py for tasks to queue
[2024-10-20T19:28:00.008-0300] {logging_mixin.py:190} INFO - [2024-10-20T19:28:00.007-0300] {dagbag.py:588} INFO - Filling up the DagBag from /mnt/c/Users/Pato_/OneDrive/Documentos/ITBA/PYTHON_DATA_APP/itba/lib/python3.10/site-packages/airflow/example_dags/example_display_name.py
[2024-10-20T19:28:00.047-0300] {processor.py:925} INFO - DAG(s) 'example_display_name' retrieved from /mnt/c/Users/Pato_/OneDrive/Documentos/ITBA/PYTHON_DATA_APP/itba/lib/python3.10/site-packages/airflow/example_dags/example_display_name.py
[2024-10-20T19:28:00.061-0300] {logging_mixin.py:190} INFO - [2024-10-20T19:28:00.060-0300] {dag.py:3239} INFO - Sync 1 DAGs
[2024-10-20T19:28:00.070-0300] {logging_mixin.py:190} INFO - [2024-10-20T19:28:00.069-0300] {dag.py:4180} INFO - Setting next_dagrun for example_display_name to None, run_after=None
[2024-10-20T19:28:00.098-0300] {processor.py:208} INFO - Processing /mnt/c/Users/Pato_/OneDrive/Documentos/ITBA/PYTHON_DATA_APP/itba/lib/python3.10/site-packages/airflow/example_dags/example_display_name.py took 0.101 seconds
[2024-10-20T19:29:05.281-0300] {processor.py:186} INFO - Started process (PID=315459) to work on /mnt/c/Users/Pato_/OneDrive/Documentos/ITBA/PYTHON_DATA_APP/itba/lib/python3.10/site-packages/airflow/example_dags/example_display_name.py
[2024-10-20T19:29:05.282-0300] {processor.py:914} INFO - Processing file /mnt/c/Users/Pato_/OneDrive/Documentos/ITBA/PYTHON_DATA_APP/itba/lib/python3.10/site-packages/airflow/example_dags/example_display_name.py for tasks to queue
[2024-10-20T19:29:05.284-0300] {logging_mixin.py:190} INFO - [2024-10-20T19:29:05.283-0300] {dagbag.py:588} INFO - Filling up the DagBag from /mnt/c/Users/Pato_/OneDrive/Documentos/ITBA/PYTHON_DATA_APP/itba/lib/python3.10/site-packages/airflow/example_dags/example_display_name.py
[2024-10-20T19:29:05.323-0300] {processor.py:925} INFO - DAG(s) 'example_display_name' retrieved from /mnt/c/Users/Pato_/OneDrive/Documentos/ITBA/PYTHON_DATA_APP/itba/lib/python3.10/site-packages/airflow/example_dags/example_display_name.py
[2024-10-20T19:29:05.337-0300] {logging_mixin.py:190} INFO - [2024-10-20T19:29:05.336-0300] {dag.py:3239} INFO - Sync 1 DAGs
[2024-10-20T19:29:05.345-0300] {logging_mixin.py:190} INFO - [2024-10-20T19:29:05.345-0300] {dag.py:4180} INFO - Setting next_dagrun for example_display_name to None, run_after=None
[2024-10-20T19:29:05.373-0300] {processor.py:208} INFO - Processing /mnt/c/Users/Pato_/OneDrive/Documentos/ITBA/PYTHON_DATA_APP/itba/lib/python3.10/site-packages/airflow/example_dags/example_display_name.py took 0.099 seconds
[2024-10-20T19:30:17.239-0300] {processor.py:186} INFO - Started process (PID=316250) to work on /mnt/c/Users/Pato_/OneDrive/Documentos/ITBA/PYTHON_DATA_APP/itba/lib/python3.10/site-packages/airflow/example_dags/example_display_name.py
[2024-10-20T19:30:17.240-0300] {processor.py:914} INFO - Processing file /mnt/c/Users/Pato_/OneDrive/Documentos/ITBA/PYTHON_DATA_APP/itba/lib/python3.10/site-packages/airflow/example_dags/example_display_name.py for tasks to queue
[2024-10-20T19:30:17.242-0300] {logging_mixin.py:190} INFO - [2024-10-20T19:30:17.241-0300] {dagbag.py:588} INFO - Filling up the DagBag from /mnt/c/Users/Pato_/OneDrive/Documentos/ITBA/PYTHON_DATA_APP/itba/lib/python3.10/site-packages/airflow/example_dags/example_display_name.py
[2024-10-20T19:30:17.281-0300] {processor.py:925} INFO - DAG(s) 'example_display_name' retrieved from /mnt/c/Users/Pato_/OneDrive/Documentos/ITBA/PYTHON_DATA_APP/itba/lib/python3.10/site-packages/airflow/example_dags/example_display_name.py
[2024-10-20T19:30:17.297-0300] {logging_mixin.py:190} INFO - [2024-10-20T19:30:17.297-0300] {dag.py:3239} INFO - Sync 1 DAGs
[2024-10-20T19:30:17.307-0300] {logging_mixin.py:190} INFO - [2024-10-20T19:30:17.306-0300] {dag.py:4180} INFO - Setting next_dagrun for example_display_name to None, run_after=None
[2024-10-20T19:30:17.336-0300] {processor.py:208} INFO - Processing /mnt/c/Users/Pato_/OneDrive/Documentos/ITBA/PYTHON_DATA_APP/itba/lib/python3.10/site-packages/airflow/example_dags/example_display_name.py took 0.104 seconds
[2024-10-20T19:31:23.216-0300] {processor.py:186} INFO - Started process (PID=316768) to work on /mnt/c/Users/Pato_/OneDrive/Documentos/ITBA/PYTHON_DATA_APP/itba/lib/python3.10/site-packages/airflow/example_dags/example_display_name.py
[2024-10-20T19:31:23.217-0300] {processor.py:914} INFO - Processing file /mnt/c/Users/Pato_/OneDrive/Documentos/ITBA/PYTHON_DATA_APP/itba/lib/python3.10/site-packages/airflow/example_dags/example_display_name.py for tasks to queue
[2024-10-20T19:31:23.219-0300] {logging_mixin.py:190} INFO - [2024-10-20T19:31:23.218-0300] {dagbag.py:588} INFO - Filling up the DagBag from /mnt/c/Users/Pato_/OneDrive/Documentos/ITBA/PYTHON_DATA_APP/itba/lib/python3.10/site-packages/airflow/example_dags/example_display_name.py
[2024-10-20T19:31:23.258-0300] {processor.py:925} INFO - DAG(s) 'example_display_name' retrieved from /mnt/c/Users/Pato_/OneDrive/Documentos/ITBA/PYTHON_DATA_APP/itba/lib/python3.10/site-packages/airflow/example_dags/example_display_name.py
[2024-10-20T19:31:23.272-0300] {logging_mixin.py:190} INFO - [2024-10-20T19:31:23.271-0300] {dag.py:3239} INFO - Sync 1 DAGs
[2024-10-20T19:31:23.281-0300] {logging_mixin.py:190} INFO - [2024-10-20T19:31:23.281-0300] {dag.py:4180} INFO - Setting next_dagrun for example_display_name to None, run_after=None
[2024-10-20T19:31:23.312-0300] {processor.py:208} INFO - Processing /mnt/c/Users/Pato_/OneDrive/Documentos/ITBA/PYTHON_DATA_APP/itba/lib/python3.10/site-packages/airflow/example_dags/example_display_name.py took 0.103 seconds
[2024-10-20T19:32:32.049-0300] {processor.py:186} INFO - Started process (PID=317306) to work on /mnt/c/Users/Pato_/OneDrive/Documentos/ITBA/PYTHON_DATA_APP/itba/lib/python3.10/site-packages/airflow/example_dags/example_display_name.py
[2024-10-20T19:32:32.050-0300] {processor.py:914} INFO - Processing file /mnt/c/Users/Pato_/OneDrive/Documentos/ITBA/PYTHON_DATA_APP/itba/lib/python3.10/site-packages/airflow/example_dags/example_display_name.py for tasks to queue
[2024-10-20T19:32:32.052-0300] {logging_mixin.py:190} INFO - [2024-10-20T19:32:32.052-0300] {dagbag.py:588} INFO - Filling up the DagBag from /mnt/c/Users/Pato_/OneDrive/Documentos/ITBA/PYTHON_DATA_APP/itba/lib/python3.10/site-packages/airflow/example_dags/example_display_name.py
[2024-10-20T19:32:32.092-0300] {processor.py:925} INFO - DAG(s) 'example_display_name' retrieved from /mnt/c/Users/Pato_/OneDrive/Documentos/ITBA/PYTHON_DATA_APP/itba/lib/python3.10/site-packages/airflow/example_dags/example_display_name.py
[2024-10-20T19:32:32.107-0300] {logging_mixin.py:190} INFO - [2024-10-20T19:32:32.106-0300] {dag.py:3239} INFO - Sync 1 DAGs
[2024-10-20T19:32:32.116-0300] {logging_mixin.py:190} INFO - [2024-10-20T19:32:32.116-0300] {dag.py:4180} INFO - Setting next_dagrun for example_display_name to None, run_after=None
[2024-10-20T19:32:32.147-0300] {processor.py:208} INFO - Processing /mnt/c/Users/Pato_/OneDrive/Documentos/ITBA/PYTHON_DATA_APP/itba/lib/python3.10/site-packages/airflow/example_dags/example_display_name.py took 0.105 seconds
[2024-10-20T19:33:39.337-0300] {processor.py:186} INFO - Started process (PID=317968) to work on /mnt/c/Users/Pato_/OneDrive/Documentos/ITBA/PYTHON_DATA_APP/itba/lib/python3.10/site-packages/airflow/example_dags/example_display_name.py
[2024-10-20T19:33:39.338-0300] {processor.py:914} INFO - Processing file /mnt/c/Users/Pato_/OneDrive/Documentos/ITBA/PYTHON_DATA_APP/itba/lib/python3.10/site-packages/airflow/example_dags/example_display_name.py for tasks to queue
[2024-10-20T19:33:39.340-0300] {logging_mixin.py:190} INFO - [2024-10-20T19:33:39.340-0300] {dagbag.py:588} INFO - Filling up the DagBag from /mnt/c/Users/Pato_/OneDrive/Documentos/ITBA/PYTHON_DATA_APP/itba/lib/python3.10/site-packages/airflow/example_dags/example_display_name.py
[2024-10-20T19:33:39.379-0300] {processor.py:925} INFO - DAG(s) 'example_display_name' retrieved from /mnt/c/Users/Pato_/OneDrive/Documentos/ITBA/PYTHON_DATA_APP/itba/lib/python3.10/site-packages/airflow/example_dags/example_display_name.py
[2024-10-20T19:33:39.393-0300] {logging_mixin.py:190} INFO - [2024-10-20T19:33:39.393-0300] {dag.py:3239} INFO - Sync 1 DAGs
[2024-10-20T19:33:39.402-0300] {logging_mixin.py:190} INFO - [2024-10-20T19:33:39.402-0300] {dag.py:4180} INFO - Setting next_dagrun for example_display_name to None, run_after=None
[2024-10-20T19:33:39.430-0300] {processor.py:208} INFO - Processing /mnt/c/Users/Pato_/OneDrive/Documentos/ITBA/PYTHON_DATA_APP/itba/lib/python3.10/site-packages/airflow/example_dags/example_display_name.py took 0.099 seconds
[2024-10-20T19:34:46.862-0300] {processor.py:186} INFO - Started process (PID=318671) to work on /mnt/c/Users/Pato_/OneDrive/Documentos/ITBA/PYTHON_DATA_APP/itba/lib/python3.10/site-packages/airflow/example_dags/example_display_name.py
[2024-10-20T19:34:46.863-0300] {processor.py:914} INFO - Processing file /mnt/c/Users/Pato_/OneDrive/Documentos/ITBA/PYTHON_DATA_APP/itba/lib/python3.10/site-packages/airflow/example_dags/example_display_name.py for tasks to queue
[2024-10-20T19:34:46.865-0300] {logging_mixin.py:190} INFO - [2024-10-20T19:34:46.864-0300] {dagbag.py:588} INFO - Filling up the DagBag from /mnt/c/Users/Pato_/OneDrive/Documentos/ITBA/PYTHON_DATA_APP/itba/lib/python3.10/site-packages/airflow/example_dags/example_display_name.py
[2024-10-20T19:34:46.904-0300] {processor.py:925} INFO - DAG(s) 'example_display_name' retrieved from /mnt/c/Users/Pato_/OneDrive/Documentos/ITBA/PYTHON_DATA_APP/itba/lib/python3.10/site-packages/airflow/example_dags/example_display_name.py
[2024-10-20T19:34:46.918-0300] {logging_mixin.py:190} INFO - [2024-10-20T19:34:46.917-0300] {dag.py:3239} INFO - Sync 1 DAGs
[2024-10-20T19:34:46.926-0300] {logging_mixin.py:190} INFO - [2024-10-20T19:34:46.926-0300] {dag.py:4180} INFO - Setting next_dagrun for example_display_name to None, run_after=None
[2024-10-20T19:34:46.985-0300] {processor.py:208} INFO - Processing /mnt/c/Users/Pato_/OneDrive/Documentos/ITBA/PYTHON_DATA_APP/itba/lib/python3.10/site-packages/airflow/example_dags/example_display_name.py took 0.130 seconds
[2024-10-20T19:35:55.435-0300] {processor.py:186} INFO - Started process (PID=319321) to work on /mnt/c/Users/Pato_/OneDrive/Documentos/ITBA/PYTHON_DATA_APP/itba/lib/python3.10/site-packages/airflow/example_dags/example_display_name.py
[2024-10-20T19:35:55.436-0300] {processor.py:914} INFO - Processing file /mnt/c/Users/Pato_/OneDrive/Documentos/ITBA/PYTHON_DATA_APP/itba/lib/python3.10/site-packages/airflow/example_dags/example_display_name.py for tasks to queue
[2024-10-20T19:35:55.439-0300] {logging_mixin.py:190} INFO - [2024-10-20T19:35:55.438-0300] {dagbag.py:588} INFO - Filling up the DagBag from /mnt/c/Users/Pato_/OneDrive/Documentos/ITBA/PYTHON_DATA_APP/itba/lib/python3.10/site-packages/airflow/example_dags/example_display_name.py
[2024-10-20T19:35:55.478-0300] {processor.py:925} INFO - DAG(s) 'example_display_name' retrieved from /mnt/c/Users/Pato_/OneDrive/Documentos/ITBA/PYTHON_DATA_APP/itba/lib/python3.10/site-packages/airflow/example_dags/example_display_name.py
[2024-10-20T19:35:55.494-0300] {logging_mixin.py:190} INFO - [2024-10-20T19:35:55.494-0300] {dag.py:3239} INFO - Sync 1 DAGs
[2024-10-20T19:35:55.504-0300] {logging_mixin.py:190} INFO - [2024-10-20T19:35:55.503-0300] {dag.py:4180} INFO - Setting next_dagrun for example_display_name to None, run_after=None
[2024-10-20T19:35:55.533-0300] {processor.py:208} INFO - Processing /mnt/c/Users/Pato_/OneDrive/Documentos/ITBA/PYTHON_DATA_APP/itba/lib/python3.10/site-packages/airflow/example_dags/example_display_name.py took 0.105 seconds
[2024-10-20T19:37:05.012-0300] {processor.py:186} INFO - Started process (PID=319862) to work on /mnt/c/Users/Pato_/OneDrive/Documentos/ITBA/PYTHON_DATA_APP/itba/lib/python3.10/site-packages/airflow/example_dags/example_display_name.py
[2024-10-20T19:37:05.013-0300] {processor.py:914} INFO - Processing file /mnt/c/Users/Pato_/OneDrive/Documentos/ITBA/PYTHON_DATA_APP/itba/lib/python3.10/site-packages/airflow/example_dags/example_display_name.py for tasks to queue
[2024-10-20T19:37:05.015-0300] {logging_mixin.py:190} INFO - [2024-10-20T19:37:05.015-0300] {dagbag.py:588} INFO - Filling up the DagBag from /mnt/c/Users/Pato_/OneDrive/Documentos/ITBA/PYTHON_DATA_APP/itba/lib/python3.10/site-packages/airflow/example_dags/example_display_name.py
[2024-10-20T19:37:05.054-0300] {processor.py:925} INFO - DAG(s) 'example_display_name' retrieved from /mnt/c/Users/Pato_/OneDrive/Documentos/ITBA/PYTHON_DATA_APP/itba/lib/python3.10/site-packages/airflow/example_dags/example_display_name.py
[2024-10-20T19:37:05.067-0300] {logging_mixin.py:190} INFO - [2024-10-20T19:37:05.067-0300] {dag.py:3239} INFO - Sync 1 DAGs
[2024-10-20T19:37:05.076-0300] {logging_mixin.py:190} INFO - [2024-10-20T19:37:05.075-0300] {dag.py:4180} INFO - Setting next_dagrun for example_display_name to None, run_after=None
[2024-10-20T19:37:05.105-0300] {processor.py:208} INFO - Processing /mnt/c/Users/Pato_/OneDrive/Documentos/ITBA/PYTHON_DATA_APP/itba/lib/python3.10/site-packages/airflow/example_dags/example_display_name.py took 0.100 seconds
[2024-10-20T19:38:11.448-0300] {processor.py:186} INFO - Started process (PID=320382) to work on /mnt/c/Users/Pato_/OneDrive/Documentos/ITBA/PYTHON_DATA_APP/itba/lib/python3.10/site-packages/airflow/example_dags/example_display_name.py
[2024-10-20T19:38:11.449-0300] {processor.py:914} INFO - Processing file /mnt/c/Users/Pato_/OneDrive/Documentos/ITBA/PYTHON_DATA_APP/itba/lib/python3.10/site-packages/airflow/example_dags/example_display_name.py for tasks to queue
[2024-10-20T19:38:11.451-0300] {logging_mixin.py:190} INFO - [2024-10-20T19:38:11.451-0300] {dagbag.py:588} INFO - Filling up the DagBag from /mnt/c/Users/Pato_/OneDrive/Documentos/ITBA/PYTHON_DATA_APP/itba/lib/python3.10/site-packages/airflow/example_dags/example_display_name.py
[2024-10-20T19:38:11.491-0300] {processor.py:925} INFO - DAG(s) 'example_display_name' retrieved from /mnt/c/Users/Pato_/OneDrive/Documentos/ITBA/PYTHON_DATA_APP/itba/lib/python3.10/site-packages/airflow/example_dags/example_display_name.py
[2024-10-20T19:38:11.505-0300] {logging_mixin.py:190} INFO - [2024-10-20T19:38:11.504-0300] {dag.py:3239} INFO - Sync 1 DAGs
[2024-10-20T19:38:11.513-0300] {logging_mixin.py:190} INFO - [2024-10-20T19:38:11.513-0300] {dag.py:4180} INFO - Setting next_dagrun for example_display_name to None, run_after=None
[2024-10-20T19:38:11.543-0300] {processor.py:208} INFO - Processing /mnt/c/Users/Pato_/OneDrive/Documentos/ITBA/PYTHON_DATA_APP/itba/lib/python3.10/site-packages/airflow/example_dags/example_display_name.py took 0.101 seconds
[2024-10-20T19:39:16.967-0300] {processor.py:186} INFO - Started process (PID=320894) to work on /mnt/c/Users/Pato_/OneDrive/Documentos/ITBA/PYTHON_DATA_APP/itba/lib/python3.10/site-packages/airflow/example_dags/example_display_name.py
[2024-10-20T19:39:16.968-0300] {processor.py:914} INFO - Processing file /mnt/c/Users/Pato_/OneDrive/Documentos/ITBA/PYTHON_DATA_APP/itba/lib/python3.10/site-packages/airflow/example_dags/example_display_name.py for tasks to queue
[2024-10-20T19:39:16.970-0300] {logging_mixin.py:190} INFO - [2024-10-20T19:39:16.969-0300] {dagbag.py:588} INFO - Filling up the DagBag from /mnt/c/Users/Pato_/OneDrive/Documentos/ITBA/PYTHON_DATA_APP/itba/lib/python3.10/site-packages/airflow/example_dags/example_display_name.py
[2024-10-20T19:39:17.010-0300] {processor.py:925} INFO - DAG(s) 'example_display_name' retrieved from /mnt/c/Users/Pato_/OneDrive/Documentos/ITBA/PYTHON_DATA_APP/itba/lib/python3.10/site-packages/airflow/example_dags/example_display_name.py
[2024-10-20T19:39:17.024-0300] {logging_mixin.py:190} INFO - [2024-10-20T19:39:17.023-0300] {dag.py:3239} INFO - Sync 1 DAGs
[2024-10-20T19:39:17.033-0300] {logging_mixin.py:190} INFO - [2024-10-20T19:39:17.032-0300] {dag.py:4180} INFO - Setting next_dagrun for example_display_name to None, run_after=None
[2024-10-20T19:39:17.061-0300] {processor.py:208} INFO - Processing /mnt/c/Users/Pato_/OneDrive/Documentos/ITBA/PYTHON_DATA_APP/itba/lib/python3.10/site-packages/airflow/example_dags/example_display_name.py took 0.101 seconds
[2024-10-20T19:40:23.342-0300] {processor.py:186} INFO - Started process (PID=321685) to work on /mnt/c/Users/Pato_/OneDrive/Documentos/ITBA/PYTHON_DATA_APP/itba/lib/python3.10/site-packages/airflow/example_dags/example_display_name.py
[2024-10-20T19:40:23.343-0300] {processor.py:914} INFO - Processing file /mnt/c/Users/Pato_/OneDrive/Documentos/ITBA/PYTHON_DATA_APP/itba/lib/python3.10/site-packages/airflow/example_dags/example_display_name.py for tasks to queue
[2024-10-20T19:40:23.345-0300] {logging_mixin.py:190} INFO - [2024-10-20T19:40:23.344-0300] {dagbag.py:588} INFO - Filling up the DagBag from /mnt/c/Users/Pato_/OneDrive/Documentos/ITBA/PYTHON_DATA_APP/itba/lib/python3.10/site-packages/airflow/example_dags/example_display_name.py
[2024-10-20T19:40:23.385-0300] {processor.py:925} INFO - DAG(s) 'example_display_name' retrieved from /mnt/c/Users/Pato_/OneDrive/Documentos/ITBA/PYTHON_DATA_APP/itba/lib/python3.10/site-packages/airflow/example_dags/example_display_name.py
[2024-10-20T19:40:23.399-0300] {logging_mixin.py:190} INFO - [2024-10-20T19:40:23.398-0300] {dag.py:3239} INFO - Sync 1 DAGs
[2024-10-20T19:40:23.408-0300] {logging_mixin.py:190} INFO - [2024-10-20T19:40:23.407-0300] {dag.py:4180} INFO - Setting next_dagrun for example_display_name to None, run_after=None
[2024-10-20T19:40:23.436-0300] {processor.py:208} INFO - Processing /mnt/c/Users/Pato_/OneDrive/Documentos/ITBA/PYTHON_DATA_APP/itba/lib/python3.10/site-packages/airflow/example_dags/example_display_name.py took 0.101 seconds
[2024-10-20T19:41:30.360-0300] {processor.py:186} INFO - Started process (PID=322323) to work on /mnt/c/Users/Pato_/OneDrive/Documentos/ITBA/PYTHON_DATA_APP/itba/lib/python3.10/site-packages/airflow/example_dags/example_display_name.py
[2024-10-20T19:41:30.361-0300] {processor.py:914} INFO - Processing file /mnt/c/Users/Pato_/OneDrive/Documentos/ITBA/PYTHON_DATA_APP/itba/lib/python3.10/site-packages/airflow/example_dags/example_display_name.py for tasks to queue
[2024-10-20T19:41:30.363-0300] {logging_mixin.py:190} INFO - [2024-10-20T19:41:30.362-0300] {dagbag.py:588} INFO - Filling up the DagBag from /mnt/c/Users/Pato_/OneDrive/Documentos/ITBA/PYTHON_DATA_APP/itba/lib/python3.10/site-packages/airflow/example_dags/example_display_name.py
[2024-10-20T19:41:30.402-0300] {processor.py:925} INFO - DAG(s) 'example_display_name' retrieved from /mnt/c/Users/Pato_/OneDrive/Documentos/ITBA/PYTHON_DATA_APP/itba/lib/python3.10/site-packages/airflow/example_dags/example_display_name.py
[2024-10-20T19:41:30.417-0300] {logging_mixin.py:190} INFO - [2024-10-20T19:41:30.416-0300] {dag.py:3239} INFO - Sync 1 DAGs
[2024-10-20T19:41:30.425-0300] {logging_mixin.py:190} INFO - [2024-10-20T19:41:30.424-0300] {dag.py:4180} INFO - Setting next_dagrun for example_display_name to None, run_after=None
[2024-10-20T19:41:30.456-0300] {processor.py:208} INFO - Processing /mnt/c/Users/Pato_/OneDrive/Documentos/ITBA/PYTHON_DATA_APP/itba/lib/python3.10/site-packages/airflow/example_dags/example_display_name.py took 0.103 seconds
