[2024-10-20T19:00:51.091-0300] {processor.py:186} INFO - Started process (PID=298891) to work on /mnt/c/Users/Pato_/OneDrive/Documentos/ITBA/PYTHON_DATA_APP/itba/lib/python3.10/site-packages/airflow/example_dags/example_params_trigger_ui.py
[2024-10-20T19:00:51.092-0300] {processor.py:914} INFO - Processing file /mnt/c/Users/Pato_/OneDrive/Documentos/ITBA/PYTHON_DATA_APP/itba/lib/python3.10/site-packages/airflow/example_dags/example_params_trigger_ui.py for tasks to queue
[2024-10-20T19:00:51.095-0300] {logging_mixin.py:190} INFO - [2024-10-20T19:00:51.094-0300] {dagbag.py:588} INFO - Filling up the DagBag from /mnt/c/Users/Pato_/OneDrive/Documentos/ITBA/PYTHON_DATA_APP/itba/lib/python3.10/site-packages/airflow/example_dags/example_params_trigger_ui.py
[2024-10-20T19:00:51.217-0300] {processor.py:925} INFO - DAG(s) 'example_params_trigger_ui' retrieved from /mnt/c/Users/Pato_/OneDrive/Documentos/ITBA/PYTHON_DATA_APP/itba/lib/python3.10/site-packages/airflow/example_dags/example_params_trigger_ui.py
[2024-10-20T19:00:51.959-0300] {logging_mixin.py:190} INFO - [2024-10-20T19:00:51.958-0300] {override.py:1907} INFO - Created Permission View: can read on DAG:example_params_trigger_ui
[2024-10-20T19:00:51.979-0300] {logging_mixin.py:190} INFO - [2024-10-20T19:00:51.979-0300] {override.py:1907} INFO - Created Permission View: can delete on DAG:example_params_trigger_ui
[2024-10-20T19:00:52.000-0300] {logging_mixin.py:190} INFO - [2024-10-20T19:00:51.999-0300] {override.py:1907} INFO - Created Permission View: can edit on DAG:example_params_trigger_ui
[2024-10-20T19:00:52.030-0300] {logging_mixin.py:190} INFO - [2024-10-20T19:00:52.030-0300] {override.py:1907} INFO - Created Permission View: can read on DAG Run:example_params_trigger_ui
[2024-10-20T19:00:52.049-0300] {logging_mixin.py:190} INFO - [2024-10-20T19:00:52.049-0300] {override.py:1907} INFO - Created Permission View: can delete on DAG Run:example_params_trigger_ui
[2024-10-20T19:00:52.068-0300] {logging_mixin.py:190} INFO - [2024-10-20T19:00:52.067-0300] {override.py:1907} INFO - Created Permission View: can create on DAG Run:example_params_trigger_ui
[2024-10-20T19:00:52.123-0300] {logging_mixin.py:190} INFO - [2024-10-20T19:00:52.123-0300] {override.py:1907} INFO - Created Permission View: menu access on DAG Run:example_params_trigger_ui
[2024-10-20T19:00:52.124-0300] {logging_mixin.py:190} INFO - [2024-10-20T19:00:52.124-0300] {dag.py:3239} INFO - Sync 1 DAGs
[2024-10-20T19:00:52.135-0300] {logging_mixin.py:190} INFO - [2024-10-20T19:00:52.134-0300] {dag.py:3262} INFO - Creating ORM DAG for example_params_trigger_ui
[2024-10-20T19:00:52.136-0300] {logging_mixin.py:190} INFO - [2024-10-20T19:00:52.136-0300] {dag.py:4180} INFO - Setting next_dagrun for example_params_trigger_ui to None, run_after=None
[2024-10-20T19:00:52.207-0300] {processor.py:208} INFO - Processing /mnt/c/Users/Pato_/OneDrive/Documentos/ITBA/PYTHON_DATA_APP/itba/lib/python3.10/site-packages/airflow/example_dags/example_params_trigger_ui.py took 1.124 seconds
[2024-10-20T19:02:58.158-0300] {processor.py:186} INFO - Started process (PID=300038) to work on /mnt/c/Users/Pato_/OneDrive/Documentos/ITBA/PYTHON_DATA_APP/itba/lib/python3.10/site-packages/airflow/example_dags/example_params_trigger_ui.py
[2024-10-20T19:02:58.159-0300] {processor.py:914} INFO - Processing file /mnt/c/Users/Pato_/OneDrive/Documentos/ITBA/PYTHON_DATA_APP/itba/lib/python3.10/site-packages/airflow/example_dags/example_params_trigger_ui.py for tasks to queue
[2024-10-20T19:02:58.161-0300] {logging_mixin.py:190} INFO - [2024-10-20T19:02:58.161-0300] {dagbag.py:588} INFO - Filling up the DagBag from /mnt/c/Users/Pato_/OneDrive/Documentos/ITBA/PYTHON_DATA_APP/itba/lib/python3.10/site-packages/airflow/example_dags/example_params_trigger_ui.py
[2024-10-20T19:02:58.209-0300] {processor.py:925} INFO - DAG(s) 'example_params_trigger_ui' retrieved from /mnt/c/Users/Pato_/OneDrive/Documentos/ITBA/PYTHON_DATA_APP/itba/lib/python3.10/site-packages/airflow/example_dags/example_params_trigger_ui.py
[2024-10-20T19:02:58.241-0300] {logging_mixin.py:190} INFO - [2024-10-20T19:02:58.240-0300] {dag.py:3239} INFO - Sync 1 DAGs
[2024-10-20T19:02:58.250-0300] {logging_mixin.py:190} INFO - [2024-10-20T19:02:58.250-0300] {dag.py:4180} INFO - Setting next_dagrun for example_params_trigger_ui to None, run_after=None
[2024-10-20T19:02:58.283-0300] {processor.py:208} INFO - Processing /mnt/c/Users/Pato_/OneDrive/Documentos/ITBA/PYTHON_DATA_APP/itba/lib/python3.10/site-packages/airflow/example_dags/example_params_trigger_ui.py took 0.132 seconds
[2024-10-20T19:04:06.578-0300] {processor.py:186} INFO - Started process (PID=300572) to work on /mnt/c/Users/Pato_/OneDrive/Documentos/ITBA/PYTHON_DATA_APP/itba/lib/python3.10/site-packages/airflow/example_dags/example_params_trigger_ui.py
[2024-10-20T19:04:06.579-0300] {processor.py:914} INFO - Processing file /mnt/c/Users/Pato_/OneDrive/Documentos/ITBA/PYTHON_DATA_APP/itba/lib/python3.10/site-packages/airflow/example_dags/example_params_trigger_ui.py for tasks to queue
[2024-10-20T19:04:06.581-0300] {logging_mixin.py:190} INFO - [2024-10-20T19:04:06.580-0300] {dagbag.py:588} INFO - Filling up the DagBag from /mnt/c/Users/Pato_/OneDrive/Documentos/ITBA/PYTHON_DATA_APP/itba/lib/python3.10/site-packages/airflow/example_dags/example_params_trigger_ui.py
[2024-10-20T19:04:06.623-0300] {processor.py:925} INFO - DAG(s) 'example_params_trigger_ui' retrieved from /mnt/c/Users/Pato_/OneDrive/Documentos/ITBA/PYTHON_DATA_APP/itba/lib/python3.10/site-packages/airflow/example_dags/example_params_trigger_ui.py
[2024-10-20T19:04:06.652-0300] {logging_mixin.py:190} INFO - [2024-10-20T19:04:06.652-0300] {dag.py:3239} INFO - Sync 1 DAGs
[2024-10-20T19:04:06.662-0300] {logging_mixin.py:190} INFO - [2024-10-20T19:04:06.661-0300] {dag.py:4180} INFO - Setting next_dagrun for example_params_trigger_ui to None, run_after=None
[2024-10-20T19:04:06.693-0300] {processor.py:208} INFO - Processing /mnt/c/Users/Pato_/OneDrive/Documentos/ITBA/PYTHON_DATA_APP/itba/lib/python3.10/site-packages/airflow/example_dags/example_params_trigger_ui.py took 0.122 seconds
[2024-10-20T19:05:18.279-0300] {processor.py:186} INFO - Started process (PID=301385) to work on /mnt/c/Users/Pato_/OneDrive/Documentos/ITBA/PYTHON_DATA_APP/itba/lib/python3.10/site-packages/airflow/example_dags/example_params_trigger_ui.py
[2024-10-20T19:05:18.280-0300] {processor.py:914} INFO - Processing file /mnt/c/Users/Pato_/OneDrive/Documentos/ITBA/PYTHON_DATA_APP/itba/lib/python3.10/site-packages/airflow/example_dags/example_params_trigger_ui.py for tasks to queue
[2024-10-20T19:05:18.282-0300] {logging_mixin.py:190} INFO - [2024-10-20T19:05:18.282-0300] {dagbag.py:588} INFO - Filling up the DagBag from /mnt/c/Users/Pato_/OneDrive/Documentos/ITBA/PYTHON_DATA_APP/itba/lib/python3.10/site-packages/airflow/example_dags/example_params_trigger_ui.py
[2024-10-20T19:05:18.326-0300] {processor.py:925} INFO - DAG(s) 'example_params_trigger_ui' retrieved from /mnt/c/Users/Pato_/OneDrive/Documentos/ITBA/PYTHON_DATA_APP/itba/lib/python3.10/site-packages/airflow/example_dags/example_params_trigger_ui.py
[2024-10-20T19:05:18.354-0300] {logging_mixin.py:190} INFO - [2024-10-20T19:05:18.353-0300] {dag.py:3239} INFO - Sync 1 DAGs
[2024-10-20T19:05:18.362-0300] {logging_mixin.py:190} INFO - [2024-10-20T19:05:18.362-0300] {dag.py:4180} INFO - Setting next_dagrun for example_params_trigger_ui to None, run_after=None
[2024-10-20T19:05:18.392-0300] {processor.py:208} INFO - Processing /mnt/c/Users/Pato_/OneDrive/Documentos/ITBA/PYTHON_DATA_APP/itba/lib/python3.10/site-packages/airflow/example_dags/example_params_trigger_ui.py took 0.119 seconds
[2024-10-20T19:08:13.712-0300] {processor.py:186} INFO - Started process (PID=303679) to work on /mnt/c/Users/Pato_/OneDrive/Documentos/ITBA/PYTHON_DATA_APP/itba/lib/python3.10/site-packages/airflow/example_dags/example_params_trigger_ui.py
[2024-10-20T19:08:13.713-0300] {processor.py:914} INFO - Processing file /mnt/c/Users/Pato_/OneDrive/Documentos/ITBA/PYTHON_DATA_APP/itba/lib/python3.10/site-packages/airflow/example_dags/example_params_trigger_ui.py for tasks to queue
[2024-10-20T19:08:13.715-0300] {logging_mixin.py:190} INFO - [2024-10-20T19:08:13.715-0300] {dagbag.py:588} INFO - Filling up the DagBag from /mnt/c/Users/Pato_/OneDrive/Documentos/ITBA/PYTHON_DATA_APP/itba/lib/python3.10/site-packages/airflow/example_dags/example_params_trigger_ui.py
[2024-10-20T19:08:13.756-0300] {processor.py:925} INFO - DAG(s) 'example_params_trigger_ui' retrieved from /mnt/c/Users/Pato_/OneDrive/Documentos/ITBA/PYTHON_DATA_APP/itba/lib/python3.10/site-packages/airflow/example_dags/example_params_trigger_ui.py
[2024-10-20T19:08:13.783-0300] {logging_mixin.py:190} INFO - [2024-10-20T19:08:13.783-0300] {dag.py:3239} INFO - Sync 1 DAGs
[2024-10-20T19:08:13.792-0300] {logging_mixin.py:190} INFO - [2024-10-20T19:08:13.791-0300] {dag.py:4180} INFO - Setting next_dagrun for example_params_trigger_ui to None, run_after=None
[2024-10-20T19:08:13.820-0300] {processor.py:208} INFO - Processing /mnt/c/Users/Pato_/OneDrive/Documentos/ITBA/PYTHON_DATA_APP/itba/lib/python3.10/site-packages/airflow/example_dags/example_params_trigger_ui.py took 0.114 seconds
[2024-10-20T19:09:20.744-0300] {processor.py:186} INFO - Started process (PID=304266) to work on /mnt/c/Users/Pato_/OneDrive/Documentos/ITBA/PYTHON_DATA_APP/itba/lib/python3.10/site-packages/airflow/example_dags/example_params_trigger_ui.py
[2024-10-20T19:09:20.745-0300] {processor.py:914} INFO - Processing file /mnt/c/Users/Pato_/OneDrive/Documentos/ITBA/PYTHON_DATA_APP/itba/lib/python3.10/site-packages/airflow/example_dags/example_params_trigger_ui.py for tasks to queue
[2024-10-20T19:09:20.747-0300] {logging_mixin.py:190} INFO - [2024-10-20T19:09:20.747-0300] {dagbag.py:588} INFO - Filling up the DagBag from /mnt/c/Users/Pato_/OneDrive/Documentos/ITBA/PYTHON_DATA_APP/itba/lib/python3.10/site-packages/airflow/example_dags/example_params_trigger_ui.py
[2024-10-20T19:09:20.789-0300] {processor.py:925} INFO - DAG(s) 'example_params_trigger_ui' retrieved from /mnt/c/Users/Pato_/OneDrive/Documentos/ITBA/PYTHON_DATA_APP/itba/lib/python3.10/site-packages/airflow/example_dags/example_params_trigger_ui.py
[2024-10-20T19:09:20.817-0300] {logging_mixin.py:190} INFO - [2024-10-20T19:09:20.816-0300] {dag.py:3239} INFO - Sync 1 DAGs
[2024-10-20T19:09:20.825-0300] {logging_mixin.py:190} INFO - [2024-10-20T19:09:20.825-0300] {dag.py:4180} INFO - Setting next_dagrun for example_params_trigger_ui to None, run_after=None
[2024-10-20T19:09:20.854-0300] {processor.py:208} INFO - Processing /mnt/c/Users/Pato_/OneDrive/Documentos/ITBA/PYTHON_DATA_APP/itba/lib/python3.10/site-packages/airflow/example_dags/example_params_trigger_ui.py took 0.117 seconds
[2024-10-20T19:10:26.375-0300] {processor.py:186} INFO - Started process (PID=304803) to work on /mnt/c/Users/Pato_/OneDrive/Documentos/ITBA/PYTHON_DATA_APP/itba/lib/python3.10/site-packages/airflow/example_dags/example_params_trigger_ui.py
[2024-10-20T19:10:26.376-0300] {processor.py:914} INFO - Processing file /mnt/c/Users/Pato_/OneDrive/Documentos/ITBA/PYTHON_DATA_APP/itba/lib/python3.10/site-packages/airflow/example_dags/example_params_trigger_ui.py for tasks to queue
[2024-10-20T19:10:26.378-0300] {logging_mixin.py:190} INFO - [2024-10-20T19:10:26.377-0300] {dagbag.py:588} INFO - Filling up the DagBag from /mnt/c/Users/Pato_/OneDrive/Documentos/ITBA/PYTHON_DATA_APP/itba/lib/python3.10/site-packages/airflow/example_dags/example_params_trigger_ui.py
[2024-10-20T19:10:26.417-0300] {processor.py:925} INFO - DAG(s) 'example_params_trigger_ui' retrieved from /mnt/c/Users/Pato_/OneDrive/Documentos/ITBA/PYTHON_DATA_APP/itba/lib/python3.10/site-packages/airflow/example_dags/example_params_trigger_ui.py
[2024-10-20T19:10:26.445-0300] {logging_mixin.py:190} INFO - [2024-10-20T19:10:26.444-0300] {dag.py:3239} INFO - Sync 1 DAGs
[2024-10-20T19:10:26.453-0300] {logging_mixin.py:190} INFO - [2024-10-20T19:10:26.453-0300] {dag.py:4180} INFO - Setting next_dagrun for example_params_trigger_ui to None, run_after=None
[2024-10-20T19:10:26.482-0300] {processor.py:208} INFO - Processing /mnt/c/Users/Pato_/OneDrive/Documentos/ITBA/PYTHON_DATA_APP/itba/lib/python3.10/site-packages/airflow/example_dags/example_params_trigger_ui.py took 0.114 seconds
[2024-10-20T19:11:33.203-0300] {processor.py:186} INFO - Started process (PID=305327) to work on /mnt/c/Users/Pato_/OneDrive/Documentos/ITBA/PYTHON_DATA_APP/itba/lib/python3.10/site-packages/airflow/example_dags/example_params_trigger_ui.py
[2024-10-20T19:11:33.204-0300] {processor.py:914} INFO - Processing file /mnt/c/Users/Pato_/OneDrive/Documentos/ITBA/PYTHON_DATA_APP/itba/lib/python3.10/site-packages/airflow/example_dags/example_params_trigger_ui.py for tasks to queue
[2024-10-20T19:11:33.206-0300] {logging_mixin.py:190} INFO - [2024-10-20T19:11:33.205-0300] {dagbag.py:588} INFO - Filling up the DagBag from /mnt/c/Users/Pato_/OneDrive/Documentos/ITBA/PYTHON_DATA_APP/itba/lib/python3.10/site-packages/airflow/example_dags/example_params_trigger_ui.py
[2024-10-20T19:11:33.247-0300] {processor.py:925} INFO - DAG(s) 'example_params_trigger_ui' retrieved from /mnt/c/Users/Pato_/OneDrive/Documentos/ITBA/PYTHON_DATA_APP/itba/lib/python3.10/site-packages/airflow/example_dags/example_params_trigger_ui.py
[2024-10-20T19:11:33.277-0300] {logging_mixin.py:190} INFO - [2024-10-20T19:11:33.276-0300] {dag.py:3239} INFO - Sync 1 DAGs
[2024-10-20T19:11:33.286-0300] {logging_mixin.py:190} INFO - [2024-10-20T19:11:33.285-0300] {dag.py:4180} INFO - Setting next_dagrun for example_params_trigger_ui to None, run_after=None
[2024-10-20T19:11:33.314-0300] {processor.py:208} INFO - Processing /mnt/c/Users/Pato_/OneDrive/Documentos/ITBA/PYTHON_DATA_APP/itba/lib/python3.10/site-packages/airflow/example_dags/example_params_trigger_ui.py took 0.118 seconds
[2024-10-20T19:12:41.199-0300] {processor.py:186} INFO - Started process (PID=305856) to work on /mnt/c/Users/Pato_/OneDrive/Documentos/ITBA/PYTHON_DATA_APP/itba/lib/python3.10/site-packages/airflow/example_dags/example_params_trigger_ui.py
[2024-10-20T19:12:41.200-0300] {processor.py:914} INFO - Processing file /mnt/c/Users/Pato_/OneDrive/Documentos/ITBA/PYTHON_DATA_APP/itba/lib/python3.10/site-packages/airflow/example_dags/example_params_trigger_ui.py for tasks to queue
[2024-10-20T19:12:41.202-0300] {logging_mixin.py:190} INFO - [2024-10-20T19:12:41.201-0300] {dagbag.py:588} INFO - Filling up the DagBag from /mnt/c/Users/Pato_/OneDrive/Documentos/ITBA/PYTHON_DATA_APP/itba/lib/python3.10/site-packages/airflow/example_dags/example_params_trigger_ui.py
[2024-10-20T19:12:41.242-0300] {processor.py:925} INFO - DAG(s) 'example_params_trigger_ui' retrieved from /mnt/c/Users/Pato_/OneDrive/Documentos/ITBA/PYTHON_DATA_APP/itba/lib/python3.10/site-packages/airflow/example_dags/example_params_trigger_ui.py
[2024-10-20T19:12:41.271-0300] {logging_mixin.py:190} INFO - [2024-10-20T19:12:41.270-0300] {dag.py:3239} INFO - Sync 1 DAGs
[2024-10-20T19:12:41.279-0300] {logging_mixin.py:190} INFO - [2024-10-20T19:12:41.279-0300] {dag.py:4180} INFO - Setting next_dagrun for example_params_trigger_ui to None, run_after=None
[2024-10-20T19:12:41.309-0300] {processor.py:208} INFO - Processing /mnt/c/Users/Pato_/OneDrive/Documentos/ITBA/PYTHON_DATA_APP/itba/lib/python3.10/site-packages/airflow/example_dags/example_params_trigger_ui.py took 0.117 seconds
[2024-10-20T19:13:45.310-0300] {processor.py:186} INFO - Started process (PID=306359) to work on /mnt/c/Users/Pato_/OneDrive/Documentos/ITBA/PYTHON_DATA_APP/itba/lib/python3.10/site-packages/airflow/example_dags/example_params_trigger_ui.py
[2024-10-20T19:13:45.311-0300] {processor.py:914} INFO - Processing file /mnt/c/Users/Pato_/OneDrive/Documentos/ITBA/PYTHON_DATA_APP/itba/lib/python3.10/site-packages/airflow/example_dags/example_params_trigger_ui.py for tasks to queue
[2024-10-20T19:13:45.313-0300] {logging_mixin.py:190} INFO - [2024-10-20T19:13:45.312-0300] {dagbag.py:588} INFO - Filling up the DagBag from /mnt/c/Users/Pato_/OneDrive/Documentos/ITBA/PYTHON_DATA_APP/itba/lib/python3.10/site-packages/airflow/example_dags/example_params_trigger_ui.py
[2024-10-20T19:13:45.355-0300] {processor.py:925} INFO - DAG(s) 'example_params_trigger_ui' retrieved from /mnt/c/Users/Pato_/OneDrive/Documentos/ITBA/PYTHON_DATA_APP/itba/lib/python3.10/site-packages/airflow/example_dags/example_params_trigger_ui.py
[2024-10-20T19:13:45.383-0300] {logging_mixin.py:190} INFO - [2024-10-20T19:13:45.383-0300] {dag.py:3239} INFO - Sync 1 DAGs
[2024-10-20T19:13:45.392-0300] {logging_mixin.py:190} INFO - [2024-10-20T19:13:45.391-0300] {dag.py:4180} INFO - Setting next_dagrun for example_params_trigger_ui to None, run_after=None
[2024-10-20T19:13:45.421-0300] {processor.py:208} INFO - Processing /mnt/c/Users/Pato_/OneDrive/Documentos/ITBA/PYTHON_DATA_APP/itba/lib/python3.10/site-packages/airflow/example_dags/example_params_trigger_ui.py took 0.118 seconds
[2024-10-20T19:14:54.803-0300] {processor.py:186} INFO - Started process (PID=306927) to work on /mnt/c/Users/Pato_/OneDrive/Documentos/ITBA/PYTHON_DATA_APP/itba/lib/python3.10/site-packages/airflow/example_dags/example_params_trigger_ui.py
[2024-10-20T19:14:54.803-0300] {processor.py:914} INFO - Processing file /mnt/c/Users/Pato_/OneDrive/Documentos/ITBA/PYTHON_DATA_APP/itba/lib/python3.10/site-packages/airflow/example_dags/example_params_trigger_ui.py for tasks to queue
[2024-10-20T19:14:54.805-0300] {logging_mixin.py:190} INFO - [2024-10-20T19:14:54.805-0300] {dagbag.py:588} INFO - Filling up the DagBag from /mnt/c/Users/Pato_/OneDrive/Documentos/ITBA/PYTHON_DATA_APP/itba/lib/python3.10/site-packages/airflow/example_dags/example_params_trigger_ui.py
[2024-10-20T19:14:54.846-0300] {processor.py:925} INFO - DAG(s) 'example_params_trigger_ui' retrieved from /mnt/c/Users/Pato_/OneDrive/Documentos/ITBA/PYTHON_DATA_APP/itba/lib/python3.10/site-packages/airflow/example_dags/example_params_trigger_ui.py
[2024-10-20T19:14:54.873-0300] {logging_mixin.py:190} INFO - [2024-10-20T19:14:54.873-0300] {dag.py:3239} INFO - Sync 1 DAGs
[2024-10-20T19:14:54.882-0300] {logging_mixin.py:190} INFO - [2024-10-20T19:14:54.881-0300] {dag.py:4180} INFO - Setting next_dagrun for example_params_trigger_ui to None, run_after=None
[2024-10-20T19:14:54.910-0300] {processor.py:208} INFO - Processing /mnt/c/Users/Pato_/OneDrive/Documentos/ITBA/PYTHON_DATA_APP/itba/lib/python3.10/site-packages/airflow/example_dags/example_params_trigger_ui.py took 0.114 seconds
[2024-10-20T19:16:02.690-0300] {processor.py:186} INFO - Started process (PID=307460) to work on /mnt/c/Users/Pato_/OneDrive/Documentos/ITBA/PYTHON_DATA_APP/itba/lib/python3.10/site-packages/airflow/example_dags/example_params_trigger_ui.py
[2024-10-20T19:16:02.691-0300] {processor.py:914} INFO - Processing file /mnt/c/Users/Pato_/OneDrive/Documentos/ITBA/PYTHON_DATA_APP/itba/lib/python3.10/site-packages/airflow/example_dags/example_params_trigger_ui.py for tasks to queue
[2024-10-20T19:16:02.693-0300] {logging_mixin.py:190} INFO - [2024-10-20T19:16:02.692-0300] {dagbag.py:588} INFO - Filling up the DagBag from /mnt/c/Users/Pato_/OneDrive/Documentos/ITBA/PYTHON_DATA_APP/itba/lib/python3.10/site-packages/airflow/example_dags/example_params_trigger_ui.py
[2024-10-20T19:16:02.733-0300] {processor.py:925} INFO - DAG(s) 'example_params_trigger_ui' retrieved from /mnt/c/Users/Pato_/OneDrive/Documentos/ITBA/PYTHON_DATA_APP/itba/lib/python3.10/site-packages/airflow/example_dags/example_params_trigger_ui.py
[2024-10-20T19:16:02.762-0300] {logging_mixin.py:190} INFO - [2024-10-20T19:16:02.761-0300] {dag.py:3239} INFO - Sync 1 DAGs
[2024-10-20T19:16:02.770-0300] {logging_mixin.py:190} INFO - [2024-10-20T19:16:02.769-0300] {dag.py:4180} INFO - Setting next_dagrun for example_params_trigger_ui to None, run_after=None
[2024-10-20T19:16:02.800-0300] {processor.py:208} INFO - Processing /mnt/c/Users/Pato_/OneDrive/Documentos/ITBA/PYTHON_DATA_APP/itba/lib/python3.10/site-packages/airflow/example_dags/example_params_trigger_ui.py took 0.117 seconds
[2024-10-20T19:17:13.794-0300] {processor.py:186} INFO - Started process (PID=308016) to work on /mnt/c/Users/Pato_/OneDrive/Documentos/ITBA/PYTHON_DATA_APP/itba/lib/python3.10/site-packages/airflow/example_dags/example_params_trigger_ui.py
[2024-10-20T19:17:13.795-0300] {processor.py:914} INFO - Processing file /mnt/c/Users/Pato_/OneDrive/Documentos/ITBA/PYTHON_DATA_APP/itba/lib/python3.10/site-packages/airflow/example_dags/example_params_trigger_ui.py for tasks to queue
[2024-10-20T19:17:13.797-0300] {logging_mixin.py:190} INFO - [2024-10-20T19:17:13.797-0300] {dagbag.py:588} INFO - Filling up the DagBag from /mnt/c/Users/Pato_/OneDrive/Documentos/ITBA/PYTHON_DATA_APP/itba/lib/python3.10/site-packages/airflow/example_dags/example_params_trigger_ui.py
[2024-10-20T19:17:13.838-0300] {processor.py:925} INFO - DAG(s) 'example_params_trigger_ui' retrieved from /mnt/c/Users/Pato_/OneDrive/Documentos/ITBA/PYTHON_DATA_APP/itba/lib/python3.10/site-packages/airflow/example_dags/example_params_trigger_ui.py
[2024-10-20T19:17:13.866-0300] {logging_mixin.py:190} INFO - [2024-10-20T19:17:13.866-0300] {dag.py:3239} INFO - Sync 1 DAGs
[2024-10-20T19:17:13.875-0300] {logging_mixin.py:190} INFO - [2024-10-20T19:17:13.874-0300] {dag.py:4180} INFO - Setting next_dagrun for example_params_trigger_ui to None, run_after=None
[2024-10-20T19:17:13.904-0300] {processor.py:208} INFO - Processing /mnt/c/Users/Pato_/OneDrive/Documentos/ITBA/PYTHON_DATA_APP/itba/lib/python3.10/site-packages/airflow/example_dags/example_params_trigger_ui.py took 0.116 seconds
[2024-10-20T19:18:29.028-0300] {processor.py:186} INFO - Started process (PID=308601) to work on /mnt/c/Users/Pato_/OneDrive/Documentos/ITBA/PYTHON_DATA_APP/itba/lib/python3.10/site-packages/airflow/example_dags/example_params_trigger_ui.py
[2024-10-20T19:18:29.029-0300] {processor.py:914} INFO - Processing file /mnt/c/Users/Pato_/OneDrive/Documentos/ITBA/PYTHON_DATA_APP/itba/lib/python3.10/site-packages/airflow/example_dags/example_params_trigger_ui.py for tasks to queue
[2024-10-20T19:18:29.031-0300] {logging_mixin.py:190} INFO - [2024-10-20T19:18:29.030-0300] {dagbag.py:588} INFO - Filling up the DagBag from /mnt/c/Users/Pato_/OneDrive/Documentos/ITBA/PYTHON_DATA_APP/itba/lib/python3.10/site-packages/airflow/example_dags/example_params_trigger_ui.py
[2024-10-20T19:18:29.073-0300] {processor.py:925} INFO - DAG(s) 'example_params_trigger_ui' retrieved from /mnt/c/Users/Pato_/OneDrive/Documentos/ITBA/PYTHON_DATA_APP/itba/lib/python3.10/site-packages/airflow/example_dags/example_params_trigger_ui.py
[2024-10-20T19:18:29.101-0300] {logging_mixin.py:190} INFO - [2024-10-20T19:18:29.100-0300] {dag.py:3239} INFO - Sync 1 DAGs
[2024-10-20T19:18:29.109-0300] {logging_mixin.py:190} INFO - [2024-10-20T19:18:29.109-0300] {dag.py:4180} INFO - Setting next_dagrun for example_params_trigger_ui to None, run_after=None
[2024-10-20T19:18:29.139-0300] {processor.py:208} INFO - Processing /mnt/c/Users/Pato_/OneDrive/Documentos/ITBA/PYTHON_DATA_APP/itba/lib/python3.10/site-packages/airflow/example_dags/example_params_trigger_ui.py took 0.118 seconds
[2024-10-20T19:19:41.227-0300] {processor.py:186} INFO - Started process (PID=309160) to work on /mnt/c/Users/Pato_/OneDrive/Documentos/ITBA/PYTHON_DATA_APP/itba/lib/python3.10/site-packages/airflow/example_dags/example_params_trigger_ui.py
[2024-10-20T19:19:41.228-0300] {processor.py:914} INFO - Processing file /mnt/c/Users/Pato_/OneDrive/Documentos/ITBA/PYTHON_DATA_APP/itba/lib/python3.10/site-packages/airflow/example_dags/example_params_trigger_ui.py for tasks to queue
[2024-10-20T19:19:41.230-0300] {logging_mixin.py:190} INFO - [2024-10-20T19:19:41.229-0300] {dagbag.py:588} INFO - Filling up the DagBag from /mnt/c/Users/Pato_/OneDrive/Documentos/ITBA/PYTHON_DATA_APP/itba/lib/python3.10/site-packages/airflow/example_dags/example_params_trigger_ui.py
[2024-10-20T19:19:41.270-0300] {processor.py:925} INFO - DAG(s) 'example_params_trigger_ui' retrieved from /mnt/c/Users/Pato_/OneDrive/Documentos/ITBA/PYTHON_DATA_APP/itba/lib/python3.10/site-packages/airflow/example_dags/example_params_trigger_ui.py
[2024-10-20T19:19:41.298-0300] {logging_mixin.py:190} INFO - [2024-10-20T19:19:41.298-0300] {dag.py:3239} INFO - Sync 1 DAGs
[2024-10-20T19:19:41.306-0300] {logging_mixin.py:190} INFO - [2024-10-20T19:19:41.306-0300] {dag.py:4180} INFO - Setting next_dagrun for example_params_trigger_ui to None, run_after=None
[2024-10-20T19:19:41.335-0300] {processor.py:208} INFO - Processing /mnt/c/Users/Pato_/OneDrive/Documentos/ITBA/PYTHON_DATA_APP/itba/lib/python3.10/site-packages/airflow/example_dags/example_params_trigger_ui.py took 0.116 seconds
[2024-10-20T19:20:48.022-0300] {processor.py:186} INFO - Started process (PID=309757) to work on /mnt/c/Users/Pato_/OneDrive/Documentos/ITBA/PYTHON_DATA_APP/itba/lib/python3.10/site-packages/airflow/example_dags/example_params_trigger_ui.py
[2024-10-20T19:20:48.024-0300] {processor.py:914} INFO - Processing file /mnt/c/Users/Pato_/OneDrive/Documentos/ITBA/PYTHON_DATA_APP/itba/lib/python3.10/site-packages/airflow/example_dags/example_params_trigger_ui.py for tasks to queue
[2024-10-20T19:20:48.026-0300] {logging_mixin.py:190} INFO - [2024-10-20T19:20:48.025-0300] {dagbag.py:588} INFO - Filling up the DagBag from /mnt/c/Users/Pato_/OneDrive/Documentos/ITBA/PYTHON_DATA_APP/itba/lib/python3.10/site-packages/airflow/example_dags/example_params_trigger_ui.py
[2024-10-20T19:20:48.071-0300] {processor.py:925} INFO - DAG(s) 'example_params_trigger_ui' retrieved from /mnt/c/Users/Pato_/OneDrive/Documentos/ITBA/PYTHON_DATA_APP/itba/lib/python3.10/site-packages/airflow/example_dags/example_params_trigger_ui.py
[2024-10-20T19:20:48.102-0300] {logging_mixin.py:190} INFO - [2024-10-20T19:20:48.101-0300] {dag.py:3239} INFO - Sync 1 DAGs
[2024-10-20T19:20:48.111-0300] {logging_mixin.py:190} INFO - [2024-10-20T19:20:48.110-0300] {dag.py:4180} INFO - Setting next_dagrun for example_params_trigger_ui to None, run_after=None
[2024-10-20T19:20:48.144-0300] {processor.py:208} INFO - Processing /mnt/c/Users/Pato_/OneDrive/Documentos/ITBA/PYTHON_DATA_APP/itba/lib/python3.10/site-packages/airflow/example_dags/example_params_trigger_ui.py took 0.128 seconds
[2024-10-20T19:21:55.532-0300] {processor.py:186} INFO - Started process (PID=310382) to work on /mnt/c/Users/Pato_/OneDrive/Documentos/ITBA/PYTHON_DATA_APP/itba/lib/python3.10/site-packages/airflow/example_dags/example_params_trigger_ui.py
[2024-10-20T19:21:55.533-0300] {processor.py:914} INFO - Processing file /mnt/c/Users/Pato_/OneDrive/Documentos/ITBA/PYTHON_DATA_APP/itba/lib/python3.10/site-packages/airflow/example_dags/example_params_trigger_ui.py for tasks to queue
[2024-10-20T19:21:55.535-0300] {logging_mixin.py:190} INFO - [2024-10-20T19:21:55.534-0300] {dagbag.py:588} INFO - Filling up the DagBag from /mnt/c/Users/Pato_/OneDrive/Documentos/ITBA/PYTHON_DATA_APP/itba/lib/python3.10/site-packages/airflow/example_dags/example_params_trigger_ui.py
[2024-10-20T19:21:55.581-0300] {processor.py:925} INFO - DAG(s) 'example_params_trigger_ui' retrieved from /mnt/c/Users/Pato_/OneDrive/Documentos/ITBA/PYTHON_DATA_APP/itba/lib/python3.10/site-packages/airflow/example_dags/example_params_trigger_ui.py
[2024-10-20T19:21:55.611-0300] {logging_mixin.py:190} INFO - [2024-10-20T19:21:55.610-0300] {dag.py:3239} INFO - Sync 1 DAGs
[2024-10-20T19:21:55.620-0300] {logging_mixin.py:190} INFO - [2024-10-20T19:21:55.620-0300] {dag.py:4180} INFO - Setting next_dagrun for example_params_trigger_ui to None, run_after=None
[2024-10-20T19:21:55.652-0300] {processor.py:208} INFO - Processing /mnt/c/Users/Pato_/OneDrive/Documentos/ITBA/PYTHON_DATA_APP/itba/lib/python3.10/site-packages/airflow/example_dags/example_params_trigger_ui.py took 0.128 seconds
[2024-10-20T19:23:01.186-0300] {processor.py:186} INFO - Started process (PID=310911) to work on /mnt/c/Users/Pato_/OneDrive/Documentos/ITBA/PYTHON_DATA_APP/itba/lib/python3.10/site-packages/airflow/example_dags/example_params_trigger_ui.py
[2024-10-20T19:23:01.187-0300] {processor.py:914} INFO - Processing file /mnt/c/Users/Pato_/OneDrive/Documentos/ITBA/PYTHON_DATA_APP/itba/lib/python3.10/site-packages/airflow/example_dags/example_params_trigger_ui.py for tasks to queue
[2024-10-20T19:23:01.189-0300] {logging_mixin.py:190} INFO - [2024-10-20T19:23:01.188-0300] {dagbag.py:588} INFO - Filling up the DagBag from /mnt/c/Users/Pato_/OneDrive/Documentos/ITBA/PYTHON_DATA_APP/itba/lib/python3.10/site-packages/airflow/example_dags/example_params_trigger_ui.py
[2024-10-20T19:23:01.231-0300] {processor.py:925} INFO - DAG(s) 'example_params_trigger_ui' retrieved from /mnt/c/Users/Pato_/OneDrive/Documentos/ITBA/PYTHON_DATA_APP/itba/lib/python3.10/site-packages/airflow/example_dags/example_params_trigger_ui.py
[2024-10-20T19:23:01.259-0300] {logging_mixin.py:190} INFO - [2024-10-20T19:23:01.259-0300] {dag.py:3239} INFO - Sync 1 DAGs
[2024-10-20T19:23:01.268-0300] {logging_mixin.py:190} INFO - [2024-10-20T19:23:01.267-0300] {dag.py:4180} INFO - Setting next_dagrun for example_params_trigger_ui to None, run_after=None
[2024-10-20T19:23:01.298-0300] {processor.py:208} INFO - Processing /mnt/c/Users/Pato_/OneDrive/Documentos/ITBA/PYTHON_DATA_APP/itba/lib/python3.10/site-packages/airflow/example_dags/example_params_trigger_ui.py took 0.119 seconds
[2024-10-20T19:24:56.892-0300] {processor.py:186} INFO - Started process (PID=312462) to work on /mnt/c/Users/Pato_/OneDrive/Documentos/ITBA/PYTHON_DATA_APP/itba/lib/python3.10/site-packages/airflow/example_dags/example_params_trigger_ui.py
[2024-10-20T19:24:56.893-0300] {processor.py:914} INFO - Processing file /mnt/c/Users/Pato_/OneDrive/Documentos/ITBA/PYTHON_DATA_APP/itba/lib/python3.10/site-packages/airflow/example_dags/example_params_trigger_ui.py for tasks to queue
[2024-10-20T19:24:56.895-0300] {logging_mixin.py:190} INFO - [2024-10-20T19:24:56.895-0300] {dagbag.py:588} INFO - Filling up the DagBag from /mnt/c/Users/Pato_/OneDrive/Documentos/ITBA/PYTHON_DATA_APP/itba/lib/python3.10/site-packages/airflow/example_dags/example_params_trigger_ui.py
[2024-10-20T19:24:56.938-0300] {processor.py:925} INFO - DAG(s) 'example_params_trigger_ui' retrieved from /mnt/c/Users/Pato_/OneDrive/Documentos/ITBA/PYTHON_DATA_APP/itba/lib/python3.10/site-packages/airflow/example_dags/example_params_trigger_ui.py
[2024-10-20T19:24:56.969-0300] {logging_mixin.py:190} INFO - [2024-10-20T19:24:56.969-0300] {dag.py:3239} INFO - Sync 1 DAGs
[2024-10-20T19:24:56.978-0300] {logging_mixin.py:190} INFO - [2024-10-20T19:24:56.978-0300] {dag.py:4180} INFO - Setting next_dagrun for example_params_trigger_ui to None, run_after=None
[2024-10-20T19:24:57.008-0300] {processor.py:208} INFO - Processing /mnt/c/Users/Pato_/OneDrive/Documentos/ITBA/PYTHON_DATA_APP/itba/lib/python3.10/site-packages/airflow/example_dags/example_params_trigger_ui.py took 0.124 seconds
[2024-10-20T19:26:35.909-0300] {processor.py:186} INFO - Started process (PID=313724) to work on /mnt/c/Users/Pato_/OneDrive/Documentos/ITBA/PYTHON_DATA_APP/itba/lib/python3.10/site-packages/airflow/example_dags/example_params_trigger_ui.py
[2024-10-20T19:26:35.910-0300] {processor.py:914} INFO - Processing file /mnt/c/Users/Pato_/OneDrive/Documentos/ITBA/PYTHON_DATA_APP/itba/lib/python3.10/site-packages/airflow/example_dags/example_params_trigger_ui.py for tasks to queue
[2024-10-20T19:26:35.912-0300] {logging_mixin.py:190} INFO - [2024-10-20T19:26:35.911-0300] {dagbag.py:588} INFO - Filling up the DagBag from /mnt/c/Users/Pato_/OneDrive/Documentos/ITBA/PYTHON_DATA_APP/itba/lib/python3.10/site-packages/airflow/example_dags/example_params_trigger_ui.py
[2024-10-20T19:26:35.955-0300] {processor.py:925} INFO - DAG(s) 'example_params_trigger_ui' retrieved from /mnt/c/Users/Pato_/OneDrive/Documentos/ITBA/PYTHON_DATA_APP/itba/lib/python3.10/site-packages/airflow/example_dags/example_params_trigger_ui.py
[2024-10-20T19:26:35.984-0300] {logging_mixin.py:190} INFO - [2024-10-20T19:26:35.984-0300] {dag.py:3239} INFO - Sync 1 DAGs
[2024-10-20T19:26:35.994-0300] {logging_mixin.py:190} INFO - [2024-10-20T19:26:35.993-0300] {dag.py:4180} INFO - Setting next_dagrun for example_params_trigger_ui to None, run_after=None
[2024-10-20T19:26:36.026-0300] {processor.py:208} INFO - Processing /mnt/c/Users/Pato_/OneDrive/Documentos/ITBA/PYTHON_DATA_APP/itba/lib/python3.10/site-packages/airflow/example_dags/example_params_trigger_ui.py took 0.124 seconds
[2024-10-20T19:27:49.327-0300] {processor.py:186} INFO - Started process (PID=314600) to work on /mnt/c/Users/Pato_/OneDrive/Documentos/ITBA/PYTHON_DATA_APP/itba/lib/python3.10/site-packages/airflow/example_dags/example_params_trigger_ui.py
[2024-10-20T19:27:49.328-0300] {processor.py:914} INFO - Processing file /mnt/c/Users/Pato_/OneDrive/Documentos/ITBA/PYTHON_DATA_APP/itba/lib/python3.10/site-packages/airflow/example_dags/example_params_trigger_ui.py for tasks to queue
[2024-10-20T19:27:49.331-0300] {logging_mixin.py:190} INFO - [2024-10-20T19:27:49.330-0300] {dagbag.py:588} INFO - Filling up the DagBag from /mnt/c/Users/Pato_/OneDrive/Documentos/ITBA/PYTHON_DATA_APP/itba/lib/python3.10/site-packages/airflow/example_dags/example_params_trigger_ui.py
[2024-10-20T19:27:49.374-0300] {processor.py:925} INFO - DAG(s) 'example_params_trigger_ui' retrieved from /mnt/c/Users/Pato_/OneDrive/Documentos/ITBA/PYTHON_DATA_APP/itba/lib/python3.10/site-packages/airflow/example_dags/example_params_trigger_ui.py
[2024-10-20T19:27:49.404-0300] {logging_mixin.py:190} INFO - [2024-10-20T19:27:49.404-0300] {dag.py:3239} INFO - Sync 1 DAGs
[2024-10-20T19:27:49.413-0300] {logging_mixin.py:190} INFO - [2024-10-20T19:27:49.413-0300] {dag.py:4180} INFO - Setting next_dagrun for example_params_trigger_ui to None, run_after=None
[2024-10-20T19:27:49.444-0300] {processor.py:208} INFO - Processing /mnt/c/Users/Pato_/OneDrive/Documentos/ITBA/PYTHON_DATA_APP/itba/lib/python3.10/site-packages/airflow/example_dags/example_params_trigger_ui.py took 0.123 seconds
[2024-10-20T19:28:53.442-0300] {processor.py:186} INFO - Started process (PID=315342) to work on /mnt/c/Users/Pato_/OneDrive/Documentos/ITBA/PYTHON_DATA_APP/itba/lib/python3.10/site-packages/airflow/example_dags/example_params_trigger_ui.py
[2024-10-20T19:28:53.443-0300] {processor.py:914} INFO - Processing file /mnt/c/Users/Pato_/OneDrive/Documentos/ITBA/PYTHON_DATA_APP/itba/lib/python3.10/site-packages/airflow/example_dags/example_params_trigger_ui.py for tasks to queue
[2024-10-20T19:28:53.445-0300] {logging_mixin.py:190} INFO - [2024-10-20T19:28:53.444-0300] {dagbag.py:588} INFO - Filling up the DagBag from /mnt/c/Users/Pato_/OneDrive/Documentos/ITBA/PYTHON_DATA_APP/itba/lib/python3.10/site-packages/airflow/example_dags/example_params_trigger_ui.py
[2024-10-20T19:28:53.485-0300] {processor.py:925} INFO - DAG(s) 'example_params_trigger_ui' retrieved from /mnt/c/Users/Pato_/OneDrive/Documentos/ITBA/PYTHON_DATA_APP/itba/lib/python3.10/site-packages/airflow/example_dags/example_params_trigger_ui.py
[2024-10-20T19:28:53.514-0300] {logging_mixin.py:190} INFO - [2024-10-20T19:28:53.513-0300] {dag.py:3239} INFO - Sync 1 DAGs
[2024-10-20T19:28:53.522-0300] {logging_mixin.py:190} INFO - [2024-10-20T19:28:53.522-0300] {dag.py:4180} INFO - Setting next_dagrun for example_params_trigger_ui to None, run_after=None
[2024-10-20T19:28:53.552-0300] {processor.py:208} INFO - Processing /mnt/c/Users/Pato_/OneDrive/Documentos/ITBA/PYTHON_DATA_APP/itba/lib/python3.10/site-packages/airflow/example_dags/example_params_trigger_ui.py took 0.116 seconds
[2024-10-20T19:30:05.387-0300] {processor.py:186} INFO - Started process (PID=316162) to work on /mnt/c/Users/Pato_/OneDrive/Documentos/ITBA/PYTHON_DATA_APP/itba/lib/python3.10/site-packages/airflow/example_dags/example_params_trigger_ui.py
[2024-10-20T19:30:05.388-0300] {processor.py:914} INFO - Processing file /mnt/c/Users/Pato_/OneDrive/Documentos/ITBA/PYTHON_DATA_APP/itba/lib/python3.10/site-packages/airflow/example_dags/example_params_trigger_ui.py for tasks to queue
[2024-10-20T19:30:05.390-0300] {logging_mixin.py:190} INFO - [2024-10-20T19:30:05.390-0300] {dagbag.py:588} INFO - Filling up the DagBag from /mnt/c/Users/Pato_/OneDrive/Documentos/ITBA/PYTHON_DATA_APP/itba/lib/python3.10/site-packages/airflow/example_dags/example_params_trigger_ui.py
[2024-10-20T19:30:05.433-0300] {processor.py:925} INFO - DAG(s) 'example_params_trigger_ui' retrieved from /mnt/c/Users/Pato_/OneDrive/Documentos/ITBA/PYTHON_DATA_APP/itba/lib/python3.10/site-packages/airflow/example_dags/example_params_trigger_ui.py
[2024-10-20T19:30:05.463-0300] {logging_mixin.py:190} INFO - [2024-10-20T19:30:05.462-0300] {dag.py:3239} INFO - Sync 1 DAGs
[2024-10-20T19:30:05.472-0300] {logging_mixin.py:190} INFO - [2024-10-20T19:30:05.471-0300] {dag.py:4180} INFO - Setting next_dagrun for example_params_trigger_ui to None, run_after=None
[2024-10-20T19:30:05.502-0300] {processor.py:208} INFO - Processing /mnt/c/Users/Pato_/OneDrive/Documentos/ITBA/PYTHON_DATA_APP/itba/lib/python3.10/site-packages/airflow/example_dags/example_params_trigger_ui.py took 0.122 seconds
[2024-10-20T19:31:10.525-0300] {processor.py:186} INFO - Started process (PID=316671) to work on /mnt/c/Users/Pato_/OneDrive/Documentos/ITBA/PYTHON_DATA_APP/itba/lib/python3.10/site-packages/airflow/example_dags/example_params_trigger_ui.py
[2024-10-20T19:31:10.526-0300] {processor.py:914} INFO - Processing file /mnt/c/Users/Pato_/OneDrive/Documentos/ITBA/PYTHON_DATA_APP/itba/lib/python3.10/site-packages/airflow/example_dags/example_params_trigger_ui.py for tasks to queue
[2024-10-20T19:31:10.529-0300] {logging_mixin.py:190} INFO - [2024-10-20T19:31:10.528-0300] {dagbag.py:588} INFO - Filling up the DagBag from /mnt/c/Users/Pato_/OneDrive/Documentos/ITBA/PYTHON_DATA_APP/itba/lib/python3.10/site-packages/airflow/example_dags/example_params_trigger_ui.py
[2024-10-20T19:31:10.581-0300] {processor.py:925} INFO - DAG(s) 'example_params_trigger_ui' retrieved from /mnt/c/Users/Pato_/OneDrive/Documentos/ITBA/PYTHON_DATA_APP/itba/lib/python3.10/site-packages/airflow/example_dags/example_params_trigger_ui.py
[2024-10-20T19:31:10.615-0300] {logging_mixin.py:190} INFO - [2024-10-20T19:31:10.614-0300] {dag.py:3239} INFO - Sync 1 DAGs
[2024-10-20T19:31:10.625-0300] {logging_mixin.py:190} INFO - [2024-10-20T19:31:10.624-0300] {dag.py:4180} INFO - Setting next_dagrun for example_params_trigger_ui to None, run_after=None
[2024-10-20T19:31:10.658-0300] {processor.py:208} INFO - Processing /mnt/c/Users/Pato_/OneDrive/Documentos/ITBA/PYTHON_DATA_APP/itba/lib/python3.10/site-packages/airflow/example_dags/example_params_trigger_ui.py took 0.142 seconds
[2024-10-20T19:32:20.656-0300] {processor.py:186} INFO - Started process (PID=317214) to work on /mnt/c/Users/Pato_/OneDrive/Documentos/ITBA/PYTHON_DATA_APP/itba/lib/python3.10/site-packages/airflow/example_dags/example_params_trigger_ui.py
[2024-10-20T19:32:20.658-0300] {processor.py:914} INFO - Processing file /mnt/c/Users/Pato_/OneDrive/Documentos/ITBA/PYTHON_DATA_APP/itba/lib/python3.10/site-packages/airflow/example_dags/example_params_trigger_ui.py for tasks to queue
[2024-10-20T19:32:20.660-0300] {logging_mixin.py:190} INFO - [2024-10-20T19:32:20.659-0300] {dagbag.py:588} INFO - Filling up the DagBag from /mnt/c/Users/Pato_/OneDrive/Documentos/ITBA/PYTHON_DATA_APP/itba/lib/python3.10/site-packages/airflow/example_dags/example_params_trigger_ui.py
[2024-10-20T19:32:20.710-0300] {processor.py:925} INFO - DAG(s) 'example_params_trigger_ui' retrieved from /mnt/c/Users/Pato_/OneDrive/Documentos/ITBA/PYTHON_DATA_APP/itba/lib/python3.10/site-packages/airflow/example_dags/example_params_trigger_ui.py
[2024-10-20T19:32:20.746-0300] {logging_mixin.py:190} INFO - [2024-10-20T19:32:20.745-0300] {dag.py:3239} INFO - Sync 1 DAGs
[2024-10-20T19:32:20.757-0300] {logging_mixin.py:190} INFO - [2024-10-20T19:32:20.756-0300] {dag.py:4180} INFO - Setting next_dagrun for example_params_trigger_ui to None, run_after=None
[2024-10-20T19:32:20.791-0300] {processor.py:208} INFO - Processing /mnt/c/Users/Pato_/OneDrive/Documentos/ITBA/PYTHON_DATA_APP/itba/lib/python3.10/site-packages/airflow/example_dags/example_params_trigger_ui.py took 0.144 seconds
[2024-10-20T19:33:27.378-0300] {processor.py:186} INFO - Started process (PID=317821) to work on /mnt/c/Users/Pato_/OneDrive/Documentos/ITBA/PYTHON_DATA_APP/itba/lib/python3.10/site-packages/airflow/example_dags/example_params_trigger_ui.py
[2024-10-20T19:33:27.379-0300] {processor.py:914} INFO - Processing file /mnt/c/Users/Pato_/OneDrive/Documentos/ITBA/PYTHON_DATA_APP/itba/lib/python3.10/site-packages/airflow/example_dags/example_params_trigger_ui.py for tasks to queue
[2024-10-20T19:33:27.381-0300] {logging_mixin.py:190} INFO - [2024-10-20T19:33:27.380-0300] {dagbag.py:588} INFO - Filling up the DagBag from /mnt/c/Users/Pato_/OneDrive/Documentos/ITBA/PYTHON_DATA_APP/itba/lib/python3.10/site-packages/airflow/example_dags/example_params_trigger_ui.py
[2024-10-20T19:33:27.424-0300] {processor.py:925} INFO - DAG(s) 'example_params_trigger_ui' retrieved from /mnt/c/Users/Pato_/OneDrive/Documentos/ITBA/PYTHON_DATA_APP/itba/lib/python3.10/site-packages/airflow/example_dags/example_params_trigger_ui.py
[2024-10-20T19:33:27.453-0300] {logging_mixin.py:190} INFO - [2024-10-20T19:33:27.453-0300] {dag.py:3239} INFO - Sync 1 DAGs
[2024-10-20T19:33:27.462-0300] {logging_mixin.py:190} INFO - [2024-10-20T19:33:27.461-0300] {dag.py:4180} INFO - Setting next_dagrun for example_params_trigger_ui to None, run_after=None
[2024-10-20T19:33:27.494-0300] {processor.py:208} INFO - Processing /mnt/c/Users/Pato_/OneDrive/Documentos/ITBA/PYTHON_DATA_APP/itba/lib/python3.10/site-packages/airflow/example_dags/example_params_trigger_ui.py took 0.123 seconds
[2024-10-20T19:34:34.898-0300] {processor.py:186} INFO - Started process (PID=318576) to work on /mnt/c/Users/Pato_/OneDrive/Documentos/ITBA/PYTHON_DATA_APP/itba/lib/python3.10/site-packages/airflow/example_dags/example_params_trigger_ui.py
[2024-10-20T19:34:34.899-0300] {processor.py:914} INFO - Processing file /mnt/c/Users/Pato_/OneDrive/Documentos/ITBA/PYTHON_DATA_APP/itba/lib/python3.10/site-packages/airflow/example_dags/example_params_trigger_ui.py for tasks to queue
[2024-10-20T19:34:34.901-0300] {logging_mixin.py:190} INFO - [2024-10-20T19:34:34.901-0300] {dagbag.py:588} INFO - Filling up the DagBag from /mnt/c/Users/Pato_/OneDrive/Documentos/ITBA/PYTHON_DATA_APP/itba/lib/python3.10/site-packages/airflow/example_dags/example_params_trigger_ui.py
[2024-10-20T19:34:34.941-0300] {processor.py:925} INFO - DAG(s) 'example_params_trigger_ui' retrieved from /mnt/c/Users/Pato_/OneDrive/Documentos/ITBA/PYTHON_DATA_APP/itba/lib/python3.10/site-packages/airflow/example_dags/example_params_trigger_ui.py
[2024-10-20T19:34:34.969-0300] {logging_mixin.py:190} INFO - [2024-10-20T19:34:34.968-0300] {dag.py:3239} INFO - Sync 1 DAGs
[2024-10-20T19:34:34.977-0300] {logging_mixin.py:190} INFO - [2024-10-20T19:34:34.977-0300] {dag.py:4180} INFO - Setting next_dagrun for example_params_trigger_ui to None, run_after=None
[2024-10-20T19:34:35.005-0300] {processor.py:208} INFO - Processing /mnt/c/Users/Pato_/OneDrive/Documentos/ITBA/PYTHON_DATA_APP/itba/lib/python3.10/site-packages/airflow/example_dags/example_params_trigger_ui.py took 0.113 seconds
[2024-10-20T19:35:43.878-0300] {processor.py:186} INFO - Started process (PID=319228) to work on /mnt/c/Users/Pato_/OneDrive/Documentos/ITBA/PYTHON_DATA_APP/itba/lib/python3.10/site-packages/airflow/example_dags/example_params_trigger_ui.py
[2024-10-20T19:35:43.879-0300] {processor.py:914} INFO - Processing file /mnt/c/Users/Pato_/OneDrive/Documentos/ITBA/PYTHON_DATA_APP/itba/lib/python3.10/site-packages/airflow/example_dags/example_params_trigger_ui.py for tasks to queue
[2024-10-20T19:35:43.881-0300] {logging_mixin.py:190} INFO - [2024-10-20T19:35:43.880-0300] {dagbag.py:588} INFO - Filling up the DagBag from /mnt/c/Users/Pato_/OneDrive/Documentos/ITBA/PYTHON_DATA_APP/itba/lib/python3.10/site-packages/airflow/example_dags/example_params_trigger_ui.py
[2024-10-20T19:35:43.922-0300] {processor.py:925} INFO - DAG(s) 'example_params_trigger_ui' retrieved from /mnt/c/Users/Pato_/OneDrive/Documentos/ITBA/PYTHON_DATA_APP/itba/lib/python3.10/site-packages/airflow/example_dags/example_params_trigger_ui.py
[2024-10-20T19:35:43.950-0300] {logging_mixin.py:190} INFO - [2024-10-20T19:35:43.949-0300] {dag.py:3239} INFO - Sync 1 DAGs
[2024-10-20T19:35:43.958-0300] {logging_mixin.py:190} INFO - [2024-10-20T19:35:43.958-0300] {dag.py:4180} INFO - Setting next_dagrun for example_params_trigger_ui to None, run_after=None
[2024-10-20T19:35:43.987-0300] {processor.py:208} INFO - Processing /mnt/c/Users/Pato_/OneDrive/Documentos/ITBA/PYTHON_DATA_APP/itba/lib/python3.10/site-packages/airflow/example_dags/example_params_trigger_ui.py took 0.116 seconds
[2024-10-20T19:36:54.015-0300] {processor.py:186} INFO - Started process (PID=319777) to work on /mnt/c/Users/Pato_/OneDrive/Documentos/ITBA/PYTHON_DATA_APP/itba/lib/python3.10/site-packages/airflow/example_dags/example_params_trigger_ui.py
[2024-10-20T19:36:54.016-0300] {processor.py:914} INFO - Processing file /mnt/c/Users/Pato_/OneDrive/Documentos/ITBA/PYTHON_DATA_APP/itba/lib/python3.10/site-packages/airflow/example_dags/example_params_trigger_ui.py for tasks to queue
[2024-10-20T19:36:54.018-0300] {logging_mixin.py:190} INFO - [2024-10-20T19:36:54.018-0300] {dagbag.py:588} INFO - Filling up the DagBag from /mnt/c/Users/Pato_/OneDrive/Documentos/ITBA/PYTHON_DATA_APP/itba/lib/python3.10/site-packages/airflow/example_dags/example_params_trigger_ui.py
[2024-10-20T19:36:54.060-0300] {processor.py:925} INFO - DAG(s) 'example_params_trigger_ui' retrieved from /mnt/c/Users/Pato_/OneDrive/Documentos/ITBA/PYTHON_DATA_APP/itba/lib/python3.10/site-packages/airflow/example_dags/example_params_trigger_ui.py
[2024-10-20T19:36:54.088-0300] {logging_mixin.py:190} INFO - [2024-10-20T19:36:54.087-0300] {dag.py:3239} INFO - Sync 1 DAGs
[2024-10-20T19:36:54.097-0300] {logging_mixin.py:190} INFO - [2024-10-20T19:36:54.096-0300] {dag.py:4180} INFO - Setting next_dagrun for example_params_trigger_ui to None, run_after=None
[2024-10-20T19:36:54.126-0300] {processor.py:208} INFO - Processing /mnt/c/Users/Pato_/OneDrive/Documentos/ITBA/PYTHON_DATA_APP/itba/lib/python3.10/site-packages/airflow/example_dags/example_params_trigger_ui.py took 0.117 seconds
[2024-10-20T19:37:59.806-0300] {processor.py:186} INFO - Started process (PID=320289) to work on /mnt/c/Users/Pato_/OneDrive/Documentos/ITBA/PYTHON_DATA_APP/itba/lib/python3.10/site-packages/airflow/example_dags/example_params_trigger_ui.py
[2024-10-20T19:37:59.807-0300] {processor.py:914} INFO - Processing file /mnt/c/Users/Pato_/OneDrive/Documentos/ITBA/PYTHON_DATA_APP/itba/lib/python3.10/site-packages/airflow/example_dags/example_params_trigger_ui.py for tasks to queue
[2024-10-20T19:37:59.809-0300] {logging_mixin.py:190} INFO - [2024-10-20T19:37:59.808-0300] {dagbag.py:588} INFO - Filling up the DagBag from /mnt/c/Users/Pato_/OneDrive/Documentos/ITBA/PYTHON_DATA_APP/itba/lib/python3.10/site-packages/airflow/example_dags/example_params_trigger_ui.py
[2024-10-20T19:37:59.850-0300] {processor.py:925} INFO - DAG(s) 'example_params_trigger_ui' retrieved from /mnt/c/Users/Pato_/OneDrive/Documentos/ITBA/PYTHON_DATA_APP/itba/lib/python3.10/site-packages/airflow/example_dags/example_params_trigger_ui.py
[2024-10-20T19:37:59.879-0300] {logging_mixin.py:190} INFO - [2024-10-20T19:37:59.878-0300] {dag.py:3239} INFO - Sync 1 DAGs
[2024-10-20T19:37:59.888-0300] {logging_mixin.py:190} INFO - [2024-10-20T19:37:59.888-0300] {dag.py:4180} INFO - Setting next_dagrun for example_params_trigger_ui to None, run_after=None
[2024-10-20T19:37:59.917-0300] {processor.py:208} INFO - Processing /mnt/c/Users/Pato_/OneDrive/Documentos/ITBA/PYTHON_DATA_APP/itba/lib/python3.10/site-packages/airflow/example_dags/example_params_trigger_ui.py took 0.118 seconds
[2024-10-20T19:39:05.123-0300] {processor.py:186} INFO - Started process (PID=320800) to work on /mnt/c/Users/Pato_/OneDrive/Documentos/ITBA/PYTHON_DATA_APP/itba/lib/python3.10/site-packages/airflow/example_dags/example_params_trigger_ui.py
[2024-10-20T19:39:05.124-0300] {processor.py:914} INFO - Processing file /mnt/c/Users/Pato_/OneDrive/Documentos/ITBA/PYTHON_DATA_APP/itba/lib/python3.10/site-packages/airflow/example_dags/example_params_trigger_ui.py for tasks to queue
[2024-10-20T19:39:05.127-0300] {logging_mixin.py:190} INFO - [2024-10-20T19:39:05.126-0300] {dagbag.py:588} INFO - Filling up the DagBag from /mnt/c/Users/Pato_/OneDrive/Documentos/ITBA/PYTHON_DATA_APP/itba/lib/python3.10/site-packages/airflow/example_dags/example_params_trigger_ui.py
[2024-10-20T19:39:05.174-0300] {processor.py:925} INFO - DAG(s) 'example_params_trigger_ui' retrieved from /mnt/c/Users/Pato_/OneDrive/Documentos/ITBA/PYTHON_DATA_APP/itba/lib/python3.10/site-packages/airflow/example_dags/example_params_trigger_ui.py
[2024-10-20T19:39:05.206-0300] {logging_mixin.py:190} INFO - [2024-10-20T19:39:05.206-0300] {dag.py:3239} INFO - Sync 1 DAGs
[2024-10-20T19:39:05.217-0300] {logging_mixin.py:190} INFO - [2024-10-20T19:39:05.216-0300] {dag.py:4180} INFO - Setting next_dagrun for example_params_trigger_ui to None, run_after=None
[2024-10-20T19:39:05.253-0300] {processor.py:208} INFO - Processing /mnt/c/Users/Pato_/OneDrive/Documentos/ITBA/PYTHON_DATA_APP/itba/lib/python3.10/site-packages/airflow/example_dags/example_params_trigger_ui.py took 0.138 seconds
[2024-10-20T19:40:11.782-0300] {processor.py:186} INFO - Started process (PID=321551) to work on /mnt/c/Users/Pato_/OneDrive/Documentos/ITBA/PYTHON_DATA_APP/itba/lib/python3.10/site-packages/airflow/example_dags/example_params_trigger_ui.py
[2024-10-20T19:40:11.783-0300] {processor.py:914} INFO - Processing file /mnt/c/Users/Pato_/OneDrive/Documentos/ITBA/PYTHON_DATA_APP/itba/lib/python3.10/site-packages/airflow/example_dags/example_params_trigger_ui.py for tasks to queue
[2024-10-20T19:40:11.785-0300] {logging_mixin.py:190} INFO - [2024-10-20T19:40:11.784-0300] {dagbag.py:588} INFO - Filling up the DagBag from /mnt/c/Users/Pato_/OneDrive/Documentos/ITBA/PYTHON_DATA_APP/itba/lib/python3.10/site-packages/airflow/example_dags/example_params_trigger_ui.py
[2024-10-20T19:40:11.825-0300] {processor.py:925} INFO - DAG(s) 'example_params_trigger_ui' retrieved from /mnt/c/Users/Pato_/OneDrive/Documentos/ITBA/PYTHON_DATA_APP/itba/lib/python3.10/site-packages/airflow/example_dags/example_params_trigger_ui.py
[2024-10-20T19:40:11.853-0300] {logging_mixin.py:190} INFO - [2024-10-20T19:40:11.852-0300] {dag.py:3239} INFO - Sync 1 DAGs
[2024-10-20T19:40:11.861-0300] {logging_mixin.py:190} INFO - [2024-10-20T19:40:11.861-0300] {dag.py:4180} INFO - Setting next_dagrun for example_params_trigger_ui to None, run_after=None
[2024-10-20T19:40:11.890-0300] {processor.py:208} INFO - Processing /mnt/c/Users/Pato_/OneDrive/Documentos/ITBA/PYTHON_DATA_APP/itba/lib/python3.10/site-packages/airflow/example_dags/example_params_trigger_ui.py took 0.115 seconds
[2024-10-20T19:41:19.687-0300] {processor.py:186} INFO - Started process (PID=322234) to work on /mnt/c/Users/Pato_/OneDrive/Documentos/ITBA/PYTHON_DATA_APP/itba/lib/python3.10/site-packages/airflow/example_dags/example_params_trigger_ui.py
[2024-10-20T19:41:19.688-0300] {processor.py:914} INFO - Processing file /mnt/c/Users/Pato_/OneDrive/Documentos/ITBA/PYTHON_DATA_APP/itba/lib/python3.10/site-packages/airflow/example_dags/example_params_trigger_ui.py for tasks to queue
[2024-10-20T19:41:19.690-0300] {logging_mixin.py:190} INFO - [2024-10-20T19:41:19.689-0300] {dagbag.py:588} INFO - Filling up the DagBag from /mnt/c/Users/Pato_/OneDrive/Documentos/ITBA/PYTHON_DATA_APP/itba/lib/python3.10/site-packages/airflow/example_dags/example_params_trigger_ui.py
[2024-10-20T19:41:19.735-0300] {processor.py:925} INFO - DAG(s) 'example_params_trigger_ui' retrieved from /mnt/c/Users/Pato_/OneDrive/Documentos/ITBA/PYTHON_DATA_APP/itba/lib/python3.10/site-packages/airflow/example_dags/example_params_trigger_ui.py
[2024-10-20T19:41:19.766-0300] {logging_mixin.py:190} INFO - [2024-10-20T19:41:19.765-0300] {dag.py:3239} INFO - Sync 1 DAGs
[2024-10-20T19:41:19.774-0300] {logging_mixin.py:190} INFO - [2024-10-20T19:41:19.774-0300] {dag.py:4180} INFO - Setting next_dagrun for example_params_trigger_ui to None, run_after=None
[2024-10-20T19:41:19.804-0300] {processor.py:208} INFO - Processing /mnt/c/Users/Pato_/OneDrive/Documentos/ITBA/PYTHON_DATA_APP/itba/lib/python3.10/site-packages/airflow/example_dags/example_params_trigger_ui.py took 0.124 seconds
