[2024-10-20T19:01:05.882-0300] {processor.py:186} INFO - Started process (PID=299107) to work on /mnt/c/Users/Pato_/OneDrive/Documentos/ITBA/PYTHON_DATA_APP/itba/lib/python3.10/site-packages/airflow/example_dags/example_external_task_marker_dag.py
[2024-10-20T19:01:05.883-0300] {processor.py:914} INFO - Processing file /mnt/c/Users/Pato_/OneDrive/Documentos/ITBA/PYTHON_DATA_APP/itba/lib/python3.10/site-packages/airflow/example_dags/example_external_task_marker_dag.py for tasks to queue
[2024-10-20T19:01:05.960-0300] {logging_mixin.py:190} INFO - [2024-10-20T19:01:05.960-0300] {dagbag.py:588} INFO - Filling up the DagBag from /mnt/c/Users/Pato_/OneDrive/Documentos/ITBA/PYTHON_DATA_APP/itba/lib/python3.10/site-packages/airflow/example_dags/example_external_task_marker_dag.py
[2024-10-20T19:01:06.000-0300] {processor.py:925} INFO - DAG(s) 'example_external_task_marker_child', 'example_external_task_marker_parent' retrieved from /mnt/c/Users/Pato_/OneDrive/Documentos/ITBA/PYTHON_DATA_APP/itba/lib/python3.10/site-packages/airflow/example_dags/example_external_task_marker_dag.py
[2024-10-20T19:01:07.018-0300] {logging_mixin.py:190} INFO - [2024-10-20T19:01:07.017-0300] {override.py:1907} INFO - Created Permission View: can read on DAG:example_external_task_marker_child
[2024-10-20T19:01:07.138-0300] {logging_mixin.py:190} INFO - [2024-10-20T19:01:07.137-0300] {override.py:1907} INFO - Created Permission View: can delete on DAG:example_external_task_marker_child
[2024-10-20T19:01:07.305-0300] {logging_mixin.py:190} INFO - [2024-10-20T19:01:07.304-0300] {override.py:1907} INFO - Created Permission View: can edit on DAG:example_external_task_marker_child
[2024-10-20T19:01:07.618-0300] {logging_mixin.py:190} INFO - [2024-10-20T19:01:07.617-0300] {override.py:1907} INFO - Created Permission View: can read on DAG Run:example_external_task_marker_child
[2024-10-20T19:01:07.744-0300] {logging_mixin.py:190} INFO - [2024-10-20T19:01:07.743-0300] {override.py:1907} INFO - Created Permission View: can delete on DAG Run:example_external_task_marker_child
[2024-10-20T19:01:07.868-0300] {logging_mixin.py:190} INFO - [2024-10-20T19:01:07.868-0300] {override.py:1907} INFO - Created Permission View: can create on DAG Run:example_external_task_marker_child
[2024-10-20T19:01:07.983-0300] {logging_mixin.py:190} INFO - [2024-10-20T19:01:07.983-0300] {override.py:1907} INFO - Created Permission View: menu access on DAG Run:example_external_task_marker_child
[2024-10-20T19:01:08.222-0300] {logging_mixin.py:190} INFO - [2024-10-20T19:01:08.221-0300] {override.py:1907} INFO - Created Permission View: can read on DAG:example_external_task_marker_parent
[2024-10-20T19:01:08.414-0300] {logging_mixin.py:190} INFO - [2024-10-20T19:01:08.413-0300] {override.py:1907} INFO - Created Permission View: can delete on DAG:example_external_task_marker_parent
[2024-10-20T19:01:08.535-0300] {logging_mixin.py:190} INFO - [2024-10-20T19:01:08.534-0300] {override.py:1907} INFO - Created Permission View: can edit on DAG:example_external_task_marker_parent
[2024-10-20T19:01:08.767-0300] {logging_mixin.py:190} INFO - [2024-10-20T19:01:08.766-0300] {override.py:1907} INFO - Created Permission View: can read on DAG Run:example_external_task_marker_parent
[2024-10-20T19:01:08.892-0300] {logging_mixin.py:190} INFO - [2024-10-20T19:01:08.891-0300] {override.py:1907} INFO - Created Permission View: can delete on DAG Run:example_external_task_marker_parent
[2024-10-20T19:01:09.044-0300] {logging_mixin.py:190} INFO - [2024-10-20T19:01:09.043-0300] {override.py:1907} INFO - Created Permission View: can create on DAG Run:example_external_task_marker_parent
[2024-10-20T19:01:09.167-0300] {logging_mixin.py:190} INFO - [2024-10-20T19:01:09.166-0300] {override.py:1907} INFO - Created Permission View: menu access on DAG Run:example_external_task_marker_parent
[2024-10-20T19:01:09.168-0300] {logging_mixin.py:190} INFO - [2024-10-20T19:01:09.167-0300] {dag.py:3239} INFO - Sync 2 DAGs
[2024-10-20T19:01:09.179-0300] {logging_mixin.py:190} INFO - [2024-10-20T19:01:09.179-0300] {dag.py:3262} INFO - Creating ORM DAG for example_external_task_marker_child
[2024-10-20T19:01:09.181-0300] {logging_mixin.py:190} INFO - [2024-10-20T19:01:09.180-0300] {dag.py:3262} INFO - Creating ORM DAG for example_external_task_marker_parent
[2024-10-20T19:01:09.182-0300] {logging_mixin.py:190} INFO - [2024-10-20T19:01:09.182-0300] {dag.py:4180} INFO - Setting next_dagrun for example_external_task_marker_child to None, run_after=None
[2024-10-20T19:01:09.183-0300] {logging_mixin.py:190} INFO - [2024-10-20T19:01:09.183-0300] {dag.py:4180} INFO - Setting next_dagrun for example_external_task_marker_parent to None, run_after=None
[2024-10-20T19:01:09.489-0300] {processor.py:208} INFO - Processing /mnt/c/Users/Pato_/OneDrive/Documentos/ITBA/PYTHON_DATA_APP/itba/lib/python3.10/site-packages/airflow/example_dags/example_external_task_marker_dag.py took 3.614 seconds
[2024-10-20T19:03:04.610-0300] {processor.py:186} INFO - Started process (PID=300089) to work on /mnt/c/Users/Pato_/OneDrive/Documentos/ITBA/PYTHON_DATA_APP/itba/lib/python3.10/site-packages/airflow/example_dags/example_external_task_marker_dag.py
[2024-10-20T19:03:04.611-0300] {processor.py:914} INFO - Processing file /mnt/c/Users/Pato_/OneDrive/Documentos/ITBA/PYTHON_DATA_APP/itba/lib/python3.10/site-packages/airflow/example_dags/example_external_task_marker_dag.py for tasks to queue
[2024-10-20T19:03:04.613-0300] {logging_mixin.py:190} INFO - [2024-10-20T19:03:04.612-0300] {dagbag.py:588} INFO - Filling up the DagBag from /mnt/c/Users/Pato_/OneDrive/Documentos/ITBA/PYTHON_DATA_APP/itba/lib/python3.10/site-packages/airflow/example_dags/example_external_task_marker_dag.py
[2024-10-20T19:03:04.652-0300] {processor.py:925} INFO - DAG(s) 'example_external_task_marker_child', 'example_external_task_marker_parent' retrieved from /mnt/c/Users/Pato_/OneDrive/Documentos/ITBA/PYTHON_DATA_APP/itba/lib/python3.10/site-packages/airflow/example_dags/example_external_task_marker_dag.py
[2024-10-20T19:03:04.669-0300] {logging_mixin.py:190} INFO - [2024-10-20T19:03:04.669-0300] {dag.py:3239} INFO - Sync 2 DAGs
[2024-10-20T19:03:04.678-0300] {logging_mixin.py:190} INFO - [2024-10-20T19:03:04.677-0300] {dag.py:4180} INFO - Setting next_dagrun for example_external_task_marker_child to None, run_after=None
[2024-10-20T19:03:04.681-0300] {logging_mixin.py:190} INFO - [2024-10-20T19:03:04.681-0300] {dag.py:4180} INFO - Setting next_dagrun for example_external_task_marker_parent to None, run_after=None
[2024-10-20T19:03:04.708-0300] {processor.py:208} INFO - Processing /mnt/c/Users/Pato_/OneDrive/Documentos/ITBA/PYTHON_DATA_APP/itba/lib/python3.10/site-packages/airflow/example_dags/example_external_task_marker_dag.py took 0.105 seconds
[2024-10-20T19:04:13.590-0300] {processor.py:186} INFO - Started process (PID=300663) to work on /mnt/c/Users/Pato_/OneDrive/Documentos/ITBA/PYTHON_DATA_APP/itba/lib/python3.10/site-packages/airflow/example_dags/example_external_task_marker_dag.py
[2024-10-20T19:04:13.591-0300] {processor.py:914} INFO - Processing file /mnt/c/Users/Pato_/OneDrive/Documentos/ITBA/PYTHON_DATA_APP/itba/lib/python3.10/site-packages/airflow/example_dags/example_external_task_marker_dag.py for tasks to queue
[2024-10-20T19:04:13.593-0300] {logging_mixin.py:190} INFO - [2024-10-20T19:04:13.593-0300] {dagbag.py:588} INFO - Filling up the DagBag from /mnt/c/Users/Pato_/OneDrive/Documentos/ITBA/PYTHON_DATA_APP/itba/lib/python3.10/site-packages/airflow/example_dags/example_external_task_marker_dag.py
[2024-10-20T19:04:13.636-0300] {processor.py:925} INFO - DAG(s) 'example_external_task_marker_child', 'example_external_task_marker_parent' retrieved from /mnt/c/Users/Pato_/OneDrive/Documentos/ITBA/PYTHON_DATA_APP/itba/lib/python3.10/site-packages/airflow/example_dags/example_external_task_marker_dag.py
[2024-10-20T19:04:13.654-0300] {logging_mixin.py:190} INFO - [2024-10-20T19:04:13.654-0300] {dag.py:3239} INFO - Sync 2 DAGs
[2024-10-20T19:04:13.664-0300] {logging_mixin.py:190} INFO - [2024-10-20T19:04:13.663-0300] {dag.py:4180} INFO - Setting next_dagrun for example_external_task_marker_child to None, run_after=None
[2024-10-20T19:04:13.667-0300] {logging_mixin.py:190} INFO - [2024-10-20T19:04:13.667-0300] {dag.py:4180} INFO - Setting next_dagrun for example_external_task_marker_parent to None, run_after=None
[2024-10-20T19:04:13.697-0300] {processor.py:208} INFO - Processing /mnt/c/Users/Pato_/OneDrive/Documentos/ITBA/PYTHON_DATA_APP/itba/lib/python3.10/site-packages/airflow/example_dags/example_external_task_marker_dag.py took 0.114 seconds
[2024-10-20T19:05:23.452-0300] {processor.py:186} INFO - Started process (PID=301424) to work on /mnt/c/Users/Pato_/OneDrive/Documentos/ITBA/PYTHON_DATA_APP/itba/lib/python3.10/site-packages/airflow/example_dags/example_external_task_marker_dag.py
[2024-10-20T19:05:23.453-0300] {processor.py:914} INFO - Processing file /mnt/c/Users/Pato_/OneDrive/Documentos/ITBA/PYTHON_DATA_APP/itba/lib/python3.10/site-packages/airflow/example_dags/example_external_task_marker_dag.py for tasks to queue
[2024-10-20T19:05:23.455-0300] {logging_mixin.py:190} INFO - [2024-10-20T19:05:23.455-0300] {dagbag.py:588} INFO - Filling up the DagBag from /mnt/c/Users/Pato_/OneDrive/Documentos/ITBA/PYTHON_DATA_APP/itba/lib/python3.10/site-packages/airflow/example_dags/example_external_task_marker_dag.py
[2024-10-20T19:05:23.494-0300] {processor.py:925} INFO - DAG(s) 'example_external_task_marker_child', 'example_external_task_marker_parent' retrieved from /mnt/c/Users/Pato_/OneDrive/Documentos/ITBA/PYTHON_DATA_APP/itba/lib/python3.10/site-packages/airflow/example_dags/example_external_task_marker_dag.py
[2024-10-20T19:05:23.511-0300] {logging_mixin.py:190} INFO - [2024-10-20T19:05:23.510-0300] {dag.py:3239} INFO - Sync 2 DAGs
[2024-10-20T19:05:23.520-0300] {logging_mixin.py:190} INFO - [2024-10-20T19:05:23.519-0300] {dag.py:4180} INFO - Setting next_dagrun for example_external_task_marker_child to None, run_after=None
[2024-10-20T19:05:23.523-0300] {logging_mixin.py:190} INFO - [2024-10-20T19:05:23.523-0300] {dag.py:4180} INFO - Setting next_dagrun for example_external_task_marker_parent to None, run_after=None
[2024-10-20T19:05:23.551-0300] {processor.py:208} INFO - Processing /mnt/c/Users/Pato_/OneDrive/Documentos/ITBA/PYTHON_DATA_APP/itba/lib/python3.10/site-packages/airflow/example_dags/example_external_task_marker_dag.py took 0.105 seconds
[2024-10-20T19:08:20.179-0300] {processor.py:186} INFO - Started process (PID=303728) to work on /mnt/c/Users/Pato_/OneDrive/Documentos/ITBA/PYTHON_DATA_APP/itba/lib/python3.10/site-packages/airflow/example_dags/example_external_task_marker_dag.py
[2024-10-20T19:08:20.180-0300] {processor.py:914} INFO - Processing file /mnt/c/Users/Pato_/OneDrive/Documentos/ITBA/PYTHON_DATA_APP/itba/lib/python3.10/site-packages/airflow/example_dags/example_external_task_marker_dag.py for tasks to queue
[2024-10-20T19:08:20.182-0300] {logging_mixin.py:190} INFO - [2024-10-20T19:08:20.181-0300] {dagbag.py:588} INFO - Filling up the DagBag from /mnt/c/Users/Pato_/OneDrive/Documentos/ITBA/PYTHON_DATA_APP/itba/lib/python3.10/site-packages/airflow/example_dags/example_external_task_marker_dag.py
[2024-10-20T19:08:20.224-0300] {processor.py:925} INFO - DAG(s) 'example_external_task_marker_child', 'example_external_task_marker_parent' retrieved from /mnt/c/Users/Pato_/OneDrive/Documentos/ITBA/PYTHON_DATA_APP/itba/lib/python3.10/site-packages/airflow/example_dags/example_external_task_marker_dag.py
[2024-10-20T19:08:20.242-0300] {logging_mixin.py:190} INFO - [2024-10-20T19:08:20.242-0300] {dag.py:3239} INFO - Sync 2 DAGs
[2024-10-20T19:08:20.251-0300] {logging_mixin.py:190} INFO - [2024-10-20T19:08:20.251-0300] {dag.py:4180} INFO - Setting next_dagrun for example_external_task_marker_child to None, run_after=None
[2024-10-20T19:08:20.255-0300] {logging_mixin.py:190} INFO - [2024-10-20T19:08:20.254-0300] {dag.py:4180} INFO - Setting next_dagrun for example_external_task_marker_parent to None, run_after=None
[2024-10-20T19:08:20.286-0300] {processor.py:208} INFO - Processing /mnt/c/Users/Pato_/OneDrive/Documentos/ITBA/PYTHON_DATA_APP/itba/lib/python3.10/site-packages/airflow/example_dags/example_external_task_marker_dag.py took 0.114 seconds
[2024-10-20T19:09:26.441-0300] {processor.py:186} INFO - Started process (PID=304312) to work on /mnt/c/Users/Pato_/OneDrive/Documentos/ITBA/PYTHON_DATA_APP/itba/lib/python3.10/site-packages/airflow/example_dags/example_external_task_marker_dag.py
[2024-10-20T19:09:26.442-0300] {processor.py:914} INFO - Processing file /mnt/c/Users/Pato_/OneDrive/Documentos/ITBA/PYTHON_DATA_APP/itba/lib/python3.10/site-packages/airflow/example_dags/example_external_task_marker_dag.py for tasks to queue
[2024-10-20T19:09:26.444-0300] {logging_mixin.py:190} INFO - [2024-10-20T19:09:26.444-0300] {dagbag.py:588} INFO - Filling up the DagBag from /mnt/c/Users/Pato_/OneDrive/Documentos/ITBA/PYTHON_DATA_APP/itba/lib/python3.10/site-packages/airflow/example_dags/example_external_task_marker_dag.py
[2024-10-20T19:09:26.484-0300] {processor.py:925} INFO - DAG(s) 'example_external_task_marker_child', 'example_external_task_marker_parent' retrieved from /mnt/c/Users/Pato_/OneDrive/Documentos/ITBA/PYTHON_DATA_APP/itba/lib/python3.10/site-packages/airflow/example_dags/example_external_task_marker_dag.py
[2024-10-20T19:09:26.501-0300] {logging_mixin.py:190} INFO - [2024-10-20T19:09:26.501-0300] {dag.py:3239} INFO - Sync 2 DAGs
[2024-10-20T19:09:26.510-0300] {logging_mixin.py:190} INFO - [2024-10-20T19:09:26.509-0300] {dag.py:4180} INFO - Setting next_dagrun for example_external_task_marker_child to None, run_after=None
[2024-10-20T19:09:26.513-0300] {logging_mixin.py:190} INFO - [2024-10-20T19:09:26.513-0300] {dag.py:4180} INFO - Setting next_dagrun for example_external_task_marker_parent to None, run_after=None
[2024-10-20T19:09:26.541-0300] {processor.py:208} INFO - Processing /mnt/c/Users/Pato_/OneDrive/Documentos/ITBA/PYTHON_DATA_APP/itba/lib/python3.10/site-packages/airflow/example_dags/example_external_task_marker_dag.py took 0.106 seconds
[2024-10-20T19:10:32.019-0300] {processor.py:186} INFO - Started process (PID=304850) to work on /mnt/c/Users/Pato_/OneDrive/Documentos/ITBA/PYTHON_DATA_APP/itba/lib/python3.10/site-packages/airflow/example_dags/example_external_task_marker_dag.py
[2024-10-20T19:10:32.020-0300] {processor.py:914} INFO - Processing file /mnt/c/Users/Pato_/OneDrive/Documentos/ITBA/PYTHON_DATA_APP/itba/lib/python3.10/site-packages/airflow/example_dags/example_external_task_marker_dag.py for tasks to queue
[2024-10-20T19:10:32.022-0300] {logging_mixin.py:190} INFO - [2024-10-20T19:10:32.022-0300] {dagbag.py:588} INFO - Filling up the DagBag from /mnt/c/Users/Pato_/OneDrive/Documentos/ITBA/PYTHON_DATA_APP/itba/lib/python3.10/site-packages/airflow/example_dags/example_external_task_marker_dag.py
[2024-10-20T19:10:32.063-0300] {processor.py:925} INFO - DAG(s) 'example_external_task_marker_child', 'example_external_task_marker_parent' retrieved from /mnt/c/Users/Pato_/OneDrive/Documentos/ITBA/PYTHON_DATA_APP/itba/lib/python3.10/site-packages/airflow/example_dags/example_external_task_marker_dag.py
[2024-10-20T19:10:32.080-0300] {logging_mixin.py:190} INFO - [2024-10-20T19:10:32.080-0300] {dag.py:3239} INFO - Sync 2 DAGs
[2024-10-20T19:10:32.089-0300] {logging_mixin.py:190} INFO - [2024-10-20T19:10:32.089-0300] {dag.py:4180} INFO - Setting next_dagrun for example_external_task_marker_child to None, run_after=None
[2024-10-20T19:10:32.092-0300] {logging_mixin.py:190} INFO - [2024-10-20T19:10:32.092-0300] {dag.py:4180} INFO - Setting next_dagrun for example_external_task_marker_parent to None, run_after=None
[2024-10-20T19:10:32.120-0300] {processor.py:208} INFO - Processing /mnt/c/Users/Pato_/OneDrive/Documentos/ITBA/PYTHON_DATA_APP/itba/lib/python3.10/site-packages/airflow/example_dags/example_external_task_marker_dag.py took 0.108 seconds
[2024-10-20T19:11:39.650-0300] {processor.py:186} INFO - Started process (PID=305377) to work on /mnt/c/Users/Pato_/OneDrive/Documentos/ITBA/PYTHON_DATA_APP/itba/lib/python3.10/site-packages/airflow/example_dags/example_external_task_marker_dag.py
[2024-10-20T19:11:39.651-0300] {processor.py:914} INFO - Processing file /mnt/c/Users/Pato_/OneDrive/Documentos/ITBA/PYTHON_DATA_APP/itba/lib/python3.10/site-packages/airflow/example_dags/example_external_task_marker_dag.py for tasks to queue
[2024-10-20T19:11:39.653-0300] {logging_mixin.py:190} INFO - [2024-10-20T19:11:39.652-0300] {dagbag.py:588} INFO - Filling up the DagBag from /mnt/c/Users/Pato_/OneDrive/Documentos/ITBA/PYTHON_DATA_APP/itba/lib/python3.10/site-packages/airflow/example_dags/example_external_task_marker_dag.py
[2024-10-20T19:11:39.693-0300] {processor.py:925} INFO - DAG(s) 'example_external_task_marker_child', 'example_external_task_marker_parent' retrieved from /mnt/c/Users/Pato_/OneDrive/Documentos/ITBA/PYTHON_DATA_APP/itba/lib/python3.10/site-packages/airflow/example_dags/example_external_task_marker_dag.py
[2024-10-20T19:11:39.710-0300] {logging_mixin.py:190} INFO - [2024-10-20T19:11:39.710-0300] {dag.py:3239} INFO - Sync 2 DAGs
[2024-10-20T19:11:39.719-0300] {logging_mixin.py:190} INFO - [2024-10-20T19:11:39.718-0300] {dag.py:4180} INFO - Setting next_dagrun for example_external_task_marker_child to None, run_after=None
[2024-10-20T19:11:39.722-0300] {logging_mixin.py:190} INFO - [2024-10-20T19:11:39.722-0300] {dag.py:4180} INFO - Setting next_dagrun for example_external_task_marker_parent to None, run_after=None
[2024-10-20T19:11:39.751-0300] {processor.py:208} INFO - Processing /mnt/c/Users/Pato_/OneDrive/Documentos/ITBA/PYTHON_DATA_APP/itba/lib/python3.10/site-packages/airflow/example_dags/example_external_task_marker_dag.py took 0.108 seconds
[2024-10-20T19:12:47.361-0300] {processor.py:186} INFO - Started process (PID=305910) to work on /mnt/c/Users/Pato_/OneDrive/Documentos/ITBA/PYTHON_DATA_APP/itba/lib/python3.10/site-packages/airflow/example_dags/example_external_task_marker_dag.py
[2024-10-20T19:12:47.362-0300] {processor.py:914} INFO - Processing file /mnt/c/Users/Pato_/OneDrive/Documentos/ITBA/PYTHON_DATA_APP/itba/lib/python3.10/site-packages/airflow/example_dags/example_external_task_marker_dag.py for tasks to queue
[2024-10-20T19:12:47.364-0300] {logging_mixin.py:190} INFO - [2024-10-20T19:12:47.364-0300] {dagbag.py:588} INFO - Filling up the DagBag from /mnt/c/Users/Pato_/OneDrive/Documentos/ITBA/PYTHON_DATA_APP/itba/lib/python3.10/site-packages/airflow/example_dags/example_external_task_marker_dag.py
[2024-10-20T19:12:47.403-0300] {processor.py:925} INFO - DAG(s) 'example_external_task_marker_child', 'example_external_task_marker_parent' retrieved from /mnt/c/Users/Pato_/OneDrive/Documentos/ITBA/PYTHON_DATA_APP/itba/lib/python3.10/site-packages/airflow/example_dags/example_external_task_marker_dag.py
[2024-10-20T19:12:47.421-0300] {logging_mixin.py:190} INFO - [2024-10-20T19:12:47.420-0300] {dag.py:3239} INFO - Sync 2 DAGs
[2024-10-20T19:12:47.430-0300] {logging_mixin.py:190} INFO - [2024-10-20T19:12:47.430-0300] {dag.py:4180} INFO - Setting next_dagrun for example_external_task_marker_child to None, run_after=None
[2024-10-20T19:12:47.433-0300] {logging_mixin.py:190} INFO - [2024-10-20T19:12:47.433-0300] {dag.py:4180} INFO - Setting next_dagrun for example_external_task_marker_parent to None, run_after=None
[2024-10-20T19:12:47.461-0300] {processor.py:208} INFO - Processing /mnt/c/Users/Pato_/OneDrive/Documentos/ITBA/PYTHON_DATA_APP/itba/lib/python3.10/site-packages/airflow/example_dags/example_external_task_marker_dag.py took 0.106 seconds
[2024-10-20T19:13:51.753-0300] {processor.py:186} INFO - Started process (PID=306409) to work on /mnt/c/Users/Pato_/OneDrive/Documentos/ITBA/PYTHON_DATA_APP/itba/lib/python3.10/site-packages/airflow/example_dags/example_external_task_marker_dag.py
[2024-10-20T19:13:51.754-0300] {processor.py:914} INFO - Processing file /mnt/c/Users/Pato_/OneDrive/Documentos/ITBA/PYTHON_DATA_APP/itba/lib/python3.10/site-packages/airflow/example_dags/example_external_task_marker_dag.py for tasks to queue
[2024-10-20T19:13:51.756-0300] {logging_mixin.py:190} INFO - [2024-10-20T19:13:51.756-0300] {dagbag.py:588} INFO - Filling up the DagBag from /mnt/c/Users/Pato_/OneDrive/Documentos/ITBA/PYTHON_DATA_APP/itba/lib/python3.10/site-packages/airflow/example_dags/example_external_task_marker_dag.py
[2024-10-20T19:13:51.796-0300] {processor.py:925} INFO - DAG(s) 'example_external_task_marker_parent', 'example_external_task_marker_child' retrieved from /mnt/c/Users/Pato_/OneDrive/Documentos/ITBA/PYTHON_DATA_APP/itba/lib/python3.10/site-packages/airflow/example_dags/example_external_task_marker_dag.py
[2024-10-20T19:13:51.815-0300] {logging_mixin.py:190} INFO - [2024-10-20T19:13:51.814-0300] {dag.py:3239} INFO - Sync 2 DAGs
[2024-10-20T19:13:51.824-0300] {logging_mixin.py:190} INFO - [2024-10-20T19:13:51.824-0300] {dag.py:4180} INFO - Setting next_dagrun for example_external_task_marker_child to None, run_after=None
[2024-10-20T19:13:51.828-0300] {logging_mixin.py:190} INFO - [2024-10-20T19:13:51.827-0300] {dag.py:4180} INFO - Setting next_dagrun for example_external_task_marker_parent to None, run_after=None
[2024-10-20T19:13:51.856-0300] {processor.py:208} INFO - Processing /mnt/c/Users/Pato_/OneDrive/Documentos/ITBA/PYTHON_DATA_APP/itba/lib/python3.10/site-packages/airflow/example_dags/example_external_task_marker_dag.py took 0.110 seconds
[2024-10-20T19:15:01.374-0300] {processor.py:186} INFO - Started process (PID=306983) to work on /mnt/c/Users/Pato_/OneDrive/Documentos/ITBA/PYTHON_DATA_APP/itba/lib/python3.10/site-packages/airflow/example_dags/example_external_task_marker_dag.py
[2024-10-20T19:15:01.375-0300] {processor.py:914} INFO - Processing file /mnt/c/Users/Pato_/OneDrive/Documentos/ITBA/PYTHON_DATA_APP/itba/lib/python3.10/site-packages/airflow/example_dags/example_external_task_marker_dag.py for tasks to queue
[2024-10-20T19:15:01.377-0300] {logging_mixin.py:190} INFO - [2024-10-20T19:15:01.376-0300] {dagbag.py:588} INFO - Filling up the DagBag from /mnt/c/Users/Pato_/OneDrive/Documentos/ITBA/PYTHON_DATA_APP/itba/lib/python3.10/site-packages/airflow/example_dags/example_external_task_marker_dag.py
[2024-10-20T19:15:01.416-0300] {processor.py:925} INFO - DAG(s) 'example_external_task_marker_parent', 'example_external_task_marker_child' retrieved from /mnt/c/Users/Pato_/OneDrive/Documentos/ITBA/PYTHON_DATA_APP/itba/lib/python3.10/site-packages/airflow/example_dags/example_external_task_marker_dag.py
[2024-10-20T19:15:01.433-0300] {logging_mixin.py:190} INFO - [2024-10-20T19:15:01.433-0300] {dag.py:3239} INFO - Sync 2 DAGs
[2024-10-20T19:15:01.442-0300] {logging_mixin.py:190} INFO - [2024-10-20T19:15:01.441-0300] {dag.py:4180} INFO - Setting next_dagrun for example_external_task_marker_child to None, run_after=None
[2024-10-20T19:15:01.445-0300] {logging_mixin.py:190} INFO - [2024-10-20T19:15:01.445-0300] {dag.py:4180} INFO - Setting next_dagrun for example_external_task_marker_parent to None, run_after=None
[2024-10-20T19:15:01.473-0300] {processor.py:208} INFO - Processing /mnt/c/Users/Pato_/OneDrive/Documentos/ITBA/PYTHON_DATA_APP/itba/lib/python3.10/site-packages/airflow/example_dags/example_external_task_marker_dag.py took 0.106 seconds
[2024-10-20T19:16:09.270-0300] {processor.py:186} INFO - Started process (PID=307510) to work on /mnt/c/Users/Pato_/OneDrive/Documentos/ITBA/PYTHON_DATA_APP/itba/lib/python3.10/site-packages/airflow/example_dags/example_external_task_marker_dag.py
[2024-10-20T19:16:09.271-0300] {processor.py:914} INFO - Processing file /mnt/c/Users/Pato_/OneDrive/Documentos/ITBA/PYTHON_DATA_APP/itba/lib/python3.10/site-packages/airflow/example_dags/example_external_task_marker_dag.py for tasks to queue
[2024-10-20T19:16:09.273-0300] {logging_mixin.py:190} INFO - [2024-10-20T19:16:09.272-0300] {dagbag.py:588} INFO - Filling up the DagBag from /mnt/c/Users/Pato_/OneDrive/Documentos/ITBA/PYTHON_DATA_APP/itba/lib/python3.10/site-packages/airflow/example_dags/example_external_task_marker_dag.py
[2024-10-20T19:16:09.313-0300] {processor.py:925} INFO - DAG(s) 'example_external_task_marker_child', 'example_external_task_marker_parent' retrieved from /mnt/c/Users/Pato_/OneDrive/Documentos/ITBA/PYTHON_DATA_APP/itba/lib/python3.10/site-packages/airflow/example_dags/example_external_task_marker_dag.py
[2024-10-20T19:16:09.330-0300] {logging_mixin.py:190} INFO - [2024-10-20T19:16:09.330-0300] {dag.py:3239} INFO - Sync 2 DAGs
[2024-10-20T19:16:09.339-0300] {logging_mixin.py:190} INFO - [2024-10-20T19:16:09.339-0300] {dag.py:4180} INFO - Setting next_dagrun for example_external_task_marker_child to None, run_after=None
[2024-10-20T19:16:09.343-0300] {logging_mixin.py:190} INFO - [2024-10-20T19:16:09.342-0300] {dag.py:4180} INFO - Setting next_dagrun for example_external_task_marker_parent to None, run_after=None
[2024-10-20T19:16:09.370-0300] {processor.py:208} INFO - Processing /mnt/c/Users/Pato_/OneDrive/Documentos/ITBA/PYTHON_DATA_APP/itba/lib/python3.10/site-packages/airflow/example_dags/example_external_task_marker_dag.py took 0.107 seconds
[2024-10-20T19:17:20.347-0300] {processor.py:186} INFO - Started process (PID=308066) to work on /mnt/c/Users/Pato_/OneDrive/Documentos/ITBA/PYTHON_DATA_APP/itba/lib/python3.10/site-packages/airflow/example_dags/example_external_task_marker_dag.py
[2024-10-20T19:17:20.348-0300] {processor.py:914} INFO - Processing file /mnt/c/Users/Pato_/OneDrive/Documentos/ITBA/PYTHON_DATA_APP/itba/lib/python3.10/site-packages/airflow/example_dags/example_external_task_marker_dag.py for tasks to queue
[2024-10-20T19:17:20.350-0300] {logging_mixin.py:190} INFO - [2024-10-20T19:17:20.350-0300] {dagbag.py:588} INFO - Filling up the DagBag from /mnt/c/Users/Pato_/OneDrive/Documentos/ITBA/PYTHON_DATA_APP/itba/lib/python3.10/site-packages/airflow/example_dags/example_external_task_marker_dag.py
[2024-10-20T19:17:20.392-0300] {processor.py:925} INFO - DAG(s) 'example_external_task_marker_parent', 'example_external_task_marker_child' retrieved from /mnt/c/Users/Pato_/OneDrive/Documentos/ITBA/PYTHON_DATA_APP/itba/lib/python3.10/site-packages/airflow/example_dags/example_external_task_marker_dag.py
[2024-10-20T19:17:20.413-0300] {logging_mixin.py:190} INFO - [2024-10-20T19:17:20.412-0300] {dag.py:3239} INFO - Sync 2 DAGs
[2024-10-20T19:17:20.422-0300] {logging_mixin.py:190} INFO - [2024-10-20T19:17:20.421-0300] {dag.py:4180} INFO - Setting next_dagrun for example_external_task_marker_child to None, run_after=None
[2024-10-20T19:17:20.425-0300] {logging_mixin.py:190} INFO - [2024-10-20T19:17:20.425-0300] {dag.py:4180} INFO - Setting next_dagrun for example_external_task_marker_parent to None, run_after=None
[2024-10-20T19:17:20.453-0300] {processor.py:208} INFO - Processing /mnt/c/Users/Pato_/OneDrive/Documentos/ITBA/PYTHON_DATA_APP/itba/lib/python3.10/site-packages/airflow/example_dags/example_external_task_marker_dag.py took 0.113 seconds
[2024-10-20T19:18:34.814-0300] {processor.py:186} INFO - Started process (PID=308647) to work on /mnt/c/Users/Pato_/OneDrive/Documentos/ITBA/PYTHON_DATA_APP/itba/lib/python3.10/site-packages/airflow/example_dags/example_external_task_marker_dag.py
[2024-10-20T19:18:34.815-0300] {processor.py:914} INFO - Processing file /mnt/c/Users/Pato_/OneDrive/Documentos/ITBA/PYTHON_DATA_APP/itba/lib/python3.10/site-packages/airflow/example_dags/example_external_task_marker_dag.py for tasks to queue
[2024-10-20T19:18:34.817-0300] {logging_mixin.py:190} INFO - [2024-10-20T19:18:34.816-0300] {dagbag.py:588} INFO - Filling up the DagBag from /mnt/c/Users/Pato_/OneDrive/Documentos/ITBA/PYTHON_DATA_APP/itba/lib/python3.10/site-packages/airflow/example_dags/example_external_task_marker_dag.py
[2024-10-20T19:18:34.857-0300] {processor.py:925} INFO - DAG(s) 'example_external_task_marker_child', 'example_external_task_marker_parent' retrieved from /mnt/c/Users/Pato_/OneDrive/Documentos/ITBA/PYTHON_DATA_APP/itba/lib/python3.10/site-packages/airflow/example_dags/example_external_task_marker_dag.py
[2024-10-20T19:18:34.873-0300] {logging_mixin.py:190} INFO - [2024-10-20T19:18:34.873-0300] {dag.py:3239} INFO - Sync 2 DAGs
[2024-10-20T19:18:34.882-0300] {logging_mixin.py:190} INFO - [2024-10-20T19:18:34.881-0300] {dag.py:4180} INFO - Setting next_dagrun for example_external_task_marker_child to None, run_after=None
[2024-10-20T19:18:34.885-0300] {logging_mixin.py:190} INFO - [2024-10-20T19:18:34.885-0300] {dag.py:4180} INFO - Setting next_dagrun for example_external_task_marker_parent to None, run_after=None
[2024-10-20T19:18:34.914-0300] {processor.py:208} INFO - Processing /mnt/c/Users/Pato_/OneDrive/Documentos/ITBA/PYTHON_DATA_APP/itba/lib/python3.10/site-packages/airflow/example_dags/example_external_task_marker_dag.py took 0.106 seconds
[2024-10-20T19:19:47.920-0300] {processor.py:186} INFO - Started process (PID=309216) to work on /mnt/c/Users/Pato_/OneDrive/Documentos/ITBA/PYTHON_DATA_APP/itba/lib/python3.10/site-packages/airflow/example_dags/example_external_task_marker_dag.py
[2024-10-20T19:19:47.921-0300] {processor.py:914} INFO - Processing file /mnt/c/Users/Pato_/OneDrive/Documentos/ITBA/PYTHON_DATA_APP/itba/lib/python3.10/site-packages/airflow/example_dags/example_external_task_marker_dag.py for tasks to queue
[2024-10-20T19:19:47.923-0300] {logging_mixin.py:190} INFO - [2024-10-20T19:19:47.922-0300] {dagbag.py:588} INFO - Filling up the DagBag from /mnt/c/Users/Pato_/OneDrive/Documentos/ITBA/PYTHON_DATA_APP/itba/lib/python3.10/site-packages/airflow/example_dags/example_external_task_marker_dag.py
[2024-10-20T19:19:47.962-0300] {processor.py:925} INFO - DAG(s) 'example_external_task_marker_parent', 'example_external_task_marker_child' retrieved from /mnt/c/Users/Pato_/OneDrive/Documentos/ITBA/PYTHON_DATA_APP/itba/lib/python3.10/site-packages/airflow/example_dags/example_external_task_marker_dag.py
[2024-10-20T19:19:47.980-0300] {logging_mixin.py:190} INFO - [2024-10-20T19:19:47.979-0300] {dag.py:3239} INFO - Sync 2 DAGs
[2024-10-20T19:19:47.988-0300] {logging_mixin.py:190} INFO - [2024-10-20T19:19:47.988-0300] {dag.py:4180} INFO - Setting next_dagrun for example_external_task_marker_child to None, run_after=None
[2024-10-20T19:19:47.992-0300] {logging_mixin.py:190} INFO - [2024-10-20T19:19:47.991-0300] {dag.py:4180} INFO - Setting next_dagrun for example_external_task_marker_parent to None, run_after=None
[2024-10-20T19:19:48.020-0300] {processor.py:208} INFO - Processing /mnt/c/Users/Pato_/OneDrive/Documentos/ITBA/PYTHON_DATA_APP/itba/lib/python3.10/site-packages/airflow/example_dags/example_external_task_marker_dag.py took 0.108 seconds
[2024-10-20T19:20:54.493-0300] {processor.py:186} INFO - Started process (PID=309821) to work on /mnt/c/Users/Pato_/OneDrive/Documentos/ITBA/PYTHON_DATA_APP/itba/lib/python3.10/site-packages/airflow/example_dags/example_external_task_marker_dag.py
[2024-10-20T19:20:54.494-0300] {processor.py:914} INFO - Processing file /mnt/c/Users/Pato_/OneDrive/Documentos/ITBA/PYTHON_DATA_APP/itba/lib/python3.10/site-packages/airflow/example_dags/example_external_task_marker_dag.py for tasks to queue
[2024-10-20T19:20:54.496-0300] {logging_mixin.py:190} INFO - [2024-10-20T19:20:54.496-0300] {dagbag.py:588} INFO - Filling up the DagBag from /mnt/c/Users/Pato_/OneDrive/Documentos/ITBA/PYTHON_DATA_APP/itba/lib/python3.10/site-packages/airflow/example_dags/example_external_task_marker_dag.py
[2024-10-20T19:20:54.536-0300] {processor.py:925} INFO - DAG(s) 'example_external_task_marker_child', 'example_external_task_marker_parent' retrieved from /mnt/c/Users/Pato_/OneDrive/Documentos/ITBA/PYTHON_DATA_APP/itba/lib/python3.10/site-packages/airflow/example_dags/example_external_task_marker_dag.py
[2024-10-20T19:20:54.554-0300] {logging_mixin.py:190} INFO - [2024-10-20T19:20:54.554-0300] {dag.py:3239} INFO - Sync 2 DAGs
[2024-10-20T19:20:54.563-0300] {logging_mixin.py:190} INFO - [2024-10-20T19:20:54.563-0300] {dag.py:4180} INFO - Setting next_dagrun for example_external_task_marker_child to None, run_after=None
[2024-10-20T19:20:54.567-0300] {logging_mixin.py:190} INFO - [2024-10-20T19:20:54.566-0300] {dag.py:4180} INFO - Setting next_dagrun for example_external_task_marker_parent to None, run_after=None
[2024-10-20T19:20:54.594-0300] {processor.py:208} INFO - Processing /mnt/c/Users/Pato_/OneDrive/Documentos/ITBA/PYTHON_DATA_APP/itba/lib/python3.10/site-packages/airflow/example_dags/example_external_task_marker_dag.py took 0.108 seconds
[2024-10-20T19:22:02.114-0300] {processor.py:186} INFO - Started process (PID=310449) to work on /mnt/c/Users/Pato_/OneDrive/Documentos/ITBA/PYTHON_DATA_APP/itba/lib/python3.10/site-packages/airflow/example_dags/example_external_task_marker_dag.py
[2024-10-20T19:22:02.116-0300] {processor.py:914} INFO - Processing file /mnt/c/Users/Pato_/OneDrive/Documentos/ITBA/PYTHON_DATA_APP/itba/lib/python3.10/site-packages/airflow/example_dags/example_external_task_marker_dag.py for tasks to queue
[2024-10-20T19:22:02.118-0300] {logging_mixin.py:190} INFO - [2024-10-20T19:22:02.117-0300] {dagbag.py:588} INFO - Filling up the DagBag from /mnt/c/Users/Pato_/OneDrive/Documentos/ITBA/PYTHON_DATA_APP/itba/lib/python3.10/site-packages/airflow/example_dags/example_external_task_marker_dag.py
[2024-10-20T19:22:02.159-0300] {processor.py:925} INFO - DAG(s) 'example_external_task_marker_child', 'example_external_task_marker_parent' retrieved from /mnt/c/Users/Pato_/OneDrive/Documentos/ITBA/PYTHON_DATA_APP/itba/lib/python3.10/site-packages/airflow/example_dags/example_external_task_marker_dag.py
[2024-10-20T19:22:02.176-0300] {logging_mixin.py:190} INFO - [2024-10-20T19:22:02.176-0300] {dag.py:3239} INFO - Sync 2 DAGs
[2024-10-20T19:22:02.185-0300] {logging_mixin.py:190} INFO - [2024-10-20T19:22:02.185-0300] {dag.py:4180} INFO - Setting next_dagrun for example_external_task_marker_child to None, run_after=None
[2024-10-20T19:22:02.189-0300] {logging_mixin.py:190} INFO - [2024-10-20T19:22:02.188-0300] {dag.py:4180} INFO - Setting next_dagrun for example_external_task_marker_parent to None, run_after=None
[2024-10-20T19:22:02.217-0300] {processor.py:208} INFO - Processing /mnt/c/Users/Pato_/OneDrive/Documentos/ITBA/PYTHON_DATA_APP/itba/lib/python3.10/site-packages/airflow/example_dags/example_external_task_marker_dag.py took 0.110 seconds
[2024-10-20T19:23:07.293-0300] {processor.py:186} INFO - Started process (PID=310959) to work on /mnt/c/Users/Pato_/OneDrive/Documentos/ITBA/PYTHON_DATA_APP/itba/lib/python3.10/site-packages/airflow/example_dags/example_external_task_marker_dag.py
[2024-10-20T19:23:07.294-0300] {processor.py:914} INFO - Processing file /mnt/c/Users/Pato_/OneDrive/Documentos/ITBA/PYTHON_DATA_APP/itba/lib/python3.10/site-packages/airflow/example_dags/example_external_task_marker_dag.py for tasks to queue
[2024-10-20T19:23:07.296-0300] {logging_mixin.py:190} INFO - [2024-10-20T19:23:07.296-0300] {dagbag.py:588} INFO - Filling up the DagBag from /mnt/c/Users/Pato_/OneDrive/Documentos/ITBA/PYTHON_DATA_APP/itba/lib/python3.10/site-packages/airflow/example_dags/example_external_task_marker_dag.py
[2024-10-20T19:23:07.336-0300] {processor.py:925} INFO - DAG(s) 'example_external_task_marker_child', 'example_external_task_marker_parent' retrieved from /mnt/c/Users/Pato_/OneDrive/Documentos/ITBA/PYTHON_DATA_APP/itba/lib/python3.10/site-packages/airflow/example_dags/example_external_task_marker_dag.py
[2024-10-20T19:23:07.356-0300] {logging_mixin.py:190} INFO - [2024-10-20T19:23:07.355-0300] {dag.py:3239} INFO - Sync 2 DAGs
[2024-10-20T19:23:07.366-0300] {logging_mixin.py:190} INFO - [2024-10-20T19:23:07.365-0300] {dag.py:4180} INFO - Setting next_dagrun for example_external_task_marker_child to None, run_after=None
[2024-10-20T19:23:07.369-0300] {logging_mixin.py:190} INFO - [2024-10-20T19:23:07.369-0300] {dag.py:4180} INFO - Setting next_dagrun for example_external_task_marker_parent to None, run_after=None
[2024-10-20T19:23:07.398-0300] {processor.py:208} INFO - Processing /mnt/c/Users/Pato_/OneDrive/Documentos/ITBA/PYTHON_DATA_APP/itba/lib/python3.10/site-packages/airflow/example_dags/example_external_task_marker_dag.py took 0.111 seconds
[2024-10-20T19:25:03.255-0300] {processor.py:186} INFO - Started process (PID=312513) to work on /mnt/c/Users/Pato_/OneDrive/Documentos/ITBA/PYTHON_DATA_APP/itba/lib/python3.10/site-packages/airflow/example_dags/example_external_task_marker_dag.py
[2024-10-20T19:25:03.256-0300] {processor.py:914} INFO - Processing file /mnt/c/Users/Pato_/OneDrive/Documentos/ITBA/PYTHON_DATA_APP/itba/lib/python3.10/site-packages/airflow/example_dags/example_external_task_marker_dag.py for tasks to queue
[2024-10-20T19:25:03.259-0300] {logging_mixin.py:190} INFO - [2024-10-20T19:25:03.258-0300] {dagbag.py:588} INFO - Filling up the DagBag from /mnt/c/Users/Pato_/OneDrive/Documentos/ITBA/PYTHON_DATA_APP/itba/lib/python3.10/site-packages/airflow/example_dags/example_external_task_marker_dag.py
[2024-10-20T19:25:03.302-0300] {processor.py:925} INFO - DAG(s) 'example_external_task_marker_child', 'example_external_task_marker_parent' retrieved from /mnt/c/Users/Pato_/OneDrive/Documentos/ITBA/PYTHON_DATA_APP/itba/lib/python3.10/site-packages/airflow/example_dags/example_external_task_marker_dag.py
[2024-10-20T19:25:03.321-0300] {logging_mixin.py:190} INFO - [2024-10-20T19:25:03.320-0300] {dag.py:3239} INFO - Sync 2 DAGs
[2024-10-20T19:25:03.331-0300] {logging_mixin.py:190} INFO - [2024-10-20T19:25:03.330-0300] {dag.py:4180} INFO - Setting next_dagrun for example_external_task_marker_child to None, run_after=None
[2024-10-20T19:25:03.335-0300] {logging_mixin.py:190} INFO - [2024-10-20T19:25:03.334-0300] {dag.py:4180} INFO - Setting next_dagrun for example_external_task_marker_parent to None, run_after=None
[2024-10-20T19:25:03.365-0300] {processor.py:208} INFO - Processing /mnt/c/Users/Pato_/OneDrive/Documentos/ITBA/PYTHON_DATA_APP/itba/lib/python3.10/site-packages/airflow/example_dags/example_external_task_marker_dag.py took 0.117 seconds
[2024-10-20T19:26:42.621-0300] {processor.py:186} INFO - Started process (PID=313811) to work on /mnt/c/Users/Pato_/OneDrive/Documentos/ITBA/PYTHON_DATA_APP/itba/lib/python3.10/site-packages/airflow/example_dags/example_external_task_marker_dag.py
[2024-10-20T19:26:42.622-0300] {processor.py:914} INFO - Processing file /mnt/c/Users/Pato_/OneDrive/Documentos/ITBA/PYTHON_DATA_APP/itba/lib/python3.10/site-packages/airflow/example_dags/example_external_task_marker_dag.py for tasks to queue
[2024-10-20T19:26:42.624-0300] {logging_mixin.py:190} INFO - [2024-10-20T19:26:42.623-0300] {dagbag.py:588} INFO - Filling up the DagBag from /mnt/c/Users/Pato_/OneDrive/Documentos/ITBA/PYTHON_DATA_APP/itba/lib/python3.10/site-packages/airflow/example_dags/example_external_task_marker_dag.py
[2024-10-20T19:26:42.665-0300] {processor.py:925} INFO - DAG(s) 'example_external_task_marker_parent', 'example_external_task_marker_child' retrieved from /mnt/c/Users/Pato_/OneDrive/Documentos/ITBA/PYTHON_DATA_APP/itba/lib/python3.10/site-packages/airflow/example_dags/example_external_task_marker_dag.py
[2024-10-20T19:26:42.683-0300] {logging_mixin.py:190} INFO - [2024-10-20T19:26:42.683-0300] {dag.py:3239} INFO - Sync 2 DAGs
[2024-10-20T19:26:42.692-0300] {logging_mixin.py:190} INFO - [2024-10-20T19:26:42.691-0300] {dag.py:4180} INFO - Setting next_dagrun for example_external_task_marker_child to None, run_after=None
[2024-10-20T19:26:42.695-0300] {logging_mixin.py:190} INFO - [2024-10-20T19:26:42.695-0300] {dag.py:4180} INFO - Setting next_dagrun for example_external_task_marker_parent to None, run_after=None
[2024-10-20T19:26:42.724-0300] {processor.py:208} INFO - Processing /mnt/c/Users/Pato_/OneDrive/Documentos/ITBA/PYTHON_DATA_APP/itba/lib/python3.10/site-packages/airflow/example_dags/example_external_task_marker_dag.py took 0.110 seconds
[2024-10-20T19:27:54.863-0300] {processor.py:186} INFO - Started process (PID=314645) to work on /mnt/c/Users/Pato_/OneDrive/Documentos/ITBA/PYTHON_DATA_APP/itba/lib/python3.10/site-packages/airflow/example_dags/example_external_task_marker_dag.py
[2024-10-20T19:27:54.865-0300] {processor.py:914} INFO - Processing file /mnt/c/Users/Pato_/OneDrive/Documentos/ITBA/PYTHON_DATA_APP/itba/lib/python3.10/site-packages/airflow/example_dags/example_external_task_marker_dag.py for tasks to queue
[2024-10-20T19:27:54.867-0300] {logging_mixin.py:190} INFO - [2024-10-20T19:27:54.866-0300] {dagbag.py:588} INFO - Filling up the DagBag from /mnt/c/Users/Pato_/OneDrive/Documentos/ITBA/PYTHON_DATA_APP/itba/lib/python3.10/site-packages/airflow/example_dags/example_external_task_marker_dag.py
[2024-10-20T19:27:54.912-0300] {processor.py:925} INFO - DAG(s) 'example_external_task_marker_child', 'example_external_task_marker_parent' retrieved from /mnt/c/Users/Pato_/OneDrive/Documentos/ITBA/PYTHON_DATA_APP/itba/lib/python3.10/site-packages/airflow/example_dags/example_external_task_marker_dag.py
[2024-10-20T19:27:54.931-0300] {logging_mixin.py:190} INFO - [2024-10-20T19:27:54.931-0300] {dag.py:3239} INFO - Sync 2 DAGs
[2024-10-20T19:27:54.940-0300] {logging_mixin.py:190} INFO - [2024-10-20T19:27:54.940-0300] {dag.py:4180} INFO - Setting next_dagrun for example_external_task_marker_child to None, run_after=None
[2024-10-20T19:27:54.944-0300] {logging_mixin.py:190} INFO - [2024-10-20T19:27:54.944-0300] {dag.py:4180} INFO - Setting next_dagrun for example_external_task_marker_parent to None, run_after=None
[2024-10-20T19:27:54.974-0300] {processor.py:208} INFO - Processing /mnt/c/Users/Pato_/OneDrive/Documentos/ITBA/PYTHON_DATA_APP/itba/lib/python3.10/site-packages/airflow/example_dags/example_external_task_marker_dag.py took 0.120 seconds
[2024-10-20T19:28:59.337-0300] {processor.py:186} INFO - Started process (PID=315401) to work on /mnt/c/Users/Pato_/OneDrive/Documentos/ITBA/PYTHON_DATA_APP/itba/lib/python3.10/site-packages/airflow/example_dags/example_external_task_marker_dag.py
[2024-10-20T19:28:59.338-0300] {processor.py:914} INFO - Processing file /mnt/c/Users/Pato_/OneDrive/Documentos/ITBA/PYTHON_DATA_APP/itba/lib/python3.10/site-packages/airflow/example_dags/example_external_task_marker_dag.py for tasks to queue
[2024-10-20T19:28:59.340-0300] {logging_mixin.py:190} INFO - [2024-10-20T19:28:59.339-0300] {dagbag.py:588} INFO - Filling up the DagBag from /mnt/c/Users/Pato_/OneDrive/Documentos/ITBA/PYTHON_DATA_APP/itba/lib/python3.10/site-packages/airflow/example_dags/example_external_task_marker_dag.py
[2024-10-20T19:28:59.379-0300] {processor.py:925} INFO - DAG(s) 'example_external_task_marker_child', 'example_external_task_marker_parent' retrieved from /mnt/c/Users/Pato_/OneDrive/Documentos/ITBA/PYTHON_DATA_APP/itba/lib/python3.10/site-packages/airflow/example_dags/example_external_task_marker_dag.py
[2024-10-20T19:28:59.396-0300] {logging_mixin.py:190} INFO - [2024-10-20T19:28:59.396-0300] {dag.py:3239} INFO - Sync 2 DAGs
[2024-10-20T19:28:59.405-0300] {logging_mixin.py:190} INFO - [2024-10-20T19:28:59.404-0300] {dag.py:4180} INFO - Setting next_dagrun for example_external_task_marker_child to None, run_after=None
[2024-10-20T19:28:59.408-0300] {logging_mixin.py:190} INFO - [2024-10-20T19:28:59.408-0300] {dag.py:4180} INFO - Setting next_dagrun for example_external_task_marker_parent to None, run_after=None
[2024-10-20T19:28:59.435-0300] {processor.py:208} INFO - Processing /mnt/c/Users/Pato_/OneDrive/Documentos/ITBA/PYTHON_DATA_APP/itba/lib/python3.10/site-packages/airflow/example_dags/example_external_task_marker_dag.py took 0.105 seconds
[2024-10-20T19:30:10.876-0300] {processor.py:186} INFO - Started process (PID=316201) to work on /mnt/c/Users/Pato_/OneDrive/Documentos/ITBA/PYTHON_DATA_APP/itba/lib/python3.10/site-packages/airflow/example_dags/example_external_task_marker_dag.py
[2024-10-20T19:30:10.877-0300] {processor.py:914} INFO - Processing file /mnt/c/Users/Pato_/OneDrive/Documentos/ITBA/PYTHON_DATA_APP/itba/lib/python3.10/site-packages/airflow/example_dags/example_external_task_marker_dag.py for tasks to queue
[2024-10-20T19:30:10.879-0300] {logging_mixin.py:190} INFO - [2024-10-20T19:30:10.878-0300] {dagbag.py:588} INFO - Filling up the DagBag from /mnt/c/Users/Pato_/OneDrive/Documentos/ITBA/PYTHON_DATA_APP/itba/lib/python3.10/site-packages/airflow/example_dags/example_external_task_marker_dag.py
[2024-10-20T19:30:10.919-0300] {processor.py:925} INFO - DAG(s) 'example_external_task_marker_child', 'example_external_task_marker_parent' retrieved from /mnt/c/Users/Pato_/OneDrive/Documentos/ITBA/PYTHON_DATA_APP/itba/lib/python3.10/site-packages/airflow/example_dags/example_external_task_marker_dag.py
[2024-10-20T19:30:10.937-0300] {logging_mixin.py:190} INFO - [2024-10-20T19:30:10.936-0300] {dag.py:3239} INFO - Sync 2 DAGs
[2024-10-20T19:30:10.945-0300] {logging_mixin.py:190} INFO - [2024-10-20T19:30:10.945-0300] {dag.py:4180} INFO - Setting next_dagrun for example_external_task_marker_child to None, run_after=None
[2024-10-20T19:30:10.949-0300] {logging_mixin.py:190} INFO - [2024-10-20T19:30:10.948-0300] {dag.py:4180} INFO - Setting next_dagrun for example_external_task_marker_parent to None, run_after=None
[2024-10-20T19:30:10.976-0300] {processor.py:208} INFO - Processing /mnt/c/Users/Pato_/OneDrive/Documentos/ITBA/PYTHON_DATA_APP/itba/lib/python3.10/site-packages/airflow/example_dags/example_external_task_marker_dag.py took 0.107 seconds
[2024-10-20T19:31:16.725-0300] {processor.py:186} INFO - Started process (PID=316720) to work on /mnt/c/Users/Pato_/OneDrive/Documentos/ITBA/PYTHON_DATA_APP/itba/lib/python3.10/site-packages/airflow/example_dags/example_external_task_marker_dag.py
[2024-10-20T19:31:16.726-0300] {processor.py:914} INFO - Processing file /mnt/c/Users/Pato_/OneDrive/Documentos/ITBA/PYTHON_DATA_APP/itba/lib/python3.10/site-packages/airflow/example_dags/example_external_task_marker_dag.py for tasks to queue
[2024-10-20T19:31:16.728-0300] {logging_mixin.py:190} INFO - [2024-10-20T19:31:16.727-0300] {dagbag.py:588} INFO - Filling up the DagBag from /mnt/c/Users/Pato_/OneDrive/Documentos/ITBA/PYTHON_DATA_APP/itba/lib/python3.10/site-packages/airflow/example_dags/example_external_task_marker_dag.py
[2024-10-20T19:31:16.772-0300] {processor.py:925} INFO - DAG(s) 'example_external_task_marker_parent', 'example_external_task_marker_child' retrieved from /mnt/c/Users/Pato_/OneDrive/Documentos/ITBA/PYTHON_DATA_APP/itba/lib/python3.10/site-packages/airflow/example_dags/example_external_task_marker_dag.py
[2024-10-20T19:31:16.791-0300] {logging_mixin.py:190} INFO - [2024-10-20T19:31:16.791-0300] {dag.py:3239} INFO - Sync 2 DAGs
[2024-10-20T19:31:16.801-0300] {logging_mixin.py:190} INFO - [2024-10-20T19:31:16.801-0300] {dag.py:4180} INFO - Setting next_dagrun for example_external_task_marker_child to None, run_after=None
[2024-10-20T19:31:16.805-0300] {logging_mixin.py:190} INFO - [2024-10-20T19:31:16.804-0300] {dag.py:4180} INFO - Setting next_dagrun for example_external_task_marker_parent to None, run_after=None
[2024-10-20T19:31:16.838-0300] {processor.py:208} INFO - Processing /mnt/c/Users/Pato_/OneDrive/Documentos/ITBA/PYTHON_DATA_APP/itba/lib/python3.10/site-packages/airflow/example_dags/example_external_task_marker_dag.py took 0.121 seconds
[2024-10-20T19:32:27.100-0300] {processor.py:186} INFO - Started process (PID=317264) to work on /mnt/c/Users/Pato_/OneDrive/Documentos/ITBA/PYTHON_DATA_APP/itba/lib/python3.10/site-packages/airflow/example_dags/example_external_task_marker_dag.py
[2024-10-20T19:32:27.101-0300] {processor.py:914} INFO - Processing file /mnt/c/Users/Pato_/OneDrive/Documentos/ITBA/PYTHON_DATA_APP/itba/lib/python3.10/site-packages/airflow/example_dags/example_external_task_marker_dag.py for tasks to queue
[2024-10-20T19:32:27.103-0300] {logging_mixin.py:190} INFO - [2024-10-20T19:32:27.102-0300] {dagbag.py:588} INFO - Filling up the DagBag from /mnt/c/Users/Pato_/OneDrive/Documentos/ITBA/PYTHON_DATA_APP/itba/lib/python3.10/site-packages/airflow/example_dags/example_external_task_marker_dag.py
[2024-10-20T19:32:27.143-0300] {processor.py:925} INFO - DAG(s) 'example_external_task_marker_child', 'example_external_task_marker_parent' retrieved from /mnt/c/Users/Pato_/OneDrive/Documentos/ITBA/PYTHON_DATA_APP/itba/lib/python3.10/site-packages/airflow/example_dags/example_external_task_marker_dag.py
[2024-10-20T19:32:27.161-0300] {logging_mixin.py:190} INFO - [2024-10-20T19:32:27.161-0300] {dag.py:3239} INFO - Sync 2 DAGs
[2024-10-20T19:32:27.170-0300] {logging_mixin.py:190} INFO - [2024-10-20T19:32:27.170-0300] {dag.py:4180} INFO - Setting next_dagrun for example_external_task_marker_child to None, run_after=None
[2024-10-20T19:32:27.174-0300] {logging_mixin.py:190} INFO - [2024-10-20T19:32:27.173-0300] {dag.py:4180} INFO - Setting next_dagrun for example_external_task_marker_parent to None, run_after=None
[2024-10-20T19:32:27.203-0300] {processor.py:208} INFO - Processing /mnt/c/Users/Pato_/OneDrive/Documentos/ITBA/PYTHON_DATA_APP/itba/lib/python3.10/site-packages/airflow/example_dags/example_external_task_marker_dag.py took 0.110 seconds
[2024-10-20T19:33:33.446-0300] {processor.py:186} INFO - Started process (PID=317922) to work on /mnt/c/Users/Pato_/OneDrive/Documentos/ITBA/PYTHON_DATA_APP/itba/lib/python3.10/site-packages/airflow/example_dags/example_external_task_marker_dag.py
[2024-10-20T19:33:33.447-0300] {processor.py:914} INFO - Processing file /mnt/c/Users/Pato_/OneDrive/Documentos/ITBA/PYTHON_DATA_APP/itba/lib/python3.10/site-packages/airflow/example_dags/example_external_task_marker_dag.py for tasks to queue
[2024-10-20T19:33:33.448-0300] {logging_mixin.py:190} INFO - [2024-10-20T19:33:33.448-0300] {dagbag.py:588} INFO - Filling up the DagBag from /mnt/c/Users/Pato_/OneDrive/Documentos/ITBA/PYTHON_DATA_APP/itba/lib/python3.10/site-packages/airflow/example_dags/example_external_task_marker_dag.py
[2024-10-20T19:33:33.488-0300] {processor.py:925} INFO - DAG(s) 'example_external_task_marker_parent', 'example_external_task_marker_child' retrieved from /mnt/c/Users/Pato_/OneDrive/Documentos/ITBA/PYTHON_DATA_APP/itba/lib/python3.10/site-packages/airflow/example_dags/example_external_task_marker_dag.py
[2024-10-20T19:33:33.505-0300] {logging_mixin.py:190} INFO - [2024-10-20T19:33:33.505-0300] {dag.py:3239} INFO - Sync 2 DAGs
[2024-10-20T19:33:33.514-0300] {logging_mixin.py:190} INFO - [2024-10-20T19:33:33.513-0300] {dag.py:4180} INFO - Setting next_dagrun for example_external_task_marker_child to None, run_after=None
[2024-10-20T19:33:33.517-0300] {logging_mixin.py:190} INFO - [2024-10-20T19:33:33.517-0300] {dag.py:4180} INFO - Setting next_dagrun for example_external_task_marker_parent to None, run_after=None
[2024-10-20T19:33:33.545-0300] {processor.py:208} INFO - Processing /mnt/c/Users/Pato_/OneDrive/Documentos/ITBA/PYTHON_DATA_APP/itba/lib/python3.10/site-packages/airflow/example_dags/example_external_task_marker_dag.py took 0.106 seconds
[2024-10-20T19:34:41.477-0300] {processor.py:186} INFO - Started process (PID=318626) to work on /mnt/c/Users/Pato_/OneDrive/Documentos/ITBA/PYTHON_DATA_APP/itba/lib/python3.10/site-packages/airflow/example_dags/example_external_task_marker_dag.py
[2024-10-20T19:34:41.478-0300] {processor.py:914} INFO - Processing file /mnt/c/Users/Pato_/OneDrive/Documentos/ITBA/PYTHON_DATA_APP/itba/lib/python3.10/site-packages/airflow/example_dags/example_external_task_marker_dag.py for tasks to queue
[2024-10-20T19:34:41.480-0300] {logging_mixin.py:190} INFO - [2024-10-20T19:34:41.480-0300] {dagbag.py:588} INFO - Filling up the DagBag from /mnt/c/Users/Pato_/OneDrive/Documentos/ITBA/PYTHON_DATA_APP/itba/lib/python3.10/site-packages/airflow/example_dags/example_external_task_marker_dag.py
[2024-10-20T19:34:41.520-0300] {processor.py:925} INFO - DAG(s) 'example_external_task_marker_parent', 'example_external_task_marker_child' retrieved from /mnt/c/Users/Pato_/OneDrive/Documentos/ITBA/PYTHON_DATA_APP/itba/lib/python3.10/site-packages/airflow/example_dags/example_external_task_marker_dag.py
[2024-10-20T19:34:41.537-0300] {logging_mixin.py:190} INFO - [2024-10-20T19:34:41.537-0300] {dag.py:3239} INFO - Sync 2 DAGs
[2024-10-20T19:34:41.546-0300] {logging_mixin.py:190} INFO - [2024-10-20T19:34:41.546-0300] {dag.py:4180} INFO - Setting next_dagrun for example_external_task_marker_child to None, run_after=None
[2024-10-20T19:34:41.549-0300] {logging_mixin.py:190} INFO - [2024-10-20T19:34:41.549-0300] {dag.py:4180} INFO - Setting next_dagrun for example_external_task_marker_parent to None, run_after=None
[2024-10-20T19:34:41.578-0300] {processor.py:208} INFO - Processing /mnt/c/Users/Pato_/OneDrive/Documentos/ITBA/PYTHON_DATA_APP/itba/lib/python3.10/site-packages/airflow/example_dags/example_external_task_marker_dag.py took 0.107 seconds
[2024-10-20T19:35:49.183-0300] {processor.py:186} INFO - Started process (PID=319273) to work on /mnt/c/Users/Pato_/OneDrive/Documentos/ITBA/PYTHON_DATA_APP/itba/lib/python3.10/site-packages/airflow/example_dags/example_external_task_marker_dag.py
[2024-10-20T19:35:49.184-0300] {processor.py:914} INFO - Processing file /mnt/c/Users/Pato_/OneDrive/Documentos/ITBA/PYTHON_DATA_APP/itba/lib/python3.10/site-packages/airflow/example_dags/example_external_task_marker_dag.py for tasks to queue
[2024-10-20T19:35:49.186-0300] {logging_mixin.py:190} INFO - [2024-10-20T19:35:49.186-0300] {dagbag.py:588} INFO - Filling up the DagBag from /mnt/c/Users/Pato_/OneDrive/Documentos/ITBA/PYTHON_DATA_APP/itba/lib/python3.10/site-packages/airflow/example_dags/example_external_task_marker_dag.py
[2024-10-20T19:35:49.227-0300] {processor.py:925} INFO - DAG(s) 'example_external_task_marker_child', 'example_external_task_marker_parent' retrieved from /mnt/c/Users/Pato_/OneDrive/Documentos/ITBA/PYTHON_DATA_APP/itba/lib/python3.10/site-packages/airflow/example_dags/example_external_task_marker_dag.py
[2024-10-20T19:35:49.244-0300] {logging_mixin.py:190} INFO - [2024-10-20T19:35:49.244-0300] {dag.py:3239} INFO - Sync 2 DAGs
[2024-10-20T19:35:49.253-0300] {logging_mixin.py:190} INFO - [2024-10-20T19:35:49.252-0300] {dag.py:4180} INFO - Setting next_dagrun for example_external_task_marker_child to None, run_after=None
[2024-10-20T19:35:49.256-0300] {logging_mixin.py:190} INFO - [2024-10-20T19:35:49.256-0300] {dag.py:4180} INFO - Setting next_dagrun for example_external_task_marker_parent to None, run_after=None
[2024-10-20T19:35:49.284-0300] {processor.py:208} INFO - Processing /mnt/c/Users/Pato_/OneDrive/Documentos/ITBA/PYTHON_DATA_APP/itba/lib/python3.10/site-packages/airflow/example_dags/example_external_task_marker_dag.py took 0.109 seconds
[2024-10-20T19:36:59.900-0300] {processor.py:186} INFO - Started process (PID=319818) to work on /mnt/c/Users/Pato_/OneDrive/Documentos/ITBA/PYTHON_DATA_APP/itba/lib/python3.10/site-packages/airflow/example_dags/example_external_task_marker_dag.py
[2024-10-20T19:36:59.901-0300] {processor.py:914} INFO - Processing file /mnt/c/Users/Pato_/OneDrive/Documentos/ITBA/PYTHON_DATA_APP/itba/lib/python3.10/site-packages/airflow/example_dags/example_external_task_marker_dag.py for tasks to queue
[2024-10-20T19:36:59.903-0300] {logging_mixin.py:190} INFO - [2024-10-20T19:36:59.902-0300] {dagbag.py:588} INFO - Filling up the DagBag from /mnt/c/Users/Pato_/OneDrive/Documentos/ITBA/PYTHON_DATA_APP/itba/lib/python3.10/site-packages/airflow/example_dags/example_external_task_marker_dag.py
[2024-10-20T19:36:59.941-0300] {processor.py:925} INFO - DAG(s) 'example_external_task_marker_child', 'example_external_task_marker_parent' retrieved from /mnt/c/Users/Pato_/OneDrive/Documentos/ITBA/PYTHON_DATA_APP/itba/lib/python3.10/site-packages/airflow/example_dags/example_external_task_marker_dag.py
[2024-10-20T19:36:59.958-0300] {logging_mixin.py:190} INFO - [2024-10-20T19:36:59.957-0300] {dag.py:3239} INFO - Sync 2 DAGs
[2024-10-20T19:36:59.966-0300] {logging_mixin.py:190} INFO - [2024-10-20T19:36:59.966-0300] {dag.py:4180} INFO - Setting next_dagrun for example_external_task_marker_child to None, run_after=None
[2024-10-20T19:36:59.969-0300] {logging_mixin.py:190} INFO - [2024-10-20T19:36:59.969-0300] {dag.py:4180} INFO - Setting next_dagrun for example_external_task_marker_parent to None, run_after=None
[2024-10-20T19:36:59.999-0300] {processor.py:208} INFO - Processing /mnt/c/Users/Pato_/OneDrive/Documentos/ITBA/PYTHON_DATA_APP/itba/lib/python3.10/site-packages/airflow/example_dags/example_external_task_marker_dag.py took 0.105 seconds
[2024-10-20T19:38:05.880-0300] {processor.py:186} INFO - Started process (PID=320337) to work on /mnt/c/Users/Pato_/OneDrive/Documentos/ITBA/PYTHON_DATA_APP/itba/lib/python3.10/site-packages/airflow/example_dags/example_external_task_marker_dag.py
[2024-10-20T19:38:05.881-0300] {processor.py:914} INFO - Processing file /mnt/c/Users/Pato_/OneDrive/Documentos/ITBA/PYTHON_DATA_APP/itba/lib/python3.10/site-packages/airflow/example_dags/example_external_task_marker_dag.py for tasks to queue
[2024-10-20T19:38:05.883-0300] {logging_mixin.py:190} INFO - [2024-10-20T19:38:05.882-0300] {dagbag.py:588} INFO - Filling up the DagBag from /mnt/c/Users/Pato_/OneDrive/Documentos/ITBA/PYTHON_DATA_APP/itba/lib/python3.10/site-packages/airflow/example_dags/example_external_task_marker_dag.py
[2024-10-20T19:38:05.923-0300] {processor.py:925} INFO - DAG(s) 'example_external_task_marker_child', 'example_external_task_marker_parent' retrieved from /mnt/c/Users/Pato_/OneDrive/Documentos/ITBA/PYTHON_DATA_APP/itba/lib/python3.10/site-packages/airflow/example_dags/example_external_task_marker_dag.py
[2024-10-20T19:38:05.940-0300] {logging_mixin.py:190} INFO - [2024-10-20T19:38:05.940-0300] {dag.py:3239} INFO - Sync 2 DAGs
[2024-10-20T19:38:05.949-0300] {logging_mixin.py:190} INFO - [2024-10-20T19:38:05.948-0300] {dag.py:4180} INFO - Setting next_dagrun for example_external_task_marker_child to None, run_after=None
[2024-10-20T19:38:05.952-0300] {logging_mixin.py:190} INFO - [2024-10-20T19:38:05.952-0300] {dag.py:4180} INFO - Setting next_dagrun for example_external_task_marker_parent to None, run_after=None
[2024-10-20T19:38:05.980-0300] {processor.py:208} INFO - Processing /mnt/c/Users/Pato_/OneDrive/Documentos/ITBA/PYTHON_DATA_APP/itba/lib/python3.10/site-packages/airflow/example_dags/example_external_task_marker_dag.py took 0.107 seconds
[2024-10-20T19:39:11.474-0300] {processor.py:186} INFO - Started process (PID=320849) to work on /mnt/c/Users/Pato_/OneDrive/Documentos/ITBA/PYTHON_DATA_APP/itba/lib/python3.10/site-packages/airflow/example_dags/example_external_task_marker_dag.py
[2024-10-20T19:39:11.476-0300] {processor.py:914} INFO - Processing file /mnt/c/Users/Pato_/OneDrive/Documentos/ITBA/PYTHON_DATA_APP/itba/lib/python3.10/site-packages/airflow/example_dags/example_external_task_marker_dag.py for tasks to queue
[2024-10-20T19:39:11.478-0300] {logging_mixin.py:190} INFO - [2024-10-20T19:39:11.477-0300] {dagbag.py:588} INFO - Filling up the DagBag from /mnt/c/Users/Pato_/OneDrive/Documentos/ITBA/PYTHON_DATA_APP/itba/lib/python3.10/site-packages/airflow/example_dags/example_external_task_marker_dag.py
[2024-10-20T19:39:11.521-0300] {processor.py:925} INFO - DAG(s) 'example_external_task_marker_parent', 'example_external_task_marker_child' retrieved from /mnt/c/Users/Pato_/OneDrive/Documentos/ITBA/PYTHON_DATA_APP/itba/lib/python3.10/site-packages/airflow/example_dags/example_external_task_marker_dag.py
[2024-10-20T19:39:11.541-0300] {logging_mixin.py:190} INFO - [2024-10-20T19:39:11.540-0300] {dag.py:3239} INFO - Sync 2 DAGs
[2024-10-20T19:39:11.551-0300] {logging_mixin.py:190} INFO - [2024-10-20T19:39:11.550-0300] {dag.py:4180} INFO - Setting next_dagrun for example_external_task_marker_child to None, run_after=None
[2024-10-20T19:39:11.555-0300] {logging_mixin.py:190} INFO - [2024-10-20T19:39:11.554-0300] {dag.py:4180} INFO - Setting next_dagrun for example_external_task_marker_parent to None, run_after=None
[2024-10-20T19:39:11.584-0300] {processor.py:208} INFO - Processing /mnt/c/Users/Pato_/OneDrive/Documentos/ITBA/PYTHON_DATA_APP/itba/lib/python3.10/site-packages/airflow/example_dags/example_external_task_marker_dag.py took 0.118 seconds
[2024-10-20T19:40:18.253-0300] {processor.py:186} INFO - Started process (PID=321639) to work on /mnt/c/Users/Pato_/OneDrive/Documentos/ITBA/PYTHON_DATA_APP/itba/lib/python3.10/site-packages/airflow/example_dags/example_external_task_marker_dag.py
[2024-10-20T19:40:18.254-0300] {processor.py:914} INFO - Processing file /mnt/c/Users/Pato_/OneDrive/Documentos/ITBA/PYTHON_DATA_APP/itba/lib/python3.10/site-packages/airflow/example_dags/example_external_task_marker_dag.py for tasks to queue
[2024-10-20T19:40:18.256-0300] {logging_mixin.py:190} INFO - [2024-10-20T19:40:18.255-0300] {dagbag.py:588} INFO - Filling up the DagBag from /mnt/c/Users/Pato_/OneDrive/Documentos/ITBA/PYTHON_DATA_APP/itba/lib/python3.10/site-packages/airflow/example_dags/example_external_task_marker_dag.py
[2024-10-20T19:40:18.298-0300] {processor.py:925} INFO - DAG(s) 'example_external_task_marker_parent', 'example_external_task_marker_child' retrieved from /mnt/c/Users/Pato_/OneDrive/Documentos/ITBA/PYTHON_DATA_APP/itba/lib/python3.10/site-packages/airflow/example_dags/example_external_task_marker_dag.py
[2024-10-20T19:40:18.319-0300] {logging_mixin.py:190} INFO - [2024-10-20T19:40:18.318-0300] {dag.py:3239} INFO - Sync 2 DAGs
[2024-10-20T19:40:18.330-0300] {logging_mixin.py:190} INFO - [2024-10-20T19:40:18.329-0300] {dag.py:4180} INFO - Setting next_dagrun for example_external_task_marker_child to None, run_after=None
[2024-10-20T19:40:18.333-0300] {logging_mixin.py:190} INFO - [2024-10-20T19:40:18.333-0300] {dag.py:4180} INFO - Setting next_dagrun for example_external_task_marker_parent to None, run_after=None
[2024-10-20T19:40:18.365-0300] {processor.py:208} INFO - Processing /mnt/c/Users/Pato_/OneDrive/Documentos/ITBA/PYTHON_DATA_APP/itba/lib/python3.10/site-packages/airflow/example_dags/example_external_task_marker_dag.py took 0.119 seconds
[2024-10-20T19:41:25.460-0300] {processor.py:186} INFO - Started process (PID=322281) to work on /mnt/c/Users/Pato_/OneDrive/Documentos/ITBA/PYTHON_DATA_APP/itba/lib/python3.10/site-packages/airflow/example_dags/example_external_task_marker_dag.py
[2024-10-20T19:41:25.461-0300] {processor.py:914} INFO - Processing file /mnt/c/Users/Pato_/OneDrive/Documentos/ITBA/PYTHON_DATA_APP/itba/lib/python3.10/site-packages/airflow/example_dags/example_external_task_marker_dag.py for tasks to queue
[2024-10-20T19:41:25.463-0300] {logging_mixin.py:190} INFO - [2024-10-20T19:41:25.462-0300] {dagbag.py:588} INFO - Filling up the DagBag from /mnt/c/Users/Pato_/OneDrive/Documentos/ITBA/PYTHON_DATA_APP/itba/lib/python3.10/site-packages/airflow/example_dags/example_external_task_marker_dag.py
[2024-10-20T19:41:25.501-0300] {processor.py:925} INFO - DAG(s) 'example_external_task_marker_parent', 'example_external_task_marker_child' retrieved from /mnt/c/Users/Pato_/OneDrive/Documentos/ITBA/PYTHON_DATA_APP/itba/lib/python3.10/site-packages/airflow/example_dags/example_external_task_marker_dag.py
[2024-10-20T19:41:25.518-0300] {logging_mixin.py:190} INFO - [2024-10-20T19:41:25.518-0300] {dag.py:3239} INFO - Sync 2 DAGs
[2024-10-20T19:41:25.527-0300] {logging_mixin.py:190} INFO - [2024-10-20T19:41:25.526-0300] {dag.py:4180} INFO - Setting next_dagrun for example_external_task_marker_child to None, run_after=None
[2024-10-20T19:41:25.530-0300] {logging_mixin.py:190} INFO - [2024-10-20T19:41:25.530-0300] {dag.py:4180} INFO - Setting next_dagrun for example_external_task_marker_parent to None, run_after=None
[2024-10-20T19:41:25.557-0300] {processor.py:208} INFO - Processing /mnt/c/Users/Pato_/OneDrive/Documentos/ITBA/PYTHON_DATA_APP/itba/lib/python3.10/site-packages/airflow/example_dags/example_external_task_marker_dag.py took 0.105 seconds
