[2024-10-20T19:00:35.004-0300] {processor.py:186} INFO - Started process (PID=298771) to work on /mnt/c/Users/Pato_/OneDrive/Documentos/ITBA/PYTHON_DATA_APP/itba/lib/python3.10/site-packages/airflow/example_dags/example_sensors.py
[2024-10-20T19:00:35.005-0300] {processor.py:914} INFO - Processing file /mnt/c/Users/Pato_/OneDrive/Documentos/ITBA/PYTHON_DATA_APP/itba/lib/python3.10/site-packages/airflow/example_dags/example_sensors.py for tasks to queue
[2024-10-20T19:00:35.007-0300] {logging_mixin.py:190} INFO - [2024-10-20T19:00:35.006-0300] {dagbag.py:588} INFO - Filling up the DagBag from /mnt/c/Users/Pato_/OneDrive/Documentos/ITBA/PYTHON_DATA_APP/itba/lib/python3.10/site-packages/airflow/example_dags/example_sensors.py
[2024-10-20T19:00:35.048-0300] {processor.py:925} INFO - DAG(s) 'example_sensors' retrieved from /mnt/c/Users/Pato_/OneDrive/Documentos/ITBA/PYTHON_DATA_APP/itba/lib/python3.10/site-packages/airflow/example_dags/example_sensors.py
[2024-10-20T19:00:35.807-0300] {logging_mixin.py:190} INFO - [2024-10-20T19:00:35.806-0300] {override.py:1907} INFO - Created Permission View: can read on DAG:example_sensors
[2024-10-20T19:00:35.826-0300] {logging_mixin.py:190} INFO - [2024-10-20T19:00:35.825-0300] {override.py:1907} INFO - Created Permission View: can delete on DAG:example_sensors
[2024-10-20T19:00:35.844-0300] {logging_mixin.py:190} INFO - [2024-10-20T19:00:35.844-0300] {override.py:1907} INFO - Created Permission View: can edit on DAG:example_sensors
[2024-10-20T19:00:35.873-0300] {logging_mixin.py:190} INFO - [2024-10-20T19:00:35.872-0300] {override.py:1907} INFO - Created Permission View: can read on DAG Run:example_sensors
[2024-10-20T19:00:35.898-0300] {logging_mixin.py:190} INFO - [2024-10-20T19:00:35.897-0300] {override.py:1907} INFO - Created Permission View: can delete on DAG Run:example_sensors
[2024-10-20T19:00:35.916-0300] {logging_mixin.py:190} INFO - [2024-10-20T19:00:35.915-0300] {override.py:1907} INFO - Created Permission View: can create on DAG Run:example_sensors
[2024-10-20T19:00:35.933-0300] {logging_mixin.py:190} INFO - [2024-10-20T19:00:35.933-0300] {override.py:1907} INFO - Created Permission View: menu access on DAG Run:example_sensors
[2024-10-20T19:00:35.935-0300] {logging_mixin.py:190} INFO - [2024-10-20T19:00:35.934-0300] {dag.py:3239} INFO - Sync 1 DAGs
[2024-10-20T19:00:35.945-0300] {logging_mixin.py:190} INFO - [2024-10-20T19:00:35.944-0300] {dag.py:3262} INFO - Creating ORM DAG for example_sensors
[2024-10-20T19:00:35.946-0300] {logging_mixin.py:190} INFO - [2024-10-20T19:00:35.946-0300] {dag.py:4180} INFO - Setting next_dagrun for example_sensors to None, run_after=None
[2024-10-20T19:00:35.978-0300] {processor.py:208} INFO - Processing /mnt/c/Users/Pato_/OneDrive/Documentos/ITBA/PYTHON_DATA_APP/itba/lib/python3.10/site-packages/airflow/example_dags/example_sensors.py took 0.981 seconds
[2024-10-20T19:02:49.027-0300] {processor.py:186} INFO - Started process (PID=299961) to work on /mnt/c/Users/Pato_/OneDrive/Documentos/ITBA/PYTHON_DATA_APP/itba/lib/python3.10/site-packages/airflow/example_dags/example_sensors.py
[2024-10-20T19:02:49.028-0300] {processor.py:914} INFO - Processing file /mnt/c/Users/Pato_/OneDrive/Documentos/ITBA/PYTHON_DATA_APP/itba/lib/python3.10/site-packages/airflow/example_dags/example_sensors.py for tasks to queue
[2024-10-20T19:02:49.030-0300] {logging_mixin.py:190} INFO - [2024-10-20T19:02:49.029-0300] {dagbag.py:588} INFO - Filling up the DagBag from /mnt/c/Users/Pato_/OneDrive/Documentos/ITBA/PYTHON_DATA_APP/itba/lib/python3.10/site-packages/airflow/example_dags/example_sensors.py
[2024-10-20T19:02:49.070-0300] {processor.py:925} INFO - DAG(s) 'example_sensors' retrieved from /mnt/c/Users/Pato_/OneDrive/Documentos/ITBA/PYTHON_DATA_APP/itba/lib/python3.10/site-packages/airflow/example_dags/example_sensors.py
[2024-10-20T19:02:49.087-0300] {logging_mixin.py:190} INFO - [2024-10-20T19:02:49.087-0300] {dag.py:3239} INFO - Sync 1 DAGs
[2024-10-20T19:02:49.095-0300] {logging_mixin.py:190} INFO - [2024-10-20T19:02:49.095-0300] {dag.py:4180} INFO - Setting next_dagrun for example_sensors to None, run_after=None
[2024-10-20T19:02:49.124-0300] {processor.py:208} INFO - Processing /mnt/c/Users/Pato_/OneDrive/Documentos/ITBA/PYTHON_DATA_APP/itba/lib/python3.10/site-packages/airflow/example_dags/example_sensors.py took 0.104 seconds
[2024-10-20T19:03:57.332-0300] {processor.py:186} INFO - Started process (PID=300504) to work on /mnt/c/Users/Pato_/OneDrive/Documentos/ITBA/PYTHON_DATA_APP/itba/lib/python3.10/site-packages/airflow/example_dags/example_sensors.py
[2024-10-20T19:03:57.333-0300] {processor.py:914} INFO - Processing file /mnt/c/Users/Pato_/OneDrive/Documentos/ITBA/PYTHON_DATA_APP/itba/lib/python3.10/site-packages/airflow/example_dags/example_sensors.py for tasks to queue
[2024-10-20T19:03:57.336-0300] {logging_mixin.py:190} INFO - [2024-10-20T19:03:57.335-0300] {dagbag.py:588} INFO - Filling up the DagBag from /mnt/c/Users/Pato_/OneDrive/Documentos/ITBA/PYTHON_DATA_APP/itba/lib/python3.10/site-packages/airflow/example_dags/example_sensors.py
[2024-10-20T19:03:57.380-0300] {processor.py:925} INFO - DAG(s) 'example_sensors' retrieved from /mnt/c/Users/Pato_/OneDrive/Documentos/ITBA/PYTHON_DATA_APP/itba/lib/python3.10/site-packages/airflow/example_dags/example_sensors.py
[2024-10-20T19:03:57.400-0300] {logging_mixin.py:190} INFO - [2024-10-20T19:03:57.400-0300] {dag.py:3239} INFO - Sync 1 DAGs
[2024-10-20T19:03:57.409-0300] {logging_mixin.py:190} INFO - [2024-10-20T19:03:57.409-0300] {dag.py:4180} INFO - Setting next_dagrun for example_sensors to None, run_after=None
[2024-10-20T19:03:57.442-0300] {processor.py:208} INFO - Processing /mnt/c/Users/Pato_/OneDrive/Documentos/ITBA/PYTHON_DATA_APP/itba/lib/python3.10/site-packages/airflow/example_dags/example_sensors.py took 0.117 seconds
[2024-10-20T19:05:08.998-0300] {processor.py:186} INFO - Started process (PID=301311) to work on /mnt/c/Users/Pato_/OneDrive/Documentos/ITBA/PYTHON_DATA_APP/itba/lib/python3.10/site-packages/airflow/example_dags/example_sensors.py
[2024-10-20T19:05:08.999-0300] {processor.py:914} INFO - Processing file /mnt/c/Users/Pato_/OneDrive/Documentos/ITBA/PYTHON_DATA_APP/itba/lib/python3.10/site-packages/airflow/example_dags/example_sensors.py for tasks to queue
[2024-10-20T19:05:09.001-0300] {logging_mixin.py:190} INFO - [2024-10-20T19:05:09.001-0300] {dagbag.py:588} INFO - Filling up the DagBag from /mnt/c/Users/Pato_/OneDrive/Documentos/ITBA/PYTHON_DATA_APP/itba/lib/python3.10/site-packages/airflow/example_dags/example_sensors.py
[2024-10-20T19:05:09.043-0300] {processor.py:925} INFO - DAG(s) 'example_sensors' retrieved from /mnt/c/Users/Pato_/OneDrive/Documentos/ITBA/PYTHON_DATA_APP/itba/lib/python3.10/site-packages/airflow/example_dags/example_sensors.py
[2024-10-20T19:05:09.061-0300] {logging_mixin.py:190} INFO - [2024-10-20T19:05:09.060-0300] {dag.py:3239} INFO - Sync 1 DAGs
[2024-10-20T19:05:09.069-0300] {logging_mixin.py:190} INFO - [2024-10-20T19:05:09.069-0300] {dag.py:4180} INFO - Setting next_dagrun for example_sensors to None, run_after=None
[2024-10-20T19:05:09.098-0300] {processor.py:208} INFO - Processing /mnt/c/Users/Pato_/OneDrive/Documentos/ITBA/PYTHON_DATA_APP/itba/lib/python3.10/site-packages/airflow/example_dags/example_sensors.py took 0.107 seconds
[2024-10-20T19:08:05.085-0300] {processor.py:186} INFO - Started process (PID=303613) to work on /mnt/c/Users/Pato_/OneDrive/Documentos/ITBA/PYTHON_DATA_APP/itba/lib/python3.10/site-packages/airflow/example_dags/example_sensors.py
[2024-10-20T19:08:05.086-0300] {processor.py:914} INFO - Processing file /mnt/c/Users/Pato_/OneDrive/Documentos/ITBA/PYTHON_DATA_APP/itba/lib/python3.10/site-packages/airflow/example_dags/example_sensors.py for tasks to queue
[2024-10-20T19:08:05.088-0300] {logging_mixin.py:190} INFO - [2024-10-20T19:08:05.088-0300] {dagbag.py:588} INFO - Filling up the DagBag from /mnt/c/Users/Pato_/OneDrive/Documentos/ITBA/PYTHON_DATA_APP/itba/lib/python3.10/site-packages/airflow/example_dags/example_sensors.py
[2024-10-20T19:08:05.129-0300] {processor.py:925} INFO - DAG(s) 'example_sensors' retrieved from /mnt/c/Users/Pato_/OneDrive/Documentos/ITBA/PYTHON_DATA_APP/itba/lib/python3.10/site-packages/airflow/example_dags/example_sensors.py
[2024-10-20T19:08:05.147-0300] {logging_mixin.py:190} INFO - [2024-10-20T19:08:05.147-0300] {dag.py:3239} INFO - Sync 1 DAGs
[2024-10-20T19:08:05.155-0300] {logging_mixin.py:190} INFO - [2024-10-20T19:08:05.155-0300] {dag.py:4180} INFO - Setting next_dagrun for example_sensors to None, run_after=None
[2024-10-20T19:08:05.184-0300] {processor.py:208} INFO - Processing /mnt/c/Users/Pato_/OneDrive/Documentos/ITBA/PYTHON_DATA_APP/itba/lib/python3.10/site-packages/airflow/example_dags/example_sensors.py took 0.105 seconds
[2024-10-20T19:09:12.443-0300] {processor.py:186} INFO - Started process (PID=304201) to work on /mnt/c/Users/Pato_/OneDrive/Documentos/ITBA/PYTHON_DATA_APP/itba/lib/python3.10/site-packages/airflow/example_dags/example_sensors.py
[2024-10-20T19:09:12.444-0300] {processor.py:914} INFO - Processing file /mnt/c/Users/Pato_/OneDrive/Documentos/ITBA/PYTHON_DATA_APP/itba/lib/python3.10/site-packages/airflow/example_dags/example_sensors.py for tasks to queue
[2024-10-20T19:09:12.446-0300] {logging_mixin.py:190} INFO - [2024-10-20T19:09:12.445-0300] {dagbag.py:588} INFO - Filling up the DagBag from /mnt/c/Users/Pato_/OneDrive/Documentos/ITBA/PYTHON_DATA_APP/itba/lib/python3.10/site-packages/airflow/example_dags/example_sensors.py
[2024-10-20T19:09:12.487-0300] {processor.py:925} INFO - DAG(s) 'example_sensors' retrieved from /mnt/c/Users/Pato_/OneDrive/Documentos/ITBA/PYTHON_DATA_APP/itba/lib/python3.10/site-packages/airflow/example_dags/example_sensors.py
[2024-10-20T19:09:12.505-0300] {logging_mixin.py:190} INFO - [2024-10-20T19:09:12.505-0300] {dag.py:3239} INFO - Sync 1 DAGs
[2024-10-20T19:09:12.513-0300] {logging_mixin.py:190} INFO - [2024-10-20T19:09:12.513-0300] {dag.py:4180} INFO - Setting next_dagrun for example_sensors to None, run_after=None
[2024-10-20T19:09:12.543-0300] {processor.py:208} INFO - Processing /mnt/c/Users/Pato_/OneDrive/Documentos/ITBA/PYTHON_DATA_APP/itba/lib/python3.10/site-packages/airflow/example_dags/example_sensors.py took 0.107 seconds
[2024-10-20T19:10:17.268-0300] {processor.py:186} INFO - Started process (PID=304735) to work on /mnt/c/Users/Pato_/OneDrive/Documentos/ITBA/PYTHON_DATA_APP/itba/lib/python3.10/site-packages/airflow/example_dags/example_sensors.py
[2024-10-20T19:10:17.269-0300] {processor.py:914} INFO - Processing file /mnt/c/Users/Pato_/OneDrive/Documentos/ITBA/PYTHON_DATA_APP/itba/lib/python3.10/site-packages/airflow/example_dags/example_sensors.py for tasks to queue
[2024-10-20T19:10:17.271-0300] {logging_mixin.py:190} INFO - [2024-10-20T19:10:17.271-0300] {dagbag.py:588} INFO - Filling up the DagBag from /mnt/c/Users/Pato_/OneDrive/Documentos/ITBA/PYTHON_DATA_APP/itba/lib/python3.10/site-packages/airflow/example_dags/example_sensors.py
[2024-10-20T19:10:17.312-0300] {processor.py:925} INFO - DAG(s) 'example_sensors' retrieved from /mnt/c/Users/Pato_/OneDrive/Documentos/ITBA/PYTHON_DATA_APP/itba/lib/python3.10/site-packages/airflow/example_dags/example_sensors.py
[2024-10-20T19:10:17.330-0300] {logging_mixin.py:190} INFO - [2024-10-20T19:10:17.329-0300] {dag.py:3239} INFO - Sync 1 DAGs
[2024-10-20T19:10:17.339-0300] {logging_mixin.py:190} INFO - [2024-10-20T19:10:17.338-0300] {dag.py:4180} INFO - Setting next_dagrun for example_sensors to None, run_after=None
[2024-10-20T19:10:17.368-0300] {processor.py:208} INFO - Processing /mnt/c/Users/Pato_/OneDrive/Documentos/ITBA/PYTHON_DATA_APP/itba/lib/python3.10/site-packages/airflow/example_dags/example_sensors.py took 0.106 seconds
[2024-10-20T19:11:24.096-0300] {processor.py:186} INFO - Started process (PID=305259) to work on /mnt/c/Users/Pato_/OneDrive/Documentos/ITBA/PYTHON_DATA_APP/itba/lib/python3.10/site-packages/airflow/example_dags/example_sensors.py
[2024-10-20T19:11:24.097-0300] {processor.py:914} INFO - Processing file /mnt/c/Users/Pato_/OneDrive/Documentos/ITBA/PYTHON_DATA_APP/itba/lib/python3.10/site-packages/airflow/example_dags/example_sensors.py for tasks to queue
[2024-10-20T19:11:24.099-0300] {logging_mixin.py:190} INFO - [2024-10-20T19:11:24.098-0300] {dagbag.py:588} INFO - Filling up the DagBag from /mnt/c/Users/Pato_/OneDrive/Documentos/ITBA/PYTHON_DATA_APP/itba/lib/python3.10/site-packages/airflow/example_dags/example_sensors.py
[2024-10-20T19:11:24.141-0300] {processor.py:925} INFO - DAG(s) 'example_sensors' retrieved from /mnt/c/Users/Pato_/OneDrive/Documentos/ITBA/PYTHON_DATA_APP/itba/lib/python3.10/site-packages/airflow/example_dags/example_sensors.py
[2024-10-20T19:11:24.159-0300] {logging_mixin.py:190} INFO - [2024-10-20T19:11:24.158-0300] {dag.py:3239} INFO - Sync 1 DAGs
[2024-10-20T19:11:24.167-0300] {logging_mixin.py:190} INFO - [2024-10-20T19:11:24.166-0300] {dag.py:4180} INFO - Setting next_dagrun for example_sensors to None, run_after=None
[2024-10-20T19:11:24.197-0300] {processor.py:208} INFO - Processing /mnt/c/Users/Pato_/OneDrive/Documentos/ITBA/PYTHON_DATA_APP/itba/lib/python3.10/site-packages/airflow/example_dags/example_sensors.py took 0.108 seconds
[2024-10-20T19:12:33.745-0300] {processor.py:186} INFO - Started process (PID=305800) to work on /mnt/c/Users/Pato_/OneDrive/Documentos/ITBA/PYTHON_DATA_APP/itba/lib/python3.10/site-packages/airflow/example_dags/example_sensors.py
[2024-10-20T19:12:33.746-0300] {processor.py:914} INFO - Processing file /mnt/c/Users/Pato_/OneDrive/Documentos/ITBA/PYTHON_DATA_APP/itba/lib/python3.10/site-packages/airflow/example_dags/example_sensors.py for tasks to queue
[2024-10-20T19:12:33.748-0300] {logging_mixin.py:190} INFO - [2024-10-20T19:12:33.747-0300] {dagbag.py:588} INFO - Filling up the DagBag from /mnt/c/Users/Pato_/OneDrive/Documentos/ITBA/PYTHON_DATA_APP/itba/lib/python3.10/site-packages/airflow/example_dags/example_sensors.py
[2024-10-20T19:12:33.789-0300] {processor.py:925} INFO - DAG(s) 'example_sensors' retrieved from /mnt/c/Users/Pato_/OneDrive/Documentos/ITBA/PYTHON_DATA_APP/itba/lib/python3.10/site-packages/airflow/example_dags/example_sensors.py
[2024-10-20T19:12:33.807-0300] {logging_mixin.py:190} INFO - [2024-10-20T19:12:33.806-0300] {dag.py:3239} INFO - Sync 1 DAGs
[2024-10-20T19:12:33.815-0300] {logging_mixin.py:190} INFO - [2024-10-20T19:12:33.815-0300] {dag.py:4180} INFO - Setting next_dagrun for example_sensors to None, run_after=None
[2024-10-20T19:12:33.845-0300] {processor.py:208} INFO - Processing /mnt/c/Users/Pato_/OneDrive/Documentos/ITBA/PYTHON_DATA_APP/itba/lib/python3.10/site-packages/airflow/example_dags/example_sensors.py took 0.107 seconds
[2024-10-20T19:13:36.182-0300] {processor.py:186} INFO - Started process (PID=306291) to work on /mnt/c/Users/Pato_/OneDrive/Documentos/ITBA/PYTHON_DATA_APP/itba/lib/python3.10/site-packages/airflow/example_dags/example_sensors.py
[2024-10-20T19:13:36.183-0300] {processor.py:914} INFO - Processing file /mnt/c/Users/Pato_/OneDrive/Documentos/ITBA/PYTHON_DATA_APP/itba/lib/python3.10/site-packages/airflow/example_dags/example_sensors.py for tasks to queue
[2024-10-20T19:13:36.185-0300] {logging_mixin.py:190} INFO - [2024-10-20T19:13:36.184-0300] {dagbag.py:588} INFO - Filling up the DagBag from /mnt/c/Users/Pato_/OneDrive/Documentos/ITBA/PYTHON_DATA_APP/itba/lib/python3.10/site-packages/airflow/example_dags/example_sensors.py
[2024-10-20T19:13:36.226-0300] {processor.py:925} INFO - DAG(s) 'example_sensors' retrieved from /mnt/c/Users/Pato_/OneDrive/Documentos/ITBA/PYTHON_DATA_APP/itba/lib/python3.10/site-packages/airflow/example_dags/example_sensors.py
[2024-10-20T19:13:36.246-0300] {logging_mixin.py:190} INFO - [2024-10-20T19:13:36.246-0300] {dag.py:3239} INFO - Sync 1 DAGs
[2024-10-20T19:13:36.256-0300] {logging_mixin.py:190} INFO - [2024-10-20T19:13:36.255-0300] {dag.py:4180} INFO - Setting next_dagrun for example_sensors to None, run_after=None
[2024-10-20T19:13:36.284-0300] {processor.py:208} INFO - Processing /mnt/c/Users/Pato_/OneDrive/Documentos/ITBA/PYTHON_DATA_APP/itba/lib/python3.10/site-packages/airflow/example_dags/example_sensors.py took 0.110 seconds
[2024-10-20T19:14:45.518-0300] {processor.py:186} INFO - Started process (PID=306831) to work on /mnt/c/Users/Pato_/OneDrive/Documentos/ITBA/PYTHON_DATA_APP/itba/lib/python3.10/site-packages/airflow/example_dags/example_sensors.py
[2024-10-20T19:14:45.519-0300] {processor.py:914} INFO - Processing file /mnt/c/Users/Pato_/OneDrive/Documentos/ITBA/PYTHON_DATA_APP/itba/lib/python3.10/site-packages/airflow/example_dags/example_sensors.py for tasks to queue
[2024-10-20T19:14:45.521-0300] {logging_mixin.py:190} INFO - [2024-10-20T19:14:45.521-0300] {dagbag.py:588} INFO - Filling up the DagBag from /mnt/c/Users/Pato_/OneDrive/Documentos/ITBA/PYTHON_DATA_APP/itba/lib/python3.10/site-packages/airflow/example_dags/example_sensors.py
[2024-10-20T19:14:45.563-0300] {processor.py:925} INFO - DAG(s) 'example_sensors' retrieved from /mnt/c/Users/Pato_/OneDrive/Documentos/ITBA/PYTHON_DATA_APP/itba/lib/python3.10/site-packages/airflow/example_dags/example_sensors.py
[2024-10-20T19:14:45.581-0300] {logging_mixin.py:190} INFO - [2024-10-20T19:14:45.580-0300] {dag.py:3239} INFO - Sync 1 DAGs
[2024-10-20T19:14:45.589-0300] {logging_mixin.py:190} INFO - [2024-10-20T19:14:45.589-0300] {dag.py:4180} INFO - Setting next_dagrun for example_sensors to None, run_after=None
[2024-10-20T19:14:45.618-0300] {processor.py:208} INFO - Processing /mnt/c/Users/Pato_/OneDrive/Documentos/ITBA/PYTHON_DATA_APP/itba/lib/python3.10/site-packages/airflow/example_dags/example_sensors.py took 0.107 seconds
[2024-10-20T19:15:53.611-0300] {processor.py:186} INFO - Started process (PID=307386) to work on /mnt/c/Users/Pato_/OneDrive/Documentos/ITBA/PYTHON_DATA_APP/itba/lib/python3.10/site-packages/airflow/example_dags/example_sensors.py
[2024-10-20T19:15:53.612-0300] {processor.py:914} INFO - Processing file /mnt/c/Users/Pato_/OneDrive/Documentos/ITBA/PYTHON_DATA_APP/itba/lib/python3.10/site-packages/airflow/example_dags/example_sensors.py for tasks to queue
[2024-10-20T19:15:53.614-0300] {logging_mixin.py:190} INFO - [2024-10-20T19:15:53.613-0300] {dagbag.py:588} INFO - Filling up the DagBag from /mnt/c/Users/Pato_/OneDrive/Documentos/ITBA/PYTHON_DATA_APP/itba/lib/python3.10/site-packages/airflow/example_dags/example_sensors.py
[2024-10-20T19:15:53.655-0300] {processor.py:925} INFO - DAG(s) 'example_sensors' retrieved from /mnt/c/Users/Pato_/OneDrive/Documentos/ITBA/PYTHON_DATA_APP/itba/lib/python3.10/site-packages/airflow/example_dags/example_sensors.py
[2024-10-20T19:15:53.672-0300] {logging_mixin.py:190} INFO - [2024-10-20T19:15:53.671-0300] {dag.py:3239} INFO - Sync 1 DAGs
[2024-10-20T19:15:53.680-0300] {logging_mixin.py:190} INFO - [2024-10-20T19:15:53.680-0300] {dag.py:4180} INFO - Setting next_dagrun for example_sensors to None, run_after=None
[2024-10-20T19:15:53.708-0300] {processor.py:208} INFO - Processing /mnt/c/Users/Pato_/OneDrive/Documentos/ITBA/PYTHON_DATA_APP/itba/lib/python3.10/site-packages/airflow/example_dags/example_sensors.py took 0.104 seconds
[2024-10-20T19:17:03.611-0300] {processor.py:186} INFO - Started process (PID=307938) to work on /mnt/c/Users/Pato_/OneDrive/Documentos/ITBA/PYTHON_DATA_APP/itba/lib/python3.10/site-packages/airflow/example_dags/example_sensors.py
[2024-10-20T19:17:03.611-0300] {processor.py:914} INFO - Processing file /mnt/c/Users/Pato_/OneDrive/Documentos/ITBA/PYTHON_DATA_APP/itba/lib/python3.10/site-packages/airflow/example_dags/example_sensors.py for tasks to queue
[2024-10-20T19:17:03.613-0300] {logging_mixin.py:190} INFO - [2024-10-20T19:17:03.613-0300] {dagbag.py:588} INFO - Filling up the DagBag from /mnt/c/Users/Pato_/OneDrive/Documentos/ITBA/PYTHON_DATA_APP/itba/lib/python3.10/site-packages/airflow/example_dags/example_sensors.py
[2024-10-20T19:17:03.655-0300] {processor.py:925} INFO - DAG(s) 'example_sensors' retrieved from /mnt/c/Users/Pato_/OneDrive/Documentos/ITBA/PYTHON_DATA_APP/itba/lib/python3.10/site-packages/airflow/example_dags/example_sensors.py
[2024-10-20T19:17:03.673-0300] {logging_mixin.py:190} INFO - [2024-10-20T19:17:03.672-0300] {dag.py:3239} INFO - Sync 1 DAGs
[2024-10-20T19:17:03.681-0300] {logging_mixin.py:190} INFO - [2024-10-20T19:17:03.681-0300] {dag.py:4180} INFO - Setting next_dagrun for example_sensors to None, run_after=None
[2024-10-20T19:17:03.710-0300] {processor.py:208} INFO - Processing /mnt/c/Users/Pato_/OneDrive/Documentos/ITBA/PYTHON_DATA_APP/itba/lib/python3.10/site-packages/airflow/example_dags/example_sensors.py took 0.107 seconds
[2024-10-20T19:18:19.539-0300] {processor.py:186} INFO - Started process (PID=308525) to work on /mnt/c/Users/Pato_/OneDrive/Documentos/ITBA/PYTHON_DATA_APP/itba/lib/python3.10/site-packages/airflow/example_dags/example_sensors.py
[2024-10-20T19:18:19.540-0300] {processor.py:914} INFO - Processing file /mnt/c/Users/Pato_/OneDrive/Documentos/ITBA/PYTHON_DATA_APP/itba/lib/python3.10/site-packages/airflow/example_dags/example_sensors.py for tasks to queue
[2024-10-20T19:18:19.542-0300] {logging_mixin.py:190} INFO - [2024-10-20T19:18:19.542-0300] {dagbag.py:588} INFO - Filling up the DagBag from /mnt/c/Users/Pato_/OneDrive/Documentos/ITBA/PYTHON_DATA_APP/itba/lib/python3.10/site-packages/airflow/example_dags/example_sensors.py
[2024-10-20T19:18:19.583-0300] {processor.py:925} INFO - DAG(s) 'example_sensors' retrieved from /mnt/c/Users/Pato_/OneDrive/Documentos/ITBA/PYTHON_DATA_APP/itba/lib/python3.10/site-packages/airflow/example_dags/example_sensors.py
[2024-10-20T19:18:19.600-0300] {logging_mixin.py:190} INFO - [2024-10-20T19:18:19.600-0300] {dag.py:3239} INFO - Sync 1 DAGs
[2024-10-20T19:18:19.609-0300] {logging_mixin.py:190} INFO - [2024-10-20T19:18:19.608-0300] {dag.py:4180} INFO - Setting next_dagrun for example_sensors to None, run_after=None
[2024-10-20T19:18:19.637-0300] {processor.py:208} INFO - Processing /mnt/c/Users/Pato_/OneDrive/Documentos/ITBA/PYTHON_DATA_APP/itba/lib/python3.10/site-packages/airflow/example_dags/example_sensors.py took 0.104 seconds
[2024-10-20T19:19:33.492-0300] {processor.py:186} INFO - Started process (PID=309103) to work on /mnt/c/Users/Pato_/OneDrive/Documentos/ITBA/PYTHON_DATA_APP/itba/lib/python3.10/site-packages/airflow/example_dags/example_sensors.py
[2024-10-20T19:19:33.493-0300] {processor.py:914} INFO - Processing file /mnt/c/Users/Pato_/OneDrive/Documentos/ITBA/PYTHON_DATA_APP/itba/lib/python3.10/site-packages/airflow/example_dags/example_sensors.py for tasks to queue
[2024-10-20T19:19:33.495-0300] {logging_mixin.py:190} INFO - [2024-10-20T19:19:33.495-0300] {dagbag.py:588} INFO - Filling up the DagBag from /mnt/c/Users/Pato_/OneDrive/Documentos/ITBA/PYTHON_DATA_APP/itba/lib/python3.10/site-packages/airflow/example_dags/example_sensors.py
[2024-10-20T19:19:33.536-0300] {processor.py:925} INFO - DAG(s) 'example_sensors' retrieved from /mnt/c/Users/Pato_/OneDrive/Documentos/ITBA/PYTHON_DATA_APP/itba/lib/python3.10/site-packages/airflow/example_dags/example_sensors.py
[2024-10-20T19:19:33.554-0300] {logging_mixin.py:190} INFO - [2024-10-20T19:19:33.554-0300] {dag.py:3239} INFO - Sync 1 DAGs
[2024-10-20T19:19:33.563-0300] {logging_mixin.py:190} INFO - [2024-10-20T19:19:33.562-0300] {dag.py:4180} INFO - Setting next_dagrun for example_sensors to None, run_after=None
[2024-10-20T19:19:33.592-0300] {processor.py:208} INFO - Processing /mnt/c/Users/Pato_/OneDrive/Documentos/ITBA/PYTHON_DATA_APP/itba/lib/python3.10/site-packages/airflow/example_dags/example_sensors.py took 0.106 seconds
[2024-10-20T19:20:37.827-0300] {processor.py:186} INFO - Started process (PID=309632) to work on /mnt/c/Users/Pato_/OneDrive/Documentos/ITBA/PYTHON_DATA_APP/itba/lib/python3.10/site-packages/airflow/example_dags/example_sensors.py
[2024-10-20T19:20:37.828-0300] {processor.py:914} INFO - Processing file /mnt/c/Users/Pato_/OneDrive/Documentos/ITBA/PYTHON_DATA_APP/itba/lib/python3.10/site-packages/airflow/example_dags/example_sensors.py for tasks to queue
[2024-10-20T19:20:37.830-0300] {logging_mixin.py:190} INFO - [2024-10-20T19:20:37.829-0300] {dagbag.py:588} INFO - Filling up the DagBag from /mnt/c/Users/Pato_/OneDrive/Documentos/ITBA/PYTHON_DATA_APP/itba/lib/python3.10/site-packages/airflow/example_dags/example_sensors.py
[2024-10-20T19:20:37.870-0300] {processor.py:925} INFO - DAG(s) 'example_sensors' retrieved from /mnt/c/Users/Pato_/OneDrive/Documentos/ITBA/PYTHON_DATA_APP/itba/lib/python3.10/site-packages/airflow/example_dags/example_sensors.py
[2024-10-20T19:20:37.887-0300] {logging_mixin.py:190} INFO - [2024-10-20T19:20:37.887-0300] {dag.py:3239} INFO - Sync 1 DAGs
[2024-10-20T19:20:37.896-0300] {logging_mixin.py:190} INFO - [2024-10-20T19:20:37.895-0300] {dag.py:4180} INFO - Setting next_dagrun for example_sensors to None, run_after=None
[2024-10-20T19:20:37.926-0300] {processor.py:208} INFO - Processing /mnt/c/Users/Pato_/OneDrive/Documentos/ITBA/PYTHON_DATA_APP/itba/lib/python3.10/site-packages/airflow/example_dags/example_sensors.py took 0.106 seconds
[2024-10-20T19:21:46.442-0300] {processor.py:186} INFO - Started process (PID=310234) to work on /mnt/c/Users/Pato_/OneDrive/Documentos/ITBA/PYTHON_DATA_APP/itba/lib/python3.10/site-packages/airflow/example_dags/example_sensors.py
[2024-10-20T19:21:46.443-0300] {processor.py:914} INFO - Processing file /mnt/c/Users/Pato_/OneDrive/Documentos/ITBA/PYTHON_DATA_APP/itba/lib/python3.10/site-packages/airflow/example_dags/example_sensors.py for tasks to queue
[2024-10-20T19:21:46.446-0300] {logging_mixin.py:190} INFO - [2024-10-20T19:21:46.445-0300] {dagbag.py:588} INFO - Filling up the DagBag from /mnt/c/Users/Pato_/OneDrive/Documentos/ITBA/PYTHON_DATA_APP/itba/lib/python3.10/site-packages/airflow/example_dags/example_sensors.py
[2024-10-20T19:21:46.488-0300] {processor.py:925} INFO - DAG(s) 'example_sensors' retrieved from /mnt/c/Users/Pato_/OneDrive/Documentos/ITBA/PYTHON_DATA_APP/itba/lib/python3.10/site-packages/airflow/example_dags/example_sensors.py
[2024-10-20T19:21:46.507-0300] {logging_mixin.py:190} INFO - [2024-10-20T19:21:46.506-0300] {dag.py:3239} INFO - Sync 1 DAGs
[2024-10-20T19:21:46.515-0300] {logging_mixin.py:190} INFO - [2024-10-20T19:21:46.515-0300] {dag.py:4180} INFO - Setting next_dagrun for example_sensors to None, run_after=None
[2024-10-20T19:21:46.545-0300] {processor.py:208} INFO - Processing /mnt/c/Users/Pato_/OneDrive/Documentos/ITBA/PYTHON_DATA_APP/itba/lib/python3.10/site-packages/airflow/example_dags/example_sensors.py took 0.111 seconds
[2024-10-20T19:22:53.346-0300] {processor.py:186} INFO - Started process (PID=310848) to work on /mnt/c/Users/Pato_/OneDrive/Documentos/ITBA/PYTHON_DATA_APP/itba/lib/python3.10/site-packages/airflow/example_dags/example_sensors.py
[2024-10-20T19:22:53.347-0300] {processor.py:914} INFO - Processing file /mnt/c/Users/Pato_/OneDrive/Documentos/ITBA/PYTHON_DATA_APP/itba/lib/python3.10/site-packages/airflow/example_dags/example_sensors.py for tasks to queue
[2024-10-20T19:22:53.349-0300] {logging_mixin.py:190} INFO - [2024-10-20T19:22:53.348-0300] {dagbag.py:588} INFO - Filling up the DagBag from /mnt/c/Users/Pato_/OneDrive/Documentos/ITBA/PYTHON_DATA_APP/itba/lib/python3.10/site-packages/airflow/example_dags/example_sensors.py
[2024-10-20T19:22:53.390-0300] {processor.py:925} INFO - DAG(s) 'example_sensors' retrieved from /mnt/c/Users/Pato_/OneDrive/Documentos/ITBA/PYTHON_DATA_APP/itba/lib/python3.10/site-packages/airflow/example_dags/example_sensors.py
[2024-10-20T19:22:53.408-0300] {logging_mixin.py:190} INFO - [2024-10-20T19:22:53.407-0300] {dag.py:3239} INFO - Sync 1 DAGs
[2024-10-20T19:22:53.418-0300] {logging_mixin.py:190} INFO - [2024-10-20T19:22:53.417-0300] {dag.py:4180} INFO - Setting next_dagrun for example_sensors to None, run_after=None
[2024-10-20T19:22:53.453-0300] {processor.py:208} INFO - Processing /mnt/c/Users/Pato_/OneDrive/Documentos/ITBA/PYTHON_DATA_APP/itba/lib/python3.10/site-packages/airflow/example_dags/example_sensors.py took 0.113 seconds
[2024-10-20T19:24:46.510-0300] {processor.py:186} INFO - Started process (PID=312356) to work on /mnt/c/Users/Pato_/OneDrive/Documentos/ITBA/PYTHON_DATA_APP/itba/lib/python3.10/site-packages/airflow/example_dags/example_sensors.py
[2024-10-20T19:24:46.511-0300] {processor.py:914} INFO - Processing file /mnt/c/Users/Pato_/OneDrive/Documentos/ITBA/PYTHON_DATA_APP/itba/lib/python3.10/site-packages/airflow/example_dags/example_sensors.py for tasks to queue
[2024-10-20T19:24:46.513-0300] {logging_mixin.py:190} INFO - [2024-10-20T19:24:46.512-0300] {dagbag.py:588} INFO - Filling up the DagBag from /mnt/c/Users/Pato_/OneDrive/Documentos/ITBA/PYTHON_DATA_APP/itba/lib/python3.10/site-packages/airflow/example_dags/example_sensors.py
[2024-10-20T19:24:46.554-0300] {processor.py:925} INFO - DAG(s) 'example_sensors' retrieved from /mnt/c/Users/Pato_/OneDrive/Documentos/ITBA/PYTHON_DATA_APP/itba/lib/python3.10/site-packages/airflow/example_dags/example_sensors.py
[2024-10-20T19:24:46.572-0300] {logging_mixin.py:190} INFO - [2024-10-20T19:24:46.572-0300] {dag.py:3239} INFO - Sync 1 DAGs
[2024-10-20T19:24:46.581-0300] {logging_mixin.py:190} INFO - [2024-10-20T19:24:46.580-0300] {dag.py:4180} INFO - Setting next_dagrun for example_sensors to None, run_after=None
[2024-10-20T19:24:46.611-0300] {processor.py:208} INFO - Processing /mnt/c/Users/Pato_/OneDrive/Documentos/ITBA/PYTHON_DATA_APP/itba/lib/python3.10/site-packages/airflow/example_dags/example_sensors.py took 0.108 seconds
[2024-10-20T19:26:26.163-0300] {processor.py:186} INFO - Started process (PID=313622) to work on /mnt/c/Users/Pato_/OneDrive/Documentos/ITBA/PYTHON_DATA_APP/itba/lib/python3.10/site-packages/airflow/example_dags/example_sensors.py
[2024-10-20T19:26:26.164-0300] {processor.py:914} INFO - Processing file /mnt/c/Users/Pato_/OneDrive/Documentos/ITBA/PYTHON_DATA_APP/itba/lib/python3.10/site-packages/airflow/example_dags/example_sensors.py for tasks to queue
[2024-10-20T19:26:26.166-0300] {logging_mixin.py:190} INFO - [2024-10-20T19:26:26.165-0300] {dagbag.py:588} INFO - Filling up the DagBag from /mnt/c/Users/Pato_/OneDrive/Documentos/ITBA/PYTHON_DATA_APP/itba/lib/python3.10/site-packages/airflow/example_dags/example_sensors.py
[2024-10-20T19:26:26.206-0300] {processor.py:925} INFO - DAG(s) 'example_sensors' retrieved from /mnt/c/Users/Pato_/OneDrive/Documentos/ITBA/PYTHON_DATA_APP/itba/lib/python3.10/site-packages/airflow/example_dags/example_sensors.py
[2024-10-20T19:26:26.224-0300] {logging_mixin.py:190} INFO - [2024-10-20T19:26:26.223-0300] {dag.py:3239} INFO - Sync 1 DAGs
[2024-10-20T19:26:26.232-0300] {logging_mixin.py:190} INFO - [2024-10-20T19:26:26.232-0300] {dag.py:4180} INFO - Setting next_dagrun for example_sensors to None, run_after=None
[2024-10-20T19:26:26.260-0300] {processor.py:208} INFO - Processing /mnt/c/Users/Pato_/OneDrive/Documentos/ITBA/PYTHON_DATA_APP/itba/lib/python3.10/site-packages/airflow/example_dags/example_sensors.py took 0.104 seconds
[2024-10-20T19:27:29.967-0300] {processor.py:186} INFO - Started process (PID=314445) to work on /mnt/c/Users/Pato_/OneDrive/Documentos/ITBA/PYTHON_DATA_APP/itba/lib/python3.10/site-packages/airflow/example_dags/example_sensors.py
[2024-10-20T19:27:29.968-0300] {processor.py:914} INFO - Processing file /mnt/c/Users/Pato_/OneDrive/Documentos/ITBA/PYTHON_DATA_APP/itba/lib/python3.10/site-packages/airflow/example_dags/example_sensors.py for tasks to queue
[2024-10-20T19:27:29.970-0300] {logging_mixin.py:190} INFO - [2024-10-20T19:27:29.969-0300] {dagbag.py:588} INFO - Filling up the DagBag from /mnt/c/Users/Pato_/OneDrive/Documentos/ITBA/PYTHON_DATA_APP/itba/lib/python3.10/site-packages/airflow/example_dags/example_sensors.py
[2024-10-20T19:27:30.011-0300] {processor.py:925} INFO - DAG(s) 'example_sensors' retrieved from /mnt/c/Users/Pato_/OneDrive/Documentos/ITBA/PYTHON_DATA_APP/itba/lib/python3.10/site-packages/airflow/example_dags/example_sensors.py
[2024-10-20T19:27:30.030-0300] {logging_mixin.py:190} INFO - [2024-10-20T19:27:30.030-0300] {dag.py:3239} INFO - Sync 1 DAGs
[2024-10-20T19:27:30.040-0300] {logging_mixin.py:190} INFO - [2024-10-20T19:27:30.039-0300] {dag.py:4180} INFO - Setting next_dagrun for example_sensors to None, run_after=None
[2024-10-20T19:27:30.069-0300] {processor.py:208} INFO - Processing /mnt/c/Users/Pato_/OneDrive/Documentos/ITBA/PYTHON_DATA_APP/itba/lib/python3.10/site-packages/airflow/example_dags/example_sensors.py took 0.110 seconds
[2024-10-20T19:28:36.463-0300] {processor.py:186} INFO - Started process (PID=315184) to work on /mnt/c/Users/Pato_/OneDrive/Documentos/ITBA/PYTHON_DATA_APP/itba/lib/python3.10/site-packages/airflow/example_dags/example_sensors.py
[2024-10-20T19:28:36.464-0300] {processor.py:914} INFO - Processing file /mnt/c/Users/Pato_/OneDrive/Documentos/ITBA/PYTHON_DATA_APP/itba/lib/python3.10/site-packages/airflow/example_dags/example_sensors.py for tasks to queue
[2024-10-20T19:28:36.466-0300] {logging_mixin.py:190} INFO - [2024-10-20T19:28:36.465-0300] {dagbag.py:588} INFO - Filling up the DagBag from /mnt/c/Users/Pato_/OneDrive/Documentos/ITBA/PYTHON_DATA_APP/itba/lib/python3.10/site-packages/airflow/example_dags/example_sensors.py
[2024-10-20T19:28:36.506-0300] {processor.py:925} INFO - DAG(s) 'example_sensors' retrieved from /mnt/c/Users/Pato_/OneDrive/Documentos/ITBA/PYTHON_DATA_APP/itba/lib/python3.10/site-packages/airflow/example_dags/example_sensors.py
[2024-10-20T19:28:36.524-0300] {logging_mixin.py:190} INFO - [2024-10-20T19:28:36.523-0300] {dag.py:3239} INFO - Sync 1 DAGs
[2024-10-20T19:28:36.533-0300] {logging_mixin.py:190} INFO - [2024-10-20T19:28:36.532-0300] {dag.py:4180} INFO - Setting next_dagrun for example_sensors to None, run_after=None
[2024-10-20T19:28:36.562-0300] {processor.py:208} INFO - Processing /mnt/c/Users/Pato_/OneDrive/Documentos/ITBA/PYTHON_DATA_APP/itba/lib/python3.10/site-packages/airflow/example_dags/example_sensors.py took 0.107 seconds
[2024-10-20T19:29:45.414-0300] {processor.py:186} INFO - Started process (PID=315978) to work on /mnt/c/Users/Pato_/OneDrive/Documentos/ITBA/PYTHON_DATA_APP/itba/lib/python3.10/site-packages/airflow/example_dags/example_sensors.py
[2024-10-20T19:29:45.415-0300] {processor.py:914} INFO - Processing file /mnt/c/Users/Pato_/OneDrive/Documentos/ITBA/PYTHON_DATA_APP/itba/lib/python3.10/site-packages/airflow/example_dags/example_sensors.py for tasks to queue
[2024-10-20T19:29:45.417-0300] {logging_mixin.py:190} INFO - [2024-10-20T19:29:45.417-0300] {dagbag.py:588} INFO - Filling up the DagBag from /mnt/c/Users/Pato_/OneDrive/Documentos/ITBA/PYTHON_DATA_APP/itba/lib/python3.10/site-packages/airflow/example_dags/example_sensors.py
[2024-10-20T19:29:45.460-0300] {processor.py:925} INFO - DAG(s) 'example_sensors' retrieved from /mnt/c/Users/Pato_/OneDrive/Documentos/ITBA/PYTHON_DATA_APP/itba/lib/python3.10/site-packages/airflow/example_dags/example_sensors.py
[2024-10-20T19:29:45.481-0300] {logging_mixin.py:190} INFO - [2024-10-20T19:29:45.480-0300] {dag.py:3239} INFO - Sync 1 DAGs
[2024-10-20T19:29:45.491-0300] {logging_mixin.py:190} INFO - [2024-10-20T19:29:45.490-0300] {dag.py:4180} INFO - Setting next_dagrun for example_sensors to None, run_after=None
[2024-10-20T19:29:45.523-0300] {processor.py:208} INFO - Processing /mnt/c/Users/Pato_/OneDrive/Documentos/ITBA/PYTHON_DATA_APP/itba/lib/python3.10/site-packages/airflow/example_dags/example_sensors.py took 0.115 seconds
[2024-10-20T19:30:55.567-0300] {processor.py:186} INFO - Started process (PID=316550) to work on /mnt/c/Users/Pato_/OneDrive/Documentos/ITBA/PYTHON_DATA_APP/itba/lib/python3.10/site-packages/airflow/example_dags/example_sensors.py
[2024-10-20T19:30:55.568-0300] {processor.py:914} INFO - Processing file /mnt/c/Users/Pato_/OneDrive/Documentos/ITBA/PYTHON_DATA_APP/itba/lib/python3.10/site-packages/airflow/example_dags/example_sensors.py for tasks to queue
[2024-10-20T19:30:55.570-0300] {logging_mixin.py:190} INFO - [2024-10-20T19:30:55.570-0300] {dagbag.py:588} INFO - Filling up the DagBag from /mnt/c/Users/Pato_/OneDrive/Documentos/ITBA/PYTHON_DATA_APP/itba/lib/python3.10/site-packages/airflow/example_dags/example_sensors.py
[2024-10-20T19:30:55.611-0300] {processor.py:925} INFO - DAG(s) 'example_sensors' retrieved from /mnt/c/Users/Pato_/OneDrive/Documentos/ITBA/PYTHON_DATA_APP/itba/lib/python3.10/site-packages/airflow/example_dags/example_sensors.py
[2024-10-20T19:30:55.629-0300] {logging_mixin.py:190} INFO - [2024-10-20T19:30:55.628-0300] {dag.py:3239} INFO - Sync 1 DAGs
[2024-10-20T19:30:55.637-0300] {logging_mixin.py:190} INFO - [2024-10-20T19:30:55.636-0300] {dag.py:4180} INFO - Setting next_dagrun for example_sensors to None, run_after=None
[2024-10-20T19:30:55.665-0300] {processor.py:208} INFO - Processing /mnt/c/Users/Pato_/OneDrive/Documentos/ITBA/PYTHON_DATA_APP/itba/lib/python3.10/site-packages/airflow/example_dags/example_sensors.py took 0.104 seconds
[2024-10-20T19:32:02.754-0300] {processor.py:186} INFO - Started process (PID=317073) to work on /mnt/c/Users/Pato_/OneDrive/Documentos/ITBA/PYTHON_DATA_APP/itba/lib/python3.10/site-packages/airflow/example_dags/example_sensors.py
[2024-10-20T19:32:02.755-0300] {processor.py:914} INFO - Processing file /mnt/c/Users/Pato_/OneDrive/Documentos/ITBA/PYTHON_DATA_APP/itba/lib/python3.10/site-packages/airflow/example_dags/example_sensors.py for tasks to queue
[2024-10-20T19:32:02.757-0300] {logging_mixin.py:190} INFO - [2024-10-20T19:32:02.756-0300] {dagbag.py:588} INFO - Filling up the DagBag from /mnt/c/Users/Pato_/OneDrive/Documentos/ITBA/PYTHON_DATA_APP/itba/lib/python3.10/site-packages/airflow/example_dags/example_sensors.py
[2024-10-20T19:32:02.797-0300] {processor.py:925} INFO - DAG(s) 'example_sensors' retrieved from /mnt/c/Users/Pato_/OneDrive/Documentos/ITBA/PYTHON_DATA_APP/itba/lib/python3.10/site-packages/airflow/example_dags/example_sensors.py
[2024-10-20T19:32:02.815-0300] {logging_mixin.py:190} INFO - [2024-10-20T19:32:02.814-0300] {dag.py:3239} INFO - Sync 1 DAGs
[2024-10-20T19:32:02.823-0300] {logging_mixin.py:190} INFO - [2024-10-20T19:32:02.823-0300] {dag.py:4180} INFO - Setting next_dagrun for example_sensors to None, run_after=None
[2024-10-20T19:32:02.852-0300] {processor.py:208} INFO - Processing /mnt/c/Users/Pato_/OneDrive/Documentos/ITBA/PYTHON_DATA_APP/itba/lib/python3.10/site-packages/airflow/example_dags/example_sensors.py took 0.105 seconds
[2024-10-20T19:33:10.345-0300] {processor.py:186} INFO - Started process (PID=317637) to work on /mnt/c/Users/Pato_/OneDrive/Documentos/ITBA/PYTHON_DATA_APP/itba/lib/python3.10/site-packages/airflow/example_dags/example_sensors.py
[2024-10-20T19:33:10.346-0300] {processor.py:914} INFO - Processing file /mnt/c/Users/Pato_/OneDrive/Documentos/ITBA/PYTHON_DATA_APP/itba/lib/python3.10/site-packages/airflow/example_dags/example_sensors.py for tasks to queue
[2024-10-20T19:33:10.348-0300] {logging_mixin.py:190} INFO - [2024-10-20T19:33:10.348-0300] {dagbag.py:588} INFO - Filling up the DagBag from /mnt/c/Users/Pato_/OneDrive/Documentos/ITBA/PYTHON_DATA_APP/itba/lib/python3.10/site-packages/airflow/example_dags/example_sensors.py
[2024-10-20T19:33:10.391-0300] {processor.py:925} INFO - DAG(s) 'example_sensors' retrieved from /mnt/c/Users/Pato_/OneDrive/Documentos/ITBA/PYTHON_DATA_APP/itba/lib/python3.10/site-packages/airflow/example_dags/example_sensors.py
[2024-10-20T19:33:10.411-0300] {logging_mixin.py:190} INFO - [2024-10-20T19:33:10.411-0300] {dag.py:3239} INFO - Sync 1 DAGs
[2024-10-20T19:33:10.420-0300] {logging_mixin.py:190} INFO - [2024-10-20T19:33:10.420-0300] {dag.py:4180} INFO - Setting next_dagrun for example_sensors to None, run_after=None
[2024-10-20T19:33:10.449-0300] {processor.py:208} INFO - Processing /mnt/c/Users/Pato_/OneDrive/Documentos/ITBA/PYTHON_DATA_APP/itba/lib/python3.10/site-packages/airflow/example_dags/example_sensors.py took 0.110 seconds
[2024-10-20T19:34:16.324-0300] {processor.py:186} INFO - Started process (PID=318301) to work on /mnt/c/Users/Pato_/OneDrive/Documentos/ITBA/PYTHON_DATA_APP/itba/lib/python3.10/site-packages/airflow/example_dags/example_sensors.py
[2024-10-20T19:34:16.325-0300] {processor.py:914} INFO - Processing file /mnt/c/Users/Pato_/OneDrive/Documentos/ITBA/PYTHON_DATA_APP/itba/lib/python3.10/site-packages/airflow/example_dags/example_sensors.py for tasks to queue
[2024-10-20T19:34:16.327-0300] {logging_mixin.py:190} INFO - [2024-10-20T19:34:16.327-0300] {dagbag.py:588} INFO - Filling up the DagBag from /mnt/c/Users/Pato_/OneDrive/Documentos/ITBA/PYTHON_DATA_APP/itba/lib/python3.10/site-packages/airflow/example_dags/example_sensors.py
[2024-10-20T19:34:16.370-0300] {processor.py:925} INFO - DAG(s) 'example_sensors' retrieved from /mnt/c/Users/Pato_/OneDrive/Documentos/ITBA/PYTHON_DATA_APP/itba/lib/python3.10/site-packages/airflow/example_dags/example_sensors.py
[2024-10-20T19:34:16.389-0300] {logging_mixin.py:190} INFO - [2024-10-20T19:34:16.388-0300] {dag.py:3239} INFO - Sync 1 DAGs
[2024-10-20T19:34:16.398-0300] {logging_mixin.py:190} INFO - [2024-10-20T19:34:16.397-0300] {dag.py:4180} INFO - Setting next_dagrun for example_sensors to None, run_after=None
[2024-10-20T19:34:16.426-0300] {processor.py:208} INFO - Processing /mnt/c/Users/Pato_/OneDrive/Documentos/ITBA/PYTHON_DATA_APP/itba/lib/python3.10/site-packages/airflow/example_dags/example_sensors.py took 0.110 seconds
[2024-10-20T19:35:25.751-0300] {processor.py:186} INFO - Started process (PID=319086) to work on /mnt/c/Users/Pato_/OneDrive/Documentos/ITBA/PYTHON_DATA_APP/itba/lib/python3.10/site-packages/airflow/example_dags/example_sensors.py
[2024-10-20T19:35:25.752-0300] {processor.py:914} INFO - Processing file /mnt/c/Users/Pato_/OneDrive/Documentos/ITBA/PYTHON_DATA_APP/itba/lib/python3.10/site-packages/airflow/example_dags/example_sensors.py for tasks to queue
[2024-10-20T19:35:25.754-0300] {logging_mixin.py:190} INFO - [2024-10-20T19:35:25.753-0300] {dagbag.py:588} INFO - Filling up the DagBag from /mnt/c/Users/Pato_/OneDrive/Documentos/ITBA/PYTHON_DATA_APP/itba/lib/python3.10/site-packages/airflow/example_dags/example_sensors.py
[2024-10-20T19:35:25.797-0300] {processor.py:925} INFO - DAG(s) 'example_sensors' retrieved from /mnt/c/Users/Pato_/OneDrive/Documentos/ITBA/PYTHON_DATA_APP/itba/lib/python3.10/site-packages/airflow/example_dags/example_sensors.py
[2024-10-20T19:35:25.819-0300] {logging_mixin.py:190} INFO - [2024-10-20T19:35:25.819-0300] {dag.py:3239} INFO - Sync 1 DAGs
[2024-10-20T19:35:25.830-0300] {logging_mixin.py:190} INFO - [2024-10-20T19:35:25.829-0300] {dag.py:4180} INFO - Setting next_dagrun for example_sensors to None, run_after=None
[2024-10-20T19:35:25.862-0300] {processor.py:208} INFO - Processing /mnt/c/Users/Pato_/OneDrive/Documentos/ITBA/PYTHON_DATA_APP/itba/lib/python3.10/site-packages/airflow/example_dags/example_sensors.py took 0.118 seconds
[2024-10-20T19:36:35.872-0300] {processor.py:186} INFO - Started process (PID=319635) to work on /mnt/c/Users/Pato_/OneDrive/Documentos/ITBA/PYTHON_DATA_APP/itba/lib/python3.10/site-packages/airflow/example_dags/example_sensors.py
[2024-10-20T19:36:35.873-0300] {processor.py:914} INFO - Processing file /mnt/c/Users/Pato_/OneDrive/Documentos/ITBA/PYTHON_DATA_APP/itba/lib/python3.10/site-packages/airflow/example_dags/example_sensors.py for tasks to queue
[2024-10-20T19:36:35.875-0300] {logging_mixin.py:190} INFO - [2024-10-20T19:36:35.874-0300] {dagbag.py:588} INFO - Filling up the DagBag from /mnt/c/Users/Pato_/OneDrive/Documentos/ITBA/PYTHON_DATA_APP/itba/lib/python3.10/site-packages/airflow/example_dags/example_sensors.py
[2024-10-20T19:36:35.916-0300] {processor.py:925} INFO - DAG(s) 'example_sensors' retrieved from /mnt/c/Users/Pato_/OneDrive/Documentos/ITBA/PYTHON_DATA_APP/itba/lib/python3.10/site-packages/airflow/example_dags/example_sensors.py
[2024-10-20T19:36:35.934-0300] {logging_mixin.py:190} INFO - [2024-10-20T19:36:35.934-0300] {dag.py:3239} INFO - Sync 1 DAGs
[2024-10-20T19:36:35.943-0300] {logging_mixin.py:190} INFO - [2024-10-20T19:36:35.942-0300] {dag.py:4180} INFO - Setting next_dagrun for example_sensors to None, run_after=None
[2024-10-20T19:36:35.974-0300] {processor.py:208} INFO - Processing /mnt/c/Users/Pato_/OneDrive/Documentos/ITBA/PYTHON_DATA_APP/itba/lib/python3.10/site-packages/airflow/example_dags/example_sensors.py took 0.109 seconds
[2024-10-20T19:37:42.967-0300] {processor.py:186} INFO - Started process (PID=320160) to work on /mnt/c/Users/Pato_/OneDrive/Documentos/ITBA/PYTHON_DATA_APP/itba/lib/python3.10/site-packages/airflow/example_dags/example_sensors.py
[2024-10-20T19:37:42.968-0300] {processor.py:914} INFO - Processing file /mnt/c/Users/Pato_/OneDrive/Documentos/ITBA/PYTHON_DATA_APP/itba/lib/python3.10/site-packages/airflow/example_dags/example_sensors.py for tasks to queue
[2024-10-20T19:37:42.970-0300] {logging_mixin.py:190} INFO - [2024-10-20T19:37:42.969-0300] {dagbag.py:588} INFO - Filling up the DagBag from /mnt/c/Users/Pato_/OneDrive/Documentos/ITBA/PYTHON_DATA_APP/itba/lib/python3.10/site-packages/airflow/example_dags/example_sensors.py
[2024-10-20T19:37:43.010-0300] {processor.py:925} INFO - DAG(s) 'example_sensors' retrieved from /mnt/c/Users/Pato_/OneDrive/Documentos/ITBA/PYTHON_DATA_APP/itba/lib/python3.10/site-packages/airflow/example_dags/example_sensors.py
[2024-10-20T19:37:43.027-0300] {logging_mixin.py:190} INFO - [2024-10-20T19:37:43.027-0300] {dag.py:3239} INFO - Sync 1 DAGs
[2024-10-20T19:37:43.036-0300] {logging_mixin.py:190} INFO - [2024-10-20T19:37:43.035-0300] {dag.py:4180} INFO - Setting next_dagrun for example_sensors to None, run_after=None
[2024-10-20T19:37:43.064-0300] {processor.py:208} INFO - Processing /mnt/c/Users/Pato_/OneDrive/Documentos/ITBA/PYTHON_DATA_APP/itba/lib/python3.10/site-packages/airflow/example_dags/example_sensors.py took 0.104 seconds
[2024-10-20T19:38:48.270-0300] {processor.py:186} INFO - Started process (PID=320670) to work on /mnt/c/Users/Pato_/OneDrive/Documentos/ITBA/PYTHON_DATA_APP/itba/lib/python3.10/site-packages/airflow/example_dags/example_sensors.py
[2024-10-20T19:38:48.271-0300] {processor.py:914} INFO - Processing file /mnt/c/Users/Pato_/OneDrive/Documentos/ITBA/PYTHON_DATA_APP/itba/lib/python3.10/site-packages/airflow/example_dags/example_sensors.py for tasks to queue
[2024-10-20T19:38:48.273-0300] {logging_mixin.py:190} INFO - [2024-10-20T19:38:48.272-0300] {dagbag.py:588} INFO - Filling up the DagBag from /mnt/c/Users/Pato_/OneDrive/Documentos/ITBA/PYTHON_DATA_APP/itba/lib/python3.10/site-packages/airflow/example_dags/example_sensors.py
[2024-10-20T19:38:48.318-0300] {processor.py:925} INFO - DAG(s) 'example_sensors' retrieved from /mnt/c/Users/Pato_/OneDrive/Documentos/ITBA/PYTHON_DATA_APP/itba/lib/python3.10/site-packages/airflow/example_dags/example_sensors.py
[2024-10-20T19:38:48.339-0300] {logging_mixin.py:190} INFO - [2024-10-20T19:38:48.339-0300] {dag.py:3239} INFO - Sync 1 DAGs
[2024-10-20T19:38:48.349-0300] {logging_mixin.py:190} INFO - [2024-10-20T19:38:48.349-0300] {dag.py:4180} INFO - Setting next_dagrun for example_sensors to None, run_after=None
[2024-10-20T19:38:48.381-0300] {processor.py:208} INFO - Processing /mnt/c/Users/Pato_/OneDrive/Documentos/ITBA/PYTHON_DATA_APP/itba/lib/python3.10/site-packages/airflow/example_dags/example_sensors.py took 0.119 seconds
[2024-10-20T19:39:56.025-0300] {processor.py:186} INFO - Started process (PID=321324) to work on /mnt/c/Users/Pato_/OneDrive/Documentos/ITBA/PYTHON_DATA_APP/itba/lib/python3.10/site-packages/airflow/example_dags/example_sensors.py
[2024-10-20T19:39:56.026-0300] {processor.py:914} INFO - Processing file /mnt/c/Users/Pato_/OneDrive/Documentos/ITBA/PYTHON_DATA_APP/itba/lib/python3.10/site-packages/airflow/example_dags/example_sensors.py for tasks to queue
[2024-10-20T19:39:56.028-0300] {logging_mixin.py:190} INFO - [2024-10-20T19:39:56.028-0300] {dagbag.py:588} INFO - Filling up the DagBag from /mnt/c/Users/Pato_/OneDrive/Documentos/ITBA/PYTHON_DATA_APP/itba/lib/python3.10/site-packages/airflow/example_dags/example_sensors.py
[2024-10-20T19:39:56.069-0300] {processor.py:925} INFO - DAG(s) 'example_sensors' retrieved from /mnt/c/Users/Pato_/OneDrive/Documentos/ITBA/PYTHON_DATA_APP/itba/lib/python3.10/site-packages/airflow/example_dags/example_sensors.py
[2024-10-20T19:39:56.086-0300] {logging_mixin.py:190} INFO - [2024-10-20T19:39:56.086-0300] {dag.py:3239} INFO - Sync 1 DAGs
[2024-10-20T19:39:56.095-0300] {logging_mixin.py:190} INFO - [2024-10-20T19:39:56.094-0300] {dag.py:4180} INFO - Setting next_dagrun for example_sensors to None, run_after=None
[2024-10-20T19:39:56.125-0300] {processor.py:208} INFO - Processing /mnt/c/Users/Pato_/OneDrive/Documentos/ITBA/PYTHON_DATA_APP/itba/lib/python3.10/site-packages/airflow/example_dags/example_sensors.py took 0.106 seconds
[2024-10-20T19:41:00.301-0300] {processor.py:186} INFO - Started process (PID=322086) to work on /mnt/c/Users/Pato_/OneDrive/Documentos/ITBA/PYTHON_DATA_APP/itba/lib/python3.10/site-packages/airflow/example_dags/example_sensors.py
[2024-10-20T19:41:00.302-0300] {processor.py:914} INFO - Processing file /mnt/c/Users/Pato_/OneDrive/Documentos/ITBA/PYTHON_DATA_APP/itba/lib/python3.10/site-packages/airflow/example_dags/example_sensors.py for tasks to queue
[2024-10-20T19:41:00.304-0300] {logging_mixin.py:190} INFO - [2024-10-20T19:41:00.304-0300] {dagbag.py:588} INFO - Filling up the DagBag from /mnt/c/Users/Pato_/OneDrive/Documentos/ITBA/PYTHON_DATA_APP/itba/lib/python3.10/site-packages/airflow/example_dags/example_sensors.py
[2024-10-20T19:41:00.347-0300] {processor.py:925} INFO - DAG(s) 'example_sensors' retrieved from /mnt/c/Users/Pato_/OneDrive/Documentos/ITBA/PYTHON_DATA_APP/itba/lib/python3.10/site-packages/airflow/example_dags/example_sensors.py
[2024-10-20T19:41:00.365-0300] {logging_mixin.py:190} INFO - [2024-10-20T19:41:00.364-0300] {dag.py:3239} INFO - Sync 1 DAGs
[2024-10-20T19:41:00.375-0300] {logging_mixin.py:190} INFO - [2024-10-20T19:41:00.375-0300] {dag.py:4180} INFO - Setting next_dagrun for example_sensors to None, run_after=None
[2024-10-20T19:41:00.404-0300] {processor.py:208} INFO - Processing /mnt/c/Users/Pato_/OneDrive/Documentos/ITBA/PYTHON_DATA_APP/itba/lib/python3.10/site-packages/airflow/example_dags/example_sensors.py took 0.109 seconds
[2024-10-20T19:42:08.759-0300] {processor.py:186} INFO - Started process (PID=322619) to work on /mnt/c/Users/Pato_/OneDrive/Documentos/ITBA/PYTHON_DATA_APP/itba/lib/python3.10/site-packages/airflow/example_dags/example_sensors.py
[2024-10-20T19:42:08.760-0300] {processor.py:914} INFO - Processing file /mnt/c/Users/Pato_/OneDrive/Documentos/ITBA/PYTHON_DATA_APP/itba/lib/python3.10/site-packages/airflow/example_dags/example_sensors.py for tasks to queue
[2024-10-20T19:42:08.763-0300] {logging_mixin.py:190} INFO - [2024-10-20T19:42:08.762-0300] {dagbag.py:588} INFO - Filling up the DagBag from /mnt/c/Users/Pato_/OneDrive/Documentos/ITBA/PYTHON_DATA_APP/itba/lib/python3.10/site-packages/airflow/example_dags/example_sensors.py
[2024-10-20T19:42:08.804-0300] {processor.py:925} INFO - DAG(s) 'example_sensors' retrieved from /mnt/c/Users/Pato_/OneDrive/Documentos/ITBA/PYTHON_DATA_APP/itba/lib/python3.10/site-packages/airflow/example_dags/example_sensors.py
[2024-10-20T19:42:08.822-0300] {logging_mixin.py:190} INFO - [2024-10-20T19:42:08.821-0300] {dag.py:3239} INFO - Sync 1 DAGs
[2024-10-20T19:42:08.831-0300] {logging_mixin.py:190} INFO - [2024-10-20T19:42:08.830-0300] {dag.py:4180} INFO - Setting next_dagrun for example_sensors to None, run_after=None
[2024-10-20T19:42:08.861-0300] {processor.py:208} INFO - Processing /mnt/c/Users/Pato_/OneDrive/Documentos/ITBA/PYTHON_DATA_APP/itba/lib/python3.10/site-packages/airflow/example_dags/example_sensors.py took 0.110 seconds
