[2024-10-20T19:00:17.492-0300] {processor.py:186} INFO - Started process (PID=298645) to work on /mnt/c/Users/Pato_/OneDrive/Documentos/ITBA/PYTHON_DATA_APP/itba/lib/python3.10/site-packages/airflow/example_dags/example_task_group.py
[2024-10-20T19:00:17.493-0300] {processor.py:914} INFO - Processing file /mnt/c/Users/Pato_/OneDrive/Documentos/ITBA/PYTHON_DATA_APP/itba/lib/python3.10/site-packages/airflow/example_dags/example_task_group.py for tasks to queue
[2024-10-20T19:00:17.496-0300] {logging_mixin.py:190} INFO - [2024-10-20T19:00:17.495-0300] {dagbag.py:588} INFO - Filling up the DagBag from /mnt/c/Users/Pato_/OneDrive/Documentos/ITBA/PYTHON_DATA_APP/itba/lib/python3.10/site-packages/airflow/example_dags/example_task_group.py
[2024-10-20T19:00:17.535-0300] {processor.py:925} INFO - DAG(s) 'example_task_group' retrieved from /mnt/c/Users/Pato_/OneDrive/Documentos/ITBA/PYTHON_DATA_APP/itba/lib/python3.10/site-packages/airflow/example_dags/example_task_group.py
[2024-10-20T19:00:18.278-0300] {logging_mixin.py:190} INFO - [2024-10-20T19:00:18.277-0300] {override.py:1907} INFO - Created Permission View: can read on DAG:example_task_group
[2024-10-20T19:00:18.298-0300] {logging_mixin.py:190} INFO - [2024-10-20T19:00:18.297-0300] {override.py:1907} INFO - Created Permission View: can delete on DAG:example_task_group
[2024-10-20T19:00:18.316-0300] {logging_mixin.py:190} INFO - [2024-10-20T19:00:18.315-0300] {override.py:1907} INFO - Created Permission View: can edit on DAG:example_task_group
[2024-10-20T19:00:18.346-0300] {logging_mixin.py:190} INFO - [2024-10-20T19:00:18.345-0300] {override.py:1907} INFO - Created Permission View: can read on DAG Run:example_task_group
[2024-10-20T19:00:18.363-0300] {logging_mixin.py:190} INFO - [2024-10-20T19:00:18.363-0300] {override.py:1907} INFO - Created Permission View: can delete on DAG Run:example_task_group
[2024-10-20T19:00:18.380-0300] {logging_mixin.py:190} INFO - [2024-10-20T19:00:18.379-0300] {override.py:1907} INFO - Created Permission View: can create on DAG Run:example_task_group
[2024-10-20T19:00:18.397-0300] {logging_mixin.py:190} INFO - [2024-10-20T19:00:18.397-0300] {override.py:1907} INFO - Created Permission View: menu access on DAG Run:example_task_group
[2024-10-20T19:00:18.398-0300] {logging_mixin.py:190} INFO - [2024-10-20T19:00:18.398-0300] {dag.py:3239} INFO - Sync 1 DAGs
[2024-10-20T19:00:18.409-0300] {logging_mixin.py:190} INFO - [2024-10-20T19:00:18.408-0300] {dag.py:3262} INFO - Creating ORM DAG for example_task_group
[2024-10-20T19:00:18.410-0300] {logging_mixin.py:190} INFO - [2024-10-20T19:00:18.410-0300] {dag.py:4180} INFO - Setting next_dagrun for example_task_group to None, run_after=None
[2024-10-20T19:00:18.442-0300] {processor.py:208} INFO - Processing /mnt/c/Users/Pato_/OneDrive/Documentos/ITBA/PYTHON_DATA_APP/itba/lib/python3.10/site-packages/airflow/example_dags/example_task_group.py took 0.956 seconds
[2024-10-20T19:02:37.583-0300] {processor.py:186} INFO - Started process (PID=299871) to work on /mnt/c/Users/Pato_/OneDrive/Documentos/ITBA/PYTHON_DATA_APP/itba/lib/python3.10/site-packages/airflow/example_dags/example_task_group.py
[2024-10-20T19:02:37.584-0300] {processor.py:914} INFO - Processing file /mnt/c/Users/Pato_/OneDrive/Documentos/ITBA/PYTHON_DATA_APP/itba/lib/python3.10/site-packages/airflow/example_dags/example_task_group.py for tasks to queue
[2024-10-20T19:02:37.586-0300] {logging_mixin.py:190} INFO - [2024-10-20T19:02:37.586-0300] {dagbag.py:588} INFO - Filling up the DagBag from /mnt/c/Users/Pato_/OneDrive/Documentos/ITBA/PYTHON_DATA_APP/itba/lib/python3.10/site-packages/airflow/example_dags/example_task_group.py
[2024-10-20T19:02:37.629-0300] {processor.py:925} INFO - DAG(s) 'example_task_group' retrieved from /mnt/c/Users/Pato_/OneDrive/Documentos/ITBA/PYTHON_DATA_APP/itba/lib/python3.10/site-packages/airflow/example_dags/example_task_group.py
[2024-10-20T19:02:37.645-0300] {logging_mixin.py:190} INFO - [2024-10-20T19:02:37.644-0300] {dag.py:3239} INFO - Sync 1 DAGs
[2024-10-20T19:02:37.654-0300] {logging_mixin.py:190} INFO - [2024-10-20T19:02:37.653-0300] {dag.py:4180} INFO - Setting next_dagrun for example_task_group to None, run_after=None
[2024-10-20T19:02:37.683-0300] {processor.py:208} INFO - Processing /mnt/c/Users/Pato_/OneDrive/Documentos/ITBA/PYTHON_DATA_APP/itba/lib/python3.10/site-packages/airflow/example_dags/example_task_group.py took 0.107 seconds
[2024-10-20T19:03:31.403-0300] {processor.py:186} INFO - Started process (PID=300299) to work on /mnt/c/Users/Pato_/OneDrive/Documentos/ITBA/PYTHON_DATA_APP/itba/lib/python3.10/site-packages/airflow/example_dags/example_task_group.py
[2024-10-20T19:03:31.404-0300] {processor.py:914} INFO - Processing file /mnt/c/Users/Pato_/OneDrive/Documentos/ITBA/PYTHON_DATA_APP/itba/lib/python3.10/site-packages/airflow/example_dags/example_task_group.py for tasks to queue
[2024-10-20T19:03:31.406-0300] {logging_mixin.py:190} INFO - [2024-10-20T19:03:31.406-0300] {dagbag.py:588} INFO - Filling up the DagBag from /mnt/c/Users/Pato_/OneDrive/Documentos/ITBA/PYTHON_DATA_APP/itba/lib/python3.10/site-packages/airflow/example_dags/example_task_group.py
[2024-10-20T19:03:31.447-0300] {processor.py:925} INFO - DAG(s) 'example_task_group' retrieved from /mnt/c/Users/Pato_/OneDrive/Documentos/ITBA/PYTHON_DATA_APP/itba/lib/python3.10/site-packages/airflow/example_dags/example_task_group.py
[2024-10-20T19:03:31.462-0300] {logging_mixin.py:190} INFO - [2024-10-20T19:03:31.461-0300] {dag.py:3239} INFO - Sync 1 DAGs
[2024-10-20T19:03:31.471-0300] {logging_mixin.py:190} INFO - [2024-10-20T19:03:31.470-0300] {dag.py:4180} INFO - Setting next_dagrun for example_task_group to None, run_after=None
[2024-10-20T19:03:31.499-0300] {processor.py:208} INFO - Processing /mnt/c/Users/Pato_/OneDrive/Documentos/ITBA/PYTHON_DATA_APP/itba/lib/python3.10/site-packages/airflow/example_dags/example_task_group.py took 0.103 seconds
[2024-10-20T19:04:42.155-0300] {processor.py:186} INFO - Started process (PID=301044) to work on /mnt/c/Users/Pato_/OneDrive/Documentos/ITBA/PYTHON_DATA_APP/itba/lib/python3.10/site-packages/airflow/example_dags/example_task_group.py
[2024-10-20T19:04:42.156-0300] {processor.py:914} INFO - Processing file /mnt/c/Users/Pato_/OneDrive/Documentos/ITBA/PYTHON_DATA_APP/itba/lib/python3.10/site-packages/airflow/example_dags/example_task_group.py for tasks to queue
[2024-10-20T19:04:42.159-0300] {logging_mixin.py:190} INFO - [2024-10-20T19:04:42.158-0300] {dagbag.py:588} INFO - Filling up the DagBag from /mnt/c/Users/Pato_/OneDrive/Documentos/ITBA/PYTHON_DATA_APP/itba/lib/python3.10/site-packages/airflow/example_dags/example_task_group.py
[2024-10-20T19:04:42.203-0300] {processor.py:925} INFO - DAG(s) 'example_task_group' retrieved from /mnt/c/Users/Pato_/OneDrive/Documentos/ITBA/PYTHON_DATA_APP/itba/lib/python3.10/site-packages/airflow/example_dags/example_task_group.py
[2024-10-20T19:04:42.222-0300] {logging_mixin.py:190} INFO - [2024-10-20T19:04:42.221-0300] {dag.py:3239} INFO - Sync 1 DAGs
[2024-10-20T19:04:42.232-0300] {logging_mixin.py:190} INFO - [2024-10-20T19:04:42.231-0300] {dag.py:4180} INFO - Setting next_dagrun for example_task_group to None, run_after=None
[2024-10-20T19:04:42.266-0300] {processor.py:208} INFO - Processing /mnt/c/Users/Pato_/OneDrive/Documentos/ITBA/PYTHON_DATA_APP/itba/lib/python3.10/site-packages/airflow/example_dags/example_task_group.py took 0.119 seconds
[2024-10-20T19:05:49.621-0300] {processor.py:186} INFO - Started process (PID=301632) to work on /mnt/c/Users/Pato_/OneDrive/Documentos/ITBA/PYTHON_DATA_APP/itba/lib/python3.10/site-packages/airflow/example_dags/example_task_group.py
[2024-10-20T19:05:49.622-0300] {processor.py:914} INFO - Processing file /mnt/c/Users/Pato_/OneDrive/Documentos/ITBA/PYTHON_DATA_APP/itba/lib/python3.10/site-packages/airflow/example_dags/example_task_group.py for tasks to queue
[2024-10-20T19:05:49.625-0300] {logging_mixin.py:190} INFO - [2024-10-20T19:05:49.624-0300] {dagbag.py:588} INFO - Filling up the DagBag from /mnt/c/Users/Pato_/OneDrive/Documentos/ITBA/PYTHON_DATA_APP/itba/lib/python3.10/site-packages/airflow/example_dags/example_task_group.py
[2024-10-20T19:05:49.670-0300] {processor.py:925} INFO - DAG(s) 'example_task_group' retrieved from /mnt/c/Users/Pato_/OneDrive/Documentos/ITBA/PYTHON_DATA_APP/itba/lib/python3.10/site-packages/airflow/example_dags/example_task_group.py
[2024-10-20T19:05:49.687-0300] {logging_mixin.py:190} INFO - [2024-10-20T19:05:49.687-0300] {dag.py:3239} INFO - Sync 1 DAGs
[2024-10-20T19:05:49.697-0300] {logging_mixin.py:190} INFO - [2024-10-20T19:05:49.696-0300] {dag.py:4180} INFO - Setting next_dagrun for example_task_group to None, run_after=None
[2024-10-20T19:05:49.728-0300] {processor.py:208} INFO - Processing /mnt/c/Users/Pato_/OneDrive/Documentos/ITBA/PYTHON_DATA_APP/itba/lib/python3.10/site-packages/airflow/example_dags/example_task_group.py took 0.116 seconds
[2024-10-20T19:07:54.803-0300] {processor.py:186} INFO - Started process (PID=303531) to work on /mnt/c/Users/Pato_/OneDrive/Documentos/ITBA/PYTHON_DATA_APP/itba/lib/python3.10/site-packages/airflow/example_dags/example_task_group.py
[2024-10-20T19:07:54.804-0300] {processor.py:914} INFO - Processing file /mnt/c/Users/Pato_/OneDrive/Documentos/ITBA/PYTHON_DATA_APP/itba/lib/python3.10/site-packages/airflow/example_dags/example_task_group.py for tasks to queue
[2024-10-20T19:07:54.806-0300] {logging_mixin.py:190} INFO - [2024-10-20T19:07:54.806-0300] {dagbag.py:588} INFO - Filling up the DagBag from /mnt/c/Users/Pato_/OneDrive/Documentos/ITBA/PYTHON_DATA_APP/itba/lib/python3.10/site-packages/airflow/example_dags/example_task_group.py
[2024-10-20T19:07:54.845-0300] {processor.py:925} INFO - DAG(s) 'example_task_group' retrieved from /mnt/c/Users/Pato_/OneDrive/Documentos/ITBA/PYTHON_DATA_APP/itba/lib/python3.10/site-packages/airflow/example_dags/example_task_group.py
[2024-10-20T19:07:54.860-0300] {logging_mixin.py:190} INFO - [2024-10-20T19:07:54.860-0300] {dag.py:3239} INFO - Sync 1 DAGs
[2024-10-20T19:07:54.869-0300] {logging_mixin.py:190} INFO - [2024-10-20T19:07:54.868-0300] {dag.py:4180} INFO - Setting next_dagrun for example_task_group to None, run_after=None
[2024-10-20T19:07:54.897-0300] {processor.py:208} INFO - Processing /mnt/c/Users/Pato_/OneDrive/Documentos/ITBA/PYTHON_DATA_APP/itba/lib/python3.10/site-packages/airflow/example_dags/example_task_group.py took 0.101 seconds
[2024-10-20T19:08:45.903-0300] {processor.py:186} INFO - Started process (PID=303932) to work on /mnt/c/Users/Pato_/OneDrive/Documentos/ITBA/PYTHON_DATA_APP/itba/lib/python3.10/site-packages/airflow/example_dags/example_task_group.py
[2024-10-20T19:08:45.904-0300] {processor.py:914} INFO - Processing file /mnt/c/Users/Pato_/OneDrive/Documentos/ITBA/PYTHON_DATA_APP/itba/lib/python3.10/site-packages/airflow/example_dags/example_task_group.py for tasks to queue
[2024-10-20T19:08:45.906-0300] {logging_mixin.py:190} INFO - [2024-10-20T19:08:45.905-0300] {dagbag.py:588} INFO - Filling up the DagBag from /mnt/c/Users/Pato_/OneDrive/Documentos/ITBA/PYTHON_DATA_APP/itba/lib/python3.10/site-packages/airflow/example_dags/example_task_group.py
[2024-10-20T19:08:45.946-0300] {processor.py:925} INFO - DAG(s) 'example_task_group' retrieved from /mnt/c/Users/Pato_/OneDrive/Documentos/ITBA/PYTHON_DATA_APP/itba/lib/python3.10/site-packages/airflow/example_dags/example_task_group.py
[2024-10-20T19:08:45.963-0300] {logging_mixin.py:190} INFO - [2024-10-20T19:08:45.962-0300] {dag.py:3239} INFO - Sync 1 DAGs
[2024-10-20T19:08:45.971-0300] {logging_mixin.py:190} INFO - [2024-10-20T19:08:45.971-0300] {dag.py:4180} INFO - Setting next_dagrun for example_task_group to None, run_after=None
[2024-10-20T19:08:45.999-0300] {processor.py:208} INFO - Processing /mnt/c/Users/Pato_/OneDrive/Documentos/ITBA/PYTHON_DATA_APP/itba/lib/python3.10/site-packages/airflow/example_dags/example_task_group.py took 0.104 seconds
[2024-10-20T19:09:49.426-0300] {processor.py:186} INFO - Started process (PID=304490) to work on /mnt/c/Users/Pato_/OneDrive/Documentos/ITBA/PYTHON_DATA_APP/itba/lib/python3.10/site-packages/airflow/example_dags/example_task_group.py
[2024-10-20T19:09:49.426-0300] {processor.py:914} INFO - Processing file /mnt/c/Users/Pato_/OneDrive/Documentos/ITBA/PYTHON_DATA_APP/itba/lib/python3.10/site-packages/airflow/example_dags/example_task_group.py for tasks to queue
[2024-10-20T19:09:49.429-0300] {logging_mixin.py:190} INFO - [2024-10-20T19:09:49.428-0300] {dagbag.py:588} INFO - Filling up the DagBag from /mnt/c/Users/Pato_/OneDrive/Documentos/ITBA/PYTHON_DATA_APP/itba/lib/python3.10/site-packages/airflow/example_dags/example_task_group.py
[2024-10-20T19:09:49.468-0300] {processor.py:925} INFO - DAG(s) 'example_task_group' retrieved from /mnt/c/Users/Pato_/OneDrive/Documentos/ITBA/PYTHON_DATA_APP/itba/lib/python3.10/site-packages/airflow/example_dags/example_task_group.py
[2024-10-20T19:09:49.484-0300] {logging_mixin.py:190} INFO - [2024-10-20T19:09:49.483-0300] {dag.py:3239} INFO - Sync 1 DAGs
[2024-10-20T19:09:49.492-0300] {logging_mixin.py:190} INFO - [2024-10-20T19:09:49.492-0300] {dag.py:4180} INFO - Setting next_dagrun for example_task_group to None, run_after=None
[2024-10-20T19:09:49.521-0300] {processor.py:208} INFO - Processing /mnt/c/Users/Pato_/OneDrive/Documentos/ITBA/PYTHON_DATA_APP/itba/lib/python3.10/site-packages/airflow/example_dags/example_task_group.py took 0.102 seconds
[2024-10-20T19:10:57.917-0300] {processor.py:186} INFO - Started process (PID=305054) to work on /mnt/c/Users/Pato_/OneDrive/Documentos/ITBA/PYTHON_DATA_APP/itba/lib/python3.10/site-packages/airflow/example_dags/example_task_group.py
[2024-10-20T19:10:57.918-0300] {processor.py:914} INFO - Processing file /mnt/c/Users/Pato_/OneDrive/Documentos/ITBA/PYTHON_DATA_APP/itba/lib/python3.10/site-packages/airflow/example_dags/example_task_group.py for tasks to queue
[2024-10-20T19:10:57.920-0300] {logging_mixin.py:190} INFO - [2024-10-20T19:10:57.919-0300] {dagbag.py:588} INFO - Filling up the DagBag from /mnt/c/Users/Pato_/OneDrive/Documentos/ITBA/PYTHON_DATA_APP/itba/lib/python3.10/site-packages/airflow/example_dags/example_task_group.py
[2024-10-20T19:10:57.958-0300] {processor.py:925} INFO - DAG(s) 'example_task_group' retrieved from /mnt/c/Users/Pato_/OneDrive/Documentos/ITBA/PYTHON_DATA_APP/itba/lib/python3.10/site-packages/airflow/example_dags/example_task_group.py
[2024-10-20T19:10:57.974-0300] {logging_mixin.py:190} INFO - [2024-10-20T19:10:57.974-0300] {dag.py:3239} INFO - Sync 1 DAGs
[2024-10-20T19:10:57.983-0300] {logging_mixin.py:190} INFO - [2024-10-20T19:10:57.982-0300] {dag.py:4180} INFO - Setting next_dagrun for example_task_group to None, run_after=None
[2024-10-20T19:10:58.013-0300] {processor.py:208} INFO - Processing /mnt/c/Users/Pato_/OneDrive/Documentos/ITBA/PYTHON_DATA_APP/itba/lib/python3.10/site-packages/airflow/example_dags/example_task_group.py took 0.103 seconds
[2024-10-20T19:12:06.559-0300] {processor.py:186} INFO - Started process (PID=305585) to work on /mnt/c/Users/Pato_/OneDrive/Documentos/ITBA/PYTHON_DATA_APP/itba/lib/python3.10/site-packages/airflow/example_dags/example_task_group.py
[2024-10-20T19:12:06.560-0300] {processor.py:914} INFO - Processing file /mnt/c/Users/Pato_/OneDrive/Documentos/ITBA/PYTHON_DATA_APP/itba/lib/python3.10/site-packages/airflow/example_dags/example_task_group.py for tasks to queue
[2024-10-20T19:12:06.562-0300] {logging_mixin.py:190} INFO - [2024-10-20T19:12:06.562-0300] {dagbag.py:588} INFO - Filling up the DagBag from /mnt/c/Users/Pato_/OneDrive/Documentos/ITBA/PYTHON_DATA_APP/itba/lib/python3.10/site-packages/airflow/example_dags/example_task_group.py
[2024-10-20T19:12:06.603-0300] {processor.py:925} INFO - DAG(s) 'example_task_group' retrieved from /mnt/c/Users/Pato_/OneDrive/Documentos/ITBA/PYTHON_DATA_APP/itba/lib/python3.10/site-packages/airflow/example_dags/example_task_group.py
[2024-10-20T19:12:06.620-0300] {logging_mixin.py:190} INFO - [2024-10-20T19:12:06.620-0300] {dag.py:3239} INFO - Sync 1 DAGs
[2024-10-20T19:12:06.633-0300] {logging_mixin.py:190} INFO - [2024-10-20T19:12:06.632-0300] {dag.py:4180} INFO - Setting next_dagrun for example_task_group to None, run_after=None
[2024-10-20T19:12:06.664-0300] {processor.py:208} INFO - Processing /mnt/c/Users/Pato_/OneDrive/Documentos/ITBA/PYTHON_DATA_APP/itba/lib/python3.10/site-packages/airflow/example_dags/example_task_group.py took 0.112 seconds
[2024-10-20T19:13:12.110-0300] {processor.py:186} INFO - Started process (PID=306102) to work on /mnt/c/Users/Pato_/OneDrive/Documentos/ITBA/PYTHON_DATA_APP/itba/lib/python3.10/site-packages/airflow/example_dags/example_task_group.py
[2024-10-20T19:13:12.111-0300] {processor.py:914} INFO - Processing file /mnt/c/Users/Pato_/OneDrive/Documentos/ITBA/PYTHON_DATA_APP/itba/lib/python3.10/site-packages/airflow/example_dags/example_task_group.py for tasks to queue
[2024-10-20T19:13:12.113-0300] {logging_mixin.py:190} INFO - [2024-10-20T19:13:12.112-0300] {dagbag.py:588} INFO - Filling up the DagBag from /mnt/c/Users/Pato_/OneDrive/Documentos/ITBA/PYTHON_DATA_APP/itba/lib/python3.10/site-packages/airflow/example_dags/example_task_group.py
[2024-10-20T19:13:12.153-0300] {processor.py:925} INFO - DAG(s) 'example_task_group' retrieved from /mnt/c/Users/Pato_/OneDrive/Documentos/ITBA/PYTHON_DATA_APP/itba/lib/python3.10/site-packages/airflow/example_dags/example_task_group.py
[2024-10-20T19:13:12.170-0300] {logging_mixin.py:190} INFO - [2024-10-20T19:13:12.170-0300] {dag.py:3239} INFO - Sync 1 DAGs
[2024-10-20T19:13:12.180-0300] {logging_mixin.py:190} INFO - [2024-10-20T19:13:12.179-0300] {dag.py:4180} INFO - Setting next_dagrun for example_task_group to None, run_after=None
[2024-10-20T19:13:12.211-0300] {processor.py:208} INFO - Processing /mnt/c/Users/Pato_/OneDrive/Documentos/ITBA/PYTHON_DATA_APP/itba/lib/python3.10/site-packages/airflow/example_dags/example_task_group.py took 0.108 seconds
[2024-10-20T19:14:17.252-0300] {processor.py:186} INFO - Started process (PID=306610) to work on /mnt/c/Users/Pato_/OneDrive/Documentos/ITBA/PYTHON_DATA_APP/itba/lib/python3.10/site-packages/airflow/example_dags/example_task_group.py
[2024-10-20T19:14:17.253-0300] {processor.py:914} INFO - Processing file /mnt/c/Users/Pato_/OneDrive/Documentos/ITBA/PYTHON_DATA_APP/itba/lib/python3.10/site-packages/airflow/example_dags/example_task_group.py for tasks to queue
[2024-10-20T19:14:17.256-0300] {logging_mixin.py:190} INFO - [2024-10-20T19:14:17.255-0300] {dagbag.py:588} INFO - Filling up the DagBag from /mnt/c/Users/Pato_/OneDrive/Documentos/ITBA/PYTHON_DATA_APP/itba/lib/python3.10/site-packages/airflow/example_dags/example_task_group.py
[2024-10-20T19:14:17.295-0300] {processor.py:925} INFO - DAG(s) 'example_task_group' retrieved from /mnt/c/Users/Pato_/OneDrive/Documentos/ITBA/PYTHON_DATA_APP/itba/lib/python3.10/site-packages/airflow/example_dags/example_task_group.py
[2024-10-20T19:14:17.312-0300] {logging_mixin.py:190} INFO - [2024-10-20T19:14:17.311-0300] {dag.py:3239} INFO - Sync 1 DAGs
[2024-10-20T19:14:17.321-0300] {logging_mixin.py:190} INFO - [2024-10-20T19:14:17.320-0300] {dag.py:4180} INFO - Setting next_dagrun for example_task_group to None, run_after=None
[2024-10-20T19:14:17.350-0300] {processor.py:208} INFO - Processing /mnt/c/Users/Pato_/OneDrive/Documentos/ITBA/PYTHON_DATA_APP/itba/lib/python3.10/site-packages/airflow/example_dags/example_task_group.py took 0.104 seconds
[2024-10-20T19:15:27.861-0300] {processor.py:186} INFO - Started process (PID=307190) to work on /mnt/c/Users/Pato_/OneDrive/Documentos/ITBA/PYTHON_DATA_APP/itba/lib/python3.10/site-packages/airflow/example_dags/example_task_group.py
[2024-10-20T19:15:27.862-0300] {processor.py:914} INFO - Processing file /mnt/c/Users/Pato_/OneDrive/Documentos/ITBA/PYTHON_DATA_APP/itba/lib/python3.10/site-packages/airflow/example_dags/example_task_group.py for tasks to queue
[2024-10-20T19:15:27.864-0300] {logging_mixin.py:190} INFO - [2024-10-20T19:15:27.864-0300] {dagbag.py:588} INFO - Filling up the DagBag from /mnt/c/Users/Pato_/OneDrive/Documentos/ITBA/PYTHON_DATA_APP/itba/lib/python3.10/site-packages/airflow/example_dags/example_task_group.py
[2024-10-20T19:15:27.902-0300] {processor.py:925} INFO - DAG(s) 'example_task_group' retrieved from /mnt/c/Users/Pato_/OneDrive/Documentos/ITBA/PYTHON_DATA_APP/itba/lib/python3.10/site-packages/airflow/example_dags/example_task_group.py
[2024-10-20T19:15:27.917-0300] {logging_mixin.py:190} INFO - [2024-10-20T19:15:27.916-0300] {dag.py:3239} INFO - Sync 1 DAGs
[2024-10-20T19:15:27.926-0300] {logging_mixin.py:190} INFO - [2024-10-20T19:15:27.925-0300] {dag.py:4180} INFO - Setting next_dagrun for example_task_group to None, run_after=None
[2024-10-20T19:15:27.954-0300] {processor.py:208} INFO - Processing /mnt/c/Users/Pato_/OneDrive/Documentos/ITBA/PYTHON_DATA_APP/itba/lib/python3.10/site-packages/airflow/example_dags/example_task_group.py took 0.099 seconds
[2024-10-20T19:16:34.612-0300] {processor.py:186} INFO - Started process (PID=307706) to work on /mnt/c/Users/Pato_/OneDrive/Documentos/ITBA/PYTHON_DATA_APP/itba/lib/python3.10/site-packages/airflow/example_dags/example_task_group.py
[2024-10-20T19:16:34.613-0300] {processor.py:914} INFO - Processing file /mnt/c/Users/Pato_/OneDrive/Documentos/ITBA/PYTHON_DATA_APP/itba/lib/python3.10/site-packages/airflow/example_dags/example_task_group.py for tasks to queue
[2024-10-20T19:16:34.616-0300] {logging_mixin.py:190} INFO - [2024-10-20T19:16:34.615-0300] {dagbag.py:588} INFO - Filling up the DagBag from /mnt/c/Users/Pato_/OneDrive/Documentos/ITBA/PYTHON_DATA_APP/itba/lib/python3.10/site-packages/airflow/example_dags/example_task_group.py
[2024-10-20T19:16:34.655-0300] {processor.py:925} INFO - DAG(s) 'example_task_group' retrieved from /mnt/c/Users/Pato_/OneDrive/Documentos/ITBA/PYTHON_DATA_APP/itba/lib/python3.10/site-packages/airflow/example_dags/example_task_group.py
[2024-10-20T19:16:34.671-0300] {logging_mixin.py:190} INFO - [2024-10-20T19:16:34.670-0300] {dag.py:3239} INFO - Sync 1 DAGs
[2024-10-20T19:16:34.680-0300] {logging_mixin.py:190} INFO - [2024-10-20T19:16:34.680-0300] {dag.py:4180} INFO - Setting next_dagrun for example_task_group to None, run_after=None
[2024-10-20T19:16:34.710-0300] {processor.py:208} INFO - Processing /mnt/c/Users/Pato_/OneDrive/Documentos/ITBA/PYTHON_DATA_APP/itba/lib/python3.10/site-packages/airflow/example_dags/example_task_group.py took 0.104 seconds
[2024-10-20T19:17:49.130-0300] {processor.py:186} INFO - Started process (PID=308288) to work on /mnt/c/Users/Pato_/OneDrive/Documentos/ITBA/PYTHON_DATA_APP/itba/lib/python3.10/site-packages/airflow/example_dags/example_task_group.py
[2024-10-20T19:17:49.131-0300] {processor.py:914} INFO - Processing file /mnt/c/Users/Pato_/OneDrive/Documentos/ITBA/PYTHON_DATA_APP/itba/lib/python3.10/site-packages/airflow/example_dags/example_task_group.py for tasks to queue
[2024-10-20T19:17:49.133-0300] {logging_mixin.py:190} INFO - [2024-10-20T19:17:49.132-0300] {dagbag.py:588} INFO - Filling up the DagBag from /mnt/c/Users/Pato_/OneDrive/Documentos/ITBA/PYTHON_DATA_APP/itba/lib/python3.10/site-packages/airflow/example_dags/example_task_group.py
[2024-10-20T19:17:49.174-0300] {processor.py:925} INFO - DAG(s) 'example_task_group' retrieved from /mnt/c/Users/Pato_/OneDrive/Documentos/ITBA/PYTHON_DATA_APP/itba/lib/python3.10/site-packages/airflow/example_dags/example_task_group.py
[2024-10-20T19:17:49.190-0300] {logging_mixin.py:190} INFO - [2024-10-20T19:17:49.189-0300] {dag.py:3239} INFO - Sync 1 DAGs
[2024-10-20T19:17:49.199-0300] {logging_mixin.py:190} INFO - [2024-10-20T19:17:49.198-0300] {dag.py:4180} INFO - Setting next_dagrun for example_task_group to None, run_after=None
[2024-10-20T19:17:49.227-0300] {processor.py:208} INFO - Processing /mnt/c/Users/Pato_/OneDrive/Documentos/ITBA/PYTHON_DATA_APP/itba/lib/python3.10/site-packages/airflow/example_dags/example_task_group.py took 0.105 seconds
[2024-10-20T19:18:58.978-0300] {processor.py:186} INFO - Started process (PID=308836) to work on /mnt/c/Users/Pato_/OneDrive/Documentos/ITBA/PYTHON_DATA_APP/itba/lib/python3.10/site-packages/airflow/example_dags/example_task_group.py
[2024-10-20T19:18:58.979-0300] {processor.py:914} INFO - Processing file /mnt/c/Users/Pato_/OneDrive/Documentos/ITBA/PYTHON_DATA_APP/itba/lib/python3.10/site-packages/airflow/example_dags/example_task_group.py for tasks to queue
[2024-10-20T19:18:58.981-0300] {logging_mixin.py:190} INFO - [2024-10-20T19:18:58.981-0300] {dagbag.py:588} INFO - Filling up the DagBag from /mnt/c/Users/Pato_/OneDrive/Documentos/ITBA/PYTHON_DATA_APP/itba/lib/python3.10/site-packages/airflow/example_dags/example_task_group.py
[2024-10-20T19:18:59.020-0300] {processor.py:925} INFO - DAG(s) 'example_task_group' retrieved from /mnt/c/Users/Pato_/OneDrive/Documentos/ITBA/PYTHON_DATA_APP/itba/lib/python3.10/site-packages/airflow/example_dags/example_task_group.py
[2024-10-20T19:18:59.035-0300] {logging_mixin.py:190} INFO - [2024-10-20T19:18:59.034-0300] {dag.py:3239} INFO - Sync 1 DAGs
[2024-10-20T19:18:59.044-0300] {logging_mixin.py:190} INFO - [2024-10-20T19:18:59.043-0300] {dag.py:4180} INFO - Setting next_dagrun for example_task_group to None, run_after=None
[2024-10-20T19:18:59.072-0300] {processor.py:208} INFO - Processing /mnt/c/Users/Pato_/OneDrive/Documentos/ITBA/PYTHON_DATA_APP/itba/lib/python3.10/site-packages/airflow/example_dags/example_task_group.py took 0.100 seconds
[2024-10-20T19:20:11.082-0300] {processor.py:186} INFO - Started process (PID=309423) to work on /mnt/c/Users/Pato_/OneDrive/Documentos/ITBA/PYTHON_DATA_APP/itba/lib/python3.10/site-packages/airflow/example_dags/example_task_group.py
[2024-10-20T19:20:11.083-0300] {processor.py:914} INFO - Processing file /mnt/c/Users/Pato_/OneDrive/Documentos/ITBA/PYTHON_DATA_APP/itba/lib/python3.10/site-packages/airflow/example_dags/example_task_group.py for tasks to queue
[2024-10-20T19:20:11.085-0300] {logging_mixin.py:190} INFO - [2024-10-20T19:20:11.084-0300] {dagbag.py:588} INFO - Filling up the DagBag from /mnt/c/Users/Pato_/OneDrive/Documentos/ITBA/PYTHON_DATA_APP/itba/lib/python3.10/site-packages/airflow/example_dags/example_task_group.py
[2024-10-20T19:20:11.123-0300] {processor.py:925} INFO - DAG(s) 'example_task_group' retrieved from /mnt/c/Users/Pato_/OneDrive/Documentos/ITBA/PYTHON_DATA_APP/itba/lib/python3.10/site-packages/airflow/example_dags/example_task_group.py
[2024-10-20T19:20:11.139-0300] {logging_mixin.py:190} INFO - [2024-10-20T19:20:11.139-0300] {dag.py:3239} INFO - Sync 1 DAGs
[2024-10-20T19:20:11.148-0300] {logging_mixin.py:190} INFO - [2024-10-20T19:20:11.147-0300] {dag.py:4180} INFO - Setting next_dagrun for example_task_group to None, run_after=None
[2024-10-20T19:20:11.177-0300] {processor.py:208} INFO - Processing /mnt/c/Users/Pato_/OneDrive/Documentos/ITBA/PYTHON_DATA_APP/itba/lib/python3.10/site-packages/airflow/example_dags/example_task_group.py took 0.102 seconds
[2024-10-20T19:21:21.611-0300] {processor.py:186} INFO - Started process (PID=310040) to work on /mnt/c/Users/Pato_/OneDrive/Documentos/ITBA/PYTHON_DATA_APP/itba/lib/python3.10/site-packages/airflow/example_dags/example_task_group.py
[2024-10-20T19:21:21.612-0300] {processor.py:914} INFO - Processing file /mnt/c/Users/Pato_/OneDrive/Documentos/ITBA/PYTHON_DATA_APP/itba/lib/python3.10/site-packages/airflow/example_dags/example_task_group.py for tasks to queue
[2024-10-20T19:21:21.614-0300] {logging_mixin.py:190} INFO - [2024-10-20T19:21:21.613-0300] {dagbag.py:588} INFO - Filling up the DagBag from /mnt/c/Users/Pato_/OneDrive/Documentos/ITBA/PYTHON_DATA_APP/itba/lib/python3.10/site-packages/airflow/example_dags/example_task_group.py
[2024-10-20T19:21:21.653-0300] {processor.py:925} INFO - DAG(s) 'example_task_group' retrieved from /mnt/c/Users/Pato_/OneDrive/Documentos/ITBA/PYTHON_DATA_APP/itba/lib/python3.10/site-packages/airflow/example_dags/example_task_group.py
[2024-10-20T19:21:21.670-0300] {logging_mixin.py:190} INFO - [2024-10-20T19:21:21.670-0300] {dag.py:3239} INFO - Sync 1 DAGs
[2024-10-20T19:21:21.680-0300] {logging_mixin.py:190} INFO - [2024-10-20T19:21:21.679-0300] {dag.py:4180} INFO - Setting next_dagrun for example_task_group to None, run_after=None
[2024-10-20T19:21:21.722-0300] {processor.py:208} INFO - Processing /mnt/c/Users/Pato_/OneDrive/Documentos/ITBA/PYTHON_DATA_APP/itba/lib/python3.10/site-packages/airflow/example_dags/example_task_group.py took 0.118 seconds
[2024-10-20T19:22:27.210-0300] {processor.py:186} INFO - Started process (PID=310642) to work on /mnt/c/Users/Pato_/OneDrive/Documentos/ITBA/PYTHON_DATA_APP/itba/lib/python3.10/site-packages/airflow/example_dags/example_task_group.py
[2024-10-20T19:22:27.211-0300] {processor.py:914} INFO - Processing file /mnt/c/Users/Pato_/OneDrive/Documentos/ITBA/PYTHON_DATA_APP/itba/lib/python3.10/site-packages/airflow/example_dags/example_task_group.py for tasks to queue
[2024-10-20T19:22:27.214-0300] {logging_mixin.py:190} INFO - [2024-10-20T19:22:27.213-0300] {dagbag.py:588} INFO - Filling up the DagBag from /mnt/c/Users/Pato_/OneDrive/Documentos/ITBA/PYTHON_DATA_APP/itba/lib/python3.10/site-packages/airflow/example_dags/example_task_group.py
[2024-10-20T19:22:27.254-0300] {processor.py:925} INFO - DAG(s) 'example_task_group' retrieved from /mnt/c/Users/Pato_/OneDrive/Documentos/ITBA/PYTHON_DATA_APP/itba/lib/python3.10/site-packages/airflow/example_dags/example_task_group.py
[2024-10-20T19:22:27.270-0300] {logging_mixin.py:190} INFO - [2024-10-20T19:22:27.270-0300] {dag.py:3239} INFO - Sync 1 DAGs
[2024-10-20T19:22:27.280-0300] {logging_mixin.py:190} INFO - [2024-10-20T19:22:27.279-0300] {dag.py:4180} INFO - Setting next_dagrun for example_task_group to None, run_after=None
[2024-10-20T19:22:27.310-0300] {processor.py:208} INFO - Processing /mnt/c/Users/Pato_/OneDrive/Documentos/ITBA/PYTHON_DATA_APP/itba/lib/python3.10/site-packages/airflow/example_dags/example_task_group.py took 0.107 seconds
[2024-10-20T19:23:30.189-0300] {processor.py:186} INFO - Started process (PID=311282) to work on /mnt/c/Users/Pato_/OneDrive/Documentos/ITBA/PYTHON_DATA_APP/itba/lib/python3.10/site-packages/airflow/example_dags/example_task_group.py
[2024-10-20T19:23:30.190-0300] {processor.py:914} INFO - Processing file /mnt/c/Users/Pato_/OneDrive/Documentos/ITBA/PYTHON_DATA_APP/itba/lib/python3.10/site-packages/airflow/example_dags/example_task_group.py for tasks to queue
[2024-10-20T19:23:30.193-0300] {logging_mixin.py:190} INFO - [2024-10-20T19:23:30.192-0300] {dagbag.py:588} INFO - Filling up the DagBag from /mnt/c/Users/Pato_/OneDrive/Documentos/ITBA/PYTHON_DATA_APP/itba/lib/python3.10/site-packages/airflow/example_dags/example_task_group.py
[2024-10-20T19:23:30.234-0300] {processor.py:925} INFO - DAG(s) 'example_task_group' retrieved from /mnt/c/Users/Pato_/OneDrive/Documentos/ITBA/PYTHON_DATA_APP/itba/lib/python3.10/site-packages/airflow/example_dags/example_task_group.py
[2024-10-20T19:23:30.251-0300] {logging_mixin.py:190} INFO - [2024-10-20T19:23:30.250-0300] {dag.py:3239} INFO - Sync 1 DAGs
[2024-10-20T19:23:30.260-0300] {logging_mixin.py:190} INFO - [2024-10-20T19:23:30.259-0300] {dag.py:4180} INFO - Setting next_dagrun for example_task_group to None, run_after=None
[2024-10-20T19:23:30.290-0300] {processor.py:208} INFO - Processing /mnt/c/Users/Pato_/OneDrive/Documentos/ITBA/PYTHON_DATA_APP/itba/lib/python3.10/site-packages/airflow/example_dags/example_task_group.py took 0.108 seconds
[2024-10-20T19:24:35.635-0300] {processor.py:186} INFO - Started process (PID=312208) to work on /mnt/c/Users/Pato_/OneDrive/Documentos/ITBA/PYTHON_DATA_APP/itba/lib/python3.10/site-packages/airflow/example_dags/example_task_group.py
[2024-10-20T19:24:35.637-0300] {processor.py:914} INFO - Processing file /mnt/c/Users/Pato_/OneDrive/Documentos/ITBA/PYTHON_DATA_APP/itba/lib/python3.10/site-packages/airflow/example_dags/example_task_group.py for tasks to queue
[2024-10-20T19:24:35.639-0300] {logging_mixin.py:190} INFO - [2024-10-20T19:24:35.638-0300] {dagbag.py:588} INFO - Filling up the DagBag from /mnt/c/Users/Pato_/OneDrive/Documentos/ITBA/PYTHON_DATA_APP/itba/lib/python3.10/site-packages/airflow/example_dags/example_task_group.py
[2024-10-20T19:24:35.678-0300] {processor.py:925} INFO - DAG(s) 'example_task_group' retrieved from /mnt/c/Users/Pato_/OneDrive/Documentos/ITBA/PYTHON_DATA_APP/itba/lib/python3.10/site-packages/airflow/example_dags/example_task_group.py
[2024-10-20T19:24:35.696-0300] {logging_mixin.py:190} INFO - [2024-10-20T19:24:35.696-0300] {dag.py:3239} INFO - Sync 1 DAGs
[2024-10-20T19:24:35.706-0300] {logging_mixin.py:190} INFO - [2024-10-20T19:24:35.705-0300] {dag.py:4180} INFO - Setting next_dagrun for example_task_group to None, run_after=None
[2024-10-20T19:24:35.735-0300] {processor.py:208} INFO - Processing /mnt/c/Users/Pato_/OneDrive/Documentos/ITBA/PYTHON_DATA_APP/itba/lib/python3.10/site-packages/airflow/example_dags/example_task_group.py took 0.107 seconds
[2024-10-20T19:26:14.698-0300] {processor.py:186} INFO - Started process (PID=313531) to work on /mnt/c/Users/Pato_/OneDrive/Documentos/ITBA/PYTHON_DATA_APP/itba/lib/python3.10/site-packages/airflow/example_dags/example_task_group.py
[2024-10-20T19:26:14.699-0300] {processor.py:914} INFO - Processing file /mnt/c/Users/Pato_/OneDrive/Documentos/ITBA/PYTHON_DATA_APP/itba/lib/python3.10/site-packages/airflow/example_dags/example_task_group.py for tasks to queue
[2024-10-20T19:26:14.701-0300] {logging_mixin.py:190} INFO - [2024-10-20T19:26:14.701-0300] {dagbag.py:588} INFO - Filling up the DagBag from /mnt/c/Users/Pato_/OneDrive/Documentos/ITBA/PYTHON_DATA_APP/itba/lib/python3.10/site-packages/airflow/example_dags/example_task_group.py
[2024-10-20T19:26:14.740-0300] {processor.py:925} INFO - DAG(s) 'example_task_group' retrieved from /mnt/c/Users/Pato_/OneDrive/Documentos/ITBA/PYTHON_DATA_APP/itba/lib/python3.10/site-packages/airflow/example_dags/example_task_group.py
[2024-10-20T19:26:14.756-0300] {logging_mixin.py:190} INFO - [2024-10-20T19:26:14.755-0300] {dag.py:3239} INFO - Sync 1 DAGs
[2024-10-20T19:26:14.765-0300] {logging_mixin.py:190} INFO - [2024-10-20T19:26:14.764-0300] {dag.py:4180} INFO - Setting next_dagrun for example_task_group to None, run_after=None
[2024-10-20T19:26:14.793-0300] {processor.py:208} INFO - Processing /mnt/c/Users/Pato_/OneDrive/Documentos/ITBA/PYTHON_DATA_APP/itba/lib/python3.10/site-packages/airflow/example_dags/example_task_group.py took 0.102 seconds
[2024-10-20T19:27:19.721-0300] {processor.py:186} INFO - Started process (PID=314265) to work on /mnt/c/Users/Pato_/OneDrive/Documentos/ITBA/PYTHON_DATA_APP/itba/lib/python3.10/site-packages/airflow/example_dags/example_task_group.py
[2024-10-20T19:27:19.722-0300] {processor.py:914} INFO - Processing file /mnt/c/Users/Pato_/OneDrive/Documentos/ITBA/PYTHON_DATA_APP/itba/lib/python3.10/site-packages/airflow/example_dags/example_task_group.py for tasks to queue
[2024-10-20T19:27:19.724-0300] {logging_mixin.py:190} INFO - [2024-10-20T19:27:19.724-0300] {dagbag.py:588} INFO - Filling up the DagBag from /mnt/c/Users/Pato_/OneDrive/Documentos/ITBA/PYTHON_DATA_APP/itba/lib/python3.10/site-packages/airflow/example_dags/example_task_group.py
[2024-10-20T19:27:19.763-0300] {processor.py:925} INFO - DAG(s) 'example_task_group' retrieved from /mnt/c/Users/Pato_/OneDrive/Documentos/ITBA/PYTHON_DATA_APP/itba/lib/python3.10/site-packages/airflow/example_dags/example_task_group.py
[2024-10-20T19:27:19.778-0300] {logging_mixin.py:190} INFO - [2024-10-20T19:27:19.778-0300] {dag.py:3239} INFO - Sync 1 DAGs
[2024-10-20T19:27:19.787-0300] {logging_mixin.py:190} INFO - [2024-10-20T19:27:19.787-0300] {dag.py:4180} INFO - Setting next_dagrun for example_task_group to None, run_after=None
[2024-10-20T19:27:19.817-0300] {processor.py:208} INFO - Processing /mnt/c/Users/Pato_/OneDrive/Documentos/ITBA/PYTHON_DATA_APP/itba/lib/python3.10/site-packages/airflow/example_dags/example_task_group.py took 0.103 seconds
[2024-10-20T19:28:26.192-0300] {processor.py:186} INFO - Started process (PID=315076) to work on /mnt/c/Users/Pato_/OneDrive/Documentos/ITBA/PYTHON_DATA_APP/itba/lib/python3.10/site-packages/airflow/example_dags/example_task_group.py
[2024-10-20T19:28:26.193-0300] {processor.py:914} INFO - Processing file /mnt/c/Users/Pato_/OneDrive/Documentos/ITBA/PYTHON_DATA_APP/itba/lib/python3.10/site-packages/airflow/example_dags/example_task_group.py for tasks to queue
[2024-10-20T19:28:26.195-0300] {logging_mixin.py:190} INFO - [2024-10-20T19:28:26.195-0300] {dagbag.py:588} INFO - Filling up the DagBag from /mnt/c/Users/Pato_/OneDrive/Documentos/ITBA/PYTHON_DATA_APP/itba/lib/python3.10/site-packages/airflow/example_dags/example_task_group.py
[2024-10-20T19:28:26.237-0300] {processor.py:925} INFO - DAG(s) 'example_task_group' retrieved from /mnt/c/Users/Pato_/OneDrive/Documentos/ITBA/PYTHON_DATA_APP/itba/lib/python3.10/site-packages/airflow/example_dags/example_task_group.py
[2024-10-20T19:28:26.253-0300] {logging_mixin.py:190} INFO - [2024-10-20T19:28:26.252-0300] {dag.py:3239} INFO - Sync 1 DAGs
[2024-10-20T19:28:26.262-0300] {logging_mixin.py:190} INFO - [2024-10-20T19:28:26.261-0300] {dag.py:4180} INFO - Setting next_dagrun for example_task_group to None, run_after=None
[2024-10-20T19:28:26.292-0300] {processor.py:208} INFO - Processing /mnt/c/Users/Pato_/OneDrive/Documentos/ITBA/PYTHON_DATA_APP/itba/lib/python3.10/site-packages/airflow/example_dags/example_task_group.py took 0.107 seconds
[2024-10-20T19:29:33.946-0300] {processor.py:186} INFO - Started process (PID=315876) to work on /mnt/c/Users/Pato_/OneDrive/Documentos/ITBA/PYTHON_DATA_APP/itba/lib/python3.10/site-packages/airflow/example_dags/example_task_group.py
[2024-10-20T19:29:33.948-0300] {processor.py:914} INFO - Processing file /mnt/c/Users/Pato_/OneDrive/Documentos/ITBA/PYTHON_DATA_APP/itba/lib/python3.10/site-packages/airflow/example_dags/example_task_group.py for tasks to queue
[2024-10-20T19:29:33.951-0300] {logging_mixin.py:190} INFO - [2024-10-20T19:29:33.950-0300] {dagbag.py:588} INFO - Filling up the DagBag from /mnt/c/Users/Pato_/OneDrive/Documentos/ITBA/PYTHON_DATA_APP/itba/lib/python3.10/site-packages/airflow/example_dags/example_task_group.py
[2024-10-20T19:29:33.997-0300] {processor.py:925} INFO - DAG(s) 'example_task_group' retrieved from /mnt/c/Users/Pato_/OneDrive/Documentos/ITBA/PYTHON_DATA_APP/itba/lib/python3.10/site-packages/airflow/example_dags/example_task_group.py
[2024-10-20T19:29:34.015-0300] {logging_mixin.py:190} INFO - [2024-10-20T19:29:34.015-0300] {dag.py:3239} INFO - Sync 1 DAGs
[2024-10-20T19:29:34.025-0300] {logging_mixin.py:190} INFO - [2024-10-20T19:29:34.025-0300] {dag.py:4180} INFO - Setting next_dagrun for example_task_group to None, run_after=None
[2024-10-20T19:29:34.059-0300] {processor.py:208} INFO - Processing /mnt/c/Users/Pato_/OneDrive/Documentos/ITBA/PYTHON_DATA_APP/itba/lib/python3.10/site-packages/airflow/example_dags/example_task_group.py took 0.120 seconds
[2024-10-20T19:30:46.276-0300] {processor.py:186} INFO - Started process (PID=316480) to work on /mnt/c/Users/Pato_/OneDrive/Documentos/ITBA/PYTHON_DATA_APP/itba/lib/python3.10/site-packages/airflow/example_dags/example_task_group.py
[2024-10-20T19:30:46.277-0300] {processor.py:914} INFO - Processing file /mnt/c/Users/Pato_/OneDrive/Documentos/ITBA/PYTHON_DATA_APP/itba/lib/python3.10/site-packages/airflow/example_dags/example_task_group.py for tasks to queue
[2024-10-20T19:30:46.280-0300] {logging_mixin.py:190} INFO - [2024-10-20T19:30:46.279-0300] {dagbag.py:588} INFO - Filling up the DagBag from /mnt/c/Users/Pato_/OneDrive/Documentos/ITBA/PYTHON_DATA_APP/itba/lib/python3.10/site-packages/airflow/example_dags/example_task_group.py
[2024-10-20T19:30:46.321-0300] {processor.py:925} INFO - DAG(s) 'example_task_group' retrieved from /mnt/c/Users/Pato_/OneDrive/Documentos/ITBA/PYTHON_DATA_APP/itba/lib/python3.10/site-packages/airflow/example_dags/example_task_group.py
[2024-10-20T19:30:46.336-0300] {logging_mixin.py:190} INFO - [2024-10-20T19:30:46.336-0300] {dag.py:3239} INFO - Sync 1 DAGs
[2024-10-20T19:30:46.345-0300] {logging_mixin.py:190} INFO - [2024-10-20T19:30:46.344-0300] {dag.py:4180} INFO - Setting next_dagrun for example_task_group to None, run_after=None
[2024-10-20T19:30:46.374-0300] {processor.py:208} INFO - Processing /mnt/c/Users/Pato_/OneDrive/Documentos/ITBA/PYTHON_DATA_APP/itba/lib/python3.10/site-packages/airflow/example_dags/example_task_group.py took 0.104 seconds
[2024-10-20T19:31:52.541-0300] {processor.py:186} INFO - Started process (PID=316994) to work on /mnt/c/Users/Pato_/OneDrive/Documentos/ITBA/PYTHON_DATA_APP/itba/lib/python3.10/site-packages/airflow/example_dags/example_task_group.py
[2024-10-20T19:31:52.542-0300] {processor.py:914} INFO - Processing file /mnt/c/Users/Pato_/OneDrive/Documentos/ITBA/PYTHON_DATA_APP/itba/lib/python3.10/site-packages/airflow/example_dags/example_task_group.py for tasks to queue
[2024-10-20T19:31:52.544-0300] {logging_mixin.py:190} INFO - [2024-10-20T19:31:52.544-0300] {dagbag.py:588} INFO - Filling up the DagBag from /mnt/c/Users/Pato_/OneDrive/Documentos/ITBA/PYTHON_DATA_APP/itba/lib/python3.10/site-packages/airflow/example_dags/example_task_group.py
[2024-10-20T19:31:52.586-0300] {processor.py:925} INFO - DAG(s) 'example_task_group' retrieved from /mnt/c/Users/Pato_/OneDrive/Documentos/ITBA/PYTHON_DATA_APP/itba/lib/python3.10/site-packages/airflow/example_dags/example_task_group.py
[2024-10-20T19:31:52.601-0300] {logging_mixin.py:190} INFO - [2024-10-20T19:31:52.601-0300] {dag.py:3239} INFO - Sync 1 DAGs
[2024-10-20T19:31:52.610-0300] {logging_mixin.py:190} INFO - [2024-10-20T19:31:52.609-0300] {dag.py:4180} INFO - Setting next_dagrun for example_task_group to None, run_after=None
[2024-10-20T19:31:52.640-0300] {processor.py:208} INFO - Processing /mnt/c/Users/Pato_/OneDrive/Documentos/ITBA/PYTHON_DATA_APP/itba/lib/python3.10/site-packages/airflow/example_dags/example_task_group.py took 0.107 seconds
[2024-10-20T19:32:59.967-0300] {processor.py:186} INFO - Started process (PID=317547) to work on /mnt/c/Users/Pato_/OneDrive/Documentos/ITBA/PYTHON_DATA_APP/itba/lib/python3.10/site-packages/airflow/example_dags/example_task_group.py
[2024-10-20T19:32:59.968-0300] {processor.py:914} INFO - Processing file /mnt/c/Users/Pato_/OneDrive/Documentos/ITBA/PYTHON_DATA_APP/itba/lib/python3.10/site-packages/airflow/example_dags/example_task_group.py for tasks to queue
[2024-10-20T19:32:59.971-0300] {logging_mixin.py:190} INFO - [2024-10-20T19:32:59.970-0300] {dagbag.py:588} INFO - Filling up the DagBag from /mnt/c/Users/Pato_/OneDrive/Documentos/ITBA/PYTHON_DATA_APP/itba/lib/python3.10/site-packages/airflow/example_dags/example_task_group.py
[2024-10-20T19:33:00.015-0300] {processor.py:925} INFO - DAG(s) 'example_task_group' retrieved from /mnt/c/Users/Pato_/OneDrive/Documentos/ITBA/PYTHON_DATA_APP/itba/lib/python3.10/site-packages/airflow/example_dags/example_task_group.py
[2024-10-20T19:33:00.032-0300] {logging_mixin.py:190} INFO - [2024-10-20T19:33:00.031-0300] {dag.py:3239} INFO - Sync 1 DAGs
[2024-10-20T19:33:00.041-0300] {logging_mixin.py:190} INFO - [2024-10-20T19:33:00.041-0300] {dag.py:4180} INFO - Setting next_dagrun for example_task_group to None, run_after=None
[2024-10-20T19:33:00.075-0300] {processor.py:208} INFO - Processing /mnt/c/Users/Pato_/OneDrive/Documentos/ITBA/PYTHON_DATA_APP/itba/lib/python3.10/site-packages/airflow/example_dags/example_task_group.py took 0.115 seconds
[2024-10-20T19:34:05.387-0300] {processor.py:186} INFO - Started process (PID=318200) to work on /mnt/c/Users/Pato_/OneDrive/Documentos/ITBA/PYTHON_DATA_APP/itba/lib/python3.10/site-packages/airflow/example_dags/example_task_group.py
[2024-10-20T19:34:05.388-0300] {processor.py:914} INFO - Processing file /mnt/c/Users/Pato_/OneDrive/Documentos/ITBA/PYTHON_DATA_APP/itba/lib/python3.10/site-packages/airflow/example_dags/example_task_group.py for tasks to queue
[2024-10-20T19:34:05.390-0300] {logging_mixin.py:190} INFO - [2024-10-20T19:34:05.390-0300] {dagbag.py:588} INFO - Filling up the DagBag from /mnt/c/Users/Pato_/OneDrive/Documentos/ITBA/PYTHON_DATA_APP/itba/lib/python3.10/site-packages/airflow/example_dags/example_task_group.py
[2024-10-20T19:34:05.430-0300] {processor.py:925} INFO - DAG(s) 'example_task_group' retrieved from /mnt/c/Users/Pato_/OneDrive/Documentos/ITBA/PYTHON_DATA_APP/itba/lib/python3.10/site-packages/airflow/example_dags/example_task_group.py
[2024-10-20T19:34:05.447-0300] {logging_mixin.py:190} INFO - [2024-10-20T19:34:05.447-0300] {dag.py:3239} INFO - Sync 1 DAGs
[2024-10-20T19:34:05.457-0300] {logging_mixin.py:190} INFO - [2024-10-20T19:34:05.456-0300] {dag.py:4180} INFO - Setting next_dagrun for example_task_group to None, run_after=None
[2024-10-20T19:34:05.487-0300] {processor.py:208} INFO - Processing /mnt/c/Users/Pato_/OneDrive/Documentos/ITBA/PYTHON_DATA_APP/itba/lib/python3.10/site-packages/airflow/example_dags/example_task_group.py took 0.107 seconds
[2024-10-20T19:35:15.911-0300] {processor.py:186} INFO - Started process (PID=318997) to work on /mnt/c/Users/Pato_/OneDrive/Documentos/ITBA/PYTHON_DATA_APP/itba/lib/python3.10/site-packages/airflow/example_dags/example_task_group.py
[2024-10-20T19:35:15.912-0300] {processor.py:914} INFO - Processing file /mnt/c/Users/Pato_/OneDrive/Documentos/ITBA/PYTHON_DATA_APP/itba/lib/python3.10/site-packages/airflow/example_dags/example_task_group.py for tasks to queue
[2024-10-20T19:35:15.915-0300] {logging_mixin.py:190} INFO - [2024-10-20T19:35:15.914-0300] {dagbag.py:588} INFO - Filling up the DagBag from /mnt/c/Users/Pato_/OneDrive/Documentos/ITBA/PYTHON_DATA_APP/itba/lib/python3.10/site-packages/airflow/example_dags/example_task_group.py
[2024-10-20T19:35:15.959-0300] {processor.py:925} INFO - DAG(s) 'example_task_group' retrieved from /mnt/c/Users/Pato_/OneDrive/Documentos/ITBA/PYTHON_DATA_APP/itba/lib/python3.10/site-packages/airflow/example_dags/example_task_group.py
[2024-10-20T19:35:15.982-0300] {logging_mixin.py:190} INFO - [2024-10-20T19:35:15.981-0300] {dag.py:3239} INFO - Sync 1 DAGs
[2024-10-20T19:35:15.991-0300] {logging_mixin.py:190} INFO - [2024-10-20T19:35:15.990-0300] {dag.py:4180} INFO - Setting next_dagrun for example_task_group to None, run_after=None
[2024-10-20T19:35:16.022-0300] {processor.py:208} INFO - Processing /mnt/c/Users/Pato_/OneDrive/Documentos/ITBA/PYTHON_DATA_APP/itba/lib/python3.10/site-packages/airflow/example_dags/example_task_group.py took 0.118 seconds
[2024-10-20T19:36:25.539-0300] {processor.py:186} INFO - Started process (PID=319556) to work on /mnt/c/Users/Pato_/OneDrive/Documentos/ITBA/PYTHON_DATA_APP/itba/lib/python3.10/site-packages/airflow/example_dags/example_task_group.py
[2024-10-20T19:36:25.539-0300] {processor.py:914} INFO - Processing file /mnt/c/Users/Pato_/OneDrive/Documentos/ITBA/PYTHON_DATA_APP/itba/lib/python3.10/site-packages/airflow/example_dags/example_task_group.py for tasks to queue
[2024-10-20T19:36:25.542-0300] {logging_mixin.py:190} INFO - [2024-10-20T19:36:25.541-0300] {dagbag.py:588} INFO - Filling up the DagBag from /mnt/c/Users/Pato_/OneDrive/Documentos/ITBA/PYTHON_DATA_APP/itba/lib/python3.10/site-packages/airflow/example_dags/example_task_group.py
[2024-10-20T19:36:25.581-0300] {processor.py:925} INFO - DAG(s) 'example_task_group' retrieved from /mnt/c/Users/Pato_/OneDrive/Documentos/ITBA/PYTHON_DATA_APP/itba/lib/python3.10/site-packages/airflow/example_dags/example_task_group.py
[2024-10-20T19:36:25.598-0300] {logging_mixin.py:190} INFO - [2024-10-20T19:36:25.597-0300] {dag.py:3239} INFO - Sync 1 DAGs
[2024-10-20T19:36:25.607-0300] {logging_mixin.py:190} INFO - [2024-10-20T19:36:25.607-0300] {dag.py:4180} INFO - Setting next_dagrun for example_task_group to None, run_after=None
[2024-10-20T19:36:25.637-0300] {processor.py:208} INFO - Processing /mnt/c/Users/Pato_/OneDrive/Documentos/ITBA/PYTHON_DATA_APP/itba/lib/python3.10/site-packages/airflow/example_dags/example_task_group.py took 0.106 seconds
[2024-10-20T19:37:33.681-0300] {processor.py:186} INFO - Started process (PID=320084) to work on /mnt/c/Users/Pato_/OneDrive/Documentos/ITBA/PYTHON_DATA_APP/itba/lib/python3.10/site-packages/airflow/example_dags/example_task_group.py
[2024-10-20T19:37:33.682-0300] {processor.py:914} INFO - Processing file /mnt/c/Users/Pato_/OneDrive/Documentos/ITBA/PYTHON_DATA_APP/itba/lib/python3.10/site-packages/airflow/example_dags/example_task_group.py for tasks to queue
[2024-10-20T19:37:33.684-0300] {logging_mixin.py:190} INFO - [2024-10-20T19:37:33.683-0300] {dagbag.py:588} INFO - Filling up the DagBag from /mnt/c/Users/Pato_/OneDrive/Documentos/ITBA/PYTHON_DATA_APP/itba/lib/python3.10/site-packages/airflow/example_dags/example_task_group.py
[2024-10-20T19:37:33.723-0300] {processor.py:925} INFO - DAG(s) 'example_task_group' retrieved from /mnt/c/Users/Pato_/OneDrive/Documentos/ITBA/PYTHON_DATA_APP/itba/lib/python3.10/site-packages/airflow/example_dags/example_task_group.py
[2024-10-20T19:37:33.738-0300] {logging_mixin.py:190} INFO - [2024-10-20T19:37:33.737-0300] {dag.py:3239} INFO - Sync 1 DAGs
[2024-10-20T19:37:33.746-0300] {logging_mixin.py:190} INFO - [2024-10-20T19:37:33.746-0300] {dag.py:4180} INFO - Setting next_dagrun for example_task_group to None, run_after=None
[2024-10-20T19:37:33.775-0300] {processor.py:208} INFO - Processing /mnt/c/Users/Pato_/OneDrive/Documentos/ITBA/PYTHON_DATA_APP/itba/lib/python3.10/site-packages/airflow/example_dags/example_task_group.py took 0.100 seconds
[2024-10-20T19:38:38.679-0300] {processor.py:186} INFO - Started process (PID=320593) to work on /mnt/c/Users/Pato_/OneDrive/Documentos/ITBA/PYTHON_DATA_APP/itba/lib/python3.10/site-packages/airflow/example_dags/example_task_group.py
[2024-10-20T19:38:38.680-0300] {processor.py:914} INFO - Processing file /mnt/c/Users/Pato_/OneDrive/Documentos/ITBA/PYTHON_DATA_APP/itba/lib/python3.10/site-packages/airflow/example_dags/example_task_group.py for tasks to queue
[2024-10-20T19:38:38.682-0300] {logging_mixin.py:190} INFO - [2024-10-20T19:38:38.682-0300] {dagbag.py:588} INFO - Filling up the DagBag from /mnt/c/Users/Pato_/OneDrive/Documentos/ITBA/PYTHON_DATA_APP/itba/lib/python3.10/site-packages/airflow/example_dags/example_task_group.py
[2024-10-20T19:38:38.723-0300] {processor.py:925} INFO - DAG(s) 'example_task_group' retrieved from /mnt/c/Users/Pato_/OneDrive/Documentos/ITBA/PYTHON_DATA_APP/itba/lib/python3.10/site-packages/airflow/example_dags/example_task_group.py
[2024-10-20T19:38:38.740-0300] {logging_mixin.py:190} INFO - [2024-10-20T19:38:38.739-0300] {dag.py:3239} INFO - Sync 1 DAGs
[2024-10-20T19:38:38.748-0300] {logging_mixin.py:190} INFO - [2024-10-20T19:38:38.748-0300] {dag.py:4180} INFO - Setting next_dagrun for example_task_group to None, run_after=None
[2024-10-20T19:38:38.778-0300] {processor.py:208} INFO - Processing /mnt/c/Users/Pato_/OneDrive/Documentos/ITBA/PYTHON_DATA_APP/itba/lib/python3.10/site-packages/airflow/example_dags/example_task_group.py took 0.106 seconds
[2024-10-20T19:39:45.656-0300] {processor.py:186} INFO - Started process (PID=321184) to work on /mnt/c/Users/Pato_/OneDrive/Documentos/ITBA/PYTHON_DATA_APP/itba/lib/python3.10/site-packages/airflow/example_dags/example_task_group.py
[2024-10-20T19:39:45.657-0300] {processor.py:914} INFO - Processing file /mnt/c/Users/Pato_/OneDrive/Documentos/ITBA/PYTHON_DATA_APP/itba/lib/python3.10/site-packages/airflow/example_dags/example_task_group.py for tasks to queue
[2024-10-20T19:39:45.659-0300] {logging_mixin.py:190} INFO - [2024-10-20T19:39:45.659-0300] {dagbag.py:588} INFO - Filling up the DagBag from /mnt/c/Users/Pato_/OneDrive/Documentos/ITBA/PYTHON_DATA_APP/itba/lib/python3.10/site-packages/airflow/example_dags/example_task_group.py
[2024-10-20T19:39:45.699-0300] {processor.py:925} INFO - DAG(s) 'example_task_group' retrieved from /mnt/c/Users/Pato_/OneDrive/Documentos/ITBA/PYTHON_DATA_APP/itba/lib/python3.10/site-packages/airflow/example_dags/example_task_group.py
[2024-10-20T19:39:45.714-0300] {logging_mixin.py:190} INFO - [2024-10-20T19:39:45.714-0300] {dag.py:3239} INFO - Sync 1 DAGs
[2024-10-20T19:39:45.723-0300] {logging_mixin.py:190} INFO - [2024-10-20T19:39:45.723-0300] {dag.py:4180} INFO - Setting next_dagrun for example_task_group to None, run_after=None
[2024-10-20T19:39:45.752-0300] {processor.py:208} INFO - Processing /mnt/c/Users/Pato_/OneDrive/Documentos/ITBA/PYTHON_DATA_APP/itba/lib/python3.10/site-packages/airflow/example_dags/example_task_group.py took 0.103 seconds
[2024-10-20T19:40:49.919-0300] {processor.py:186} INFO - Started process (PID=322006) to work on /mnt/c/Users/Pato_/OneDrive/Documentos/ITBA/PYTHON_DATA_APP/itba/lib/python3.10/site-packages/airflow/example_dags/example_task_group.py
[2024-10-20T19:40:49.920-0300] {processor.py:914} INFO - Processing file /mnt/c/Users/Pato_/OneDrive/Documentos/ITBA/PYTHON_DATA_APP/itba/lib/python3.10/site-packages/airflow/example_dags/example_task_group.py for tasks to queue
[2024-10-20T19:40:49.923-0300] {logging_mixin.py:190} INFO - [2024-10-20T19:40:49.922-0300] {dagbag.py:588} INFO - Filling up the DagBag from /mnt/c/Users/Pato_/OneDrive/Documentos/ITBA/PYTHON_DATA_APP/itba/lib/python3.10/site-packages/airflow/example_dags/example_task_group.py
[2024-10-20T19:40:49.967-0300] {processor.py:925} INFO - DAG(s) 'example_task_group' retrieved from /mnt/c/Users/Pato_/OneDrive/Documentos/ITBA/PYTHON_DATA_APP/itba/lib/python3.10/site-packages/airflow/example_dags/example_task_group.py
[2024-10-20T19:40:49.984-0300] {logging_mixin.py:190} INFO - [2024-10-20T19:40:49.983-0300] {dag.py:3239} INFO - Sync 1 DAGs
[2024-10-20T19:40:49.993-0300] {logging_mixin.py:190} INFO - [2024-10-20T19:40:49.992-0300] {dag.py:4180} INFO - Setting next_dagrun for example_task_group to None, run_after=None
[2024-10-20T19:40:50.025-0300] {processor.py:208} INFO - Processing /mnt/c/Users/Pato_/OneDrive/Documentos/ITBA/PYTHON_DATA_APP/itba/lib/python3.10/site-packages/airflow/example_dags/example_task_group.py took 0.113 seconds
[2024-10-20T19:41:58.040-0300] {processor.py:186} INFO - Started process (PID=322536) to work on /mnt/c/Users/Pato_/OneDrive/Documentos/ITBA/PYTHON_DATA_APP/itba/lib/python3.10/site-packages/airflow/example_dags/example_task_group.py
[2024-10-20T19:41:58.041-0300] {processor.py:914} INFO - Processing file /mnt/c/Users/Pato_/OneDrive/Documentos/ITBA/PYTHON_DATA_APP/itba/lib/python3.10/site-packages/airflow/example_dags/example_task_group.py for tasks to queue
[2024-10-20T19:41:58.044-0300] {logging_mixin.py:190} INFO - [2024-10-20T19:41:58.043-0300] {dagbag.py:588} INFO - Filling up the DagBag from /mnt/c/Users/Pato_/OneDrive/Documentos/ITBA/PYTHON_DATA_APP/itba/lib/python3.10/site-packages/airflow/example_dags/example_task_group.py
[2024-10-20T19:41:58.083-0300] {processor.py:925} INFO - DAG(s) 'example_task_group' retrieved from /mnt/c/Users/Pato_/OneDrive/Documentos/ITBA/PYTHON_DATA_APP/itba/lib/python3.10/site-packages/airflow/example_dags/example_task_group.py
[2024-10-20T19:41:58.098-0300] {logging_mixin.py:190} INFO - [2024-10-20T19:41:58.098-0300] {dag.py:3239} INFO - Sync 1 DAGs
[2024-10-20T19:41:58.107-0300] {logging_mixin.py:190} INFO - [2024-10-20T19:41:58.106-0300] {dag.py:4180} INFO - Setting next_dagrun for example_task_group to None, run_after=None
[2024-10-20T19:41:58.136-0300] {processor.py:208} INFO - Processing /mnt/c/Users/Pato_/OneDrive/Documentos/ITBA/PYTHON_DATA_APP/itba/lib/python3.10/site-packages/airflow/example_dags/example_task_group.py took 0.102 seconds
