[2024-10-20T19:02:11.931-0300] {processor.py:186} INFO - Started process (PID=299675) to work on /mnt/c/Users/Pato_/OneDrive/Documentos/ITBA/PYTHON_DATA_APP/itba/lib/python3.10/site-packages/airflow/example_dags/example_branch_day_of_week_operator.py
[2024-10-20T19:02:11.932-0300] {processor.py:914} INFO - Processing file /mnt/c/Users/Pato_/OneDrive/Documentos/ITBA/PYTHON_DATA_APP/itba/lib/python3.10/site-packages/airflow/example_dags/example_branch_day_of_week_operator.py for tasks to queue
[2024-10-20T19:02:11.934-0300] {logging_mixin.py:190} INFO - [2024-10-20T19:02:11.934-0300] {dagbag.py:588} INFO - Filling up the DagBag from /mnt/c/Users/Pato_/OneDrive/Documentos/ITBA/PYTHON_DATA_APP/itba/lib/python3.10/site-packages/airflow/example_dags/example_branch_day_of_week_operator.py
[2024-10-20T19:02:11.982-0300] {processor.py:925} INFO - DAG(s) 'example_weekday_branch_operator' retrieved from /mnt/c/Users/Pato_/OneDrive/Documentos/ITBA/PYTHON_DATA_APP/itba/lib/python3.10/site-packages/airflow/example_dags/example_branch_day_of_week_operator.py
[2024-10-20T19:02:12.692-0300] {logging_mixin.py:190} INFO - [2024-10-20T19:02:12.691-0300] {override.py:1907} INFO - Created Permission View: can read on DAG:example_weekday_branch_operator
[2024-10-20T19:02:12.713-0300] {logging_mixin.py:190} INFO - [2024-10-20T19:02:12.712-0300] {override.py:1907} INFO - Created Permission View: can delete on DAG:example_weekday_branch_operator
[2024-10-20T19:02:12.731-0300] {logging_mixin.py:190} INFO - [2024-10-20T19:02:12.730-0300] {override.py:1907} INFO - Created Permission View: can edit on DAG:example_weekday_branch_operator
[2024-10-20T19:02:12.760-0300] {logging_mixin.py:190} INFO - [2024-10-20T19:02:12.759-0300] {override.py:1907} INFO - Created Permission View: can read on DAG Run:example_weekday_branch_operator
[2024-10-20T19:02:12.778-0300] {logging_mixin.py:190} INFO - [2024-10-20T19:02:12.777-0300] {override.py:1907} INFO - Created Permission View: can delete on DAG Run:example_weekday_branch_operator
[2024-10-20T19:02:12.796-0300] {logging_mixin.py:190} INFO - [2024-10-20T19:02:12.795-0300] {override.py:1907} INFO - Created Permission View: can create on DAG Run:example_weekday_branch_operator
[2024-10-20T19:02:12.815-0300] {logging_mixin.py:190} INFO - [2024-10-20T19:02:12.814-0300] {override.py:1907} INFO - Created Permission View: menu access on DAG Run:example_weekday_branch_operator
[2024-10-20T19:02:12.816-0300] {logging_mixin.py:190} INFO - [2024-10-20T19:02:12.815-0300] {dag.py:3239} INFO - Sync 1 DAGs
[2024-10-20T19:02:12.827-0300] {logging_mixin.py:190} INFO - [2024-10-20T19:02:12.827-0300] {dag.py:3262} INFO - Creating ORM DAG for example_weekday_branch_operator
[2024-10-20T19:02:12.834-0300] {logging_mixin.py:190} INFO - [2024-10-20T19:02:12.834-0300] {dag.py:4180} INFO - Setting next_dagrun for example_weekday_branch_operator to 2024-10-19 00:00:00+00:00, run_after=2024-10-20 00:00:00+00:00
[2024-10-20T19:02:12.867-0300] {processor.py:208} INFO - Processing /mnt/c/Users/Pato_/OneDrive/Documentos/ITBA/PYTHON_DATA_APP/itba/lib/python3.10/site-packages/airflow/example_dags/example_branch_day_of_week_operator.py took 0.943 seconds
[2024-10-20T19:03:43.981-0300] {processor.py:186} INFO - Started process (PID=300396) to work on /mnt/c/Users/Pato_/OneDrive/Documentos/ITBA/PYTHON_DATA_APP/itba/lib/python3.10/site-packages/airflow/example_dags/example_branch_day_of_week_operator.py
[2024-10-20T19:03:43.982-0300] {processor.py:914} INFO - Processing file /mnt/c/Users/Pato_/OneDrive/Documentos/ITBA/PYTHON_DATA_APP/itba/lib/python3.10/site-packages/airflow/example_dags/example_branch_day_of_week_operator.py for tasks to queue
[2024-10-20T19:03:43.984-0300] {logging_mixin.py:190} INFO - [2024-10-20T19:03:43.983-0300] {dagbag.py:588} INFO - Filling up the DagBag from /mnt/c/Users/Pato_/OneDrive/Documentos/ITBA/PYTHON_DATA_APP/itba/lib/python3.10/site-packages/airflow/example_dags/example_branch_day_of_week_operator.py
[2024-10-20T19:03:44.029-0300] {processor.py:925} INFO - DAG(s) 'example_weekday_branch_operator' retrieved from /mnt/c/Users/Pato_/OneDrive/Documentos/ITBA/PYTHON_DATA_APP/itba/lib/python3.10/site-packages/airflow/example_dags/example_branch_day_of_week_operator.py
[2024-10-20T19:03:44.045-0300] {logging_mixin.py:190} INFO - [2024-10-20T19:03:44.044-0300] {dag.py:3239} INFO - Sync 1 DAGs
[2024-10-20T19:03:44.060-0300] {logging_mixin.py:190} INFO - [2024-10-20T19:03:44.059-0300] {dag.py:4180} INFO - Setting next_dagrun for example_weekday_branch_operator to 2024-10-19 00:00:00+00:00, run_after=2024-10-20 00:00:00+00:00
[2024-10-20T19:03:44.089-0300] {processor.py:208} INFO - Processing /mnt/c/Users/Pato_/OneDrive/Documentos/ITBA/PYTHON_DATA_APP/itba/lib/python3.10/site-packages/airflow/example_dags/example_branch_day_of_week_operator.py took 0.115 seconds
[2024-10-20T19:04:55.038-0300] {processor.py:186} INFO - Started process (PID=301202) to work on /mnt/c/Users/Pato_/OneDrive/Documentos/ITBA/PYTHON_DATA_APP/itba/lib/python3.10/site-packages/airflow/example_dags/example_branch_day_of_week_operator.py
[2024-10-20T19:04:55.039-0300] {processor.py:914} INFO - Processing file /mnt/c/Users/Pato_/OneDrive/Documentos/ITBA/PYTHON_DATA_APP/itba/lib/python3.10/site-packages/airflow/example_dags/example_branch_day_of_week_operator.py for tasks to queue
[2024-10-20T19:04:55.041-0300] {logging_mixin.py:190} INFO - [2024-10-20T19:04:55.040-0300] {dagbag.py:588} INFO - Filling up the DagBag from /mnt/c/Users/Pato_/OneDrive/Documentos/ITBA/PYTHON_DATA_APP/itba/lib/python3.10/site-packages/airflow/example_dags/example_branch_day_of_week_operator.py
[2024-10-20T19:04:55.090-0300] {processor.py:925} INFO - DAG(s) 'example_weekday_branch_operator' retrieved from /mnt/c/Users/Pato_/OneDrive/Documentos/ITBA/PYTHON_DATA_APP/itba/lib/python3.10/site-packages/airflow/example_dags/example_branch_day_of_week_operator.py
[2024-10-20T19:04:55.106-0300] {logging_mixin.py:190} INFO - [2024-10-20T19:04:55.106-0300] {dag.py:3239} INFO - Sync 1 DAGs
[2024-10-20T19:04:55.122-0300] {logging_mixin.py:190} INFO - [2024-10-20T19:04:55.121-0300] {dag.py:4180} INFO - Setting next_dagrun for example_weekday_branch_operator to 2024-10-19 00:00:00+00:00, run_after=2024-10-20 00:00:00+00:00
[2024-10-20T19:04:55.153-0300] {processor.py:208} INFO - Processing /mnt/c/Users/Pato_/OneDrive/Documentos/ITBA/PYTHON_DATA_APP/itba/lib/python3.10/site-packages/airflow/example_dags/example_branch_day_of_week_operator.py took 0.122 seconds
[2024-10-20T19:07:32.170-0300] {processor.py:186} INFO - Started process (PID=303350) to work on /mnt/c/Users/Pato_/OneDrive/Documentos/ITBA/PYTHON_DATA_APP/itba/lib/python3.10/site-packages/airflow/example_dags/example_branch_day_of_week_operator.py
[2024-10-20T19:07:32.171-0300] {processor.py:914} INFO - Processing file /mnt/c/Users/Pato_/OneDrive/Documentos/ITBA/PYTHON_DATA_APP/itba/lib/python3.10/site-packages/airflow/example_dags/example_branch_day_of_week_operator.py for tasks to queue
[2024-10-20T19:07:32.173-0300] {logging_mixin.py:190} INFO - [2024-10-20T19:07:32.173-0300] {dagbag.py:588} INFO - Filling up the DagBag from /mnt/c/Users/Pato_/OneDrive/Documentos/ITBA/PYTHON_DATA_APP/itba/lib/python3.10/site-packages/airflow/example_dags/example_branch_day_of_week_operator.py
[2024-10-20T19:07:32.220-0300] {processor.py:925} INFO - DAG(s) 'example_weekday_branch_operator' retrieved from /mnt/c/Users/Pato_/OneDrive/Documentos/ITBA/PYTHON_DATA_APP/itba/lib/python3.10/site-packages/airflow/example_dags/example_branch_day_of_week_operator.py
[2024-10-20T19:07:32.235-0300] {logging_mixin.py:190} INFO - [2024-10-20T19:07:32.235-0300] {dag.py:3239} INFO - Sync 1 DAGs
[2024-10-20T19:07:32.250-0300] {logging_mixin.py:190} INFO - [2024-10-20T19:07:32.250-0300] {dag.py:4180} INFO - Setting next_dagrun for example_weekday_branch_operator to 2024-10-19 00:00:00+00:00, run_after=2024-10-20 00:00:00+00:00
[2024-10-20T19:07:32.279-0300] {processor.py:208} INFO - Processing /mnt/c/Users/Pato_/OneDrive/Documentos/ITBA/PYTHON_DATA_APP/itba/lib/python3.10/site-packages/airflow/example_dags/example_branch_day_of_week_operator.py took 0.116 seconds
[2024-10-20T19:08:58.642-0300] {processor.py:186} INFO - Started process (PID=304029) to work on /mnt/c/Users/Pato_/OneDrive/Documentos/ITBA/PYTHON_DATA_APP/itba/lib/python3.10/site-packages/airflow/example_dags/example_branch_day_of_week_operator.py
[2024-10-20T19:08:58.643-0300] {processor.py:914} INFO - Processing file /mnt/c/Users/Pato_/OneDrive/Documentos/ITBA/PYTHON_DATA_APP/itba/lib/python3.10/site-packages/airflow/example_dags/example_branch_day_of_week_operator.py for tasks to queue
[2024-10-20T19:08:58.645-0300] {logging_mixin.py:190} INFO - [2024-10-20T19:08:58.645-0300] {dagbag.py:588} INFO - Filling up the DagBag from /mnt/c/Users/Pato_/OneDrive/Documentos/ITBA/PYTHON_DATA_APP/itba/lib/python3.10/site-packages/airflow/example_dags/example_branch_day_of_week_operator.py
[2024-10-20T19:08:58.688-0300] {processor.py:925} INFO - DAG(s) 'example_weekday_branch_operator' retrieved from /mnt/c/Users/Pato_/OneDrive/Documentos/ITBA/PYTHON_DATA_APP/itba/lib/python3.10/site-packages/airflow/example_dags/example_branch_day_of_week_operator.py
[2024-10-20T19:08:58.702-0300] {logging_mixin.py:190} INFO - [2024-10-20T19:08:58.702-0300] {dag.py:3239} INFO - Sync 1 DAGs
[2024-10-20T19:08:58.716-0300] {logging_mixin.py:190} INFO - [2024-10-20T19:08:58.716-0300] {dag.py:4180} INFO - Setting next_dagrun for example_weekday_branch_operator to 2024-10-19 00:00:00+00:00, run_after=2024-10-20 00:00:00+00:00
[2024-10-20T19:08:58.745-0300] {processor.py:208} INFO - Processing /mnt/c/Users/Pato_/OneDrive/Documentos/ITBA/PYTHON_DATA_APP/itba/lib/python3.10/site-packages/airflow/example_dags/example_branch_day_of_week_operator.py took 0.109 seconds
[2024-10-20T19:10:01.755-0300] {processor.py:186} INFO - Started process (PID=304613) to work on /mnt/c/Users/Pato_/OneDrive/Documentos/ITBA/PYTHON_DATA_APP/itba/lib/python3.10/site-packages/airflow/example_dags/example_branch_day_of_week_operator.py
[2024-10-20T19:10:01.756-0300] {processor.py:914} INFO - Processing file /mnt/c/Users/Pato_/OneDrive/Documentos/ITBA/PYTHON_DATA_APP/itba/lib/python3.10/site-packages/airflow/example_dags/example_branch_day_of_week_operator.py for tasks to queue
[2024-10-20T19:10:01.758-0300] {logging_mixin.py:190} INFO - [2024-10-20T19:10:01.757-0300] {dagbag.py:588} INFO - Filling up the DagBag from /mnt/c/Users/Pato_/OneDrive/Documentos/ITBA/PYTHON_DATA_APP/itba/lib/python3.10/site-packages/airflow/example_dags/example_branch_day_of_week_operator.py
[2024-10-20T19:10:01.799-0300] {processor.py:925} INFO - DAG(s) 'example_weekday_branch_operator' retrieved from /mnt/c/Users/Pato_/OneDrive/Documentos/ITBA/PYTHON_DATA_APP/itba/lib/python3.10/site-packages/airflow/example_dags/example_branch_day_of_week_operator.py
[2024-10-20T19:10:01.814-0300] {logging_mixin.py:190} INFO - [2024-10-20T19:10:01.813-0300] {dag.py:3239} INFO - Sync 1 DAGs
[2024-10-20T19:10:01.828-0300] {logging_mixin.py:190} INFO - [2024-10-20T19:10:01.827-0300] {dag.py:4180} INFO - Setting next_dagrun for example_weekday_branch_operator to 2024-10-19 00:00:00+00:00, run_after=2024-10-20 00:00:00+00:00
[2024-10-20T19:10:01.855-0300] {processor.py:208} INFO - Processing /mnt/c/Users/Pato_/OneDrive/Documentos/ITBA/PYTHON_DATA_APP/itba/lib/python3.10/site-packages/airflow/example_dags/example_branch_day_of_week_operator.py took 0.107 seconds
[2024-10-20T19:11:09.804-0300] {processor.py:186} INFO - Started process (PID=305145) to work on /mnt/c/Users/Pato_/OneDrive/Documentos/ITBA/PYTHON_DATA_APP/itba/lib/python3.10/site-packages/airflow/example_dags/example_branch_day_of_week_operator.py
[2024-10-20T19:11:09.805-0300] {processor.py:914} INFO - Processing file /mnt/c/Users/Pato_/OneDrive/Documentos/ITBA/PYTHON_DATA_APP/itba/lib/python3.10/site-packages/airflow/example_dags/example_branch_day_of_week_operator.py for tasks to queue
[2024-10-20T19:11:09.807-0300] {logging_mixin.py:190} INFO - [2024-10-20T19:11:09.806-0300] {dagbag.py:588} INFO - Filling up the DagBag from /mnt/c/Users/Pato_/OneDrive/Documentos/ITBA/PYTHON_DATA_APP/itba/lib/python3.10/site-packages/airflow/example_dags/example_branch_day_of_week_operator.py
[2024-10-20T19:11:09.850-0300] {processor.py:925} INFO - DAG(s) 'example_weekday_branch_operator' retrieved from /mnt/c/Users/Pato_/OneDrive/Documentos/ITBA/PYTHON_DATA_APP/itba/lib/python3.10/site-packages/airflow/example_dags/example_branch_day_of_week_operator.py
[2024-10-20T19:11:09.867-0300] {logging_mixin.py:190} INFO - [2024-10-20T19:11:09.866-0300] {dag.py:3239} INFO - Sync 1 DAGs
[2024-10-20T19:11:09.882-0300] {logging_mixin.py:190} INFO - [2024-10-20T19:11:09.882-0300] {dag.py:4180} INFO - Setting next_dagrun for example_weekday_branch_operator to 2024-10-19 00:00:00+00:00, run_after=2024-10-20 00:00:00+00:00
[2024-10-20T19:11:09.912-0300] {processor.py:208} INFO - Processing /mnt/c/Users/Pato_/OneDrive/Documentos/ITBA/PYTHON_DATA_APP/itba/lib/python3.10/site-packages/airflow/example_dags/example_branch_day_of_week_operator.py took 0.114 seconds
[2024-10-20T19:12:19.473-0300] {processor.py:186} INFO - Started process (PID=305689) to work on /mnt/c/Users/Pato_/OneDrive/Documentos/ITBA/PYTHON_DATA_APP/itba/lib/python3.10/site-packages/airflow/example_dags/example_branch_day_of_week_operator.py
[2024-10-20T19:12:19.474-0300] {processor.py:914} INFO - Processing file /mnt/c/Users/Pato_/OneDrive/Documentos/ITBA/PYTHON_DATA_APP/itba/lib/python3.10/site-packages/airflow/example_dags/example_branch_day_of_week_operator.py for tasks to queue
[2024-10-20T19:12:19.476-0300] {logging_mixin.py:190} INFO - [2024-10-20T19:12:19.475-0300] {dagbag.py:588} INFO - Filling up the DagBag from /mnt/c/Users/Pato_/OneDrive/Documentos/ITBA/PYTHON_DATA_APP/itba/lib/python3.10/site-packages/airflow/example_dags/example_branch_day_of_week_operator.py
[2024-10-20T19:12:19.520-0300] {processor.py:925} INFO - DAG(s) 'example_weekday_branch_operator' retrieved from /mnt/c/Users/Pato_/OneDrive/Documentos/ITBA/PYTHON_DATA_APP/itba/lib/python3.10/site-packages/airflow/example_dags/example_branch_day_of_week_operator.py
[2024-10-20T19:12:19.535-0300] {logging_mixin.py:190} INFO - [2024-10-20T19:12:19.534-0300] {dag.py:3239} INFO - Sync 1 DAGs
[2024-10-20T19:12:19.550-0300] {logging_mixin.py:190} INFO - [2024-10-20T19:12:19.549-0300] {dag.py:4180} INFO - Setting next_dagrun for example_weekday_branch_operator to 2024-10-19 00:00:00+00:00, run_after=2024-10-20 00:00:00+00:00
[2024-10-20T19:12:19.578-0300] {processor.py:208} INFO - Processing /mnt/c/Users/Pato_/OneDrive/Documentos/ITBA/PYTHON_DATA_APP/itba/lib/python3.10/site-packages/airflow/example_dags/example_branch_day_of_week_operator.py took 0.112 seconds
[2024-10-20T19:13:23.651-0300] {processor.py:186} INFO - Started process (PID=306189) to work on /mnt/c/Users/Pato_/OneDrive/Documentos/ITBA/PYTHON_DATA_APP/itba/lib/python3.10/site-packages/airflow/example_dags/example_branch_day_of_week_operator.py
[2024-10-20T19:13:23.652-0300] {processor.py:914} INFO - Processing file /mnt/c/Users/Pato_/OneDrive/Documentos/ITBA/PYTHON_DATA_APP/itba/lib/python3.10/site-packages/airflow/example_dags/example_branch_day_of_week_operator.py for tasks to queue
[2024-10-20T19:13:23.654-0300] {logging_mixin.py:190} INFO - [2024-10-20T19:13:23.653-0300] {dagbag.py:588} INFO - Filling up the DagBag from /mnt/c/Users/Pato_/OneDrive/Documentos/ITBA/PYTHON_DATA_APP/itba/lib/python3.10/site-packages/airflow/example_dags/example_branch_day_of_week_operator.py
[2024-10-20T19:13:23.697-0300] {processor.py:925} INFO - DAG(s) 'example_weekday_branch_operator' retrieved from /mnt/c/Users/Pato_/OneDrive/Documentos/ITBA/PYTHON_DATA_APP/itba/lib/python3.10/site-packages/airflow/example_dags/example_branch_day_of_week_operator.py
[2024-10-20T19:13:23.711-0300] {logging_mixin.py:190} INFO - [2024-10-20T19:13:23.711-0300] {dag.py:3239} INFO - Sync 1 DAGs
[2024-10-20T19:13:23.726-0300] {logging_mixin.py:190} INFO - [2024-10-20T19:13:23.725-0300] {dag.py:4180} INFO - Setting next_dagrun for example_weekday_branch_operator to 2024-10-19 00:00:00+00:00, run_after=2024-10-20 00:00:00+00:00
[2024-10-20T19:13:23.754-0300] {processor.py:208} INFO - Processing /mnt/c/Users/Pato_/OneDrive/Documentos/ITBA/PYTHON_DATA_APP/itba/lib/python3.10/site-packages/airflow/example_dags/example_branch_day_of_week_operator.py took 0.110 seconds
[2024-10-20T19:14:31.232-0300] {processor.py:186} INFO - Started process (PID=306719) to work on /mnt/c/Users/Pato_/OneDrive/Documentos/ITBA/PYTHON_DATA_APP/itba/lib/python3.10/site-packages/airflow/example_dags/example_branch_day_of_week_operator.py
[2024-10-20T19:14:31.233-0300] {processor.py:914} INFO - Processing file /mnt/c/Users/Pato_/OneDrive/Documentos/ITBA/PYTHON_DATA_APP/itba/lib/python3.10/site-packages/airflow/example_dags/example_branch_day_of_week_operator.py for tasks to queue
[2024-10-20T19:14:31.235-0300] {logging_mixin.py:190} INFO - [2024-10-20T19:14:31.234-0300] {dagbag.py:588} INFO - Filling up the DagBag from /mnt/c/Users/Pato_/OneDrive/Documentos/ITBA/PYTHON_DATA_APP/itba/lib/python3.10/site-packages/airflow/example_dags/example_branch_day_of_week_operator.py
[2024-10-20T19:14:31.277-0300] {processor.py:925} INFO - DAG(s) 'example_weekday_branch_operator' retrieved from /mnt/c/Users/Pato_/OneDrive/Documentos/ITBA/PYTHON_DATA_APP/itba/lib/python3.10/site-packages/airflow/example_dags/example_branch_day_of_week_operator.py
[2024-10-20T19:14:31.292-0300] {logging_mixin.py:190} INFO - [2024-10-20T19:14:31.292-0300] {dag.py:3239} INFO - Sync 1 DAGs
[2024-10-20T19:14:31.308-0300] {logging_mixin.py:190} INFO - [2024-10-20T19:14:31.308-0300] {dag.py:4180} INFO - Setting next_dagrun for example_weekday_branch_operator to 2024-10-19 00:00:00+00:00, run_after=2024-10-20 00:00:00+00:00
[2024-10-20T19:14:31.337-0300] {processor.py:208} INFO - Processing /mnt/c/Users/Pato_/OneDrive/Documentos/ITBA/PYTHON_DATA_APP/itba/lib/python3.10/site-packages/airflow/example_dags/example_branch_day_of_week_operator.py took 0.111 seconds
[2024-10-20T19:15:40.589-0300] {processor.py:186} INFO - Started process (PID=307287) to work on /mnt/c/Users/Pato_/OneDrive/Documentos/ITBA/PYTHON_DATA_APP/itba/lib/python3.10/site-packages/airflow/example_dags/example_branch_day_of_week_operator.py
[2024-10-20T19:15:40.590-0300] {processor.py:914} INFO - Processing file /mnt/c/Users/Pato_/OneDrive/Documentos/ITBA/PYTHON_DATA_APP/itba/lib/python3.10/site-packages/airflow/example_dags/example_branch_day_of_week_operator.py for tasks to queue
[2024-10-20T19:15:40.592-0300] {logging_mixin.py:190} INFO - [2024-10-20T19:15:40.591-0300] {dagbag.py:588} INFO - Filling up the DagBag from /mnt/c/Users/Pato_/OneDrive/Documentos/ITBA/PYTHON_DATA_APP/itba/lib/python3.10/site-packages/airflow/example_dags/example_branch_day_of_week_operator.py
[2024-10-20T19:15:40.636-0300] {processor.py:925} INFO - DAG(s) 'example_weekday_branch_operator' retrieved from /mnt/c/Users/Pato_/OneDrive/Documentos/ITBA/PYTHON_DATA_APP/itba/lib/python3.10/site-packages/airflow/example_dags/example_branch_day_of_week_operator.py
[2024-10-20T19:15:40.651-0300] {logging_mixin.py:190} INFO - [2024-10-20T19:15:40.650-0300] {dag.py:3239} INFO - Sync 1 DAGs
[2024-10-20T19:15:40.665-0300] {logging_mixin.py:190} INFO - [2024-10-20T19:15:40.665-0300] {dag.py:4180} INFO - Setting next_dagrun for example_weekday_branch_operator to 2024-10-19 00:00:00+00:00, run_after=2024-10-20 00:00:00+00:00
[2024-10-20T19:15:40.694-0300] {processor.py:208} INFO - Processing /mnt/c/Users/Pato_/OneDrive/Documentos/ITBA/PYTHON_DATA_APP/itba/lib/python3.10/site-packages/airflow/example_dags/example_branch_day_of_week_operator.py took 0.112 seconds
[2024-10-20T19:16:48.359-0300] {processor.py:186} INFO - Started process (PID=307814) to work on /mnt/c/Users/Pato_/OneDrive/Documentos/ITBA/PYTHON_DATA_APP/itba/lib/python3.10/site-packages/airflow/example_dags/example_branch_day_of_week_operator.py
[2024-10-20T19:16:48.360-0300] {processor.py:914} INFO - Processing file /mnt/c/Users/Pato_/OneDrive/Documentos/ITBA/PYTHON_DATA_APP/itba/lib/python3.10/site-packages/airflow/example_dags/example_branch_day_of_week_operator.py for tasks to queue
[2024-10-20T19:16:48.362-0300] {logging_mixin.py:190} INFO - [2024-10-20T19:16:48.361-0300] {dagbag.py:588} INFO - Filling up the DagBag from /mnt/c/Users/Pato_/OneDrive/Documentos/ITBA/PYTHON_DATA_APP/itba/lib/python3.10/site-packages/airflow/example_dags/example_branch_day_of_week_operator.py
[2024-10-20T19:16:48.407-0300] {processor.py:925} INFO - DAG(s) 'example_weekday_branch_operator' retrieved from /mnt/c/Users/Pato_/OneDrive/Documentos/ITBA/PYTHON_DATA_APP/itba/lib/python3.10/site-packages/airflow/example_dags/example_branch_day_of_week_operator.py
[2024-10-20T19:16:48.422-0300] {logging_mixin.py:190} INFO - [2024-10-20T19:16:48.421-0300] {dag.py:3239} INFO - Sync 1 DAGs
[2024-10-20T19:16:48.437-0300] {logging_mixin.py:190} INFO - [2024-10-20T19:16:48.436-0300] {dag.py:4180} INFO - Setting next_dagrun for example_weekday_branch_operator to 2024-10-19 00:00:00+00:00, run_after=2024-10-20 00:00:00+00:00
[2024-10-20T19:16:48.466-0300] {processor.py:208} INFO - Processing /mnt/c/Users/Pato_/OneDrive/Documentos/ITBA/PYTHON_DATA_APP/itba/lib/python3.10/site-packages/airflow/example_dags/example_branch_day_of_week_operator.py took 0.114 seconds
[2024-10-20T19:18:04.357-0300] {processor.py:186} INFO - Started process (PID=308409) to work on /mnt/c/Users/Pato_/OneDrive/Documentos/ITBA/PYTHON_DATA_APP/itba/lib/python3.10/site-packages/airflow/example_dags/example_branch_day_of_week_operator.py
[2024-10-20T19:18:04.358-0300] {processor.py:914} INFO - Processing file /mnt/c/Users/Pato_/OneDrive/Documentos/ITBA/PYTHON_DATA_APP/itba/lib/python3.10/site-packages/airflow/example_dags/example_branch_day_of_week_operator.py for tasks to queue
[2024-10-20T19:18:04.360-0300] {logging_mixin.py:190} INFO - [2024-10-20T19:18:04.359-0300] {dagbag.py:588} INFO - Filling up the DagBag from /mnt/c/Users/Pato_/OneDrive/Documentos/ITBA/PYTHON_DATA_APP/itba/lib/python3.10/site-packages/airflow/example_dags/example_branch_day_of_week_operator.py
[2024-10-20T19:18:04.403-0300] {processor.py:925} INFO - DAG(s) 'example_weekday_branch_operator' retrieved from /mnt/c/Users/Pato_/OneDrive/Documentos/ITBA/PYTHON_DATA_APP/itba/lib/python3.10/site-packages/airflow/example_dags/example_branch_day_of_week_operator.py
[2024-10-20T19:18:04.418-0300] {logging_mixin.py:190} INFO - [2024-10-20T19:18:04.417-0300] {dag.py:3239} INFO - Sync 1 DAGs
[2024-10-20T19:18:04.432-0300] {logging_mixin.py:190} INFO - [2024-10-20T19:18:04.432-0300] {dag.py:4180} INFO - Setting next_dagrun for example_weekday_branch_operator to 2024-10-19 00:00:00+00:00, run_after=2024-10-20 00:00:00+00:00
[2024-10-20T19:18:04.463-0300] {processor.py:208} INFO - Processing /mnt/c/Users/Pato_/OneDrive/Documentos/ITBA/PYTHON_DATA_APP/itba/lib/python3.10/site-packages/airflow/example_dags/example_branch_day_of_week_operator.py took 0.113 seconds
[2024-10-20T19:19:15.540-0300] {processor.py:186} INFO - Started process (PID=308962) to work on /mnt/c/Users/Pato_/OneDrive/Documentos/ITBA/PYTHON_DATA_APP/itba/lib/python3.10/site-packages/airflow/example_dags/example_branch_day_of_week_operator.py
[2024-10-20T19:19:15.541-0300] {processor.py:914} INFO - Processing file /mnt/c/Users/Pato_/OneDrive/Documentos/ITBA/PYTHON_DATA_APP/itba/lib/python3.10/site-packages/airflow/example_dags/example_branch_day_of_week_operator.py for tasks to queue
[2024-10-20T19:19:15.543-0300] {logging_mixin.py:190} INFO - [2024-10-20T19:19:15.543-0300] {dagbag.py:588} INFO - Filling up the DagBag from /mnt/c/Users/Pato_/OneDrive/Documentos/ITBA/PYTHON_DATA_APP/itba/lib/python3.10/site-packages/airflow/example_dags/example_branch_day_of_week_operator.py
[2024-10-20T19:19:15.588-0300] {processor.py:925} INFO - DAG(s) 'example_weekday_branch_operator' retrieved from /mnt/c/Users/Pato_/OneDrive/Documentos/ITBA/PYTHON_DATA_APP/itba/lib/python3.10/site-packages/airflow/example_dags/example_branch_day_of_week_operator.py
[2024-10-20T19:19:15.602-0300] {logging_mixin.py:190} INFO - [2024-10-20T19:19:15.602-0300] {dag.py:3239} INFO - Sync 1 DAGs
[2024-10-20T19:19:15.617-0300] {logging_mixin.py:190} INFO - [2024-10-20T19:19:15.616-0300] {dag.py:4180} INFO - Setting next_dagrun for example_weekday_branch_operator to 2024-10-19 00:00:00+00:00, run_after=2024-10-20 00:00:00+00:00
[2024-10-20T19:19:15.645-0300] {processor.py:208} INFO - Processing /mnt/c/Users/Pato_/OneDrive/Documentos/ITBA/PYTHON_DATA_APP/itba/lib/python3.10/site-packages/airflow/example_dags/example_branch_day_of_week_operator.py took 0.111 seconds
[2024-10-20T19:20:25.089-0300] {processor.py:186} INFO - Started process (PID=309533) to work on /mnt/c/Users/Pato_/OneDrive/Documentos/ITBA/PYTHON_DATA_APP/itba/lib/python3.10/site-packages/airflow/example_dags/example_branch_day_of_week_operator.py
[2024-10-20T19:20:25.090-0300] {processor.py:914} INFO - Processing file /mnt/c/Users/Pato_/OneDrive/Documentos/ITBA/PYTHON_DATA_APP/itba/lib/python3.10/site-packages/airflow/example_dags/example_branch_day_of_week_operator.py for tasks to queue
[2024-10-20T19:20:25.092-0300] {logging_mixin.py:190} INFO - [2024-10-20T19:20:25.092-0300] {dagbag.py:588} INFO - Filling up the DagBag from /mnt/c/Users/Pato_/OneDrive/Documentos/ITBA/PYTHON_DATA_APP/itba/lib/python3.10/site-packages/airflow/example_dags/example_branch_day_of_week_operator.py
[2024-10-20T19:20:25.137-0300] {processor.py:925} INFO - DAG(s) 'example_weekday_branch_operator' retrieved from /mnt/c/Users/Pato_/OneDrive/Documentos/ITBA/PYTHON_DATA_APP/itba/lib/python3.10/site-packages/airflow/example_dags/example_branch_day_of_week_operator.py
[2024-10-20T19:20:25.152-0300] {logging_mixin.py:190} INFO - [2024-10-20T19:20:25.152-0300] {dag.py:3239} INFO - Sync 1 DAGs
[2024-10-20T19:20:25.166-0300] {logging_mixin.py:190} INFO - [2024-10-20T19:20:25.166-0300] {dag.py:4180} INFO - Setting next_dagrun for example_weekday_branch_operator to 2024-10-19 00:00:00+00:00, run_after=2024-10-20 00:00:00+00:00
[2024-10-20T19:20:25.196-0300] {processor.py:208} INFO - Processing /mnt/c/Users/Pato_/OneDrive/Documentos/ITBA/PYTHON_DATA_APP/itba/lib/python3.10/site-packages/airflow/example_dags/example_branch_day_of_week_operator.py took 0.113 seconds
[2024-10-20T19:21:34.709-0300] {processor.py:186} INFO - Started process (PID=310140) to work on /mnt/c/Users/Pato_/OneDrive/Documentos/ITBA/PYTHON_DATA_APP/itba/lib/python3.10/site-packages/airflow/example_dags/example_branch_day_of_week_operator.py
[2024-10-20T19:21:34.710-0300] {processor.py:914} INFO - Processing file /mnt/c/Users/Pato_/OneDrive/Documentos/ITBA/PYTHON_DATA_APP/itba/lib/python3.10/site-packages/airflow/example_dags/example_branch_day_of_week_operator.py for tasks to queue
[2024-10-20T19:21:34.712-0300] {logging_mixin.py:190} INFO - [2024-10-20T19:21:34.712-0300] {dagbag.py:588} INFO - Filling up the DagBag from /mnt/c/Users/Pato_/OneDrive/Documentos/ITBA/PYTHON_DATA_APP/itba/lib/python3.10/site-packages/airflow/example_dags/example_branch_day_of_week_operator.py
[2024-10-20T19:21:34.755-0300] {processor.py:925} INFO - DAG(s) 'example_weekday_branch_operator' retrieved from /mnt/c/Users/Pato_/OneDrive/Documentos/ITBA/PYTHON_DATA_APP/itba/lib/python3.10/site-packages/airflow/example_dags/example_branch_day_of_week_operator.py
[2024-10-20T19:21:34.770-0300] {logging_mixin.py:190} INFO - [2024-10-20T19:21:34.769-0300] {dag.py:3239} INFO - Sync 1 DAGs
[2024-10-20T19:21:34.784-0300] {logging_mixin.py:190} INFO - [2024-10-20T19:21:34.784-0300] {dag.py:4180} INFO - Setting next_dagrun for example_weekday_branch_operator to 2024-10-19 00:00:00+00:00, run_after=2024-10-20 00:00:00+00:00
[2024-10-20T19:21:34.813-0300] {processor.py:208} INFO - Processing /mnt/c/Users/Pato_/OneDrive/Documentos/ITBA/PYTHON_DATA_APP/itba/lib/python3.10/site-packages/airflow/example_dags/example_branch_day_of_week_operator.py took 0.111 seconds
[2024-10-20T19:22:41.022-0300] {processor.py:186} INFO - Started process (PID=310751) to work on /mnt/c/Users/Pato_/OneDrive/Documentos/ITBA/PYTHON_DATA_APP/itba/lib/python3.10/site-packages/airflow/example_dags/example_branch_day_of_week_operator.py
[2024-10-20T19:22:41.023-0300] {processor.py:914} INFO - Processing file /mnt/c/Users/Pato_/OneDrive/Documentos/ITBA/PYTHON_DATA_APP/itba/lib/python3.10/site-packages/airflow/example_dags/example_branch_day_of_week_operator.py for tasks to queue
[2024-10-20T19:22:41.025-0300] {logging_mixin.py:190} INFO - [2024-10-20T19:22:41.024-0300] {dagbag.py:588} INFO - Filling up the DagBag from /mnt/c/Users/Pato_/OneDrive/Documentos/ITBA/PYTHON_DATA_APP/itba/lib/python3.10/site-packages/airflow/example_dags/example_branch_day_of_week_operator.py
[2024-10-20T19:22:41.070-0300] {processor.py:925} INFO - DAG(s) 'example_weekday_branch_operator' retrieved from /mnt/c/Users/Pato_/OneDrive/Documentos/ITBA/PYTHON_DATA_APP/itba/lib/python3.10/site-packages/airflow/example_dags/example_branch_day_of_week_operator.py
[2024-10-20T19:22:41.086-0300] {logging_mixin.py:190} INFO - [2024-10-20T19:22:41.085-0300] {dag.py:3239} INFO - Sync 1 DAGs
[2024-10-20T19:22:41.102-0300] {logging_mixin.py:190} INFO - [2024-10-20T19:22:41.101-0300] {dag.py:4180} INFO - Setting next_dagrun for example_weekday_branch_operator to 2024-10-19 00:00:00+00:00, run_after=2024-10-20 00:00:00+00:00
[2024-10-20T19:22:41.133-0300] {processor.py:208} INFO - Processing /mnt/c/Users/Pato_/OneDrive/Documentos/ITBA/PYTHON_DATA_APP/itba/lib/python3.10/site-packages/airflow/example_dags/example_branch_day_of_week_operator.py took 0.117 seconds
[2024-10-20T19:24:11.921-0300] {processor.py:186} INFO - Started process (PID=311966) to work on /mnt/c/Users/Pato_/OneDrive/Documentos/ITBA/PYTHON_DATA_APP/itba/lib/python3.10/site-packages/airflow/example_dags/example_branch_day_of_week_operator.py
[2024-10-20T19:24:11.922-0300] {processor.py:914} INFO - Processing file /mnt/c/Users/Pato_/OneDrive/Documentos/ITBA/PYTHON_DATA_APP/itba/lib/python3.10/site-packages/airflow/example_dags/example_branch_day_of_week_operator.py for tasks to queue
[2024-10-20T19:24:11.925-0300] {logging_mixin.py:190} INFO - [2024-10-20T19:24:11.924-0300] {dagbag.py:588} INFO - Filling up the DagBag from /mnt/c/Users/Pato_/OneDrive/Documentos/ITBA/PYTHON_DATA_APP/itba/lib/python3.10/site-packages/airflow/example_dags/example_branch_day_of_week_operator.py
[2024-10-20T19:24:11.973-0300] {processor.py:925} INFO - DAG(s) 'example_weekday_branch_operator' retrieved from /mnt/c/Users/Pato_/OneDrive/Documentos/ITBA/PYTHON_DATA_APP/itba/lib/python3.10/site-packages/airflow/example_dags/example_branch_day_of_week_operator.py
[2024-10-20T19:24:11.989-0300] {logging_mixin.py:190} INFO - [2024-10-20T19:24:11.989-0300] {dag.py:3239} INFO - Sync 1 DAGs
[2024-10-20T19:24:12.004-0300] {logging_mixin.py:190} INFO - [2024-10-20T19:24:12.003-0300] {dag.py:4180} INFO - Setting next_dagrun for example_weekday_branch_operator to 2024-10-19 00:00:00+00:00, run_after=2024-10-20 00:00:00+00:00
[2024-10-20T19:24:12.032-0300] {processor.py:208} INFO - Processing /mnt/c/Users/Pato_/OneDrive/Documentos/ITBA/PYTHON_DATA_APP/itba/lib/python3.10/site-packages/airflow/example_dags/example_branch_day_of_week_operator.py took 0.118 seconds
[2024-10-20T19:26:56.557-0300] {processor.py:186} INFO - Started process (PID=313952) to work on /mnt/c/Users/Pato_/OneDrive/Documentos/ITBA/PYTHON_DATA_APP/itba/lib/python3.10/site-packages/airflow/example_dags/example_branch_day_of_week_operator.py
[2024-10-20T19:26:56.558-0300] {processor.py:914} INFO - Processing file /mnt/c/Users/Pato_/OneDrive/Documentos/ITBA/PYTHON_DATA_APP/itba/lib/python3.10/site-packages/airflow/example_dags/example_branch_day_of_week_operator.py for tasks to queue
[2024-10-20T19:26:56.560-0300] {logging_mixin.py:190} INFO - [2024-10-20T19:26:56.559-0300] {dagbag.py:588} INFO - Filling up the DagBag from /mnt/c/Users/Pato_/OneDrive/Documentos/ITBA/PYTHON_DATA_APP/itba/lib/python3.10/site-packages/airflow/example_dags/example_branch_day_of_week_operator.py
[2024-10-20T19:26:56.602-0300] {processor.py:925} INFO - DAG(s) 'example_weekday_branch_operator' retrieved from /mnt/c/Users/Pato_/OneDrive/Documentos/ITBA/PYTHON_DATA_APP/itba/lib/python3.10/site-packages/airflow/example_dags/example_branch_day_of_week_operator.py
[2024-10-20T19:26:56.617-0300] {logging_mixin.py:190} INFO - [2024-10-20T19:26:56.617-0300] {dag.py:3239} INFO - Sync 1 DAGs
[2024-10-20T19:26:56.631-0300] {logging_mixin.py:190} INFO - [2024-10-20T19:26:56.631-0300] {dag.py:4180} INFO - Setting next_dagrun for example_weekday_branch_operator to 2024-10-19 00:00:00+00:00, run_after=2024-10-20 00:00:00+00:00
[2024-10-20T19:26:56.660-0300] {processor.py:208} INFO - Processing /mnt/c/Users/Pato_/OneDrive/Documentos/ITBA/PYTHON_DATA_APP/itba/lib/python3.10/site-packages/airflow/example_dags/example_branch_day_of_week_operator.py took 0.110 seconds
[2024-10-20T19:28:07.923-0300] {processor.py:186} INFO - Started process (PID=314933) to work on /mnt/c/Users/Pato_/OneDrive/Documentos/ITBA/PYTHON_DATA_APP/itba/lib/python3.10/site-packages/airflow/example_dags/example_branch_day_of_week_operator.py
[2024-10-20T19:28:07.924-0300] {processor.py:914} INFO - Processing file /mnt/c/Users/Pato_/OneDrive/Documentos/ITBA/PYTHON_DATA_APP/itba/lib/python3.10/site-packages/airflow/example_dags/example_branch_day_of_week_operator.py for tasks to queue
[2024-10-20T19:28:07.926-0300] {logging_mixin.py:190} INFO - [2024-10-20T19:28:07.925-0300] {dagbag.py:588} INFO - Filling up the DagBag from /mnt/c/Users/Pato_/OneDrive/Documentos/ITBA/PYTHON_DATA_APP/itba/lib/python3.10/site-packages/airflow/example_dags/example_branch_day_of_week_operator.py
[2024-10-20T19:28:07.970-0300] {processor.py:925} INFO - DAG(s) 'example_weekday_branch_operator' retrieved from /mnt/c/Users/Pato_/OneDrive/Documentos/ITBA/PYTHON_DATA_APP/itba/lib/python3.10/site-packages/airflow/example_dags/example_branch_day_of_week_operator.py
[2024-10-20T19:28:07.985-0300] {logging_mixin.py:190} INFO - [2024-10-20T19:28:07.984-0300] {dag.py:3239} INFO - Sync 1 DAGs
[2024-10-20T19:28:07.999-0300] {logging_mixin.py:190} INFO - [2024-10-20T19:28:07.999-0300] {dag.py:4180} INFO - Setting next_dagrun for example_weekday_branch_operator to 2024-10-19 00:00:00+00:00, run_after=2024-10-20 00:00:00+00:00
[2024-10-20T19:28:08.028-0300] {processor.py:208} INFO - Processing /mnt/c/Users/Pato_/OneDrive/Documentos/ITBA/PYTHON_DATA_APP/itba/lib/python3.10/site-packages/airflow/example_dags/example_branch_day_of_week_operator.py took 0.112 seconds
[2024-10-20T19:29:13.775-0300] {processor.py:186} INFO - Started process (PID=315611) to work on /mnt/c/Users/Pato_/OneDrive/Documentos/ITBA/PYTHON_DATA_APP/itba/lib/python3.10/site-packages/airflow/example_dags/example_branch_day_of_week_operator.py
[2024-10-20T19:29:13.777-0300] {processor.py:914} INFO - Processing file /mnt/c/Users/Pato_/OneDrive/Documentos/ITBA/PYTHON_DATA_APP/itba/lib/python3.10/site-packages/airflow/example_dags/example_branch_day_of_week_operator.py for tasks to queue
[2024-10-20T19:29:13.779-0300] {logging_mixin.py:190} INFO - [2024-10-20T19:29:13.778-0300] {dagbag.py:588} INFO - Filling up the DagBag from /mnt/c/Users/Pato_/OneDrive/Documentos/ITBA/PYTHON_DATA_APP/itba/lib/python3.10/site-packages/airflow/example_dags/example_branch_day_of_week_operator.py
[2024-10-20T19:29:13.823-0300] {processor.py:925} INFO - DAG(s) 'example_weekday_branch_operator' retrieved from /mnt/c/Users/Pato_/OneDrive/Documentos/ITBA/PYTHON_DATA_APP/itba/lib/python3.10/site-packages/airflow/example_dags/example_branch_day_of_week_operator.py
[2024-10-20T19:29:13.838-0300] {logging_mixin.py:190} INFO - [2024-10-20T19:29:13.838-0300] {dag.py:3239} INFO - Sync 1 DAGs
[2024-10-20T19:29:13.852-0300] {logging_mixin.py:190} INFO - [2024-10-20T19:29:13.852-0300] {dag.py:4180} INFO - Setting next_dagrun for example_weekday_branch_operator to 2024-10-19 00:00:00+00:00, run_after=2024-10-20 00:00:00+00:00
[2024-10-20T19:29:13.881-0300] {processor.py:208} INFO - Processing /mnt/c/Users/Pato_/OneDrive/Documentos/ITBA/PYTHON_DATA_APP/itba/lib/python3.10/site-packages/airflow/example_dags/example_branch_day_of_week_operator.py took 0.112 seconds
[2024-10-20T19:30:26.768-0300] {processor.py:186} INFO - Started process (PID=316324) to work on /mnt/c/Users/Pato_/OneDrive/Documentos/ITBA/PYTHON_DATA_APP/itba/lib/python3.10/site-packages/airflow/example_dags/example_branch_day_of_week_operator.py
[2024-10-20T19:30:26.769-0300] {processor.py:914} INFO - Processing file /mnt/c/Users/Pato_/OneDrive/Documentos/ITBA/PYTHON_DATA_APP/itba/lib/python3.10/site-packages/airflow/example_dags/example_branch_day_of_week_operator.py for tasks to queue
[2024-10-20T19:30:26.771-0300] {logging_mixin.py:190} INFO - [2024-10-20T19:30:26.771-0300] {dagbag.py:588} INFO - Filling up the DagBag from /mnt/c/Users/Pato_/OneDrive/Documentos/ITBA/PYTHON_DATA_APP/itba/lib/python3.10/site-packages/airflow/example_dags/example_branch_day_of_week_operator.py
[2024-10-20T19:30:26.825-0300] {processor.py:925} INFO - DAG(s) 'example_weekday_branch_operator' retrieved from /mnt/c/Users/Pato_/OneDrive/Documentos/ITBA/PYTHON_DATA_APP/itba/lib/python3.10/site-packages/airflow/example_dags/example_branch_day_of_week_operator.py
[2024-10-20T19:30:26.842-0300] {logging_mixin.py:190} INFO - [2024-10-20T19:30:26.842-0300] {dag.py:3239} INFO - Sync 1 DAGs
[2024-10-20T19:30:26.858-0300] {logging_mixin.py:190} INFO - [2024-10-20T19:30:26.857-0300] {dag.py:4180} INFO - Setting next_dagrun for example_weekday_branch_operator to 2024-10-19 00:00:00+00:00, run_after=2024-10-20 00:00:00+00:00
[2024-10-20T19:30:26.890-0300] {processor.py:208} INFO - Processing /mnt/c/Users/Pato_/OneDrive/Documentos/ITBA/PYTHON_DATA_APP/itba/lib/python3.10/site-packages/airflow/example_dags/example_branch_day_of_week_operator.py took 0.130 seconds
[2024-10-20T19:31:32.100-0300] {processor.py:186} INFO - Started process (PID=316834) to work on /mnt/c/Users/Pato_/OneDrive/Documentos/ITBA/PYTHON_DATA_APP/itba/lib/python3.10/site-packages/airflow/example_dags/example_branch_day_of_week_operator.py
[2024-10-20T19:31:32.101-0300] {processor.py:914} INFO - Processing file /mnt/c/Users/Pato_/OneDrive/Documentos/ITBA/PYTHON_DATA_APP/itba/lib/python3.10/site-packages/airflow/example_dags/example_branch_day_of_week_operator.py for tasks to queue
[2024-10-20T19:31:32.103-0300] {logging_mixin.py:190} INFO - [2024-10-20T19:31:32.102-0300] {dagbag.py:588} INFO - Filling up the DagBag from /mnt/c/Users/Pato_/OneDrive/Documentos/ITBA/PYTHON_DATA_APP/itba/lib/python3.10/site-packages/airflow/example_dags/example_branch_day_of_week_operator.py
[2024-10-20T19:31:32.145-0300] {processor.py:925} INFO - DAG(s) 'example_weekday_branch_operator' retrieved from /mnt/c/Users/Pato_/OneDrive/Documentos/ITBA/PYTHON_DATA_APP/itba/lib/python3.10/site-packages/airflow/example_dags/example_branch_day_of_week_operator.py
[2024-10-20T19:31:32.160-0300] {logging_mixin.py:190} INFO - [2024-10-20T19:31:32.160-0300] {dag.py:3239} INFO - Sync 1 DAGs
[2024-10-20T19:31:32.175-0300] {logging_mixin.py:190} INFO - [2024-10-20T19:31:32.174-0300] {dag.py:4180} INFO - Setting next_dagrun for example_weekday_branch_operator to 2024-10-19 00:00:00+00:00, run_after=2024-10-20 00:00:00+00:00
[2024-10-20T19:31:32.203-0300] {processor.py:208} INFO - Processing /mnt/c/Users/Pato_/OneDrive/Documentos/ITBA/PYTHON_DATA_APP/itba/lib/python3.10/site-packages/airflow/example_dags/example_branch_day_of_week_operator.py took 0.110 seconds
[2024-10-20T19:32:40.408-0300] {processor.py:186} INFO - Started process (PID=317370) to work on /mnt/c/Users/Pato_/OneDrive/Documentos/ITBA/PYTHON_DATA_APP/itba/lib/python3.10/site-packages/airflow/example_dags/example_branch_day_of_week_operator.py
[2024-10-20T19:32:40.409-0300] {processor.py:914} INFO - Processing file /mnt/c/Users/Pato_/OneDrive/Documentos/ITBA/PYTHON_DATA_APP/itba/lib/python3.10/site-packages/airflow/example_dags/example_branch_day_of_week_operator.py for tasks to queue
[2024-10-20T19:32:40.411-0300] {logging_mixin.py:190} INFO - [2024-10-20T19:32:40.411-0300] {dagbag.py:588} INFO - Filling up the DagBag from /mnt/c/Users/Pato_/OneDrive/Documentos/ITBA/PYTHON_DATA_APP/itba/lib/python3.10/site-packages/airflow/example_dags/example_branch_day_of_week_operator.py
[2024-10-20T19:32:40.456-0300] {processor.py:925} INFO - DAG(s) 'example_weekday_branch_operator' retrieved from /mnt/c/Users/Pato_/OneDrive/Documentos/ITBA/PYTHON_DATA_APP/itba/lib/python3.10/site-packages/airflow/example_dags/example_branch_day_of_week_operator.py
[2024-10-20T19:32:40.471-0300] {logging_mixin.py:190} INFO - [2024-10-20T19:32:40.470-0300] {dag.py:3239} INFO - Sync 1 DAGs
[2024-10-20T19:32:40.485-0300] {logging_mixin.py:190} INFO - [2024-10-20T19:32:40.484-0300] {dag.py:4180} INFO - Setting next_dagrun for example_weekday_branch_operator to 2024-10-19 00:00:00+00:00, run_after=2024-10-20 00:00:00+00:00
[2024-10-20T19:32:40.513-0300] {processor.py:208} INFO - Processing /mnt/c/Users/Pato_/OneDrive/Documentos/ITBA/PYTHON_DATA_APP/itba/lib/python3.10/site-packages/airflow/example_dags/example_branch_day_of_week_operator.py took 0.111 seconds
[2024-10-20T19:33:47.052-0300] {processor.py:186} INFO - Started process (PID=318029) to work on /mnt/c/Users/Pato_/OneDrive/Documentos/ITBA/PYTHON_DATA_APP/itba/lib/python3.10/site-packages/airflow/example_dags/example_branch_day_of_week_operator.py
[2024-10-20T19:33:47.053-0300] {processor.py:914} INFO - Processing file /mnt/c/Users/Pato_/OneDrive/Documentos/ITBA/PYTHON_DATA_APP/itba/lib/python3.10/site-packages/airflow/example_dags/example_branch_day_of_week_operator.py for tasks to queue
[2024-10-20T19:33:47.055-0300] {logging_mixin.py:190} INFO - [2024-10-20T19:33:47.055-0300] {dagbag.py:588} INFO - Filling up the DagBag from /mnt/c/Users/Pato_/OneDrive/Documentos/ITBA/PYTHON_DATA_APP/itba/lib/python3.10/site-packages/airflow/example_dags/example_branch_day_of_week_operator.py
[2024-10-20T19:33:47.099-0300] {processor.py:925} INFO - DAG(s) 'example_weekday_branch_operator' retrieved from /mnt/c/Users/Pato_/OneDrive/Documentos/ITBA/PYTHON_DATA_APP/itba/lib/python3.10/site-packages/airflow/example_dags/example_branch_day_of_week_operator.py
[2024-10-20T19:33:47.115-0300] {logging_mixin.py:190} INFO - [2024-10-20T19:33:47.114-0300] {dag.py:3239} INFO - Sync 1 DAGs
[2024-10-20T19:33:47.130-0300] {logging_mixin.py:190} INFO - [2024-10-20T19:33:47.129-0300] {dag.py:4180} INFO - Setting next_dagrun for example_weekday_branch_operator to 2024-10-19 00:00:00+00:00, run_after=2024-10-20 00:00:00+00:00
[2024-10-20T19:33:47.158-0300] {processor.py:208} INFO - Processing /mnt/c/Users/Pato_/OneDrive/Documentos/ITBA/PYTHON_DATA_APP/itba/lib/python3.10/site-packages/airflow/example_dags/example_branch_day_of_week_operator.py took 0.113 seconds
[2024-10-20T19:34:55.455-0300] {processor.py:186} INFO - Started process (PID=318763) to work on /mnt/c/Users/Pato_/OneDrive/Documentos/ITBA/PYTHON_DATA_APP/itba/lib/python3.10/site-packages/airflow/example_dags/example_branch_day_of_week_operator.py
[2024-10-20T19:34:55.456-0300] {processor.py:914} INFO - Processing file /mnt/c/Users/Pato_/OneDrive/Documentos/ITBA/PYTHON_DATA_APP/itba/lib/python3.10/site-packages/airflow/example_dags/example_branch_day_of_week_operator.py for tasks to queue
[2024-10-20T19:34:55.457-0300] {logging_mixin.py:190} INFO - [2024-10-20T19:34:55.457-0300] {dagbag.py:588} INFO - Filling up the DagBag from /mnt/c/Users/Pato_/OneDrive/Documentos/ITBA/PYTHON_DATA_APP/itba/lib/python3.10/site-packages/airflow/example_dags/example_branch_day_of_week_operator.py
[2024-10-20T19:34:55.501-0300] {processor.py:925} INFO - DAG(s) 'example_weekday_branch_operator' retrieved from /mnt/c/Users/Pato_/OneDrive/Documentos/ITBA/PYTHON_DATA_APP/itba/lib/python3.10/site-packages/airflow/example_dags/example_branch_day_of_week_operator.py
[2024-10-20T19:34:55.515-0300] {logging_mixin.py:190} INFO - [2024-10-20T19:34:55.515-0300] {dag.py:3239} INFO - Sync 1 DAGs
[2024-10-20T19:34:55.530-0300] {logging_mixin.py:190} INFO - [2024-10-20T19:34:55.529-0300] {dag.py:4180} INFO - Setting next_dagrun for example_weekday_branch_operator to 2024-10-19 00:00:00+00:00, run_after=2024-10-20 00:00:00+00:00
[2024-10-20T19:34:55.559-0300] {processor.py:208} INFO - Processing /mnt/c/Users/Pato_/OneDrive/Documentos/ITBA/PYTHON_DATA_APP/itba/lib/python3.10/site-packages/airflow/example_dags/example_branch_day_of_week_operator.py took 0.111 seconds
[2024-10-20T19:36:03.548-0300] {processor.py:186} INFO - Started process (PID=319384) to work on /mnt/c/Users/Pato_/OneDrive/Documentos/ITBA/PYTHON_DATA_APP/itba/lib/python3.10/site-packages/airflow/example_dags/example_branch_day_of_week_operator.py
[2024-10-20T19:36:03.549-0300] {processor.py:914} INFO - Processing file /mnt/c/Users/Pato_/OneDrive/Documentos/ITBA/PYTHON_DATA_APP/itba/lib/python3.10/site-packages/airflow/example_dags/example_branch_day_of_week_operator.py for tasks to queue
[2024-10-20T19:36:03.551-0300] {logging_mixin.py:190} INFO - [2024-10-20T19:36:03.551-0300] {dagbag.py:588} INFO - Filling up the DagBag from /mnt/c/Users/Pato_/OneDrive/Documentos/ITBA/PYTHON_DATA_APP/itba/lib/python3.10/site-packages/airflow/example_dags/example_branch_day_of_week_operator.py
[2024-10-20T19:36:03.594-0300] {processor.py:925} INFO - DAG(s) 'example_weekday_branch_operator' retrieved from /mnt/c/Users/Pato_/OneDrive/Documentos/ITBA/PYTHON_DATA_APP/itba/lib/python3.10/site-packages/airflow/example_dags/example_branch_day_of_week_operator.py
[2024-10-20T19:36:03.610-0300] {logging_mixin.py:190} INFO - [2024-10-20T19:36:03.610-0300] {dag.py:3239} INFO - Sync 1 DAGs
[2024-10-20T19:36:03.625-0300] {logging_mixin.py:190} INFO - [2024-10-20T19:36:03.624-0300] {dag.py:4180} INFO - Setting next_dagrun for example_weekday_branch_operator to 2024-10-19 00:00:00+00:00, run_after=2024-10-20 00:00:00+00:00
[2024-10-20T19:36:03.653-0300] {processor.py:208} INFO - Processing /mnt/c/Users/Pato_/OneDrive/Documentos/ITBA/PYTHON_DATA_APP/itba/lib/python3.10/site-packages/airflow/example_dags/example_branch_day_of_week_operator.py took 0.112 seconds
[2024-10-20T19:37:13.021-0300] {processor.py:186} INFO - Started process (PID=319924) to work on /mnt/c/Users/Pato_/OneDrive/Documentos/ITBA/PYTHON_DATA_APP/itba/lib/python3.10/site-packages/airflow/example_dags/example_branch_day_of_week_operator.py
[2024-10-20T19:37:13.022-0300] {processor.py:914} INFO - Processing file /mnt/c/Users/Pato_/OneDrive/Documentos/ITBA/PYTHON_DATA_APP/itba/lib/python3.10/site-packages/airflow/example_dags/example_branch_day_of_week_operator.py for tasks to queue
[2024-10-20T19:37:13.024-0300] {logging_mixin.py:190} INFO - [2024-10-20T19:37:13.023-0300] {dagbag.py:588} INFO - Filling up the DagBag from /mnt/c/Users/Pato_/OneDrive/Documentos/ITBA/PYTHON_DATA_APP/itba/lib/python3.10/site-packages/airflow/example_dags/example_branch_day_of_week_operator.py
[2024-10-20T19:37:13.066-0300] {processor.py:925} INFO - DAG(s) 'example_weekday_branch_operator' retrieved from /mnt/c/Users/Pato_/OneDrive/Documentos/ITBA/PYTHON_DATA_APP/itba/lib/python3.10/site-packages/airflow/example_dags/example_branch_day_of_week_operator.py
[2024-10-20T19:37:13.080-0300] {logging_mixin.py:190} INFO - [2024-10-20T19:37:13.080-0300] {dag.py:3239} INFO - Sync 1 DAGs
[2024-10-20T19:37:13.095-0300] {logging_mixin.py:190} INFO - [2024-10-20T19:37:13.094-0300] {dag.py:4180} INFO - Setting next_dagrun for example_weekday_branch_operator to 2024-10-19 00:00:00+00:00, run_after=2024-10-20 00:00:00+00:00
[2024-10-20T19:37:13.123-0300] {processor.py:208} INFO - Processing /mnt/c/Users/Pato_/OneDrive/Documentos/ITBA/PYTHON_DATA_APP/itba/lib/python3.10/site-packages/airflow/example_dags/example_branch_day_of_week_operator.py took 0.109 seconds
[2024-10-20T19:38:19.880-0300] {processor.py:186} INFO - Started process (PID=320447) to work on /mnt/c/Users/Pato_/OneDrive/Documentos/ITBA/PYTHON_DATA_APP/itba/lib/python3.10/site-packages/airflow/example_dags/example_branch_day_of_week_operator.py
[2024-10-20T19:38:19.881-0300] {processor.py:914} INFO - Processing file /mnt/c/Users/Pato_/OneDrive/Documentos/ITBA/PYTHON_DATA_APP/itba/lib/python3.10/site-packages/airflow/example_dags/example_branch_day_of_week_operator.py for tasks to queue
[2024-10-20T19:38:19.883-0300] {logging_mixin.py:190} INFO - [2024-10-20T19:38:19.882-0300] {dagbag.py:588} INFO - Filling up the DagBag from /mnt/c/Users/Pato_/OneDrive/Documentos/ITBA/PYTHON_DATA_APP/itba/lib/python3.10/site-packages/airflow/example_dags/example_branch_day_of_week_operator.py
[2024-10-20T19:38:19.926-0300] {processor.py:925} INFO - DAG(s) 'example_weekday_branch_operator' retrieved from /mnt/c/Users/Pato_/OneDrive/Documentos/ITBA/PYTHON_DATA_APP/itba/lib/python3.10/site-packages/airflow/example_dags/example_branch_day_of_week_operator.py
[2024-10-20T19:38:19.941-0300] {logging_mixin.py:190} INFO - [2024-10-20T19:38:19.940-0300] {dag.py:3239} INFO - Sync 1 DAGs
[2024-10-20T19:38:19.955-0300] {logging_mixin.py:190} INFO - [2024-10-20T19:38:19.954-0300] {dag.py:4180} INFO - Setting next_dagrun for example_weekday_branch_operator to 2024-10-19 00:00:00+00:00, run_after=2024-10-20 00:00:00+00:00
[2024-10-20T19:38:19.985-0300] {processor.py:208} INFO - Processing /mnt/c/Users/Pato_/OneDrive/Documentos/ITBA/PYTHON_DATA_APP/itba/lib/python3.10/site-packages/airflow/example_dags/example_branch_day_of_week_operator.py took 0.113 seconds
[2024-10-20T19:39:24.809-0300] {processor.py:186} INFO - Started process (PID=320956) to work on /mnt/c/Users/Pato_/OneDrive/Documentos/ITBA/PYTHON_DATA_APP/itba/lib/python3.10/site-packages/airflow/example_dags/example_branch_day_of_week_operator.py
[2024-10-20T19:39:24.810-0300] {processor.py:914} INFO - Processing file /mnt/c/Users/Pato_/OneDrive/Documentos/ITBA/PYTHON_DATA_APP/itba/lib/python3.10/site-packages/airflow/example_dags/example_branch_day_of_week_operator.py for tasks to queue
[2024-10-20T19:39:24.812-0300] {logging_mixin.py:190} INFO - [2024-10-20T19:39:24.811-0300] {dagbag.py:588} INFO - Filling up the DagBag from /mnt/c/Users/Pato_/OneDrive/Documentos/ITBA/PYTHON_DATA_APP/itba/lib/python3.10/site-packages/airflow/example_dags/example_branch_day_of_week_operator.py
[2024-10-20T19:39:24.855-0300] {processor.py:925} INFO - DAG(s) 'example_weekday_branch_operator' retrieved from /mnt/c/Users/Pato_/OneDrive/Documentos/ITBA/PYTHON_DATA_APP/itba/lib/python3.10/site-packages/airflow/example_dags/example_branch_day_of_week_operator.py
[2024-10-20T19:39:24.870-0300] {logging_mixin.py:190} INFO - [2024-10-20T19:39:24.869-0300] {dag.py:3239} INFO - Sync 1 DAGs
[2024-10-20T19:39:24.884-0300] {logging_mixin.py:190} INFO - [2024-10-20T19:39:24.883-0300] {dag.py:4180} INFO - Setting next_dagrun for example_weekday_branch_operator to 2024-10-19 00:00:00+00:00, run_after=2024-10-20 00:00:00+00:00
[2024-10-20T19:39:24.912-0300] {processor.py:208} INFO - Processing /mnt/c/Users/Pato_/OneDrive/Documentos/ITBA/PYTHON_DATA_APP/itba/lib/python3.10/site-packages/airflow/example_dags/example_branch_day_of_week_operator.py took 0.110 seconds
[2024-10-20T19:40:31.465-0300] {processor.py:186} INFO - Started process (PID=321819) to work on /mnt/c/Users/Pato_/OneDrive/Documentos/ITBA/PYTHON_DATA_APP/itba/lib/python3.10/site-packages/airflow/example_dags/example_branch_day_of_week_operator.py
[2024-10-20T19:40:31.466-0300] {processor.py:914} INFO - Processing file /mnt/c/Users/Pato_/OneDrive/Documentos/ITBA/PYTHON_DATA_APP/itba/lib/python3.10/site-packages/airflow/example_dags/example_branch_day_of_week_operator.py for tasks to queue
[2024-10-20T19:40:31.468-0300] {logging_mixin.py:190} INFO - [2024-10-20T19:40:31.468-0300] {dagbag.py:588} INFO - Filling up the DagBag from /mnt/c/Users/Pato_/OneDrive/Documentos/ITBA/PYTHON_DATA_APP/itba/lib/python3.10/site-packages/airflow/example_dags/example_branch_day_of_week_operator.py
[2024-10-20T19:40:31.512-0300] {processor.py:925} INFO - DAG(s) 'example_weekday_branch_operator' retrieved from /mnt/c/Users/Pato_/OneDrive/Documentos/ITBA/PYTHON_DATA_APP/itba/lib/python3.10/site-packages/airflow/example_dags/example_branch_day_of_week_operator.py
[2024-10-20T19:40:31.526-0300] {logging_mixin.py:190} INFO - [2024-10-20T19:40:31.526-0300] {dag.py:3239} INFO - Sync 1 DAGs
[2024-10-20T19:40:31.541-0300] {logging_mixin.py:190} INFO - [2024-10-20T19:40:31.540-0300] {dag.py:4180} INFO - Setting next_dagrun for example_weekday_branch_operator to 2024-10-19 00:00:00+00:00, run_after=2024-10-20 00:00:00+00:00
[2024-10-20T19:40:31.570-0300] {processor.py:208} INFO - Processing /mnt/c/Users/Pato_/OneDrive/Documentos/ITBA/PYTHON_DATA_APP/itba/lib/python3.10/site-packages/airflow/example_dags/example_branch_day_of_week_operator.py took 0.111 seconds
[2024-10-20T19:41:38.193-0300] {processor.py:186} INFO - Started process (PID=322379) to work on /mnt/c/Users/Pato_/OneDrive/Documentos/ITBA/PYTHON_DATA_APP/itba/lib/python3.10/site-packages/airflow/example_dags/example_branch_day_of_week_operator.py
[2024-10-20T19:41:38.194-0300] {processor.py:914} INFO - Processing file /mnt/c/Users/Pato_/OneDrive/Documentos/ITBA/PYTHON_DATA_APP/itba/lib/python3.10/site-packages/airflow/example_dags/example_branch_day_of_week_operator.py for tasks to queue
[2024-10-20T19:41:38.196-0300] {logging_mixin.py:190} INFO - [2024-10-20T19:41:38.196-0300] {dagbag.py:588} INFO - Filling up the DagBag from /mnt/c/Users/Pato_/OneDrive/Documentos/ITBA/PYTHON_DATA_APP/itba/lib/python3.10/site-packages/airflow/example_dags/example_branch_day_of_week_operator.py
[2024-10-20T19:41:38.241-0300] {processor.py:925} INFO - DAG(s) 'example_weekday_branch_operator' retrieved from /mnt/c/Users/Pato_/OneDrive/Documentos/ITBA/PYTHON_DATA_APP/itba/lib/python3.10/site-packages/airflow/example_dags/example_branch_day_of_week_operator.py
[2024-10-20T19:41:38.256-0300] {logging_mixin.py:190} INFO - [2024-10-20T19:41:38.255-0300] {dag.py:3239} INFO - Sync 1 DAGs
[2024-10-20T19:41:38.270-0300] {logging_mixin.py:190} INFO - [2024-10-20T19:41:38.269-0300] {dag.py:4180} INFO - Setting next_dagrun for example_weekday_branch_operator to 2024-10-19 00:00:00+00:00, run_after=2024-10-20 00:00:00+00:00
[2024-10-20T19:41:38.298-0300] {processor.py:208} INFO - Processing /mnt/c/Users/Pato_/OneDrive/Documentos/ITBA/PYTHON_DATA_APP/itba/lib/python3.10/site-packages/airflow/example_dags/example_branch_day_of_week_operator.py took 0.112 seconds
