[2024-10-20T19:00:03.112-0300] {processor.py:186} INFO - Started process (PID=298539) to work on /mnt/c/Users/Pato_/OneDrive/Documentos/ITBA/PYTHON_DATA_APP/itba/lib/python3.10/site-packages/airflow/example_dags/tutorial_taskflow_api.py
[2024-10-20T19:00:03.112-0300] {processor.py:914} INFO - Processing file /mnt/c/Users/Pato_/OneDrive/Documentos/ITBA/PYTHON_DATA_APP/itba/lib/python3.10/site-packages/airflow/example_dags/tutorial_taskflow_api.py for tasks to queue
[2024-10-20T19:00:03.114-0300] {logging_mixin.py:190} INFO - [2024-10-20T19:00:03.114-0300] {dagbag.py:588} INFO - Filling up the DagBag from /mnt/c/Users/Pato_/OneDrive/Documentos/ITBA/PYTHON_DATA_APP/itba/lib/python3.10/site-packages/airflow/example_dags/tutorial_taskflow_api.py
[2024-10-20T19:00:03.173-0300] {processor.py:925} INFO - DAG(s) 'tutorial_taskflow_api' retrieved from /mnt/c/Users/Pato_/OneDrive/Documentos/ITBA/PYTHON_DATA_APP/itba/lib/python3.10/site-packages/airflow/example_dags/tutorial_taskflow_api.py
[2024-10-20T19:00:03.957-0300] {logging_mixin.py:190} INFO - [2024-10-20T19:00:03.956-0300] {override.py:1907} INFO - Created Permission View: can read on DAG:tutorial_taskflow_api
[2024-10-20T19:00:03.976-0300] {logging_mixin.py:190} INFO - [2024-10-20T19:00:03.975-0300] {override.py:1907} INFO - Created Permission View: can delete on DAG:tutorial_taskflow_api
[2024-10-20T19:00:03.996-0300] {logging_mixin.py:190} INFO - [2024-10-20T19:00:03.995-0300] {override.py:1907} INFO - Created Permission View: can edit on DAG:tutorial_taskflow_api
[2024-10-20T19:00:04.023-0300] {logging_mixin.py:190} INFO - [2024-10-20T19:00:04.022-0300] {override.py:1907} INFO - Created Permission View: can read on DAG Run:tutorial_taskflow_api
[2024-10-20T19:00:04.041-0300] {logging_mixin.py:190} INFO - [2024-10-20T19:00:04.041-0300] {override.py:1907} INFO - Created Permission View: can delete on DAG Run:tutorial_taskflow_api
[2024-10-20T19:00:04.059-0300] {logging_mixin.py:190} INFO - [2024-10-20T19:00:04.059-0300] {override.py:1907} INFO - Created Permission View: can create on DAG Run:tutorial_taskflow_api
[2024-10-20T19:00:04.076-0300] {logging_mixin.py:190} INFO - [2024-10-20T19:00:04.076-0300] {override.py:1907} INFO - Created Permission View: menu access on DAG Run:tutorial_taskflow_api
[2024-10-20T19:00:04.077-0300] {logging_mixin.py:190} INFO - [2024-10-20T19:00:04.077-0300] {dag.py:3239} INFO - Sync 1 DAGs
[2024-10-20T19:00:04.087-0300] {logging_mixin.py:190} INFO - [2024-10-20T19:00:04.087-0300] {dag.py:3262} INFO - Creating ORM DAG for tutorial_taskflow_api
[2024-10-20T19:00:04.089-0300] {logging_mixin.py:190} INFO - [2024-10-20T19:00:04.088-0300] {dag.py:4180} INFO - Setting next_dagrun for tutorial_taskflow_api to None, run_after=None
[2024-10-20T19:00:04.120-0300] {processor.py:208} INFO - Processing /mnt/c/Users/Pato_/OneDrive/Documentos/ITBA/PYTHON_DATA_APP/itba/lib/python3.10/site-packages/airflow/example_dags/tutorial_taskflow_api.py took 1.015 seconds
[2024-10-20T19:02:28.786-0300] {processor.py:186} INFO - Started process (PID=299803) to work on /mnt/c/Users/Pato_/OneDrive/Documentos/ITBA/PYTHON_DATA_APP/itba/lib/python3.10/site-packages/airflow/example_dags/tutorial_taskflow_api.py
[2024-10-20T19:02:28.787-0300] {processor.py:914} INFO - Processing file /mnt/c/Users/Pato_/OneDrive/Documentos/ITBA/PYTHON_DATA_APP/itba/lib/python3.10/site-packages/airflow/example_dags/tutorial_taskflow_api.py for tasks to queue
[2024-10-20T19:02:28.789-0300] {logging_mixin.py:190} INFO - [2024-10-20T19:02:28.788-0300] {dagbag.py:588} INFO - Filling up the DagBag from /mnt/c/Users/Pato_/OneDrive/Documentos/ITBA/PYTHON_DATA_APP/itba/lib/python3.10/site-packages/airflow/example_dags/tutorial_taskflow_api.py
[2024-10-20T19:02:28.831-0300] {processor.py:925} INFO - DAG(s) 'tutorial_taskflow_api' retrieved from /mnt/c/Users/Pato_/OneDrive/Documentos/ITBA/PYTHON_DATA_APP/itba/lib/python3.10/site-packages/airflow/example_dags/tutorial_taskflow_api.py
[2024-10-20T19:02:28.847-0300] {logging_mixin.py:190} INFO - [2024-10-20T19:02:28.846-0300] {dag.py:3239} INFO - Sync 1 DAGs
[2024-10-20T19:02:28.856-0300] {logging_mixin.py:190} INFO - [2024-10-20T19:02:28.855-0300] {dag.py:4180} INFO - Setting next_dagrun for tutorial_taskflow_api to None, run_after=None
[2024-10-20T19:02:28.887-0300] {processor.py:208} INFO - Processing /mnt/c/Users/Pato_/OneDrive/Documentos/ITBA/PYTHON_DATA_APP/itba/lib/python3.10/site-packages/airflow/example_dags/tutorial_taskflow_api.py took 0.108 seconds
[2024-10-20T19:03:23.209-0300] {processor.py:186} INFO - Started process (PID=300235) to work on /mnt/c/Users/Pato_/OneDrive/Documentos/ITBA/PYTHON_DATA_APP/itba/lib/python3.10/site-packages/airflow/example_dags/tutorial_taskflow_api.py
[2024-10-20T19:03:23.210-0300] {processor.py:914} INFO - Processing file /mnt/c/Users/Pato_/OneDrive/Documentos/ITBA/PYTHON_DATA_APP/itba/lib/python3.10/site-packages/airflow/example_dags/tutorial_taskflow_api.py for tasks to queue
[2024-10-20T19:03:23.212-0300] {logging_mixin.py:190} INFO - [2024-10-20T19:03:23.212-0300] {dagbag.py:588} INFO - Filling up the DagBag from /mnt/c/Users/Pato_/OneDrive/Documentos/ITBA/PYTHON_DATA_APP/itba/lib/python3.10/site-packages/airflow/example_dags/tutorial_taskflow_api.py
[2024-10-20T19:03:23.253-0300] {processor.py:925} INFO - DAG(s) 'tutorial_taskflow_api' retrieved from /mnt/c/Users/Pato_/OneDrive/Documentos/ITBA/PYTHON_DATA_APP/itba/lib/python3.10/site-packages/airflow/example_dags/tutorial_taskflow_api.py
[2024-10-20T19:03:23.268-0300] {logging_mixin.py:190} INFO - [2024-10-20T19:03:23.267-0300] {dag.py:3239} INFO - Sync 1 DAGs
[2024-10-20T19:03:23.276-0300] {logging_mixin.py:190} INFO - [2024-10-20T19:03:23.276-0300] {dag.py:4180} INFO - Setting next_dagrun for tutorial_taskflow_api to None, run_after=None
[2024-10-20T19:03:23.306-0300] {processor.py:208} INFO - Processing /mnt/c/Users/Pato_/OneDrive/Documentos/ITBA/PYTHON_DATA_APP/itba/lib/python3.10/site-packages/airflow/example_dags/tutorial_taskflow_api.py took 0.103 seconds
[2024-10-20T19:04:34.732-0300] {processor.py:186} INFO - Started process (PID=300919) to work on /mnt/c/Users/Pato_/OneDrive/Documentos/ITBA/PYTHON_DATA_APP/itba/lib/python3.10/site-packages/airflow/example_dags/tutorial_taskflow_api.py
[2024-10-20T19:04:34.733-0300] {processor.py:914} INFO - Processing file /mnt/c/Users/Pato_/OneDrive/Documentos/ITBA/PYTHON_DATA_APP/itba/lib/python3.10/site-packages/airflow/example_dags/tutorial_taskflow_api.py for tasks to queue
[2024-10-20T19:04:34.736-0300] {logging_mixin.py:190} INFO - [2024-10-20T19:04:34.735-0300] {dagbag.py:588} INFO - Filling up the DagBag from /mnt/c/Users/Pato_/OneDrive/Documentos/ITBA/PYTHON_DATA_APP/itba/lib/python3.10/site-packages/airflow/example_dags/tutorial_taskflow_api.py
[2024-10-20T19:04:34.779-0300] {processor.py:925} INFO - DAG(s) 'tutorial_taskflow_api' retrieved from /mnt/c/Users/Pato_/OneDrive/Documentos/ITBA/PYTHON_DATA_APP/itba/lib/python3.10/site-packages/airflow/example_dags/tutorial_taskflow_api.py
[2024-10-20T19:04:34.796-0300] {logging_mixin.py:190} INFO - [2024-10-20T19:04:34.795-0300] {dag.py:3239} INFO - Sync 1 DAGs
[2024-10-20T19:04:34.806-0300] {logging_mixin.py:190} INFO - [2024-10-20T19:04:34.805-0300] {dag.py:4180} INFO - Setting next_dagrun for tutorial_taskflow_api to None, run_after=None
[2024-10-20T19:04:34.840-0300] {processor.py:208} INFO - Processing /mnt/c/Users/Pato_/OneDrive/Documentos/ITBA/PYTHON_DATA_APP/itba/lib/python3.10/site-packages/airflow/example_dags/tutorial_taskflow_api.py took 0.116 seconds
[2024-10-20T19:05:42.063-0300] {processor.py:186} INFO - Started process (PID=301567) to work on /mnt/c/Users/Pato_/OneDrive/Documentos/ITBA/PYTHON_DATA_APP/itba/lib/python3.10/site-packages/airflow/example_dags/tutorial_taskflow_api.py
[2024-10-20T19:05:42.064-0300] {processor.py:914} INFO - Processing file /mnt/c/Users/Pato_/OneDrive/Documentos/ITBA/PYTHON_DATA_APP/itba/lib/python3.10/site-packages/airflow/example_dags/tutorial_taskflow_api.py for tasks to queue
[2024-10-20T19:05:42.066-0300] {logging_mixin.py:190} INFO - [2024-10-20T19:05:42.065-0300] {dagbag.py:588} INFO - Filling up the DagBag from /mnt/c/Users/Pato_/OneDrive/Documentos/ITBA/PYTHON_DATA_APP/itba/lib/python3.10/site-packages/airflow/example_dags/tutorial_taskflow_api.py
[2024-10-20T19:05:42.105-0300] {processor.py:925} INFO - DAG(s) 'tutorial_taskflow_api' retrieved from /mnt/c/Users/Pato_/OneDrive/Documentos/ITBA/PYTHON_DATA_APP/itba/lib/python3.10/site-packages/airflow/example_dags/tutorial_taskflow_api.py
[2024-10-20T19:05:42.120-0300] {logging_mixin.py:190} INFO - [2024-10-20T19:05:42.119-0300] {dag.py:3239} INFO - Sync 1 DAGs
[2024-10-20T19:05:42.128-0300] {logging_mixin.py:190} INFO - [2024-10-20T19:05:42.128-0300] {dag.py:4180} INFO - Setting next_dagrun for tutorial_taskflow_api to None, run_after=None
[2024-10-20T19:05:42.157-0300] {processor.py:208} INFO - Processing /mnt/c/Users/Pato_/OneDrive/Documentos/ITBA/PYTHON_DATA_APP/itba/lib/python3.10/site-packages/airflow/example_dags/tutorial_taskflow_api.py took 0.102 seconds
[2024-10-20T19:07:46.395-0300] {processor.py:186} INFO - Started process (PID=303461) to work on /mnt/c/Users/Pato_/OneDrive/Documentos/ITBA/PYTHON_DATA_APP/itba/lib/python3.10/site-packages/airflow/example_dags/tutorial_taskflow_api.py
[2024-10-20T19:07:46.396-0300] {processor.py:914} INFO - Processing file /mnt/c/Users/Pato_/OneDrive/Documentos/ITBA/PYTHON_DATA_APP/itba/lib/python3.10/site-packages/airflow/example_dags/tutorial_taskflow_api.py for tasks to queue
[2024-10-20T19:07:46.398-0300] {logging_mixin.py:190} INFO - [2024-10-20T19:07:46.397-0300] {dagbag.py:588} INFO - Filling up the DagBag from /mnt/c/Users/Pato_/OneDrive/Documentos/ITBA/PYTHON_DATA_APP/itba/lib/python3.10/site-packages/airflow/example_dags/tutorial_taskflow_api.py
[2024-10-20T19:07:46.438-0300] {processor.py:925} INFO - DAG(s) 'tutorial_taskflow_api' retrieved from /mnt/c/Users/Pato_/OneDrive/Documentos/ITBA/PYTHON_DATA_APP/itba/lib/python3.10/site-packages/airflow/example_dags/tutorial_taskflow_api.py
[2024-10-20T19:07:46.453-0300] {logging_mixin.py:190} INFO - [2024-10-20T19:07:46.452-0300] {dag.py:3239} INFO - Sync 1 DAGs
[2024-10-20T19:07:46.461-0300] {logging_mixin.py:190} INFO - [2024-10-20T19:07:46.461-0300] {dag.py:4180} INFO - Setting next_dagrun for tutorial_taskflow_api to None, run_after=None
[2024-10-20T19:07:46.490-0300] {processor.py:208} INFO - Processing /mnt/c/Users/Pato_/OneDrive/Documentos/ITBA/PYTHON_DATA_APP/itba/lib/python3.10/site-packages/airflow/example_dags/tutorial_taskflow_api.py took 0.101 seconds
[2024-10-20T19:08:38.991-0300] {processor.py:186} INFO - Started process (PID=303874) to work on /mnt/c/Users/Pato_/OneDrive/Documentos/ITBA/PYTHON_DATA_APP/itba/lib/python3.10/site-packages/airflow/example_dags/tutorial_taskflow_api.py
[2024-10-20T19:08:38.992-0300] {processor.py:914} INFO - Processing file /mnt/c/Users/Pato_/OneDrive/Documentos/ITBA/PYTHON_DATA_APP/itba/lib/python3.10/site-packages/airflow/example_dags/tutorial_taskflow_api.py for tasks to queue
[2024-10-20T19:08:38.994-0300] {logging_mixin.py:190} INFO - [2024-10-20T19:08:38.993-0300] {dagbag.py:588} INFO - Filling up the DagBag from /mnt/c/Users/Pato_/OneDrive/Documentos/ITBA/PYTHON_DATA_APP/itba/lib/python3.10/site-packages/airflow/example_dags/tutorial_taskflow_api.py
[2024-10-20T19:08:39.033-0300] {processor.py:925} INFO - DAG(s) 'tutorial_taskflow_api' retrieved from /mnt/c/Users/Pato_/OneDrive/Documentos/ITBA/PYTHON_DATA_APP/itba/lib/python3.10/site-packages/airflow/example_dags/tutorial_taskflow_api.py
[2024-10-20T19:08:39.047-0300] {logging_mixin.py:190} INFO - [2024-10-20T19:08:39.047-0300] {dag.py:3239} INFO - Sync 1 DAGs
[2024-10-20T19:08:39.056-0300] {logging_mixin.py:190} INFO - [2024-10-20T19:08:39.056-0300] {dag.py:4180} INFO - Setting next_dagrun for tutorial_taskflow_api to None, run_after=None
[2024-10-20T19:08:39.085-0300] {processor.py:208} INFO - Processing /mnt/c/Users/Pato_/OneDrive/Documentos/ITBA/PYTHON_DATA_APP/itba/lib/python3.10/site-packages/airflow/example_dags/tutorial_taskflow_api.py took 0.101 seconds
[2024-10-20T19:09:41.713-0300] {processor.py:186} INFO - Started process (PID=304428) to work on /mnt/c/Users/Pato_/OneDrive/Documentos/ITBA/PYTHON_DATA_APP/itba/lib/python3.10/site-packages/airflow/example_dags/tutorial_taskflow_api.py
[2024-10-20T19:09:41.714-0300] {processor.py:914} INFO - Processing file /mnt/c/Users/Pato_/OneDrive/Documentos/ITBA/PYTHON_DATA_APP/itba/lib/python3.10/site-packages/airflow/example_dags/tutorial_taskflow_api.py for tasks to queue
[2024-10-20T19:09:41.716-0300] {logging_mixin.py:190} INFO - [2024-10-20T19:09:41.716-0300] {dagbag.py:588} INFO - Filling up the DagBag from /mnt/c/Users/Pato_/OneDrive/Documentos/ITBA/PYTHON_DATA_APP/itba/lib/python3.10/site-packages/airflow/example_dags/tutorial_taskflow_api.py
[2024-10-20T19:09:41.757-0300] {processor.py:925} INFO - DAG(s) 'tutorial_taskflow_api' retrieved from /mnt/c/Users/Pato_/OneDrive/Documentos/ITBA/PYTHON_DATA_APP/itba/lib/python3.10/site-packages/airflow/example_dags/tutorial_taskflow_api.py
[2024-10-20T19:09:41.772-0300] {logging_mixin.py:190} INFO - [2024-10-20T19:09:41.772-0300] {dag.py:3239} INFO - Sync 1 DAGs
[2024-10-20T19:09:41.781-0300] {logging_mixin.py:190} INFO - [2024-10-20T19:09:41.781-0300] {dag.py:4180} INFO - Setting next_dagrun for tutorial_taskflow_api to None, run_after=None
[2024-10-20T19:09:41.863-0300] {processor.py:208} INFO - Processing /mnt/c/Users/Pato_/OneDrive/Documentos/ITBA/PYTHON_DATA_APP/itba/lib/python3.10/site-packages/airflow/example_dags/tutorial_taskflow_api.py took 0.157 seconds
[2024-10-20T19:10:49.067-0300] {processor.py:186} INFO - Started process (PID=304982) to work on /mnt/c/Users/Pato_/OneDrive/Documentos/ITBA/PYTHON_DATA_APP/itba/lib/python3.10/site-packages/airflow/example_dags/tutorial_taskflow_api.py
[2024-10-20T19:10:49.068-0300] {processor.py:914} INFO - Processing file /mnt/c/Users/Pato_/OneDrive/Documentos/ITBA/PYTHON_DATA_APP/itba/lib/python3.10/site-packages/airflow/example_dags/tutorial_taskflow_api.py for tasks to queue
[2024-10-20T19:10:49.070-0300] {logging_mixin.py:190} INFO - [2024-10-20T19:10:49.069-0300] {dagbag.py:588} INFO - Filling up the DagBag from /mnt/c/Users/Pato_/OneDrive/Documentos/ITBA/PYTHON_DATA_APP/itba/lib/python3.10/site-packages/airflow/example_dags/tutorial_taskflow_api.py
[2024-10-20T19:10:49.109-0300] {processor.py:925} INFO - DAG(s) 'tutorial_taskflow_api' retrieved from /mnt/c/Users/Pato_/OneDrive/Documentos/ITBA/PYTHON_DATA_APP/itba/lib/python3.10/site-packages/airflow/example_dags/tutorial_taskflow_api.py
[2024-10-20T19:10:49.124-0300] {logging_mixin.py:190} INFO - [2024-10-20T19:10:49.123-0300] {dag.py:3239} INFO - Sync 1 DAGs
[2024-10-20T19:10:49.132-0300] {logging_mixin.py:190} INFO - [2024-10-20T19:10:49.132-0300] {dag.py:4180} INFO - Setting next_dagrun for tutorial_taskflow_api to None, run_after=None
[2024-10-20T19:10:49.162-0300] {processor.py:208} INFO - Processing /mnt/c/Users/Pato_/OneDrive/Documentos/ITBA/PYTHON_DATA_APP/itba/lib/python3.10/site-packages/airflow/example_dags/tutorial_taskflow_api.py took 0.102 seconds
[2024-10-20T19:11:58.739-0300] {processor.py:186} INFO - Started process (PID=305529) to work on /mnt/c/Users/Pato_/OneDrive/Documentos/ITBA/PYTHON_DATA_APP/itba/lib/python3.10/site-packages/airflow/example_dags/tutorial_taskflow_api.py
[2024-10-20T19:11:58.740-0300] {processor.py:914} INFO - Processing file /mnt/c/Users/Pato_/OneDrive/Documentos/ITBA/PYTHON_DATA_APP/itba/lib/python3.10/site-packages/airflow/example_dags/tutorial_taskflow_api.py for tasks to queue
[2024-10-20T19:11:58.742-0300] {logging_mixin.py:190} INFO - [2024-10-20T19:11:58.742-0300] {dagbag.py:588} INFO - Filling up the DagBag from /mnt/c/Users/Pato_/OneDrive/Documentos/ITBA/PYTHON_DATA_APP/itba/lib/python3.10/site-packages/airflow/example_dags/tutorial_taskflow_api.py
[2024-10-20T19:11:58.780-0300] {processor.py:925} INFO - DAG(s) 'tutorial_taskflow_api' retrieved from /mnt/c/Users/Pato_/OneDrive/Documentos/ITBA/PYTHON_DATA_APP/itba/lib/python3.10/site-packages/airflow/example_dags/tutorial_taskflow_api.py
[2024-10-20T19:11:58.794-0300] {logging_mixin.py:190} INFO - [2024-10-20T19:11:58.793-0300] {dag.py:3239} INFO - Sync 1 DAGs
[2024-10-20T19:11:58.802-0300] {logging_mixin.py:190} INFO - [2024-10-20T19:11:58.802-0300] {dag.py:4180} INFO - Setting next_dagrun for tutorial_taskflow_api to None, run_after=None
[2024-10-20T19:11:58.833-0300] {processor.py:208} INFO - Processing /mnt/c/Users/Pato_/OneDrive/Documentos/ITBA/PYTHON_DATA_APP/itba/lib/python3.10/site-packages/airflow/example_dags/tutorial_taskflow_api.py took 0.100 seconds
[2024-10-20T19:13:04.375-0300] {processor.py:186} INFO - Started process (PID=306040) to work on /mnt/c/Users/Pato_/OneDrive/Documentos/ITBA/PYTHON_DATA_APP/itba/lib/python3.10/site-packages/airflow/example_dags/tutorial_taskflow_api.py
[2024-10-20T19:13:04.376-0300] {processor.py:914} INFO - Processing file /mnt/c/Users/Pato_/OneDrive/Documentos/ITBA/PYTHON_DATA_APP/itba/lib/python3.10/site-packages/airflow/example_dags/tutorial_taskflow_api.py for tasks to queue
[2024-10-20T19:13:04.378-0300] {logging_mixin.py:190} INFO - [2024-10-20T19:13:04.378-0300] {dagbag.py:588} INFO - Filling up the DagBag from /mnt/c/Users/Pato_/OneDrive/Documentos/ITBA/PYTHON_DATA_APP/itba/lib/python3.10/site-packages/airflow/example_dags/tutorial_taskflow_api.py
[2024-10-20T19:13:04.417-0300] {processor.py:925} INFO - DAG(s) 'tutorial_taskflow_api' retrieved from /mnt/c/Users/Pato_/OneDrive/Documentos/ITBA/PYTHON_DATA_APP/itba/lib/python3.10/site-packages/airflow/example_dags/tutorial_taskflow_api.py
[2024-10-20T19:13:04.431-0300] {logging_mixin.py:190} INFO - [2024-10-20T19:13:04.430-0300] {dag.py:3239} INFO - Sync 1 DAGs
[2024-10-20T19:13:04.439-0300] {logging_mixin.py:190} INFO - [2024-10-20T19:13:04.439-0300] {dag.py:4180} INFO - Setting next_dagrun for tutorial_taskflow_api to None, run_after=None
[2024-10-20T19:13:04.468-0300] {processor.py:208} INFO - Processing /mnt/c/Users/Pato_/OneDrive/Documentos/ITBA/PYTHON_DATA_APP/itba/lib/python3.10/site-packages/airflow/example_dags/tutorial_taskflow_api.py took 0.100 seconds
[2024-10-20T19:14:08.415-0300] {processor.py:186} INFO - Started process (PID=306539) to work on /mnt/c/Users/Pato_/OneDrive/Documentos/ITBA/PYTHON_DATA_APP/itba/lib/python3.10/site-packages/airflow/example_dags/tutorial_taskflow_api.py
[2024-10-20T19:14:08.416-0300] {processor.py:914} INFO - Processing file /mnt/c/Users/Pato_/OneDrive/Documentos/ITBA/PYTHON_DATA_APP/itba/lib/python3.10/site-packages/airflow/example_dags/tutorial_taskflow_api.py for tasks to queue
[2024-10-20T19:14:08.418-0300] {logging_mixin.py:190} INFO - [2024-10-20T19:14:08.418-0300] {dagbag.py:588} INFO - Filling up the DagBag from /mnt/c/Users/Pato_/OneDrive/Documentos/ITBA/PYTHON_DATA_APP/itba/lib/python3.10/site-packages/airflow/example_dags/tutorial_taskflow_api.py
[2024-10-20T19:14:08.457-0300] {processor.py:925} INFO - DAG(s) 'tutorial_taskflow_api' retrieved from /mnt/c/Users/Pato_/OneDrive/Documentos/ITBA/PYTHON_DATA_APP/itba/lib/python3.10/site-packages/airflow/example_dags/tutorial_taskflow_api.py
[2024-10-20T19:14:08.471-0300] {logging_mixin.py:190} INFO - [2024-10-20T19:14:08.470-0300] {dag.py:3239} INFO - Sync 1 DAGs
[2024-10-20T19:14:08.479-0300] {logging_mixin.py:190} INFO - [2024-10-20T19:14:08.479-0300] {dag.py:4180} INFO - Setting next_dagrun for tutorial_taskflow_api to None, run_after=None
[2024-10-20T19:14:08.508-0300] {processor.py:208} INFO - Processing /mnt/c/Users/Pato_/OneDrive/Documentos/ITBA/PYTHON_DATA_APP/itba/lib/python3.10/site-packages/airflow/example_dags/tutorial_taskflow_api.py took 0.100 seconds
[2024-10-20T19:15:20.846-0300] {processor.py:186} INFO - Started process (PID=307131) to work on /mnt/c/Users/Pato_/OneDrive/Documentos/ITBA/PYTHON_DATA_APP/itba/lib/python3.10/site-packages/airflow/example_dags/tutorial_taskflow_api.py
[2024-10-20T19:15:20.847-0300] {processor.py:914} INFO - Processing file /mnt/c/Users/Pato_/OneDrive/Documentos/ITBA/PYTHON_DATA_APP/itba/lib/python3.10/site-packages/airflow/example_dags/tutorial_taskflow_api.py for tasks to queue
[2024-10-20T19:15:20.849-0300] {logging_mixin.py:190} INFO - [2024-10-20T19:15:20.848-0300] {dagbag.py:588} INFO - Filling up the DagBag from /mnt/c/Users/Pato_/OneDrive/Documentos/ITBA/PYTHON_DATA_APP/itba/lib/python3.10/site-packages/airflow/example_dags/tutorial_taskflow_api.py
[2024-10-20T19:15:20.888-0300] {processor.py:925} INFO - DAG(s) 'tutorial_taskflow_api' retrieved from /mnt/c/Users/Pato_/OneDrive/Documentos/ITBA/PYTHON_DATA_APP/itba/lib/python3.10/site-packages/airflow/example_dags/tutorial_taskflow_api.py
[2024-10-20T19:15:20.903-0300] {logging_mixin.py:190} INFO - [2024-10-20T19:15:20.903-0300] {dag.py:3239} INFO - Sync 1 DAGs
[2024-10-20T19:15:20.912-0300] {logging_mixin.py:190} INFO - [2024-10-20T19:15:20.911-0300] {dag.py:4180} INFO - Setting next_dagrun for tutorial_taskflow_api to None, run_after=None
[2024-10-20T19:15:20.941-0300] {processor.py:208} INFO - Processing /mnt/c/Users/Pato_/OneDrive/Documentos/ITBA/PYTHON_DATA_APP/itba/lib/python3.10/site-packages/airflow/example_dags/tutorial_taskflow_api.py took 0.102 seconds
[2024-10-20T19:16:28.130-0300] {processor.py:186} INFO - Started process (PID=307656) to work on /mnt/c/Users/Pato_/OneDrive/Documentos/ITBA/PYTHON_DATA_APP/itba/lib/python3.10/site-packages/airflow/example_dags/tutorial_taskflow_api.py
[2024-10-20T19:16:28.131-0300] {processor.py:914} INFO - Processing file /mnt/c/Users/Pato_/OneDrive/Documentos/ITBA/PYTHON_DATA_APP/itba/lib/python3.10/site-packages/airflow/example_dags/tutorial_taskflow_api.py for tasks to queue
[2024-10-20T19:16:28.133-0300] {logging_mixin.py:190} INFO - [2024-10-20T19:16:28.132-0300] {dagbag.py:588} INFO - Filling up the DagBag from /mnt/c/Users/Pato_/OneDrive/Documentos/ITBA/PYTHON_DATA_APP/itba/lib/python3.10/site-packages/airflow/example_dags/tutorial_taskflow_api.py
[2024-10-20T19:16:28.172-0300] {processor.py:925} INFO - DAG(s) 'tutorial_taskflow_api' retrieved from /mnt/c/Users/Pato_/OneDrive/Documentos/ITBA/PYTHON_DATA_APP/itba/lib/python3.10/site-packages/airflow/example_dags/tutorial_taskflow_api.py
[2024-10-20T19:16:28.187-0300] {logging_mixin.py:190} INFO - [2024-10-20T19:16:28.186-0300] {dag.py:3239} INFO - Sync 1 DAGs
[2024-10-20T19:16:28.196-0300] {logging_mixin.py:190} INFO - [2024-10-20T19:16:28.195-0300] {dag.py:4180} INFO - Setting next_dagrun for tutorial_taskflow_api to None, run_after=None
[2024-10-20T19:16:28.223-0300] {processor.py:208} INFO - Processing /mnt/c/Users/Pato_/OneDrive/Documentos/ITBA/PYTHON_DATA_APP/itba/lib/python3.10/site-packages/airflow/example_dags/tutorial_taskflow_api.py took 0.100 seconds
[2024-10-20T19:17:41.036-0300] {processor.py:186} INFO - Started process (PID=308225) to work on /mnt/c/Users/Pato_/OneDrive/Documentos/ITBA/PYTHON_DATA_APP/itba/lib/python3.10/site-packages/airflow/example_dags/tutorial_taskflow_api.py
[2024-10-20T19:17:41.037-0300] {processor.py:914} INFO - Processing file /mnt/c/Users/Pato_/OneDrive/Documentos/ITBA/PYTHON_DATA_APP/itba/lib/python3.10/site-packages/airflow/example_dags/tutorial_taskflow_api.py for tasks to queue
[2024-10-20T19:17:41.039-0300] {logging_mixin.py:190} INFO - [2024-10-20T19:17:41.038-0300] {dagbag.py:588} INFO - Filling up the DagBag from /mnt/c/Users/Pato_/OneDrive/Documentos/ITBA/PYTHON_DATA_APP/itba/lib/python3.10/site-packages/airflow/example_dags/tutorial_taskflow_api.py
[2024-10-20T19:17:41.078-0300] {processor.py:925} INFO - DAG(s) 'tutorial_taskflow_api' retrieved from /mnt/c/Users/Pato_/OneDrive/Documentos/ITBA/PYTHON_DATA_APP/itba/lib/python3.10/site-packages/airflow/example_dags/tutorial_taskflow_api.py
[2024-10-20T19:17:41.093-0300] {logging_mixin.py:190} INFO - [2024-10-20T19:17:41.092-0300] {dag.py:3239} INFO - Sync 1 DAGs
[2024-10-20T19:17:41.101-0300] {logging_mixin.py:190} INFO - [2024-10-20T19:17:41.101-0300] {dag.py:4180} INFO - Setting next_dagrun for tutorial_taskflow_api to None, run_after=None
[2024-10-20T19:17:41.131-0300] {processor.py:208} INFO - Processing /mnt/c/Users/Pato_/OneDrive/Documentos/ITBA/PYTHON_DATA_APP/itba/lib/python3.10/site-packages/airflow/example_dags/tutorial_taskflow_api.py took 0.102 seconds
[2024-10-20T19:18:50.088-0300] {processor.py:186} INFO - Started process (PID=308764) to work on /mnt/c/Users/Pato_/OneDrive/Documentos/ITBA/PYTHON_DATA_APP/itba/lib/python3.10/site-packages/airflow/example_dags/tutorial_taskflow_api.py
[2024-10-20T19:18:50.089-0300] {processor.py:914} INFO - Processing file /mnt/c/Users/Pato_/OneDrive/Documentos/ITBA/PYTHON_DATA_APP/itba/lib/python3.10/site-packages/airflow/example_dags/tutorial_taskflow_api.py for tasks to queue
[2024-10-20T19:18:50.091-0300] {logging_mixin.py:190} INFO - [2024-10-20T19:18:50.090-0300] {dagbag.py:588} INFO - Filling up the DagBag from /mnt/c/Users/Pato_/OneDrive/Documentos/ITBA/PYTHON_DATA_APP/itba/lib/python3.10/site-packages/airflow/example_dags/tutorial_taskflow_api.py
[2024-10-20T19:18:50.131-0300] {processor.py:925} INFO - DAG(s) 'tutorial_taskflow_api' retrieved from /mnt/c/Users/Pato_/OneDrive/Documentos/ITBA/PYTHON_DATA_APP/itba/lib/python3.10/site-packages/airflow/example_dags/tutorial_taskflow_api.py
[2024-10-20T19:18:50.148-0300] {logging_mixin.py:190} INFO - [2024-10-20T19:18:50.147-0300] {dag.py:3239} INFO - Sync 1 DAGs
[2024-10-20T19:18:50.158-0300] {logging_mixin.py:190} INFO - [2024-10-20T19:18:50.157-0300] {dag.py:4180} INFO - Setting next_dagrun for tutorial_taskflow_api to None, run_after=None
[2024-10-20T19:18:50.187-0300] {processor.py:208} INFO - Processing /mnt/c/Users/Pato_/OneDrive/Documentos/ITBA/PYTHON_DATA_APP/itba/lib/python3.10/site-packages/airflow/example_dags/tutorial_taskflow_api.py took 0.105 seconds
[2024-10-20T19:19:29.806-0300] {processor.py:186} INFO - Started process (PID=309074) to work on /mnt/c/Users/Pato_/OneDrive/Documentos/ITBA/PYTHON_DATA_APP/itba/lib/python3.10/site-packages/airflow/example_dags/tutorial_taskflow_api.py
[2024-10-20T19:19:29.807-0300] {processor.py:914} INFO - Processing file /mnt/c/Users/Pato_/OneDrive/Documentos/ITBA/PYTHON_DATA_APP/itba/lib/python3.10/site-packages/airflow/example_dags/tutorial_taskflow_api.py for tasks to queue
[2024-10-20T19:19:29.809-0300] {logging_mixin.py:190} INFO - [2024-10-20T19:19:29.808-0300] {dagbag.py:588} INFO - Filling up the DagBag from /mnt/c/Users/Pato_/OneDrive/Documentos/ITBA/PYTHON_DATA_APP/itba/lib/python3.10/site-packages/airflow/example_dags/tutorial_taskflow_api.py
[2024-10-20T19:19:29.848-0300] {processor.py:925} INFO - DAG(s) 'tutorial_taskflow_api' retrieved from /mnt/c/Users/Pato_/OneDrive/Documentos/ITBA/PYTHON_DATA_APP/itba/lib/python3.10/site-packages/airflow/example_dags/tutorial_taskflow_api.py
[2024-10-20T19:19:29.862-0300] {logging_mixin.py:190} INFO - [2024-10-20T19:19:29.861-0300] {dag.py:3239} INFO - Sync 1 DAGs
[2024-10-20T19:19:29.870-0300] {logging_mixin.py:190} INFO - [2024-10-20T19:19:29.870-0300] {dag.py:4180} INFO - Setting next_dagrun for tutorial_taskflow_api to None, run_after=None
[2024-10-20T19:19:29.898-0300] {processor.py:208} INFO - Processing /mnt/c/Users/Pato_/OneDrive/Documentos/ITBA/PYTHON_DATA_APP/itba/lib/python3.10/site-packages/airflow/example_dags/tutorial_taskflow_api.py took 0.099 seconds
[2024-10-20T19:20:35.093-0300] {processor.py:186} INFO - Started process (PID=309612) to work on /mnt/c/Users/Pato_/OneDrive/Documentos/ITBA/PYTHON_DATA_APP/itba/lib/python3.10/site-packages/airflow/example_dags/tutorial_taskflow_api.py
[2024-10-20T19:20:35.094-0300] {processor.py:914} INFO - Processing file /mnt/c/Users/Pato_/OneDrive/Documentos/ITBA/PYTHON_DATA_APP/itba/lib/python3.10/site-packages/airflow/example_dags/tutorial_taskflow_api.py for tasks to queue
[2024-10-20T19:20:35.096-0300] {logging_mixin.py:190} INFO - [2024-10-20T19:20:35.096-0300] {dagbag.py:588} INFO - Filling up the DagBag from /mnt/c/Users/Pato_/OneDrive/Documentos/ITBA/PYTHON_DATA_APP/itba/lib/python3.10/site-packages/airflow/example_dags/tutorial_taskflow_api.py
[2024-10-20T19:20:35.137-0300] {processor.py:925} INFO - DAG(s) 'tutorial_taskflow_api' retrieved from /mnt/c/Users/Pato_/OneDrive/Documentos/ITBA/PYTHON_DATA_APP/itba/lib/python3.10/site-packages/airflow/example_dags/tutorial_taskflow_api.py
[2024-10-20T19:20:35.151-0300] {logging_mixin.py:190} INFO - [2024-10-20T19:20:35.151-0300] {dag.py:3239} INFO - Sync 1 DAGs
[2024-10-20T19:20:35.160-0300] {logging_mixin.py:190} INFO - [2024-10-20T19:20:35.160-0300] {dag.py:4180} INFO - Setting next_dagrun for tutorial_taskflow_api to None, run_after=None
[2024-10-20T19:20:35.190-0300] {processor.py:208} INFO - Processing /mnt/c/Users/Pato_/OneDrive/Documentos/ITBA/PYTHON_DATA_APP/itba/lib/python3.10/site-packages/airflow/example_dags/tutorial_taskflow_api.py took 0.103 seconds
[2024-10-20T19:21:43.485-0300] {processor.py:186} INFO - Started process (PID=310213) to work on /mnt/c/Users/Pato_/OneDrive/Documentos/ITBA/PYTHON_DATA_APP/itba/lib/python3.10/site-packages/airflow/example_dags/tutorial_taskflow_api.py
[2024-10-20T19:21:43.486-0300] {processor.py:914} INFO - Processing file /mnt/c/Users/Pato_/OneDrive/Documentos/ITBA/PYTHON_DATA_APP/itba/lib/python3.10/site-packages/airflow/example_dags/tutorial_taskflow_api.py for tasks to queue
[2024-10-20T19:21:43.488-0300] {logging_mixin.py:190} INFO - [2024-10-20T19:21:43.487-0300] {dagbag.py:588} INFO - Filling up the DagBag from /mnt/c/Users/Pato_/OneDrive/Documentos/ITBA/PYTHON_DATA_APP/itba/lib/python3.10/site-packages/airflow/example_dags/tutorial_taskflow_api.py
[2024-10-20T19:21:43.527-0300] {processor.py:925} INFO - DAG(s) 'tutorial_taskflow_api' retrieved from /mnt/c/Users/Pato_/OneDrive/Documentos/ITBA/PYTHON_DATA_APP/itba/lib/python3.10/site-packages/airflow/example_dags/tutorial_taskflow_api.py
[2024-10-20T19:21:43.541-0300] {logging_mixin.py:190} INFO - [2024-10-20T19:21:43.541-0300] {dag.py:3239} INFO - Sync 1 DAGs
[2024-10-20T19:21:43.550-0300] {logging_mixin.py:190} INFO - [2024-10-20T19:21:43.550-0300] {dag.py:4180} INFO - Setting next_dagrun for tutorial_taskflow_api to None, run_after=None
[2024-10-20T19:21:43.580-0300] {processor.py:208} INFO - Processing /mnt/c/Users/Pato_/OneDrive/Documentos/ITBA/PYTHON_DATA_APP/itba/lib/python3.10/site-packages/airflow/example_dags/tutorial_taskflow_api.py took 0.102 seconds
[2024-10-20T19:22:50.516-0300] {processor.py:186} INFO - Started process (PID=310828) to work on /mnt/c/Users/Pato_/OneDrive/Documentos/ITBA/PYTHON_DATA_APP/itba/lib/python3.10/site-packages/airflow/example_dags/tutorial_taskflow_api.py
[2024-10-20T19:22:50.517-0300] {processor.py:914} INFO - Processing file /mnt/c/Users/Pato_/OneDrive/Documentos/ITBA/PYTHON_DATA_APP/itba/lib/python3.10/site-packages/airflow/example_dags/tutorial_taskflow_api.py for tasks to queue
[2024-10-20T19:22:50.519-0300] {logging_mixin.py:190} INFO - [2024-10-20T19:22:50.518-0300] {dagbag.py:588} INFO - Filling up the DagBag from /mnt/c/Users/Pato_/OneDrive/Documentos/ITBA/PYTHON_DATA_APP/itba/lib/python3.10/site-packages/airflow/example_dags/tutorial_taskflow_api.py
[2024-10-20T19:22:50.560-0300] {processor.py:925} INFO - DAG(s) 'tutorial_taskflow_api' retrieved from /mnt/c/Users/Pato_/OneDrive/Documentos/ITBA/PYTHON_DATA_APP/itba/lib/python3.10/site-packages/airflow/example_dags/tutorial_taskflow_api.py
[2024-10-20T19:22:50.574-0300] {logging_mixin.py:190} INFO - [2024-10-20T19:22:50.574-0300] {dag.py:3239} INFO - Sync 1 DAGs
[2024-10-20T19:22:50.583-0300] {logging_mixin.py:190} INFO - [2024-10-20T19:22:50.583-0300] {dag.py:4180} INFO - Setting next_dagrun for tutorial_taskflow_api to None, run_after=None
[2024-10-20T19:22:50.612-0300] {processor.py:208} INFO - Processing /mnt/c/Users/Pato_/OneDrive/Documentos/ITBA/PYTHON_DATA_APP/itba/lib/python3.10/site-packages/airflow/example_dags/tutorial_taskflow_api.py took 0.103 seconds
[2024-10-20T19:24:27.270-0300] {processor.py:186} INFO - Started process (PID=312112) to work on /mnt/c/Users/Pato_/OneDrive/Documentos/ITBA/PYTHON_DATA_APP/itba/lib/python3.10/site-packages/airflow/example_dags/tutorial_taskflow_api.py
[2024-10-20T19:24:27.271-0300] {processor.py:914} INFO - Processing file /mnt/c/Users/Pato_/OneDrive/Documentos/ITBA/PYTHON_DATA_APP/itba/lib/python3.10/site-packages/airflow/example_dags/tutorial_taskflow_api.py for tasks to queue
[2024-10-20T19:24:27.273-0300] {logging_mixin.py:190} INFO - [2024-10-20T19:24:27.272-0300] {dagbag.py:588} INFO - Filling up the DagBag from /mnt/c/Users/Pato_/OneDrive/Documentos/ITBA/PYTHON_DATA_APP/itba/lib/python3.10/site-packages/airflow/example_dags/tutorial_taskflow_api.py
[2024-10-20T19:24:27.312-0300] {processor.py:925} INFO - DAG(s) 'tutorial_taskflow_api' retrieved from /mnt/c/Users/Pato_/OneDrive/Documentos/ITBA/PYTHON_DATA_APP/itba/lib/python3.10/site-packages/airflow/example_dags/tutorial_taskflow_api.py
[2024-10-20T19:24:27.327-0300] {logging_mixin.py:190} INFO - [2024-10-20T19:24:27.326-0300] {dag.py:3239} INFO - Sync 1 DAGs
[2024-10-20T19:24:27.335-0300] {logging_mixin.py:190} INFO - [2024-10-20T19:24:27.335-0300] {dag.py:4180} INFO - Setting next_dagrun for tutorial_taskflow_api to None, run_after=None
[2024-10-20T19:24:27.363-0300] {processor.py:208} INFO - Processing /mnt/c/Users/Pato_/OneDrive/Documentos/ITBA/PYTHON_DATA_APP/itba/lib/python3.10/site-packages/airflow/example_dags/tutorial_taskflow_api.py took 0.100 seconds
[2024-10-20T19:26:05.856-0300] {processor.py:186} INFO - Started process (PID=313465) to work on /mnt/c/Users/Pato_/OneDrive/Documentos/ITBA/PYTHON_DATA_APP/itba/lib/python3.10/site-packages/airflow/example_dags/tutorial_taskflow_api.py
[2024-10-20T19:26:05.857-0300] {processor.py:914} INFO - Processing file /mnt/c/Users/Pato_/OneDrive/Documentos/ITBA/PYTHON_DATA_APP/itba/lib/python3.10/site-packages/airflow/example_dags/tutorial_taskflow_api.py for tasks to queue
[2024-10-20T19:26:05.859-0300] {logging_mixin.py:190} INFO - [2024-10-20T19:26:05.859-0300] {dagbag.py:588} INFO - Filling up the DagBag from /mnt/c/Users/Pato_/OneDrive/Documentos/ITBA/PYTHON_DATA_APP/itba/lib/python3.10/site-packages/airflow/example_dags/tutorial_taskflow_api.py
[2024-10-20T19:26:05.899-0300] {processor.py:925} INFO - DAG(s) 'tutorial_taskflow_api' retrieved from /mnt/c/Users/Pato_/OneDrive/Documentos/ITBA/PYTHON_DATA_APP/itba/lib/python3.10/site-packages/airflow/example_dags/tutorial_taskflow_api.py
[2024-10-20T19:26:05.913-0300] {logging_mixin.py:190} INFO - [2024-10-20T19:26:05.913-0300] {dag.py:3239} INFO - Sync 1 DAGs
[2024-10-20T19:26:05.922-0300] {logging_mixin.py:190} INFO - [2024-10-20T19:26:05.922-0300] {dag.py:4180} INFO - Setting next_dagrun for tutorial_taskflow_api to None, run_after=None
[2024-10-20T19:26:05.951-0300] {processor.py:208} INFO - Processing /mnt/c/Users/Pato_/OneDrive/Documentos/ITBA/PYTHON_DATA_APP/itba/lib/python3.10/site-packages/airflow/example_dags/tutorial_taskflow_api.py took 0.101 seconds
[2024-10-20T19:27:10.802-0300] {processor.py:186} INFO - Started process (PID=314158) to work on /mnt/c/Users/Pato_/OneDrive/Documentos/ITBA/PYTHON_DATA_APP/itba/lib/python3.10/site-packages/airflow/example_dags/tutorial_taskflow_api.py
[2024-10-20T19:27:10.803-0300] {processor.py:914} INFO - Processing file /mnt/c/Users/Pato_/OneDrive/Documentos/ITBA/PYTHON_DATA_APP/itba/lib/python3.10/site-packages/airflow/example_dags/tutorial_taskflow_api.py for tasks to queue
[2024-10-20T19:27:10.805-0300] {logging_mixin.py:190} INFO - [2024-10-20T19:27:10.805-0300] {dagbag.py:588} INFO - Filling up the DagBag from /mnt/c/Users/Pato_/OneDrive/Documentos/ITBA/PYTHON_DATA_APP/itba/lib/python3.10/site-packages/airflow/example_dags/tutorial_taskflow_api.py
[2024-10-20T19:27:10.845-0300] {processor.py:925} INFO - DAG(s) 'tutorial_taskflow_api' retrieved from /mnt/c/Users/Pato_/OneDrive/Documentos/ITBA/PYTHON_DATA_APP/itba/lib/python3.10/site-packages/airflow/example_dags/tutorial_taskflow_api.py
[2024-10-20T19:27:10.861-0300] {logging_mixin.py:190} INFO - [2024-10-20T19:27:10.861-0300] {dag.py:3239} INFO - Sync 1 DAGs
[2024-10-20T19:27:10.871-0300] {logging_mixin.py:190} INFO - [2024-10-20T19:27:10.870-0300] {dag.py:4180} INFO - Setting next_dagrun for tutorial_taskflow_api to None, run_after=None
[2024-10-20T19:27:10.901-0300] {processor.py:208} INFO - Processing /mnt/c/Users/Pato_/OneDrive/Documentos/ITBA/PYTHON_DATA_APP/itba/lib/python3.10/site-packages/airflow/example_dags/tutorial_taskflow_api.py took 0.106 seconds
[2024-10-20T19:28:18.397-0300] {processor.py:186} INFO - Started process (PID=315014) to work on /mnt/c/Users/Pato_/OneDrive/Documentos/ITBA/PYTHON_DATA_APP/itba/lib/python3.10/site-packages/airflow/example_dags/tutorial_taskflow_api.py
[2024-10-20T19:28:18.398-0300] {processor.py:914} INFO - Processing file /mnt/c/Users/Pato_/OneDrive/Documentos/ITBA/PYTHON_DATA_APP/itba/lib/python3.10/site-packages/airflow/example_dags/tutorial_taskflow_api.py for tasks to queue
[2024-10-20T19:28:18.400-0300] {logging_mixin.py:190} INFO - [2024-10-20T19:28:18.399-0300] {dagbag.py:588} INFO - Filling up the DagBag from /mnt/c/Users/Pato_/OneDrive/Documentos/ITBA/PYTHON_DATA_APP/itba/lib/python3.10/site-packages/airflow/example_dags/tutorial_taskflow_api.py
[2024-10-20T19:28:18.442-0300] {processor.py:925} INFO - DAG(s) 'tutorial_taskflow_api' retrieved from /mnt/c/Users/Pato_/OneDrive/Documentos/ITBA/PYTHON_DATA_APP/itba/lib/python3.10/site-packages/airflow/example_dags/tutorial_taskflow_api.py
[2024-10-20T19:28:18.458-0300] {logging_mixin.py:190} INFO - [2024-10-20T19:28:18.458-0300] {dag.py:3239} INFO - Sync 1 DAGs
[2024-10-20T19:28:18.467-0300] {logging_mixin.py:190} INFO - [2024-10-20T19:28:18.467-0300] {dag.py:4180} INFO - Setting next_dagrun for tutorial_taskflow_api to None, run_after=None
[2024-10-20T19:28:18.498-0300] {processor.py:208} INFO - Processing /mnt/c/Users/Pato_/OneDrive/Documentos/ITBA/PYTHON_DATA_APP/itba/lib/python3.10/site-packages/airflow/example_dags/tutorial_taskflow_api.py took 0.109 seconds
[2024-10-20T19:29:25.989-0300] {processor.py:186} INFO - Started process (PID=315749) to work on /mnt/c/Users/Pato_/OneDrive/Documentos/ITBA/PYTHON_DATA_APP/itba/lib/python3.10/site-packages/airflow/example_dags/tutorial_taskflow_api.py
[2024-10-20T19:29:25.990-0300] {processor.py:914} INFO - Processing file /mnt/c/Users/Pato_/OneDrive/Documentos/ITBA/PYTHON_DATA_APP/itba/lib/python3.10/site-packages/airflow/example_dags/tutorial_taskflow_api.py for tasks to queue
[2024-10-20T19:29:25.992-0300] {logging_mixin.py:190} INFO - [2024-10-20T19:29:25.991-0300] {dagbag.py:588} INFO - Filling up the DagBag from /mnt/c/Users/Pato_/OneDrive/Documentos/ITBA/PYTHON_DATA_APP/itba/lib/python3.10/site-packages/airflow/example_dags/tutorial_taskflow_api.py
[2024-10-20T19:29:26.031-0300] {processor.py:925} INFO - DAG(s) 'tutorial_taskflow_api' retrieved from /mnt/c/Users/Pato_/OneDrive/Documentos/ITBA/PYTHON_DATA_APP/itba/lib/python3.10/site-packages/airflow/example_dags/tutorial_taskflow_api.py
[2024-10-20T19:29:26.045-0300] {logging_mixin.py:190} INFO - [2024-10-20T19:29:26.044-0300] {dag.py:3239} INFO - Sync 1 DAGs
[2024-10-20T19:29:26.053-0300] {logging_mixin.py:190} INFO - [2024-10-20T19:29:26.053-0300] {dag.py:4180} INFO - Setting next_dagrun for tutorial_taskflow_api to None, run_after=None
[2024-10-20T19:29:26.082-0300] {processor.py:208} INFO - Processing /mnt/c/Users/Pato_/OneDrive/Documentos/ITBA/PYTHON_DATA_APP/itba/lib/python3.10/site-packages/airflow/example_dags/tutorial_taskflow_api.py took 0.099 seconds
[2024-10-20T19:30:39.003-0300] {processor.py:186} INFO - Started process (PID=316421) to work on /mnt/c/Users/Pato_/OneDrive/Documentos/ITBA/PYTHON_DATA_APP/itba/lib/python3.10/site-packages/airflow/example_dags/tutorial_taskflow_api.py
[2024-10-20T19:30:39.004-0300] {processor.py:914} INFO - Processing file /mnt/c/Users/Pato_/OneDrive/Documentos/ITBA/PYTHON_DATA_APP/itba/lib/python3.10/site-packages/airflow/example_dags/tutorial_taskflow_api.py for tasks to queue
[2024-10-20T19:30:39.006-0300] {logging_mixin.py:190} INFO - [2024-10-20T19:30:39.005-0300] {dagbag.py:588} INFO - Filling up the DagBag from /mnt/c/Users/Pato_/OneDrive/Documentos/ITBA/PYTHON_DATA_APP/itba/lib/python3.10/site-packages/airflow/example_dags/tutorial_taskflow_api.py
[2024-10-20T19:30:39.050-0300] {processor.py:925} INFO - DAG(s) 'tutorial_taskflow_api' retrieved from /mnt/c/Users/Pato_/OneDrive/Documentos/ITBA/PYTHON_DATA_APP/itba/lib/python3.10/site-packages/airflow/example_dags/tutorial_taskflow_api.py
[2024-10-20T19:30:39.066-0300] {logging_mixin.py:190} INFO - [2024-10-20T19:30:39.065-0300] {dag.py:3239} INFO - Sync 1 DAGs
[2024-10-20T19:30:39.075-0300] {logging_mixin.py:190} INFO - [2024-10-20T19:30:39.075-0300] {dag.py:4180} INFO - Setting next_dagrun for tutorial_taskflow_api to None, run_after=None
[2024-10-20T19:30:39.112-0300] {processor.py:208} INFO - Processing /mnt/c/Users/Pato_/OneDrive/Documentos/ITBA/PYTHON_DATA_APP/itba/lib/python3.10/site-packages/airflow/example_dags/tutorial_taskflow_api.py took 0.117 seconds
[2024-10-20T19:31:44.950-0300] {processor.py:186} INFO - Started process (PID=316933) to work on /mnt/c/Users/Pato_/OneDrive/Documentos/ITBA/PYTHON_DATA_APP/itba/lib/python3.10/site-packages/airflow/example_dags/tutorial_taskflow_api.py
[2024-10-20T19:31:44.951-0300] {processor.py:914} INFO - Processing file /mnt/c/Users/Pato_/OneDrive/Documentos/ITBA/PYTHON_DATA_APP/itba/lib/python3.10/site-packages/airflow/example_dags/tutorial_taskflow_api.py for tasks to queue
[2024-10-20T19:31:44.953-0300] {logging_mixin.py:190} INFO - [2024-10-20T19:31:44.953-0300] {dagbag.py:588} INFO - Filling up the DagBag from /mnt/c/Users/Pato_/OneDrive/Documentos/ITBA/PYTHON_DATA_APP/itba/lib/python3.10/site-packages/airflow/example_dags/tutorial_taskflow_api.py
[2024-10-20T19:31:44.997-0300] {processor.py:925} INFO - DAG(s) 'tutorial_taskflow_api' retrieved from /mnt/c/Users/Pato_/OneDrive/Documentos/ITBA/PYTHON_DATA_APP/itba/lib/python3.10/site-packages/airflow/example_dags/tutorial_taskflow_api.py
[2024-10-20T19:31:45.013-0300] {logging_mixin.py:190} INFO - [2024-10-20T19:31:45.012-0300] {dag.py:3239} INFO - Sync 1 DAGs
[2024-10-20T19:31:45.022-0300] {logging_mixin.py:190} INFO - [2024-10-20T19:31:45.022-0300] {dag.py:4180} INFO - Setting next_dagrun for tutorial_taskflow_api to None, run_after=None
[2024-10-20T19:31:45.054-0300] {processor.py:208} INFO - Processing /mnt/c/Users/Pato_/OneDrive/Documentos/ITBA/PYTHON_DATA_APP/itba/lib/python3.10/site-packages/airflow/example_dags/tutorial_taskflow_api.py took 0.111 seconds
[2024-10-20T19:32:52.173-0300] {processor.py:186} INFO - Started process (PID=317464) to work on /mnt/c/Users/Pato_/OneDrive/Documentos/ITBA/PYTHON_DATA_APP/itba/lib/python3.10/site-packages/airflow/example_dags/tutorial_taskflow_api.py
[2024-10-20T19:32:52.174-0300] {processor.py:914} INFO - Processing file /mnt/c/Users/Pato_/OneDrive/Documentos/ITBA/PYTHON_DATA_APP/itba/lib/python3.10/site-packages/airflow/example_dags/tutorial_taskflow_api.py for tasks to queue
[2024-10-20T19:32:52.175-0300] {logging_mixin.py:190} INFO - [2024-10-20T19:32:52.175-0300] {dagbag.py:588} INFO - Filling up the DagBag from /mnt/c/Users/Pato_/OneDrive/Documentos/ITBA/PYTHON_DATA_APP/itba/lib/python3.10/site-packages/airflow/example_dags/tutorial_taskflow_api.py
[2024-10-20T19:32:52.211-0300] {processor.py:925} INFO - DAG(s) 'tutorial_taskflow_api' retrieved from /mnt/c/Users/Pato_/OneDrive/Documentos/ITBA/PYTHON_DATA_APP/itba/lib/python3.10/site-packages/airflow/example_dags/tutorial_taskflow_api.py
[2024-10-20T19:32:52.225-0300] {logging_mixin.py:190} INFO - [2024-10-20T19:32:52.224-0300] {dag.py:3239} INFO - Sync 1 DAGs
[2024-10-20T19:32:52.233-0300] {logging_mixin.py:190} INFO - [2024-10-20T19:32:52.232-0300] {dag.py:4180} INFO - Setting next_dagrun for tutorial_taskflow_api to None, run_after=None
[2024-10-20T19:32:52.259-0300] {processor.py:208} INFO - Processing /mnt/c/Users/Pato_/OneDrive/Documentos/ITBA/PYTHON_DATA_APP/itba/lib/python3.10/site-packages/airflow/example_dags/tutorial_taskflow_api.py took 0.093 seconds
[2024-10-20T19:33:57.639-0300] {processor.py:186} INFO - Started process (PID=318111) to work on /mnt/c/Users/Pato_/OneDrive/Documentos/ITBA/PYTHON_DATA_APP/itba/lib/python3.10/site-packages/airflow/example_dags/tutorial_taskflow_api.py
[2024-10-20T19:33:57.640-0300] {processor.py:914} INFO - Processing file /mnt/c/Users/Pato_/OneDrive/Documentos/ITBA/PYTHON_DATA_APP/itba/lib/python3.10/site-packages/airflow/example_dags/tutorial_taskflow_api.py for tasks to queue
[2024-10-20T19:33:57.642-0300] {logging_mixin.py:190} INFO - [2024-10-20T19:33:57.642-0300] {dagbag.py:588} INFO - Filling up the DagBag from /mnt/c/Users/Pato_/OneDrive/Documentos/ITBA/PYTHON_DATA_APP/itba/lib/python3.10/site-packages/airflow/example_dags/tutorial_taskflow_api.py
[2024-10-20T19:33:57.685-0300] {processor.py:925} INFO - DAG(s) 'tutorial_taskflow_api' retrieved from /mnt/c/Users/Pato_/OneDrive/Documentos/ITBA/PYTHON_DATA_APP/itba/lib/python3.10/site-packages/airflow/example_dags/tutorial_taskflow_api.py
[2024-10-20T19:33:57.700-0300] {logging_mixin.py:190} INFO - [2024-10-20T19:33:57.699-0300] {dag.py:3239} INFO - Sync 1 DAGs
[2024-10-20T19:33:57.709-0300] {logging_mixin.py:190} INFO - [2024-10-20T19:33:57.708-0300] {dag.py:4180} INFO - Setting next_dagrun for tutorial_taskflow_api to None, run_after=None
[2024-10-20T19:33:57.738-0300] {processor.py:208} INFO - Processing /mnt/c/Users/Pato_/OneDrive/Documentos/ITBA/PYTHON_DATA_APP/itba/lib/python3.10/site-packages/airflow/example_dags/tutorial_taskflow_api.py took 0.106 seconds
[2024-10-20T19:35:07.547-0300] {processor.py:186} INFO - Started process (PID=318892) to work on /mnt/c/Users/Pato_/OneDrive/Documentos/ITBA/PYTHON_DATA_APP/itba/lib/python3.10/site-packages/airflow/example_dags/tutorial_taskflow_api.py
[2024-10-20T19:35:07.548-0300] {processor.py:914} INFO - Processing file /mnt/c/Users/Pato_/OneDrive/Documentos/ITBA/PYTHON_DATA_APP/itba/lib/python3.10/site-packages/airflow/example_dags/tutorial_taskflow_api.py for tasks to queue
[2024-10-20T19:35:07.550-0300] {logging_mixin.py:190} INFO - [2024-10-20T19:35:07.549-0300] {dagbag.py:588} INFO - Filling up the DagBag from /mnt/c/Users/Pato_/OneDrive/Documentos/ITBA/PYTHON_DATA_APP/itba/lib/python3.10/site-packages/airflow/example_dags/tutorial_taskflow_api.py
[2024-10-20T19:35:07.589-0300] {processor.py:925} INFO - DAG(s) 'tutorial_taskflow_api' retrieved from /mnt/c/Users/Pato_/OneDrive/Documentos/ITBA/PYTHON_DATA_APP/itba/lib/python3.10/site-packages/airflow/example_dags/tutorial_taskflow_api.py
[2024-10-20T19:35:07.603-0300] {logging_mixin.py:190} INFO - [2024-10-20T19:35:07.603-0300] {dag.py:3239} INFO - Sync 1 DAGs
[2024-10-20T19:35:07.612-0300] {logging_mixin.py:190} INFO - [2024-10-20T19:35:07.611-0300] {dag.py:4180} INFO - Setting next_dagrun for tutorial_taskflow_api to None, run_after=None
[2024-10-20T19:35:07.641-0300] {processor.py:208} INFO - Processing /mnt/c/Users/Pato_/OneDrive/Documentos/ITBA/PYTHON_DATA_APP/itba/lib/python3.10/site-packages/airflow/example_dags/tutorial_taskflow_api.py took 0.101 seconds
[2024-10-20T19:36:17.650-0300] {processor.py:186} INFO - Started process (PID=319493) to work on /mnt/c/Users/Pato_/OneDrive/Documentos/ITBA/PYTHON_DATA_APP/itba/lib/python3.10/site-packages/airflow/example_dags/tutorial_taskflow_api.py
[2024-10-20T19:36:17.651-0300] {processor.py:914} INFO - Processing file /mnt/c/Users/Pato_/OneDrive/Documentos/ITBA/PYTHON_DATA_APP/itba/lib/python3.10/site-packages/airflow/example_dags/tutorial_taskflow_api.py for tasks to queue
[2024-10-20T19:36:17.653-0300] {logging_mixin.py:190} INFO - [2024-10-20T19:36:17.652-0300] {dagbag.py:588} INFO - Filling up the DagBag from /mnt/c/Users/Pato_/OneDrive/Documentos/ITBA/PYTHON_DATA_APP/itba/lib/python3.10/site-packages/airflow/example_dags/tutorial_taskflow_api.py
[2024-10-20T19:36:17.692-0300] {processor.py:925} INFO - DAG(s) 'tutorial_taskflow_api' retrieved from /mnt/c/Users/Pato_/OneDrive/Documentos/ITBA/PYTHON_DATA_APP/itba/lib/python3.10/site-packages/airflow/example_dags/tutorial_taskflow_api.py
[2024-10-20T19:36:17.706-0300] {logging_mixin.py:190} INFO - [2024-10-20T19:36:17.706-0300] {dag.py:3239} INFO - Sync 1 DAGs
[2024-10-20T19:36:17.714-0300] {logging_mixin.py:190} INFO - [2024-10-20T19:36:17.714-0300] {dag.py:4180} INFO - Setting next_dagrun for tutorial_taskflow_api to None, run_after=None
[2024-10-20T19:36:17.743-0300] {processor.py:208} INFO - Processing /mnt/c/Users/Pato_/OneDrive/Documentos/ITBA/PYTHON_DATA_APP/itba/lib/python3.10/site-packages/airflow/example_dags/tutorial_taskflow_api.py took 0.100 seconds
[2024-10-20T19:37:25.846-0300] {processor.py:186} INFO - Started process (PID=320022) to work on /mnt/c/Users/Pato_/OneDrive/Documentos/ITBA/PYTHON_DATA_APP/itba/lib/python3.10/site-packages/airflow/example_dags/tutorial_taskflow_api.py
[2024-10-20T19:37:25.847-0300] {processor.py:914} INFO - Processing file /mnt/c/Users/Pato_/OneDrive/Documentos/ITBA/PYTHON_DATA_APP/itba/lib/python3.10/site-packages/airflow/example_dags/tutorial_taskflow_api.py for tasks to queue
[2024-10-20T19:37:25.849-0300] {logging_mixin.py:190} INFO - [2024-10-20T19:37:25.849-0300] {dagbag.py:588} INFO - Filling up the DagBag from /mnt/c/Users/Pato_/OneDrive/Documentos/ITBA/PYTHON_DATA_APP/itba/lib/python3.10/site-packages/airflow/example_dags/tutorial_taskflow_api.py
[2024-10-20T19:37:25.888-0300] {processor.py:925} INFO - DAG(s) 'tutorial_taskflow_api' retrieved from /mnt/c/Users/Pato_/OneDrive/Documentos/ITBA/PYTHON_DATA_APP/itba/lib/python3.10/site-packages/airflow/example_dags/tutorial_taskflow_api.py
[2024-10-20T19:37:25.902-0300] {logging_mixin.py:190} INFO - [2024-10-20T19:37:25.902-0300] {dag.py:3239} INFO - Sync 1 DAGs
[2024-10-20T19:37:25.911-0300] {logging_mixin.py:190} INFO - [2024-10-20T19:37:25.910-0300] {dag.py:4180} INFO - Setting next_dagrun for tutorial_taskflow_api to None, run_after=None
[2024-10-20T19:37:25.939-0300] {processor.py:208} INFO - Processing /mnt/c/Users/Pato_/OneDrive/Documentos/ITBA/PYTHON_DATA_APP/itba/lib/python3.10/site-packages/airflow/example_dags/tutorial_taskflow_api.py took 0.099 seconds
[2024-10-20T19:38:30.718-0300] {processor.py:186} INFO - Started process (PID=320530) to work on /mnt/c/Users/Pato_/OneDrive/Documentos/ITBA/PYTHON_DATA_APP/itba/lib/python3.10/site-packages/airflow/example_dags/tutorial_taskflow_api.py
[2024-10-20T19:38:30.719-0300] {processor.py:914} INFO - Processing file /mnt/c/Users/Pato_/OneDrive/Documentos/ITBA/PYTHON_DATA_APP/itba/lib/python3.10/site-packages/airflow/example_dags/tutorial_taskflow_api.py for tasks to queue
[2024-10-20T19:38:30.721-0300] {logging_mixin.py:190} INFO - [2024-10-20T19:38:30.720-0300] {dagbag.py:588} INFO - Filling up the DagBag from /mnt/c/Users/Pato_/OneDrive/Documentos/ITBA/PYTHON_DATA_APP/itba/lib/python3.10/site-packages/airflow/example_dags/tutorial_taskflow_api.py
[2024-10-20T19:38:30.761-0300] {processor.py:925} INFO - DAG(s) 'tutorial_taskflow_api' retrieved from /mnt/c/Users/Pato_/OneDrive/Documentos/ITBA/PYTHON_DATA_APP/itba/lib/python3.10/site-packages/airflow/example_dags/tutorial_taskflow_api.py
[2024-10-20T19:38:30.775-0300] {logging_mixin.py:190} INFO - [2024-10-20T19:38:30.774-0300] {dag.py:3239} INFO - Sync 1 DAGs
[2024-10-20T19:38:30.784-0300] {logging_mixin.py:190} INFO - [2024-10-20T19:38:30.783-0300] {dag.py:4180} INFO - Setting next_dagrun for tutorial_taskflow_api to None, run_after=None
[2024-10-20T19:38:30.812-0300] {processor.py:208} INFO - Processing /mnt/c/Users/Pato_/OneDrive/Documentos/ITBA/PYTHON_DATA_APP/itba/lib/python3.10/site-packages/airflow/example_dags/tutorial_taskflow_api.py took 0.101 seconds
[2024-10-20T19:39:37.817-0300] {processor.py:186} INFO - Started process (PID=321092) to work on /mnt/c/Users/Pato_/OneDrive/Documentos/ITBA/PYTHON_DATA_APP/itba/lib/python3.10/site-packages/airflow/example_dags/tutorial_taskflow_api.py
[2024-10-20T19:39:37.818-0300] {processor.py:914} INFO - Processing file /mnt/c/Users/Pato_/OneDrive/Documentos/ITBA/PYTHON_DATA_APP/itba/lib/python3.10/site-packages/airflow/example_dags/tutorial_taskflow_api.py for tasks to queue
[2024-10-20T19:39:37.820-0300] {logging_mixin.py:190} INFO - [2024-10-20T19:39:37.819-0300] {dagbag.py:588} INFO - Filling up the DagBag from /mnt/c/Users/Pato_/OneDrive/Documentos/ITBA/PYTHON_DATA_APP/itba/lib/python3.10/site-packages/airflow/example_dags/tutorial_taskflow_api.py
[2024-10-20T19:39:37.860-0300] {processor.py:925} INFO - DAG(s) 'tutorial_taskflow_api' retrieved from /mnt/c/Users/Pato_/OneDrive/Documentos/ITBA/PYTHON_DATA_APP/itba/lib/python3.10/site-packages/airflow/example_dags/tutorial_taskflow_api.py
[2024-10-20T19:39:37.875-0300] {logging_mixin.py:190} INFO - [2024-10-20T19:39:37.874-0300] {dag.py:3239} INFO - Sync 1 DAGs
[2024-10-20T19:39:37.884-0300] {logging_mixin.py:190} INFO - [2024-10-20T19:39:37.883-0300] {dag.py:4180} INFO - Setting next_dagrun for tutorial_taskflow_api to None, run_after=None
[2024-10-20T19:39:37.913-0300] {processor.py:208} INFO - Processing /mnt/c/Users/Pato_/OneDrive/Documentos/ITBA/PYTHON_DATA_APP/itba/lib/python3.10/site-packages/airflow/example_dags/tutorial_taskflow_api.py took 0.103 seconds
[2024-10-20T19:40:42.097-0300] {processor.py:186} INFO - Started process (PID=321944) to work on /mnt/c/Users/Pato_/OneDrive/Documentos/ITBA/PYTHON_DATA_APP/itba/lib/python3.10/site-packages/airflow/example_dags/tutorial_taskflow_api.py
[2024-10-20T19:40:42.098-0300] {processor.py:914} INFO - Processing file /mnt/c/Users/Pato_/OneDrive/Documentos/ITBA/PYTHON_DATA_APP/itba/lib/python3.10/site-packages/airflow/example_dags/tutorial_taskflow_api.py for tasks to queue
[2024-10-20T19:40:42.100-0300] {logging_mixin.py:190} INFO - [2024-10-20T19:40:42.099-0300] {dagbag.py:588} INFO - Filling up the DagBag from /mnt/c/Users/Pato_/OneDrive/Documentos/ITBA/PYTHON_DATA_APP/itba/lib/python3.10/site-packages/airflow/example_dags/tutorial_taskflow_api.py
[2024-10-20T19:40:42.140-0300] {processor.py:925} INFO - DAG(s) 'tutorial_taskflow_api' retrieved from /mnt/c/Users/Pato_/OneDrive/Documentos/ITBA/PYTHON_DATA_APP/itba/lib/python3.10/site-packages/airflow/example_dags/tutorial_taskflow_api.py
[2024-10-20T19:40:42.154-0300] {logging_mixin.py:190} INFO - [2024-10-20T19:40:42.154-0300] {dag.py:3239} INFO - Sync 1 DAGs
[2024-10-20T19:40:42.163-0300] {logging_mixin.py:190} INFO - [2024-10-20T19:40:42.162-0300] {dag.py:4180} INFO - Setting next_dagrun for tutorial_taskflow_api to None, run_after=None
[2024-10-20T19:40:42.193-0300] {processor.py:208} INFO - Processing /mnt/c/Users/Pato_/OneDrive/Documentos/ITBA/PYTHON_DATA_APP/itba/lib/python3.10/site-packages/airflow/example_dags/tutorial_taskflow_api.py took 0.104 seconds
[2024-10-20T19:41:51.171-0300] {processor.py:186} INFO - Started process (PID=322483) to work on /mnt/c/Users/Pato_/OneDrive/Documentos/ITBA/PYTHON_DATA_APP/itba/lib/python3.10/site-packages/airflow/example_dags/tutorial_taskflow_api.py
[2024-10-20T19:41:51.171-0300] {processor.py:914} INFO - Processing file /mnt/c/Users/Pato_/OneDrive/Documentos/ITBA/PYTHON_DATA_APP/itba/lib/python3.10/site-packages/airflow/example_dags/tutorial_taskflow_api.py for tasks to queue
[2024-10-20T19:41:51.173-0300] {logging_mixin.py:190} INFO - [2024-10-20T19:41:51.173-0300] {dagbag.py:588} INFO - Filling up the DagBag from /mnt/c/Users/Pato_/OneDrive/Documentos/ITBA/PYTHON_DATA_APP/itba/lib/python3.10/site-packages/airflow/example_dags/tutorial_taskflow_api.py
[2024-10-20T19:41:51.213-0300] {processor.py:925} INFO - DAG(s) 'tutorial_taskflow_api' retrieved from /mnt/c/Users/Pato_/OneDrive/Documentos/ITBA/PYTHON_DATA_APP/itba/lib/python3.10/site-packages/airflow/example_dags/tutorial_taskflow_api.py
[2024-10-20T19:41:51.227-0300] {logging_mixin.py:190} INFO - [2024-10-20T19:41:51.227-0300] {dag.py:3239} INFO - Sync 1 DAGs
[2024-10-20T19:41:51.236-0300] {logging_mixin.py:190} INFO - [2024-10-20T19:41:51.235-0300] {dag.py:4180} INFO - Setting next_dagrun for tutorial_taskflow_api to None, run_after=None
[2024-10-20T19:41:51.265-0300] {processor.py:208} INFO - Processing /mnt/c/Users/Pato_/OneDrive/Documentos/ITBA/PYTHON_DATA_APP/itba/lib/python3.10/site-packages/airflow/example_dags/tutorial_taskflow_api.py took 0.101 seconds
