[2024-10-20T18:59:58.769-0300] {processor.py:186} INFO - Started process (PID=298502) to work on /mnt/c/Users/Pato_/OneDrive/Documentos/ITBA/PYTHON_DATA_APP/itba/lib/python3.10/site-packages/airflow/example_dags/tutorial_dag.py
[2024-10-20T18:59:58.771-0300] {processor.py:914} INFO - Processing file /mnt/c/Users/Pato_/OneDrive/Documentos/ITBA/PYTHON_DATA_APP/itba/lib/python3.10/site-packages/airflow/example_dags/tutorial_dag.py for tasks to queue
[2024-10-20T18:59:58.773-0300] {logging_mixin.py:190} INFO - [2024-10-20T18:59:58.772-0300] {dagbag.py:588} INFO - Filling up the DagBag from /mnt/c/Users/Pato_/OneDrive/Documentos/ITBA/PYTHON_DATA_APP/itba/lib/python3.10/site-packages/airflow/example_dags/tutorial_dag.py
[2024-10-20T18:59:58.831-0300] {processor.py:925} INFO - DAG(s) 'tutorial_dag' retrieved from /mnt/c/Users/Pato_/OneDrive/Documentos/ITBA/PYTHON_DATA_APP/itba/lib/python3.10/site-packages/airflow/example_dags/tutorial_dag.py
[2024-10-20T18:59:59.595-0300] {logging_mixin.py:190} INFO - [2024-10-20T18:59:59.594-0300] {override.py:1907} INFO - Created Permission View: can read on DAG:tutorial_dag
[2024-10-20T18:59:59.615-0300] {logging_mixin.py:190} INFO - [2024-10-20T18:59:59.614-0300] {override.py:1907} INFO - Created Permission View: can delete on DAG:tutorial_dag
[2024-10-20T18:59:59.634-0300] {logging_mixin.py:190} INFO - [2024-10-20T18:59:59.634-0300] {override.py:1907} INFO - Created Permission View: can edit on DAG:tutorial_dag
[2024-10-20T18:59:59.662-0300] {logging_mixin.py:190} INFO - [2024-10-20T18:59:59.661-0300] {override.py:1907} INFO - Created Permission View: can read on DAG Run:tutorial_dag
[2024-10-20T18:59:59.679-0300] {logging_mixin.py:190} INFO - [2024-10-20T18:59:59.678-0300] {override.py:1907} INFO - Created Permission View: can delete on DAG Run:tutorial_dag
[2024-10-20T18:59:59.698-0300] {logging_mixin.py:190} INFO - [2024-10-20T18:59:59.697-0300] {override.py:1907} INFO - Created Permission View: can create on DAG Run:tutorial_dag
[2024-10-20T18:59:59.715-0300] {logging_mixin.py:190} INFO - [2024-10-20T18:59:59.714-0300] {override.py:1907} INFO - Created Permission View: menu access on DAG Run:tutorial_dag
[2024-10-20T18:59:59.716-0300] {logging_mixin.py:190} INFO - [2024-10-20T18:59:59.715-0300] {dag.py:3239} INFO - Sync 1 DAGs
[2024-10-20T18:59:59.726-0300] {logging_mixin.py:190} INFO - [2024-10-20T18:59:59.726-0300] {dag.py:3262} INFO - Creating ORM DAG for tutorial_dag
[2024-10-20T18:59:59.728-0300] {logging_mixin.py:190} INFO - [2024-10-20T18:59:59.727-0300] {dag.py:4180} INFO - Setting next_dagrun for tutorial_dag to None, run_after=None
[2024-10-20T18:59:59.758-0300] {processor.py:208} INFO - Processing /mnt/c/Users/Pato_/OneDrive/Documentos/ITBA/PYTHON_DATA_APP/itba/lib/python3.10/site-packages/airflow/example_dags/tutorial_dag.py took 0.996 seconds
[2024-10-20T19:02:27.193-0300] {processor.py:186} INFO - Started process (PID=299789) to work on /mnt/c/Users/Pato_/OneDrive/Documentos/ITBA/PYTHON_DATA_APP/itba/lib/python3.10/site-packages/airflow/example_dags/tutorial_dag.py
[2024-10-20T19:02:27.194-0300] {processor.py:914} INFO - Processing file /mnt/c/Users/Pato_/OneDrive/Documentos/ITBA/PYTHON_DATA_APP/itba/lib/python3.10/site-packages/airflow/example_dags/tutorial_dag.py for tasks to queue
[2024-10-20T19:02:27.196-0300] {logging_mixin.py:190} INFO - [2024-10-20T19:02:27.195-0300] {dagbag.py:588} INFO - Filling up the DagBag from /mnt/c/Users/Pato_/OneDrive/Documentos/ITBA/PYTHON_DATA_APP/itba/lib/python3.10/site-packages/airflow/example_dags/tutorial_dag.py
[2024-10-20T19:02:27.234-0300] {processor.py:925} INFO - DAG(s) 'tutorial_dag' retrieved from /mnt/c/Users/Pato_/OneDrive/Documentos/ITBA/PYTHON_DATA_APP/itba/lib/python3.10/site-packages/airflow/example_dags/tutorial_dag.py
[2024-10-20T19:02:27.247-0300] {logging_mixin.py:190} INFO - [2024-10-20T19:02:27.247-0300] {dag.py:3239} INFO - Sync 1 DAGs
[2024-10-20T19:02:27.256-0300] {logging_mixin.py:190} INFO - [2024-10-20T19:02:27.255-0300] {dag.py:4180} INFO - Setting next_dagrun for tutorial_dag to None, run_after=None
[2024-10-20T19:02:27.285-0300] {processor.py:208} INFO - Processing /mnt/c/Users/Pato_/OneDrive/Documentos/ITBA/PYTHON_DATA_APP/itba/lib/python3.10/site-packages/airflow/example_dags/tutorial_dag.py took 0.098 seconds
[2024-10-20T19:03:20.856-0300] {processor.py:186} INFO - Started process (PID=300218) to work on /mnt/c/Users/Pato_/OneDrive/Documentos/ITBA/PYTHON_DATA_APP/itba/lib/python3.10/site-packages/airflow/example_dags/tutorial_dag.py
[2024-10-20T19:03:20.857-0300] {processor.py:914} INFO - Processing file /mnt/c/Users/Pato_/OneDrive/Documentos/ITBA/PYTHON_DATA_APP/itba/lib/python3.10/site-packages/airflow/example_dags/tutorial_dag.py for tasks to queue
[2024-10-20T19:03:20.859-0300] {logging_mixin.py:190} INFO - [2024-10-20T19:03:20.858-0300] {dagbag.py:588} INFO - Filling up the DagBag from /mnt/c/Users/Pato_/OneDrive/Documentos/ITBA/PYTHON_DATA_APP/itba/lib/python3.10/site-packages/airflow/example_dags/tutorial_dag.py
[2024-10-20T19:03:20.898-0300] {processor.py:925} INFO - DAG(s) 'tutorial_dag' retrieved from /mnt/c/Users/Pato_/OneDrive/Documentos/ITBA/PYTHON_DATA_APP/itba/lib/python3.10/site-packages/airflow/example_dags/tutorial_dag.py
[2024-10-20T19:03:20.917-0300] {logging_mixin.py:190} INFO - [2024-10-20T19:03:20.916-0300] {dag.py:3239} INFO - Sync 1 DAGs
[2024-10-20T19:03:20.927-0300] {logging_mixin.py:190} INFO - [2024-10-20T19:03:20.926-0300] {dag.py:4180} INFO - Setting next_dagrun for tutorial_dag to None, run_after=None
[2024-10-20T19:03:20.967-0300] {processor.py:208} INFO - Processing /mnt/c/Users/Pato_/OneDrive/Documentos/ITBA/PYTHON_DATA_APP/itba/lib/python3.10/site-packages/airflow/example_dags/tutorial_dag.py took 0.118 seconds
[2024-10-20T19:04:32.184-0300] {processor.py:186} INFO - Started process (PID=300899) to work on /mnt/c/Users/Pato_/OneDrive/Documentos/ITBA/PYTHON_DATA_APP/itba/lib/python3.10/site-packages/airflow/example_dags/tutorial_dag.py
[2024-10-20T19:04:32.185-0300] {processor.py:914} INFO - Processing file /mnt/c/Users/Pato_/OneDrive/Documentos/ITBA/PYTHON_DATA_APP/itba/lib/python3.10/site-packages/airflow/example_dags/tutorial_dag.py for tasks to queue
[2024-10-20T19:04:32.187-0300] {logging_mixin.py:190} INFO - [2024-10-20T19:04:32.186-0300] {dagbag.py:588} INFO - Filling up the DagBag from /mnt/c/Users/Pato_/OneDrive/Documentos/ITBA/PYTHON_DATA_APP/itba/lib/python3.10/site-packages/airflow/example_dags/tutorial_dag.py
[2024-10-20T19:04:32.230-0300] {processor.py:925} INFO - DAG(s) 'tutorial_dag' retrieved from /mnt/c/Users/Pato_/OneDrive/Documentos/ITBA/PYTHON_DATA_APP/itba/lib/python3.10/site-packages/airflow/example_dags/tutorial_dag.py
[2024-10-20T19:04:32.245-0300] {logging_mixin.py:190} INFO - [2024-10-20T19:04:32.244-0300] {dag.py:3239} INFO - Sync 1 DAGs
[2024-10-20T19:04:32.254-0300] {logging_mixin.py:190} INFO - [2024-10-20T19:04:32.254-0300] {dag.py:4180} INFO - Setting next_dagrun for tutorial_dag to None, run_after=None
[2024-10-20T19:04:32.287-0300] {processor.py:208} INFO - Processing /mnt/c/Users/Pato_/OneDrive/Documentos/ITBA/PYTHON_DATA_APP/itba/lib/python3.10/site-packages/airflow/example_dags/tutorial_dag.py took 0.110 seconds
[2024-10-20T19:05:39.536-0300] {processor.py:186} INFO - Started process (PID=301549) to work on /mnt/c/Users/Pato_/OneDrive/Documentos/ITBA/PYTHON_DATA_APP/itba/lib/python3.10/site-packages/airflow/example_dags/tutorial_dag.py
[2024-10-20T19:05:39.537-0300] {processor.py:914} INFO - Processing file /mnt/c/Users/Pato_/OneDrive/Documentos/ITBA/PYTHON_DATA_APP/itba/lib/python3.10/site-packages/airflow/example_dags/tutorial_dag.py for tasks to queue
[2024-10-20T19:05:39.538-0300] {logging_mixin.py:190} INFO - [2024-10-20T19:05:39.538-0300] {dagbag.py:588} INFO - Filling up the DagBag from /mnt/c/Users/Pato_/OneDrive/Documentos/ITBA/PYTHON_DATA_APP/itba/lib/python3.10/site-packages/airflow/example_dags/tutorial_dag.py
[2024-10-20T19:05:39.579-0300] {processor.py:925} INFO - DAG(s) 'tutorial_dag' retrieved from /mnt/c/Users/Pato_/OneDrive/Documentos/ITBA/PYTHON_DATA_APP/itba/lib/python3.10/site-packages/airflow/example_dags/tutorial_dag.py
[2024-10-20T19:05:39.593-0300] {logging_mixin.py:190} INFO - [2024-10-20T19:05:39.593-0300] {dag.py:3239} INFO - Sync 1 DAGs
[2024-10-20T19:05:39.603-0300] {logging_mixin.py:190} INFO - [2024-10-20T19:05:39.602-0300] {dag.py:4180} INFO - Setting next_dagrun for tutorial_dag to None, run_after=None
[2024-10-20T19:05:39.633-0300] {processor.py:208} INFO - Processing /mnt/c/Users/Pato_/OneDrive/Documentos/ITBA/PYTHON_DATA_APP/itba/lib/python3.10/site-packages/airflow/example_dags/tutorial_dag.py took 0.104 seconds
[2024-10-20T19:07:44.709-0300] {processor.py:186} INFO - Started process (PID=303452) to work on /mnt/c/Users/Pato_/OneDrive/Documentos/ITBA/PYTHON_DATA_APP/itba/lib/python3.10/site-packages/airflow/example_dags/tutorial_dag.py
[2024-10-20T19:07:44.710-0300] {processor.py:914} INFO - Processing file /mnt/c/Users/Pato_/OneDrive/Documentos/ITBA/PYTHON_DATA_APP/itba/lib/python3.10/site-packages/airflow/example_dags/tutorial_dag.py for tasks to queue
[2024-10-20T19:07:44.712-0300] {logging_mixin.py:190} INFO - [2024-10-20T19:07:44.711-0300] {dagbag.py:588} INFO - Filling up the DagBag from /mnt/c/Users/Pato_/OneDrive/Documentos/ITBA/PYTHON_DATA_APP/itba/lib/python3.10/site-packages/airflow/example_dags/tutorial_dag.py
[2024-10-20T19:07:44.750-0300] {processor.py:925} INFO - DAG(s) 'tutorial_dag' retrieved from /mnt/c/Users/Pato_/OneDrive/Documentos/ITBA/PYTHON_DATA_APP/itba/lib/python3.10/site-packages/airflow/example_dags/tutorial_dag.py
[2024-10-20T19:07:44.765-0300] {logging_mixin.py:190} INFO - [2024-10-20T19:07:44.764-0300] {dag.py:3239} INFO - Sync 1 DAGs
[2024-10-20T19:07:44.773-0300] {logging_mixin.py:190} INFO - [2024-10-20T19:07:44.773-0300] {dag.py:4180} INFO - Setting next_dagrun for tutorial_dag to None, run_after=None
[2024-10-20T19:07:44.802-0300] {processor.py:208} INFO - Processing /mnt/c/Users/Pato_/OneDrive/Documentos/ITBA/PYTHON_DATA_APP/itba/lib/python3.10/site-packages/airflow/example_dags/tutorial_dag.py took 0.100 seconds
[2024-10-20T19:08:36.902-0300] {processor.py:186} INFO - Started process (PID=303857) to work on /mnt/c/Users/Pato_/OneDrive/Documentos/ITBA/PYTHON_DATA_APP/itba/lib/python3.10/site-packages/airflow/example_dags/tutorial_dag.py
[2024-10-20T19:08:36.903-0300] {processor.py:914} INFO - Processing file /mnt/c/Users/Pato_/OneDrive/Documentos/ITBA/PYTHON_DATA_APP/itba/lib/python3.10/site-packages/airflow/example_dags/tutorial_dag.py for tasks to queue
[2024-10-20T19:08:36.905-0300] {logging_mixin.py:190} INFO - [2024-10-20T19:08:36.904-0300] {dagbag.py:588} INFO - Filling up the DagBag from /mnt/c/Users/Pato_/OneDrive/Documentos/ITBA/PYTHON_DATA_APP/itba/lib/python3.10/site-packages/airflow/example_dags/tutorial_dag.py
[2024-10-20T19:08:36.946-0300] {processor.py:925} INFO - DAG(s) 'tutorial_dag' retrieved from /mnt/c/Users/Pato_/OneDrive/Documentos/ITBA/PYTHON_DATA_APP/itba/lib/python3.10/site-packages/airflow/example_dags/tutorial_dag.py
[2024-10-20T19:08:36.960-0300] {logging_mixin.py:190} INFO - [2024-10-20T19:08:36.960-0300] {dag.py:3239} INFO - Sync 1 DAGs
[2024-10-20T19:08:36.969-0300] {logging_mixin.py:190} INFO - [2024-10-20T19:08:36.969-0300] {dag.py:4180} INFO - Setting next_dagrun for tutorial_dag to None, run_after=None
[2024-10-20T19:08:36.998-0300] {processor.py:208} INFO - Processing /mnt/c/Users/Pato_/OneDrive/Documentos/ITBA/PYTHON_DATA_APP/itba/lib/python3.10/site-packages/airflow/example_dags/tutorial_dag.py took 0.103 seconds
[2024-10-20T19:09:39.598-0300] {processor.py:186} INFO - Started process (PID=304412) to work on /mnt/c/Users/Pato_/OneDrive/Documentos/ITBA/PYTHON_DATA_APP/itba/lib/python3.10/site-packages/airflow/example_dags/tutorial_dag.py
[2024-10-20T19:09:39.599-0300] {processor.py:914} INFO - Processing file /mnt/c/Users/Pato_/OneDrive/Documentos/ITBA/PYTHON_DATA_APP/itba/lib/python3.10/site-packages/airflow/example_dags/tutorial_dag.py for tasks to queue
[2024-10-20T19:09:39.601-0300] {logging_mixin.py:190} INFO - [2024-10-20T19:09:39.600-0300] {dagbag.py:588} INFO - Filling up the DagBag from /mnt/c/Users/Pato_/OneDrive/Documentos/ITBA/PYTHON_DATA_APP/itba/lib/python3.10/site-packages/airflow/example_dags/tutorial_dag.py
[2024-10-20T19:09:39.640-0300] {processor.py:925} INFO - DAG(s) 'tutorial_dag' retrieved from /mnt/c/Users/Pato_/OneDrive/Documentos/ITBA/PYTHON_DATA_APP/itba/lib/python3.10/site-packages/airflow/example_dags/tutorial_dag.py
[2024-10-20T19:09:39.654-0300] {logging_mixin.py:190} INFO - [2024-10-20T19:09:39.654-0300] {dag.py:3239} INFO - Sync 1 DAGs
[2024-10-20T19:09:39.663-0300] {logging_mixin.py:190} INFO - [2024-10-20T19:09:39.663-0300] {dag.py:4180} INFO - Setting next_dagrun for tutorial_dag to None, run_after=None
[2024-10-20T19:09:39.693-0300] {processor.py:208} INFO - Processing /mnt/c/Users/Pato_/OneDrive/Documentos/ITBA/PYTHON_DATA_APP/itba/lib/python3.10/site-packages/airflow/example_dags/tutorial_dag.py took 0.102 seconds
[2024-10-20T19:10:47.502-0300] {processor.py:186} INFO - Started process (PID=304973) to work on /mnt/c/Users/Pato_/OneDrive/Documentos/ITBA/PYTHON_DATA_APP/itba/lib/python3.10/site-packages/airflow/example_dags/tutorial_dag.py
[2024-10-20T19:10:47.503-0300] {processor.py:914} INFO - Processing file /mnt/c/Users/Pato_/OneDrive/Documentos/ITBA/PYTHON_DATA_APP/itba/lib/python3.10/site-packages/airflow/example_dags/tutorial_dag.py for tasks to queue
[2024-10-20T19:10:47.505-0300] {logging_mixin.py:190} INFO - [2024-10-20T19:10:47.505-0300] {dagbag.py:588} INFO - Filling up the DagBag from /mnt/c/Users/Pato_/OneDrive/Documentos/ITBA/PYTHON_DATA_APP/itba/lib/python3.10/site-packages/airflow/example_dags/tutorial_dag.py
[2024-10-20T19:10:47.544-0300] {processor.py:925} INFO - DAG(s) 'tutorial_dag' retrieved from /mnt/c/Users/Pato_/OneDrive/Documentos/ITBA/PYTHON_DATA_APP/itba/lib/python3.10/site-packages/airflow/example_dags/tutorial_dag.py
[2024-10-20T19:10:47.558-0300] {logging_mixin.py:190} INFO - [2024-10-20T19:10:47.558-0300] {dag.py:3239} INFO - Sync 1 DAGs
[2024-10-20T19:10:47.567-0300] {logging_mixin.py:190} INFO - [2024-10-20T19:10:47.566-0300] {dag.py:4180} INFO - Setting next_dagrun for tutorial_dag to None, run_after=None
[2024-10-20T19:10:47.595-0300] {processor.py:208} INFO - Processing /mnt/c/Users/Pato_/OneDrive/Documentos/ITBA/PYTHON_DATA_APP/itba/lib/python3.10/site-packages/airflow/example_dags/tutorial_dag.py took 0.099 seconds
[2024-10-20T19:11:57.053-0300] {processor.py:186} INFO - Started process (PID=305514) to work on /mnt/c/Users/Pato_/OneDrive/Documentos/ITBA/PYTHON_DATA_APP/itba/lib/python3.10/site-packages/airflow/example_dags/tutorial_dag.py
[2024-10-20T19:11:57.054-0300] {processor.py:914} INFO - Processing file /mnt/c/Users/Pato_/OneDrive/Documentos/ITBA/PYTHON_DATA_APP/itba/lib/python3.10/site-packages/airflow/example_dags/tutorial_dag.py for tasks to queue
[2024-10-20T19:11:57.056-0300] {logging_mixin.py:190} INFO - [2024-10-20T19:11:57.055-0300] {dagbag.py:588} INFO - Filling up the DagBag from /mnt/c/Users/Pato_/OneDrive/Documentos/ITBA/PYTHON_DATA_APP/itba/lib/python3.10/site-packages/airflow/example_dags/tutorial_dag.py
[2024-10-20T19:11:57.096-0300] {processor.py:925} INFO - DAG(s) 'tutorial_dag' retrieved from /mnt/c/Users/Pato_/OneDrive/Documentos/ITBA/PYTHON_DATA_APP/itba/lib/python3.10/site-packages/airflow/example_dags/tutorial_dag.py
[2024-10-20T19:11:57.111-0300] {logging_mixin.py:190} INFO - [2024-10-20T19:11:57.111-0300] {dag.py:3239} INFO - Sync 1 DAGs
[2024-10-20T19:11:57.120-0300] {logging_mixin.py:190} INFO - [2024-10-20T19:11:57.119-0300] {dag.py:4180} INFO - Setting next_dagrun for tutorial_dag to None, run_after=None
[2024-10-20T19:11:57.150-0300] {processor.py:208} INFO - Processing /mnt/c/Users/Pato_/OneDrive/Documentos/ITBA/PYTHON_DATA_APP/itba/lib/python3.10/site-packages/airflow/example_dags/tutorial_dag.py took 0.105 seconds
[2024-10-20T19:13:01.839-0300] {processor.py:186} INFO - Started process (PID=306022) to work on /mnt/c/Users/Pato_/OneDrive/Documentos/ITBA/PYTHON_DATA_APP/itba/lib/python3.10/site-packages/airflow/example_dags/tutorial_dag.py
[2024-10-20T19:13:01.840-0300] {processor.py:914} INFO - Processing file /mnt/c/Users/Pato_/OneDrive/Documentos/ITBA/PYTHON_DATA_APP/itba/lib/python3.10/site-packages/airflow/example_dags/tutorial_dag.py for tasks to queue
[2024-10-20T19:13:01.842-0300] {logging_mixin.py:190} INFO - [2024-10-20T19:13:01.841-0300] {dagbag.py:588} INFO - Filling up the DagBag from /mnt/c/Users/Pato_/OneDrive/Documentos/ITBA/PYTHON_DATA_APP/itba/lib/python3.10/site-packages/airflow/example_dags/tutorial_dag.py
[2024-10-20T19:13:01.882-0300] {processor.py:925} INFO - DAG(s) 'tutorial_dag' retrieved from /mnt/c/Users/Pato_/OneDrive/Documentos/ITBA/PYTHON_DATA_APP/itba/lib/python3.10/site-packages/airflow/example_dags/tutorial_dag.py
[2024-10-20T19:13:01.898-0300] {logging_mixin.py:190} INFO - [2024-10-20T19:13:01.898-0300] {dag.py:3239} INFO - Sync 1 DAGs
[2024-10-20T19:13:01.908-0300] {logging_mixin.py:190} INFO - [2024-10-20T19:13:01.907-0300] {dag.py:4180} INFO - Setting next_dagrun for tutorial_dag to None, run_after=None
[2024-10-20T19:13:01.938-0300] {processor.py:208} INFO - Processing /mnt/c/Users/Pato_/OneDrive/Documentos/ITBA/PYTHON_DATA_APP/itba/lib/python3.10/site-packages/airflow/example_dags/tutorial_dag.py took 0.106 seconds
[2024-10-20T19:14:06.854-0300] {processor.py:186} INFO - Started process (PID=306530) to work on /mnt/c/Users/Pato_/OneDrive/Documentos/ITBA/PYTHON_DATA_APP/itba/lib/python3.10/site-packages/airflow/example_dags/tutorial_dag.py
[2024-10-20T19:14:06.855-0300] {processor.py:914} INFO - Processing file /mnt/c/Users/Pato_/OneDrive/Documentos/ITBA/PYTHON_DATA_APP/itba/lib/python3.10/site-packages/airflow/example_dags/tutorial_dag.py for tasks to queue
[2024-10-20T19:14:06.857-0300] {logging_mixin.py:190} INFO - [2024-10-20T19:14:06.857-0300] {dagbag.py:588} INFO - Filling up the DagBag from /mnt/c/Users/Pato_/OneDrive/Documentos/ITBA/PYTHON_DATA_APP/itba/lib/python3.10/site-packages/airflow/example_dags/tutorial_dag.py
[2024-10-20T19:14:06.896-0300] {processor.py:925} INFO - DAG(s) 'tutorial_dag' retrieved from /mnt/c/Users/Pato_/OneDrive/Documentos/ITBA/PYTHON_DATA_APP/itba/lib/python3.10/site-packages/airflow/example_dags/tutorial_dag.py
[2024-10-20T19:14:06.911-0300] {logging_mixin.py:190} INFO - [2024-10-20T19:14:06.911-0300] {dag.py:3239} INFO - Sync 1 DAGs
[2024-10-20T19:14:06.921-0300] {logging_mixin.py:190} INFO - [2024-10-20T19:14:06.920-0300] {dag.py:4180} INFO - Setting next_dagrun for tutorial_dag to None, run_after=None
[2024-10-20T19:14:06.951-0300] {processor.py:208} INFO - Processing /mnt/c/Users/Pato_/OneDrive/Documentos/ITBA/PYTHON_DATA_APP/itba/lib/python3.10/site-packages/airflow/example_dags/tutorial_dag.py took 0.104 seconds
[2024-10-20T19:15:18.313-0300] {processor.py:186} INFO - Started process (PID=307113) to work on /mnt/c/Users/Pato_/OneDrive/Documentos/ITBA/PYTHON_DATA_APP/itba/lib/python3.10/site-packages/airflow/example_dags/tutorial_dag.py
[2024-10-20T19:15:18.315-0300] {processor.py:914} INFO - Processing file /mnt/c/Users/Pato_/OneDrive/Documentos/ITBA/PYTHON_DATA_APP/itba/lib/python3.10/site-packages/airflow/example_dags/tutorial_dag.py for tasks to queue
[2024-10-20T19:15:18.317-0300] {logging_mixin.py:190} INFO - [2024-10-20T19:15:18.316-0300] {dagbag.py:588} INFO - Filling up the DagBag from /mnt/c/Users/Pato_/OneDrive/Documentos/ITBA/PYTHON_DATA_APP/itba/lib/python3.10/site-packages/airflow/example_dags/tutorial_dag.py
[2024-10-20T19:15:18.356-0300] {processor.py:925} INFO - DAG(s) 'tutorial_dag' retrieved from /mnt/c/Users/Pato_/OneDrive/Documentos/ITBA/PYTHON_DATA_APP/itba/lib/python3.10/site-packages/airflow/example_dags/tutorial_dag.py
[2024-10-20T19:15:18.371-0300] {logging_mixin.py:190} INFO - [2024-10-20T19:15:18.370-0300] {dag.py:3239} INFO - Sync 1 DAGs
[2024-10-20T19:15:18.379-0300] {logging_mixin.py:190} INFO - [2024-10-20T19:15:18.379-0300] {dag.py:4180} INFO - Setting next_dagrun for tutorial_dag to None, run_after=None
[2024-10-20T19:15:18.408-0300] {processor.py:208} INFO - Processing /mnt/c/Users/Pato_/OneDrive/Documentos/ITBA/PYTHON_DATA_APP/itba/lib/python3.10/site-packages/airflow/example_dags/tutorial_dag.py took 0.101 seconds
[2024-10-20T19:16:26.149-0300] {processor.py:186} INFO - Started process (PID=307640) to work on /mnt/c/Users/Pato_/OneDrive/Documentos/ITBA/PYTHON_DATA_APP/itba/lib/python3.10/site-packages/airflow/example_dags/tutorial_dag.py
[2024-10-20T19:16:26.150-0300] {processor.py:914} INFO - Processing file /mnt/c/Users/Pato_/OneDrive/Documentos/ITBA/PYTHON_DATA_APP/itba/lib/python3.10/site-packages/airflow/example_dags/tutorial_dag.py for tasks to queue
[2024-10-20T19:16:26.152-0300] {logging_mixin.py:190} INFO - [2024-10-20T19:16:26.151-0300] {dagbag.py:588} INFO - Filling up the DagBag from /mnt/c/Users/Pato_/OneDrive/Documentos/ITBA/PYTHON_DATA_APP/itba/lib/python3.10/site-packages/airflow/example_dags/tutorial_dag.py
[2024-10-20T19:16:26.191-0300] {processor.py:925} INFO - DAG(s) 'tutorial_dag' retrieved from /mnt/c/Users/Pato_/OneDrive/Documentos/ITBA/PYTHON_DATA_APP/itba/lib/python3.10/site-packages/airflow/example_dags/tutorial_dag.py
[2024-10-20T19:16:26.206-0300] {logging_mixin.py:190} INFO - [2024-10-20T19:16:26.205-0300] {dag.py:3239} INFO - Sync 1 DAGs
[2024-10-20T19:16:26.214-0300] {logging_mixin.py:190} INFO - [2024-10-20T19:16:26.214-0300] {dag.py:4180} INFO - Setting next_dagrun for tutorial_dag to None, run_after=None
[2024-10-20T19:16:26.242-0300] {processor.py:208} INFO - Processing /mnt/c/Users/Pato_/OneDrive/Documentos/ITBA/PYTHON_DATA_APP/itba/lib/python3.10/site-packages/airflow/example_dags/tutorial_dag.py took 0.100 seconds
[2024-10-20T19:17:38.500-0300] {processor.py:186} INFO - Started process (PID=308207) to work on /mnt/c/Users/Pato_/OneDrive/Documentos/ITBA/PYTHON_DATA_APP/itba/lib/python3.10/site-packages/airflow/example_dags/tutorial_dag.py
[2024-10-20T19:17:38.501-0300] {processor.py:914} INFO - Processing file /mnt/c/Users/Pato_/OneDrive/Documentos/ITBA/PYTHON_DATA_APP/itba/lib/python3.10/site-packages/airflow/example_dags/tutorial_dag.py for tasks to queue
[2024-10-20T19:17:38.503-0300] {logging_mixin.py:190} INFO - [2024-10-20T19:17:38.503-0300] {dagbag.py:588} INFO - Filling up the DagBag from /mnt/c/Users/Pato_/OneDrive/Documentos/ITBA/PYTHON_DATA_APP/itba/lib/python3.10/site-packages/airflow/example_dags/tutorial_dag.py
[2024-10-20T19:17:38.542-0300] {processor.py:925} INFO - DAG(s) 'tutorial_dag' retrieved from /mnt/c/Users/Pato_/OneDrive/Documentos/ITBA/PYTHON_DATA_APP/itba/lib/python3.10/site-packages/airflow/example_dags/tutorial_dag.py
[2024-10-20T19:17:38.557-0300] {logging_mixin.py:190} INFO - [2024-10-20T19:17:38.556-0300] {dag.py:3239} INFO - Sync 1 DAGs
[2024-10-20T19:17:38.566-0300] {logging_mixin.py:190} INFO - [2024-10-20T19:17:38.565-0300] {dag.py:4180} INFO - Setting next_dagrun for tutorial_dag to None, run_after=None
[2024-10-20T19:17:38.594-0300] {processor.py:208} INFO - Processing /mnt/c/Users/Pato_/OneDrive/Documentos/ITBA/PYTHON_DATA_APP/itba/lib/python3.10/site-packages/airflow/example_dags/tutorial_dag.py took 0.101 seconds
[2024-10-20T19:18:16.964-0300] {processor.py:186} INFO - Started process (PID=308506) to work on /mnt/c/Users/Pato_/OneDrive/Documentos/ITBA/PYTHON_DATA_APP/itba/lib/python3.10/site-packages/airflow/example_dags/tutorial_dag.py
[2024-10-20T19:18:16.965-0300] {processor.py:914} INFO - Processing file /mnt/c/Users/Pato_/OneDrive/Documentos/ITBA/PYTHON_DATA_APP/itba/lib/python3.10/site-packages/airflow/example_dags/tutorial_dag.py for tasks to queue
[2024-10-20T19:18:16.967-0300] {logging_mixin.py:190} INFO - [2024-10-20T19:18:16.966-0300] {dagbag.py:588} INFO - Filling up the DagBag from /mnt/c/Users/Pato_/OneDrive/Documentos/ITBA/PYTHON_DATA_APP/itba/lib/python3.10/site-packages/airflow/example_dags/tutorial_dag.py
[2024-10-20T19:18:17.005-0300] {processor.py:925} INFO - DAG(s) 'tutorial_dag' retrieved from /mnt/c/Users/Pato_/OneDrive/Documentos/ITBA/PYTHON_DATA_APP/itba/lib/python3.10/site-packages/airflow/example_dags/tutorial_dag.py
[2024-10-20T19:18:17.019-0300] {logging_mixin.py:190} INFO - [2024-10-20T19:18:17.018-0300] {dag.py:3239} INFO - Sync 1 DAGs
[2024-10-20T19:18:17.027-0300] {logging_mixin.py:190} INFO - [2024-10-20T19:18:17.027-0300] {dag.py:4180} INFO - Setting next_dagrun for tutorial_dag to None, run_after=None
[2024-10-20T19:18:17.057-0300] {processor.py:208} INFO - Processing /mnt/c/Users/Pato_/OneDrive/Documentos/ITBA/PYTHON_DATA_APP/itba/lib/python3.10/site-packages/airflow/example_dags/tutorial_dag.py took 0.099 seconds
[2024-10-20T19:19:28.239-0300] {processor.py:186} INFO - Started process (PID=309060) to work on /mnt/c/Users/Pato_/OneDrive/Documentos/ITBA/PYTHON_DATA_APP/itba/lib/python3.10/site-packages/airflow/example_dags/tutorial_dag.py
[2024-10-20T19:19:28.240-0300] {processor.py:914} INFO - Processing file /mnt/c/Users/Pato_/OneDrive/Documentos/ITBA/PYTHON_DATA_APP/itba/lib/python3.10/site-packages/airflow/example_dags/tutorial_dag.py for tasks to queue
[2024-10-20T19:19:28.242-0300] {logging_mixin.py:190} INFO - [2024-10-20T19:19:28.242-0300] {dagbag.py:588} INFO - Filling up the DagBag from /mnt/c/Users/Pato_/OneDrive/Documentos/ITBA/PYTHON_DATA_APP/itba/lib/python3.10/site-packages/airflow/example_dags/tutorial_dag.py
[2024-10-20T19:19:28.280-0300] {processor.py:925} INFO - DAG(s) 'tutorial_dag' retrieved from /mnt/c/Users/Pato_/OneDrive/Documentos/ITBA/PYTHON_DATA_APP/itba/lib/python3.10/site-packages/airflow/example_dags/tutorial_dag.py
[2024-10-20T19:19:28.294-0300] {logging_mixin.py:190} INFO - [2024-10-20T19:19:28.294-0300] {dag.py:3239} INFO - Sync 1 DAGs
[2024-10-20T19:19:28.303-0300] {logging_mixin.py:190} INFO - [2024-10-20T19:19:28.302-0300] {dag.py:4180} INFO - Setting next_dagrun for tutorial_dag to None, run_after=None
[2024-10-20T19:19:28.331-0300] {processor.py:208} INFO - Processing /mnt/c/Users/Pato_/OneDrive/Documentos/ITBA/PYTHON_DATA_APP/itba/lib/python3.10/site-packages/airflow/example_dags/tutorial_dag.py took 0.099 seconds
[2024-10-20T19:20:32.633-0300] {processor.py:186} INFO - Started process (PID=309594) to work on /mnt/c/Users/Pato_/OneDrive/Documentos/ITBA/PYTHON_DATA_APP/itba/lib/python3.10/site-packages/airflow/example_dags/tutorial_dag.py
[2024-10-20T19:20:32.633-0300] {processor.py:914} INFO - Processing file /mnt/c/Users/Pato_/OneDrive/Documentos/ITBA/PYTHON_DATA_APP/itba/lib/python3.10/site-packages/airflow/example_dags/tutorial_dag.py for tasks to queue
[2024-10-20T19:20:32.636-0300] {logging_mixin.py:190} INFO - [2024-10-20T19:20:32.635-0300] {dagbag.py:588} INFO - Filling up the DagBag from /mnt/c/Users/Pato_/OneDrive/Documentos/ITBA/PYTHON_DATA_APP/itba/lib/python3.10/site-packages/airflow/example_dags/tutorial_dag.py
[2024-10-20T19:20:32.674-0300] {processor.py:925} INFO - DAG(s) 'tutorial_dag' retrieved from /mnt/c/Users/Pato_/OneDrive/Documentos/ITBA/PYTHON_DATA_APP/itba/lib/python3.10/site-packages/airflow/example_dags/tutorial_dag.py
[2024-10-20T19:20:32.689-0300] {logging_mixin.py:190} INFO - [2024-10-20T19:20:32.688-0300] {dag.py:3239} INFO - Sync 1 DAGs
[2024-10-20T19:20:32.697-0300] {logging_mixin.py:190} INFO - [2024-10-20T19:20:32.697-0300] {dag.py:4180} INFO - Setting next_dagrun for tutorial_dag to None, run_after=None
[2024-10-20T19:20:32.727-0300] {processor.py:208} INFO - Processing /mnt/c/Users/Pato_/OneDrive/Documentos/ITBA/PYTHON_DATA_APP/itba/lib/python3.10/site-packages/airflow/example_dags/tutorial_dag.py took 0.101 seconds
[2024-10-20T19:21:12.408-0300] {processor.py:186} INFO - Started process (PID=309965) to work on /mnt/c/Users/Pato_/OneDrive/Documentos/ITBA/PYTHON_DATA_APP/itba/lib/python3.10/site-packages/airflow/example_dags/tutorial_dag.py
[2024-10-20T19:21:12.409-0300] {processor.py:914} INFO - Processing file /mnt/c/Users/Pato_/OneDrive/Documentos/ITBA/PYTHON_DATA_APP/itba/lib/python3.10/site-packages/airflow/example_dags/tutorial_dag.py for tasks to queue
[2024-10-20T19:21:12.411-0300] {logging_mixin.py:190} INFO - [2024-10-20T19:21:12.410-0300] {dagbag.py:588} INFO - Filling up the DagBag from /mnt/c/Users/Pato_/OneDrive/Documentos/ITBA/PYTHON_DATA_APP/itba/lib/python3.10/site-packages/airflow/example_dags/tutorial_dag.py
[2024-10-20T19:21:12.450-0300] {processor.py:925} INFO - DAG(s) 'tutorial_dag' retrieved from /mnt/c/Users/Pato_/OneDrive/Documentos/ITBA/PYTHON_DATA_APP/itba/lib/python3.10/site-packages/airflow/example_dags/tutorial_dag.py
[2024-10-20T19:21:12.465-0300] {logging_mixin.py:190} INFO - [2024-10-20T19:21:12.464-0300] {dag.py:3239} INFO - Sync 1 DAGs
[2024-10-20T19:21:12.474-0300] {logging_mixin.py:190} INFO - [2024-10-20T19:21:12.473-0300] {dag.py:4180} INFO - Setting next_dagrun for tutorial_dag to None, run_after=None
[2024-10-20T19:21:12.504-0300] {processor.py:208} INFO - Processing /mnt/c/Users/Pato_/OneDrive/Documentos/ITBA/PYTHON_DATA_APP/itba/lib/python3.10/site-packages/airflow/example_dags/tutorial_dag.py took 0.103 seconds
[2024-10-20T19:22:18.126-0300] {processor.py:186} INFO - Started process (PID=310574) to work on /mnt/c/Users/Pato_/OneDrive/Documentos/ITBA/PYTHON_DATA_APP/itba/lib/python3.10/site-packages/airflow/example_dags/tutorial_dag.py
[2024-10-20T19:22:18.127-0300] {processor.py:914} INFO - Processing file /mnt/c/Users/Pato_/OneDrive/Documentos/ITBA/PYTHON_DATA_APP/itba/lib/python3.10/site-packages/airflow/example_dags/tutorial_dag.py for tasks to queue
[2024-10-20T19:22:18.129-0300] {logging_mixin.py:190} INFO - [2024-10-20T19:22:18.128-0300] {dagbag.py:588} INFO - Filling up the DagBag from /mnt/c/Users/Pato_/OneDrive/Documentos/ITBA/PYTHON_DATA_APP/itba/lib/python3.10/site-packages/airflow/example_dags/tutorial_dag.py
[2024-10-20T19:22:18.168-0300] {processor.py:925} INFO - DAG(s) 'tutorial_dag' retrieved from /mnt/c/Users/Pato_/OneDrive/Documentos/ITBA/PYTHON_DATA_APP/itba/lib/python3.10/site-packages/airflow/example_dags/tutorial_dag.py
[2024-10-20T19:22:18.182-0300] {logging_mixin.py:190} INFO - [2024-10-20T19:22:18.182-0300] {dag.py:3239} INFO - Sync 1 DAGs
[2024-10-20T19:22:18.191-0300] {logging_mixin.py:190} INFO - [2024-10-20T19:22:18.190-0300] {dag.py:4180} INFO - Setting next_dagrun for tutorial_dag to None, run_after=None
[2024-10-20T19:22:18.219-0300] {processor.py:208} INFO - Processing /mnt/c/Users/Pato_/OneDrive/Documentos/ITBA/PYTHON_DATA_APP/itba/lib/python3.10/site-packages/airflow/example_dags/tutorial_dag.py took 0.100 seconds
[2024-10-20T19:23:21.399-0300] {processor.py:186} INFO - Started process (PID=311077) to work on /mnt/c/Users/Pato_/OneDrive/Documentos/ITBA/PYTHON_DATA_APP/itba/lib/python3.10/site-packages/airflow/example_dags/tutorial_dag.py
[2024-10-20T19:23:21.400-0300] {processor.py:914} INFO - Processing file /mnt/c/Users/Pato_/OneDrive/Documentos/ITBA/PYTHON_DATA_APP/itba/lib/python3.10/site-packages/airflow/example_dags/tutorial_dag.py for tasks to queue
[2024-10-20T19:23:21.403-0300] {logging_mixin.py:190} INFO - [2024-10-20T19:23:21.402-0300] {dagbag.py:588} INFO - Filling up the DagBag from /mnt/c/Users/Pato_/OneDrive/Documentos/ITBA/PYTHON_DATA_APP/itba/lib/python3.10/site-packages/airflow/example_dags/tutorial_dag.py
[2024-10-20T19:23:21.453-0300] {processor.py:925} INFO - DAG(s) 'tutorial_dag' retrieved from /mnt/c/Users/Pato_/OneDrive/Documentos/ITBA/PYTHON_DATA_APP/itba/lib/python3.10/site-packages/airflow/example_dags/tutorial_dag.py
[2024-10-20T19:23:21.477-0300] {logging_mixin.py:190} INFO - [2024-10-20T19:23:21.476-0300] {dag.py:3239} INFO - Sync 1 DAGs
[2024-10-20T19:23:21.489-0300] {logging_mixin.py:190} INFO - [2024-10-20T19:23:21.488-0300] {dag.py:4180} INFO - Setting next_dagrun for tutorial_dag to None, run_after=None
[2024-10-20T19:23:21.527-0300] {processor.py:208} INFO - Processing /mnt/c/Users/Pato_/OneDrive/Documentos/ITBA/PYTHON_DATA_APP/itba/lib/python3.10/site-packages/airflow/example_dags/tutorial_dag.py took 0.136 seconds
[2024-10-20T19:24:24.737-0300] {processor.py:186} INFO - Started process (PID=312094) to work on /mnt/c/Users/Pato_/OneDrive/Documentos/ITBA/PYTHON_DATA_APP/itba/lib/python3.10/site-packages/airflow/example_dags/tutorial_dag.py
[2024-10-20T19:24:24.738-0300] {processor.py:914} INFO - Processing file /mnt/c/Users/Pato_/OneDrive/Documentos/ITBA/PYTHON_DATA_APP/itba/lib/python3.10/site-packages/airflow/example_dags/tutorial_dag.py for tasks to queue
[2024-10-20T19:24:24.740-0300] {logging_mixin.py:190} INFO - [2024-10-20T19:24:24.739-0300] {dagbag.py:588} INFO - Filling up the DagBag from /mnt/c/Users/Pato_/OneDrive/Documentos/ITBA/PYTHON_DATA_APP/itba/lib/python3.10/site-packages/airflow/example_dags/tutorial_dag.py
[2024-10-20T19:24:24.778-0300] {processor.py:925} INFO - DAG(s) 'tutorial_dag' retrieved from /mnt/c/Users/Pato_/OneDrive/Documentos/ITBA/PYTHON_DATA_APP/itba/lib/python3.10/site-packages/airflow/example_dags/tutorial_dag.py
[2024-10-20T19:24:24.792-0300] {logging_mixin.py:190} INFO - [2024-10-20T19:24:24.792-0300] {dag.py:3239} INFO - Sync 1 DAGs
[2024-10-20T19:24:24.801-0300] {logging_mixin.py:190} INFO - [2024-10-20T19:24:24.800-0300] {dag.py:4180} INFO - Setting next_dagrun for tutorial_dag to None, run_after=None
[2024-10-20T19:24:24.829-0300] {processor.py:208} INFO - Processing /mnt/c/Users/Pato_/OneDrive/Documentos/ITBA/PYTHON_DATA_APP/itba/lib/python3.10/site-packages/airflow/example_dags/tutorial_dag.py took 0.099 seconds
[2024-10-20T19:26:03.293-0300] {processor.py:186} INFO - Started process (PID=313441) to work on /mnt/c/Users/Pato_/OneDrive/Documentos/ITBA/PYTHON_DATA_APP/itba/lib/python3.10/site-packages/airflow/example_dags/tutorial_dag.py
[2024-10-20T19:26:03.294-0300] {processor.py:914} INFO - Processing file /mnt/c/Users/Pato_/OneDrive/Documentos/ITBA/PYTHON_DATA_APP/itba/lib/python3.10/site-packages/airflow/example_dags/tutorial_dag.py for tasks to queue
[2024-10-20T19:26:03.296-0300] {logging_mixin.py:190} INFO - [2024-10-20T19:26:03.296-0300] {dagbag.py:588} INFO - Filling up the DagBag from /mnt/c/Users/Pato_/OneDrive/Documentos/ITBA/PYTHON_DATA_APP/itba/lib/python3.10/site-packages/airflow/example_dags/tutorial_dag.py
[2024-10-20T19:26:03.335-0300] {processor.py:925} INFO - DAG(s) 'tutorial_dag' retrieved from /mnt/c/Users/Pato_/OneDrive/Documentos/ITBA/PYTHON_DATA_APP/itba/lib/python3.10/site-packages/airflow/example_dags/tutorial_dag.py
[2024-10-20T19:26:03.350-0300] {logging_mixin.py:190} INFO - [2024-10-20T19:26:03.349-0300] {dag.py:3239} INFO - Sync 1 DAGs
[2024-10-20T19:26:03.359-0300] {logging_mixin.py:190} INFO - [2024-10-20T19:26:03.359-0300] {dag.py:4180} INFO - Setting next_dagrun for tutorial_dag to None, run_after=None
[2024-10-20T19:26:03.392-0300] {processor.py:208} INFO - Processing /mnt/c/Users/Pato_/OneDrive/Documentos/ITBA/PYTHON_DATA_APP/itba/lib/python3.10/site-packages/airflow/example_dags/tutorial_dag.py took 0.106 seconds
[2024-10-20T19:27:09.247-0300] {processor.py:186} INFO - Started process (PID=314144) to work on /mnt/c/Users/Pato_/OneDrive/Documentos/ITBA/PYTHON_DATA_APP/itba/lib/python3.10/site-packages/airflow/example_dags/tutorial_dag.py
[2024-10-20T19:27:09.248-0300] {processor.py:914} INFO - Processing file /mnt/c/Users/Pato_/OneDrive/Documentos/ITBA/PYTHON_DATA_APP/itba/lib/python3.10/site-packages/airflow/example_dags/tutorial_dag.py for tasks to queue
[2024-10-20T19:27:09.250-0300] {logging_mixin.py:190} INFO - [2024-10-20T19:27:09.250-0300] {dagbag.py:588} INFO - Filling up the DagBag from /mnt/c/Users/Pato_/OneDrive/Documentos/ITBA/PYTHON_DATA_APP/itba/lib/python3.10/site-packages/airflow/example_dags/tutorial_dag.py
[2024-10-20T19:27:09.291-0300] {processor.py:925} INFO - DAG(s) 'tutorial_dag' retrieved from /mnt/c/Users/Pato_/OneDrive/Documentos/ITBA/PYTHON_DATA_APP/itba/lib/python3.10/site-packages/airflow/example_dags/tutorial_dag.py
[2024-10-20T19:27:09.306-0300] {logging_mixin.py:190} INFO - [2024-10-20T19:27:09.305-0300] {dag.py:3239} INFO - Sync 1 DAGs
[2024-10-20T19:27:09.315-0300] {logging_mixin.py:190} INFO - [2024-10-20T19:27:09.314-0300] {dag.py:4180} INFO - Setting next_dagrun for tutorial_dag to None, run_after=None
[2024-10-20T19:27:09.345-0300] {processor.py:208} INFO - Processing /mnt/c/Users/Pato_/OneDrive/Documentos/ITBA/PYTHON_DATA_APP/itba/lib/python3.10/site-packages/airflow/example_dags/tutorial_dag.py took 0.104 seconds
[2024-10-20T19:28:15.922-0300] {processor.py:186} INFO - Started process (PID=314996) to work on /mnt/c/Users/Pato_/OneDrive/Documentos/ITBA/PYTHON_DATA_APP/itba/lib/python3.10/site-packages/airflow/example_dags/tutorial_dag.py
[2024-10-20T19:28:15.923-0300] {processor.py:914} INFO - Processing file /mnt/c/Users/Pato_/OneDrive/Documentos/ITBA/PYTHON_DATA_APP/itba/lib/python3.10/site-packages/airflow/example_dags/tutorial_dag.py for tasks to queue
[2024-10-20T19:28:15.925-0300] {logging_mixin.py:190} INFO - [2024-10-20T19:28:15.925-0300] {dagbag.py:588} INFO - Filling up the DagBag from /mnt/c/Users/Pato_/OneDrive/Documentos/ITBA/PYTHON_DATA_APP/itba/lib/python3.10/site-packages/airflow/example_dags/tutorial_dag.py
[2024-10-20T19:28:15.964-0300] {processor.py:925} INFO - DAG(s) 'tutorial_dag' retrieved from /mnt/c/Users/Pato_/OneDrive/Documentos/ITBA/PYTHON_DATA_APP/itba/lib/python3.10/site-packages/airflow/example_dags/tutorial_dag.py
[2024-10-20T19:28:15.979-0300] {logging_mixin.py:190} INFO - [2024-10-20T19:28:15.978-0300] {dag.py:3239} INFO - Sync 1 DAGs
[2024-10-20T19:28:15.988-0300] {logging_mixin.py:190} INFO - [2024-10-20T19:28:15.987-0300] {dag.py:4180} INFO - Setting next_dagrun for tutorial_dag to None, run_after=None
[2024-10-20T19:28:16.016-0300] {processor.py:208} INFO - Processing /mnt/c/Users/Pato_/OneDrive/Documentos/ITBA/PYTHON_DATA_APP/itba/lib/python3.10/site-packages/airflow/example_dags/tutorial_dag.py took 0.102 seconds
[2024-10-20T19:29:23.457-0300] {processor.py:186} INFO - Started process (PID=315700) to work on /mnt/c/Users/Pato_/OneDrive/Documentos/ITBA/PYTHON_DATA_APP/itba/lib/python3.10/site-packages/airflow/example_dags/tutorial_dag.py
[2024-10-20T19:29:23.458-0300] {processor.py:914} INFO - Processing file /mnt/c/Users/Pato_/OneDrive/Documentos/ITBA/PYTHON_DATA_APP/itba/lib/python3.10/site-packages/airflow/example_dags/tutorial_dag.py for tasks to queue
[2024-10-20T19:29:23.460-0300] {logging_mixin.py:190} INFO - [2024-10-20T19:29:23.459-0300] {dagbag.py:588} INFO - Filling up the DagBag from /mnt/c/Users/Pato_/OneDrive/Documentos/ITBA/PYTHON_DATA_APP/itba/lib/python3.10/site-packages/airflow/example_dags/tutorial_dag.py
[2024-10-20T19:29:23.499-0300] {processor.py:925} INFO - DAG(s) 'tutorial_dag' retrieved from /mnt/c/Users/Pato_/OneDrive/Documentos/ITBA/PYTHON_DATA_APP/itba/lib/python3.10/site-packages/airflow/example_dags/tutorial_dag.py
[2024-10-20T19:29:23.513-0300] {logging_mixin.py:190} INFO - [2024-10-20T19:29:23.513-0300] {dag.py:3239} INFO - Sync 1 DAGs
[2024-10-20T19:29:23.522-0300] {logging_mixin.py:190} INFO - [2024-10-20T19:29:23.522-0300] {dag.py:4180} INFO - Setting next_dagrun for tutorial_dag to None, run_after=None
[2024-10-20T19:29:23.551-0300] {processor.py:208} INFO - Processing /mnt/c/Users/Pato_/OneDrive/Documentos/ITBA/PYTHON_DATA_APP/itba/lib/python3.10/site-packages/airflow/example_dags/tutorial_dag.py took 0.101 seconds
[2024-10-20T19:30:00.691-0300] {processor.py:186} INFO - Started process (PID=316121) to work on /mnt/c/Users/Pato_/OneDrive/Documentos/ITBA/PYTHON_DATA_APP/itba/lib/python3.10/site-packages/airflow/example_dags/tutorial_dag.py
[2024-10-20T19:30:00.692-0300] {processor.py:914} INFO - Processing file /mnt/c/Users/Pato_/OneDrive/Documentos/ITBA/PYTHON_DATA_APP/itba/lib/python3.10/site-packages/airflow/example_dags/tutorial_dag.py for tasks to queue
[2024-10-20T19:30:00.694-0300] {logging_mixin.py:190} INFO - [2024-10-20T19:30:00.694-0300] {dagbag.py:588} INFO - Filling up the DagBag from /mnt/c/Users/Pato_/OneDrive/Documentos/ITBA/PYTHON_DATA_APP/itba/lib/python3.10/site-packages/airflow/example_dags/tutorial_dag.py
[2024-10-20T19:30:00.734-0300] {processor.py:925} INFO - DAG(s) 'tutorial_dag' retrieved from /mnt/c/Users/Pato_/OneDrive/Documentos/ITBA/PYTHON_DATA_APP/itba/lib/python3.10/site-packages/airflow/example_dags/tutorial_dag.py
[2024-10-20T19:30:00.749-0300] {logging_mixin.py:190} INFO - [2024-10-20T19:30:00.748-0300] {dag.py:3239} INFO - Sync 1 DAGs
[2024-10-20T19:30:00.758-0300] {logging_mixin.py:190} INFO - [2024-10-20T19:30:00.757-0300] {dag.py:4180} INFO - Setting next_dagrun for tutorial_dag to None, run_after=None
[2024-10-20T19:30:00.787-0300] {processor.py:208} INFO - Processing /mnt/c/Users/Pato_/OneDrive/Documentos/ITBA/PYTHON_DATA_APP/itba/lib/python3.10/site-packages/airflow/example_dags/tutorial_dag.py took 0.103 seconds
[2024-10-20T19:31:06.139-0300] {processor.py:186} INFO - Started process (PID=316632) to work on /mnt/c/Users/Pato_/OneDrive/Documentos/ITBA/PYTHON_DATA_APP/itba/lib/python3.10/site-packages/airflow/example_dags/tutorial_dag.py
[2024-10-20T19:31:06.140-0300] {processor.py:914} INFO - Processing file /mnt/c/Users/Pato_/OneDrive/Documentos/ITBA/PYTHON_DATA_APP/itba/lib/python3.10/site-packages/airflow/example_dags/tutorial_dag.py for tasks to queue
[2024-10-20T19:31:06.142-0300] {logging_mixin.py:190} INFO - [2024-10-20T19:31:06.141-0300] {dagbag.py:588} INFO - Filling up the DagBag from /mnt/c/Users/Pato_/OneDrive/Documentos/ITBA/PYTHON_DATA_APP/itba/lib/python3.10/site-packages/airflow/example_dags/tutorial_dag.py
[2024-10-20T19:31:06.182-0300] {processor.py:925} INFO - DAG(s) 'tutorial_dag' retrieved from /mnt/c/Users/Pato_/OneDrive/Documentos/ITBA/PYTHON_DATA_APP/itba/lib/python3.10/site-packages/airflow/example_dags/tutorial_dag.py
[2024-10-20T19:31:06.197-0300] {logging_mixin.py:190} INFO - [2024-10-20T19:31:06.197-0300] {dag.py:3239} INFO - Sync 1 DAGs
[2024-10-20T19:31:06.206-0300] {logging_mixin.py:190} INFO - [2024-10-20T19:31:06.206-0300] {dag.py:4180} INFO - Setting next_dagrun for tutorial_dag to None, run_after=None
[2024-10-20T19:31:06.237-0300] {processor.py:208} INFO - Processing /mnt/c/Users/Pato_/OneDrive/Documentos/ITBA/PYTHON_DATA_APP/itba/lib/python3.10/site-packages/airflow/example_dags/tutorial_dag.py took 0.105 seconds
[2024-10-20T19:32:16.528-0300] {processor.py:186} INFO - Started process (PID=317182) to work on /mnt/c/Users/Pato_/OneDrive/Documentos/ITBA/PYTHON_DATA_APP/itba/lib/python3.10/site-packages/airflow/example_dags/tutorial_dag.py
[2024-10-20T19:32:16.529-0300] {processor.py:914} INFO - Processing file /mnt/c/Users/Pato_/OneDrive/Documentos/ITBA/PYTHON_DATA_APP/itba/lib/python3.10/site-packages/airflow/example_dags/tutorial_dag.py for tasks to queue
[2024-10-20T19:32:16.531-0300] {logging_mixin.py:190} INFO - [2024-10-20T19:32:16.530-0300] {dagbag.py:588} INFO - Filling up the DagBag from /mnt/c/Users/Pato_/OneDrive/Documentos/ITBA/PYTHON_DATA_APP/itba/lib/python3.10/site-packages/airflow/example_dags/tutorial_dag.py
[2024-10-20T19:32:16.569-0300] {processor.py:925} INFO - DAG(s) 'tutorial_dag' retrieved from /mnt/c/Users/Pato_/OneDrive/Documentos/ITBA/PYTHON_DATA_APP/itba/lib/python3.10/site-packages/airflow/example_dags/tutorial_dag.py
[2024-10-20T19:32:16.583-0300] {logging_mixin.py:190} INFO - [2024-10-20T19:32:16.582-0300] {dag.py:3239} INFO - Sync 1 DAGs
[2024-10-20T19:32:16.591-0300] {logging_mixin.py:190} INFO - [2024-10-20T19:32:16.591-0300] {dag.py:4180} INFO - Setting next_dagrun for tutorial_dag to None, run_after=None
[2024-10-20T19:32:16.621-0300] {processor.py:208} INFO - Processing /mnt/c/Users/Pato_/OneDrive/Documentos/ITBA/PYTHON_DATA_APP/itba/lib/python3.10/site-packages/airflow/example_dags/tutorial_dag.py took 0.100 seconds
[2024-10-20T19:33:23.176-0300] {processor.py:186} INFO - Started process (PID=317778) to work on /mnt/c/Users/Pato_/OneDrive/Documentos/ITBA/PYTHON_DATA_APP/itba/lib/python3.10/site-packages/airflow/example_dags/tutorial_dag.py
[2024-10-20T19:33:23.177-0300] {processor.py:914} INFO - Processing file /mnt/c/Users/Pato_/OneDrive/Documentos/ITBA/PYTHON_DATA_APP/itba/lib/python3.10/site-packages/airflow/example_dags/tutorial_dag.py for tasks to queue
[2024-10-20T19:33:23.179-0300] {logging_mixin.py:190} INFO - [2024-10-20T19:33:23.178-0300] {dagbag.py:588} INFO - Filling up the DagBag from /mnt/c/Users/Pato_/OneDrive/Documentos/ITBA/PYTHON_DATA_APP/itba/lib/python3.10/site-packages/airflow/example_dags/tutorial_dag.py
[2024-10-20T19:33:23.218-0300] {processor.py:925} INFO - DAG(s) 'tutorial_dag' retrieved from /mnt/c/Users/Pato_/OneDrive/Documentos/ITBA/PYTHON_DATA_APP/itba/lib/python3.10/site-packages/airflow/example_dags/tutorial_dag.py
[2024-10-20T19:33:23.233-0300] {logging_mixin.py:190} INFO - [2024-10-20T19:33:23.232-0300] {dag.py:3239} INFO - Sync 1 DAGs
[2024-10-20T19:33:23.241-0300] {logging_mixin.py:190} INFO - [2024-10-20T19:33:23.241-0300] {dag.py:4180} INFO - Setting next_dagrun for tutorial_dag to None, run_after=None
[2024-10-20T19:33:23.271-0300] {processor.py:208} INFO - Processing /mnt/c/Users/Pato_/OneDrive/Documentos/ITBA/PYTHON_DATA_APP/itba/lib/python3.10/site-packages/airflow/example_dags/tutorial_dag.py took 0.102 seconds
[2024-10-20T19:34:31.091-0300] {processor.py:186} INFO - Started process (PID=318533) to work on /mnt/c/Users/Pato_/OneDrive/Documentos/ITBA/PYTHON_DATA_APP/itba/lib/python3.10/site-packages/airflow/example_dags/tutorial_dag.py
[2024-10-20T19:34:31.092-0300] {processor.py:914} INFO - Processing file /mnt/c/Users/Pato_/OneDrive/Documentos/ITBA/PYTHON_DATA_APP/itba/lib/python3.10/site-packages/airflow/example_dags/tutorial_dag.py for tasks to queue
[2024-10-20T19:34:31.094-0300] {logging_mixin.py:190} INFO - [2024-10-20T19:34:31.094-0300] {dagbag.py:588} INFO - Filling up the DagBag from /mnt/c/Users/Pato_/OneDrive/Documentos/ITBA/PYTHON_DATA_APP/itba/lib/python3.10/site-packages/airflow/example_dags/tutorial_dag.py
[2024-10-20T19:34:31.133-0300] {processor.py:925} INFO - DAG(s) 'tutorial_dag' retrieved from /mnt/c/Users/Pato_/OneDrive/Documentos/ITBA/PYTHON_DATA_APP/itba/lib/python3.10/site-packages/airflow/example_dags/tutorial_dag.py
[2024-10-20T19:34:31.148-0300] {logging_mixin.py:190} INFO - [2024-10-20T19:34:31.147-0300] {dag.py:3239} INFO - Sync 1 DAGs
[2024-10-20T19:34:31.156-0300] {logging_mixin.py:190} INFO - [2024-10-20T19:34:31.156-0300] {dag.py:4180} INFO - Setting next_dagrun for tutorial_dag to None, run_after=None
[2024-10-20T19:34:31.185-0300] {processor.py:208} INFO - Processing /mnt/c/Users/Pato_/OneDrive/Documentos/ITBA/PYTHON_DATA_APP/itba/lib/python3.10/site-packages/airflow/example_dags/tutorial_dag.py took 0.101 seconds
[2024-10-20T19:35:38.788-0300] {processor.py:186} INFO - Started process (PID=319192) to work on /mnt/c/Users/Pato_/OneDrive/Documentos/ITBA/PYTHON_DATA_APP/itba/lib/python3.10/site-packages/airflow/example_dags/tutorial_dag.py
[2024-10-20T19:35:38.789-0300] {processor.py:914} INFO - Processing file /mnt/c/Users/Pato_/OneDrive/Documentos/ITBA/PYTHON_DATA_APP/itba/lib/python3.10/site-packages/airflow/example_dags/tutorial_dag.py for tasks to queue
[2024-10-20T19:35:38.792-0300] {logging_mixin.py:190} INFO - [2024-10-20T19:35:38.791-0300] {dagbag.py:588} INFO - Filling up the DagBag from /mnt/c/Users/Pato_/OneDrive/Documentos/ITBA/PYTHON_DATA_APP/itba/lib/python3.10/site-packages/airflow/example_dags/tutorial_dag.py
[2024-10-20T19:35:38.835-0300] {processor.py:925} INFO - DAG(s) 'tutorial_dag' retrieved from /mnt/c/Users/Pato_/OneDrive/Documentos/ITBA/PYTHON_DATA_APP/itba/lib/python3.10/site-packages/airflow/example_dags/tutorial_dag.py
[2024-10-20T19:35:38.851-0300] {logging_mixin.py:190} INFO - [2024-10-20T19:35:38.851-0300] {dag.py:3239} INFO - Sync 1 DAGs
[2024-10-20T19:35:38.861-0300] {logging_mixin.py:190} INFO - [2024-10-20T19:35:38.860-0300] {dag.py:4180} INFO - Setting next_dagrun for tutorial_dag to None, run_after=None
[2024-10-20T19:35:38.896-0300] {processor.py:208} INFO - Processing /mnt/c/Users/Pato_/OneDrive/Documentos/ITBA/PYTHON_DATA_APP/itba/lib/python3.10/site-packages/airflow/example_dags/tutorial_dag.py took 0.115 seconds
[2024-10-20T19:36:49.640-0300] {processor.py:186} INFO - Started process (PID=319738) to work on /mnt/c/Users/Pato_/OneDrive/Documentos/ITBA/PYTHON_DATA_APP/itba/lib/python3.10/site-packages/airflow/example_dags/tutorial_dag.py
[2024-10-20T19:36:49.641-0300] {processor.py:914} INFO - Processing file /mnt/c/Users/Pato_/OneDrive/Documentos/ITBA/PYTHON_DATA_APP/itba/lib/python3.10/site-packages/airflow/example_dags/tutorial_dag.py for tasks to queue
[2024-10-20T19:36:49.643-0300] {logging_mixin.py:190} INFO - [2024-10-20T19:36:49.642-0300] {dagbag.py:588} INFO - Filling up the DagBag from /mnt/c/Users/Pato_/OneDrive/Documentos/ITBA/PYTHON_DATA_APP/itba/lib/python3.10/site-packages/airflow/example_dags/tutorial_dag.py
[2024-10-20T19:36:49.682-0300] {processor.py:925} INFO - DAG(s) 'tutorial_dag' retrieved from /mnt/c/Users/Pato_/OneDrive/Documentos/ITBA/PYTHON_DATA_APP/itba/lib/python3.10/site-packages/airflow/example_dags/tutorial_dag.py
[2024-10-20T19:36:49.696-0300] {logging_mixin.py:190} INFO - [2024-10-20T19:36:49.696-0300] {dag.py:3239} INFO - Sync 1 DAGs
[2024-10-20T19:36:49.705-0300] {logging_mixin.py:190} INFO - [2024-10-20T19:36:49.705-0300] {dag.py:4180} INFO - Setting next_dagrun for tutorial_dag to None, run_after=None
[2024-10-20T19:36:49.736-0300] {processor.py:208} INFO - Processing /mnt/c/Users/Pato_/OneDrive/Documentos/ITBA/PYTHON_DATA_APP/itba/lib/python3.10/site-packages/airflow/example_dags/tutorial_dag.py took 0.103 seconds
[2024-10-20T19:37:55.687-0300] {processor.py:186} INFO - Started process (PID=320257) to work on /mnt/c/Users/Pato_/OneDrive/Documentos/ITBA/PYTHON_DATA_APP/itba/lib/python3.10/site-packages/airflow/example_dags/tutorial_dag.py
[2024-10-20T19:37:55.688-0300] {processor.py:914} INFO - Processing file /mnt/c/Users/Pato_/OneDrive/Documentos/ITBA/PYTHON_DATA_APP/itba/lib/python3.10/site-packages/airflow/example_dags/tutorial_dag.py for tasks to queue
[2024-10-20T19:37:55.690-0300] {logging_mixin.py:190} INFO - [2024-10-20T19:37:55.690-0300] {dagbag.py:588} INFO - Filling up the DagBag from /mnt/c/Users/Pato_/OneDrive/Documentos/ITBA/PYTHON_DATA_APP/itba/lib/python3.10/site-packages/airflow/example_dags/tutorial_dag.py
[2024-10-20T19:37:55.730-0300] {processor.py:925} INFO - DAG(s) 'tutorial_dag' retrieved from /mnt/c/Users/Pato_/OneDrive/Documentos/ITBA/PYTHON_DATA_APP/itba/lib/python3.10/site-packages/airflow/example_dags/tutorial_dag.py
[2024-10-20T19:37:55.746-0300] {logging_mixin.py:190} INFO - [2024-10-20T19:37:55.746-0300] {dag.py:3239} INFO - Sync 1 DAGs
[2024-10-20T19:37:55.755-0300] {logging_mixin.py:190} INFO - [2024-10-20T19:37:55.755-0300] {dag.py:4180} INFO - Setting next_dagrun for tutorial_dag to None, run_after=None
[2024-10-20T19:37:55.786-0300] {processor.py:208} INFO - Processing /mnt/c/Users/Pato_/OneDrive/Documentos/ITBA/PYTHON_DATA_APP/itba/lib/python3.10/site-packages/airflow/example_dags/tutorial_dag.py took 0.106 seconds
[2024-10-20T19:39:00.823-0300] {processor.py:186} INFO - Started process (PID=320767) to work on /mnt/c/Users/Pato_/OneDrive/Documentos/ITBA/PYTHON_DATA_APP/itba/lib/python3.10/site-packages/airflow/example_dags/tutorial_dag.py
[2024-10-20T19:39:00.824-0300] {processor.py:914} INFO - Processing file /mnt/c/Users/Pato_/OneDrive/Documentos/ITBA/PYTHON_DATA_APP/itba/lib/python3.10/site-packages/airflow/example_dags/tutorial_dag.py for tasks to queue
[2024-10-20T19:39:00.826-0300] {logging_mixin.py:190} INFO - [2024-10-20T19:39:00.826-0300] {dagbag.py:588} INFO - Filling up the DagBag from /mnt/c/Users/Pato_/OneDrive/Documentos/ITBA/PYTHON_DATA_APP/itba/lib/python3.10/site-packages/airflow/example_dags/tutorial_dag.py
[2024-10-20T19:39:00.868-0300] {processor.py:925} INFO - DAG(s) 'tutorial_dag' retrieved from /mnt/c/Users/Pato_/OneDrive/Documentos/ITBA/PYTHON_DATA_APP/itba/lib/python3.10/site-packages/airflow/example_dags/tutorial_dag.py
[2024-10-20T19:39:00.885-0300] {logging_mixin.py:190} INFO - [2024-10-20T19:39:00.885-0300] {dag.py:3239} INFO - Sync 1 DAGs
[2024-10-20T19:39:00.895-0300] {logging_mixin.py:190} INFO - [2024-10-20T19:39:00.895-0300] {dag.py:4180} INFO - Setting next_dagrun for tutorial_dag to None, run_after=None
[2024-10-20T19:39:00.926-0300] {processor.py:208} INFO - Processing /mnt/c/Users/Pato_/OneDrive/Documentos/ITBA/PYTHON_DATA_APP/itba/lib/python3.10/site-packages/airflow/example_dags/tutorial_dag.py took 0.110 seconds
[2024-10-20T19:40:06.700-0300] {processor.py:186} INFO - Started process (PID=321480) to work on /mnt/c/Users/Pato_/OneDrive/Documentos/ITBA/PYTHON_DATA_APP/itba/lib/python3.10/site-packages/airflow/example_dags/tutorial_dag.py
[2024-10-20T19:40:06.701-0300] {processor.py:914} INFO - Processing file /mnt/c/Users/Pato_/OneDrive/Documentos/ITBA/PYTHON_DATA_APP/itba/lib/python3.10/site-packages/airflow/example_dags/tutorial_dag.py for tasks to queue
[2024-10-20T19:40:06.703-0300] {logging_mixin.py:190} INFO - [2024-10-20T19:40:06.703-0300] {dagbag.py:588} INFO - Filling up the DagBag from /mnt/c/Users/Pato_/OneDrive/Documentos/ITBA/PYTHON_DATA_APP/itba/lib/python3.10/site-packages/airflow/example_dags/tutorial_dag.py
[2024-10-20T19:40:06.743-0300] {processor.py:925} INFO - DAG(s) 'tutorial_dag' retrieved from /mnt/c/Users/Pato_/OneDrive/Documentos/ITBA/PYTHON_DATA_APP/itba/lib/python3.10/site-packages/airflow/example_dags/tutorial_dag.py
[2024-10-20T19:40:06.758-0300] {logging_mixin.py:190} INFO - [2024-10-20T19:40:06.757-0300] {dag.py:3239} INFO - Sync 1 DAGs
[2024-10-20T19:40:06.767-0300] {logging_mixin.py:190} INFO - [2024-10-20T19:40:06.766-0300] {dag.py:4180} INFO - Setting next_dagrun for tutorial_dag to None, run_after=None
[2024-10-20T19:40:06.796-0300] {processor.py:208} INFO - Processing /mnt/c/Users/Pato_/OneDrive/Documentos/ITBA/PYTHON_DATA_APP/itba/lib/python3.10/site-packages/airflow/example_dags/tutorial_dag.py took 0.103 seconds
[2024-10-20T19:41:15.464-0300] {processor.py:186} INFO - Started process (PID=322201) to work on /mnt/c/Users/Pato_/OneDrive/Documentos/ITBA/PYTHON_DATA_APP/itba/lib/python3.10/site-packages/airflow/example_dags/tutorial_dag.py
[2024-10-20T19:41:15.465-0300] {processor.py:914} INFO - Processing file /mnt/c/Users/Pato_/OneDrive/Documentos/ITBA/PYTHON_DATA_APP/itba/lib/python3.10/site-packages/airflow/example_dags/tutorial_dag.py for tasks to queue
[2024-10-20T19:41:15.467-0300] {logging_mixin.py:190} INFO - [2024-10-20T19:41:15.466-0300] {dagbag.py:588} INFO - Filling up the DagBag from /mnt/c/Users/Pato_/OneDrive/Documentos/ITBA/PYTHON_DATA_APP/itba/lib/python3.10/site-packages/airflow/example_dags/tutorial_dag.py
[2024-10-20T19:41:15.512-0300] {processor.py:925} INFO - DAG(s) 'tutorial_dag' retrieved from /mnt/c/Users/Pato_/OneDrive/Documentos/ITBA/PYTHON_DATA_APP/itba/lib/python3.10/site-packages/airflow/example_dags/tutorial_dag.py
[2024-10-20T19:41:15.529-0300] {logging_mixin.py:190} INFO - [2024-10-20T19:41:15.529-0300] {dag.py:3239} INFO - Sync 1 DAGs
[2024-10-20T19:41:15.545-0300] {logging_mixin.py:190} INFO - [2024-10-20T19:41:15.543-0300] {dag.py:4180} INFO - Setting next_dagrun for tutorial_dag to None, run_after=None
[2024-10-20T19:41:15.579-0300] {processor.py:208} INFO - Processing /mnt/c/Users/Pato_/OneDrive/Documentos/ITBA/PYTHON_DATA_APP/itba/lib/python3.10/site-packages/airflow/example_dags/tutorial_dag.py took 0.122 seconds
