[2024-10-20T19:00:07.219-0300] {processor.py:186} INFO - Started process (PID=298569) to work on /mnt/c/Users/Pato_/OneDrive/Documentos/ITBA/PYTHON_DATA_APP/itba/lib/python3.10/site-packages/airflow/example_dags/tutorial.py
[2024-10-20T19:00:07.220-0300] {processor.py:914} INFO - Processing file /mnt/c/Users/Pato_/OneDrive/Documentos/ITBA/PYTHON_DATA_APP/itba/lib/python3.10/site-packages/airflow/example_dags/tutorial.py for tasks to queue
[2024-10-20T19:00:07.222-0300] {logging_mixin.py:190} INFO - [2024-10-20T19:00:07.222-0300] {dagbag.py:588} INFO - Filling up the DagBag from /mnt/c/Users/Pato_/OneDrive/Documentos/ITBA/PYTHON_DATA_APP/itba/lib/python3.10/site-packages/airflow/example_dags/tutorial.py
[2024-10-20T19:00:07.281-0300] {processor.py:925} INFO - DAG(s) 'tutorial' retrieved from /mnt/c/Users/Pato_/OneDrive/Documentos/ITBA/PYTHON_DATA_APP/itba/lib/python3.10/site-packages/airflow/example_dags/tutorial.py
[2024-10-20T19:00:08.054-0300] {logging_mixin.py:190} INFO - [2024-10-20T19:00:08.053-0300] {override.py:1907} INFO - Created Permission View: can read on DAG:tutorial
[2024-10-20T19:00:08.075-0300] {logging_mixin.py:190} INFO - [2024-10-20T19:00:08.075-0300] {override.py:1907} INFO - Created Permission View: can delete on DAG:tutorial
[2024-10-20T19:00:08.093-0300] {logging_mixin.py:190} INFO - [2024-10-20T19:00:08.093-0300] {override.py:1907} INFO - Created Permission View: can edit on DAG:tutorial
[2024-10-20T19:00:08.122-0300] {logging_mixin.py:190} INFO - [2024-10-20T19:00:08.121-0300] {override.py:1907} INFO - Created Permission View: can read on DAG Run:tutorial
[2024-10-20T19:00:08.139-0300] {logging_mixin.py:190} INFO - [2024-10-20T19:00:08.139-0300] {override.py:1907} INFO - Created Permission View: can delete on DAG Run:tutorial
[2024-10-20T19:00:08.157-0300] {logging_mixin.py:190} INFO - [2024-10-20T19:00:08.156-0300] {override.py:1907} INFO - Created Permission View: can create on DAG Run:tutorial
[2024-10-20T19:00:08.175-0300] {logging_mixin.py:190} INFO - [2024-10-20T19:00:08.174-0300] {override.py:1907} INFO - Created Permission View: menu access on DAG Run:tutorial
[2024-10-20T19:00:08.176-0300] {logging_mixin.py:190} INFO - [2024-10-20T19:00:08.175-0300] {dag.py:3239} INFO - Sync 1 DAGs
[2024-10-20T19:00:08.186-0300] {logging_mixin.py:190} INFO - [2024-10-20T19:00:08.186-0300] {dag.py:3262} INFO - Creating ORM DAG for tutorial
[2024-10-20T19:00:08.196-0300] {logging_mixin.py:190} INFO - [2024-10-20T19:00:08.195-0300] {dag.py:4180} INFO - Setting next_dagrun for tutorial to 2024-10-19 00:00:00+00:00, run_after=2024-10-20 00:00:00+00:00
[2024-10-20T19:00:08.228-0300] {processor.py:208} INFO - Processing /mnt/c/Users/Pato_/OneDrive/Documentos/ITBA/PYTHON_DATA_APP/itba/lib/python3.10/site-packages/airflow/example_dags/tutorial.py took 1.015 seconds
[2024-10-20T19:02:31.218-0300] {processor.py:186} INFO - Started process (PID=299821) to work on /mnt/c/Users/Pato_/OneDrive/Documentos/ITBA/PYTHON_DATA_APP/itba/lib/python3.10/site-packages/airflow/example_dags/tutorial.py
[2024-10-20T19:02:31.219-0300] {processor.py:914} INFO - Processing file /mnt/c/Users/Pato_/OneDrive/Documentos/ITBA/PYTHON_DATA_APP/itba/lib/python3.10/site-packages/airflow/example_dags/tutorial.py for tasks to queue
[2024-10-20T19:02:31.221-0300] {logging_mixin.py:190} INFO - [2024-10-20T19:02:31.220-0300] {dagbag.py:588} INFO - Filling up the DagBag from /mnt/c/Users/Pato_/OneDrive/Documentos/ITBA/PYTHON_DATA_APP/itba/lib/python3.10/site-packages/airflow/example_dags/tutorial.py
[2024-10-20T19:02:31.260-0300] {processor.py:925} INFO - DAG(s) 'tutorial' retrieved from /mnt/c/Users/Pato_/OneDrive/Documentos/ITBA/PYTHON_DATA_APP/itba/lib/python3.10/site-packages/airflow/example_dags/tutorial.py
[2024-10-20T19:02:31.275-0300] {logging_mixin.py:190} INFO - [2024-10-20T19:02:31.274-0300] {dag.py:3239} INFO - Sync 1 DAGs
[2024-10-20T19:02:31.292-0300] {logging_mixin.py:190} INFO - [2024-10-20T19:02:31.292-0300] {dag.py:4180} INFO - Setting next_dagrun for tutorial to 2024-10-19 00:00:00+00:00, run_after=2024-10-20 00:00:00+00:00
[2024-10-20T19:02:31.321-0300] {processor.py:208} INFO - Processing /mnt/c/Users/Pato_/OneDrive/Documentos/ITBA/PYTHON_DATA_APP/itba/lib/python3.10/site-packages/airflow/example_dags/tutorial.py took 0.110 seconds
[2024-10-20T19:03:25.743-0300] {processor.py:186} INFO - Started process (PID=300253) to work on /mnt/c/Users/Pato_/OneDrive/Documentos/ITBA/PYTHON_DATA_APP/itba/lib/python3.10/site-packages/airflow/example_dags/tutorial.py
[2024-10-20T19:03:25.744-0300] {processor.py:914} INFO - Processing file /mnt/c/Users/Pato_/OneDrive/Documentos/ITBA/PYTHON_DATA_APP/itba/lib/python3.10/site-packages/airflow/example_dags/tutorial.py for tasks to queue
[2024-10-20T19:03:25.747-0300] {logging_mixin.py:190} INFO - [2024-10-20T19:03:25.746-0300] {dagbag.py:588} INFO - Filling up the DagBag from /mnt/c/Users/Pato_/OneDrive/Documentos/ITBA/PYTHON_DATA_APP/itba/lib/python3.10/site-packages/airflow/example_dags/tutorial.py
[2024-10-20T19:03:25.789-0300] {processor.py:925} INFO - DAG(s) 'tutorial' retrieved from /mnt/c/Users/Pato_/OneDrive/Documentos/ITBA/PYTHON_DATA_APP/itba/lib/python3.10/site-packages/airflow/example_dags/tutorial.py
[2024-10-20T19:03:25.806-0300] {logging_mixin.py:190} INFO - [2024-10-20T19:03:25.805-0300] {dag.py:3239} INFO - Sync 1 DAGs
[2024-10-20T19:03:25.824-0300] {logging_mixin.py:190} INFO - [2024-10-20T19:03:25.824-0300] {dag.py:4180} INFO - Setting next_dagrun for tutorial to 2024-10-19 00:00:00+00:00, run_after=2024-10-20 00:00:00+00:00
[2024-10-20T19:03:25.855-0300] {processor.py:208} INFO - Processing /mnt/c/Users/Pato_/OneDrive/Documentos/ITBA/PYTHON_DATA_APP/itba/lib/python3.10/site-packages/airflow/example_dags/tutorial.py took 0.119 seconds
[2024-10-20T19:04:36.865-0300] {processor.py:186} INFO - Started process (PID=300968) to work on /mnt/c/Users/Pato_/OneDrive/Documentos/ITBA/PYTHON_DATA_APP/itba/lib/python3.10/site-packages/airflow/example_dags/tutorial.py
[2024-10-20T19:04:36.866-0300] {processor.py:914} INFO - Processing file /mnt/c/Users/Pato_/OneDrive/Documentos/ITBA/PYTHON_DATA_APP/itba/lib/python3.10/site-packages/airflow/example_dags/tutorial.py for tasks to queue
[2024-10-20T19:04:36.868-0300] {logging_mixin.py:190} INFO - [2024-10-20T19:04:36.867-0300] {dagbag.py:588} INFO - Filling up the DagBag from /mnt/c/Users/Pato_/OneDrive/Documentos/ITBA/PYTHON_DATA_APP/itba/lib/python3.10/site-packages/airflow/example_dags/tutorial.py
[2024-10-20T19:04:36.909-0300] {processor.py:925} INFO - DAG(s) 'tutorial' retrieved from /mnt/c/Users/Pato_/OneDrive/Documentos/ITBA/PYTHON_DATA_APP/itba/lib/python3.10/site-packages/airflow/example_dags/tutorial.py
[2024-10-20T19:04:36.924-0300] {logging_mixin.py:190} INFO - [2024-10-20T19:04:36.923-0300] {dag.py:3239} INFO - Sync 1 DAGs
[2024-10-20T19:04:36.942-0300] {logging_mixin.py:190} INFO - [2024-10-20T19:04:36.941-0300] {dag.py:4180} INFO - Setting next_dagrun for tutorial to 2024-10-19 00:00:00+00:00, run_after=2024-10-20 00:00:00+00:00
[2024-10-20T19:04:36.973-0300] {processor.py:208} INFO - Processing /mnt/c/Users/Pato_/OneDrive/Documentos/ITBA/PYTHON_DATA_APP/itba/lib/python3.10/site-packages/airflow/example_dags/tutorial.py took 0.115 seconds
[2024-10-20T19:05:44.045-0300] {processor.py:186} INFO - Started process (PID=301583) to work on /mnt/c/Users/Pato_/OneDrive/Documentos/ITBA/PYTHON_DATA_APP/itba/lib/python3.10/site-packages/airflow/example_dags/tutorial.py
[2024-10-20T19:05:44.046-0300] {processor.py:914} INFO - Processing file /mnt/c/Users/Pato_/OneDrive/Documentos/ITBA/PYTHON_DATA_APP/itba/lib/python3.10/site-packages/airflow/example_dags/tutorial.py for tasks to queue
[2024-10-20T19:05:44.048-0300] {logging_mixin.py:190} INFO - [2024-10-20T19:05:44.048-0300] {dagbag.py:588} INFO - Filling up the DagBag from /mnt/c/Users/Pato_/OneDrive/Documentos/ITBA/PYTHON_DATA_APP/itba/lib/python3.10/site-packages/airflow/example_dags/tutorial.py
[2024-10-20T19:05:44.092-0300] {processor.py:925} INFO - DAG(s) 'tutorial' retrieved from /mnt/c/Users/Pato_/OneDrive/Documentos/ITBA/PYTHON_DATA_APP/itba/lib/python3.10/site-packages/airflow/example_dags/tutorial.py
[2024-10-20T19:05:44.108-0300] {logging_mixin.py:190} INFO - [2024-10-20T19:05:44.107-0300] {dag.py:3239} INFO - Sync 1 DAGs
[2024-10-20T19:05:44.127-0300] {logging_mixin.py:190} INFO - [2024-10-20T19:05:44.126-0300] {dag.py:4180} INFO - Setting next_dagrun for tutorial to 2024-10-19 00:00:00+00:00, run_after=2024-10-20 00:00:00+00:00
[2024-10-20T19:05:44.159-0300] {processor.py:208} INFO - Processing /mnt/c/Users/Pato_/OneDrive/Documentos/ITBA/PYTHON_DATA_APP/itba/lib/python3.10/site-packages/airflow/example_dags/tutorial.py took 0.121 seconds
[2024-10-20T19:07:48.933-0300] {processor.py:186} INFO - Started process (PID=303485) to work on /mnt/c/Users/Pato_/OneDrive/Documentos/ITBA/PYTHON_DATA_APP/itba/lib/python3.10/site-packages/airflow/example_dags/tutorial.py
[2024-10-20T19:07:48.934-0300] {processor.py:914} INFO - Processing file /mnt/c/Users/Pato_/OneDrive/Documentos/ITBA/PYTHON_DATA_APP/itba/lib/python3.10/site-packages/airflow/example_dags/tutorial.py for tasks to queue
[2024-10-20T19:07:48.936-0300] {logging_mixin.py:190} INFO - [2024-10-20T19:07:48.936-0300] {dagbag.py:588} INFO - Filling up the DagBag from /mnt/c/Users/Pato_/OneDrive/Documentos/ITBA/PYTHON_DATA_APP/itba/lib/python3.10/site-packages/airflow/example_dags/tutorial.py
[2024-10-20T19:07:48.976-0300] {processor.py:925} INFO - DAG(s) 'tutorial' retrieved from /mnt/c/Users/Pato_/OneDrive/Documentos/ITBA/PYTHON_DATA_APP/itba/lib/python3.10/site-packages/airflow/example_dags/tutorial.py
[2024-10-20T19:07:48.990-0300] {logging_mixin.py:190} INFO - [2024-10-20T19:07:48.989-0300] {dag.py:3239} INFO - Sync 1 DAGs
[2024-10-20T19:07:49.007-0300] {logging_mixin.py:190} INFO - [2024-10-20T19:07:49.006-0300] {dag.py:4180} INFO - Setting next_dagrun for tutorial to 2024-10-19 00:00:00+00:00, run_after=2024-10-20 00:00:00+00:00
[2024-10-20T19:07:49.037-0300] {processor.py:208} INFO - Processing /mnt/c/Users/Pato_/OneDrive/Documentos/ITBA/PYTHON_DATA_APP/itba/lib/python3.10/site-packages/airflow/example_dags/tutorial.py took 0.110 seconds
[2024-10-20T19:08:40.625-0300] {processor.py:186} INFO - Started process (PID=303888) to work on /mnt/c/Users/Pato_/OneDrive/Documentos/ITBA/PYTHON_DATA_APP/itba/lib/python3.10/site-packages/airflow/example_dags/tutorial.py
[2024-10-20T19:08:40.626-0300] {processor.py:914} INFO - Processing file /mnt/c/Users/Pato_/OneDrive/Documentos/ITBA/PYTHON_DATA_APP/itba/lib/python3.10/site-packages/airflow/example_dags/tutorial.py for tasks to queue
[2024-10-20T19:08:40.628-0300] {logging_mixin.py:190} INFO - [2024-10-20T19:08:40.627-0300] {dagbag.py:588} INFO - Filling up the DagBag from /mnt/c/Users/Pato_/OneDrive/Documentos/ITBA/PYTHON_DATA_APP/itba/lib/python3.10/site-packages/airflow/example_dags/tutorial.py
[2024-10-20T19:08:40.666-0300] {processor.py:925} INFO - DAG(s) 'tutorial' retrieved from /mnt/c/Users/Pato_/OneDrive/Documentos/ITBA/PYTHON_DATA_APP/itba/lib/python3.10/site-packages/airflow/example_dags/tutorial.py
[2024-10-20T19:08:40.680-0300] {logging_mixin.py:190} INFO - [2024-10-20T19:08:40.680-0300] {dag.py:3239} INFO - Sync 1 DAGs
[2024-10-20T19:08:40.697-0300] {logging_mixin.py:190} INFO - [2024-10-20T19:08:40.696-0300] {dag.py:4180} INFO - Setting next_dagrun for tutorial to 2024-10-19 00:00:00+00:00, run_after=2024-10-20 00:00:00+00:00
[2024-10-20T19:08:40.725-0300] {processor.py:208} INFO - Processing /mnt/c/Users/Pato_/OneDrive/Documentos/ITBA/PYTHON_DATA_APP/itba/lib/python3.10/site-packages/airflow/example_dags/tutorial.py took 0.107 seconds
[2024-10-20T19:09:44.252-0300] {processor.py:186} INFO - Started process (PID=304446) to work on /mnt/c/Users/Pato_/OneDrive/Documentos/ITBA/PYTHON_DATA_APP/itba/lib/python3.10/site-packages/airflow/example_dags/tutorial.py
[2024-10-20T19:09:44.253-0300] {processor.py:914} INFO - Processing file /mnt/c/Users/Pato_/OneDrive/Documentos/ITBA/PYTHON_DATA_APP/itba/lib/python3.10/site-packages/airflow/example_dags/tutorial.py for tasks to queue
[2024-10-20T19:09:44.255-0300] {logging_mixin.py:190} INFO - [2024-10-20T19:09:44.254-0300] {dagbag.py:588} INFO - Filling up the DagBag from /mnt/c/Users/Pato_/OneDrive/Documentos/ITBA/PYTHON_DATA_APP/itba/lib/python3.10/site-packages/airflow/example_dags/tutorial.py
[2024-10-20T19:09:44.295-0300] {processor.py:925} INFO - DAG(s) 'tutorial' retrieved from /mnt/c/Users/Pato_/OneDrive/Documentos/ITBA/PYTHON_DATA_APP/itba/lib/python3.10/site-packages/airflow/example_dags/tutorial.py
[2024-10-20T19:09:44.310-0300] {logging_mixin.py:190} INFO - [2024-10-20T19:09:44.309-0300] {dag.py:3239} INFO - Sync 1 DAGs
[2024-10-20T19:09:44.327-0300] {logging_mixin.py:190} INFO - [2024-10-20T19:09:44.326-0300] {dag.py:4180} INFO - Setting next_dagrun for tutorial to 2024-10-19 00:00:00+00:00, run_after=2024-10-20 00:00:00+00:00
[2024-10-20T19:09:44.356-0300] {processor.py:208} INFO - Processing /mnt/c/Users/Pato_/OneDrive/Documentos/ITBA/PYTHON_DATA_APP/itba/lib/python3.10/site-packages/airflow/example_dags/tutorial.py took 0.111 seconds
[2024-10-20T19:10:51.620-0300] {processor.py:186} INFO - Started process (PID=305006) to work on /mnt/c/Users/Pato_/OneDrive/Documentos/ITBA/PYTHON_DATA_APP/itba/lib/python3.10/site-packages/airflow/example_dags/tutorial.py
[2024-10-20T19:10:51.621-0300] {processor.py:914} INFO - Processing file /mnt/c/Users/Pato_/OneDrive/Documentos/ITBA/PYTHON_DATA_APP/itba/lib/python3.10/site-packages/airflow/example_dags/tutorial.py for tasks to queue
[2024-10-20T19:10:51.623-0300] {logging_mixin.py:190} INFO - [2024-10-20T19:10:51.622-0300] {dagbag.py:588} INFO - Filling up the DagBag from /mnt/c/Users/Pato_/OneDrive/Documentos/ITBA/PYTHON_DATA_APP/itba/lib/python3.10/site-packages/airflow/example_dags/tutorial.py
[2024-10-20T19:10:51.662-0300] {processor.py:925} INFO - DAG(s) 'tutorial' retrieved from /mnt/c/Users/Pato_/OneDrive/Documentos/ITBA/PYTHON_DATA_APP/itba/lib/python3.10/site-packages/airflow/example_dags/tutorial.py
[2024-10-20T19:10:51.676-0300] {logging_mixin.py:190} INFO - [2024-10-20T19:10:51.675-0300] {dag.py:3239} INFO - Sync 1 DAGs
[2024-10-20T19:10:51.693-0300] {logging_mixin.py:190} INFO - [2024-10-20T19:10:51.692-0300] {dag.py:4180} INFO - Setting next_dagrun for tutorial to 2024-10-19 00:00:00+00:00, run_after=2024-10-20 00:00:00+00:00
[2024-10-20T19:10:51.720-0300] {processor.py:208} INFO - Processing /mnt/c/Users/Pato_/OneDrive/Documentos/ITBA/PYTHON_DATA_APP/itba/lib/python3.10/site-packages/airflow/example_dags/tutorial.py took 0.107 seconds
[2024-10-20T19:12:00.382-0300] {processor.py:186} INFO - Started process (PID=305538) to work on /mnt/c/Users/Pato_/OneDrive/Documentos/ITBA/PYTHON_DATA_APP/itba/lib/python3.10/site-packages/airflow/example_dags/tutorial.py
[2024-10-20T19:12:00.383-0300] {processor.py:914} INFO - Processing file /mnt/c/Users/Pato_/OneDrive/Documentos/ITBA/PYTHON_DATA_APP/itba/lib/python3.10/site-packages/airflow/example_dags/tutorial.py for tasks to queue
[2024-10-20T19:12:00.385-0300] {logging_mixin.py:190} INFO - [2024-10-20T19:12:00.384-0300] {dagbag.py:588} INFO - Filling up the DagBag from /mnt/c/Users/Pato_/OneDrive/Documentos/ITBA/PYTHON_DATA_APP/itba/lib/python3.10/site-packages/airflow/example_dags/tutorial.py
[2024-10-20T19:12:00.425-0300] {processor.py:925} INFO - DAG(s) 'tutorial' retrieved from /mnt/c/Users/Pato_/OneDrive/Documentos/ITBA/PYTHON_DATA_APP/itba/lib/python3.10/site-packages/airflow/example_dags/tutorial.py
[2024-10-20T19:12:00.440-0300] {logging_mixin.py:190} INFO - [2024-10-20T19:12:00.439-0300] {dag.py:3239} INFO - Sync 1 DAGs
[2024-10-20T19:12:00.457-0300] {logging_mixin.py:190} INFO - [2024-10-20T19:12:00.457-0300] {dag.py:4180} INFO - Setting next_dagrun for tutorial to 2024-10-19 00:00:00+00:00, run_after=2024-10-20 00:00:00+00:00
[2024-10-20T19:12:00.487-0300] {processor.py:208} INFO - Processing /mnt/c/Users/Pato_/OneDrive/Documentos/ITBA/PYTHON_DATA_APP/itba/lib/python3.10/site-packages/airflow/example_dags/tutorial.py took 0.111 seconds
[2024-10-20T19:13:06.470-0300] {processor.py:186} INFO - Started process (PID=306057) to work on /mnt/c/Users/Pato_/OneDrive/Documentos/ITBA/PYTHON_DATA_APP/itba/lib/python3.10/site-packages/airflow/example_dags/tutorial.py
[2024-10-20T19:13:06.471-0300] {processor.py:914} INFO - Processing file /mnt/c/Users/Pato_/OneDrive/Documentos/ITBA/PYTHON_DATA_APP/itba/lib/python3.10/site-packages/airflow/example_dags/tutorial.py for tasks to queue
[2024-10-20T19:13:06.473-0300] {logging_mixin.py:190} INFO - [2024-10-20T19:13:06.473-0300] {dagbag.py:588} INFO - Filling up the DagBag from /mnt/c/Users/Pato_/OneDrive/Documentos/ITBA/PYTHON_DATA_APP/itba/lib/python3.10/site-packages/airflow/example_dags/tutorial.py
[2024-10-20T19:13:06.513-0300] {processor.py:925} INFO - DAG(s) 'tutorial' retrieved from /mnt/c/Users/Pato_/OneDrive/Documentos/ITBA/PYTHON_DATA_APP/itba/lib/python3.10/site-packages/airflow/example_dags/tutorial.py
[2024-10-20T19:13:06.527-0300] {logging_mixin.py:190} INFO - [2024-10-20T19:13:06.527-0300] {dag.py:3239} INFO - Sync 1 DAGs
[2024-10-20T19:13:06.545-0300] {logging_mixin.py:190} INFO - [2024-10-20T19:13:06.544-0300] {dag.py:4180} INFO - Setting next_dagrun for tutorial to 2024-10-19 00:00:00+00:00, run_after=2024-10-20 00:00:00+00:00
[2024-10-20T19:13:06.573-0300] {processor.py:208} INFO - Processing /mnt/c/Users/Pato_/OneDrive/Documentos/ITBA/PYTHON_DATA_APP/itba/lib/python3.10/site-packages/airflow/example_dags/tutorial.py took 0.110 seconds
[2024-10-20T19:14:10.965-0300] {processor.py:186} INFO - Started process (PID=306563) to work on /mnt/c/Users/Pato_/OneDrive/Documentos/ITBA/PYTHON_DATA_APP/itba/lib/python3.10/site-packages/airflow/example_dags/tutorial.py
[2024-10-20T19:14:10.966-0300] {processor.py:914} INFO - Processing file /mnt/c/Users/Pato_/OneDrive/Documentos/ITBA/PYTHON_DATA_APP/itba/lib/python3.10/site-packages/airflow/example_dags/tutorial.py for tasks to queue
[2024-10-20T19:14:10.968-0300] {logging_mixin.py:190} INFO - [2024-10-20T19:14:10.968-0300] {dagbag.py:588} INFO - Filling up the DagBag from /mnt/c/Users/Pato_/OneDrive/Documentos/ITBA/PYTHON_DATA_APP/itba/lib/python3.10/site-packages/airflow/example_dags/tutorial.py
[2024-10-20T19:14:11.007-0300] {processor.py:925} INFO - DAG(s) 'tutorial' retrieved from /mnt/c/Users/Pato_/OneDrive/Documentos/ITBA/PYTHON_DATA_APP/itba/lib/python3.10/site-packages/airflow/example_dags/tutorial.py
[2024-10-20T19:14:11.021-0300] {logging_mixin.py:190} INFO - [2024-10-20T19:14:11.020-0300] {dag.py:3239} INFO - Sync 1 DAGs
[2024-10-20T19:14:11.038-0300] {logging_mixin.py:190} INFO - [2024-10-20T19:14:11.038-0300] {dag.py:4180} INFO - Setting next_dagrun for tutorial to 2024-10-19 00:00:00+00:00, run_after=2024-10-20 00:00:00+00:00
[2024-10-20T19:14:11.067-0300] {processor.py:208} INFO - Processing /mnt/c/Users/Pato_/OneDrive/Documentos/ITBA/PYTHON_DATA_APP/itba/lib/python3.10/site-packages/airflow/example_dags/tutorial.py took 0.109 seconds
[2024-10-20T19:15:22.576-0300] {processor.py:186} INFO - Started process (PID=307146) to work on /mnt/c/Users/Pato_/OneDrive/Documentos/ITBA/PYTHON_DATA_APP/itba/lib/python3.10/site-packages/airflow/example_dags/tutorial.py
[2024-10-20T19:15:22.576-0300] {processor.py:914} INFO - Processing file /mnt/c/Users/Pato_/OneDrive/Documentos/ITBA/PYTHON_DATA_APP/itba/lib/python3.10/site-packages/airflow/example_dags/tutorial.py for tasks to queue
[2024-10-20T19:15:22.578-0300] {logging_mixin.py:190} INFO - [2024-10-20T19:15:22.578-0300] {dagbag.py:588} INFO - Filling up the DagBag from /mnt/c/Users/Pato_/OneDrive/Documentos/ITBA/PYTHON_DATA_APP/itba/lib/python3.10/site-packages/airflow/example_dags/tutorial.py
[2024-10-20T19:15:22.619-0300] {processor.py:925} INFO - DAG(s) 'tutorial' retrieved from /mnt/c/Users/Pato_/OneDrive/Documentos/ITBA/PYTHON_DATA_APP/itba/lib/python3.10/site-packages/airflow/example_dags/tutorial.py
[2024-10-20T19:15:22.633-0300] {logging_mixin.py:190} INFO - [2024-10-20T19:15:22.632-0300] {dag.py:3239} INFO - Sync 1 DAGs
[2024-10-20T19:15:22.650-0300] {logging_mixin.py:190} INFO - [2024-10-20T19:15:22.649-0300] {dag.py:4180} INFO - Setting next_dagrun for tutorial to 2024-10-19 00:00:00+00:00, run_after=2024-10-20 00:00:00+00:00
[2024-10-20T19:15:22.679-0300] {processor.py:208} INFO - Processing /mnt/c/Users/Pato_/OneDrive/Documentos/ITBA/PYTHON_DATA_APP/itba/lib/python3.10/site-packages/airflow/example_dags/tutorial.py took 0.110 seconds
[2024-10-20T19:16:30.171-0300] {processor.py:186} INFO - Started process (PID=307672) to work on /mnt/c/Users/Pato_/OneDrive/Documentos/ITBA/PYTHON_DATA_APP/itba/lib/python3.10/site-packages/airflow/example_dags/tutorial.py
[2024-10-20T19:16:30.172-0300] {processor.py:914} INFO - Processing file /mnt/c/Users/Pato_/OneDrive/Documentos/ITBA/PYTHON_DATA_APP/itba/lib/python3.10/site-packages/airflow/example_dags/tutorial.py for tasks to queue
[2024-10-20T19:16:30.174-0300] {logging_mixin.py:190} INFO - [2024-10-20T19:16:30.174-0300] {dagbag.py:588} INFO - Filling up the DagBag from /mnt/c/Users/Pato_/OneDrive/Documentos/ITBA/PYTHON_DATA_APP/itba/lib/python3.10/site-packages/airflow/example_dags/tutorial.py
[2024-10-20T19:16:30.214-0300] {processor.py:925} INFO - DAG(s) 'tutorial' retrieved from /mnt/c/Users/Pato_/OneDrive/Documentos/ITBA/PYTHON_DATA_APP/itba/lib/python3.10/site-packages/airflow/example_dags/tutorial.py
[2024-10-20T19:16:30.231-0300] {logging_mixin.py:190} INFO - [2024-10-20T19:16:30.230-0300] {dag.py:3239} INFO - Sync 1 DAGs
[2024-10-20T19:16:30.249-0300] {logging_mixin.py:190} INFO - [2024-10-20T19:16:30.248-0300] {dag.py:4180} INFO - Setting next_dagrun for tutorial to 2024-10-19 00:00:00+00:00, run_after=2024-10-20 00:00:00+00:00
[2024-10-20T19:16:30.278-0300] {processor.py:208} INFO - Processing /mnt/c/Users/Pato_/OneDrive/Documentos/ITBA/PYTHON_DATA_APP/itba/lib/python3.10/site-packages/airflow/example_dags/tutorial.py took 0.114 seconds
[2024-10-20T19:17:43.588-0300] {processor.py:186} INFO - Started process (PID=308243) to work on /mnt/c/Users/Pato_/OneDrive/Documentos/ITBA/PYTHON_DATA_APP/itba/lib/python3.10/site-packages/airflow/example_dags/tutorial.py
[2024-10-20T19:17:43.589-0300] {processor.py:914} INFO - Processing file /mnt/c/Users/Pato_/OneDrive/Documentos/ITBA/PYTHON_DATA_APP/itba/lib/python3.10/site-packages/airflow/example_dags/tutorial.py for tasks to queue
[2024-10-20T19:17:43.591-0300] {logging_mixin.py:190} INFO - [2024-10-20T19:17:43.590-0300] {dagbag.py:588} INFO - Filling up the DagBag from /mnt/c/Users/Pato_/OneDrive/Documentos/ITBA/PYTHON_DATA_APP/itba/lib/python3.10/site-packages/airflow/example_dags/tutorial.py
[2024-10-20T19:17:43.630-0300] {processor.py:925} INFO - DAG(s) 'tutorial' retrieved from /mnt/c/Users/Pato_/OneDrive/Documentos/ITBA/PYTHON_DATA_APP/itba/lib/python3.10/site-packages/airflow/example_dags/tutorial.py
[2024-10-20T19:17:43.645-0300] {logging_mixin.py:190} INFO - [2024-10-20T19:17:43.644-0300] {dag.py:3239} INFO - Sync 1 DAGs
[2024-10-20T19:17:43.662-0300] {logging_mixin.py:190} INFO - [2024-10-20T19:17:43.661-0300] {dag.py:4180} INFO - Setting next_dagrun for tutorial to 2024-10-19 00:00:00+00:00, run_after=2024-10-20 00:00:00+00:00
[2024-10-20T19:17:43.690-0300] {processor.py:208} INFO - Processing /mnt/c/Users/Pato_/OneDrive/Documentos/ITBA/PYTHON_DATA_APP/itba/lib/python3.10/site-packages/airflow/example_dags/tutorial.py took 0.109 seconds
[2024-10-20T19:18:52.630-0300] {processor.py:186} INFO - Started process (PID=308782) to work on /mnt/c/Users/Pato_/OneDrive/Documentos/ITBA/PYTHON_DATA_APP/itba/lib/python3.10/site-packages/airflow/example_dags/tutorial.py
[2024-10-20T19:18:52.631-0300] {processor.py:914} INFO - Processing file /mnt/c/Users/Pato_/OneDrive/Documentos/ITBA/PYTHON_DATA_APP/itba/lib/python3.10/site-packages/airflow/example_dags/tutorial.py for tasks to queue
[2024-10-20T19:18:52.633-0300] {logging_mixin.py:190} INFO - [2024-10-20T19:18:52.632-0300] {dagbag.py:588} INFO - Filling up the DagBag from /mnt/c/Users/Pato_/OneDrive/Documentos/ITBA/PYTHON_DATA_APP/itba/lib/python3.10/site-packages/airflow/example_dags/tutorial.py
[2024-10-20T19:18:52.671-0300] {processor.py:925} INFO - DAG(s) 'tutorial' retrieved from /mnt/c/Users/Pato_/OneDrive/Documentos/ITBA/PYTHON_DATA_APP/itba/lib/python3.10/site-packages/airflow/example_dags/tutorial.py
[2024-10-20T19:18:52.686-0300] {logging_mixin.py:190} INFO - [2024-10-20T19:18:52.685-0300] {dag.py:3239} INFO - Sync 1 DAGs
[2024-10-20T19:18:52.703-0300] {logging_mixin.py:190} INFO - [2024-10-20T19:18:52.702-0300] {dag.py:4180} INFO - Setting next_dagrun for tutorial to 2024-10-19 00:00:00+00:00, run_after=2024-10-20 00:00:00+00:00
[2024-10-20T19:18:52.732-0300] {processor.py:208} INFO - Processing /mnt/c/Users/Pato_/OneDrive/Documentos/ITBA/PYTHON_DATA_APP/itba/lib/python3.10/site-packages/airflow/example_dags/tutorial.py took 0.108 seconds
[2024-10-20T19:20:05.987-0300] {processor.py:186} INFO - Started process (PID=309386) to work on /mnt/c/Users/Pato_/OneDrive/Documentos/ITBA/PYTHON_DATA_APP/itba/lib/python3.10/site-packages/airflow/example_dags/tutorial.py
[2024-10-20T19:20:05.988-0300] {processor.py:914} INFO - Processing file /mnt/c/Users/Pato_/OneDrive/Documentos/ITBA/PYTHON_DATA_APP/itba/lib/python3.10/site-packages/airflow/example_dags/tutorial.py for tasks to queue
[2024-10-20T19:20:05.990-0300] {logging_mixin.py:190} INFO - [2024-10-20T19:20:05.989-0300] {dagbag.py:588} INFO - Filling up the DagBag from /mnt/c/Users/Pato_/OneDrive/Documentos/ITBA/PYTHON_DATA_APP/itba/lib/python3.10/site-packages/airflow/example_dags/tutorial.py
[2024-10-20T19:20:06.028-0300] {processor.py:925} INFO - DAG(s) 'tutorial' retrieved from /mnt/c/Users/Pato_/OneDrive/Documentos/ITBA/PYTHON_DATA_APP/itba/lib/python3.10/site-packages/airflow/example_dags/tutorial.py
[2024-10-20T19:20:06.042-0300] {logging_mixin.py:190} INFO - [2024-10-20T19:20:06.041-0300] {dag.py:3239} INFO - Sync 1 DAGs
[2024-10-20T19:20:06.059-0300] {logging_mixin.py:190} INFO - [2024-10-20T19:20:06.059-0300] {dag.py:4180} INFO - Setting next_dagrun for tutorial to 2024-10-19 00:00:00+00:00, run_after=2024-10-20 00:00:00+00:00
[2024-10-20T19:20:06.088-0300] {processor.py:208} INFO - Processing /mnt/c/Users/Pato_/OneDrive/Documentos/ITBA/PYTHON_DATA_APP/itba/lib/python3.10/site-packages/airflow/example_dags/tutorial.py took 0.108 seconds
[2024-10-20T19:21:15.260-0300] {processor.py:186} INFO - Started process (PID=309991) to work on /mnt/c/Users/Pato_/OneDrive/Documentos/ITBA/PYTHON_DATA_APP/itba/lib/python3.10/site-packages/airflow/example_dags/tutorial.py
[2024-10-20T19:21:15.261-0300] {processor.py:914} INFO - Processing file /mnt/c/Users/Pato_/OneDrive/Documentos/ITBA/PYTHON_DATA_APP/itba/lib/python3.10/site-packages/airflow/example_dags/tutorial.py for tasks to queue
[2024-10-20T19:21:15.263-0300] {logging_mixin.py:190} INFO - [2024-10-20T19:21:15.263-0300] {dagbag.py:588} INFO - Filling up the DagBag from /mnt/c/Users/Pato_/OneDrive/Documentos/ITBA/PYTHON_DATA_APP/itba/lib/python3.10/site-packages/airflow/example_dags/tutorial.py
[2024-10-20T19:21:15.303-0300] {processor.py:925} INFO - DAG(s) 'tutorial' retrieved from /mnt/c/Users/Pato_/OneDrive/Documentos/ITBA/PYTHON_DATA_APP/itba/lib/python3.10/site-packages/airflow/example_dags/tutorial.py
[2024-10-20T19:21:15.317-0300] {logging_mixin.py:190} INFO - [2024-10-20T19:21:15.317-0300] {dag.py:3239} INFO - Sync 1 DAGs
[2024-10-20T19:21:15.334-0300] {logging_mixin.py:190} INFO - [2024-10-20T19:21:15.334-0300] {dag.py:4180} INFO - Setting next_dagrun for tutorial to 2024-10-19 00:00:00+00:00, run_after=2024-10-20 00:00:00+00:00
[2024-10-20T19:21:15.363-0300] {processor.py:208} INFO - Processing /mnt/c/Users/Pato_/OneDrive/Documentos/ITBA/PYTHON_DATA_APP/itba/lib/python3.10/site-packages/airflow/example_dags/tutorial.py took 0.109 seconds
[2024-10-20T19:22:21.923-0300] {processor.py:186} INFO - Started process (PID=310604) to work on /mnt/c/Users/Pato_/OneDrive/Documentos/ITBA/PYTHON_DATA_APP/itba/lib/python3.10/site-packages/airflow/example_dags/tutorial.py
[2024-10-20T19:22:21.924-0300] {processor.py:914} INFO - Processing file /mnt/c/Users/Pato_/OneDrive/Documentos/ITBA/PYTHON_DATA_APP/itba/lib/python3.10/site-packages/airflow/example_dags/tutorial.py for tasks to queue
[2024-10-20T19:22:21.927-0300] {logging_mixin.py:190} INFO - [2024-10-20T19:22:21.926-0300] {dagbag.py:588} INFO - Filling up the DagBag from /mnt/c/Users/Pato_/OneDrive/Documentos/ITBA/PYTHON_DATA_APP/itba/lib/python3.10/site-packages/airflow/example_dags/tutorial.py
[2024-10-20T19:22:21.966-0300] {processor.py:925} INFO - DAG(s) 'tutorial' retrieved from /mnt/c/Users/Pato_/OneDrive/Documentos/ITBA/PYTHON_DATA_APP/itba/lib/python3.10/site-packages/airflow/example_dags/tutorial.py
[2024-10-20T19:22:21.980-0300] {logging_mixin.py:190} INFO - [2024-10-20T19:22:21.979-0300] {dag.py:3239} INFO - Sync 1 DAGs
[2024-10-20T19:22:21.997-0300] {logging_mixin.py:190} INFO - [2024-10-20T19:22:21.996-0300] {dag.py:4180} INFO - Setting next_dagrun for tutorial to 2024-10-19 00:00:00+00:00, run_after=2024-10-20 00:00:00+00:00
[2024-10-20T19:22:22.025-0300] {processor.py:208} INFO - Processing /mnt/c/Users/Pato_/OneDrive/Documentos/ITBA/PYTHON_DATA_APP/itba/lib/python3.10/site-packages/airflow/example_dags/tutorial.py took 0.108 seconds
[2024-10-20T19:23:25.217-0300] {processor.py:186} INFO - Started process (PID=311176) to work on /mnt/c/Users/Pato_/OneDrive/Documentos/ITBA/PYTHON_DATA_APP/itba/lib/python3.10/site-packages/airflow/example_dags/tutorial.py
[2024-10-20T19:23:25.218-0300] {processor.py:914} INFO - Processing file /mnt/c/Users/Pato_/OneDrive/Documentos/ITBA/PYTHON_DATA_APP/itba/lib/python3.10/site-packages/airflow/example_dags/tutorial.py for tasks to queue
[2024-10-20T19:23:25.220-0300] {logging_mixin.py:190} INFO - [2024-10-20T19:23:25.219-0300] {dagbag.py:588} INFO - Filling up the DagBag from /mnt/c/Users/Pato_/OneDrive/Documentos/ITBA/PYTHON_DATA_APP/itba/lib/python3.10/site-packages/airflow/example_dags/tutorial.py
[2024-10-20T19:23:25.260-0300] {processor.py:925} INFO - DAG(s) 'tutorial' retrieved from /mnt/c/Users/Pato_/OneDrive/Documentos/ITBA/PYTHON_DATA_APP/itba/lib/python3.10/site-packages/airflow/example_dags/tutorial.py
[2024-10-20T19:23:25.275-0300] {logging_mixin.py:190} INFO - [2024-10-20T19:23:25.274-0300] {dag.py:3239} INFO - Sync 1 DAGs
[2024-10-20T19:23:25.292-0300] {logging_mixin.py:190} INFO - [2024-10-20T19:23:25.292-0300] {dag.py:4180} INFO - Setting next_dagrun for tutorial to 2024-10-19 00:00:00+00:00, run_after=2024-10-20 00:00:00+00:00
[2024-10-20T19:23:25.325-0300] {processor.py:208} INFO - Processing /mnt/c/Users/Pato_/OneDrive/Documentos/ITBA/PYTHON_DATA_APP/itba/lib/python3.10/site-packages/airflow/example_dags/tutorial.py took 0.115 seconds
[2024-10-20T19:24:29.828-0300] {processor.py:186} INFO - Started process (PID=312130) to work on /mnt/c/Users/Pato_/OneDrive/Documentos/ITBA/PYTHON_DATA_APP/itba/lib/python3.10/site-packages/airflow/example_dags/tutorial.py
[2024-10-20T19:24:29.829-0300] {processor.py:914} INFO - Processing file /mnt/c/Users/Pato_/OneDrive/Documentos/ITBA/PYTHON_DATA_APP/itba/lib/python3.10/site-packages/airflow/example_dags/tutorial.py for tasks to queue
[2024-10-20T19:24:29.831-0300] {logging_mixin.py:190} INFO - [2024-10-20T19:24:29.831-0300] {dagbag.py:588} INFO - Filling up the DagBag from /mnt/c/Users/Pato_/OneDrive/Documentos/ITBA/PYTHON_DATA_APP/itba/lib/python3.10/site-packages/airflow/example_dags/tutorial.py
[2024-10-20T19:24:29.874-0300] {processor.py:925} INFO - DAG(s) 'tutorial' retrieved from /mnt/c/Users/Pato_/OneDrive/Documentos/ITBA/PYTHON_DATA_APP/itba/lib/python3.10/site-packages/airflow/example_dags/tutorial.py
[2024-10-20T19:24:29.891-0300] {logging_mixin.py:190} INFO - [2024-10-20T19:24:29.890-0300] {dag.py:3239} INFO - Sync 1 DAGs
[2024-10-20T19:24:29.911-0300] {logging_mixin.py:190} INFO - [2024-10-20T19:24:29.910-0300] {dag.py:4180} INFO - Setting next_dagrun for tutorial to 2024-10-19 00:00:00+00:00, run_after=2024-10-20 00:00:00+00:00
[2024-10-20T19:24:29.942-0300] {processor.py:208} INFO - Processing /mnt/c/Users/Pato_/OneDrive/Documentos/ITBA/PYTHON_DATA_APP/itba/lib/python3.10/site-packages/airflow/example_dags/tutorial.py took 0.121 seconds
[2024-10-20T19:26:08.308-0300] {processor.py:186} INFO - Started process (PID=313483) to work on /mnt/c/Users/Pato_/OneDrive/Documentos/ITBA/PYTHON_DATA_APP/itba/lib/python3.10/site-packages/airflow/example_dags/tutorial.py
[2024-10-20T19:26:08.309-0300] {processor.py:914} INFO - Processing file /mnt/c/Users/Pato_/OneDrive/Documentos/ITBA/PYTHON_DATA_APP/itba/lib/python3.10/site-packages/airflow/example_dags/tutorial.py for tasks to queue
[2024-10-20T19:26:08.311-0300] {logging_mixin.py:190} INFO - [2024-10-20T19:26:08.310-0300] {dagbag.py:588} INFO - Filling up the DagBag from /mnt/c/Users/Pato_/OneDrive/Documentos/ITBA/PYTHON_DATA_APP/itba/lib/python3.10/site-packages/airflow/example_dags/tutorial.py
[2024-10-20T19:26:08.350-0300] {processor.py:925} INFO - DAG(s) 'tutorial' retrieved from /mnt/c/Users/Pato_/OneDrive/Documentos/ITBA/PYTHON_DATA_APP/itba/lib/python3.10/site-packages/airflow/example_dags/tutorial.py
[2024-10-20T19:26:08.365-0300] {logging_mixin.py:190} INFO - [2024-10-20T19:26:08.364-0300] {dag.py:3239} INFO - Sync 1 DAGs
[2024-10-20T19:26:08.382-0300] {logging_mixin.py:190} INFO - [2024-10-20T19:26:08.381-0300] {dag.py:4180} INFO - Setting next_dagrun for tutorial to 2024-10-19 00:00:00+00:00, run_after=2024-10-20 00:00:00+00:00
[2024-10-20T19:26:08.411-0300] {processor.py:208} INFO - Processing /mnt/c/Users/Pato_/OneDrive/Documentos/ITBA/PYTHON_DATA_APP/itba/lib/python3.10/site-packages/airflow/example_dags/tutorial.py took 0.110 seconds
[2024-10-20T19:27:13.362-0300] {processor.py:186} INFO - Started process (PID=314176) to work on /mnt/c/Users/Pato_/OneDrive/Documentos/ITBA/PYTHON_DATA_APP/itba/lib/python3.10/site-packages/airflow/example_dags/tutorial.py
[2024-10-20T19:27:13.363-0300] {processor.py:914} INFO - Processing file /mnt/c/Users/Pato_/OneDrive/Documentos/ITBA/PYTHON_DATA_APP/itba/lib/python3.10/site-packages/airflow/example_dags/tutorial.py for tasks to queue
[2024-10-20T19:27:13.365-0300] {logging_mixin.py:190} INFO - [2024-10-20T19:27:13.364-0300] {dagbag.py:588} INFO - Filling up the DagBag from /mnt/c/Users/Pato_/OneDrive/Documentos/ITBA/PYTHON_DATA_APP/itba/lib/python3.10/site-packages/airflow/example_dags/tutorial.py
[2024-10-20T19:27:13.407-0300] {processor.py:925} INFO - DAG(s) 'tutorial' retrieved from /mnt/c/Users/Pato_/OneDrive/Documentos/ITBA/PYTHON_DATA_APP/itba/lib/python3.10/site-packages/airflow/example_dags/tutorial.py
[2024-10-20T19:27:13.422-0300] {logging_mixin.py:190} INFO - [2024-10-20T19:27:13.422-0300] {dag.py:3239} INFO - Sync 1 DAGs
[2024-10-20T19:27:13.440-0300] {logging_mixin.py:190} INFO - [2024-10-20T19:27:13.439-0300] {dag.py:4180} INFO - Setting next_dagrun for tutorial to 2024-10-19 00:00:00+00:00, run_after=2024-10-20 00:00:00+00:00
[2024-10-20T19:27:13.469-0300] {processor.py:208} INFO - Processing /mnt/c/Users/Pato_/OneDrive/Documentos/ITBA/PYTHON_DATA_APP/itba/lib/python3.10/site-packages/airflow/example_dags/tutorial.py took 0.115 seconds
[2024-10-20T19:28:20.957-0300] {processor.py:186} INFO - Started process (PID=315032) to work on /mnt/c/Users/Pato_/OneDrive/Documentos/ITBA/PYTHON_DATA_APP/itba/lib/python3.10/site-packages/airflow/example_dags/tutorial.py
[2024-10-20T19:28:20.958-0300] {processor.py:914} INFO - Processing file /mnt/c/Users/Pato_/OneDrive/Documentos/ITBA/PYTHON_DATA_APP/itba/lib/python3.10/site-packages/airflow/example_dags/tutorial.py for tasks to queue
[2024-10-20T19:28:20.960-0300] {logging_mixin.py:190} INFO - [2024-10-20T19:28:20.959-0300] {dagbag.py:588} INFO - Filling up the DagBag from /mnt/c/Users/Pato_/OneDrive/Documentos/ITBA/PYTHON_DATA_APP/itba/lib/python3.10/site-packages/airflow/example_dags/tutorial.py
[2024-10-20T19:28:21.000-0300] {processor.py:925} INFO - DAG(s) 'tutorial' retrieved from /mnt/c/Users/Pato_/OneDrive/Documentos/ITBA/PYTHON_DATA_APP/itba/lib/python3.10/site-packages/airflow/example_dags/tutorial.py
[2024-10-20T19:28:21.014-0300] {logging_mixin.py:190} INFO - [2024-10-20T19:28:21.013-0300] {dag.py:3239} INFO - Sync 1 DAGs
[2024-10-20T19:28:21.031-0300] {logging_mixin.py:190} INFO - [2024-10-20T19:28:21.030-0300] {dag.py:4180} INFO - Setting next_dagrun for tutorial to 2024-10-19 00:00:00+00:00, run_after=2024-10-20 00:00:00+00:00
[2024-10-20T19:28:21.060-0300] {processor.py:208} INFO - Processing /mnt/c/Users/Pato_/OneDrive/Documentos/ITBA/PYTHON_DATA_APP/itba/lib/python3.10/site-packages/airflow/example_dags/tutorial.py took 0.110 seconds
[2024-10-20T19:29:27.581-0300] {processor.py:186} INFO - Started process (PID=315769) to work on /mnt/c/Users/Pato_/OneDrive/Documentos/ITBA/PYTHON_DATA_APP/itba/lib/python3.10/site-packages/airflow/example_dags/tutorial.py
[2024-10-20T19:29:27.582-0300] {processor.py:914} INFO - Processing file /mnt/c/Users/Pato_/OneDrive/Documentos/ITBA/PYTHON_DATA_APP/itba/lib/python3.10/site-packages/airflow/example_dags/tutorial.py for tasks to queue
[2024-10-20T19:29:27.584-0300] {logging_mixin.py:190} INFO - [2024-10-20T19:29:27.583-0300] {dagbag.py:588} INFO - Filling up the DagBag from /mnt/c/Users/Pato_/OneDrive/Documentos/ITBA/PYTHON_DATA_APP/itba/lib/python3.10/site-packages/airflow/example_dags/tutorial.py
[2024-10-20T19:29:27.623-0300] {processor.py:925} INFO - DAG(s) 'tutorial' retrieved from /mnt/c/Users/Pato_/OneDrive/Documentos/ITBA/PYTHON_DATA_APP/itba/lib/python3.10/site-packages/airflow/example_dags/tutorial.py
[2024-10-20T19:29:27.638-0300] {logging_mixin.py:190} INFO - [2024-10-20T19:29:27.638-0300] {dag.py:3239} INFO - Sync 1 DAGs
[2024-10-20T19:29:27.662-0300] {logging_mixin.py:190} INFO - [2024-10-20T19:29:27.661-0300] {dag.py:4180} INFO - Setting next_dagrun for tutorial to 2024-10-19 00:00:00+00:00, run_after=2024-10-20 00:00:00+00:00
[2024-10-20T19:29:27.694-0300] {processor.py:208} INFO - Processing /mnt/c/Users/Pato_/OneDrive/Documentos/ITBA/PYTHON_DATA_APP/itba/lib/python3.10/site-packages/airflow/example_dags/tutorial.py took 0.121 seconds
[2024-10-20T19:30:40.984-0300] {processor.py:186} INFO - Started process (PID=316436) to work on /mnt/c/Users/Pato_/OneDrive/Documentos/ITBA/PYTHON_DATA_APP/itba/lib/python3.10/site-packages/airflow/example_dags/tutorial.py
[2024-10-20T19:30:40.985-0300] {processor.py:914} INFO - Processing file /mnt/c/Users/Pato_/OneDrive/Documentos/ITBA/PYTHON_DATA_APP/itba/lib/python3.10/site-packages/airflow/example_dags/tutorial.py for tasks to queue
[2024-10-20T19:30:40.987-0300] {logging_mixin.py:190} INFO - [2024-10-20T19:30:40.987-0300] {dagbag.py:588} INFO - Filling up the DagBag from /mnt/c/Users/Pato_/OneDrive/Documentos/ITBA/PYTHON_DATA_APP/itba/lib/python3.10/site-packages/airflow/example_dags/tutorial.py
[2024-10-20T19:30:41.029-0300] {processor.py:925} INFO - DAG(s) 'tutorial' retrieved from /mnt/c/Users/Pato_/OneDrive/Documentos/ITBA/PYTHON_DATA_APP/itba/lib/python3.10/site-packages/airflow/example_dags/tutorial.py
[2024-10-20T19:30:41.044-0300] {logging_mixin.py:190} INFO - [2024-10-20T19:30:41.044-0300] {dag.py:3239} INFO - Sync 1 DAGs
[2024-10-20T19:30:41.061-0300] {logging_mixin.py:190} INFO - [2024-10-20T19:30:41.061-0300] {dag.py:4180} INFO - Setting next_dagrun for tutorial to 2024-10-19 00:00:00+00:00, run_after=2024-10-20 00:00:00+00:00
[2024-10-20T19:30:41.091-0300] {processor.py:208} INFO - Processing /mnt/c/Users/Pato_/OneDrive/Documentos/ITBA/PYTHON_DATA_APP/itba/lib/python3.10/site-packages/airflow/example_dags/tutorial.py took 0.114 seconds
[2024-10-20T19:31:47.484-0300] {processor.py:186} INFO - Started process (PID=316957) to work on /mnt/c/Users/Pato_/OneDrive/Documentos/ITBA/PYTHON_DATA_APP/itba/lib/python3.10/site-packages/airflow/example_dags/tutorial.py
[2024-10-20T19:31:47.485-0300] {processor.py:914} INFO - Processing file /mnt/c/Users/Pato_/OneDrive/Documentos/ITBA/PYTHON_DATA_APP/itba/lib/python3.10/site-packages/airflow/example_dags/tutorial.py for tasks to queue
[2024-10-20T19:31:47.488-0300] {logging_mixin.py:190} INFO - [2024-10-20T19:31:47.487-0300] {dagbag.py:588} INFO - Filling up the DagBag from /mnt/c/Users/Pato_/OneDrive/Documentos/ITBA/PYTHON_DATA_APP/itba/lib/python3.10/site-packages/airflow/example_dags/tutorial.py
[2024-10-20T19:31:47.531-0300] {processor.py:925} INFO - DAG(s) 'tutorial' retrieved from /mnt/c/Users/Pato_/OneDrive/Documentos/ITBA/PYTHON_DATA_APP/itba/lib/python3.10/site-packages/airflow/example_dags/tutorial.py
[2024-10-20T19:31:47.546-0300] {logging_mixin.py:190} INFO - [2024-10-20T19:31:47.546-0300] {dag.py:3239} INFO - Sync 1 DAGs
[2024-10-20T19:31:47.563-0300] {logging_mixin.py:190} INFO - [2024-10-20T19:31:47.563-0300] {dag.py:4180} INFO - Setting next_dagrun for tutorial to 2024-10-19 00:00:00+00:00, run_after=2024-10-20 00:00:00+00:00
[2024-10-20T19:31:47.592-0300] {processor.py:208} INFO - Processing /mnt/c/Users/Pato_/OneDrive/Documentos/ITBA/PYTHON_DATA_APP/itba/lib/python3.10/site-packages/airflow/example_dags/tutorial.py took 0.115 seconds
[2024-10-20T19:32:53.869-0300] {processor.py:186} INFO - Started process (PID=317474) to work on /mnt/c/Users/Pato_/OneDrive/Documentos/ITBA/PYTHON_DATA_APP/itba/lib/python3.10/site-packages/airflow/example_dags/tutorial.py
[2024-10-20T19:32:53.870-0300] {processor.py:914} INFO - Processing file /mnt/c/Users/Pato_/OneDrive/Documentos/ITBA/PYTHON_DATA_APP/itba/lib/python3.10/site-packages/airflow/example_dags/tutorial.py for tasks to queue
[2024-10-20T19:32:53.872-0300] {logging_mixin.py:190} INFO - [2024-10-20T19:32:53.871-0300] {dagbag.py:588} INFO - Filling up the DagBag from /mnt/c/Users/Pato_/OneDrive/Documentos/ITBA/PYTHON_DATA_APP/itba/lib/python3.10/site-packages/airflow/example_dags/tutorial.py
[2024-10-20T19:32:53.913-0300] {processor.py:925} INFO - DAG(s) 'tutorial' retrieved from /mnt/c/Users/Pato_/OneDrive/Documentos/ITBA/PYTHON_DATA_APP/itba/lib/python3.10/site-packages/airflow/example_dags/tutorial.py
[2024-10-20T19:32:53.927-0300] {logging_mixin.py:190} INFO - [2024-10-20T19:32:53.927-0300] {dag.py:3239} INFO - Sync 1 DAGs
[2024-10-20T19:32:53.945-0300] {logging_mixin.py:190} INFO - [2024-10-20T19:32:53.944-0300] {dag.py:4180} INFO - Setting next_dagrun for tutorial to 2024-10-19 00:00:00+00:00, run_after=2024-10-20 00:00:00+00:00
[2024-10-20T19:32:53.974-0300] {processor.py:208} INFO - Processing /mnt/c/Users/Pato_/OneDrive/Documentos/ITBA/PYTHON_DATA_APP/itba/lib/python3.10/site-packages/airflow/example_dags/tutorial.py took 0.112 seconds
[2024-10-20T19:34:00.191-0300] {processor.py:186} INFO - Started process (PID=318141) to work on /mnt/c/Users/Pato_/OneDrive/Documentos/ITBA/PYTHON_DATA_APP/itba/lib/python3.10/site-packages/airflow/example_dags/tutorial.py
[2024-10-20T19:34:00.192-0300] {processor.py:914} INFO - Processing file /mnt/c/Users/Pato_/OneDrive/Documentos/ITBA/PYTHON_DATA_APP/itba/lib/python3.10/site-packages/airflow/example_dags/tutorial.py for tasks to queue
[2024-10-20T19:34:00.194-0300] {logging_mixin.py:190} INFO - [2024-10-20T19:34:00.193-0300] {dagbag.py:588} INFO - Filling up the DagBag from /mnt/c/Users/Pato_/OneDrive/Documentos/ITBA/PYTHON_DATA_APP/itba/lib/python3.10/site-packages/airflow/example_dags/tutorial.py
[2024-10-20T19:34:00.232-0300] {processor.py:925} INFO - DAG(s) 'tutorial' retrieved from /mnt/c/Users/Pato_/OneDrive/Documentos/ITBA/PYTHON_DATA_APP/itba/lib/python3.10/site-packages/airflow/example_dags/tutorial.py
[2024-10-20T19:34:00.248-0300] {logging_mixin.py:190} INFO - [2024-10-20T19:34:00.247-0300] {dag.py:3239} INFO - Sync 1 DAGs
[2024-10-20T19:34:00.265-0300] {logging_mixin.py:190} INFO - [2024-10-20T19:34:00.264-0300] {dag.py:4180} INFO - Setting next_dagrun for tutorial to 2024-10-19 00:00:00+00:00, run_after=2024-10-20 00:00:00+00:00
[2024-10-20T19:34:00.294-0300] {processor.py:208} INFO - Processing /mnt/c/Users/Pato_/OneDrive/Documentos/ITBA/PYTHON_DATA_APP/itba/lib/python3.10/site-packages/airflow/example_dags/tutorial.py took 0.110 seconds
[2024-10-20T19:35:10.078-0300] {processor.py:186} INFO - Started process (PID=318910) to work on /mnt/c/Users/Pato_/OneDrive/Documentos/ITBA/PYTHON_DATA_APP/itba/lib/python3.10/site-packages/airflow/example_dags/tutorial.py
[2024-10-20T19:35:10.080-0300] {processor.py:914} INFO - Processing file /mnt/c/Users/Pato_/OneDrive/Documentos/ITBA/PYTHON_DATA_APP/itba/lib/python3.10/site-packages/airflow/example_dags/tutorial.py for tasks to queue
[2024-10-20T19:35:10.082-0300] {logging_mixin.py:190} INFO - [2024-10-20T19:35:10.081-0300] {dagbag.py:588} INFO - Filling up the DagBag from /mnt/c/Users/Pato_/OneDrive/Documentos/ITBA/PYTHON_DATA_APP/itba/lib/python3.10/site-packages/airflow/example_dags/tutorial.py
[2024-10-20T19:35:10.123-0300] {processor.py:925} INFO - DAG(s) 'tutorial' retrieved from /mnt/c/Users/Pato_/OneDrive/Documentos/ITBA/PYTHON_DATA_APP/itba/lib/python3.10/site-packages/airflow/example_dags/tutorial.py
[2024-10-20T19:35:10.139-0300] {logging_mixin.py:190} INFO - [2024-10-20T19:35:10.138-0300] {dag.py:3239} INFO - Sync 1 DAGs
[2024-10-20T19:35:10.157-0300] {logging_mixin.py:190} INFO - [2024-10-20T19:35:10.157-0300] {dag.py:4180} INFO - Setting next_dagrun for tutorial to 2024-10-19 00:00:00+00:00, run_after=2024-10-20 00:00:00+00:00
[2024-10-20T19:35:10.187-0300] {processor.py:208} INFO - Processing /mnt/c/Users/Pato_/OneDrive/Documentos/ITBA/PYTHON_DATA_APP/itba/lib/python3.10/site-packages/airflow/example_dags/tutorial.py took 0.116 seconds
[2024-10-20T19:36:19.171-0300] {processor.py:186} INFO - Started process (PID=319501) to work on /mnt/c/Users/Pato_/OneDrive/Documentos/ITBA/PYTHON_DATA_APP/itba/lib/python3.10/site-packages/airflow/example_dags/tutorial.py
[2024-10-20T19:36:19.172-0300] {processor.py:914} INFO - Processing file /mnt/c/Users/Pato_/OneDrive/Documentos/ITBA/PYTHON_DATA_APP/itba/lib/python3.10/site-packages/airflow/example_dags/tutorial.py for tasks to queue
[2024-10-20T19:36:19.174-0300] {logging_mixin.py:190} INFO - [2024-10-20T19:36:19.173-0300] {dagbag.py:588} INFO - Filling up the DagBag from /mnt/c/Users/Pato_/OneDrive/Documentos/ITBA/PYTHON_DATA_APP/itba/lib/python3.10/site-packages/airflow/example_dags/tutorial.py
[2024-10-20T19:36:19.213-0300] {processor.py:925} INFO - DAG(s) 'tutorial' retrieved from /mnt/c/Users/Pato_/OneDrive/Documentos/ITBA/PYTHON_DATA_APP/itba/lib/python3.10/site-packages/airflow/example_dags/tutorial.py
[2024-10-20T19:36:19.228-0300] {logging_mixin.py:190} INFO - [2024-10-20T19:36:19.227-0300] {dag.py:3239} INFO - Sync 1 DAGs
[2024-10-20T19:36:19.244-0300] {logging_mixin.py:190} INFO - [2024-10-20T19:36:19.244-0300] {dag.py:4180} INFO - Setting next_dagrun for tutorial to 2024-10-19 00:00:00+00:00, run_after=2024-10-20 00:00:00+00:00
[2024-10-20T19:36:19.272-0300] {processor.py:208} INFO - Processing /mnt/c/Users/Pato_/OneDrive/Documentos/ITBA/PYTHON_DATA_APP/itba/lib/python3.10/site-packages/airflow/example_dags/tutorial.py took 0.108 seconds
[2024-10-20T19:37:28.396-0300] {processor.py:186} INFO - Started process (PID=320040) to work on /mnt/c/Users/Pato_/OneDrive/Documentos/ITBA/PYTHON_DATA_APP/itba/lib/python3.10/site-packages/airflow/example_dags/tutorial.py
[2024-10-20T19:37:28.397-0300] {processor.py:914} INFO - Processing file /mnt/c/Users/Pato_/OneDrive/Documentos/ITBA/PYTHON_DATA_APP/itba/lib/python3.10/site-packages/airflow/example_dags/tutorial.py for tasks to queue
[2024-10-20T19:37:28.399-0300] {logging_mixin.py:190} INFO - [2024-10-20T19:37:28.399-0300] {dagbag.py:588} INFO - Filling up the DagBag from /mnt/c/Users/Pato_/OneDrive/Documentos/ITBA/PYTHON_DATA_APP/itba/lib/python3.10/site-packages/airflow/example_dags/tutorial.py
[2024-10-20T19:37:28.439-0300] {processor.py:925} INFO - DAG(s) 'tutorial' retrieved from /mnt/c/Users/Pato_/OneDrive/Documentos/ITBA/PYTHON_DATA_APP/itba/lib/python3.10/site-packages/airflow/example_dags/tutorial.py
[2024-10-20T19:37:28.454-0300] {logging_mixin.py:190} INFO - [2024-10-20T19:37:28.454-0300] {dag.py:3239} INFO - Sync 1 DAGs
[2024-10-20T19:37:28.471-0300] {logging_mixin.py:190} INFO - [2024-10-20T19:37:28.471-0300] {dag.py:4180} INFO - Setting next_dagrun for tutorial to 2024-10-19 00:00:00+00:00, run_after=2024-10-20 00:00:00+00:00
[2024-10-20T19:37:28.501-0300] {processor.py:208} INFO - Processing /mnt/c/Users/Pato_/OneDrive/Documentos/ITBA/PYTHON_DATA_APP/itba/lib/python3.10/site-packages/airflow/example_dags/tutorial.py took 0.111 seconds
[2024-10-20T19:38:33.255-0300] {processor.py:186} INFO - Started process (PID=320548) to work on /mnt/c/Users/Pato_/OneDrive/Documentos/ITBA/PYTHON_DATA_APP/itba/lib/python3.10/site-packages/airflow/example_dags/tutorial.py
[2024-10-20T19:38:33.256-0300] {processor.py:914} INFO - Processing file /mnt/c/Users/Pato_/OneDrive/Documentos/ITBA/PYTHON_DATA_APP/itba/lib/python3.10/site-packages/airflow/example_dags/tutorial.py for tasks to queue
[2024-10-20T19:38:33.258-0300] {logging_mixin.py:190} INFO - [2024-10-20T19:38:33.257-0300] {dagbag.py:588} INFO - Filling up the DagBag from /mnt/c/Users/Pato_/OneDrive/Documentos/ITBA/PYTHON_DATA_APP/itba/lib/python3.10/site-packages/airflow/example_dags/tutorial.py
[2024-10-20T19:38:33.298-0300] {processor.py:925} INFO - DAG(s) 'tutorial' retrieved from /mnt/c/Users/Pato_/OneDrive/Documentos/ITBA/PYTHON_DATA_APP/itba/lib/python3.10/site-packages/airflow/example_dags/tutorial.py
[2024-10-20T19:38:33.313-0300] {logging_mixin.py:190} INFO - [2024-10-20T19:38:33.313-0300] {dag.py:3239} INFO - Sync 1 DAGs
[2024-10-20T19:38:33.331-0300] {logging_mixin.py:190} INFO - [2024-10-20T19:38:33.331-0300] {dag.py:4180} INFO - Setting next_dagrun for tutorial to 2024-10-19 00:00:00+00:00, run_after=2024-10-20 00:00:00+00:00
[2024-10-20T19:38:33.360-0300] {processor.py:208} INFO - Processing /mnt/c/Users/Pato_/OneDrive/Documentos/ITBA/PYTHON_DATA_APP/itba/lib/python3.10/site-packages/airflow/example_dags/tutorial.py took 0.112 seconds
[2024-10-20T19:39:40.370-0300] {processor.py:186} INFO - Started process (PID=321141) to work on /mnt/c/Users/Pato_/OneDrive/Documentos/ITBA/PYTHON_DATA_APP/itba/lib/python3.10/site-packages/airflow/example_dags/tutorial.py
[2024-10-20T19:39:40.371-0300] {processor.py:914} INFO - Processing file /mnt/c/Users/Pato_/OneDrive/Documentos/ITBA/PYTHON_DATA_APP/itba/lib/python3.10/site-packages/airflow/example_dags/tutorial.py for tasks to queue
[2024-10-20T19:39:40.373-0300] {logging_mixin.py:190} INFO - [2024-10-20T19:39:40.372-0300] {dagbag.py:588} INFO - Filling up the DagBag from /mnt/c/Users/Pato_/OneDrive/Documentos/ITBA/PYTHON_DATA_APP/itba/lib/python3.10/site-packages/airflow/example_dags/tutorial.py
[2024-10-20T19:39:40.411-0300] {processor.py:925} INFO - DAG(s) 'tutorial' retrieved from /mnt/c/Users/Pato_/OneDrive/Documentos/ITBA/PYTHON_DATA_APP/itba/lib/python3.10/site-packages/airflow/example_dags/tutorial.py
[2024-10-20T19:39:40.425-0300] {logging_mixin.py:190} INFO - [2024-10-20T19:39:40.424-0300] {dag.py:3239} INFO - Sync 1 DAGs
[2024-10-20T19:39:40.442-0300] {logging_mixin.py:190} INFO - [2024-10-20T19:39:40.441-0300] {dag.py:4180} INFO - Setting next_dagrun for tutorial to 2024-10-19 00:00:00+00:00, run_after=2024-10-20 00:00:00+00:00
[2024-10-20T19:39:40.471-0300] {processor.py:208} INFO - Processing /mnt/c/Users/Pato_/OneDrive/Documentos/ITBA/PYTHON_DATA_APP/itba/lib/python3.10/site-packages/airflow/example_dags/tutorial.py took 0.108 seconds
[2024-10-20T19:40:44.629-0300] {processor.py:186} INFO - Started process (PID=321962) to work on /mnt/c/Users/Pato_/OneDrive/Documentos/ITBA/PYTHON_DATA_APP/itba/lib/python3.10/site-packages/airflow/example_dags/tutorial.py
[2024-10-20T19:40:44.630-0300] {processor.py:914} INFO - Processing file /mnt/c/Users/Pato_/OneDrive/Documentos/ITBA/PYTHON_DATA_APP/itba/lib/python3.10/site-packages/airflow/example_dags/tutorial.py for tasks to queue
[2024-10-20T19:40:44.632-0300] {logging_mixin.py:190} INFO - [2024-10-20T19:40:44.631-0300] {dagbag.py:588} INFO - Filling up the DagBag from /mnt/c/Users/Pato_/OneDrive/Documentos/ITBA/PYTHON_DATA_APP/itba/lib/python3.10/site-packages/airflow/example_dags/tutorial.py
[2024-10-20T19:40:44.671-0300] {processor.py:925} INFO - DAG(s) 'tutorial' retrieved from /mnt/c/Users/Pato_/OneDrive/Documentos/ITBA/PYTHON_DATA_APP/itba/lib/python3.10/site-packages/airflow/example_dags/tutorial.py
[2024-10-20T19:40:44.686-0300] {logging_mixin.py:190} INFO - [2024-10-20T19:40:44.685-0300] {dag.py:3239} INFO - Sync 1 DAGs
[2024-10-20T19:40:44.703-0300] {logging_mixin.py:190} INFO - [2024-10-20T19:40:44.703-0300] {dag.py:4180} INFO - Setting next_dagrun for tutorial to 2024-10-19 00:00:00+00:00, run_after=2024-10-20 00:00:00+00:00
[2024-10-20T19:40:44.733-0300] {processor.py:208} INFO - Processing /mnt/c/Users/Pato_/OneDrive/Documentos/ITBA/PYTHON_DATA_APP/itba/lib/python3.10/site-packages/airflow/example_dags/tutorial.py took 0.111 seconds
[2024-10-20T19:41:53.485-0300] {processor.py:186} INFO - Started process (PID=322501) to work on /mnt/c/Users/Pato_/OneDrive/Documentos/ITBA/PYTHON_DATA_APP/itba/lib/python3.10/site-packages/airflow/example_dags/tutorial.py
[2024-10-20T19:41:53.486-0300] {processor.py:914} INFO - Processing file /mnt/c/Users/Pato_/OneDrive/Documentos/ITBA/PYTHON_DATA_APP/itba/lib/python3.10/site-packages/airflow/example_dags/tutorial.py for tasks to queue
[2024-10-20T19:41:53.488-0300] {logging_mixin.py:190} INFO - [2024-10-20T19:41:53.488-0300] {dagbag.py:588} INFO - Filling up the DagBag from /mnt/c/Users/Pato_/OneDrive/Documentos/ITBA/PYTHON_DATA_APP/itba/lib/python3.10/site-packages/airflow/example_dags/tutorial.py
[2024-10-20T19:41:53.527-0300] {processor.py:925} INFO - DAG(s) 'tutorial' retrieved from /mnt/c/Users/Pato_/OneDrive/Documentos/ITBA/PYTHON_DATA_APP/itba/lib/python3.10/site-packages/airflow/example_dags/tutorial.py
[2024-10-20T19:41:53.544-0300] {logging_mixin.py:190} INFO - [2024-10-20T19:41:53.543-0300] {dag.py:3239} INFO - Sync 1 DAGs
[2024-10-20T19:41:53.562-0300] {logging_mixin.py:190} INFO - [2024-10-20T19:41:53.562-0300] {dag.py:4180} INFO - Setting next_dagrun for tutorial to 2024-10-19 00:00:00+00:00, run_after=2024-10-20 00:00:00+00:00
[2024-10-20T19:41:53.591-0300] {processor.py:208} INFO - Processing /mnt/c/Users/Pato_/OneDrive/Documentos/ITBA/PYTHON_DATA_APP/itba/lib/python3.10/site-packages/airflow/example_dags/tutorial.py took 0.113 seconds
