[2024-10-20T19:00:00.947-0300] {processor.py:186} INFO - Started process (PID=298523) to work on /mnt/c/Users/Pato_/OneDrive/Documentos/ITBA/PYTHON_DATA_APP/itba/lib/python3.10/site-packages/airflow/example_dags/tutorial_objectstorage.py
[2024-10-20T19:00:00.948-0300] {processor.py:914} INFO - Processing file /mnt/c/Users/Pato_/OneDrive/Documentos/ITBA/PYTHON_DATA_APP/itba/lib/python3.10/site-packages/airflow/example_dags/tutorial_objectstorage.py for tasks to queue
[2024-10-20T19:00:00.950-0300] {logging_mixin.py:190} INFO - [2024-10-20T19:00:00.949-0300] {dagbag.py:588} INFO - Filling up the DagBag from /mnt/c/Users/Pato_/OneDrive/Documentos/ITBA/PYTHON_DATA_APP/itba/lib/python3.10/site-packages/airflow/example_dags/tutorial_objectstorage.py
[2024-10-20T19:00:01.010-0300] {processor.py:925} INFO - DAG(s) 'tutorial_objectstorage' retrieved from /mnt/c/Users/Pato_/OneDrive/Documentos/ITBA/PYTHON_DATA_APP/itba/lib/python3.10/site-packages/airflow/example_dags/tutorial_objectstorage.py
[2024-10-20T19:00:01.790-0300] {logging_mixin.py:190} INFO - [2024-10-20T19:00:01.789-0300] {override.py:1907} INFO - Created Permission View: can read on DAG:tutorial_objectstorage
[2024-10-20T19:00:01.810-0300] {logging_mixin.py:190} INFO - [2024-10-20T19:00:01.809-0300] {override.py:1907} INFO - Created Permission View: can delete on DAG:tutorial_objectstorage
[2024-10-20T19:00:01.828-0300] {logging_mixin.py:190} INFO - [2024-10-20T19:00:01.827-0300] {override.py:1907} INFO - Created Permission View: can edit on DAG:tutorial_objectstorage
[2024-10-20T19:00:01.857-0300] {logging_mixin.py:190} INFO - [2024-10-20T19:00:01.856-0300] {override.py:1907} INFO - Created Permission View: can read on DAG Run:tutorial_objectstorage
[2024-10-20T19:00:01.874-0300] {logging_mixin.py:190} INFO - [2024-10-20T19:00:01.874-0300] {override.py:1907} INFO - Created Permission View: can delete on DAG Run:tutorial_objectstorage
[2024-10-20T19:00:01.892-0300] {logging_mixin.py:190} INFO - [2024-10-20T19:00:01.892-0300] {override.py:1907} INFO - Created Permission View: can create on DAG Run:tutorial_objectstorage
[2024-10-20T19:00:01.910-0300] {logging_mixin.py:190} INFO - [2024-10-20T19:00:01.909-0300] {override.py:1907} INFO - Created Permission View: menu access on DAG Run:tutorial_objectstorage
[2024-10-20T19:00:01.911-0300] {logging_mixin.py:190} INFO - [2024-10-20T19:00:01.911-0300] {dag.py:3239} INFO - Sync 1 DAGs
[2024-10-20T19:00:01.921-0300] {logging_mixin.py:190} INFO - [2024-10-20T19:00:01.921-0300] {dag.py:3262} INFO - Creating ORM DAG for tutorial_objectstorage
[2024-10-20T19:00:01.922-0300] {logging_mixin.py:190} INFO - [2024-10-20T19:00:01.922-0300] {dag.py:4180} INFO - Setting next_dagrun for tutorial_objectstorage to None, run_after=None
[2024-10-20T19:00:01.953-0300] {processor.py:208} INFO - Processing /mnt/c/Users/Pato_/OneDrive/Documentos/ITBA/PYTHON_DATA_APP/itba/lib/python3.10/site-packages/airflow/example_dags/tutorial_objectstorage.py took 1.013 seconds
[2024-10-20T19:02:28.461-0300] {processor.py:186} INFO - Started process (PID=299801) to work on /mnt/c/Users/Pato_/OneDrive/Documentos/ITBA/PYTHON_DATA_APP/itba/lib/python3.10/site-packages/airflow/example_dags/tutorial_objectstorage.py
[2024-10-20T19:02:28.462-0300] {processor.py:914} INFO - Processing file /mnt/c/Users/Pato_/OneDrive/Documentos/ITBA/PYTHON_DATA_APP/itba/lib/python3.10/site-packages/airflow/example_dags/tutorial_objectstorage.py for tasks to queue
[2024-10-20T19:02:28.464-0300] {logging_mixin.py:190} INFO - [2024-10-20T19:02:28.464-0300] {dagbag.py:588} INFO - Filling up the DagBag from /mnt/c/Users/Pato_/OneDrive/Documentos/ITBA/PYTHON_DATA_APP/itba/lib/python3.10/site-packages/airflow/example_dags/tutorial_objectstorage.py
[2024-10-20T19:02:28.508-0300] {processor.py:925} INFO - DAG(s) 'tutorial_objectstorage' retrieved from /mnt/c/Users/Pato_/OneDrive/Documentos/ITBA/PYTHON_DATA_APP/itba/lib/python3.10/site-packages/airflow/example_dags/tutorial_objectstorage.py
[2024-10-20T19:02:28.523-0300] {logging_mixin.py:190} INFO - [2024-10-20T19:02:28.522-0300] {dag.py:3239} INFO - Sync 1 DAGs
[2024-10-20T19:02:28.532-0300] {logging_mixin.py:190} INFO - [2024-10-20T19:02:28.532-0300] {dag.py:4180} INFO - Setting next_dagrun for tutorial_objectstorage to None, run_after=None
[2024-10-20T19:02:28.564-0300] {processor.py:208} INFO - Processing /mnt/c/Users/Pato_/OneDrive/Documentos/ITBA/PYTHON_DATA_APP/itba/lib/python3.10/site-packages/airflow/example_dags/tutorial_objectstorage.py took 0.110 seconds
[2024-10-20T19:03:21.923-0300] {processor.py:186} INFO - Started process (PID=300223) to work on /mnt/c/Users/Pato_/OneDrive/Documentos/ITBA/PYTHON_DATA_APP/itba/lib/python3.10/site-packages/airflow/example_dags/tutorial_objectstorage.py
[2024-10-20T19:03:21.924-0300] {processor.py:914} INFO - Processing file /mnt/c/Users/Pato_/OneDrive/Documentos/ITBA/PYTHON_DATA_APP/itba/lib/python3.10/site-packages/airflow/example_dags/tutorial_objectstorage.py for tasks to queue
[2024-10-20T19:03:21.926-0300] {logging_mixin.py:190} INFO - [2024-10-20T19:03:21.926-0300] {dagbag.py:588} INFO - Filling up the DagBag from /mnt/c/Users/Pato_/OneDrive/Documentos/ITBA/PYTHON_DATA_APP/itba/lib/python3.10/site-packages/airflow/example_dags/tutorial_objectstorage.py
[2024-10-20T19:03:21.969-0300] {processor.py:925} INFO - DAG(s) 'tutorial_objectstorage' retrieved from /mnt/c/Users/Pato_/OneDrive/Documentos/ITBA/PYTHON_DATA_APP/itba/lib/python3.10/site-packages/airflow/example_dags/tutorial_objectstorage.py
[2024-10-20T19:03:21.985-0300] {logging_mixin.py:190} INFO - [2024-10-20T19:03:21.985-0300] {dag.py:3239} INFO - Sync 1 DAGs
[2024-10-20T19:03:21.995-0300] {logging_mixin.py:190} INFO - [2024-10-20T19:03:21.994-0300] {dag.py:4180} INFO - Setting next_dagrun for tutorial_objectstorage to None, run_after=None
[2024-10-20T19:03:22.028-0300] {processor.py:208} INFO - Processing /mnt/c/Users/Pato_/OneDrive/Documentos/ITBA/PYTHON_DATA_APP/itba/lib/python3.10/site-packages/airflow/example_dags/tutorial_objectstorage.py took 0.112 seconds
[2024-10-20T19:04:33.459-0300] {processor.py:186} INFO - Started process (PID=300905) to work on /mnt/c/Users/Pato_/OneDrive/Documentos/ITBA/PYTHON_DATA_APP/itba/lib/python3.10/site-packages/airflow/example_dags/tutorial_objectstorage.py
[2024-10-20T19:04:33.460-0300] {processor.py:914} INFO - Processing file /mnt/c/Users/Pato_/OneDrive/Documentos/ITBA/PYTHON_DATA_APP/itba/lib/python3.10/site-packages/airflow/example_dags/tutorial_objectstorage.py for tasks to queue
[2024-10-20T19:04:33.462-0300] {logging_mixin.py:190} INFO - [2024-10-20T19:04:33.462-0300] {dagbag.py:588} INFO - Filling up the DagBag from /mnt/c/Users/Pato_/OneDrive/Documentos/ITBA/PYTHON_DATA_APP/itba/lib/python3.10/site-packages/airflow/example_dags/tutorial_objectstorage.py
[2024-10-20T19:04:33.505-0300] {processor.py:925} INFO - DAG(s) 'tutorial_objectstorage' retrieved from /mnt/c/Users/Pato_/OneDrive/Documentos/ITBA/PYTHON_DATA_APP/itba/lib/python3.10/site-packages/airflow/example_dags/tutorial_objectstorage.py
[2024-10-20T19:04:33.520-0300] {logging_mixin.py:190} INFO - [2024-10-20T19:04:33.519-0300] {dag.py:3239} INFO - Sync 1 DAGs
[2024-10-20T19:04:33.529-0300] {logging_mixin.py:190} INFO - [2024-10-20T19:04:33.528-0300] {dag.py:4180} INFO - Setting next_dagrun for tutorial_objectstorage to None, run_after=None
[2024-10-20T19:04:33.560-0300] {processor.py:208} INFO - Processing /mnt/c/Users/Pato_/OneDrive/Documentos/ITBA/PYTHON_DATA_APP/itba/lib/python3.10/site-packages/airflow/example_dags/tutorial_objectstorage.py took 0.108 seconds
[2024-10-20T19:05:40.800-0300] {processor.py:186} INFO - Started process (PID=301561) to work on /mnt/c/Users/Pato_/OneDrive/Documentos/ITBA/PYTHON_DATA_APP/itba/lib/python3.10/site-packages/airflow/example_dags/tutorial_objectstorage.py
[2024-10-20T19:05:40.801-0300] {processor.py:914} INFO - Processing file /mnt/c/Users/Pato_/OneDrive/Documentos/ITBA/PYTHON_DATA_APP/itba/lib/python3.10/site-packages/airflow/example_dags/tutorial_objectstorage.py for tasks to queue
[2024-10-20T19:05:40.803-0300] {logging_mixin.py:190} INFO - [2024-10-20T19:05:40.803-0300] {dagbag.py:588} INFO - Filling up the DagBag from /mnt/c/Users/Pato_/OneDrive/Documentos/ITBA/PYTHON_DATA_APP/itba/lib/python3.10/site-packages/airflow/example_dags/tutorial_objectstorage.py
[2024-10-20T19:05:40.843-0300] {processor.py:925} INFO - DAG(s) 'tutorial_objectstorage' retrieved from /mnt/c/Users/Pato_/OneDrive/Documentos/ITBA/PYTHON_DATA_APP/itba/lib/python3.10/site-packages/airflow/example_dags/tutorial_objectstorage.py
[2024-10-20T19:05:40.857-0300] {logging_mixin.py:190} INFO - [2024-10-20T19:05:40.856-0300] {dag.py:3239} INFO - Sync 1 DAGs
[2024-10-20T19:05:40.865-0300] {logging_mixin.py:190} INFO - [2024-10-20T19:05:40.865-0300] {dag.py:4180} INFO - Setting next_dagrun for tutorial_objectstorage to None, run_after=None
[2024-10-20T19:05:40.894-0300] {processor.py:208} INFO - Processing /mnt/c/Users/Pato_/OneDrive/Documentos/ITBA/PYTHON_DATA_APP/itba/lib/python3.10/site-packages/airflow/example_dags/tutorial_objectstorage.py took 0.101 seconds
[2024-10-20T19:07:45.109-0300] {processor.py:186} INFO - Started process (PID=303455) to work on /mnt/c/Users/Pato_/OneDrive/Documentos/ITBA/PYTHON_DATA_APP/itba/lib/python3.10/site-packages/airflow/example_dags/tutorial_objectstorage.py
[2024-10-20T19:07:45.110-0300] {processor.py:914} INFO - Processing file /mnt/c/Users/Pato_/OneDrive/Documentos/ITBA/PYTHON_DATA_APP/itba/lib/python3.10/site-packages/airflow/example_dags/tutorial_objectstorage.py for tasks to queue
[2024-10-20T19:07:45.112-0300] {logging_mixin.py:190} INFO - [2024-10-20T19:07:45.111-0300] {dagbag.py:588} INFO - Filling up the DagBag from /mnt/c/Users/Pato_/OneDrive/Documentos/ITBA/PYTHON_DATA_APP/itba/lib/python3.10/site-packages/airflow/example_dags/tutorial_objectstorage.py
[2024-10-20T19:07:45.153-0300] {processor.py:925} INFO - DAG(s) 'tutorial_objectstorage' retrieved from /mnt/c/Users/Pato_/OneDrive/Documentos/ITBA/PYTHON_DATA_APP/itba/lib/python3.10/site-packages/airflow/example_dags/tutorial_objectstorage.py
[2024-10-20T19:07:45.167-0300] {logging_mixin.py:190} INFO - [2024-10-20T19:07:45.167-0300] {dag.py:3239} INFO - Sync 1 DAGs
[2024-10-20T19:07:45.176-0300] {logging_mixin.py:190} INFO - [2024-10-20T19:07:45.175-0300] {dag.py:4180} INFO - Setting next_dagrun for tutorial_objectstorage to None, run_after=None
[2024-10-20T19:07:45.205-0300] {processor.py:208} INFO - Processing /mnt/c/Users/Pato_/OneDrive/Documentos/ITBA/PYTHON_DATA_APP/itba/lib/python3.10/site-packages/airflow/example_dags/tutorial_objectstorage.py took 0.103 seconds
[2024-10-20T19:08:37.703-0300] {processor.py:186} INFO - Started process (PID=303867) to work on /mnt/c/Users/Pato_/OneDrive/Documentos/ITBA/PYTHON_DATA_APP/itba/lib/python3.10/site-packages/airflow/example_dags/tutorial_objectstorage.py
[2024-10-20T19:08:37.704-0300] {processor.py:914} INFO - Processing file /mnt/c/Users/Pato_/OneDrive/Documentos/ITBA/PYTHON_DATA_APP/itba/lib/python3.10/site-packages/airflow/example_dags/tutorial_objectstorage.py for tasks to queue
[2024-10-20T19:08:37.706-0300] {logging_mixin.py:190} INFO - [2024-10-20T19:08:37.706-0300] {dagbag.py:588} INFO - Filling up the DagBag from /mnt/c/Users/Pato_/OneDrive/Documentos/ITBA/PYTHON_DATA_APP/itba/lib/python3.10/site-packages/airflow/example_dags/tutorial_objectstorage.py
[2024-10-20T19:08:37.745-0300] {processor.py:925} INFO - DAG(s) 'tutorial_objectstorage' retrieved from /mnt/c/Users/Pato_/OneDrive/Documentos/ITBA/PYTHON_DATA_APP/itba/lib/python3.10/site-packages/airflow/example_dags/tutorial_objectstorage.py
[2024-10-20T19:08:37.759-0300] {logging_mixin.py:190} INFO - [2024-10-20T19:08:37.759-0300] {dag.py:3239} INFO - Sync 1 DAGs
[2024-10-20T19:08:37.768-0300] {logging_mixin.py:190} INFO - [2024-10-20T19:08:37.767-0300] {dag.py:4180} INFO - Setting next_dagrun for tutorial_objectstorage to None, run_after=None
[2024-10-20T19:08:37.796-0300] {processor.py:208} INFO - Processing /mnt/c/Users/Pato_/OneDrive/Documentos/ITBA/PYTHON_DATA_APP/itba/lib/python3.10/site-packages/airflow/example_dags/tutorial_objectstorage.py took 0.100 seconds
[2024-10-20T19:09:40.441-0300] {processor.py:186} INFO - Started process (PID=304419) to work on /mnt/c/Users/Pato_/OneDrive/Documentos/ITBA/PYTHON_DATA_APP/itba/lib/python3.10/site-packages/airflow/example_dags/tutorial_objectstorage.py
[2024-10-20T19:09:40.442-0300] {processor.py:914} INFO - Processing file /mnt/c/Users/Pato_/OneDrive/Documentos/ITBA/PYTHON_DATA_APP/itba/lib/python3.10/site-packages/airflow/example_dags/tutorial_objectstorage.py for tasks to queue
[2024-10-20T19:09:40.444-0300] {logging_mixin.py:190} INFO - [2024-10-20T19:09:40.443-0300] {dagbag.py:588} INFO - Filling up the DagBag from /mnt/c/Users/Pato_/OneDrive/Documentos/ITBA/PYTHON_DATA_APP/itba/lib/python3.10/site-packages/airflow/example_dags/tutorial_objectstorage.py
[2024-10-20T19:09:40.484-0300] {processor.py:925} INFO - DAG(s) 'tutorial_objectstorage' retrieved from /mnt/c/Users/Pato_/OneDrive/Documentos/ITBA/PYTHON_DATA_APP/itba/lib/python3.10/site-packages/airflow/example_dags/tutorial_objectstorage.py
[2024-10-20T19:09:40.498-0300] {logging_mixin.py:190} INFO - [2024-10-20T19:09:40.497-0300] {dag.py:3239} INFO - Sync 1 DAGs
[2024-10-20T19:09:40.506-0300] {logging_mixin.py:190} INFO - [2024-10-20T19:09:40.506-0300] {dag.py:4180} INFO - Setting next_dagrun for tutorial_objectstorage to None, run_after=None
[2024-10-20T19:09:40.535-0300] {processor.py:208} INFO - Processing /mnt/c/Users/Pato_/OneDrive/Documentos/ITBA/PYTHON_DATA_APP/itba/lib/python3.10/site-packages/airflow/example_dags/tutorial_objectstorage.py took 0.101 seconds
[2024-10-20T19:10:48.767-0300] {processor.py:186} INFO - Started process (PID=304979) to work on /mnt/c/Users/Pato_/OneDrive/Documentos/ITBA/PYTHON_DATA_APP/itba/lib/python3.10/site-packages/airflow/example_dags/tutorial_objectstorage.py
[2024-10-20T19:10:48.768-0300] {processor.py:914} INFO - Processing file /mnt/c/Users/Pato_/OneDrive/Documentos/ITBA/PYTHON_DATA_APP/itba/lib/python3.10/site-packages/airflow/example_dags/tutorial_objectstorage.py for tasks to queue
[2024-10-20T19:10:48.770-0300] {logging_mixin.py:190} INFO - [2024-10-20T19:10:48.770-0300] {dagbag.py:588} INFO - Filling up the DagBag from /mnt/c/Users/Pato_/OneDrive/Documentos/ITBA/PYTHON_DATA_APP/itba/lib/python3.10/site-packages/airflow/example_dags/tutorial_objectstorage.py
[2024-10-20T19:10:48.811-0300] {processor.py:925} INFO - DAG(s) 'tutorial_objectstorage' retrieved from /mnt/c/Users/Pato_/OneDrive/Documentos/ITBA/PYTHON_DATA_APP/itba/lib/python3.10/site-packages/airflow/example_dags/tutorial_objectstorage.py
[2024-10-20T19:10:48.825-0300] {logging_mixin.py:190} INFO - [2024-10-20T19:10:48.824-0300] {dag.py:3239} INFO - Sync 1 DAGs
[2024-10-20T19:10:48.833-0300] {logging_mixin.py:190} INFO - [2024-10-20T19:10:48.833-0300] {dag.py:4180} INFO - Setting next_dagrun for tutorial_objectstorage to None, run_after=None
[2024-10-20T19:10:48.863-0300] {processor.py:208} INFO - Processing /mnt/c/Users/Pato_/OneDrive/Documentos/ITBA/PYTHON_DATA_APP/itba/lib/python3.10/site-packages/airflow/example_dags/tutorial_objectstorage.py took 0.102 seconds
[2024-10-20T19:11:57.454-0300] {processor.py:186} INFO - Started process (PID=305517) to work on /mnt/c/Users/Pato_/OneDrive/Documentos/ITBA/PYTHON_DATA_APP/itba/lib/python3.10/site-packages/airflow/example_dags/tutorial_objectstorage.py
[2024-10-20T19:11:57.455-0300] {processor.py:914} INFO - Processing file /mnt/c/Users/Pato_/OneDrive/Documentos/ITBA/PYTHON_DATA_APP/itba/lib/python3.10/site-packages/airflow/example_dags/tutorial_objectstorage.py for tasks to queue
[2024-10-20T19:11:57.457-0300] {logging_mixin.py:190} INFO - [2024-10-20T19:11:57.456-0300] {dagbag.py:588} INFO - Filling up the DagBag from /mnt/c/Users/Pato_/OneDrive/Documentos/ITBA/PYTHON_DATA_APP/itba/lib/python3.10/site-packages/airflow/example_dags/tutorial_objectstorage.py
[2024-10-20T19:11:57.497-0300] {processor.py:925} INFO - DAG(s) 'tutorial_objectstorage' retrieved from /mnt/c/Users/Pato_/OneDrive/Documentos/ITBA/PYTHON_DATA_APP/itba/lib/python3.10/site-packages/airflow/example_dags/tutorial_objectstorage.py
[2024-10-20T19:11:57.511-0300] {logging_mixin.py:190} INFO - [2024-10-20T19:11:57.511-0300] {dag.py:3239} INFO - Sync 1 DAGs
[2024-10-20T19:11:57.520-0300] {logging_mixin.py:190} INFO - [2024-10-20T19:11:57.519-0300] {dag.py:4180} INFO - Setting next_dagrun for tutorial_objectstorage to None, run_after=None
[2024-10-20T19:11:57.549-0300] {processor.py:208} INFO - Processing /mnt/c/Users/Pato_/OneDrive/Documentos/ITBA/PYTHON_DATA_APP/itba/lib/python3.10/site-packages/airflow/example_dags/tutorial_objectstorage.py took 0.102 seconds
[2024-10-20T19:13:03.110-0300] {processor.py:186} INFO - Started process (PID=306028) to work on /mnt/c/Users/Pato_/OneDrive/Documentos/ITBA/PYTHON_DATA_APP/itba/lib/python3.10/site-packages/airflow/example_dags/tutorial_objectstorage.py
[2024-10-20T19:13:03.111-0300] {processor.py:914} INFO - Processing file /mnt/c/Users/Pato_/OneDrive/Documentos/ITBA/PYTHON_DATA_APP/itba/lib/python3.10/site-packages/airflow/example_dags/tutorial_objectstorage.py for tasks to queue
[2024-10-20T19:13:03.113-0300] {logging_mixin.py:190} INFO - [2024-10-20T19:13:03.113-0300] {dagbag.py:588} INFO - Filling up the DagBag from /mnt/c/Users/Pato_/OneDrive/Documentos/ITBA/PYTHON_DATA_APP/itba/lib/python3.10/site-packages/airflow/example_dags/tutorial_objectstorage.py
[2024-10-20T19:13:03.155-0300] {processor.py:925} INFO - DAG(s) 'tutorial_objectstorage' retrieved from /mnt/c/Users/Pato_/OneDrive/Documentos/ITBA/PYTHON_DATA_APP/itba/lib/python3.10/site-packages/airflow/example_dags/tutorial_objectstorage.py
[2024-10-20T19:13:03.170-0300] {logging_mixin.py:190} INFO - [2024-10-20T19:13:03.169-0300] {dag.py:3239} INFO - Sync 1 DAGs
[2024-10-20T19:13:03.179-0300] {logging_mixin.py:190} INFO - [2024-10-20T19:13:03.178-0300] {dag.py:4180} INFO - Setting next_dagrun for tutorial_objectstorage to None, run_after=None
[2024-10-20T19:13:03.211-0300] {processor.py:208} INFO - Processing /mnt/c/Users/Pato_/OneDrive/Documentos/ITBA/PYTHON_DATA_APP/itba/lib/python3.10/site-packages/airflow/example_dags/tutorial_objectstorage.py took 0.107 seconds
[2024-10-20T19:14:08.120-0300] {processor.py:186} INFO - Started process (PID=306536) to work on /mnt/c/Users/Pato_/OneDrive/Documentos/ITBA/PYTHON_DATA_APP/itba/lib/python3.10/site-packages/airflow/example_dags/tutorial_objectstorage.py
[2024-10-20T19:14:08.121-0300] {processor.py:914} INFO - Processing file /mnt/c/Users/Pato_/OneDrive/Documentos/ITBA/PYTHON_DATA_APP/itba/lib/python3.10/site-packages/airflow/example_dags/tutorial_objectstorage.py for tasks to queue
[2024-10-20T19:14:08.123-0300] {logging_mixin.py:190} INFO - [2024-10-20T19:14:08.123-0300] {dagbag.py:588} INFO - Filling up the DagBag from /mnt/c/Users/Pato_/OneDrive/Documentos/ITBA/PYTHON_DATA_APP/itba/lib/python3.10/site-packages/airflow/example_dags/tutorial_objectstorage.py
[2024-10-20T19:14:08.164-0300] {processor.py:925} INFO - DAG(s) 'tutorial_objectstorage' retrieved from /mnt/c/Users/Pato_/OneDrive/Documentos/ITBA/PYTHON_DATA_APP/itba/lib/python3.10/site-packages/airflow/example_dags/tutorial_objectstorage.py
[2024-10-20T19:14:08.180-0300] {logging_mixin.py:190} INFO - [2024-10-20T19:14:08.179-0300] {dag.py:3239} INFO - Sync 1 DAGs
[2024-10-20T19:14:08.190-0300] {logging_mixin.py:190} INFO - [2024-10-20T19:14:08.189-0300] {dag.py:4180} INFO - Setting next_dagrun for tutorial_objectstorage to None, run_after=None
[2024-10-20T19:14:08.220-0300] {processor.py:208} INFO - Processing /mnt/c/Users/Pato_/OneDrive/Documentos/ITBA/PYTHON_DATA_APP/itba/lib/python3.10/site-packages/airflow/example_dags/tutorial_objectstorage.py took 0.107 seconds
[2024-10-20T19:15:19.581-0300] {processor.py:186} INFO - Started process (PID=307122) to work on /mnt/c/Users/Pato_/OneDrive/Documentos/ITBA/PYTHON_DATA_APP/itba/lib/python3.10/site-packages/airflow/example_dags/tutorial_objectstorage.py
[2024-10-20T19:15:19.582-0300] {processor.py:914} INFO - Processing file /mnt/c/Users/Pato_/OneDrive/Documentos/ITBA/PYTHON_DATA_APP/itba/lib/python3.10/site-packages/airflow/example_dags/tutorial_objectstorage.py for tasks to queue
[2024-10-20T19:15:19.584-0300] {logging_mixin.py:190} INFO - [2024-10-20T19:15:19.584-0300] {dagbag.py:588} INFO - Filling up the DagBag from /mnt/c/Users/Pato_/OneDrive/Documentos/ITBA/PYTHON_DATA_APP/itba/lib/python3.10/site-packages/airflow/example_dags/tutorial_objectstorage.py
[2024-10-20T19:15:19.624-0300] {processor.py:925} INFO - DAG(s) 'tutorial_objectstorage' retrieved from /mnt/c/Users/Pato_/OneDrive/Documentos/ITBA/PYTHON_DATA_APP/itba/lib/python3.10/site-packages/airflow/example_dags/tutorial_objectstorage.py
[2024-10-20T19:15:19.638-0300] {logging_mixin.py:190} INFO - [2024-10-20T19:15:19.638-0300] {dag.py:3239} INFO - Sync 1 DAGs
[2024-10-20T19:15:19.647-0300] {logging_mixin.py:190} INFO - [2024-10-20T19:15:19.647-0300] {dag.py:4180} INFO - Setting next_dagrun for tutorial_objectstorage to None, run_after=None
[2024-10-20T19:15:19.676-0300] {processor.py:208} INFO - Processing /mnt/c/Users/Pato_/OneDrive/Documentos/ITBA/PYTHON_DATA_APP/itba/lib/python3.10/site-packages/airflow/example_dags/tutorial_objectstorage.py took 0.102 seconds
[2024-10-20T19:16:26.859-0300] {processor.py:186} INFO - Started process (PID=307650) to work on /mnt/c/Users/Pato_/OneDrive/Documentos/ITBA/PYTHON_DATA_APP/itba/lib/python3.10/site-packages/airflow/example_dags/tutorial_objectstorage.py
[2024-10-20T19:16:26.860-0300] {processor.py:914} INFO - Processing file /mnt/c/Users/Pato_/OneDrive/Documentos/ITBA/PYTHON_DATA_APP/itba/lib/python3.10/site-packages/airflow/example_dags/tutorial_objectstorage.py for tasks to queue
[2024-10-20T19:16:26.861-0300] {logging_mixin.py:190} INFO - [2024-10-20T19:16:26.861-0300] {dagbag.py:588} INFO - Filling up the DagBag from /mnt/c/Users/Pato_/OneDrive/Documentos/ITBA/PYTHON_DATA_APP/itba/lib/python3.10/site-packages/airflow/example_dags/tutorial_objectstorage.py
[2024-10-20T19:16:26.900-0300] {processor.py:925} INFO - DAG(s) 'tutorial_objectstorage' retrieved from /mnt/c/Users/Pato_/OneDrive/Documentos/ITBA/PYTHON_DATA_APP/itba/lib/python3.10/site-packages/airflow/example_dags/tutorial_objectstorage.py
[2024-10-20T19:16:26.914-0300] {logging_mixin.py:190} INFO - [2024-10-20T19:16:26.913-0300] {dag.py:3239} INFO - Sync 1 DAGs
[2024-10-20T19:16:26.923-0300] {logging_mixin.py:190} INFO - [2024-10-20T19:16:26.922-0300] {dag.py:4180} INFO - Setting next_dagrun for tutorial_objectstorage to None, run_after=None
[2024-10-20T19:16:26.950-0300] {processor.py:208} INFO - Processing /mnt/c/Users/Pato_/OneDrive/Documentos/ITBA/PYTHON_DATA_APP/itba/lib/python3.10/site-packages/airflow/example_dags/tutorial_objectstorage.py took 0.099 seconds
[2024-10-20T19:17:39.771-0300] {processor.py:186} INFO - Started process (PID=308219) to work on /mnt/c/Users/Pato_/OneDrive/Documentos/ITBA/PYTHON_DATA_APP/itba/lib/python3.10/site-packages/airflow/example_dags/tutorial_objectstorage.py
[2024-10-20T19:17:39.772-0300] {processor.py:914} INFO - Processing file /mnt/c/Users/Pato_/OneDrive/Documentos/ITBA/PYTHON_DATA_APP/itba/lib/python3.10/site-packages/airflow/example_dags/tutorial_objectstorage.py for tasks to queue
[2024-10-20T19:17:39.774-0300] {logging_mixin.py:190} INFO - [2024-10-20T19:17:39.774-0300] {dagbag.py:588} INFO - Filling up the DagBag from /mnt/c/Users/Pato_/OneDrive/Documentos/ITBA/PYTHON_DATA_APP/itba/lib/python3.10/site-packages/airflow/example_dags/tutorial_objectstorage.py
[2024-10-20T19:17:39.814-0300] {processor.py:925} INFO - DAG(s) 'tutorial_objectstorage' retrieved from /mnt/c/Users/Pato_/OneDrive/Documentos/ITBA/PYTHON_DATA_APP/itba/lib/python3.10/site-packages/airflow/example_dags/tutorial_objectstorage.py
[2024-10-20T19:17:39.828-0300] {logging_mixin.py:190} INFO - [2024-10-20T19:17:39.828-0300] {dag.py:3239} INFO - Sync 1 DAGs
[2024-10-20T19:17:39.837-0300] {logging_mixin.py:190} INFO - [2024-10-20T19:17:39.836-0300] {dag.py:4180} INFO - Setting next_dagrun for tutorial_objectstorage to None, run_after=None
[2024-10-20T19:17:39.866-0300] {processor.py:208} INFO - Processing /mnt/c/Users/Pato_/OneDrive/Documentos/ITBA/PYTHON_DATA_APP/itba/lib/python3.10/site-packages/airflow/example_dags/tutorial_objectstorage.py took 0.102 seconds
[2024-10-20T19:18:48.841-0300] {processor.py:186} INFO - Started process (PID=308758) to work on /mnt/c/Users/Pato_/OneDrive/Documentos/ITBA/PYTHON_DATA_APP/itba/lib/python3.10/site-packages/airflow/example_dags/tutorial_objectstorage.py
[2024-10-20T19:18:48.842-0300] {processor.py:914} INFO - Processing file /mnt/c/Users/Pato_/OneDrive/Documentos/ITBA/PYTHON_DATA_APP/itba/lib/python3.10/site-packages/airflow/example_dags/tutorial_objectstorage.py for tasks to queue
[2024-10-20T19:18:48.844-0300] {logging_mixin.py:190} INFO - [2024-10-20T19:18:48.843-0300] {dagbag.py:588} INFO - Filling up the DagBag from /mnt/c/Users/Pato_/OneDrive/Documentos/ITBA/PYTHON_DATA_APP/itba/lib/python3.10/site-packages/airflow/example_dags/tutorial_objectstorage.py
[2024-10-20T19:18:48.883-0300] {processor.py:925} INFO - DAG(s) 'tutorial_objectstorage' retrieved from /mnt/c/Users/Pato_/OneDrive/Documentos/ITBA/PYTHON_DATA_APP/itba/lib/python3.10/site-packages/airflow/example_dags/tutorial_objectstorage.py
[2024-10-20T19:18:48.897-0300] {logging_mixin.py:190} INFO - [2024-10-20T19:18:48.896-0300] {dag.py:3239} INFO - Sync 1 DAGs
[2024-10-20T19:18:48.905-0300] {logging_mixin.py:190} INFO - [2024-10-20T19:18:48.905-0300] {dag.py:4180} INFO - Setting next_dagrun for tutorial_objectstorage to None, run_after=None
[2024-10-20T19:18:48.934-0300] {processor.py:208} INFO - Processing /mnt/c/Users/Pato_/OneDrive/Documentos/ITBA/PYTHON_DATA_APP/itba/lib/python3.10/site-packages/airflow/example_dags/tutorial_objectstorage.py took 0.100 seconds
[2024-10-20T19:19:29.505-0300] {processor.py:186} INFO - Started process (PID=309072) to work on /mnt/c/Users/Pato_/OneDrive/Documentos/ITBA/PYTHON_DATA_APP/itba/lib/python3.10/site-packages/airflow/example_dags/tutorial_objectstorage.py
[2024-10-20T19:19:29.506-0300] {processor.py:914} INFO - Processing file /mnt/c/Users/Pato_/OneDrive/Documentos/ITBA/PYTHON_DATA_APP/itba/lib/python3.10/site-packages/airflow/example_dags/tutorial_objectstorage.py for tasks to queue
[2024-10-20T19:19:29.508-0300] {logging_mixin.py:190} INFO - [2024-10-20T19:19:29.507-0300] {dagbag.py:588} INFO - Filling up the DagBag from /mnt/c/Users/Pato_/OneDrive/Documentos/ITBA/PYTHON_DATA_APP/itba/lib/python3.10/site-packages/airflow/example_dags/tutorial_objectstorage.py
[2024-10-20T19:19:29.548-0300] {processor.py:925} INFO - DAG(s) 'tutorial_objectstorage' retrieved from /mnt/c/Users/Pato_/OneDrive/Documentos/ITBA/PYTHON_DATA_APP/itba/lib/python3.10/site-packages/airflow/example_dags/tutorial_objectstorage.py
[2024-10-20T19:19:29.562-0300] {logging_mixin.py:190} INFO - [2024-10-20T19:19:29.561-0300] {dag.py:3239} INFO - Sync 1 DAGs
[2024-10-20T19:19:29.570-0300] {logging_mixin.py:190} INFO - [2024-10-20T19:19:29.570-0300] {dag.py:4180} INFO - Setting next_dagrun for tutorial_objectstorage to None, run_after=None
[2024-10-20T19:19:29.600-0300] {processor.py:208} INFO - Processing /mnt/c/Users/Pato_/OneDrive/Documentos/ITBA/PYTHON_DATA_APP/itba/lib/python3.10/site-packages/airflow/example_dags/tutorial_objectstorage.py took 0.102 seconds
[2024-10-20T19:20:33.924-0300] {processor.py:186} INFO - Started process (PID=309600) to work on /mnt/c/Users/Pato_/OneDrive/Documentos/ITBA/PYTHON_DATA_APP/itba/lib/python3.10/site-packages/airflow/example_dags/tutorial_objectstorage.py
[2024-10-20T19:20:33.925-0300] {processor.py:914} INFO - Processing file /mnt/c/Users/Pato_/OneDrive/Documentos/ITBA/PYTHON_DATA_APP/itba/lib/python3.10/site-packages/airflow/example_dags/tutorial_objectstorage.py for tasks to queue
[2024-10-20T19:20:33.927-0300] {logging_mixin.py:190} INFO - [2024-10-20T19:20:33.927-0300] {dagbag.py:588} INFO - Filling up the DagBag from /mnt/c/Users/Pato_/OneDrive/Documentos/ITBA/PYTHON_DATA_APP/itba/lib/python3.10/site-packages/airflow/example_dags/tutorial_objectstorage.py
[2024-10-20T19:20:33.966-0300] {processor.py:925} INFO - DAG(s) 'tutorial_objectstorage' retrieved from /mnt/c/Users/Pato_/OneDrive/Documentos/ITBA/PYTHON_DATA_APP/itba/lib/python3.10/site-packages/airflow/example_dags/tutorial_objectstorage.py
[2024-10-20T19:20:33.980-0300] {logging_mixin.py:190} INFO - [2024-10-20T19:20:33.979-0300] {dag.py:3239} INFO - Sync 1 DAGs
[2024-10-20T19:20:33.988-0300] {logging_mixin.py:190} INFO - [2024-10-20T19:20:33.988-0300] {dag.py:4180} INFO - Setting next_dagrun for tutorial_objectstorage to None, run_after=None
[2024-10-20T19:20:34.019-0300] {processor.py:208} INFO - Processing /mnt/c/Users/Pato_/OneDrive/Documentos/ITBA/PYTHON_DATA_APP/itba/lib/python3.10/site-packages/airflow/example_dags/tutorial_objectstorage.py took 0.101 seconds
[2024-10-20T19:21:13.675-0300] {processor.py:186} INFO - Started process (PID=309977) to work on /mnt/c/Users/Pato_/OneDrive/Documentos/ITBA/PYTHON_DATA_APP/itba/lib/python3.10/site-packages/airflow/example_dags/tutorial_objectstorage.py
[2024-10-20T19:21:13.676-0300] {processor.py:914} INFO - Processing file /mnt/c/Users/Pato_/OneDrive/Documentos/ITBA/PYTHON_DATA_APP/itba/lib/python3.10/site-packages/airflow/example_dags/tutorial_objectstorage.py for tasks to queue
[2024-10-20T19:21:13.678-0300] {logging_mixin.py:190} INFO - [2024-10-20T19:21:13.678-0300] {dagbag.py:588} INFO - Filling up the DagBag from /mnt/c/Users/Pato_/OneDrive/Documentos/ITBA/PYTHON_DATA_APP/itba/lib/python3.10/site-packages/airflow/example_dags/tutorial_objectstorage.py
[2024-10-20T19:21:13.720-0300] {processor.py:925} INFO - DAG(s) 'tutorial_objectstorage' retrieved from /mnt/c/Users/Pato_/OneDrive/Documentos/ITBA/PYTHON_DATA_APP/itba/lib/python3.10/site-packages/airflow/example_dags/tutorial_objectstorage.py
[2024-10-20T19:21:13.736-0300] {logging_mixin.py:190} INFO - [2024-10-20T19:21:13.735-0300] {dag.py:3239} INFO - Sync 1 DAGs
[2024-10-20T19:21:13.744-0300] {logging_mixin.py:190} INFO - [2024-10-20T19:21:13.744-0300] {dag.py:4180} INFO - Setting next_dagrun for tutorial_objectstorage to None, run_after=None
[2024-10-20T19:21:13.774-0300] {processor.py:208} INFO - Processing /mnt/c/Users/Pato_/OneDrive/Documentos/ITBA/PYTHON_DATA_APP/itba/lib/python3.10/site-packages/airflow/example_dags/tutorial_objectstorage.py took 0.107 seconds
[2024-10-20T19:22:19.393-0300] {processor.py:186} INFO - Started process (PID=310580) to work on /mnt/c/Users/Pato_/OneDrive/Documentos/ITBA/PYTHON_DATA_APP/itba/lib/python3.10/site-packages/airflow/example_dags/tutorial_objectstorage.py
[2024-10-20T19:22:19.394-0300] {processor.py:914} INFO - Processing file /mnt/c/Users/Pato_/OneDrive/Documentos/ITBA/PYTHON_DATA_APP/itba/lib/python3.10/site-packages/airflow/example_dags/tutorial_objectstorage.py for tasks to queue
[2024-10-20T19:22:19.396-0300] {logging_mixin.py:190} INFO - [2024-10-20T19:22:19.395-0300] {dagbag.py:588} INFO - Filling up the DagBag from /mnt/c/Users/Pato_/OneDrive/Documentos/ITBA/PYTHON_DATA_APP/itba/lib/python3.10/site-packages/airflow/example_dags/tutorial_objectstorage.py
[2024-10-20T19:22:19.436-0300] {processor.py:925} INFO - DAG(s) 'tutorial_objectstorage' retrieved from /mnt/c/Users/Pato_/OneDrive/Documentos/ITBA/PYTHON_DATA_APP/itba/lib/python3.10/site-packages/airflow/example_dags/tutorial_objectstorage.py
[2024-10-20T19:22:19.449-0300] {logging_mixin.py:190} INFO - [2024-10-20T19:22:19.449-0300] {dag.py:3239} INFO - Sync 1 DAGs
[2024-10-20T19:22:19.458-0300] {logging_mixin.py:190} INFO - [2024-10-20T19:22:19.457-0300] {dag.py:4180} INFO - Setting next_dagrun for tutorial_objectstorage to None, run_after=None
[2024-10-20T19:22:19.488-0300] {processor.py:208} INFO - Processing /mnt/c/Users/Pato_/OneDrive/Documentos/ITBA/PYTHON_DATA_APP/itba/lib/python3.10/site-packages/airflow/example_dags/tutorial_objectstorage.py took 0.101 seconds
[2024-10-20T19:23:22.673-0300] {processor.py:186} INFO - Started process (PID=311121) to work on /mnt/c/Users/Pato_/OneDrive/Documentos/ITBA/PYTHON_DATA_APP/itba/lib/python3.10/site-packages/airflow/example_dags/tutorial_objectstorage.py
[2024-10-20T19:23:22.674-0300] {processor.py:914} INFO - Processing file /mnt/c/Users/Pato_/OneDrive/Documentos/ITBA/PYTHON_DATA_APP/itba/lib/python3.10/site-packages/airflow/example_dags/tutorial_objectstorage.py for tasks to queue
[2024-10-20T19:23:22.676-0300] {logging_mixin.py:190} INFO - [2024-10-20T19:23:22.675-0300] {dagbag.py:588} INFO - Filling up the DagBag from /mnt/c/Users/Pato_/OneDrive/Documentos/ITBA/PYTHON_DATA_APP/itba/lib/python3.10/site-packages/airflow/example_dags/tutorial_objectstorage.py
[2024-10-20T19:23:22.715-0300] {processor.py:925} INFO - DAG(s) 'tutorial_objectstorage' retrieved from /mnt/c/Users/Pato_/OneDrive/Documentos/ITBA/PYTHON_DATA_APP/itba/lib/python3.10/site-packages/airflow/example_dags/tutorial_objectstorage.py
[2024-10-20T19:23:22.731-0300] {logging_mixin.py:190} INFO - [2024-10-20T19:23:22.731-0300] {dag.py:3239} INFO - Sync 1 DAGs
[2024-10-20T19:23:22.740-0300] {logging_mixin.py:190} INFO - [2024-10-20T19:23:22.740-0300] {dag.py:4180} INFO - Setting next_dagrun for tutorial_objectstorage to None, run_after=None
[2024-10-20T19:23:22.770-0300] {processor.py:208} INFO - Processing /mnt/c/Users/Pato_/OneDrive/Documentos/ITBA/PYTHON_DATA_APP/itba/lib/python3.10/site-packages/airflow/example_dags/tutorial_objectstorage.py took 0.104 seconds
[2024-10-20T19:24:26.005-0300] {processor.py:186} INFO - Started process (PID=312106) to work on /mnt/c/Users/Pato_/OneDrive/Documentos/ITBA/PYTHON_DATA_APP/itba/lib/python3.10/site-packages/airflow/example_dags/tutorial_objectstorage.py
[2024-10-20T19:24:26.006-0300] {processor.py:914} INFO - Processing file /mnt/c/Users/Pato_/OneDrive/Documentos/ITBA/PYTHON_DATA_APP/itba/lib/python3.10/site-packages/airflow/example_dags/tutorial_objectstorage.py for tasks to queue
[2024-10-20T19:24:26.008-0300] {logging_mixin.py:190} INFO - [2024-10-20T19:24:26.008-0300] {dagbag.py:588} INFO - Filling up the DagBag from /mnt/c/Users/Pato_/OneDrive/Documentos/ITBA/PYTHON_DATA_APP/itba/lib/python3.10/site-packages/airflow/example_dags/tutorial_objectstorage.py
[2024-10-20T19:24:26.048-0300] {processor.py:925} INFO - DAG(s) 'tutorial_objectstorage' retrieved from /mnt/c/Users/Pato_/OneDrive/Documentos/ITBA/PYTHON_DATA_APP/itba/lib/python3.10/site-packages/airflow/example_dags/tutorial_objectstorage.py
[2024-10-20T19:24:26.063-0300] {logging_mixin.py:190} INFO - [2024-10-20T19:24:26.063-0300] {dag.py:3239} INFO - Sync 1 DAGs
[2024-10-20T19:24:26.073-0300] {logging_mixin.py:190} INFO - [2024-10-20T19:24:26.072-0300] {dag.py:4180} INFO - Setting next_dagrun for tutorial_objectstorage to None, run_after=None
[2024-10-20T19:24:26.104-0300] {processor.py:208} INFO - Processing /mnt/c/Users/Pato_/OneDrive/Documentos/ITBA/PYTHON_DATA_APP/itba/lib/python3.10/site-packages/airflow/example_dags/tutorial_objectstorage.py took 0.106 seconds
[2024-10-20T19:26:04.589-0300] {processor.py:186} INFO - Started process (PID=313453) to work on /mnt/c/Users/Pato_/OneDrive/Documentos/ITBA/PYTHON_DATA_APP/itba/lib/python3.10/site-packages/airflow/example_dags/tutorial_objectstorage.py
[2024-10-20T19:26:04.590-0300] {processor.py:914} INFO - Processing file /mnt/c/Users/Pato_/OneDrive/Documentos/ITBA/PYTHON_DATA_APP/itba/lib/python3.10/site-packages/airflow/example_dags/tutorial_objectstorage.py for tasks to queue
[2024-10-20T19:26:04.592-0300] {logging_mixin.py:190} INFO - [2024-10-20T19:26:04.591-0300] {dagbag.py:588} INFO - Filling up the DagBag from /mnt/c/Users/Pato_/OneDrive/Documentos/ITBA/PYTHON_DATA_APP/itba/lib/python3.10/site-packages/airflow/example_dags/tutorial_objectstorage.py
[2024-10-20T19:26:04.636-0300] {processor.py:925} INFO - DAG(s) 'tutorial_objectstorage' retrieved from /mnt/c/Users/Pato_/OneDrive/Documentos/ITBA/PYTHON_DATA_APP/itba/lib/python3.10/site-packages/airflow/example_dags/tutorial_objectstorage.py
[2024-10-20T19:26:04.651-0300] {logging_mixin.py:190} INFO - [2024-10-20T19:26:04.651-0300] {dag.py:3239} INFO - Sync 1 DAGs
[2024-10-20T19:26:04.661-0300] {logging_mixin.py:190} INFO - [2024-10-20T19:26:04.660-0300] {dag.py:4180} INFO - Setting next_dagrun for tutorial_objectstorage to None, run_after=None
[2024-10-20T19:26:04.691-0300] {processor.py:208} INFO - Processing /mnt/c/Users/Pato_/OneDrive/Documentos/ITBA/PYTHON_DATA_APP/itba/lib/python3.10/site-packages/airflow/example_dags/tutorial_objectstorage.py took 0.109 seconds
[2024-10-20T19:27:10.519-0300] {processor.py:186} INFO - Started process (PID=314150) to work on /mnt/c/Users/Pato_/OneDrive/Documentos/ITBA/PYTHON_DATA_APP/itba/lib/python3.10/site-packages/airflow/example_dags/tutorial_objectstorage.py
[2024-10-20T19:27:10.520-0300] {processor.py:914} INFO - Processing file /mnt/c/Users/Pato_/OneDrive/Documentos/ITBA/PYTHON_DATA_APP/itba/lib/python3.10/site-packages/airflow/example_dags/tutorial_objectstorage.py for tasks to queue
[2024-10-20T19:27:10.522-0300] {logging_mixin.py:190} INFO - [2024-10-20T19:27:10.522-0300] {dagbag.py:588} INFO - Filling up the DagBag from /mnt/c/Users/Pato_/OneDrive/Documentos/ITBA/PYTHON_DATA_APP/itba/lib/python3.10/site-packages/airflow/example_dags/tutorial_objectstorage.py
[2024-10-20T19:27:10.566-0300] {processor.py:925} INFO - DAG(s) 'tutorial_objectstorage' retrieved from /mnt/c/Users/Pato_/OneDrive/Documentos/ITBA/PYTHON_DATA_APP/itba/lib/python3.10/site-packages/airflow/example_dags/tutorial_objectstorage.py
[2024-10-20T19:27:10.581-0300] {logging_mixin.py:190} INFO - [2024-10-20T19:27:10.581-0300] {dag.py:3239} INFO - Sync 1 DAGs
[2024-10-20T19:27:10.590-0300] {logging_mixin.py:190} INFO - [2024-10-20T19:27:10.590-0300] {dag.py:4180} INFO - Setting next_dagrun for tutorial_objectstorage to None, run_after=None
[2024-10-20T19:27:10.621-0300] {processor.py:208} INFO - Processing /mnt/c/Users/Pato_/OneDrive/Documentos/ITBA/PYTHON_DATA_APP/itba/lib/python3.10/site-packages/airflow/example_dags/tutorial_objectstorage.py took 0.109 seconds
[2024-10-20T19:28:17.191-0300] {processor.py:186} INFO - Started process (PID=315002) to work on /mnt/c/Users/Pato_/OneDrive/Documentos/ITBA/PYTHON_DATA_APP/itba/lib/python3.10/site-packages/airflow/example_dags/tutorial_objectstorage.py
[2024-10-20T19:28:17.192-0300] {processor.py:914} INFO - Processing file /mnt/c/Users/Pato_/OneDrive/Documentos/ITBA/PYTHON_DATA_APP/itba/lib/python3.10/site-packages/airflow/example_dags/tutorial_objectstorage.py for tasks to queue
[2024-10-20T19:28:17.194-0300] {logging_mixin.py:190} INFO - [2024-10-20T19:28:17.194-0300] {dagbag.py:588} INFO - Filling up the DagBag from /mnt/c/Users/Pato_/OneDrive/Documentos/ITBA/PYTHON_DATA_APP/itba/lib/python3.10/site-packages/airflow/example_dags/tutorial_objectstorage.py
[2024-10-20T19:28:17.237-0300] {processor.py:925} INFO - DAG(s) 'tutorial_objectstorage' retrieved from /mnt/c/Users/Pato_/OneDrive/Documentos/ITBA/PYTHON_DATA_APP/itba/lib/python3.10/site-packages/airflow/example_dags/tutorial_objectstorage.py
[2024-10-20T19:28:17.253-0300] {logging_mixin.py:190} INFO - [2024-10-20T19:28:17.252-0300] {dag.py:3239} INFO - Sync 1 DAGs
[2024-10-20T19:28:17.263-0300] {logging_mixin.py:190} INFO - [2024-10-20T19:28:17.262-0300] {dag.py:4180} INFO - Setting next_dagrun for tutorial_objectstorage to None, run_after=None
[2024-10-20T19:28:17.292-0300] {processor.py:208} INFO - Processing /mnt/c/Users/Pato_/OneDrive/Documentos/ITBA/PYTHON_DATA_APP/itba/lib/python3.10/site-packages/airflow/example_dags/tutorial_objectstorage.py took 0.108 seconds
[2024-10-20T19:29:24.723-0300] {processor.py:186} INFO - Started process (PID=315721) to work on /mnt/c/Users/Pato_/OneDrive/Documentos/ITBA/PYTHON_DATA_APP/itba/lib/python3.10/site-packages/airflow/example_dags/tutorial_objectstorage.py
[2024-10-20T19:29:24.724-0300] {processor.py:914} INFO - Processing file /mnt/c/Users/Pato_/OneDrive/Documentos/ITBA/PYTHON_DATA_APP/itba/lib/python3.10/site-packages/airflow/example_dags/tutorial_objectstorage.py for tasks to queue
[2024-10-20T19:29:24.727-0300] {logging_mixin.py:190} INFO - [2024-10-20T19:29:24.726-0300] {dagbag.py:588} INFO - Filling up the DagBag from /mnt/c/Users/Pato_/OneDrive/Documentos/ITBA/PYTHON_DATA_APP/itba/lib/python3.10/site-packages/airflow/example_dags/tutorial_objectstorage.py
[2024-10-20T19:29:24.766-0300] {processor.py:925} INFO - DAG(s) 'tutorial_objectstorage' retrieved from /mnt/c/Users/Pato_/OneDrive/Documentos/ITBA/PYTHON_DATA_APP/itba/lib/python3.10/site-packages/airflow/example_dags/tutorial_objectstorage.py
[2024-10-20T19:29:24.780-0300] {logging_mixin.py:190} INFO - [2024-10-20T19:29:24.779-0300] {dag.py:3239} INFO - Sync 1 DAGs
[2024-10-20T19:29:24.789-0300] {logging_mixin.py:190} INFO - [2024-10-20T19:29:24.788-0300] {dag.py:4180} INFO - Setting next_dagrun for tutorial_objectstorage to None, run_after=None
[2024-10-20T19:29:24.820-0300] {processor.py:208} INFO - Processing /mnt/c/Users/Pato_/OneDrive/Documentos/ITBA/PYTHON_DATA_APP/itba/lib/python3.10/site-packages/airflow/example_dags/tutorial_objectstorage.py took 0.103 seconds
[2024-10-20T19:30:37.731-0300] {processor.py:186} INFO - Started process (PID=316409) to work on /mnt/c/Users/Pato_/OneDrive/Documentos/ITBA/PYTHON_DATA_APP/itba/lib/python3.10/site-packages/airflow/example_dags/tutorial_objectstorage.py
[2024-10-20T19:30:37.732-0300] {processor.py:914} INFO - Processing file /mnt/c/Users/Pato_/OneDrive/Documentos/ITBA/PYTHON_DATA_APP/itba/lib/python3.10/site-packages/airflow/example_dags/tutorial_objectstorage.py for tasks to queue
[2024-10-20T19:30:37.734-0300] {logging_mixin.py:190} INFO - [2024-10-20T19:30:37.734-0300] {dagbag.py:588} INFO - Filling up the DagBag from /mnt/c/Users/Pato_/OneDrive/Documentos/ITBA/PYTHON_DATA_APP/itba/lib/python3.10/site-packages/airflow/example_dags/tutorial_objectstorage.py
[2024-10-20T19:30:37.781-0300] {processor.py:925} INFO - DAG(s) 'tutorial_objectstorage' retrieved from /mnt/c/Users/Pato_/OneDrive/Documentos/ITBA/PYTHON_DATA_APP/itba/lib/python3.10/site-packages/airflow/example_dags/tutorial_objectstorage.py
[2024-10-20T19:30:37.800-0300] {logging_mixin.py:190} INFO - [2024-10-20T19:30:37.799-0300] {dag.py:3239} INFO - Sync 1 DAGs
[2024-10-20T19:30:37.810-0300] {logging_mixin.py:190} INFO - [2024-10-20T19:30:37.810-0300] {dag.py:4180} INFO - Setting next_dagrun for tutorial_objectstorage to None, run_after=None
[2024-10-20T19:30:37.843-0300] {processor.py:208} INFO - Processing /mnt/c/Users/Pato_/OneDrive/Documentos/ITBA/PYTHON_DATA_APP/itba/lib/python3.10/site-packages/airflow/example_dags/tutorial_objectstorage.py took 0.119 seconds
[2024-10-20T19:31:43.674-0300] {processor.py:186} INFO - Started process (PID=316927) to work on /mnt/c/Users/Pato_/OneDrive/Documentos/ITBA/PYTHON_DATA_APP/itba/lib/python3.10/site-packages/airflow/example_dags/tutorial_objectstorage.py
[2024-10-20T19:31:43.675-0300] {processor.py:914} INFO - Processing file /mnt/c/Users/Pato_/OneDrive/Documentos/ITBA/PYTHON_DATA_APP/itba/lib/python3.10/site-packages/airflow/example_dags/tutorial_objectstorage.py for tasks to queue
[2024-10-20T19:31:43.677-0300] {logging_mixin.py:190} INFO - [2024-10-20T19:31:43.677-0300] {dagbag.py:588} INFO - Filling up the DagBag from /mnt/c/Users/Pato_/OneDrive/Documentos/ITBA/PYTHON_DATA_APP/itba/lib/python3.10/site-packages/airflow/example_dags/tutorial_objectstorage.py
[2024-10-20T19:31:43.717-0300] {processor.py:925} INFO - DAG(s) 'tutorial_objectstorage' retrieved from /mnt/c/Users/Pato_/OneDrive/Documentos/ITBA/PYTHON_DATA_APP/itba/lib/python3.10/site-packages/airflow/example_dags/tutorial_objectstorage.py
[2024-10-20T19:31:43.731-0300] {logging_mixin.py:190} INFO - [2024-10-20T19:31:43.730-0300] {dag.py:3239} INFO - Sync 1 DAGs
[2024-10-20T19:31:43.740-0300] {logging_mixin.py:190} INFO - [2024-10-20T19:31:43.739-0300] {dag.py:4180} INFO - Setting next_dagrun for tutorial_objectstorage to None, run_after=None
[2024-10-20T19:31:43.769-0300] {processor.py:208} INFO - Processing /mnt/c/Users/Pato_/OneDrive/Documentos/ITBA/PYTHON_DATA_APP/itba/lib/python3.10/site-packages/airflow/example_dags/tutorial_objectstorage.py took 0.102 seconds
[2024-10-20T19:32:50.888-0300] {processor.py:186} INFO - Started process (PID=317452) to work on /mnt/c/Users/Pato_/OneDrive/Documentos/ITBA/PYTHON_DATA_APP/itba/lib/python3.10/site-packages/airflow/example_dags/tutorial_objectstorage.py
[2024-10-20T19:32:50.889-0300] {processor.py:914} INFO - Processing file /mnt/c/Users/Pato_/OneDrive/Documentos/ITBA/PYTHON_DATA_APP/itba/lib/python3.10/site-packages/airflow/example_dags/tutorial_objectstorage.py for tasks to queue
[2024-10-20T19:32:50.891-0300] {logging_mixin.py:190} INFO - [2024-10-20T19:32:50.890-0300] {dagbag.py:588} INFO - Filling up the DagBag from /mnt/c/Users/Pato_/OneDrive/Documentos/ITBA/PYTHON_DATA_APP/itba/lib/python3.10/site-packages/airflow/example_dags/tutorial_objectstorage.py
[2024-10-20T19:32:50.932-0300] {processor.py:925} INFO - DAG(s) 'tutorial_objectstorage' retrieved from /mnt/c/Users/Pato_/OneDrive/Documentos/ITBA/PYTHON_DATA_APP/itba/lib/python3.10/site-packages/airflow/example_dags/tutorial_objectstorage.py
[2024-10-20T19:32:50.947-0300] {logging_mixin.py:190} INFO - [2024-10-20T19:32:50.946-0300] {dag.py:3239} INFO - Sync 1 DAGs
[2024-10-20T19:32:50.956-0300] {logging_mixin.py:190} INFO - [2024-10-20T19:32:50.956-0300] {dag.py:4180} INFO - Setting next_dagrun for tutorial_objectstorage to None, run_after=None
[2024-10-20T19:32:50.987-0300] {processor.py:208} INFO - Processing /mnt/c/Users/Pato_/OneDrive/Documentos/ITBA/PYTHON_DATA_APP/itba/lib/python3.10/site-packages/airflow/example_dags/tutorial_objectstorage.py took 0.107 seconds
[2024-10-20T19:33:56.372-0300] {processor.py:186} INFO - Started process (PID=318099) to work on /mnt/c/Users/Pato_/OneDrive/Documentos/ITBA/PYTHON_DATA_APP/itba/lib/python3.10/site-packages/airflow/example_dags/tutorial_objectstorage.py
[2024-10-20T19:33:56.373-0300] {processor.py:914} INFO - Processing file /mnt/c/Users/Pato_/OneDrive/Documentos/ITBA/PYTHON_DATA_APP/itba/lib/python3.10/site-packages/airflow/example_dags/tutorial_objectstorage.py for tasks to queue
[2024-10-20T19:33:56.375-0300] {logging_mixin.py:190} INFO - [2024-10-20T19:33:56.375-0300] {dagbag.py:588} INFO - Filling up the DagBag from /mnt/c/Users/Pato_/OneDrive/Documentos/ITBA/PYTHON_DATA_APP/itba/lib/python3.10/site-packages/airflow/example_dags/tutorial_objectstorage.py
[2024-10-20T19:33:56.416-0300] {processor.py:925} INFO - DAG(s) 'tutorial_objectstorage' retrieved from /mnt/c/Users/Pato_/OneDrive/Documentos/ITBA/PYTHON_DATA_APP/itba/lib/python3.10/site-packages/airflow/example_dags/tutorial_objectstorage.py
[2024-10-20T19:33:56.430-0300] {logging_mixin.py:190} INFO - [2024-10-20T19:33:56.430-0300] {dag.py:3239} INFO - Sync 1 DAGs
[2024-10-20T19:33:56.439-0300] {logging_mixin.py:190} INFO - [2024-10-20T19:33:56.439-0300] {dag.py:4180} INFO - Setting next_dagrun for tutorial_objectstorage to None, run_after=None
[2024-10-20T19:33:56.468-0300] {processor.py:208} INFO - Processing /mnt/c/Users/Pato_/OneDrive/Documentos/ITBA/PYTHON_DATA_APP/itba/lib/python3.10/site-packages/airflow/example_dags/tutorial_objectstorage.py took 0.102 seconds
[2024-10-20T19:35:06.261-0300] {processor.py:186} INFO - Started process (PID=318886) to work on /mnt/c/Users/Pato_/OneDrive/Documentos/ITBA/PYTHON_DATA_APP/itba/lib/python3.10/site-packages/airflow/example_dags/tutorial_objectstorage.py
[2024-10-20T19:35:06.262-0300] {processor.py:914} INFO - Processing file /mnt/c/Users/Pato_/OneDrive/Documentos/ITBA/PYTHON_DATA_APP/itba/lib/python3.10/site-packages/airflow/example_dags/tutorial_objectstorage.py for tasks to queue
[2024-10-20T19:35:06.264-0300] {logging_mixin.py:190} INFO - [2024-10-20T19:35:06.263-0300] {dagbag.py:588} INFO - Filling up the DagBag from /mnt/c/Users/Pato_/OneDrive/Documentos/ITBA/PYTHON_DATA_APP/itba/lib/python3.10/site-packages/airflow/example_dags/tutorial_objectstorage.py
[2024-10-20T19:35:06.303-0300] {processor.py:925} INFO - DAG(s) 'tutorial_objectstorage' retrieved from /mnt/c/Users/Pato_/OneDrive/Documentos/ITBA/PYTHON_DATA_APP/itba/lib/python3.10/site-packages/airflow/example_dags/tutorial_objectstorage.py
[2024-10-20T19:35:06.317-0300] {logging_mixin.py:190} INFO - [2024-10-20T19:35:06.317-0300] {dag.py:3239} INFO - Sync 1 DAGs
[2024-10-20T19:35:06.326-0300] {logging_mixin.py:190} INFO - [2024-10-20T19:35:06.325-0300] {dag.py:4180} INFO - Setting next_dagrun for tutorial_objectstorage to None, run_after=None
[2024-10-20T19:35:06.355-0300] {processor.py:208} INFO - Processing /mnt/c/Users/Pato_/OneDrive/Documentos/ITBA/PYTHON_DATA_APP/itba/lib/python3.10/site-packages/airflow/example_dags/tutorial_objectstorage.py took 0.101 seconds
[2024-10-20T19:36:16.436-0300] {processor.py:186} INFO - Started process (PID=319482) to work on /mnt/c/Users/Pato_/OneDrive/Documentos/ITBA/PYTHON_DATA_APP/itba/lib/python3.10/site-packages/airflow/example_dags/tutorial_objectstorage.py
[2024-10-20T19:36:16.437-0300] {processor.py:914} INFO - Processing file /mnt/c/Users/Pato_/OneDrive/Documentos/ITBA/PYTHON_DATA_APP/itba/lib/python3.10/site-packages/airflow/example_dags/tutorial_objectstorage.py for tasks to queue
[2024-10-20T19:36:16.439-0300] {logging_mixin.py:190} INFO - [2024-10-20T19:36:16.438-0300] {dagbag.py:588} INFO - Filling up the DagBag from /mnt/c/Users/Pato_/OneDrive/Documentos/ITBA/PYTHON_DATA_APP/itba/lib/python3.10/site-packages/airflow/example_dags/tutorial_objectstorage.py
[2024-10-20T19:36:16.477-0300] {processor.py:925} INFO - DAG(s) 'tutorial_objectstorage' retrieved from /mnt/c/Users/Pato_/OneDrive/Documentos/ITBA/PYTHON_DATA_APP/itba/lib/python3.10/site-packages/airflow/example_dags/tutorial_objectstorage.py
[2024-10-20T19:36:16.491-0300] {logging_mixin.py:190} INFO - [2024-10-20T19:36:16.491-0300] {dag.py:3239} INFO - Sync 1 DAGs
[2024-10-20T19:36:16.499-0300] {logging_mixin.py:190} INFO - [2024-10-20T19:36:16.499-0300] {dag.py:4180} INFO - Setting next_dagrun for tutorial_objectstorage to None, run_after=None
[2024-10-20T19:36:16.528-0300] {processor.py:208} INFO - Processing /mnt/c/Users/Pato_/OneDrive/Documentos/ITBA/PYTHON_DATA_APP/itba/lib/python3.10/site-packages/airflow/example_dags/tutorial_objectstorage.py took 0.099 seconds
[2024-10-20T19:37:24.581-0300] {processor.py:186} INFO - Started process (PID=320016) to work on /mnt/c/Users/Pato_/OneDrive/Documentos/ITBA/PYTHON_DATA_APP/itba/lib/python3.10/site-packages/airflow/example_dags/tutorial_objectstorage.py
[2024-10-20T19:37:24.582-0300] {processor.py:914} INFO - Processing file /mnt/c/Users/Pato_/OneDrive/Documentos/ITBA/PYTHON_DATA_APP/itba/lib/python3.10/site-packages/airflow/example_dags/tutorial_objectstorage.py for tasks to queue
[2024-10-20T19:37:24.584-0300] {logging_mixin.py:190} INFO - [2024-10-20T19:37:24.584-0300] {dagbag.py:588} INFO - Filling up the DagBag from /mnt/c/Users/Pato_/OneDrive/Documentos/ITBA/PYTHON_DATA_APP/itba/lib/python3.10/site-packages/airflow/example_dags/tutorial_objectstorage.py
[2024-10-20T19:37:24.624-0300] {processor.py:925} INFO - DAG(s) 'tutorial_objectstorage' retrieved from /mnt/c/Users/Pato_/OneDrive/Documentos/ITBA/PYTHON_DATA_APP/itba/lib/python3.10/site-packages/airflow/example_dags/tutorial_objectstorage.py
[2024-10-20T19:37:24.638-0300] {logging_mixin.py:190} INFO - [2024-10-20T19:37:24.638-0300] {dag.py:3239} INFO - Sync 1 DAGs
[2024-10-20T19:37:24.647-0300] {logging_mixin.py:190} INFO - [2024-10-20T19:37:24.646-0300] {dag.py:4180} INFO - Setting next_dagrun for tutorial_objectstorage to None, run_after=None
[2024-10-20T19:37:24.675-0300] {processor.py:208} INFO - Processing /mnt/c/Users/Pato_/OneDrive/Documentos/ITBA/PYTHON_DATA_APP/itba/lib/python3.10/site-packages/airflow/example_dags/tutorial_objectstorage.py took 0.100 seconds
[2024-10-20T19:38:29.841-0300] {processor.py:186} INFO - Started process (PID=320526) to work on /mnt/c/Users/Pato_/OneDrive/Documentos/ITBA/PYTHON_DATA_APP/itba/lib/python3.10/site-packages/airflow/example_dags/tutorial_objectstorage.py
[2024-10-20T19:38:29.842-0300] {processor.py:914} INFO - Processing file /mnt/c/Users/Pato_/OneDrive/Documentos/ITBA/PYTHON_DATA_APP/itba/lib/python3.10/site-packages/airflow/example_dags/tutorial_objectstorage.py for tasks to queue
[2024-10-20T19:38:29.844-0300] {logging_mixin.py:190} INFO - [2024-10-20T19:38:29.843-0300] {dagbag.py:588} INFO - Filling up the DagBag from /mnt/c/Users/Pato_/OneDrive/Documentos/ITBA/PYTHON_DATA_APP/itba/lib/python3.10/site-packages/airflow/example_dags/tutorial_objectstorage.py
[2024-10-20T19:38:29.883-0300] {processor.py:925} INFO - DAG(s) 'tutorial_objectstorage' retrieved from /mnt/c/Users/Pato_/OneDrive/Documentos/ITBA/PYTHON_DATA_APP/itba/lib/python3.10/site-packages/airflow/example_dags/tutorial_objectstorage.py
[2024-10-20T19:38:29.897-0300] {logging_mixin.py:190} INFO - [2024-10-20T19:38:29.897-0300] {dag.py:3239} INFO - Sync 1 DAGs
[2024-10-20T19:38:29.906-0300] {logging_mixin.py:190} INFO - [2024-10-20T19:38:29.905-0300] {dag.py:4180} INFO - Setting next_dagrun for tutorial_objectstorage to None, run_after=None
[2024-10-20T19:38:29.935-0300] {processor.py:208} INFO - Processing /mnt/c/Users/Pato_/OneDrive/Documentos/ITBA/PYTHON_DATA_APP/itba/lib/python3.10/site-packages/airflow/example_dags/tutorial_objectstorage.py took 0.102 seconds
[2024-10-20T19:39:37.430-0300] {processor.py:186} INFO - Started process (PID=321078) to work on /mnt/c/Users/Pato_/OneDrive/Documentos/ITBA/PYTHON_DATA_APP/itba/lib/python3.10/site-packages/airflow/example_dags/tutorial_objectstorage.py
[2024-10-20T19:39:37.431-0300] {processor.py:914} INFO - Processing file /mnt/c/Users/Pato_/OneDrive/Documentos/ITBA/PYTHON_DATA_APP/itba/lib/python3.10/site-packages/airflow/example_dags/tutorial_objectstorage.py for tasks to queue
[2024-10-20T19:39:37.433-0300] {logging_mixin.py:190} INFO - [2024-10-20T19:39:37.433-0300] {dagbag.py:588} INFO - Filling up the DagBag from /mnt/c/Users/Pato_/OneDrive/Documentos/ITBA/PYTHON_DATA_APP/itba/lib/python3.10/site-packages/airflow/example_dags/tutorial_objectstorage.py
[2024-10-20T19:39:37.473-0300] {processor.py:925} INFO - DAG(s) 'tutorial_objectstorage' retrieved from /mnt/c/Users/Pato_/OneDrive/Documentos/ITBA/PYTHON_DATA_APP/itba/lib/python3.10/site-packages/airflow/example_dags/tutorial_objectstorage.py
[2024-10-20T19:39:37.487-0300] {logging_mixin.py:190} INFO - [2024-10-20T19:39:37.487-0300] {dag.py:3239} INFO - Sync 1 DAGs
[2024-10-20T19:39:37.496-0300] {logging_mixin.py:190} INFO - [2024-10-20T19:39:37.495-0300] {dag.py:4180} INFO - Setting next_dagrun for tutorial_objectstorage to None, run_after=None
[2024-10-20T19:39:37.526-0300] {processor.py:208} INFO - Processing /mnt/c/Users/Pato_/OneDrive/Documentos/ITBA/PYTHON_DATA_APP/itba/lib/python3.10/site-packages/airflow/example_dags/tutorial_objectstorage.py took 0.103 seconds
[2024-10-20T19:40:40.811-0300] {processor.py:186} INFO - Started process (PID=321932) to work on /mnt/c/Users/Pato_/OneDrive/Documentos/ITBA/PYTHON_DATA_APP/itba/lib/python3.10/site-packages/airflow/example_dags/tutorial_objectstorage.py
[2024-10-20T19:40:40.812-0300] {processor.py:914} INFO - Processing file /mnt/c/Users/Pato_/OneDrive/Documentos/ITBA/PYTHON_DATA_APP/itba/lib/python3.10/site-packages/airflow/example_dags/tutorial_objectstorage.py for tasks to queue
[2024-10-20T19:40:40.814-0300] {logging_mixin.py:190} INFO - [2024-10-20T19:40:40.814-0300] {dagbag.py:588} INFO - Filling up the DagBag from /mnt/c/Users/Pato_/OneDrive/Documentos/ITBA/PYTHON_DATA_APP/itba/lib/python3.10/site-packages/airflow/example_dags/tutorial_objectstorage.py
[2024-10-20T19:40:40.860-0300] {processor.py:925} INFO - DAG(s) 'tutorial_objectstorage' retrieved from /mnt/c/Users/Pato_/OneDrive/Documentos/ITBA/PYTHON_DATA_APP/itba/lib/python3.10/site-packages/airflow/example_dags/tutorial_objectstorage.py
[2024-10-20T19:40:40.876-0300] {logging_mixin.py:190} INFO - [2024-10-20T19:40:40.876-0300] {dag.py:3239} INFO - Sync 1 DAGs
[2024-10-20T19:40:40.886-0300] {logging_mixin.py:190} INFO - [2024-10-20T19:40:40.885-0300] {dag.py:4180} INFO - Setting next_dagrun for tutorial_objectstorage to None, run_after=None
[2024-10-20T19:40:40.919-0300] {processor.py:208} INFO - Processing /mnt/c/Users/Pato_/OneDrive/Documentos/ITBA/PYTHON_DATA_APP/itba/lib/python3.10/site-packages/airflow/example_dags/tutorial_objectstorage.py took 0.116 seconds
[2024-10-20T19:41:49.906-0300] {processor.py:186} INFO - Started process (PID=322471) to work on /mnt/c/Users/Pato_/OneDrive/Documentos/ITBA/PYTHON_DATA_APP/itba/lib/python3.10/site-packages/airflow/example_dags/tutorial_objectstorage.py
[2024-10-20T19:41:49.907-0300] {processor.py:914} INFO - Processing file /mnt/c/Users/Pato_/OneDrive/Documentos/ITBA/PYTHON_DATA_APP/itba/lib/python3.10/site-packages/airflow/example_dags/tutorial_objectstorage.py for tasks to queue
[2024-10-20T19:41:49.909-0300] {logging_mixin.py:190} INFO - [2024-10-20T19:41:49.909-0300] {dagbag.py:588} INFO - Filling up the DagBag from /mnt/c/Users/Pato_/OneDrive/Documentos/ITBA/PYTHON_DATA_APP/itba/lib/python3.10/site-packages/airflow/example_dags/tutorial_objectstorage.py
[2024-10-20T19:41:49.949-0300] {processor.py:925} INFO - DAG(s) 'tutorial_objectstorage' retrieved from /mnt/c/Users/Pato_/OneDrive/Documentos/ITBA/PYTHON_DATA_APP/itba/lib/python3.10/site-packages/airflow/example_dags/tutorial_objectstorage.py
[2024-10-20T19:41:49.963-0300] {logging_mixin.py:190} INFO - [2024-10-20T19:41:49.963-0300] {dag.py:3239} INFO - Sync 1 DAGs
[2024-10-20T19:41:49.972-0300] {logging_mixin.py:190} INFO - [2024-10-20T19:41:49.971-0300] {dag.py:4180} INFO - Setting next_dagrun for tutorial_objectstorage to None, run_after=None
[2024-10-20T19:41:50.000-0300] {processor.py:208} INFO - Processing /mnt/c/Users/Pato_/OneDrive/Documentos/ITBA/PYTHON_DATA_APP/itba/lib/python3.10/site-packages/airflow/example_dags/tutorial_objectstorage.py took 0.101 seconds
