[2024-10-20T18:37:03.195-0300] {processor.py:186} INFO - Started process (PID=285879) to work on /mnt/c/Users/Pato_/OneDrive/Documentos/ITBA/PYTHON_DATA_APP/itba/lib/python3.10/site-packages/airflow/example_dags/plugins/decreasing_priority_weight_strategy.py
[2024-10-20T18:37:03.196-0300] {processor.py:914} INFO - Processing file /mnt/c/Users/Pato_/OneDrive/Documentos/ITBA/PYTHON_DATA_APP/itba/lib/python3.10/site-packages/airflow/example_dags/plugins/decreasing_priority_weight_strategy.py for tasks to queue
[2024-10-20T18:37:03.198-0300] {logging_mixin.py:190} INFO - [2024-10-20T18:37:03.198-0300] {dagbag.py:588} INFO - Filling up the DagBag from /mnt/c/Users/Pato_/OneDrive/Documentos/ITBA/PYTHON_DATA_APP/itba/lib/python3.10/site-packages/airflow/example_dags/plugins/decreasing_priority_weight_strategy.py
[2024-10-20T18:37:03.212-0300] {processor.py:927} WARNING - No viable dags retrieved from /mnt/c/Users/Pato_/OneDrive/Documentos/ITBA/PYTHON_DATA_APP/itba/lib/python3.10/site-packages/airflow/example_dags/plugins/decreasing_priority_weight_strategy.py
[2024-10-20T18:37:03.224-0300] {processor.py:208} INFO - Processing /mnt/c/Users/Pato_/OneDrive/Documentos/ITBA/PYTHON_DATA_APP/itba/lib/python3.10/site-packages/airflow/example_dags/plugins/decreasing_priority_weight_strategy.py took 0.036 seconds
[2024-10-20T18:59:54.147-0300] {processor.py:186} INFO - Started process (PID=298469) to work on /mnt/c/Users/Pato_/OneDrive/Documentos/ITBA/PYTHON_DATA_APP/itba/lib/python3.10/site-packages/airflow/example_dags/plugins/decreasing_priority_weight_strategy.py
[2024-10-20T18:59:54.148-0300] {processor.py:914} INFO - Processing file /mnt/c/Users/Pato_/OneDrive/Documentos/ITBA/PYTHON_DATA_APP/itba/lib/python3.10/site-packages/airflow/example_dags/plugins/decreasing_priority_weight_strategy.py for tasks to queue
[2024-10-20T18:59:54.150-0300] {logging_mixin.py:190} INFO - [2024-10-20T18:59:54.149-0300] {dagbag.py:588} INFO - Filling up the DagBag from /mnt/c/Users/Pato_/OneDrive/Documentos/ITBA/PYTHON_DATA_APP/itba/lib/python3.10/site-packages/airflow/example_dags/plugins/decreasing_priority_weight_strategy.py
[2024-10-20T18:59:54.162-0300] {processor.py:927} WARNING - No viable dags retrieved from /mnt/c/Users/Pato_/OneDrive/Documentos/ITBA/PYTHON_DATA_APP/itba/lib/python3.10/site-packages/airflow/example_dags/plugins/decreasing_priority_weight_strategy.py
[2024-10-20T18:59:54.172-0300] {processor.py:208} INFO - Processing /mnt/c/Users/Pato_/OneDrive/Documentos/ITBA/PYTHON_DATA_APP/itba/lib/python3.10/site-packages/airflow/example_dags/plugins/decreasing_priority_weight_strategy.py took 0.032 seconds
[2024-10-20T19:02:23.568-0300] {processor.py:186} INFO - Started process (PID=299765) to work on /mnt/c/Users/Pato_/OneDrive/Documentos/ITBA/PYTHON_DATA_APP/itba/lib/python3.10/site-packages/airflow/example_dags/plugins/decreasing_priority_weight_strategy.py
[2024-10-20T19:02:23.569-0300] {processor.py:914} INFO - Processing file /mnt/c/Users/Pato_/OneDrive/Documentos/ITBA/PYTHON_DATA_APP/itba/lib/python3.10/site-packages/airflow/example_dags/plugins/decreasing_priority_weight_strategy.py for tasks to queue
[2024-10-20T19:02:23.571-0300] {logging_mixin.py:190} INFO - [2024-10-20T19:02:23.570-0300] {dagbag.py:588} INFO - Filling up the DagBag from /mnt/c/Users/Pato_/OneDrive/Documentos/ITBA/PYTHON_DATA_APP/itba/lib/python3.10/site-packages/airflow/example_dags/plugins/decreasing_priority_weight_strategy.py
[2024-10-20T19:02:23.585-0300] {processor.py:927} WARNING - No viable dags retrieved from /mnt/c/Users/Pato_/OneDrive/Documentos/ITBA/PYTHON_DATA_APP/itba/lib/python3.10/site-packages/airflow/example_dags/plugins/decreasing_priority_weight_strategy.py
[2024-10-20T19:02:23.597-0300] {processor.py:208} INFO - Processing /mnt/c/Users/Pato_/OneDrive/Documentos/ITBA/PYTHON_DATA_APP/itba/lib/python3.10/site-packages/airflow/example_dags/plugins/decreasing_priority_weight_strategy.py took 0.036 seconds
[2024-10-20T19:03:17.924-0300] {processor.py:186} INFO - Started process (PID=300191) to work on /mnt/c/Users/Pato_/OneDrive/Documentos/ITBA/PYTHON_DATA_APP/itba/lib/python3.10/site-packages/airflow/example_dags/plugins/decreasing_priority_weight_strategy.py
[2024-10-20T19:03:17.925-0300] {processor.py:914} INFO - Processing file /mnt/c/Users/Pato_/OneDrive/Documentos/ITBA/PYTHON_DATA_APP/itba/lib/python3.10/site-packages/airflow/example_dags/plugins/decreasing_priority_weight_strategy.py for tasks to queue
[2024-10-20T19:03:17.927-0300] {logging_mixin.py:190} INFO - [2024-10-20T19:03:17.926-0300] {dagbag.py:588} INFO - Filling up the DagBag from /mnt/c/Users/Pato_/OneDrive/Documentos/ITBA/PYTHON_DATA_APP/itba/lib/python3.10/site-packages/airflow/example_dags/plugins/decreasing_priority_weight_strategy.py
[2024-10-20T19:03:17.941-0300] {processor.py:927} WARNING - No viable dags retrieved from /mnt/c/Users/Pato_/OneDrive/Documentos/ITBA/PYTHON_DATA_APP/itba/lib/python3.10/site-packages/airflow/example_dags/plugins/decreasing_priority_weight_strategy.py
[2024-10-20T19:03:17.952-0300] {processor.py:208} INFO - Processing /mnt/c/Users/Pato_/OneDrive/Documentos/ITBA/PYTHON_DATA_APP/itba/lib/python3.10/site-packages/airflow/example_dags/plugins/decreasing_priority_weight_strategy.py took 0.035 seconds
[2024-10-20T19:03:52.580-0300] {processor.py:186} INFO - Started process (PID=300462) to work on /mnt/c/Users/Pato_/OneDrive/Documentos/ITBA/PYTHON_DATA_APP/itba/lib/python3.10/site-packages/airflow/example_dags/plugins/decreasing_priority_weight_strategy.py
[2024-10-20T19:03:52.581-0300] {processor.py:914} INFO - Processing file /mnt/c/Users/Pato_/OneDrive/Documentos/ITBA/PYTHON_DATA_APP/itba/lib/python3.10/site-packages/airflow/example_dags/plugins/decreasing_priority_weight_strategy.py for tasks to queue
[2024-10-20T19:03:52.583-0300] {logging_mixin.py:190} INFO - [2024-10-20T19:03:52.583-0300] {dagbag.py:588} INFO - Filling up the DagBag from /mnt/c/Users/Pato_/OneDrive/Documentos/ITBA/PYTHON_DATA_APP/itba/lib/python3.10/site-packages/airflow/example_dags/plugins/decreasing_priority_weight_strategy.py
[2024-10-20T19:03:52.596-0300] {processor.py:927} WARNING - No viable dags retrieved from /mnt/c/Users/Pato_/OneDrive/Documentos/ITBA/PYTHON_DATA_APP/itba/lib/python3.10/site-packages/airflow/example_dags/plugins/decreasing_priority_weight_strategy.py
[2024-10-20T19:03:52.607-0300] {processor.py:208} INFO - Processing /mnt/c/Users/Pato_/OneDrive/Documentos/ITBA/PYTHON_DATA_APP/itba/lib/python3.10/site-packages/airflow/example_dags/plugins/decreasing_priority_weight_strategy.py took 0.034 seconds
[2024-10-20T19:04:29.848-0300] {processor.py:186} INFO - Started process (PID=300851) to work on /mnt/c/Users/Pato_/OneDrive/Documentos/ITBA/PYTHON_DATA_APP/itba/lib/python3.10/site-packages/airflow/example_dags/plugins/decreasing_priority_weight_strategy.py
[2024-10-20T19:04:29.849-0300] {processor.py:914} INFO - Processing file /mnt/c/Users/Pato_/OneDrive/Documentos/ITBA/PYTHON_DATA_APP/itba/lib/python3.10/site-packages/airflow/example_dags/plugins/decreasing_priority_weight_strategy.py for tasks to queue
[2024-10-20T19:04:29.851-0300] {logging_mixin.py:190} INFO - [2024-10-20T19:04:29.851-0300] {dagbag.py:588} INFO - Filling up the DagBag from /mnt/c/Users/Pato_/OneDrive/Documentos/ITBA/PYTHON_DATA_APP/itba/lib/python3.10/site-packages/airflow/example_dags/plugins/decreasing_priority_weight_strategy.py
[2024-10-20T19:04:29.865-0300] {processor.py:927} WARNING - No viable dags retrieved from /mnt/c/Users/Pato_/OneDrive/Documentos/ITBA/PYTHON_DATA_APP/itba/lib/python3.10/site-packages/airflow/example_dags/plugins/decreasing_priority_weight_strategy.py
[2024-10-20T19:04:29.876-0300] {processor.py:208} INFO - Processing /mnt/c/Users/Pato_/OneDrive/Documentos/ITBA/PYTHON_DATA_APP/itba/lib/python3.10/site-packages/airflow/example_dags/plugins/decreasing_priority_weight_strategy.py took 0.035 seconds
[2024-10-20T19:05:04.181-0300] {processor.py:186} INFO - Started process (PID=301276) to work on /mnt/c/Users/Pato_/OneDrive/Documentos/ITBA/PYTHON_DATA_APP/itba/lib/python3.10/site-packages/airflow/example_dags/plugins/decreasing_priority_weight_strategy.py
[2024-10-20T19:05:04.182-0300] {processor.py:914} INFO - Processing file /mnt/c/Users/Pato_/OneDrive/Documentos/ITBA/PYTHON_DATA_APP/itba/lib/python3.10/site-packages/airflow/example_dags/plugins/decreasing_priority_weight_strategy.py for tasks to queue
[2024-10-20T19:05:04.184-0300] {logging_mixin.py:190} INFO - [2024-10-20T19:05:04.183-0300] {dagbag.py:588} INFO - Filling up the DagBag from /mnt/c/Users/Pato_/OneDrive/Documentos/ITBA/PYTHON_DATA_APP/itba/lib/python3.10/site-packages/airflow/example_dags/plugins/decreasing_priority_weight_strategy.py
[2024-10-20T19:05:04.197-0300] {processor.py:927} WARNING - No viable dags retrieved from /mnt/c/Users/Pato_/OneDrive/Documentos/ITBA/PYTHON_DATA_APP/itba/lib/python3.10/site-packages/airflow/example_dags/plugins/decreasing_priority_weight_strategy.py
[2024-10-20T19:05:04.207-0300] {processor.py:208} INFO - Processing /mnt/c/Users/Pato_/OneDrive/Documentos/ITBA/PYTHON_DATA_APP/itba/lib/python3.10/site-packages/airflow/example_dags/plugins/decreasing_priority_weight_strategy.py took 0.033 seconds
[2024-10-20T19:07:41.112-0300] {processor.py:186} INFO - Started process (PID=303423) to work on /mnt/c/Users/Pato_/OneDrive/Documentos/ITBA/PYTHON_DATA_APP/itba/lib/python3.10/site-packages/airflow/example_dags/plugins/decreasing_priority_weight_strategy.py
[2024-10-20T19:07:41.113-0300] {processor.py:914} INFO - Processing file /mnt/c/Users/Pato_/OneDrive/Documentos/ITBA/PYTHON_DATA_APP/itba/lib/python3.10/site-packages/airflow/example_dags/plugins/decreasing_priority_weight_strategy.py for tasks to queue
[2024-10-20T19:07:41.115-0300] {logging_mixin.py:190} INFO - [2024-10-20T19:07:41.114-0300] {dagbag.py:588} INFO - Filling up the DagBag from /mnt/c/Users/Pato_/OneDrive/Documentos/ITBA/PYTHON_DATA_APP/itba/lib/python3.10/site-packages/airflow/example_dags/plugins/decreasing_priority_weight_strategy.py
[2024-10-20T19:07:41.128-0300] {processor.py:927} WARNING - No viable dags retrieved from /mnt/c/Users/Pato_/OneDrive/Documentos/ITBA/PYTHON_DATA_APP/itba/lib/python3.10/site-packages/airflow/example_dags/plugins/decreasing_priority_weight_strategy.py
[2024-10-20T19:07:41.139-0300] {processor.py:208} INFO - Processing /mnt/c/Users/Pato_/OneDrive/Documentos/ITBA/PYTHON_DATA_APP/itba/lib/python3.10/site-packages/airflow/example_dags/plugins/decreasing_priority_weight_strategy.py took 0.034 seconds
[2024-10-20T19:08:33.637-0300] {processor.py:186} INFO - Started process (PID=303835) to work on /mnt/c/Users/Pato_/OneDrive/Documentos/ITBA/PYTHON_DATA_APP/itba/lib/python3.10/site-packages/airflow/example_dags/plugins/decreasing_priority_weight_strategy.py
[2024-10-20T19:08:33.638-0300] {processor.py:914} INFO - Processing file /mnt/c/Users/Pato_/OneDrive/Documentos/ITBA/PYTHON_DATA_APP/itba/lib/python3.10/site-packages/airflow/example_dags/plugins/decreasing_priority_weight_strategy.py for tasks to queue
[2024-10-20T19:08:33.640-0300] {logging_mixin.py:190} INFO - [2024-10-20T19:08:33.639-0300] {dagbag.py:588} INFO - Filling up the DagBag from /mnt/c/Users/Pato_/OneDrive/Documentos/ITBA/PYTHON_DATA_APP/itba/lib/python3.10/site-packages/airflow/example_dags/plugins/decreasing_priority_weight_strategy.py
[2024-10-20T19:08:33.652-0300] {processor.py:927} WARNING - No viable dags retrieved from /mnt/c/Users/Pato_/OneDrive/Documentos/ITBA/PYTHON_DATA_APP/itba/lib/python3.10/site-packages/airflow/example_dags/plugins/decreasing_priority_weight_strategy.py
[2024-10-20T19:08:33.663-0300] {processor.py:208} INFO - Processing /mnt/c/Users/Pato_/OneDrive/Documentos/ITBA/PYTHON_DATA_APP/itba/lib/python3.10/site-packages/airflow/example_dags/plugins/decreasing_priority_weight_strategy.py took 0.032 seconds
[2024-10-20T19:09:36.441-0300] {processor.py:186} INFO - Started process (PID=304391) to work on /mnt/c/Users/Pato_/OneDrive/Documentos/ITBA/PYTHON_DATA_APP/itba/lib/python3.10/site-packages/airflow/example_dags/plugins/decreasing_priority_weight_strategy.py
[2024-10-20T19:09:36.442-0300] {processor.py:914} INFO - Processing file /mnt/c/Users/Pato_/OneDrive/Documentos/ITBA/PYTHON_DATA_APP/itba/lib/python3.10/site-packages/airflow/example_dags/plugins/decreasing_priority_weight_strategy.py for tasks to queue
[2024-10-20T19:09:36.444-0300] {logging_mixin.py:190} INFO - [2024-10-20T19:09:36.443-0300] {dagbag.py:588} INFO - Filling up the DagBag from /mnt/c/Users/Pato_/OneDrive/Documentos/ITBA/PYTHON_DATA_APP/itba/lib/python3.10/site-packages/airflow/example_dags/plugins/decreasing_priority_weight_strategy.py
[2024-10-20T19:09:36.457-0300] {processor.py:927} WARNING - No viable dags retrieved from /mnt/c/Users/Pato_/OneDrive/Documentos/ITBA/PYTHON_DATA_APP/itba/lib/python3.10/site-packages/airflow/example_dags/plugins/decreasing_priority_weight_strategy.py
[2024-10-20T19:09:36.467-0300] {processor.py:208} INFO - Processing /mnt/c/Users/Pato_/OneDrive/Documentos/ITBA/PYTHON_DATA_APP/itba/lib/python3.10/site-packages/airflow/example_dags/plugins/decreasing_priority_weight_strategy.py took 0.033 seconds
[2024-10-20T19:10:11.379-0300] {processor.py:186} INFO - Started process (PID=304689) to work on /mnt/c/Users/Pato_/OneDrive/Documentos/ITBA/PYTHON_DATA_APP/itba/lib/python3.10/site-packages/airflow/example_dags/plugins/decreasing_priority_weight_strategy.py
[2024-10-20T19:10:11.380-0300] {processor.py:914} INFO - Processing file /mnt/c/Users/Pato_/OneDrive/Documentos/ITBA/PYTHON_DATA_APP/itba/lib/python3.10/site-packages/airflow/example_dags/plugins/decreasing_priority_weight_strategy.py for tasks to queue
[2024-10-20T19:10:11.381-0300] {logging_mixin.py:190} INFO - [2024-10-20T19:10:11.381-0300] {dagbag.py:588} INFO - Filling up the DagBag from /mnt/c/Users/Pato_/OneDrive/Documentos/ITBA/PYTHON_DATA_APP/itba/lib/python3.10/site-packages/airflow/example_dags/plugins/decreasing_priority_weight_strategy.py
[2024-10-20T19:10:11.394-0300] {processor.py:927} WARNING - No viable dags retrieved from /mnt/c/Users/Pato_/OneDrive/Documentos/ITBA/PYTHON_DATA_APP/itba/lib/python3.10/site-packages/airflow/example_dags/plugins/decreasing_priority_weight_strategy.py
[2024-10-20T19:10:11.404-0300] {processor.py:208} INFO - Processing /mnt/c/Users/Pato_/OneDrive/Documentos/ITBA/PYTHON_DATA_APP/itba/lib/python3.10/site-packages/airflow/example_dags/plugins/decreasing_priority_weight_strategy.py took 0.032 seconds
[2024-10-20T19:11:18.618-0300] {processor.py:186} INFO - Started process (PID=305214) to work on /mnt/c/Users/Pato_/OneDrive/Documentos/ITBA/PYTHON_DATA_APP/itba/lib/python3.10/site-packages/airflow/example_dags/plugins/decreasing_priority_weight_strategy.py
[2024-10-20T19:11:18.619-0300] {processor.py:914} INFO - Processing file /mnt/c/Users/Pato_/OneDrive/Documentos/ITBA/PYTHON_DATA_APP/itba/lib/python3.10/site-packages/airflow/example_dags/plugins/decreasing_priority_weight_strategy.py for tasks to queue
[2024-10-20T19:11:18.621-0300] {logging_mixin.py:190} INFO - [2024-10-20T19:11:18.620-0300] {dagbag.py:588} INFO - Filling up the DagBag from /mnt/c/Users/Pato_/OneDrive/Documentos/ITBA/PYTHON_DATA_APP/itba/lib/python3.10/site-packages/airflow/example_dags/plugins/decreasing_priority_weight_strategy.py
[2024-10-20T19:11:18.634-0300] {processor.py:927} WARNING - No viable dags retrieved from /mnt/c/Users/Pato_/OneDrive/Documentos/ITBA/PYTHON_DATA_APP/itba/lib/python3.10/site-packages/airflow/example_dags/plugins/decreasing_priority_weight_strategy.py
[2024-10-20T19:11:18.644-0300] {processor.py:208} INFO - Processing /mnt/c/Users/Pato_/OneDrive/Documentos/ITBA/PYTHON_DATA_APP/itba/lib/python3.10/site-packages/airflow/example_dags/plugins/decreasing_priority_weight_strategy.py took 0.033 seconds
[2024-10-20T19:11:53.456-0300] {processor.py:186} INFO - Started process (PID=305485) to work on /mnt/c/Users/Pato_/OneDrive/Documentos/ITBA/PYTHON_DATA_APP/itba/lib/python3.10/site-packages/airflow/example_dags/plugins/decreasing_priority_weight_strategy.py
[2024-10-20T19:11:53.457-0300] {processor.py:914} INFO - Processing file /mnt/c/Users/Pato_/OneDrive/Documentos/ITBA/PYTHON_DATA_APP/itba/lib/python3.10/site-packages/airflow/example_dags/plugins/decreasing_priority_weight_strategy.py for tasks to queue
[2024-10-20T19:11:53.459-0300] {logging_mixin.py:190} INFO - [2024-10-20T19:11:53.458-0300] {dagbag.py:588} INFO - Filling up the DagBag from /mnt/c/Users/Pato_/OneDrive/Documentos/ITBA/PYTHON_DATA_APP/itba/lib/python3.10/site-packages/airflow/example_dags/plugins/decreasing_priority_weight_strategy.py
[2024-10-20T19:11:53.472-0300] {processor.py:927} WARNING - No viable dags retrieved from /mnt/c/Users/Pato_/OneDrive/Documentos/ITBA/PYTHON_DATA_APP/itba/lib/python3.10/site-packages/airflow/example_dags/plugins/decreasing_priority_weight_strategy.py
[2024-10-20T19:11:53.482-0300] {processor.py:208} INFO - Processing /mnt/c/Users/Pato_/OneDrive/Documentos/ITBA/PYTHON_DATA_APP/itba/lib/python3.10/site-packages/airflow/example_dags/plugins/decreasing_priority_weight_strategy.py took 0.033 seconds
[2024-10-20T19:12:28.561-0300] {processor.py:186} INFO - Started process (PID=305757) to work on /mnt/c/Users/Pato_/OneDrive/Documentos/ITBA/PYTHON_DATA_APP/itba/lib/python3.10/site-packages/airflow/example_dags/plugins/decreasing_priority_weight_strategy.py
[2024-10-20T19:12:28.562-0300] {processor.py:914} INFO - Processing file /mnt/c/Users/Pato_/OneDrive/Documentos/ITBA/PYTHON_DATA_APP/itba/lib/python3.10/site-packages/airflow/example_dags/plugins/decreasing_priority_weight_strategy.py for tasks to queue
[2024-10-20T19:12:28.564-0300] {logging_mixin.py:190} INFO - [2024-10-20T19:12:28.563-0300] {dagbag.py:588} INFO - Filling up the DagBag from /mnt/c/Users/Pato_/OneDrive/Documentos/ITBA/PYTHON_DATA_APP/itba/lib/python3.10/site-packages/airflow/example_dags/plugins/decreasing_priority_weight_strategy.py
[2024-10-20T19:12:28.577-0300] {processor.py:927} WARNING - No viable dags retrieved from /mnt/c/Users/Pato_/OneDrive/Documentos/ITBA/PYTHON_DATA_APP/itba/lib/python3.10/site-packages/airflow/example_dags/plugins/decreasing_priority_weight_strategy.py
[2024-10-20T19:12:28.587-0300] {processor.py:208} INFO - Processing /mnt/c/Users/Pato_/OneDrive/Documentos/ITBA/PYTHON_DATA_APP/itba/lib/python3.10/site-packages/airflow/example_dags/plugins/decreasing_priority_weight_strategy.py took 0.033 seconds
[2024-10-20T19:13:30.463-0300] {processor.py:186} INFO - Started process (PID=306246) to work on /mnt/c/Users/Pato_/OneDrive/Documentos/ITBA/PYTHON_DATA_APP/itba/lib/python3.10/site-packages/airflow/example_dags/plugins/decreasing_priority_weight_strategy.py
[2024-10-20T19:13:30.464-0300] {processor.py:914} INFO - Processing file /mnt/c/Users/Pato_/OneDrive/Documentos/ITBA/PYTHON_DATA_APP/itba/lib/python3.10/site-packages/airflow/example_dags/plugins/decreasing_priority_weight_strategy.py for tasks to queue
[2024-10-20T19:13:30.466-0300] {logging_mixin.py:190} INFO - [2024-10-20T19:13:30.465-0300] {dagbag.py:588} INFO - Filling up the DagBag from /mnt/c/Users/Pato_/OneDrive/Documentos/ITBA/PYTHON_DATA_APP/itba/lib/python3.10/site-packages/airflow/example_dags/plugins/decreasing_priority_weight_strategy.py
[2024-10-20T19:13:30.479-0300] {processor.py:927} WARNING - No viable dags retrieved from /mnt/c/Users/Pato_/OneDrive/Documentos/ITBA/PYTHON_DATA_APP/itba/lib/python3.10/site-packages/airflow/example_dags/plugins/decreasing_priority_weight_strategy.py
[2024-10-20T19:13:30.489-0300] {processor.py:208} INFO - Processing /mnt/c/Users/Pato_/OneDrive/Documentos/ITBA/PYTHON_DATA_APP/itba/lib/python3.10/site-packages/airflow/example_dags/plugins/decreasing_priority_weight_strategy.py took 0.033 seconds
[2024-10-20T19:14:39.046-0300] {processor.py:186} INFO - Started process (PID=306782) to work on /mnt/c/Users/Pato_/OneDrive/Documentos/ITBA/PYTHON_DATA_APP/itba/lib/python3.10/site-packages/airflow/example_dags/plugins/decreasing_priority_weight_strategy.py
[2024-10-20T19:14:39.047-0300] {processor.py:914} INFO - Processing file /mnt/c/Users/Pato_/OneDrive/Documentos/ITBA/PYTHON_DATA_APP/itba/lib/python3.10/site-packages/airflow/example_dags/plugins/decreasing_priority_weight_strategy.py for tasks to queue
[2024-10-20T19:14:39.049-0300] {logging_mixin.py:190} INFO - [2024-10-20T19:14:39.049-0300] {dagbag.py:588} INFO - Filling up the DagBag from /mnt/c/Users/Pato_/OneDrive/Documentos/ITBA/PYTHON_DATA_APP/itba/lib/python3.10/site-packages/airflow/example_dags/plugins/decreasing_priority_weight_strategy.py
[2024-10-20T19:14:39.062-0300] {processor.py:927} WARNING - No viable dags retrieved from /mnt/c/Users/Pato_/OneDrive/Documentos/ITBA/PYTHON_DATA_APP/itba/lib/python3.10/site-packages/airflow/example_dags/plugins/decreasing_priority_weight_strategy.py
[2024-10-20T19:14:39.072-0300] {processor.py:208} INFO - Processing /mnt/c/Users/Pato_/OneDrive/Documentos/ITBA/PYTHON_DATA_APP/itba/lib/python3.10/site-packages/airflow/example_dags/plugins/decreasing_priority_weight_strategy.py took 0.033 seconds
[2024-10-20T19:15:15.607-0300] {processor.py:186} INFO - Started process (PID=307093) to work on /mnt/c/Users/Pato_/OneDrive/Documentos/ITBA/PYTHON_DATA_APP/itba/lib/python3.10/site-packages/airflow/example_dags/plugins/decreasing_priority_weight_strategy.py
[2024-10-20T19:15:15.608-0300] {processor.py:914} INFO - Processing file /mnt/c/Users/Pato_/OneDrive/Documentos/ITBA/PYTHON_DATA_APP/itba/lib/python3.10/site-packages/airflow/example_dags/plugins/decreasing_priority_weight_strategy.py for tasks to queue
[2024-10-20T19:15:15.610-0300] {logging_mixin.py:190} INFO - [2024-10-20T19:15:15.609-0300] {dagbag.py:588} INFO - Filling up the DagBag from /mnt/c/Users/Pato_/OneDrive/Documentos/ITBA/PYTHON_DATA_APP/itba/lib/python3.10/site-packages/airflow/example_dags/plugins/decreasing_priority_weight_strategy.py
[2024-10-20T19:15:15.623-0300] {processor.py:927} WARNING - No viable dags retrieved from /mnt/c/Users/Pato_/OneDrive/Documentos/ITBA/PYTHON_DATA_APP/itba/lib/python3.10/site-packages/airflow/example_dags/plugins/decreasing_priority_weight_strategy.py
[2024-10-20T19:15:15.633-0300] {processor.py:208} INFO - Processing /mnt/c/Users/Pato_/OneDrive/Documentos/ITBA/PYTHON_DATA_APP/itba/lib/python3.10/site-packages/airflow/example_dags/plugins/decreasing_priority_weight_strategy.py took 0.033 seconds
[2024-10-20T19:16:23.201-0300] {processor.py:186} INFO - Started process (PID=307619) to work on /mnt/c/Users/Pato_/OneDrive/Documentos/ITBA/PYTHON_DATA_APP/itba/lib/python3.10/site-packages/airflow/example_dags/plugins/decreasing_priority_weight_strategy.py
[2024-10-20T19:16:23.202-0300] {processor.py:914} INFO - Processing file /mnt/c/Users/Pato_/OneDrive/Documentos/ITBA/PYTHON_DATA_APP/itba/lib/python3.10/site-packages/airflow/example_dags/plugins/decreasing_priority_weight_strategy.py for tasks to queue
[2024-10-20T19:16:23.204-0300] {logging_mixin.py:190} INFO - [2024-10-20T19:16:23.203-0300] {dagbag.py:588} INFO - Filling up the DagBag from /mnt/c/Users/Pato_/OneDrive/Documentos/ITBA/PYTHON_DATA_APP/itba/lib/python3.10/site-packages/airflow/example_dags/plugins/decreasing_priority_weight_strategy.py
[2024-10-20T19:16:23.217-0300] {processor.py:927} WARNING - No viable dags retrieved from /mnt/c/Users/Pato_/OneDrive/Documentos/ITBA/PYTHON_DATA_APP/itba/lib/python3.10/site-packages/airflow/example_dags/plugins/decreasing_priority_weight_strategy.py
[2024-10-20T19:16:23.227-0300] {processor.py:208} INFO - Processing /mnt/c/Users/Pato_/OneDrive/Documentos/ITBA/PYTHON_DATA_APP/itba/lib/python3.10/site-packages/airflow/example_dags/plugins/decreasing_priority_weight_strategy.py took 0.033 seconds
[2024-10-20T19:16:57.359-0300] {processor.py:186} INFO - Started process (PID=307887) to work on /mnt/c/Users/Pato_/OneDrive/Documentos/ITBA/PYTHON_DATA_APP/itba/lib/python3.10/site-packages/airflow/example_dags/plugins/decreasing_priority_weight_strategy.py
[2024-10-20T19:16:57.360-0300] {processor.py:914} INFO - Processing file /mnt/c/Users/Pato_/OneDrive/Documentos/ITBA/PYTHON_DATA_APP/itba/lib/python3.10/site-packages/airflow/example_dags/plugins/decreasing_priority_weight_strategy.py for tasks to queue
[2024-10-20T19:16:57.362-0300] {logging_mixin.py:190} INFO - [2024-10-20T19:16:57.362-0300] {dagbag.py:588} INFO - Filling up the DagBag from /mnt/c/Users/Pato_/OneDrive/Documentos/ITBA/PYTHON_DATA_APP/itba/lib/python3.10/site-packages/airflow/example_dags/plugins/decreasing_priority_weight_strategy.py
[2024-10-20T19:16:57.375-0300] {processor.py:927} WARNING - No viable dags retrieved from /mnt/c/Users/Pato_/OneDrive/Documentos/ITBA/PYTHON_DATA_APP/itba/lib/python3.10/site-packages/airflow/example_dags/plugins/decreasing_priority_weight_strategy.py
[2024-10-20T19:16:57.385-0300] {processor.py:208} INFO - Processing /mnt/c/Users/Pato_/OneDrive/Documentos/ITBA/PYTHON_DATA_APP/itba/lib/python3.10/site-packages/airflow/example_dags/plugins/decreasing_priority_weight_strategy.py took 0.033 seconds
[2024-10-20T19:17:35.131-0300] {processor.py:186} INFO - Started process (PID=308179) to work on /mnt/c/Users/Pato_/OneDrive/Documentos/ITBA/PYTHON_DATA_APP/itba/lib/python3.10/site-packages/airflow/example_dags/plugins/decreasing_priority_weight_strategy.py
[2024-10-20T19:17:35.132-0300] {processor.py:914} INFO - Processing file /mnt/c/Users/Pato_/OneDrive/Documentos/ITBA/PYTHON_DATA_APP/itba/lib/python3.10/site-packages/airflow/example_dags/plugins/decreasing_priority_weight_strategy.py for tasks to queue
[2024-10-20T19:17:35.134-0300] {logging_mixin.py:190} INFO - [2024-10-20T19:17:35.134-0300] {dagbag.py:588} INFO - Filling up the DagBag from /mnt/c/Users/Pato_/OneDrive/Documentos/ITBA/PYTHON_DATA_APP/itba/lib/python3.10/site-packages/airflow/example_dags/plugins/decreasing_priority_weight_strategy.py
[2024-10-20T19:17:35.148-0300] {processor.py:927} WARNING - No viable dags retrieved from /mnt/c/Users/Pato_/OneDrive/Documentos/ITBA/PYTHON_DATA_APP/itba/lib/python3.10/site-packages/airflow/example_dags/plugins/decreasing_priority_weight_strategy.py
[2024-10-20T19:17:35.158-0300] {processor.py:208} INFO - Processing /mnt/c/Users/Pato_/OneDrive/Documentos/ITBA/PYTHON_DATA_APP/itba/lib/python3.10/site-packages/airflow/example_dags/plugins/decreasing_priority_weight_strategy.py took 0.034 seconds
[2024-10-20T19:18:13.371-0300] {processor.py:186} INFO - Started process (PID=308477) to work on /mnt/c/Users/Pato_/OneDrive/Documentos/ITBA/PYTHON_DATA_APP/itba/lib/python3.10/site-packages/airflow/example_dags/plugins/decreasing_priority_weight_strategy.py
[2024-10-20T19:18:13.372-0300] {processor.py:914} INFO - Processing file /mnt/c/Users/Pato_/OneDrive/Documentos/ITBA/PYTHON_DATA_APP/itba/lib/python3.10/site-packages/airflow/example_dags/plugins/decreasing_priority_weight_strategy.py for tasks to queue
[2024-10-20T19:18:13.374-0300] {logging_mixin.py:190} INFO - [2024-10-20T19:18:13.373-0300] {dagbag.py:588} INFO - Filling up the DagBag from /mnt/c/Users/Pato_/OneDrive/Documentos/ITBA/PYTHON_DATA_APP/itba/lib/python3.10/site-packages/airflow/example_dags/plugins/decreasing_priority_weight_strategy.py
[2024-10-20T19:18:13.387-0300] {processor.py:927} WARNING - No viable dags retrieved from /mnt/c/Users/Pato_/OneDrive/Documentos/ITBA/PYTHON_DATA_APP/itba/lib/python3.10/site-packages/airflow/example_dags/plugins/decreasing_priority_weight_strategy.py
[2024-10-20T19:18:13.397-0300] {processor.py:208} INFO - Processing /mnt/c/Users/Pato_/OneDrive/Documentos/ITBA/PYTHON_DATA_APP/itba/lib/python3.10/site-packages/airflow/example_dags/plugins/decreasing_priority_weight_strategy.py took 0.033 seconds
[2024-10-20T19:18:48.342-0300] {processor.py:186} INFO - Started process (PID=308749) to work on /mnt/c/Users/Pato_/OneDrive/Documentos/ITBA/PYTHON_DATA_APP/itba/lib/python3.10/site-packages/airflow/example_dags/plugins/decreasing_priority_weight_strategy.py
[2024-10-20T19:18:48.343-0300] {processor.py:914} INFO - Processing file /mnt/c/Users/Pato_/OneDrive/Documentos/ITBA/PYTHON_DATA_APP/itba/lib/python3.10/site-packages/airflow/example_dags/plugins/decreasing_priority_weight_strategy.py for tasks to queue
[2024-10-20T19:18:48.346-0300] {logging_mixin.py:190} INFO - [2024-10-20T19:18:48.345-0300] {dagbag.py:588} INFO - Filling up the DagBag from /mnt/c/Users/Pato_/OneDrive/Documentos/ITBA/PYTHON_DATA_APP/itba/lib/python3.10/site-packages/airflow/example_dags/plugins/decreasing_priority_weight_strategy.py
[2024-10-20T19:18:48.359-0300] {processor.py:927} WARNING - No viable dags retrieved from /mnt/c/Users/Pato_/OneDrive/Documentos/ITBA/PYTHON_DATA_APP/itba/lib/python3.10/site-packages/airflow/example_dags/plugins/decreasing_priority_weight_strategy.py
[2024-10-20T19:18:48.369-0300] {processor.py:208} INFO - Processing /mnt/c/Users/Pato_/OneDrive/Documentos/ITBA/PYTHON_DATA_APP/itba/lib/python3.10/site-packages/airflow/example_dags/plugins/decreasing_priority_weight_strategy.py took 0.034 seconds
[2024-10-20T19:19:24.623-0300] {processor.py:186} INFO - Started process (PID=309030) to work on /mnt/c/Users/Pato_/OneDrive/Documentos/ITBA/PYTHON_DATA_APP/itba/lib/python3.10/site-packages/airflow/example_dags/plugins/decreasing_priority_weight_strategy.py
[2024-10-20T19:19:24.624-0300] {processor.py:914} INFO - Processing file /mnt/c/Users/Pato_/OneDrive/Documentos/ITBA/PYTHON_DATA_APP/itba/lib/python3.10/site-packages/airflow/example_dags/plugins/decreasing_priority_weight_strategy.py for tasks to queue
[2024-10-20T19:19:24.626-0300] {logging_mixin.py:190} INFO - [2024-10-20T19:19:24.626-0300] {dagbag.py:588} INFO - Filling up the DagBag from /mnt/c/Users/Pato_/OneDrive/Documentos/ITBA/PYTHON_DATA_APP/itba/lib/python3.10/site-packages/airflow/example_dags/plugins/decreasing_priority_weight_strategy.py
[2024-10-20T19:19:24.639-0300] {processor.py:927} WARNING - No viable dags retrieved from /mnt/c/Users/Pato_/OneDrive/Documentos/ITBA/PYTHON_DATA_APP/itba/lib/python3.10/site-packages/airflow/example_dags/plugins/decreasing_priority_weight_strategy.py
[2024-10-20T19:19:24.649-0300] {processor.py:208} INFO - Processing /mnt/c/Users/Pato_/OneDrive/Documentos/ITBA/PYTHON_DATA_APP/itba/lib/python3.10/site-packages/airflow/example_dags/plugins/decreasing_priority_weight_strategy.py took 0.032 seconds
[2024-10-20T19:20:01.227-0300] {processor.py:186} INFO - Started process (PID=309345) to work on /mnt/c/Users/Pato_/OneDrive/Documentos/ITBA/PYTHON_DATA_APP/itba/lib/python3.10/site-packages/airflow/example_dags/plugins/decreasing_priority_weight_strategy.py
[2024-10-20T19:20:01.228-0300] {processor.py:914} INFO - Processing file /mnt/c/Users/Pato_/OneDrive/Documentos/ITBA/PYTHON_DATA_APP/itba/lib/python3.10/site-packages/airflow/example_dags/plugins/decreasing_priority_weight_strategy.py for tasks to queue
[2024-10-20T19:20:01.230-0300] {logging_mixin.py:190} INFO - [2024-10-20T19:20:01.230-0300] {dagbag.py:588} INFO - Filling up the DagBag from /mnt/c/Users/Pato_/OneDrive/Documentos/ITBA/PYTHON_DATA_APP/itba/lib/python3.10/site-packages/airflow/example_dags/plugins/decreasing_priority_weight_strategy.py
[2024-10-20T19:20:01.243-0300] {processor.py:927} WARNING - No viable dags retrieved from /mnt/c/Users/Pato_/OneDrive/Documentos/ITBA/PYTHON_DATA_APP/itba/lib/python3.10/site-packages/airflow/example_dags/plugins/decreasing_priority_weight_strategy.py
[2024-10-20T19:20:01.255-0300] {processor.py:208} INFO - Processing /mnt/c/Users/Pato_/OneDrive/Documentos/ITBA/PYTHON_DATA_APP/itba/lib/python3.10/site-packages/airflow/example_dags/plugins/decreasing_priority_weight_strategy.py took 0.035 seconds
[2024-10-20T19:21:08.789-0300] {processor.py:186} INFO - Started process (PID=309939) to work on /mnt/c/Users/Pato_/OneDrive/Documentos/ITBA/PYTHON_DATA_APP/itba/lib/python3.10/site-packages/airflow/example_dags/plugins/decreasing_priority_weight_strategy.py
[2024-10-20T19:21:08.790-0300] {processor.py:914} INFO - Processing file /mnt/c/Users/Pato_/OneDrive/Documentos/ITBA/PYTHON_DATA_APP/itba/lib/python3.10/site-packages/airflow/example_dags/plugins/decreasing_priority_weight_strategy.py for tasks to queue
[2024-10-20T19:21:08.792-0300] {logging_mixin.py:190} INFO - [2024-10-20T19:21:08.791-0300] {dagbag.py:588} INFO - Filling up the DagBag from /mnt/c/Users/Pato_/OneDrive/Documentos/ITBA/PYTHON_DATA_APP/itba/lib/python3.10/site-packages/airflow/example_dags/plugins/decreasing_priority_weight_strategy.py
[2024-10-20T19:21:08.806-0300] {processor.py:927} WARNING - No viable dags retrieved from /mnt/c/Users/Pato_/OneDrive/Documentos/ITBA/PYTHON_DATA_APP/itba/lib/python3.10/site-packages/airflow/example_dags/plugins/decreasing_priority_weight_strategy.py
[2024-10-20T19:21:08.818-0300] {processor.py:208} INFO - Processing /mnt/c/Users/Pato_/OneDrive/Documentos/ITBA/PYTHON_DATA_APP/itba/lib/python3.10/site-packages/airflow/example_dags/plugins/decreasing_priority_weight_strategy.py took 0.036 seconds
[2024-10-20T19:22:15.173-0300] {processor.py:186} INFO - Started process (PID=310547) to work on /mnt/c/Users/Pato_/OneDrive/Documentos/ITBA/PYTHON_DATA_APP/itba/lib/python3.10/site-packages/airflow/example_dags/plugins/decreasing_priority_weight_strategy.py
[2024-10-20T19:22:15.174-0300] {processor.py:914} INFO - Processing file /mnt/c/Users/Pato_/OneDrive/Documentos/ITBA/PYTHON_DATA_APP/itba/lib/python3.10/site-packages/airflow/example_dags/plugins/decreasing_priority_weight_strategy.py for tasks to queue
[2024-10-20T19:22:15.176-0300] {logging_mixin.py:190} INFO - [2024-10-20T19:22:15.176-0300] {dagbag.py:588} INFO - Filling up the DagBag from /mnt/c/Users/Pato_/OneDrive/Documentos/ITBA/PYTHON_DATA_APP/itba/lib/python3.10/site-packages/airflow/example_dags/plugins/decreasing_priority_weight_strategy.py
[2024-10-20T19:22:15.189-0300] {processor.py:927} WARNING - No viable dags retrieved from /mnt/c/Users/Pato_/OneDrive/Documentos/ITBA/PYTHON_DATA_APP/itba/lib/python3.10/site-packages/airflow/example_dags/plugins/decreasing_priority_weight_strategy.py
[2024-10-20T19:22:15.199-0300] {processor.py:208} INFO - Processing /mnt/c/Users/Pato_/OneDrive/Documentos/ITBA/PYTHON_DATA_APP/itba/lib/python3.10/site-packages/airflow/example_dags/plugins/decreasing_priority_weight_strategy.py took 0.032 seconds
[2024-10-20T19:22:49.349-0300] {processor.py:186} INFO - Started process (PID=310816) to work on /mnt/c/Users/Pato_/OneDrive/Documentos/ITBA/PYTHON_DATA_APP/itba/lib/python3.10/site-packages/airflow/example_dags/plugins/decreasing_priority_weight_strategy.py
[2024-10-20T19:22:49.350-0300] {processor.py:914} INFO - Processing file /mnt/c/Users/Pato_/OneDrive/Documentos/ITBA/PYTHON_DATA_APP/itba/lib/python3.10/site-packages/airflow/example_dags/plugins/decreasing_priority_weight_strategy.py for tasks to queue
[2024-10-20T19:22:49.352-0300] {logging_mixin.py:190} INFO - [2024-10-20T19:22:49.352-0300] {dagbag.py:588} INFO - Filling up the DagBag from /mnt/c/Users/Pato_/OneDrive/Documentos/ITBA/PYTHON_DATA_APP/itba/lib/python3.10/site-packages/airflow/example_dags/plugins/decreasing_priority_weight_strategy.py
[2024-10-20T19:22:49.365-0300] {processor.py:927} WARNING - No viable dags retrieved from /mnt/c/Users/Pato_/OneDrive/Documentos/ITBA/PYTHON_DATA_APP/itba/lib/python3.10/site-packages/airflow/example_dags/plugins/decreasing_priority_weight_strategy.py
[2024-10-20T19:22:49.376-0300] {processor.py:208} INFO - Processing /mnt/c/Users/Pato_/OneDrive/Documentos/ITBA/PYTHON_DATA_APP/itba/lib/python3.10/site-packages/airflow/example_dags/plugins/decreasing_priority_weight_strategy.py took 0.033 seconds
[2024-10-20T19:24:21.790-0300] {processor.py:186} INFO - Started process (PID=312070) to work on /mnt/c/Users/Pato_/OneDrive/Documentos/ITBA/PYTHON_DATA_APP/itba/lib/python3.10/site-packages/airflow/example_dags/plugins/decreasing_priority_weight_strategy.py
[2024-10-20T19:24:21.791-0300] {processor.py:914} INFO - Processing file /mnt/c/Users/Pato_/OneDrive/Documentos/ITBA/PYTHON_DATA_APP/itba/lib/python3.10/site-packages/airflow/example_dags/plugins/decreasing_priority_weight_strategy.py for tasks to queue
[2024-10-20T19:24:21.793-0300] {logging_mixin.py:190} INFO - [2024-10-20T19:24:21.793-0300] {dagbag.py:588} INFO - Filling up the DagBag from /mnt/c/Users/Pato_/OneDrive/Documentos/ITBA/PYTHON_DATA_APP/itba/lib/python3.10/site-packages/airflow/example_dags/plugins/decreasing_priority_weight_strategy.py
[2024-10-20T19:24:21.805-0300] {processor.py:927} WARNING - No viable dags retrieved from /mnt/c/Users/Pato_/OneDrive/Documentos/ITBA/PYTHON_DATA_APP/itba/lib/python3.10/site-packages/airflow/example_dags/plugins/decreasing_priority_weight_strategy.py
[2024-10-20T19:24:21.814-0300] {processor.py:208} INFO - Processing /mnt/c/Users/Pato_/OneDrive/Documentos/ITBA/PYTHON_DATA_APP/itba/lib/python3.10/site-packages/airflow/example_dags/plugins/decreasing_priority_weight_strategy.py took 0.030 seconds
[2024-10-20T19:26:00.644-0300] {processor.py:186} INFO - Started process (PID=313422) to work on /mnt/c/Users/Pato_/OneDrive/Documentos/ITBA/PYTHON_DATA_APP/itba/lib/python3.10/site-packages/airflow/example_dags/plugins/decreasing_priority_weight_strategy.py
[2024-10-20T19:26:00.645-0300] {processor.py:914} INFO - Processing file /mnt/c/Users/Pato_/OneDrive/Documentos/ITBA/PYTHON_DATA_APP/itba/lib/python3.10/site-packages/airflow/example_dags/plugins/decreasing_priority_weight_strategy.py for tasks to queue
[2024-10-20T19:26:00.647-0300] {logging_mixin.py:190} INFO - [2024-10-20T19:26:00.647-0300] {dagbag.py:588} INFO - Filling up the DagBag from /mnt/c/Users/Pato_/OneDrive/Documentos/ITBA/PYTHON_DATA_APP/itba/lib/python3.10/site-packages/airflow/example_dags/plugins/decreasing_priority_weight_strategy.py
[2024-10-20T19:26:00.660-0300] {processor.py:927} WARNING - No viable dags retrieved from /mnt/c/Users/Pato_/OneDrive/Documentos/ITBA/PYTHON_DATA_APP/itba/lib/python3.10/site-packages/airflow/example_dags/plugins/decreasing_priority_weight_strategy.py
[2024-10-20T19:26:00.670-0300] {processor.py:208} INFO - Processing /mnt/c/Users/Pato_/OneDrive/Documentos/ITBA/PYTHON_DATA_APP/itba/lib/python3.10/site-packages/airflow/example_dags/plugins/decreasing_priority_weight_strategy.py took 0.032 seconds
[2024-10-20T19:27:05.617-0300] {processor.py:186} INFO - Started process (PID=314084) to work on /mnt/c/Users/Pato_/OneDrive/Documentos/ITBA/PYTHON_DATA_APP/itba/lib/python3.10/site-packages/airflow/example_dags/plugins/decreasing_priority_weight_strategy.py
[2024-10-20T19:27:05.618-0300] {processor.py:914} INFO - Processing file /mnt/c/Users/Pato_/OneDrive/Documentos/ITBA/PYTHON_DATA_APP/itba/lib/python3.10/site-packages/airflow/example_dags/plugins/decreasing_priority_weight_strategy.py for tasks to queue
[2024-10-20T19:27:05.621-0300] {logging_mixin.py:190} INFO - [2024-10-20T19:27:05.620-0300] {dagbag.py:588} INFO - Filling up the DagBag from /mnt/c/Users/Pato_/OneDrive/Documentos/ITBA/PYTHON_DATA_APP/itba/lib/python3.10/site-packages/airflow/example_dags/plugins/decreasing_priority_weight_strategy.py
[2024-10-20T19:27:05.634-0300] {processor.py:927} WARNING - No viable dags retrieved from /mnt/c/Users/Pato_/OneDrive/Documentos/ITBA/PYTHON_DATA_APP/itba/lib/python3.10/site-packages/airflow/example_dags/plugins/decreasing_priority_weight_strategy.py
[2024-10-20T19:27:05.646-0300] {processor.py:208} INFO - Processing /mnt/c/Users/Pato_/OneDrive/Documentos/ITBA/PYTHON_DATA_APP/itba/lib/python3.10/site-packages/airflow/example_dags/plugins/decreasing_priority_weight_strategy.py took 0.036 seconds
[2024-10-20T19:27:42.771-0300] {processor.py:186} INFO - Started process (PID=314542) to work on /mnt/c/Users/Pato_/OneDrive/Documentos/ITBA/PYTHON_DATA_APP/itba/lib/python3.10/site-packages/airflow/example_dags/plugins/decreasing_priority_weight_strategy.py
[2024-10-20T19:27:42.772-0300] {processor.py:914} INFO - Processing file /mnt/c/Users/Pato_/OneDrive/Documentos/ITBA/PYTHON_DATA_APP/itba/lib/python3.10/site-packages/airflow/example_dags/plugins/decreasing_priority_weight_strategy.py for tasks to queue
[2024-10-20T19:27:42.774-0300] {logging_mixin.py:190} INFO - [2024-10-20T19:27:42.774-0300] {dagbag.py:588} INFO - Filling up the DagBag from /mnt/c/Users/Pato_/OneDrive/Documentos/ITBA/PYTHON_DATA_APP/itba/lib/python3.10/site-packages/airflow/example_dags/plugins/decreasing_priority_weight_strategy.py
[2024-10-20T19:27:42.788-0300] {processor.py:927} WARNING - No viable dags retrieved from /mnt/c/Users/Pato_/OneDrive/Documentos/ITBA/PYTHON_DATA_APP/itba/lib/python3.10/site-packages/airflow/example_dags/plugins/decreasing_priority_weight_strategy.py
[2024-10-20T19:27:42.799-0300] {processor.py:208} INFO - Processing /mnt/c/Users/Pato_/OneDrive/Documentos/ITBA/PYTHON_DATA_APP/itba/lib/python3.10/site-packages/airflow/example_dags/plugins/decreasing_priority_weight_strategy.py took 0.036 seconds
[2024-10-20T19:28:46.733-0300] {processor.py:186} INFO - Started process (PID=315291) to work on /mnt/c/Users/Pato_/OneDrive/Documentos/ITBA/PYTHON_DATA_APP/itba/lib/python3.10/site-packages/airflow/example_dags/plugins/decreasing_priority_weight_strategy.py
[2024-10-20T19:28:46.734-0300] {processor.py:914} INFO - Processing file /mnt/c/Users/Pato_/OneDrive/Documentos/ITBA/PYTHON_DATA_APP/itba/lib/python3.10/site-packages/airflow/example_dags/plugins/decreasing_priority_weight_strategy.py for tasks to queue
[2024-10-20T19:28:46.736-0300] {logging_mixin.py:190} INFO - [2024-10-20T19:28:46.736-0300] {dagbag.py:588} INFO - Filling up the DagBag from /mnt/c/Users/Pato_/OneDrive/Documentos/ITBA/PYTHON_DATA_APP/itba/lib/python3.10/site-packages/airflow/example_dags/plugins/decreasing_priority_weight_strategy.py
[2024-10-20T19:28:46.749-0300] {processor.py:927} WARNING - No viable dags retrieved from /mnt/c/Users/Pato_/OneDrive/Documentos/ITBA/PYTHON_DATA_APP/itba/lib/python3.10/site-packages/airflow/example_dags/plugins/decreasing_priority_weight_strategy.py
[2024-10-20T19:28:46.759-0300] {processor.py:208} INFO - Processing /mnt/c/Users/Pato_/OneDrive/Documentos/ITBA/PYTHON_DATA_APP/itba/lib/python3.10/site-packages/airflow/example_dags/plugins/decreasing_priority_weight_strategy.py took 0.033 seconds
[2024-10-20T19:29:22.290-0300] {processor.py:186} INFO - Started process (PID=315689) to work on /mnt/c/Users/Pato_/OneDrive/Documentos/ITBA/PYTHON_DATA_APP/itba/lib/python3.10/site-packages/airflow/example_dags/plugins/decreasing_priority_weight_strategy.py
[2024-10-20T19:29:22.291-0300] {processor.py:914} INFO - Processing file /mnt/c/Users/Pato_/OneDrive/Documentos/ITBA/PYTHON_DATA_APP/itba/lib/python3.10/site-packages/airflow/example_dags/plugins/decreasing_priority_weight_strategy.py for tasks to queue
[2024-10-20T19:29:22.293-0300] {logging_mixin.py:190} INFO - [2024-10-20T19:29:22.293-0300] {dagbag.py:588} INFO - Filling up the DagBag from /mnt/c/Users/Pato_/OneDrive/Documentos/ITBA/PYTHON_DATA_APP/itba/lib/python3.10/site-packages/airflow/example_dags/plugins/decreasing_priority_weight_strategy.py
[2024-10-20T19:29:22.307-0300] {processor.py:927} WARNING - No viable dags retrieved from /mnt/c/Users/Pato_/OneDrive/Documentos/ITBA/PYTHON_DATA_APP/itba/lib/python3.10/site-packages/airflow/example_dags/plugins/decreasing_priority_weight_strategy.py
[2024-10-20T19:29:22.319-0300] {processor.py:208} INFO - Processing /mnt/c/Users/Pato_/OneDrive/Documentos/ITBA/PYTHON_DATA_APP/itba/lib/python3.10/site-packages/airflow/example_dags/plugins/decreasing_priority_weight_strategy.py took 0.035 seconds
[2024-10-20T19:29:57.639-0300] {processor.py:186} INFO - Started process (PID=316100) to work on /mnt/c/Users/Pato_/OneDrive/Documentos/ITBA/PYTHON_DATA_APP/itba/lib/python3.10/site-packages/airflow/example_dags/plugins/decreasing_priority_weight_strategy.py
[2024-10-20T19:29:57.640-0300] {processor.py:914} INFO - Processing file /mnt/c/Users/Pato_/OneDrive/Documentos/ITBA/PYTHON_DATA_APP/itba/lib/python3.10/site-packages/airflow/example_dags/plugins/decreasing_priority_weight_strategy.py for tasks to queue
[2024-10-20T19:29:57.642-0300] {logging_mixin.py:190} INFO - [2024-10-20T19:29:57.642-0300] {dagbag.py:588} INFO - Filling up the DagBag from /mnt/c/Users/Pato_/OneDrive/Documentos/ITBA/PYTHON_DATA_APP/itba/lib/python3.10/site-packages/airflow/example_dags/plugins/decreasing_priority_weight_strategy.py
[2024-10-20T19:29:57.656-0300] {processor.py:927} WARNING - No viable dags retrieved from /mnt/c/Users/Pato_/OneDrive/Documentos/ITBA/PYTHON_DATA_APP/itba/lib/python3.10/site-packages/airflow/example_dags/plugins/decreasing_priority_weight_strategy.py
[2024-10-20T19:29:57.668-0300] {processor.py:208} INFO - Processing /mnt/c/Users/Pato_/OneDrive/Documentos/ITBA/PYTHON_DATA_APP/itba/lib/python3.10/site-packages/airflow/example_dags/plugins/decreasing_priority_weight_strategy.py took 0.035 seconds
[2024-10-20T19:30:34.690-0300] {processor.py:186} INFO - Started process (PID=316388) to work on /mnt/c/Users/Pato_/OneDrive/Documentos/ITBA/PYTHON_DATA_APP/itba/lib/python3.10/site-packages/airflow/example_dags/plugins/decreasing_priority_weight_strategy.py
[2024-10-20T19:30:34.691-0300] {processor.py:914} INFO - Processing file /mnt/c/Users/Pato_/OneDrive/Documentos/ITBA/PYTHON_DATA_APP/itba/lib/python3.10/site-packages/airflow/example_dags/plugins/decreasing_priority_weight_strategy.py for tasks to queue
[2024-10-20T19:30:34.693-0300] {logging_mixin.py:190} INFO - [2024-10-20T19:30:34.692-0300] {dagbag.py:588} INFO - Filling up the DagBag from /mnt/c/Users/Pato_/OneDrive/Documentos/ITBA/PYTHON_DATA_APP/itba/lib/python3.10/site-packages/airflow/example_dags/plugins/decreasing_priority_weight_strategy.py
[2024-10-20T19:30:34.706-0300] {processor.py:927} WARNING - No viable dags retrieved from /mnt/c/Users/Pato_/OneDrive/Documentos/ITBA/PYTHON_DATA_APP/itba/lib/python3.10/site-packages/airflow/example_dags/plugins/decreasing_priority_weight_strategy.py
[2024-10-20T19:30:34.717-0300] {processor.py:208} INFO - Processing /mnt/c/Users/Pato_/OneDrive/Documentos/ITBA/PYTHON_DATA_APP/itba/lib/python3.10/site-packages/airflow/example_dags/plugins/decreasing_priority_weight_strategy.py took 0.034 seconds
[2024-10-20T19:31:41.101-0300] {processor.py:186} INFO - Started process (PID=316908) to work on /mnt/c/Users/Pato_/OneDrive/Documentos/ITBA/PYTHON_DATA_APP/itba/lib/python3.10/site-packages/airflow/example_dags/plugins/decreasing_priority_weight_strategy.py
[2024-10-20T19:31:41.102-0300] {processor.py:914} INFO - Processing file /mnt/c/Users/Pato_/OneDrive/Documentos/ITBA/PYTHON_DATA_APP/itba/lib/python3.10/site-packages/airflow/example_dags/plugins/decreasing_priority_weight_strategy.py for tasks to queue
[2024-10-20T19:31:41.104-0300] {logging_mixin.py:190} INFO - [2024-10-20T19:31:41.103-0300] {dagbag.py:588} INFO - Filling up the DagBag from /mnt/c/Users/Pato_/OneDrive/Documentos/ITBA/PYTHON_DATA_APP/itba/lib/python3.10/site-packages/airflow/example_dags/plugins/decreasing_priority_weight_strategy.py
[2024-10-20T19:31:41.117-0300] {processor.py:927} WARNING - No viable dags retrieved from /mnt/c/Users/Pato_/OneDrive/Documentos/ITBA/PYTHON_DATA_APP/itba/lib/python3.10/site-packages/airflow/example_dags/plugins/decreasing_priority_weight_strategy.py
[2024-10-20T19:31:41.127-0300] {processor.py:208} INFO - Processing /mnt/c/Users/Pato_/OneDrive/Documentos/ITBA/PYTHON_DATA_APP/itba/lib/python3.10/site-packages/airflow/example_dags/plugins/decreasing_priority_weight_strategy.py took 0.033 seconds
[2024-10-20T19:32:15.364-0300] {processor.py:186} INFO - Started process (PID=317170) to work on /mnt/c/Users/Pato_/OneDrive/Documentos/ITBA/PYTHON_DATA_APP/itba/lib/python3.10/site-packages/airflow/example_dags/plugins/decreasing_priority_weight_strategy.py
[2024-10-20T19:32:15.365-0300] {processor.py:914} INFO - Processing file /mnt/c/Users/Pato_/OneDrive/Documentos/ITBA/PYTHON_DATA_APP/itba/lib/python3.10/site-packages/airflow/example_dags/plugins/decreasing_priority_weight_strategy.py for tasks to queue
[2024-10-20T19:32:15.367-0300] {logging_mixin.py:190} INFO - [2024-10-20T19:32:15.366-0300] {dagbag.py:588} INFO - Filling up the DagBag from /mnt/c/Users/Pato_/OneDrive/Documentos/ITBA/PYTHON_DATA_APP/itba/lib/python3.10/site-packages/airflow/example_dags/plugins/decreasing_priority_weight_strategy.py
[2024-10-20T19:32:15.379-0300] {processor.py:927} WARNING - No viable dags retrieved from /mnt/c/Users/Pato_/OneDrive/Documentos/ITBA/PYTHON_DATA_APP/itba/lib/python3.10/site-packages/airflow/example_dags/plugins/decreasing_priority_weight_strategy.py
[2024-10-20T19:32:15.390-0300] {processor.py:208} INFO - Processing /mnt/c/Users/Pato_/OneDrive/Documentos/ITBA/PYTHON_DATA_APP/itba/lib/python3.10/site-packages/airflow/example_dags/plugins/decreasing_priority_weight_strategy.py took 0.032 seconds
[2024-10-20T19:33:22.193-0300] {processor.py:186} INFO - Started process (PID=317764) to work on /mnt/c/Users/Pato_/OneDrive/Documentos/ITBA/PYTHON_DATA_APP/itba/lib/python3.10/site-packages/airflow/example_dags/plugins/decreasing_priority_weight_strategy.py
[2024-10-20T19:33:22.194-0300] {processor.py:914} INFO - Processing file /mnt/c/Users/Pato_/OneDrive/Documentos/ITBA/PYTHON_DATA_APP/itba/lib/python3.10/site-packages/airflow/example_dags/plugins/decreasing_priority_weight_strategy.py for tasks to queue
[2024-10-20T19:33:22.196-0300] {logging_mixin.py:190} INFO - [2024-10-20T19:33:22.195-0300] {dagbag.py:588} INFO - Filling up the DagBag from /mnt/c/Users/Pato_/OneDrive/Documentos/ITBA/PYTHON_DATA_APP/itba/lib/python3.10/site-packages/airflow/example_dags/plugins/decreasing_priority_weight_strategy.py
[2024-10-20T19:33:22.209-0300] {processor.py:927} WARNING - No viable dags retrieved from /mnt/c/Users/Pato_/OneDrive/Documentos/ITBA/PYTHON_DATA_APP/itba/lib/python3.10/site-packages/airflow/example_dags/plugins/decreasing_priority_weight_strategy.py
[2024-10-20T19:33:22.219-0300] {processor.py:208} INFO - Processing /mnt/c/Users/Pato_/OneDrive/Documentos/ITBA/PYTHON_DATA_APP/itba/lib/python3.10/site-packages/airflow/example_dags/plugins/decreasing_priority_weight_strategy.py took 0.033 seconds
[2024-10-20T19:34:29.410-0300] {processor.py:186} INFO - Started process (PID=318507) to work on /mnt/c/Users/Pato_/OneDrive/Documentos/ITBA/PYTHON_DATA_APP/itba/lib/python3.10/site-packages/airflow/example_dags/plugins/decreasing_priority_weight_strategy.py
[2024-10-20T19:34:29.411-0300] {processor.py:914} INFO - Processing file /mnt/c/Users/Pato_/OneDrive/Documentos/ITBA/PYTHON_DATA_APP/itba/lib/python3.10/site-packages/airflow/example_dags/plugins/decreasing_priority_weight_strategy.py for tasks to queue
[2024-10-20T19:34:29.413-0300] {logging_mixin.py:190} INFO - [2024-10-20T19:34:29.412-0300] {dagbag.py:588} INFO - Filling up the DagBag from /mnt/c/Users/Pato_/OneDrive/Documentos/ITBA/PYTHON_DATA_APP/itba/lib/python3.10/site-packages/airflow/example_dags/plugins/decreasing_priority_weight_strategy.py
[2024-10-20T19:34:29.425-0300] {processor.py:927} WARNING - No viable dags retrieved from /mnt/c/Users/Pato_/OneDrive/Documentos/ITBA/PYTHON_DATA_APP/itba/lib/python3.10/site-packages/airflow/example_dags/plugins/decreasing_priority_weight_strategy.py
[2024-10-20T19:34:29.435-0300] {processor.py:208} INFO - Processing /mnt/c/Users/Pato_/OneDrive/Documentos/ITBA/PYTHON_DATA_APP/itba/lib/python3.10/site-packages/airflow/example_dags/plugins/decreasing_priority_weight_strategy.py took 0.032 seconds
[2024-10-20T19:35:04.474-0300] {processor.py:186} INFO - Started process (PID=318871) to work on /mnt/c/Users/Pato_/OneDrive/Documentos/ITBA/PYTHON_DATA_APP/itba/lib/python3.10/site-packages/airflow/example_dags/plugins/decreasing_priority_weight_strategy.py
[2024-10-20T19:35:04.475-0300] {processor.py:914} INFO - Processing file /mnt/c/Users/Pato_/OneDrive/Documentos/ITBA/PYTHON_DATA_APP/itba/lib/python3.10/site-packages/airflow/example_dags/plugins/decreasing_priority_weight_strategy.py for tasks to queue
[2024-10-20T19:35:04.477-0300] {logging_mixin.py:190} INFO - [2024-10-20T19:35:04.476-0300] {dagbag.py:588} INFO - Filling up the DagBag from /mnt/c/Users/Pato_/OneDrive/Documentos/ITBA/PYTHON_DATA_APP/itba/lib/python3.10/site-packages/airflow/example_dags/plugins/decreasing_priority_weight_strategy.py
[2024-10-20T19:35:04.489-0300] {processor.py:927} WARNING - No viable dags retrieved from /mnt/c/Users/Pato_/OneDrive/Documentos/ITBA/PYTHON_DATA_APP/itba/lib/python3.10/site-packages/airflow/example_dags/plugins/decreasing_priority_weight_strategy.py
[2024-10-20T19:35:04.499-0300] {processor.py:208} INFO - Processing /mnt/c/Users/Pato_/OneDrive/Documentos/ITBA/PYTHON_DATA_APP/itba/lib/python3.10/site-packages/airflow/example_dags/plugins/decreasing_priority_weight_strategy.py took 0.032 seconds
[2024-10-20T19:36:13.491-0300] {processor.py:186} INFO - Started process (PID=319461) to work on /mnt/c/Users/Pato_/OneDrive/Documentos/ITBA/PYTHON_DATA_APP/itba/lib/python3.10/site-packages/airflow/example_dags/plugins/decreasing_priority_weight_strategy.py
[2024-10-20T19:36:13.492-0300] {processor.py:914} INFO - Processing file /mnt/c/Users/Pato_/OneDrive/Documentos/ITBA/PYTHON_DATA_APP/itba/lib/python3.10/site-packages/airflow/example_dags/plugins/decreasing_priority_weight_strategy.py for tasks to queue
[2024-10-20T19:36:13.494-0300] {logging_mixin.py:190} INFO - [2024-10-20T19:36:13.494-0300] {dagbag.py:588} INFO - Filling up the DagBag from /mnt/c/Users/Pato_/OneDrive/Documentos/ITBA/PYTHON_DATA_APP/itba/lib/python3.10/site-packages/airflow/example_dags/plugins/decreasing_priority_weight_strategy.py
[2024-10-20T19:36:13.507-0300] {processor.py:927} WARNING - No viable dags retrieved from /mnt/c/Users/Pato_/OneDrive/Documentos/ITBA/PYTHON_DATA_APP/itba/lib/python3.10/site-packages/airflow/example_dags/plugins/decreasing_priority_weight_strategy.py
[2024-10-20T19:36:13.517-0300] {processor.py:208} INFO - Processing /mnt/c/Users/Pato_/OneDrive/Documentos/ITBA/PYTHON_DATA_APP/itba/lib/python3.10/site-packages/airflow/example_dags/plugins/decreasing_priority_weight_strategy.py took 0.032 seconds
[2024-10-20T19:36:48.461-0300] {processor.py:186} INFO - Started process (PID=319732) to work on /mnt/c/Users/Pato_/OneDrive/Documentos/ITBA/PYTHON_DATA_APP/itba/lib/python3.10/site-packages/airflow/example_dags/plugins/decreasing_priority_weight_strategy.py
[2024-10-20T19:36:48.462-0300] {processor.py:914} INFO - Processing file /mnt/c/Users/Pato_/OneDrive/Documentos/ITBA/PYTHON_DATA_APP/itba/lib/python3.10/site-packages/airflow/example_dags/plugins/decreasing_priority_weight_strategy.py for tasks to queue
[2024-10-20T19:36:48.464-0300] {logging_mixin.py:190} INFO - [2024-10-20T19:36:48.464-0300] {dagbag.py:588} INFO - Filling up the DagBag from /mnt/c/Users/Pato_/OneDrive/Documentos/ITBA/PYTHON_DATA_APP/itba/lib/python3.10/site-packages/airflow/example_dags/plugins/decreasing_priority_weight_strategy.py
[2024-10-20T19:36:48.477-0300] {processor.py:927} WARNING - No viable dags retrieved from /mnt/c/Users/Pato_/OneDrive/Documentos/ITBA/PYTHON_DATA_APP/itba/lib/python3.10/site-packages/airflow/example_dags/plugins/decreasing_priority_weight_strategy.py
[2024-10-20T19:36:48.488-0300] {processor.py:208} INFO - Processing /mnt/c/Users/Pato_/OneDrive/Documentos/ITBA/PYTHON_DATA_APP/itba/lib/python3.10/site-packages/airflow/example_dags/plugins/decreasing_priority_weight_strategy.py took 0.033 seconds
[2024-10-20T19:37:54.523-0300] {processor.py:186} INFO - Started process (PID=320245) to work on /mnt/c/Users/Pato_/OneDrive/Documentos/ITBA/PYTHON_DATA_APP/itba/lib/python3.10/site-packages/airflow/example_dags/plugins/decreasing_priority_weight_strategy.py
[2024-10-20T19:37:54.524-0300] {processor.py:914} INFO - Processing file /mnt/c/Users/Pato_/OneDrive/Documentos/ITBA/PYTHON_DATA_APP/itba/lib/python3.10/site-packages/airflow/example_dags/plugins/decreasing_priority_weight_strategy.py for tasks to queue
[2024-10-20T19:37:54.526-0300] {logging_mixin.py:190} INFO - [2024-10-20T19:37:54.525-0300] {dagbag.py:588} INFO - Filling up the DagBag from /mnt/c/Users/Pato_/OneDrive/Documentos/ITBA/PYTHON_DATA_APP/itba/lib/python3.10/site-packages/airflow/example_dags/plugins/decreasing_priority_weight_strategy.py
[2024-10-20T19:37:54.539-0300] {processor.py:927} WARNING - No viable dags retrieved from /mnt/c/Users/Pato_/OneDrive/Documentos/ITBA/PYTHON_DATA_APP/itba/lib/python3.10/site-packages/airflow/example_dags/plugins/decreasing_priority_weight_strategy.py
[2024-10-20T19:37:54.549-0300] {processor.py:208} INFO - Processing /mnt/c/Users/Pato_/OneDrive/Documentos/ITBA/PYTHON_DATA_APP/itba/lib/python3.10/site-packages/airflow/example_dags/plugins/decreasing_priority_weight_strategy.py took 0.033 seconds
[2024-10-20T19:38:59.657-0300] {processor.py:186} INFO - Started process (PID=320755) to work on /mnt/c/Users/Pato_/OneDrive/Documentos/ITBA/PYTHON_DATA_APP/itba/lib/python3.10/site-packages/airflow/example_dags/plugins/decreasing_priority_weight_strategy.py
[2024-10-20T19:38:59.658-0300] {processor.py:914} INFO - Processing file /mnt/c/Users/Pato_/OneDrive/Documentos/ITBA/PYTHON_DATA_APP/itba/lib/python3.10/site-packages/airflow/example_dags/plugins/decreasing_priority_weight_strategy.py for tasks to queue
[2024-10-20T19:38:59.660-0300] {logging_mixin.py:190} INFO - [2024-10-20T19:38:59.660-0300] {dagbag.py:588} INFO - Filling up the DagBag from /mnt/c/Users/Pato_/OneDrive/Documentos/ITBA/PYTHON_DATA_APP/itba/lib/python3.10/site-packages/airflow/example_dags/plugins/decreasing_priority_weight_strategy.py
[2024-10-20T19:38:59.673-0300] {processor.py:927} WARNING - No viable dags retrieved from /mnt/c/Users/Pato_/OneDrive/Documentos/ITBA/PYTHON_DATA_APP/itba/lib/python3.10/site-packages/airflow/example_dags/plugins/decreasing_priority_weight_strategy.py
[2024-10-20T19:38:59.683-0300] {processor.py:208} INFO - Processing /mnt/c/Users/Pato_/OneDrive/Documentos/ITBA/PYTHON_DATA_APP/itba/lib/python3.10/site-packages/airflow/example_dags/plugins/decreasing_priority_weight_strategy.py took 0.033 seconds
[2024-10-20T19:39:33.821-0300] {processor.py:186} INFO - Started process (PID=321027) to work on /mnt/c/Users/Pato_/OneDrive/Documentos/ITBA/PYTHON_DATA_APP/itba/lib/python3.10/site-packages/airflow/example_dags/plugins/decreasing_priority_weight_strategy.py
[2024-10-20T19:39:33.822-0300] {processor.py:914} INFO - Processing file /mnt/c/Users/Pato_/OneDrive/Documentos/ITBA/PYTHON_DATA_APP/itba/lib/python3.10/site-packages/airflow/example_dags/plugins/decreasing_priority_weight_strategy.py for tasks to queue
[2024-10-20T19:39:33.824-0300] {logging_mixin.py:190} INFO - [2024-10-20T19:39:33.824-0300] {dagbag.py:588} INFO - Filling up the DagBag from /mnt/c/Users/Pato_/OneDrive/Documentos/ITBA/PYTHON_DATA_APP/itba/lib/python3.10/site-packages/airflow/example_dags/plugins/decreasing_priority_weight_strategy.py
[2024-10-20T19:39:33.838-0300] {processor.py:927} WARNING - No viable dags retrieved from /mnt/c/Users/Pato_/OneDrive/Documentos/ITBA/PYTHON_DATA_APP/itba/lib/python3.10/site-packages/airflow/example_dags/plugins/decreasing_priority_weight_strategy.py
[2024-10-20T19:39:33.850-0300] {processor.py:208} INFO - Processing /mnt/c/Users/Pato_/OneDrive/Documentos/ITBA/PYTHON_DATA_APP/itba/lib/python3.10/site-packages/airflow/example_dags/plugins/decreasing_priority_weight_strategy.py took 0.037 seconds
[2024-10-20T19:40:37.681-0300] {processor.py:186} INFO - Started process (PID=321908) to work on /mnt/c/Users/Pato_/OneDrive/Documentos/ITBA/PYTHON_DATA_APP/itba/lib/python3.10/site-packages/airflow/example_dags/plugins/decreasing_priority_weight_strategy.py
[2024-10-20T19:40:37.682-0300] {processor.py:914} INFO - Processing file /mnt/c/Users/Pato_/OneDrive/Documentos/ITBA/PYTHON_DATA_APP/itba/lib/python3.10/site-packages/airflow/example_dags/plugins/decreasing_priority_weight_strategy.py for tasks to queue
[2024-10-20T19:40:37.684-0300] {logging_mixin.py:190} INFO - [2024-10-20T19:40:37.683-0300] {dagbag.py:588} INFO - Filling up the DagBag from /mnt/c/Users/Pato_/OneDrive/Documentos/ITBA/PYTHON_DATA_APP/itba/lib/python3.10/site-packages/airflow/example_dags/plugins/decreasing_priority_weight_strategy.py
[2024-10-20T19:40:37.698-0300] {processor.py:927} WARNING - No viable dags retrieved from /mnt/c/Users/Pato_/OneDrive/Documentos/ITBA/PYTHON_DATA_APP/itba/lib/python3.10/site-packages/airflow/example_dags/plugins/decreasing_priority_weight_strategy.py
[2024-10-20T19:40:37.709-0300] {processor.py:208} INFO - Processing /mnt/c/Users/Pato_/OneDrive/Documentos/ITBA/PYTHON_DATA_APP/itba/lib/python3.10/site-packages/airflow/example_dags/plugins/decreasing_priority_weight_strategy.py took 0.035 seconds
[2024-10-20T19:41:13.129-0300] {processor.py:186} INFO - Started process (PID=322184) to work on /mnt/c/Users/Pato_/OneDrive/Documentos/ITBA/PYTHON_DATA_APP/itba/lib/python3.10/site-packages/airflow/example_dags/plugins/decreasing_priority_weight_strategy.py
[2024-10-20T19:41:13.130-0300] {processor.py:914} INFO - Processing file /mnt/c/Users/Pato_/OneDrive/Documentos/ITBA/PYTHON_DATA_APP/itba/lib/python3.10/site-packages/airflow/example_dags/plugins/decreasing_priority_weight_strategy.py for tasks to queue
[2024-10-20T19:41:13.132-0300] {logging_mixin.py:190} INFO - [2024-10-20T19:41:13.132-0300] {dagbag.py:588} INFO - Filling up the DagBag from /mnt/c/Users/Pato_/OneDrive/Documentos/ITBA/PYTHON_DATA_APP/itba/lib/python3.10/site-packages/airflow/example_dags/plugins/decreasing_priority_weight_strategy.py
[2024-10-20T19:41:13.145-0300] {processor.py:927} WARNING - No viable dags retrieved from /mnt/c/Users/Pato_/OneDrive/Documentos/ITBA/PYTHON_DATA_APP/itba/lib/python3.10/site-packages/airflow/example_dags/plugins/decreasing_priority_weight_strategy.py
[2024-10-20T19:41:13.156-0300] {processor.py:208} INFO - Processing /mnt/c/Users/Pato_/OneDrive/Documentos/ITBA/PYTHON_DATA_APP/itba/lib/python3.10/site-packages/airflow/example_dags/plugins/decreasing_priority_weight_strategy.py took 0.033 seconds
[2024-10-20T19:41:47.454-0300] {processor.py:186} INFO - Started process (PID=322454) to work on /mnt/c/Users/Pato_/OneDrive/Documentos/ITBA/PYTHON_DATA_APP/itba/lib/python3.10/site-packages/airflow/example_dags/plugins/decreasing_priority_weight_strategy.py
[2024-10-20T19:41:47.455-0300] {processor.py:914} INFO - Processing file /mnt/c/Users/Pato_/OneDrive/Documentos/ITBA/PYTHON_DATA_APP/itba/lib/python3.10/site-packages/airflow/example_dags/plugins/decreasing_priority_weight_strategy.py for tasks to queue
[2024-10-20T19:41:47.457-0300] {logging_mixin.py:190} INFO - [2024-10-20T19:41:47.457-0300] {dagbag.py:588} INFO - Filling up the DagBag from /mnt/c/Users/Pato_/OneDrive/Documentos/ITBA/PYTHON_DATA_APP/itba/lib/python3.10/site-packages/airflow/example_dags/plugins/decreasing_priority_weight_strategy.py
[2024-10-20T19:41:47.471-0300] {processor.py:927} WARNING - No viable dags retrieved from /mnt/c/Users/Pato_/OneDrive/Documentos/ITBA/PYTHON_DATA_APP/itba/lib/python3.10/site-packages/airflow/example_dags/plugins/decreasing_priority_weight_strategy.py
[2024-10-20T19:41:47.481-0300] {processor.py:208} INFO - Processing /mnt/c/Users/Pato_/OneDrive/Documentos/ITBA/PYTHON_DATA_APP/itba/lib/python3.10/site-packages/airflow/example_dags/plugins/decreasing_priority_weight_strategy.py took 0.034 seconds
