[2024-10-20T19:23:53.939-0300] {local_task_job_runner.py:123} INFO - ::group::Pre task execution logs
[2024-10-20T19:23:53.949-0300] {taskinstance.py:2612} INFO - Dependencies all met for dep_context=non-requeueable deps ti=<TaskInstance: cheapshark_to_redshift_dag.api_to_parquet manual__2024-10-20T22:23:37.127252+00:00 [queued]>
[2024-10-20T19:23:53.957-0300] {taskinstance.py:2612} INFO - Dependencies all met for dep_context=requeueable deps ti=<TaskInstance: cheapshark_to_redshift_dag.api_to_parquet manual__2024-10-20T22:23:37.127252+00:00 [queued]>
[2024-10-20T19:23:53.958-0300] {taskinstance.py:2865} INFO - Starting attempt 1 of 2
[2024-10-20T19:23:53.978-0300] {taskinstance.py:2888} INFO - Executing <Task(PythonOperator): api_to_parquet> on 2024-10-20 22:23:37.127252+00:00
[2024-10-20T19:23:53.982-0300] {standard_task_runner.py:72} INFO - Started process 311669 to run task
[2024-10-20T19:23:53.983-0300] {standard_task_runner.py:104} INFO - Running: ['airflow', 'tasks', 'run', 'cheapshark_to_redshift_dag', 'api_to_parquet', 'manual__2024-10-20T22:23:37.127252+00:00', '--job-id', '5', '--raw', '--subdir', 'DAGS_FOLDER/airflow_dag.py', '--cfg-path', '/tmp/tmpkz0di362']
[2024-10-20T19:23:53.985-0300] {standard_task_runner.py:105} INFO - Job 5: Subtask api_to_parquet
[2024-10-20T19:23:54.031-0300] {task_command.py:467} INFO - Running <TaskInstance: cheapshark_to_redshift_dag.api_to_parquet manual__2024-10-20T22:23:37.127252+00:00 [running]> on host Patricio.
[2024-10-20T19:23:54.100-0300] {taskinstance.py:3131} INFO - Exporting env vars: AIRFLOW_CTX_DAG_OWNER='2024_patricio_nahuel_perrone' AIRFLOW_CTX_DAG_ID='cheapshark_to_redshift_dag' AIRFLOW_CTX_TASK_ID='api_to_parquet' AIRFLOW_CTX_EXECUTION_DATE='2024-10-20T22:23:37.127252+00:00' AIRFLOW_CTX_TRY_NUMBER='1' AIRFLOW_CTX_DAG_RUN_ID='manual__2024-10-20T22:23:37.127252+00:00'
[2024-10-20T19:23:54.101-0300] {logging_mixin.py:190} INFO - Task instance is in running state
[2024-10-20T19:23:54.102-0300] {logging_mixin.py:190} INFO -  Previous state of the Task instance: queued
[2024-10-20T19:23:54.103-0300] {logging_mixin.py:190} INFO - Current task name:api_to_parquet state:running start_date:2024-10-20 22:23:53.950813+00:00
[2024-10-20T19:23:54.104-0300] {logging_mixin.py:190} INFO - Dag name:cheapshark_to_redshift_dag and current dag run status:running
[2024-10-20T19:23:54.105-0300] {taskinstance.py:731} INFO - ::endgroup::
[2024-10-20T19:23:54.992-0300] {logging_mixin.py:190} INFO - Recorriendo pagina: 1
[2024-10-20T19:23:56.780-0300] {logging_mixin.py:190} INFO - Recorriendo pagina: 2
[2024-10-20T19:23:58.580-0300] {logging_mixin.py:190} INFO - Recorriendo pagina: 3
[2024-10-20T19:24:05.058-0300] {logging_mixin.py:190} INFO - Recorriendo pagina: 4
[2024-10-20T19:24:06.310-0300] {python.py:240} INFO - Done. Returned value was: None
[2024-10-20T19:24:06.318-0300] {taskinstance.py:340} INFO - ::group::Post task execution logs
[2024-10-20T19:24:06.319-0300] {taskinstance.py:352} INFO - Marking task as SUCCESS. dag_id=cheapshark_to_redshift_dag, task_id=api_to_parquet, run_id=manual__2024-10-20T22:23:37.127252+00:00, execution_date=20241020T222337, start_date=20241020T222353, end_date=20241020T222406
[2024-10-20T19:24:06.337-0300] {logging_mixin.py:190} INFO - Task instance in success state
[2024-10-20T19:24:06.338-0300] {logging_mixin.py:190} INFO -  Previous state of the Task instance: running
[2024-10-20T19:24:06.339-0300] {logging_mixin.py:190} INFO - Dag name:cheapshark_to_redshift_dag queued_at:2024-10-20 22:23:37.148755+00:00
[2024-10-20T19:24:06.340-0300] {logging_mixin.py:190} INFO - Task hostname:Patricio. operator:PythonOperator
[2024-10-20T19:24:06.375-0300] {local_task_job_runner.py:266} INFO - Task exited with return code 0
[2024-10-20T19:24:06.386-0300] {taskinstance.py:3900} INFO - 0 downstream tasks scheduled from follow-on schedule check
[2024-10-20T19:24:06.388-0300] {local_task_job_runner.py:245} INFO - ::endgroup::
