[2024-10-20T18:37:00.312-0300] {processor.py:186} INFO - Started process (PID=285840) to work on /mnt/c/Users/Pato_/OneDrive/Documentos/ITBA/PYTHON_DATA_APP/itba/lib/python3.10/site-packages/airflow/example_dags/subdags/subdag.py
[2024-10-20T18:37:00.313-0300] {processor.py:914} INFO - Processing file /mnt/c/Users/Pato_/OneDrive/Documentos/ITBA/PYTHON_DATA_APP/itba/lib/python3.10/site-packages/airflow/example_dags/subdags/subdag.py for tasks to queue
[2024-10-20T18:37:00.315-0300] {logging_mixin.py:190} INFO - [2024-10-20T18:37:00.314-0300] {dagbag.py:588} INFO - Filling up the DagBag from /mnt/c/Users/Pato_/OneDrive/Documentos/ITBA/PYTHON_DATA_APP/itba/lib/python3.10/site-packages/airflow/example_dags/subdags/subdag.py
[2024-10-20T18:37:00.330-0300] {processor.py:927} WARNING - No viable dags retrieved from /mnt/c/Users/Pato_/OneDrive/Documentos/ITBA/PYTHON_DATA_APP/itba/lib/python3.10/site-packages/airflow/example_dags/subdags/subdag.py
[2024-10-20T18:37:00.342-0300] {processor.py:208} INFO - Processing /mnt/c/Users/Pato_/OneDrive/Documentos/ITBA/PYTHON_DATA_APP/itba/lib/python3.10/site-packages/airflow/example_dags/subdags/subdag.py took 0.038 seconds
[2024-10-20T18:59:51.255-0300] {processor.py:186} INFO - Started process (PID=298421) to work on /mnt/c/Users/Pato_/OneDrive/Documentos/ITBA/PYTHON_DATA_APP/itba/lib/python3.10/site-packages/airflow/example_dags/subdags/subdag.py
[2024-10-20T18:59:51.256-0300] {processor.py:914} INFO - Processing file /mnt/c/Users/Pato_/OneDrive/Documentos/ITBA/PYTHON_DATA_APP/itba/lib/python3.10/site-packages/airflow/example_dags/subdags/subdag.py for tasks to queue
[2024-10-20T18:59:51.258-0300] {logging_mixin.py:190} INFO - [2024-10-20T18:59:51.257-0300] {dagbag.py:588} INFO - Filling up the DagBag from /mnt/c/Users/Pato_/OneDrive/Documentos/ITBA/PYTHON_DATA_APP/itba/lib/python3.10/site-packages/airflow/example_dags/subdags/subdag.py
[2024-10-20T18:59:51.271-0300] {processor.py:927} WARNING - No viable dags retrieved from /mnt/c/Users/Pato_/OneDrive/Documentos/ITBA/PYTHON_DATA_APP/itba/lib/python3.10/site-packages/airflow/example_dags/subdags/subdag.py
[2024-10-20T18:59:51.283-0300] {processor.py:208} INFO - Processing /mnt/c/Users/Pato_/OneDrive/Documentos/ITBA/PYTHON_DATA_APP/itba/lib/python3.10/site-packages/airflow/example_dags/subdags/subdag.py took 0.035 seconds
[2024-10-20T19:02:20.054-0300] {processor.py:186} INFO - Started process (PID=299736) to work on /mnt/c/Users/Pato_/OneDrive/Documentos/ITBA/PYTHON_DATA_APP/itba/lib/python3.10/site-packages/airflow/example_dags/subdags/subdag.py
[2024-10-20T19:02:20.055-0300] {processor.py:914} INFO - Processing file /mnt/c/Users/Pato_/OneDrive/Documentos/ITBA/PYTHON_DATA_APP/itba/lib/python3.10/site-packages/airflow/example_dags/subdags/subdag.py for tasks to queue
[2024-10-20T19:02:20.057-0300] {logging_mixin.py:190} INFO - [2024-10-20T19:02:20.057-0300] {dagbag.py:588} INFO - Filling up the DagBag from /mnt/c/Users/Pato_/OneDrive/Documentos/ITBA/PYTHON_DATA_APP/itba/lib/python3.10/site-packages/airflow/example_dags/subdags/subdag.py
[2024-10-20T19:02:20.071-0300] {processor.py:927} WARNING - No viable dags retrieved from /mnt/c/Users/Pato_/OneDrive/Documentos/ITBA/PYTHON_DATA_APP/itba/lib/python3.10/site-packages/airflow/example_dags/subdags/subdag.py
[2024-10-20T19:02:20.081-0300] {processor.py:208} INFO - Processing /mnt/c/Users/Pato_/OneDrive/Documentos/ITBA/PYTHON_DATA_APP/itba/lib/python3.10/site-packages/airflow/example_dags/subdags/subdag.py took 0.034 seconds
[2024-10-20T19:03:15.219-0300] {processor.py:186} INFO - Started process (PID=300171) to work on /mnt/c/Users/Pato_/OneDrive/Documentos/ITBA/PYTHON_DATA_APP/itba/lib/python3.10/site-packages/airflow/example_dags/subdags/subdag.py
[2024-10-20T19:03:15.221-0300] {processor.py:914} INFO - Processing file /mnt/c/Users/Pato_/OneDrive/Documentos/ITBA/PYTHON_DATA_APP/itba/lib/python3.10/site-packages/airflow/example_dags/subdags/subdag.py for tasks to queue
[2024-10-20T19:03:15.223-0300] {logging_mixin.py:190} INFO - [2024-10-20T19:03:15.222-0300] {dagbag.py:588} INFO - Filling up the DagBag from /mnt/c/Users/Pato_/OneDrive/Documentos/ITBA/PYTHON_DATA_APP/itba/lib/python3.10/site-packages/airflow/example_dags/subdags/subdag.py
[2024-10-20T19:03:15.237-0300] {processor.py:927} WARNING - No viable dags retrieved from /mnt/c/Users/Pato_/OneDrive/Documentos/ITBA/PYTHON_DATA_APP/itba/lib/python3.10/site-packages/airflow/example_dags/subdags/subdag.py
[2024-10-20T19:03:15.248-0300] {processor.py:208} INFO - Processing /mnt/c/Users/Pato_/OneDrive/Documentos/ITBA/PYTHON_DATA_APP/itba/lib/python3.10/site-packages/airflow/example_dags/subdags/subdag.py took 0.035 seconds
[2024-10-20T19:03:50.292-0300] {processor.py:186} INFO - Started process (PID=300444) to work on /mnt/c/Users/Pato_/OneDrive/Documentos/ITBA/PYTHON_DATA_APP/itba/lib/python3.10/site-packages/airflow/example_dags/subdags/subdag.py
[2024-10-20T19:03:50.293-0300] {processor.py:914} INFO - Processing file /mnt/c/Users/Pato_/OneDrive/Documentos/ITBA/PYTHON_DATA_APP/itba/lib/python3.10/site-packages/airflow/example_dags/subdags/subdag.py for tasks to queue
[2024-10-20T19:03:50.296-0300] {logging_mixin.py:190} INFO - [2024-10-20T19:03:50.295-0300] {dagbag.py:588} INFO - Filling up the DagBag from /mnt/c/Users/Pato_/OneDrive/Documentos/ITBA/PYTHON_DATA_APP/itba/lib/python3.10/site-packages/airflow/example_dags/subdags/subdag.py
[2024-10-20T19:03:50.309-0300] {processor.py:927} WARNING - No viable dags retrieved from /mnt/c/Users/Pato_/OneDrive/Documentos/ITBA/PYTHON_DATA_APP/itba/lib/python3.10/site-packages/airflow/example_dags/subdags/subdag.py
[2024-10-20T19:03:50.319-0300] {processor.py:208} INFO - Processing /mnt/c/Users/Pato_/OneDrive/Documentos/ITBA/PYTHON_DATA_APP/itba/lib/python3.10/site-packages/airflow/example_dags/subdags/subdag.py took 0.034 seconds
[2024-10-20T19:04:26.338-0300] {processor.py:186} INFO - Started process (PID=300822) to work on /mnt/c/Users/Pato_/OneDrive/Documentos/ITBA/PYTHON_DATA_APP/itba/lib/python3.10/site-packages/airflow/example_dags/subdags/subdag.py
[2024-10-20T19:04:26.339-0300] {processor.py:914} INFO - Processing file /mnt/c/Users/Pato_/OneDrive/Documentos/ITBA/PYTHON_DATA_APP/itba/lib/python3.10/site-packages/airflow/example_dags/subdags/subdag.py for tasks to queue
[2024-10-20T19:04:26.341-0300] {logging_mixin.py:190} INFO - [2024-10-20T19:04:26.340-0300] {dagbag.py:588} INFO - Filling up the DagBag from /mnt/c/Users/Pato_/OneDrive/Documentos/ITBA/PYTHON_DATA_APP/itba/lib/python3.10/site-packages/airflow/example_dags/subdags/subdag.py
[2024-10-20T19:04:26.354-0300] {processor.py:927} WARNING - No viable dags retrieved from /mnt/c/Users/Pato_/OneDrive/Documentos/ITBA/PYTHON_DATA_APP/itba/lib/python3.10/site-packages/airflow/example_dags/subdags/subdag.py
[2024-10-20T19:04:26.365-0300] {processor.py:208} INFO - Processing /mnt/c/Users/Pato_/OneDrive/Documentos/ITBA/PYTHON_DATA_APP/itba/lib/python3.10/site-packages/airflow/example_dags/subdags/subdag.py took 0.035 seconds
[2024-10-20T19:05:01.481-0300] {processor.py:186} INFO - Started process (PID=301250) to work on /mnt/c/Users/Pato_/OneDrive/Documentos/ITBA/PYTHON_DATA_APP/itba/lib/python3.10/site-packages/airflow/example_dags/subdags/subdag.py
[2024-10-20T19:05:01.482-0300] {processor.py:914} INFO - Processing file /mnt/c/Users/Pato_/OneDrive/Documentos/ITBA/PYTHON_DATA_APP/itba/lib/python3.10/site-packages/airflow/example_dags/subdags/subdag.py for tasks to queue
[2024-10-20T19:05:01.484-0300] {logging_mixin.py:190} INFO - [2024-10-20T19:05:01.484-0300] {dagbag.py:588} INFO - Filling up the DagBag from /mnt/c/Users/Pato_/OneDrive/Documentos/ITBA/PYTHON_DATA_APP/itba/lib/python3.10/site-packages/airflow/example_dags/subdags/subdag.py
[2024-10-20T19:05:01.499-0300] {processor.py:927} WARNING - No viable dags retrieved from /mnt/c/Users/Pato_/OneDrive/Documentos/ITBA/PYTHON_DATA_APP/itba/lib/python3.10/site-packages/airflow/example_dags/subdags/subdag.py
[2024-10-20T19:05:01.510-0300] {processor.py:208} INFO - Processing /mnt/c/Users/Pato_/OneDrive/Documentos/ITBA/PYTHON_DATA_APP/itba/lib/python3.10/site-packages/airflow/example_dags/subdags/subdag.py took 0.036 seconds
[2024-10-20T19:05:35.044-0300] {processor.py:186} INFO - Started process (PID=301515) to work on /mnt/c/Users/Pato_/OneDrive/Documentos/ITBA/PYTHON_DATA_APP/itba/lib/python3.10/site-packages/airflow/example_dags/subdags/subdag.py
[2024-10-20T19:05:35.046-0300] {processor.py:914} INFO - Processing file /mnt/c/Users/Pato_/OneDrive/Documentos/ITBA/PYTHON_DATA_APP/itba/lib/python3.10/site-packages/airflow/example_dags/subdags/subdag.py for tasks to queue
[2024-10-20T19:05:35.048-0300] {logging_mixin.py:190} INFO - [2024-10-20T19:05:35.047-0300] {dagbag.py:588} INFO - Filling up the DagBag from /mnt/c/Users/Pato_/OneDrive/Documentos/ITBA/PYTHON_DATA_APP/itba/lib/python3.10/site-packages/airflow/example_dags/subdags/subdag.py
[2024-10-20T19:05:35.060-0300] {processor.py:927} WARNING - No viable dags retrieved from /mnt/c/Users/Pato_/OneDrive/Documentos/ITBA/PYTHON_DATA_APP/itba/lib/python3.10/site-packages/airflow/example_dags/subdags/subdag.py
[2024-10-20T19:05:35.071-0300] {processor.py:208} INFO - Processing /mnt/c/Users/Pato_/OneDrive/Documentos/ITBA/PYTHON_DATA_APP/itba/lib/python3.10/site-packages/airflow/example_dags/subdags/subdag.py took 0.033 seconds
[2024-10-20T19:07:38.520-0300] {processor.py:186} INFO - Started process (PID=303398) to work on /mnt/c/Users/Pato_/OneDrive/Documentos/ITBA/PYTHON_DATA_APP/itba/lib/python3.10/site-packages/airflow/example_dags/subdags/subdag.py
[2024-10-20T19:07:38.521-0300] {processor.py:914} INFO - Processing file /mnt/c/Users/Pato_/OneDrive/Documentos/ITBA/PYTHON_DATA_APP/itba/lib/python3.10/site-packages/airflow/example_dags/subdags/subdag.py for tasks to queue
[2024-10-20T19:07:38.523-0300] {logging_mixin.py:190} INFO - [2024-10-20T19:07:38.523-0300] {dagbag.py:588} INFO - Filling up the DagBag from /mnt/c/Users/Pato_/OneDrive/Documentos/ITBA/PYTHON_DATA_APP/itba/lib/python3.10/site-packages/airflow/example_dags/subdags/subdag.py
[2024-10-20T19:07:38.537-0300] {processor.py:927} WARNING - No viable dags retrieved from /mnt/c/Users/Pato_/OneDrive/Documentos/ITBA/PYTHON_DATA_APP/itba/lib/python3.10/site-packages/airflow/example_dags/subdags/subdag.py
[2024-10-20T19:07:38.549-0300] {processor.py:208} INFO - Processing /mnt/c/Users/Pato_/OneDrive/Documentos/ITBA/PYTHON_DATA_APP/itba/lib/python3.10/site-packages/airflow/example_dags/subdags/subdag.py took 0.036 seconds
[2024-10-20T19:08:31.104-0300] {processor.py:186} INFO - Started process (PID=303810) to work on /mnt/c/Users/Pato_/OneDrive/Documentos/ITBA/PYTHON_DATA_APP/itba/lib/python3.10/site-packages/airflow/example_dags/subdags/subdag.py
[2024-10-20T19:08:31.105-0300] {processor.py:914} INFO - Processing file /mnt/c/Users/Pato_/OneDrive/Documentos/ITBA/PYTHON_DATA_APP/itba/lib/python3.10/site-packages/airflow/example_dags/subdags/subdag.py for tasks to queue
[2024-10-20T19:08:31.107-0300] {logging_mixin.py:190} INFO - [2024-10-20T19:08:31.107-0300] {dagbag.py:588} INFO - Filling up the DagBag from /mnt/c/Users/Pato_/OneDrive/Documentos/ITBA/PYTHON_DATA_APP/itba/lib/python3.10/site-packages/airflow/example_dags/subdags/subdag.py
[2024-10-20T19:08:31.120-0300] {processor.py:927} WARNING - No viable dags retrieved from /mnt/c/Users/Pato_/OneDrive/Documentos/ITBA/PYTHON_DATA_APP/itba/lib/python3.10/site-packages/airflow/example_dags/subdags/subdag.py
[2024-10-20T19:08:31.131-0300] {processor.py:208} INFO - Processing /mnt/c/Users/Pato_/OneDrive/Documentos/ITBA/PYTHON_DATA_APP/itba/lib/python3.10/site-packages/airflow/example_dags/subdags/subdag.py took 0.033 seconds
[2024-10-20T19:09:05.073-0300] {processor.py:186} INFO - Started process (PID=304111) to work on /mnt/c/Users/Pato_/OneDrive/Documentos/ITBA/PYTHON_DATA_APP/itba/lib/python3.10/site-packages/airflow/example_dags/subdags/subdag.py
[2024-10-20T19:09:05.074-0300] {processor.py:914} INFO - Processing file /mnt/c/Users/Pato_/OneDrive/Documentos/ITBA/PYTHON_DATA_APP/itba/lib/python3.10/site-packages/airflow/example_dags/subdags/subdag.py for tasks to queue
[2024-10-20T19:09:05.076-0300] {logging_mixin.py:190} INFO - [2024-10-20T19:09:05.075-0300] {dagbag.py:588} INFO - Filling up the DagBag from /mnt/c/Users/Pato_/OneDrive/Documentos/ITBA/PYTHON_DATA_APP/itba/lib/python3.10/site-packages/airflow/example_dags/subdags/subdag.py
[2024-10-20T19:09:05.088-0300] {processor.py:927} WARNING - No viable dags retrieved from /mnt/c/Users/Pato_/OneDrive/Documentos/ITBA/PYTHON_DATA_APP/itba/lib/python3.10/site-packages/airflow/example_dags/subdags/subdag.py
[2024-10-20T19:09:05.098-0300] {processor.py:208} INFO - Processing /mnt/c/Users/Pato_/OneDrive/Documentos/ITBA/PYTHON_DATA_APP/itba/lib/python3.10/site-packages/airflow/example_dags/subdags/subdag.py took 0.032 seconds
[2024-10-20T19:10:07.874-0300] {processor.py:186} INFO - Started process (PID=304660) to work on /mnt/c/Users/Pato_/OneDrive/Documentos/ITBA/PYTHON_DATA_APP/itba/lib/python3.10/site-packages/airflow/example_dags/subdags/subdag.py
[2024-10-20T19:10:07.875-0300] {processor.py:914} INFO - Processing file /mnt/c/Users/Pato_/OneDrive/Documentos/ITBA/PYTHON_DATA_APP/itba/lib/python3.10/site-packages/airflow/example_dags/subdags/subdag.py for tasks to queue
[2024-10-20T19:10:07.877-0300] {logging_mixin.py:190} INFO - [2024-10-20T19:10:07.877-0300] {dagbag.py:588} INFO - Filling up the DagBag from /mnt/c/Users/Pato_/OneDrive/Documentos/ITBA/PYTHON_DATA_APP/itba/lib/python3.10/site-packages/airflow/example_dags/subdags/subdag.py
[2024-10-20T19:10:07.890-0300] {processor.py:927} WARNING - No viable dags retrieved from /mnt/c/Users/Pato_/OneDrive/Documentos/ITBA/PYTHON_DATA_APP/itba/lib/python3.10/site-packages/airflow/example_dags/subdags/subdag.py
[2024-10-20T19:10:07.900-0300] {processor.py:208} INFO - Processing /mnt/c/Users/Pato_/OneDrive/Documentos/ITBA/PYTHON_DATA_APP/itba/lib/python3.10/site-packages/airflow/example_dags/subdags/subdag.py took 0.032 seconds
[2024-10-20T19:10:42.477-0300] {processor.py:186} INFO - Started process (PID=304931) to work on /mnt/c/Users/Pato_/OneDrive/Documentos/ITBA/PYTHON_DATA_APP/itba/lib/python3.10/site-packages/airflow/example_dags/subdags/subdag.py
[2024-10-20T19:10:42.478-0300] {processor.py:914} INFO - Processing file /mnt/c/Users/Pato_/OneDrive/Documentos/ITBA/PYTHON_DATA_APP/itba/lib/python3.10/site-packages/airflow/example_dags/subdags/subdag.py for tasks to queue
[2024-10-20T19:10:42.480-0300] {logging_mixin.py:190} INFO - [2024-10-20T19:10:42.479-0300] {dagbag.py:588} INFO - Filling up the DagBag from /mnt/c/Users/Pato_/OneDrive/Documentos/ITBA/PYTHON_DATA_APP/itba/lib/python3.10/site-packages/airflow/example_dags/subdags/subdag.py
[2024-10-20T19:10:42.493-0300] {processor.py:927} WARNING - No viable dags retrieved from /mnt/c/Users/Pato_/OneDrive/Documentos/ITBA/PYTHON_DATA_APP/itba/lib/python3.10/site-packages/airflow/example_dags/subdags/subdag.py
[2024-10-20T19:10:42.503-0300] {processor.py:208} INFO - Processing /mnt/c/Users/Pato_/OneDrive/Documentos/ITBA/PYTHON_DATA_APP/itba/lib/python3.10/site-packages/airflow/example_dags/subdags/subdag.py took 0.032 seconds
[2024-10-20T19:11:15.092-0300] {processor.py:186} INFO - Started process (PID=305186) to work on /mnt/c/Users/Pato_/OneDrive/Documentos/ITBA/PYTHON_DATA_APP/itba/lib/python3.10/site-packages/airflow/example_dags/subdags/subdag.py
[2024-10-20T19:11:15.093-0300] {processor.py:914} INFO - Processing file /mnt/c/Users/Pato_/OneDrive/Documentos/ITBA/PYTHON_DATA_APP/itba/lib/python3.10/site-packages/airflow/example_dags/subdags/subdag.py for tasks to queue
[2024-10-20T19:11:15.096-0300] {logging_mixin.py:190} INFO - [2024-10-20T19:11:15.095-0300] {dagbag.py:588} INFO - Filling up the DagBag from /mnt/c/Users/Pato_/OneDrive/Documentos/ITBA/PYTHON_DATA_APP/itba/lib/python3.10/site-packages/airflow/example_dags/subdags/subdag.py
[2024-10-20T19:11:15.108-0300] {processor.py:927} WARNING - No viable dags retrieved from /mnt/c/Users/Pato_/OneDrive/Documentos/ITBA/PYTHON_DATA_APP/itba/lib/python3.10/site-packages/airflow/example_dags/subdags/subdag.py
[2024-10-20T19:11:15.119-0300] {processor.py:208} INFO - Processing /mnt/c/Users/Pato_/OneDrive/Documentos/ITBA/PYTHON_DATA_APP/itba/lib/python3.10/site-packages/airflow/example_dags/subdags/subdag.py took 0.033 seconds
[2024-10-20T19:11:50.280-0300] {processor.py:186} INFO - Started process (PID=305458) to work on /mnt/c/Users/Pato_/OneDrive/Documentos/ITBA/PYTHON_DATA_APP/itba/lib/python3.10/site-packages/airflow/example_dags/subdags/subdag.py
[2024-10-20T19:11:50.281-0300] {processor.py:914} INFO - Processing file /mnt/c/Users/Pato_/OneDrive/Documentos/ITBA/PYTHON_DATA_APP/itba/lib/python3.10/site-packages/airflow/example_dags/subdags/subdag.py for tasks to queue
[2024-10-20T19:11:50.283-0300] {logging_mixin.py:190} INFO - [2024-10-20T19:11:50.283-0300] {dagbag.py:588} INFO - Filling up the DagBag from /mnt/c/Users/Pato_/OneDrive/Documentos/ITBA/PYTHON_DATA_APP/itba/lib/python3.10/site-packages/airflow/example_dags/subdags/subdag.py
[2024-10-20T19:11:50.296-0300] {processor.py:927} WARNING - No viable dags retrieved from /mnt/c/Users/Pato_/OneDrive/Documentos/ITBA/PYTHON_DATA_APP/itba/lib/python3.10/site-packages/airflow/example_dags/subdags/subdag.py
[2024-10-20T19:11:50.306-0300] {processor.py:208} INFO - Processing /mnt/c/Users/Pato_/OneDrive/Documentos/ITBA/PYTHON_DATA_APP/itba/lib/python3.10/site-packages/airflow/example_dags/subdags/subdag.py took 0.033 seconds
[2024-10-20T19:12:25.883-0300] {processor.py:186} INFO - Started process (PID=305737) to work on /mnt/c/Users/Pato_/OneDrive/Documentos/ITBA/PYTHON_DATA_APP/itba/lib/python3.10/site-packages/airflow/example_dags/subdags/subdag.py
[2024-10-20T19:12:25.884-0300] {processor.py:914} INFO - Processing file /mnt/c/Users/Pato_/OneDrive/Documentos/ITBA/PYTHON_DATA_APP/itba/lib/python3.10/site-packages/airflow/example_dags/subdags/subdag.py for tasks to queue
[2024-10-20T19:12:25.886-0300] {logging_mixin.py:190} INFO - [2024-10-20T19:12:25.886-0300] {dagbag.py:588} INFO - Filling up the DagBag from /mnt/c/Users/Pato_/OneDrive/Documentos/ITBA/PYTHON_DATA_APP/itba/lib/python3.10/site-packages/airflow/example_dags/subdags/subdag.py
[2024-10-20T19:12:25.899-0300] {processor.py:927} WARNING - No viable dags retrieved from /mnt/c/Users/Pato_/OneDrive/Documentos/ITBA/PYTHON_DATA_APP/itba/lib/python3.10/site-packages/airflow/example_dags/subdags/subdag.py
[2024-10-20T19:12:25.909-0300] {processor.py:208} INFO - Processing /mnt/c/Users/Pato_/OneDrive/Documentos/ITBA/PYTHON_DATA_APP/itba/lib/python3.10/site-packages/airflow/example_dags/subdags/subdag.py took 0.032 seconds
[2024-10-20T19:12:58.581-0300] {processor.py:186} INFO - Started process (PID=305994) to work on /mnt/c/Users/Pato_/OneDrive/Documentos/ITBA/PYTHON_DATA_APP/itba/lib/python3.10/site-packages/airflow/example_dags/subdags/subdag.py
[2024-10-20T19:12:58.582-0300] {processor.py:914} INFO - Processing file /mnt/c/Users/Pato_/OneDrive/Documentos/ITBA/PYTHON_DATA_APP/itba/lib/python3.10/site-packages/airflow/example_dags/subdags/subdag.py for tasks to queue
[2024-10-20T19:12:58.584-0300] {logging_mixin.py:190} INFO - [2024-10-20T19:12:58.584-0300] {dagbag.py:588} INFO - Filling up the DagBag from /mnt/c/Users/Pato_/OneDrive/Documentos/ITBA/PYTHON_DATA_APP/itba/lib/python3.10/site-packages/airflow/example_dags/subdags/subdag.py
[2024-10-20T19:12:58.597-0300] {processor.py:927} WARNING - No viable dags retrieved from /mnt/c/Users/Pato_/OneDrive/Documentos/ITBA/PYTHON_DATA_APP/itba/lib/python3.10/site-packages/airflow/example_dags/subdags/subdag.py
[2024-10-20T19:12:58.607-0300] {processor.py:208} INFO - Processing /mnt/c/Users/Pato_/OneDrive/Documentos/ITBA/PYTHON_DATA_APP/itba/lib/python3.10/site-packages/airflow/example_dags/subdags/subdag.py took 0.032 seconds
[2024-10-20T19:14:00.907-0300] {processor.py:186} INFO - Started process (PID=306484) to work on /mnt/c/Users/Pato_/OneDrive/Documentos/ITBA/PYTHON_DATA_APP/itba/lib/python3.10/site-packages/airflow/example_dags/subdags/subdag.py
[2024-10-20T19:14:00.908-0300] {processor.py:914} INFO - Processing file /mnt/c/Users/Pato_/OneDrive/Documentos/ITBA/PYTHON_DATA_APP/itba/lib/python3.10/site-packages/airflow/example_dags/subdags/subdag.py for tasks to queue
[2024-10-20T19:14:00.910-0300] {logging_mixin.py:190} INFO - [2024-10-20T19:14:00.910-0300] {dagbag.py:588} INFO - Filling up the DagBag from /mnt/c/Users/Pato_/OneDrive/Documentos/ITBA/PYTHON_DATA_APP/itba/lib/python3.10/site-packages/airflow/example_dags/subdags/subdag.py
[2024-10-20T19:14:00.923-0300] {processor.py:927} WARNING - No viable dags retrieved from /mnt/c/Users/Pato_/OneDrive/Documentos/ITBA/PYTHON_DATA_APP/itba/lib/python3.10/site-packages/airflow/example_dags/subdags/subdag.py
[2024-10-20T19:14:00.934-0300] {processor.py:208} INFO - Processing /mnt/c/Users/Pato_/OneDrive/Documentos/ITBA/PYTHON_DATA_APP/itba/lib/python3.10/site-packages/airflow/example_dags/subdags/subdag.py took 0.033 seconds
[2024-10-20T19:14:36.502-0300] {processor.py:186} INFO - Started process (PID=306757) to work on /mnt/c/Users/Pato_/OneDrive/Documentos/ITBA/PYTHON_DATA_APP/itba/lib/python3.10/site-packages/airflow/example_dags/subdags/subdag.py
[2024-10-20T19:14:36.503-0300] {processor.py:914} INFO - Processing file /mnt/c/Users/Pato_/OneDrive/Documentos/ITBA/PYTHON_DATA_APP/itba/lib/python3.10/site-packages/airflow/example_dags/subdags/subdag.py for tasks to queue
[2024-10-20T19:14:36.505-0300] {logging_mixin.py:190} INFO - [2024-10-20T19:14:36.505-0300] {dagbag.py:588} INFO - Filling up the DagBag from /mnt/c/Users/Pato_/OneDrive/Documentos/ITBA/PYTHON_DATA_APP/itba/lib/python3.10/site-packages/airflow/example_dags/subdags/subdag.py
[2024-10-20T19:14:36.518-0300] {processor.py:927} WARNING - No viable dags retrieved from /mnt/c/Users/Pato_/OneDrive/Documentos/ITBA/PYTHON_DATA_APP/itba/lib/python3.10/site-packages/airflow/example_dags/subdags/subdag.py
[2024-10-20T19:14:36.528-0300] {processor.py:208} INFO - Processing /mnt/c/Users/Pato_/OneDrive/Documentos/ITBA/PYTHON_DATA_APP/itba/lib/python3.10/site-packages/airflow/example_dags/subdags/subdag.py took 0.033 seconds
[2024-10-20T19:15:12.103-0300] {processor.py:186} INFO - Started process (PID=307064) to work on /mnt/c/Users/Pato_/OneDrive/Documentos/ITBA/PYTHON_DATA_APP/itba/lib/python3.10/site-packages/airflow/example_dags/subdags/subdag.py
[2024-10-20T19:15:12.104-0300] {processor.py:914} INFO - Processing file /mnt/c/Users/Pato_/OneDrive/Documentos/ITBA/PYTHON_DATA_APP/itba/lib/python3.10/site-packages/airflow/example_dags/subdags/subdag.py for tasks to queue
[2024-10-20T19:15:12.106-0300] {logging_mixin.py:190} INFO - [2024-10-20T19:15:12.106-0300] {dagbag.py:588} INFO - Filling up the DagBag from /mnt/c/Users/Pato_/OneDrive/Documentos/ITBA/PYTHON_DATA_APP/itba/lib/python3.10/site-packages/airflow/example_dags/subdags/subdag.py
[2024-10-20T19:15:12.119-0300] {processor.py:927} WARNING - No viable dags retrieved from /mnt/c/Users/Pato_/OneDrive/Documentos/ITBA/PYTHON_DATA_APP/itba/lib/python3.10/site-packages/airflow/example_dags/subdags/subdag.py
[2024-10-20T19:15:12.129-0300] {processor.py:208} INFO - Processing /mnt/c/Users/Pato_/OneDrive/Documentos/ITBA/PYTHON_DATA_APP/itba/lib/python3.10/site-packages/airflow/example_dags/subdags/subdag.py took 0.033 seconds
[2024-10-20T19:15:46.452-0300] {processor.py:186} INFO - Started process (PID=307333) to work on /mnt/c/Users/Pato_/OneDrive/Documentos/ITBA/PYTHON_DATA_APP/itba/lib/python3.10/site-packages/airflow/example_dags/subdags/subdag.py
[2024-10-20T19:15:46.453-0300] {processor.py:914} INFO - Processing file /mnt/c/Users/Pato_/OneDrive/Documentos/ITBA/PYTHON_DATA_APP/itba/lib/python3.10/site-packages/airflow/example_dags/subdags/subdag.py for tasks to queue
[2024-10-20T19:15:46.455-0300] {logging_mixin.py:190} INFO - [2024-10-20T19:15:46.454-0300] {dagbag.py:588} INFO - Filling up the DagBag from /mnt/c/Users/Pato_/OneDrive/Documentos/ITBA/PYTHON_DATA_APP/itba/lib/python3.10/site-packages/airflow/example_dags/subdags/subdag.py
[2024-10-20T19:15:46.467-0300] {processor.py:927} WARNING - No viable dags retrieved from /mnt/c/Users/Pato_/OneDrive/Documentos/ITBA/PYTHON_DATA_APP/itba/lib/python3.10/site-packages/airflow/example_dags/subdags/subdag.py
[2024-10-20T19:15:46.477-0300] {processor.py:208} INFO - Processing /mnt/c/Users/Pato_/OneDrive/Documentos/ITBA/PYTHON_DATA_APP/itba/lib/python3.10/site-packages/airflow/example_dags/subdags/subdag.py took 0.032 seconds
[2024-10-20T19:16:19.700-0300] {processor.py:186} INFO - Started process (PID=307590) to work on /mnt/c/Users/Pato_/OneDrive/Documentos/ITBA/PYTHON_DATA_APP/itba/lib/python3.10/site-packages/airflow/example_dags/subdags/subdag.py
[2024-10-20T19:16:19.701-0300] {processor.py:914} INFO - Processing file /mnt/c/Users/Pato_/OneDrive/Documentos/ITBA/PYTHON_DATA_APP/itba/lib/python3.10/site-packages/airflow/example_dags/subdags/subdag.py for tasks to queue
[2024-10-20T19:16:19.703-0300] {logging_mixin.py:190} INFO - [2024-10-20T19:16:19.703-0300] {dagbag.py:588} INFO - Filling up the DagBag from /mnt/c/Users/Pato_/OneDrive/Documentos/ITBA/PYTHON_DATA_APP/itba/lib/python3.10/site-packages/airflow/example_dags/subdags/subdag.py
[2024-10-20T19:16:19.716-0300] {processor.py:927} WARNING - No viable dags retrieved from /mnt/c/Users/Pato_/OneDrive/Documentos/ITBA/PYTHON_DATA_APP/itba/lib/python3.10/site-packages/airflow/example_dags/subdags/subdag.py
[2024-10-20T19:16:19.727-0300] {processor.py:208} INFO - Processing /mnt/c/Users/Pato_/OneDrive/Documentos/ITBA/PYTHON_DATA_APP/itba/lib/python3.10/site-packages/airflow/example_dags/subdags/subdag.py took 0.034 seconds
[2024-10-20T19:16:54.766-0300] {processor.py:186} INFO - Started process (PID=307862) to work on /mnt/c/Users/Pato_/OneDrive/Documentos/ITBA/PYTHON_DATA_APP/itba/lib/python3.10/site-packages/airflow/example_dags/subdags/subdag.py
[2024-10-20T19:16:54.767-0300] {processor.py:914} INFO - Processing file /mnt/c/Users/Pato_/OneDrive/Documentos/ITBA/PYTHON_DATA_APP/itba/lib/python3.10/site-packages/airflow/example_dags/subdags/subdag.py for tasks to queue
[2024-10-20T19:16:54.769-0300] {logging_mixin.py:190} INFO - [2024-10-20T19:16:54.768-0300] {dagbag.py:588} INFO - Filling up the DagBag from /mnt/c/Users/Pato_/OneDrive/Documentos/ITBA/PYTHON_DATA_APP/itba/lib/python3.10/site-packages/airflow/example_dags/subdags/subdag.py
[2024-10-20T19:16:54.781-0300] {processor.py:927} WARNING - No viable dags retrieved from /mnt/c/Users/Pato_/OneDrive/Documentos/ITBA/PYTHON_DATA_APP/itba/lib/python3.10/site-packages/airflow/example_dags/subdags/subdag.py
[2024-10-20T19:16:54.791-0300] {processor.py:208} INFO - Processing /mnt/c/Users/Pato_/OneDrive/Documentos/ITBA/PYTHON_DATA_APP/itba/lib/python3.10/site-packages/airflow/example_dags/subdags/subdag.py took 0.033 seconds
[2024-10-20T19:17:32.158-0300] {processor.py:186} INFO - Started process (PID=308158) to work on /mnt/c/Users/Pato_/OneDrive/Documentos/ITBA/PYTHON_DATA_APP/itba/lib/python3.10/site-packages/airflow/example_dags/subdags/subdag.py
[2024-10-20T19:17:32.159-0300] {processor.py:914} INFO - Processing file /mnt/c/Users/Pato_/OneDrive/Documentos/ITBA/PYTHON_DATA_APP/itba/lib/python3.10/site-packages/airflow/example_dags/subdags/subdag.py for tasks to queue
[2024-10-20T19:17:32.161-0300] {logging_mixin.py:190} INFO - [2024-10-20T19:17:32.160-0300] {dagbag.py:588} INFO - Filling up the DagBag from /mnt/c/Users/Pato_/OneDrive/Documentos/ITBA/PYTHON_DATA_APP/itba/lib/python3.10/site-packages/airflow/example_dags/subdags/subdag.py
[2024-10-20T19:17:32.173-0300] {processor.py:927} WARNING - No viable dags retrieved from /mnt/c/Users/Pato_/OneDrive/Documentos/ITBA/PYTHON_DATA_APP/itba/lib/python3.10/site-packages/airflow/example_dags/subdags/subdag.py
[2024-10-20T19:17:32.184-0300] {processor.py:208} INFO - Processing /mnt/c/Users/Pato_/OneDrive/Documentos/ITBA/PYTHON_DATA_APP/itba/lib/python3.10/site-packages/airflow/example_dags/subdags/subdag.py took 0.033 seconds
[2024-10-20T19:18:10.540-0300] {processor.py:186} INFO - Started process (PID=308456) to work on /mnt/c/Users/Pato_/OneDrive/Documentos/ITBA/PYTHON_DATA_APP/itba/lib/python3.10/site-packages/airflow/example_dags/subdags/subdag.py
[2024-10-20T19:18:10.541-0300] {processor.py:914} INFO - Processing file /mnt/c/Users/Pato_/OneDrive/Documentos/ITBA/PYTHON_DATA_APP/itba/lib/python3.10/site-packages/airflow/example_dags/subdags/subdag.py for tasks to queue
[2024-10-20T19:18:10.544-0300] {logging_mixin.py:190} INFO - [2024-10-20T19:18:10.543-0300] {dagbag.py:588} INFO - Filling up the DagBag from /mnt/c/Users/Pato_/OneDrive/Documentos/ITBA/PYTHON_DATA_APP/itba/lib/python3.10/site-packages/airflow/example_dags/subdags/subdag.py
[2024-10-20T19:18:10.557-0300] {processor.py:927} WARNING - No viable dags retrieved from /mnt/c/Users/Pato_/OneDrive/Documentos/ITBA/PYTHON_DATA_APP/itba/lib/python3.10/site-packages/airflow/example_dags/subdags/subdag.py
[2024-10-20T19:18:10.568-0300] {processor.py:208} INFO - Processing /mnt/c/Users/Pato_/OneDrive/Documentos/ITBA/PYTHON_DATA_APP/itba/lib/python3.10/site-packages/airflow/example_dags/subdags/subdag.py took 0.034 seconds
[2024-10-20T19:18:44.843-0300] {processor.py:186} INFO - Started process (PID=308726) to work on /mnt/c/Users/Pato_/OneDrive/Documentos/ITBA/PYTHON_DATA_APP/itba/lib/python3.10/site-packages/airflow/example_dags/subdags/subdag.py
[2024-10-20T19:18:44.844-0300] {processor.py:914} INFO - Processing file /mnt/c/Users/Pato_/OneDrive/Documentos/ITBA/PYTHON_DATA_APP/itba/lib/python3.10/site-packages/airflow/example_dags/subdags/subdag.py for tasks to queue
[2024-10-20T19:18:44.846-0300] {logging_mixin.py:190} INFO - [2024-10-20T19:18:44.846-0300] {dagbag.py:588} INFO - Filling up the DagBag from /mnt/c/Users/Pato_/OneDrive/Documentos/ITBA/PYTHON_DATA_APP/itba/lib/python3.10/site-packages/airflow/example_dags/subdags/subdag.py
[2024-10-20T19:18:44.859-0300] {processor.py:927} WARNING - No viable dags retrieved from /mnt/c/Users/Pato_/OneDrive/Documentos/ITBA/PYTHON_DATA_APP/itba/lib/python3.10/site-packages/airflow/example_dags/subdags/subdag.py
[2024-10-20T19:18:44.869-0300] {processor.py:208} INFO - Processing /mnt/c/Users/Pato_/OneDrive/Documentos/ITBA/PYTHON_DATA_APP/itba/lib/python3.10/site-packages/airflow/example_dags/subdags/subdag.py took 0.033 seconds
[2024-10-20T19:19:21.956-0300] {processor.py:186} INFO - Started process (PID=309011) to work on /mnt/c/Users/Pato_/OneDrive/Documentos/ITBA/PYTHON_DATA_APP/itba/lib/python3.10/site-packages/airflow/example_dags/subdags/subdag.py
[2024-10-20T19:19:21.957-0300] {processor.py:914} INFO - Processing file /mnt/c/Users/Pato_/OneDrive/Documentos/ITBA/PYTHON_DATA_APP/itba/lib/python3.10/site-packages/airflow/example_dags/subdags/subdag.py for tasks to queue
[2024-10-20T19:19:21.959-0300] {logging_mixin.py:190} INFO - [2024-10-20T19:19:21.959-0300] {dagbag.py:588} INFO - Filling up the DagBag from /mnt/c/Users/Pato_/OneDrive/Documentos/ITBA/PYTHON_DATA_APP/itba/lib/python3.10/site-packages/airflow/example_dags/subdags/subdag.py
[2024-10-20T19:19:21.972-0300] {processor.py:927} WARNING - No viable dags retrieved from /mnt/c/Users/Pato_/OneDrive/Documentos/ITBA/PYTHON_DATA_APP/itba/lib/python3.10/site-packages/airflow/example_dags/subdags/subdag.py
[2024-10-20T19:19:21.983-0300] {processor.py:208} INFO - Processing /mnt/c/Users/Pato_/OneDrive/Documentos/ITBA/PYTHON_DATA_APP/itba/lib/python3.10/site-packages/airflow/example_dags/subdags/subdag.py took 0.033 seconds
[2024-10-20T19:19:58.549-0300] {processor.py:186} INFO - Started process (PID=309324) to work on /mnt/c/Users/Pato_/OneDrive/Documentos/ITBA/PYTHON_DATA_APP/itba/lib/python3.10/site-packages/airflow/example_dags/subdags/subdag.py
[2024-10-20T19:19:58.550-0300] {processor.py:914} INFO - Processing file /mnt/c/Users/Pato_/OneDrive/Documentos/ITBA/PYTHON_DATA_APP/itba/lib/python3.10/site-packages/airflow/example_dags/subdags/subdag.py for tasks to queue
[2024-10-20T19:19:58.552-0300] {logging_mixin.py:190} INFO - [2024-10-20T19:19:58.552-0300] {dagbag.py:588} INFO - Filling up the DagBag from /mnt/c/Users/Pato_/OneDrive/Documentos/ITBA/PYTHON_DATA_APP/itba/lib/python3.10/site-packages/airflow/example_dags/subdags/subdag.py
[2024-10-20T19:19:58.565-0300] {processor.py:927} WARNING - No viable dags retrieved from /mnt/c/Users/Pato_/OneDrive/Documentos/ITBA/PYTHON_DATA_APP/itba/lib/python3.10/site-packages/airflow/example_dags/subdags/subdag.py
[2024-10-20T19:19:58.576-0300] {processor.py:208} INFO - Processing /mnt/c/Users/Pato_/OneDrive/Documentos/ITBA/PYTHON_DATA_APP/itba/lib/python3.10/site-packages/airflow/example_dags/subdags/subdag.py took 0.034 seconds
[2024-10-20T19:20:31.222-0300] {processor.py:186} INFO - Started process (PID=309580) to work on /mnt/c/Users/Pato_/OneDrive/Documentos/ITBA/PYTHON_DATA_APP/itba/lib/python3.10/site-packages/airflow/example_dags/subdags/subdag.py
[2024-10-20T19:20:31.223-0300] {processor.py:914} INFO - Processing file /mnt/c/Users/Pato_/OneDrive/Documentos/ITBA/PYTHON_DATA_APP/itba/lib/python3.10/site-packages/airflow/example_dags/subdags/subdag.py for tasks to queue
[2024-10-20T19:20:31.225-0300] {logging_mixin.py:190} INFO - [2024-10-20T19:20:31.225-0300] {dagbag.py:588} INFO - Filling up the DagBag from /mnt/c/Users/Pato_/OneDrive/Documentos/ITBA/PYTHON_DATA_APP/itba/lib/python3.10/site-packages/airflow/example_dags/subdags/subdag.py
[2024-10-20T19:20:31.238-0300] {processor.py:927} WARNING - No viable dags retrieved from /mnt/c/Users/Pato_/OneDrive/Documentos/ITBA/PYTHON_DATA_APP/itba/lib/python3.10/site-packages/airflow/example_dags/subdags/subdag.py
[2024-10-20T19:20:31.249-0300] {processor.py:208} INFO - Processing /mnt/c/Users/Pato_/OneDrive/Documentos/ITBA/PYTHON_DATA_APP/itba/lib/python3.10/site-packages/airflow/example_dags/subdags/subdag.py took 0.033 seconds
[2024-10-20T19:21:06.114-0300] {processor.py:186} INFO - Started process (PID=309916) to work on /mnt/c/Users/Pato_/OneDrive/Documentos/ITBA/PYTHON_DATA_APP/itba/lib/python3.10/site-packages/airflow/example_dags/subdags/subdag.py
[2024-10-20T19:21:06.115-0300] {processor.py:914} INFO - Processing file /mnt/c/Users/Pato_/OneDrive/Documentos/ITBA/PYTHON_DATA_APP/itba/lib/python3.10/site-packages/airflow/example_dags/subdags/subdag.py for tasks to queue
[2024-10-20T19:21:06.117-0300] {logging_mixin.py:190} INFO - [2024-10-20T19:21:06.116-0300] {dagbag.py:588} INFO - Filling up the DagBag from /mnt/c/Users/Pato_/OneDrive/Documentos/ITBA/PYTHON_DATA_APP/itba/lib/python3.10/site-packages/airflow/example_dags/subdags/subdag.py
[2024-10-20T19:21:06.131-0300] {processor.py:927} WARNING - No viable dags retrieved from /mnt/c/Users/Pato_/OneDrive/Documentos/ITBA/PYTHON_DATA_APP/itba/lib/python3.10/site-packages/airflow/example_dags/subdags/subdag.py
[2024-10-20T19:21:06.143-0300] {processor.py:208} INFO - Processing /mnt/c/Users/Pato_/OneDrive/Documentos/ITBA/PYTHON_DATA_APP/itba/lib/python3.10/site-packages/airflow/example_dags/subdags/subdag.py took 0.037 seconds
[2024-10-20T19:21:39.963-0300] {processor.py:186} INFO - Started process (PID=310184) to work on /mnt/c/Users/Pato_/OneDrive/Documentos/ITBA/PYTHON_DATA_APP/itba/lib/python3.10/site-packages/airflow/example_dags/subdags/subdag.py
[2024-10-20T19:21:39.964-0300] {processor.py:914} INFO - Processing file /mnt/c/Users/Pato_/OneDrive/Documentos/ITBA/PYTHON_DATA_APP/itba/lib/python3.10/site-packages/airflow/example_dags/subdags/subdag.py for tasks to queue
[2024-10-20T19:21:39.966-0300] {logging_mixin.py:190} INFO - [2024-10-20T19:21:39.966-0300] {dagbag.py:588} INFO - Filling up the DagBag from /mnt/c/Users/Pato_/OneDrive/Documentos/ITBA/PYTHON_DATA_APP/itba/lib/python3.10/site-packages/airflow/example_dags/subdags/subdag.py
[2024-10-20T19:21:39.979-0300] {processor.py:927} WARNING - No viable dags retrieved from /mnt/c/Users/Pato_/OneDrive/Documentos/ITBA/PYTHON_DATA_APP/itba/lib/python3.10/site-packages/airflow/example_dags/subdags/subdag.py
[2024-10-20T19:21:39.989-0300] {processor.py:208} INFO - Processing /mnt/c/Users/Pato_/OneDrive/Documentos/ITBA/PYTHON_DATA_APP/itba/lib/python3.10/site-packages/airflow/example_dags/subdags/subdag.py took 0.032 seconds
[2024-10-20T19:22:12.842-0300] {processor.py:186} INFO - Started process (PID=310530) to work on /mnt/c/Users/Pato_/OneDrive/Documentos/ITBA/PYTHON_DATA_APP/itba/lib/python3.10/site-packages/airflow/example_dags/subdags/subdag.py
[2024-10-20T19:22:12.843-0300] {processor.py:914} INFO - Processing file /mnt/c/Users/Pato_/OneDrive/Documentos/ITBA/PYTHON_DATA_APP/itba/lib/python3.10/site-packages/airflow/example_dags/subdags/subdag.py for tasks to queue
[2024-10-20T19:22:12.844-0300] {logging_mixin.py:190} INFO - [2024-10-20T19:22:12.844-0300] {dagbag.py:588} INFO - Filling up the DagBag from /mnt/c/Users/Pato_/OneDrive/Documentos/ITBA/PYTHON_DATA_APP/itba/lib/python3.10/site-packages/airflow/example_dags/subdags/subdag.py
[2024-10-20T19:22:12.857-0300] {processor.py:927} WARNING - No viable dags retrieved from /mnt/c/Users/Pato_/OneDrive/Documentos/ITBA/PYTHON_DATA_APP/itba/lib/python3.10/site-packages/airflow/example_dags/subdags/subdag.py
[2024-10-20T19:22:12.867-0300] {processor.py:208} INFO - Processing /mnt/c/Users/Pato_/OneDrive/Documentos/ITBA/PYTHON_DATA_APP/itba/lib/python3.10/site-packages/airflow/example_dags/subdags/subdag.py took 0.033 seconds
[2024-10-20T19:22:46.755-0300] {processor.py:186} INFO - Started process (PID=310797) to work on /mnt/c/Users/Pato_/OneDrive/Documentos/ITBA/PYTHON_DATA_APP/itba/lib/python3.10/site-packages/airflow/example_dags/subdags/subdag.py
[2024-10-20T19:22:46.756-0300] {processor.py:914} INFO - Processing file /mnt/c/Users/Pato_/OneDrive/Documentos/ITBA/PYTHON_DATA_APP/itba/lib/python3.10/site-packages/airflow/example_dags/subdags/subdag.py for tasks to queue
[2024-10-20T19:22:46.759-0300] {logging_mixin.py:190} INFO - [2024-10-20T19:22:46.758-0300] {dagbag.py:588} INFO - Filling up the DagBag from /mnt/c/Users/Pato_/OneDrive/Documentos/ITBA/PYTHON_DATA_APP/itba/lib/python3.10/site-packages/airflow/example_dags/subdags/subdag.py
[2024-10-20T19:22:46.773-0300] {processor.py:927} WARNING - No viable dags retrieved from /mnt/c/Users/Pato_/OneDrive/Documentos/ITBA/PYTHON_DATA_APP/itba/lib/python3.10/site-packages/airflow/example_dags/subdags/subdag.py
[2024-10-20T19:22:46.783-0300] {processor.py:208} INFO - Processing /mnt/c/Users/Pato_/OneDrive/Documentos/ITBA/PYTHON_DATA_APP/itba/lib/python3.10/site-packages/airflow/example_dags/subdags/subdag.py took 0.037 seconds
[2024-10-20T19:23:18.703-0300] {processor.py:186} INFO - Started process (PID=311051) to work on /mnt/c/Users/Pato_/OneDrive/Documentos/ITBA/PYTHON_DATA_APP/itba/lib/python3.10/site-packages/airflow/example_dags/subdags/subdag.py
[2024-10-20T19:23:18.704-0300] {processor.py:914} INFO - Processing file /mnt/c/Users/Pato_/OneDrive/Documentos/ITBA/PYTHON_DATA_APP/itba/lib/python3.10/site-packages/airflow/example_dags/subdags/subdag.py for tasks to queue
[2024-10-20T19:23:18.706-0300] {logging_mixin.py:190} INFO - [2024-10-20T19:23:18.706-0300] {dagbag.py:588} INFO - Filling up the DagBag from /mnt/c/Users/Pato_/OneDrive/Documentos/ITBA/PYTHON_DATA_APP/itba/lib/python3.10/site-packages/airflow/example_dags/subdags/subdag.py
[2024-10-20T19:23:18.719-0300] {processor.py:927} WARNING - No viable dags retrieved from /mnt/c/Users/Pato_/OneDrive/Documentos/ITBA/PYTHON_DATA_APP/itba/lib/python3.10/site-packages/airflow/example_dags/subdags/subdag.py
[2024-10-20T19:23:18.730-0300] {processor.py:208} INFO - Processing /mnt/c/Users/Pato_/OneDrive/Documentos/ITBA/PYTHON_DATA_APP/itba/lib/python3.10/site-packages/airflow/example_dags/subdags/subdag.py took 0.033 seconds
[2024-10-20T19:24:18.289-0300] {processor.py:186} INFO - Started process (PID=312042) to work on /mnt/c/Users/Pato_/OneDrive/Documentos/ITBA/PYTHON_DATA_APP/itba/lib/python3.10/site-packages/airflow/example_dags/subdags/subdag.py
[2024-10-20T19:24:18.290-0300] {processor.py:914} INFO - Processing file /mnt/c/Users/Pato_/OneDrive/Documentos/ITBA/PYTHON_DATA_APP/itba/lib/python3.10/site-packages/airflow/example_dags/subdags/subdag.py for tasks to queue
[2024-10-20T19:24:18.292-0300] {logging_mixin.py:190} INFO - [2024-10-20T19:24:18.292-0300] {dagbag.py:588} INFO - Filling up the DagBag from /mnt/c/Users/Pato_/OneDrive/Documentos/ITBA/PYTHON_DATA_APP/itba/lib/python3.10/site-packages/airflow/example_dags/subdags/subdag.py
[2024-10-20T19:24:18.305-0300] {processor.py:927} WARNING - No viable dags retrieved from /mnt/c/Users/Pato_/OneDrive/Documentos/ITBA/PYTHON_DATA_APP/itba/lib/python3.10/site-packages/airflow/example_dags/subdags/subdag.py
[2024-10-20T19:24:18.317-0300] {processor.py:208} INFO - Processing /mnt/c/Users/Pato_/OneDrive/Documentos/ITBA/PYTHON_DATA_APP/itba/lib/python3.10/site-packages/airflow/example_dags/subdags/subdag.py took 0.035 seconds
[2024-10-20T19:25:57.222-0300] {processor.py:186} INFO - Started process (PID=313336) to work on /mnt/c/Users/Pato_/OneDrive/Documentos/ITBA/PYTHON_DATA_APP/itba/lib/python3.10/site-packages/airflow/example_dags/subdags/subdag.py
[2024-10-20T19:25:57.223-0300] {processor.py:914} INFO - Processing file /mnt/c/Users/Pato_/OneDrive/Documentos/ITBA/PYTHON_DATA_APP/itba/lib/python3.10/site-packages/airflow/example_dags/subdags/subdag.py for tasks to queue
[2024-10-20T19:25:57.225-0300] {logging_mixin.py:190} INFO - [2024-10-20T19:25:57.224-0300] {dagbag.py:588} INFO - Filling up the DagBag from /mnt/c/Users/Pato_/OneDrive/Documentos/ITBA/PYTHON_DATA_APP/itba/lib/python3.10/site-packages/airflow/example_dags/subdags/subdag.py
[2024-10-20T19:25:57.238-0300] {processor.py:927} WARNING - No viable dags retrieved from /mnt/c/Users/Pato_/OneDrive/Documentos/ITBA/PYTHON_DATA_APP/itba/lib/python3.10/site-packages/airflow/example_dags/subdags/subdag.py
[2024-10-20T19:25:57.249-0300] {processor.py:208} INFO - Processing /mnt/c/Users/Pato_/OneDrive/Documentos/ITBA/PYTHON_DATA_APP/itba/lib/python3.10/site-packages/airflow/example_dags/subdags/subdag.py took 0.034 seconds
[2024-10-20T19:27:02.991-0300] {processor.py:186} INFO - Started process (PID=314048) to work on /mnt/c/Users/Pato_/OneDrive/Documentos/ITBA/PYTHON_DATA_APP/itba/lib/python3.10/site-packages/airflow/example_dags/subdags/subdag.py
[2024-10-20T19:27:02.992-0300] {processor.py:914} INFO - Processing file /mnt/c/Users/Pato_/OneDrive/Documentos/ITBA/PYTHON_DATA_APP/itba/lib/python3.10/site-packages/airflow/example_dags/subdags/subdag.py for tasks to queue
[2024-10-20T19:27:02.995-0300] {logging_mixin.py:190} INFO - [2024-10-20T19:27:02.994-0300] {dagbag.py:588} INFO - Filling up the DagBag from /mnt/c/Users/Pato_/OneDrive/Documentos/ITBA/PYTHON_DATA_APP/itba/lib/python3.10/site-packages/airflow/example_dags/subdags/subdag.py
[2024-10-20T19:27:03.009-0300] {processor.py:927} WARNING - No viable dags retrieved from /mnt/c/Users/Pato_/OneDrive/Documentos/ITBA/PYTHON_DATA_APP/itba/lib/python3.10/site-packages/airflow/example_dags/subdags/subdag.py
[2024-10-20T19:27:03.021-0300] {processor.py:208} INFO - Processing /mnt/c/Users/Pato_/OneDrive/Documentos/ITBA/PYTHON_DATA_APP/itba/lib/python3.10/site-packages/airflow/example_dags/subdags/subdag.py took 0.038 seconds
[2024-10-20T19:27:39.788-0300] {processor.py:186} INFO - Started process (PID=314522) to work on /mnt/c/Users/Pato_/OneDrive/Documentos/ITBA/PYTHON_DATA_APP/itba/lib/python3.10/site-packages/airflow/example_dags/subdags/subdag.py
[2024-10-20T19:27:39.789-0300] {processor.py:914} INFO - Processing file /mnt/c/Users/Pato_/OneDrive/Documentos/ITBA/PYTHON_DATA_APP/itba/lib/python3.10/site-packages/airflow/example_dags/subdags/subdag.py for tasks to queue
[2024-10-20T19:27:39.791-0300] {logging_mixin.py:190} INFO - [2024-10-20T19:27:39.790-0300] {dagbag.py:588} INFO - Filling up the DagBag from /mnt/c/Users/Pato_/OneDrive/Documentos/ITBA/PYTHON_DATA_APP/itba/lib/python3.10/site-packages/airflow/example_dags/subdags/subdag.py
[2024-10-20T19:27:39.804-0300] {processor.py:927} WARNING - No viable dags retrieved from /mnt/c/Users/Pato_/OneDrive/Documentos/ITBA/PYTHON_DATA_APP/itba/lib/python3.10/site-packages/airflow/example_dags/subdags/subdag.py
[2024-10-20T19:27:39.814-0300] {processor.py:208} INFO - Processing /mnt/c/Users/Pato_/OneDrive/Documentos/ITBA/PYTHON_DATA_APP/itba/lib/python3.10/site-packages/airflow/example_dags/subdags/subdag.py took 0.032 seconds
[2024-10-20T19:28:13.211-0300] {processor.py:186} INFO - Started process (PID=314971) to work on /mnt/c/Users/Pato_/OneDrive/Documentos/ITBA/PYTHON_DATA_APP/itba/lib/python3.10/site-packages/airflow/example_dags/subdags/subdag.py
[2024-10-20T19:28:13.212-0300] {processor.py:914} INFO - Processing file /mnt/c/Users/Pato_/OneDrive/Documentos/ITBA/PYTHON_DATA_APP/itba/lib/python3.10/site-packages/airflow/example_dags/subdags/subdag.py for tasks to queue
[2024-10-20T19:28:13.214-0300] {logging_mixin.py:190} INFO - [2024-10-20T19:28:13.213-0300] {dagbag.py:588} INFO - Filling up the DagBag from /mnt/c/Users/Pato_/OneDrive/Documentos/ITBA/PYTHON_DATA_APP/itba/lib/python3.10/site-packages/airflow/example_dags/subdags/subdag.py
[2024-10-20T19:28:13.228-0300] {processor.py:927} WARNING - No viable dags retrieved from /mnt/c/Users/Pato_/OneDrive/Documentos/ITBA/PYTHON_DATA_APP/itba/lib/python3.10/site-packages/airflow/example_dags/subdags/subdag.py
[2024-10-20T19:28:13.238-0300] {processor.py:208} INFO - Processing /mnt/c/Users/Pato_/OneDrive/Documentos/ITBA/PYTHON_DATA_APP/itba/lib/python3.10/site-packages/airflow/example_dags/subdags/subdag.py took 0.034 seconds
[2024-10-20T19:28:45.626-0300] {processor.py:186} INFO - Started process (PID=315280) to work on /mnt/c/Users/Pato_/OneDrive/Documentos/ITBA/PYTHON_DATA_APP/itba/lib/python3.10/site-packages/airflow/example_dags/subdags/subdag.py
[2024-10-20T19:28:45.627-0300] {processor.py:914} INFO - Processing file /mnt/c/Users/Pato_/OneDrive/Documentos/ITBA/PYTHON_DATA_APP/itba/lib/python3.10/site-packages/airflow/example_dags/subdags/subdag.py for tasks to queue
[2024-10-20T19:28:45.629-0300] {logging_mixin.py:190} INFO - [2024-10-20T19:28:45.629-0300] {dagbag.py:588} INFO - Filling up the DagBag from /mnt/c/Users/Pato_/OneDrive/Documentos/ITBA/PYTHON_DATA_APP/itba/lib/python3.10/site-packages/airflow/example_dags/subdags/subdag.py
[2024-10-20T19:28:45.642-0300] {processor.py:927} WARNING - No viable dags retrieved from /mnt/c/Users/Pato_/OneDrive/Documentos/ITBA/PYTHON_DATA_APP/itba/lib/python3.10/site-packages/airflow/example_dags/subdags/subdag.py
[2024-10-20T19:28:45.652-0300] {processor.py:208} INFO - Processing /mnt/c/Users/Pato_/OneDrive/Documentos/ITBA/PYTHON_DATA_APP/itba/lib/python3.10/site-packages/airflow/example_dags/subdags/subdag.py took 0.033 seconds
[2024-10-20T19:29:18.768-0300] {processor.py:186} INFO - Started process (PID=315666) to work on /mnt/c/Users/Pato_/OneDrive/Documentos/ITBA/PYTHON_DATA_APP/itba/lib/python3.10/site-packages/airflow/example_dags/subdags/subdag.py
[2024-10-20T19:29:18.769-0300] {processor.py:914} INFO - Processing file /mnt/c/Users/Pato_/OneDrive/Documentos/ITBA/PYTHON_DATA_APP/itba/lib/python3.10/site-packages/airflow/example_dags/subdags/subdag.py for tasks to queue
[2024-10-20T19:29:18.772-0300] {logging_mixin.py:190} INFO - [2024-10-20T19:29:18.771-0300] {dagbag.py:588} INFO - Filling up the DagBag from /mnt/c/Users/Pato_/OneDrive/Documentos/ITBA/PYTHON_DATA_APP/itba/lib/python3.10/site-packages/airflow/example_dags/subdags/subdag.py
[2024-10-20T19:29:18.786-0300] {processor.py:927} WARNING - No viable dags retrieved from /mnt/c/Users/Pato_/OneDrive/Documentos/ITBA/PYTHON_DATA_APP/itba/lib/python3.10/site-packages/airflow/example_dags/subdags/subdag.py
[2024-10-20T19:29:18.797-0300] {processor.py:208} INFO - Processing /mnt/c/Users/Pato_/OneDrive/Documentos/ITBA/PYTHON_DATA_APP/itba/lib/python3.10/site-packages/airflow/example_dags/subdags/subdag.py took 0.035 seconds
[2024-10-20T19:29:55.465-0300] {processor.py:186} INFO - Started process (PID=316083) to work on /mnt/c/Users/Pato_/OneDrive/Documentos/ITBA/PYTHON_DATA_APP/itba/lib/python3.10/site-packages/airflow/example_dags/subdags/subdag.py
[2024-10-20T19:29:55.466-0300] {processor.py:914} INFO - Processing file /mnt/c/Users/Pato_/OneDrive/Documentos/ITBA/PYTHON_DATA_APP/itba/lib/python3.10/site-packages/airflow/example_dags/subdags/subdag.py for tasks to queue
[2024-10-20T19:29:55.468-0300] {logging_mixin.py:190} INFO - [2024-10-20T19:29:55.467-0300] {dagbag.py:588} INFO - Filling up the DagBag from /mnt/c/Users/Pato_/OneDrive/Documentos/ITBA/PYTHON_DATA_APP/itba/lib/python3.10/site-packages/airflow/example_dags/subdags/subdag.py
[2024-10-20T19:29:55.484-0300] {processor.py:927} WARNING - No viable dags retrieved from /mnt/c/Users/Pato_/OneDrive/Documentos/ITBA/PYTHON_DATA_APP/itba/lib/python3.10/site-packages/airflow/example_dags/subdags/subdag.py
[2024-10-20T19:29:55.496-0300] {processor.py:208} INFO - Processing /mnt/c/Users/Pato_/OneDrive/Documentos/ITBA/PYTHON_DATA_APP/itba/lib/python3.10/site-packages/airflow/example_dags/subdags/subdag.py took 0.040 seconds
[2024-10-20T19:30:32.033-0300] {processor.py:186} INFO - Started process (PID=316368) to work on /mnt/c/Users/Pato_/OneDrive/Documentos/ITBA/PYTHON_DATA_APP/itba/lib/python3.10/site-packages/airflow/example_dags/subdags/subdag.py
[2024-10-20T19:30:32.034-0300] {processor.py:914} INFO - Processing file /mnt/c/Users/Pato_/OneDrive/Documentos/ITBA/PYTHON_DATA_APP/itba/lib/python3.10/site-packages/airflow/example_dags/subdags/subdag.py for tasks to queue
[2024-10-20T19:30:32.037-0300] {logging_mixin.py:190} INFO - [2024-10-20T19:30:32.036-0300] {dagbag.py:588} INFO - Filling up the DagBag from /mnt/c/Users/Pato_/OneDrive/Documentos/ITBA/PYTHON_DATA_APP/itba/lib/python3.10/site-packages/airflow/example_dags/subdags/subdag.py
[2024-10-20T19:30:32.051-0300] {processor.py:927} WARNING - No viable dags retrieved from /mnt/c/Users/Pato_/OneDrive/Documentos/ITBA/PYTHON_DATA_APP/itba/lib/python3.10/site-packages/airflow/example_dags/subdags/subdag.py
[2024-10-20T19:30:32.063-0300] {processor.py:208} INFO - Processing /mnt/c/Users/Pato_/OneDrive/Documentos/ITBA/PYTHON_DATA_APP/itba/lib/python3.10/site-packages/airflow/example_dags/subdags/subdag.py took 0.037 seconds
[2024-10-20T19:31:04.732-0300] {processor.py:186} INFO - Started process (PID=316624) to work on /mnt/c/Users/Pato_/OneDrive/Documentos/ITBA/PYTHON_DATA_APP/itba/lib/python3.10/site-packages/airflow/example_dags/subdags/subdag.py
[2024-10-20T19:31:04.733-0300] {processor.py:914} INFO - Processing file /mnt/c/Users/Pato_/OneDrive/Documentos/ITBA/PYTHON_DATA_APP/itba/lib/python3.10/site-packages/airflow/example_dags/subdags/subdag.py for tasks to queue
[2024-10-20T19:31:04.735-0300] {logging_mixin.py:190} INFO - [2024-10-20T19:31:04.735-0300] {dagbag.py:588} INFO - Filling up the DagBag from /mnt/c/Users/Pato_/OneDrive/Documentos/ITBA/PYTHON_DATA_APP/itba/lib/python3.10/site-packages/airflow/example_dags/subdags/subdag.py
[2024-10-20T19:31:04.751-0300] {processor.py:927} WARNING - No viable dags retrieved from /mnt/c/Users/Pato_/OneDrive/Documentos/ITBA/PYTHON_DATA_APP/itba/lib/python3.10/site-packages/airflow/example_dags/subdags/subdag.py
[2024-10-20T19:31:04.763-0300] {processor.py:208} INFO - Processing /mnt/c/Users/Pato_/OneDrive/Documentos/ITBA/PYTHON_DATA_APP/itba/lib/python3.10/site-packages/airflow/example_dags/subdags/subdag.py took 0.039 seconds
[2024-10-20T19:31:37.653-0300] {processor.py:186} INFO - Started process (PID=316879) to work on /mnt/c/Users/Pato_/OneDrive/Documentos/ITBA/PYTHON_DATA_APP/itba/lib/python3.10/site-packages/airflow/example_dags/subdags/subdag.py
[2024-10-20T19:31:37.654-0300] {processor.py:914} INFO - Processing file /mnt/c/Users/Pato_/OneDrive/Documentos/ITBA/PYTHON_DATA_APP/itba/lib/python3.10/site-packages/airflow/example_dags/subdags/subdag.py for tasks to queue
[2024-10-20T19:31:37.656-0300] {logging_mixin.py:190} INFO - [2024-10-20T19:31:37.655-0300] {dagbag.py:588} INFO - Filling up the DagBag from /mnt/c/Users/Pato_/OneDrive/Documentos/ITBA/PYTHON_DATA_APP/itba/lib/python3.10/site-packages/airflow/example_dags/subdags/subdag.py
[2024-10-20T19:31:37.670-0300] {processor.py:927} WARNING - No viable dags retrieved from /mnt/c/Users/Pato_/OneDrive/Documentos/ITBA/PYTHON_DATA_APP/itba/lib/python3.10/site-packages/airflow/example_dags/subdags/subdag.py
[2024-10-20T19:31:37.682-0300] {processor.py:208} INFO - Processing /mnt/c/Users/Pato_/OneDrive/Documentos/ITBA/PYTHON_DATA_APP/itba/lib/python3.10/site-packages/airflow/example_dags/subdags/subdag.py took 0.036 seconds
[2024-10-20T19:32:12.773-0300] {processor.py:186} INFO - Started process (PID=317151) to work on /mnt/c/Users/Pato_/OneDrive/Documentos/ITBA/PYTHON_DATA_APP/itba/lib/python3.10/site-packages/airflow/example_dags/subdags/subdag.py
[2024-10-20T19:32:12.774-0300] {processor.py:914} INFO - Processing file /mnt/c/Users/Pato_/OneDrive/Documentos/ITBA/PYTHON_DATA_APP/itba/lib/python3.10/site-packages/airflow/example_dags/subdags/subdag.py for tasks to queue
[2024-10-20T19:32:12.776-0300] {logging_mixin.py:190} INFO - [2024-10-20T19:32:12.775-0300] {dagbag.py:588} INFO - Filling up the DagBag from /mnt/c/Users/Pato_/OneDrive/Documentos/ITBA/PYTHON_DATA_APP/itba/lib/python3.10/site-packages/airflow/example_dags/subdags/subdag.py
[2024-10-20T19:32:12.789-0300] {processor.py:927} WARNING - No viable dags retrieved from /mnt/c/Users/Pato_/OneDrive/Documentos/ITBA/PYTHON_DATA_APP/itba/lib/python3.10/site-packages/airflow/example_dags/subdags/subdag.py
[2024-10-20T19:32:12.799-0300] {processor.py:208} INFO - Processing /mnt/c/Users/Pato_/OneDrive/Documentos/ITBA/PYTHON_DATA_APP/itba/lib/python3.10/site-packages/airflow/example_dags/subdags/subdag.py took 0.033 seconds
[2024-10-20T19:32:45.700-0300] {processor.py:186} INFO - Started process (PID=317408) to work on /mnt/c/Users/Pato_/OneDrive/Documentos/ITBA/PYTHON_DATA_APP/itba/lib/python3.10/site-packages/airflow/example_dags/subdags/subdag.py
[2024-10-20T19:32:45.701-0300] {processor.py:914} INFO - Processing file /mnt/c/Users/Pato_/OneDrive/Documentos/ITBA/PYTHON_DATA_APP/itba/lib/python3.10/site-packages/airflow/example_dags/subdags/subdag.py for tasks to queue
[2024-10-20T19:32:45.703-0300] {logging_mixin.py:190} INFO - [2024-10-20T19:32:45.703-0300] {dagbag.py:588} INFO - Filling up the DagBag from /mnt/c/Users/Pato_/OneDrive/Documentos/ITBA/PYTHON_DATA_APP/itba/lib/python3.10/site-packages/airflow/example_dags/subdags/subdag.py
[2024-10-20T19:32:45.717-0300] {processor.py:927} WARNING - No viable dags retrieved from /mnt/c/Users/Pato_/OneDrive/Documentos/ITBA/PYTHON_DATA_APP/itba/lib/python3.10/site-packages/airflow/example_dags/subdags/subdag.py
[2024-10-20T19:32:45.727-0300] {processor.py:208} INFO - Processing /mnt/c/Users/Pato_/OneDrive/Documentos/ITBA/PYTHON_DATA_APP/itba/lib/python3.10/site-packages/airflow/example_dags/subdags/subdag.py took 0.034 seconds
[2024-10-20T19:33:19.513-0300] {processor.py:186} INFO - Started process (PID=317733) to work on /mnt/c/Users/Pato_/OneDrive/Documentos/ITBA/PYTHON_DATA_APP/itba/lib/python3.10/site-packages/airflow/example_dags/subdags/subdag.py
[2024-10-20T19:33:19.514-0300] {processor.py:914} INFO - Processing file /mnt/c/Users/Pato_/OneDrive/Documentos/ITBA/PYTHON_DATA_APP/itba/lib/python3.10/site-packages/airflow/example_dags/subdags/subdag.py for tasks to queue
[2024-10-20T19:33:19.516-0300] {logging_mixin.py:190} INFO - [2024-10-20T19:33:19.516-0300] {dagbag.py:588} INFO - Filling up the DagBag from /mnt/c/Users/Pato_/OneDrive/Documentos/ITBA/PYTHON_DATA_APP/itba/lib/python3.10/site-packages/airflow/example_dags/subdags/subdag.py
[2024-10-20T19:33:19.529-0300] {processor.py:927} WARNING - No viable dags retrieved from /mnt/c/Users/Pato_/OneDrive/Documentos/ITBA/PYTHON_DATA_APP/itba/lib/python3.10/site-packages/airflow/example_dags/subdags/subdag.py
[2024-10-20T19:33:19.540-0300] {processor.py:208} INFO - Processing /mnt/c/Users/Pato_/OneDrive/Documentos/ITBA/PYTHON_DATA_APP/itba/lib/python3.10/site-packages/airflow/example_dags/subdags/subdag.py took 0.034 seconds
[2024-10-20T19:33:52.494-0300] {processor.py:186} INFO - Started process (PID=318068) to work on /mnt/c/Users/Pato_/OneDrive/Documentos/ITBA/PYTHON_DATA_APP/itba/lib/python3.10/site-packages/airflow/example_dags/subdags/subdag.py
[2024-10-20T19:33:52.495-0300] {processor.py:914} INFO - Processing file /mnt/c/Users/Pato_/OneDrive/Documentos/ITBA/PYTHON_DATA_APP/itba/lib/python3.10/site-packages/airflow/example_dags/subdags/subdag.py for tasks to queue
[2024-10-20T19:33:52.497-0300] {logging_mixin.py:190} INFO - [2024-10-20T19:33:52.497-0300] {dagbag.py:588} INFO - Filling up the DagBag from /mnt/c/Users/Pato_/OneDrive/Documentos/ITBA/PYTHON_DATA_APP/itba/lib/python3.10/site-packages/airflow/example_dags/subdags/subdag.py
[2024-10-20T19:33:52.510-0300] {processor.py:927} WARNING - No viable dags retrieved from /mnt/c/Users/Pato_/OneDrive/Documentos/ITBA/PYTHON_DATA_APP/itba/lib/python3.10/site-packages/airflow/example_dags/subdags/subdag.py
[2024-10-20T19:33:52.520-0300] {processor.py:208} INFO - Processing /mnt/c/Users/Pato_/OneDrive/Documentos/ITBA/PYTHON_DATA_APP/itba/lib/python3.10/site-packages/airflow/example_dags/subdags/subdag.py took 0.033 seconds
[2024-10-20T19:34:25.908-0300] {processor.py:186} INFO - Started process (PID=318445) to work on /mnt/c/Users/Pato_/OneDrive/Documentos/ITBA/PYTHON_DATA_APP/itba/lib/python3.10/site-packages/airflow/example_dags/subdags/subdag.py
[2024-10-20T19:34:25.909-0300] {processor.py:914} INFO - Processing file /mnt/c/Users/Pato_/OneDrive/Documentos/ITBA/PYTHON_DATA_APP/itba/lib/python3.10/site-packages/airflow/example_dags/subdags/subdag.py for tasks to queue
[2024-10-20T19:34:25.911-0300] {logging_mixin.py:190} INFO - [2024-10-20T19:34:25.911-0300] {dagbag.py:588} INFO - Filling up the DagBag from /mnt/c/Users/Pato_/OneDrive/Documentos/ITBA/PYTHON_DATA_APP/itba/lib/python3.10/site-packages/airflow/example_dags/subdags/subdag.py
[2024-10-20T19:34:25.924-0300] {processor.py:927} WARNING - No viable dags retrieved from /mnt/c/Users/Pato_/OneDrive/Documentos/ITBA/PYTHON_DATA_APP/itba/lib/python3.10/site-packages/airflow/example_dags/subdags/subdag.py
[2024-10-20T19:34:25.935-0300] {processor.py:208} INFO - Processing /mnt/c/Users/Pato_/OneDrive/Documentos/ITBA/PYTHON_DATA_APP/itba/lib/python3.10/site-packages/airflow/example_dags/subdags/subdag.py took 0.033 seconds
[2024-10-20T19:35:01.078-0300] {processor.py:186} INFO - Started process (PID=318831) to work on /mnt/c/Users/Pato_/OneDrive/Documentos/ITBA/PYTHON_DATA_APP/itba/lib/python3.10/site-packages/airflow/example_dags/subdags/subdag.py
[2024-10-20T19:35:01.079-0300] {processor.py:914} INFO - Processing file /mnt/c/Users/Pato_/OneDrive/Documentos/ITBA/PYTHON_DATA_APP/itba/lib/python3.10/site-packages/airflow/example_dags/subdags/subdag.py for tasks to queue
[2024-10-20T19:35:01.081-0300] {logging_mixin.py:190} INFO - [2024-10-20T19:35:01.080-0300] {dagbag.py:588} INFO - Filling up the DagBag from /mnt/c/Users/Pato_/OneDrive/Documentos/ITBA/PYTHON_DATA_APP/itba/lib/python3.10/site-packages/airflow/example_dags/subdags/subdag.py
[2024-10-20T19:35:01.093-0300] {processor.py:927} WARNING - No viable dags retrieved from /mnt/c/Users/Pato_/OneDrive/Documentos/ITBA/PYTHON_DATA_APP/itba/lib/python3.10/site-packages/airflow/example_dags/subdags/subdag.py
[2024-10-20T19:35:01.104-0300] {processor.py:208} INFO - Processing /mnt/c/Users/Pato_/OneDrive/Documentos/ITBA/PYTHON_DATA_APP/itba/lib/python3.10/site-packages/airflow/example_dags/subdags/subdag.py took 0.032 seconds
[2024-10-20T19:35:34.920-0300] {processor.py:186} INFO - Started process (PID=319161) to work on /mnt/c/Users/Pato_/OneDrive/Documentos/ITBA/PYTHON_DATA_APP/itba/lib/python3.10/site-packages/airflow/example_dags/subdags/subdag.py
[2024-10-20T19:35:34.921-0300] {processor.py:914} INFO - Processing file /mnt/c/Users/Pato_/OneDrive/Documentos/ITBA/PYTHON_DATA_APP/itba/lib/python3.10/site-packages/airflow/example_dags/subdags/subdag.py for tasks to queue
[2024-10-20T19:35:34.923-0300] {logging_mixin.py:190} INFO - [2024-10-20T19:35:34.922-0300] {dagbag.py:588} INFO - Filling up the DagBag from /mnt/c/Users/Pato_/OneDrive/Documentos/ITBA/PYTHON_DATA_APP/itba/lib/python3.10/site-packages/airflow/example_dags/subdags/subdag.py
[2024-10-20T19:35:34.936-0300] {processor.py:927} WARNING - No viable dags retrieved from /mnt/c/Users/Pato_/OneDrive/Documentos/ITBA/PYTHON_DATA_APP/itba/lib/python3.10/site-packages/airflow/example_dags/subdags/subdag.py
[2024-10-20T19:35:34.946-0300] {processor.py:208} INFO - Processing /mnt/c/Users/Pato_/OneDrive/Documentos/ITBA/PYTHON_DATA_APP/itba/lib/python3.10/site-packages/airflow/example_dags/subdags/subdag.py took 0.032 seconds
[2024-10-20T19:36:09.989-0300] {processor.py:186} INFO - Started process (PID=319432) to work on /mnt/c/Users/Pato_/OneDrive/Documentos/ITBA/PYTHON_DATA_APP/itba/lib/python3.10/site-packages/airflow/example_dags/subdags/subdag.py
[2024-10-20T19:36:09.990-0300] {processor.py:914} INFO - Processing file /mnt/c/Users/Pato_/OneDrive/Documentos/ITBA/PYTHON_DATA_APP/itba/lib/python3.10/site-packages/airflow/example_dags/subdags/subdag.py for tasks to queue
[2024-10-20T19:36:09.993-0300] {logging_mixin.py:190} INFO - [2024-10-20T19:36:09.992-0300] {dagbag.py:588} INFO - Filling up the DagBag from /mnt/c/Users/Pato_/OneDrive/Documentos/ITBA/PYTHON_DATA_APP/itba/lib/python3.10/site-packages/airflow/example_dags/subdags/subdag.py
[2024-10-20T19:36:10.006-0300] {processor.py:927} WARNING - No viable dags retrieved from /mnt/c/Users/Pato_/OneDrive/Documentos/ITBA/PYTHON_DATA_APP/itba/lib/python3.10/site-packages/airflow/example_dags/subdags/subdag.py
[2024-10-20T19:36:10.016-0300] {processor.py:208} INFO - Processing /mnt/c/Users/Pato_/OneDrive/Documentos/ITBA/PYTHON_DATA_APP/itba/lib/python3.10/site-packages/airflow/example_dags/subdags/subdag.py took 0.033 seconds
[2024-10-20T19:36:45.008-0300] {processor.py:186} INFO - Started process (PID=319704) to work on /mnt/c/Users/Pato_/OneDrive/Documentos/ITBA/PYTHON_DATA_APP/itba/lib/python3.10/site-packages/airflow/example_dags/subdags/subdag.py
[2024-10-20T19:36:45.009-0300] {processor.py:914} INFO - Processing file /mnt/c/Users/Pato_/OneDrive/Documentos/ITBA/PYTHON_DATA_APP/itba/lib/python3.10/site-packages/airflow/example_dags/subdags/subdag.py for tasks to queue
[2024-10-20T19:36:45.011-0300] {logging_mixin.py:190} INFO - [2024-10-20T19:36:45.010-0300] {dagbag.py:588} INFO - Filling up the DagBag from /mnt/c/Users/Pato_/OneDrive/Documentos/ITBA/PYTHON_DATA_APP/itba/lib/python3.10/site-packages/airflow/example_dags/subdags/subdag.py
[2024-10-20T19:36:45.023-0300] {processor.py:927} WARNING - No viable dags retrieved from /mnt/c/Users/Pato_/OneDrive/Documentos/ITBA/PYTHON_DATA_APP/itba/lib/python3.10/site-packages/airflow/example_dags/subdags/subdag.py
[2024-10-20T19:36:45.033-0300] {processor.py:208} INFO - Processing /mnt/c/Users/Pato_/OneDrive/Documentos/ITBA/PYTHON_DATA_APP/itba/lib/python3.10/site-packages/airflow/example_dags/subdags/subdag.py took 0.032 seconds
[2024-10-20T19:37:19.013-0300] {processor.py:186} INFO - Started process (PID=319971) to work on /mnt/c/Users/Pato_/OneDrive/Documentos/ITBA/PYTHON_DATA_APP/itba/lib/python3.10/site-packages/airflow/example_dags/subdags/subdag.py
[2024-10-20T19:37:19.014-0300] {processor.py:914} INFO - Processing file /mnt/c/Users/Pato_/OneDrive/Documentos/ITBA/PYTHON_DATA_APP/itba/lib/python3.10/site-packages/airflow/example_dags/subdags/subdag.py for tasks to queue
[2024-10-20T19:37:19.016-0300] {logging_mixin.py:190} INFO - [2024-10-20T19:37:19.015-0300] {dagbag.py:588} INFO - Filling up the DagBag from /mnt/c/Users/Pato_/OneDrive/Documentos/ITBA/PYTHON_DATA_APP/itba/lib/python3.10/site-packages/airflow/example_dags/subdags/subdag.py
[2024-10-20T19:37:19.028-0300] {processor.py:927} WARNING - No viable dags retrieved from /mnt/c/Users/Pato_/OneDrive/Documentos/ITBA/PYTHON_DATA_APP/itba/lib/python3.10/site-packages/airflow/example_dags/subdags/subdag.py
[2024-10-20T19:37:19.038-0300] {processor.py:208} INFO - Processing /mnt/c/Users/Pato_/OneDrive/Documentos/ITBA/PYTHON_DATA_APP/itba/lib/python3.10/site-packages/airflow/example_dags/subdags/subdag.py took 0.033 seconds
[2024-10-20T19:37:52.316-0300] {processor.py:186} INFO - Started process (PID=320229) to work on /mnt/c/Users/Pato_/OneDrive/Documentos/ITBA/PYTHON_DATA_APP/itba/lib/python3.10/site-packages/airflow/example_dags/subdags/subdag.py
[2024-10-20T19:37:52.317-0300] {processor.py:914} INFO - Processing file /mnt/c/Users/Pato_/OneDrive/Documentos/ITBA/PYTHON_DATA_APP/itba/lib/python3.10/site-packages/airflow/example_dags/subdags/subdag.py for tasks to queue
[2024-10-20T19:37:52.319-0300] {logging_mixin.py:190} INFO - [2024-10-20T19:37:52.318-0300] {dagbag.py:588} INFO - Filling up the DagBag from /mnt/c/Users/Pato_/OneDrive/Documentos/ITBA/PYTHON_DATA_APP/itba/lib/python3.10/site-packages/airflow/example_dags/subdags/subdag.py
[2024-10-20T19:37:52.331-0300] {processor.py:927} WARNING - No viable dags retrieved from /mnt/c/Users/Pato_/OneDrive/Documentos/ITBA/PYTHON_DATA_APP/itba/lib/python3.10/site-packages/airflow/example_dags/subdags/subdag.py
[2024-10-20T19:37:52.342-0300] {processor.py:208} INFO - Processing /mnt/c/Users/Pato_/OneDrive/Documentos/ITBA/PYTHON_DATA_APP/itba/lib/python3.10/site-packages/airflow/example_dags/subdags/subdag.py took 0.033 seconds
[2024-10-20T19:38:24.658-0300] {processor.py:186} INFO - Started process (PID=320482) to work on /mnt/c/Users/Pato_/OneDrive/Documentos/ITBA/PYTHON_DATA_APP/itba/lib/python3.10/site-packages/airflow/example_dags/subdags/subdag.py
[2024-10-20T19:38:24.659-0300] {processor.py:914} INFO - Processing file /mnt/c/Users/Pato_/OneDrive/Documentos/ITBA/PYTHON_DATA_APP/itba/lib/python3.10/site-packages/airflow/example_dags/subdags/subdag.py for tasks to queue
[2024-10-20T19:38:24.661-0300] {logging_mixin.py:190} INFO - [2024-10-20T19:38:24.660-0300] {dagbag.py:588} INFO - Filling up the DagBag from /mnt/c/Users/Pato_/OneDrive/Documentos/ITBA/PYTHON_DATA_APP/itba/lib/python3.10/site-packages/airflow/example_dags/subdags/subdag.py
[2024-10-20T19:38:24.675-0300] {processor.py:927} WARNING - No viable dags retrieved from /mnt/c/Users/Pato_/OneDrive/Documentos/ITBA/PYTHON_DATA_APP/itba/lib/python3.10/site-packages/airflow/example_dags/subdags/subdag.py
[2024-10-20T19:38:24.687-0300] {processor.py:208} INFO - Processing /mnt/c/Users/Pato_/OneDrive/Documentos/ITBA/PYTHON_DATA_APP/itba/lib/python3.10/site-packages/airflow/example_dags/subdags/subdag.py took 0.035 seconds
[2024-10-20T19:38:57.318-0300] {processor.py:186} INFO - Started process (PID=320737) to work on /mnt/c/Users/Pato_/OneDrive/Documentos/ITBA/PYTHON_DATA_APP/itba/lib/python3.10/site-packages/airflow/example_dags/subdags/subdag.py
[2024-10-20T19:38:57.319-0300] {processor.py:914} INFO - Processing file /mnt/c/Users/Pato_/OneDrive/Documentos/ITBA/PYTHON_DATA_APP/itba/lib/python3.10/site-packages/airflow/example_dags/subdags/subdag.py for tasks to queue
[2024-10-20T19:38:57.321-0300] {logging_mixin.py:190} INFO - [2024-10-20T19:38:57.320-0300] {dagbag.py:588} INFO - Filling up the DagBag from /mnt/c/Users/Pato_/OneDrive/Documentos/ITBA/PYTHON_DATA_APP/itba/lib/python3.10/site-packages/airflow/example_dags/subdags/subdag.py
[2024-10-20T19:38:57.334-0300] {processor.py:927} WARNING - No viable dags retrieved from /mnt/c/Users/Pato_/OneDrive/Documentos/ITBA/PYTHON_DATA_APP/itba/lib/python3.10/site-packages/airflow/example_dags/subdags/subdag.py
[2024-10-20T19:38:57.344-0300] {processor.py:208} INFO - Processing /mnt/c/Users/Pato_/OneDrive/Documentos/ITBA/PYTHON_DATA_APP/itba/lib/python3.10/site-packages/airflow/example_dags/subdags/subdag.py took 0.033 seconds
[2024-10-20T19:39:31.220-0300] {processor.py:186} INFO - Started process (PID=321004) to work on /mnt/c/Users/Pato_/OneDrive/Documentos/ITBA/PYTHON_DATA_APP/itba/lib/python3.10/site-packages/airflow/example_dags/subdags/subdag.py
[2024-10-20T19:39:31.221-0300] {processor.py:914} INFO - Processing file /mnt/c/Users/Pato_/OneDrive/Documentos/ITBA/PYTHON_DATA_APP/itba/lib/python3.10/site-packages/airflow/example_dags/subdags/subdag.py for tasks to queue
[2024-10-20T19:39:31.223-0300] {logging_mixin.py:190} INFO - [2024-10-20T19:39:31.222-0300] {dagbag.py:588} INFO - Filling up the DagBag from /mnt/c/Users/Pato_/OneDrive/Documentos/ITBA/PYTHON_DATA_APP/itba/lib/python3.10/site-packages/airflow/example_dags/subdags/subdag.py
[2024-10-20T19:39:31.237-0300] {processor.py:927} WARNING - No viable dags retrieved from /mnt/c/Users/Pato_/OneDrive/Documentos/ITBA/PYTHON_DATA_APP/itba/lib/python3.10/site-packages/airflow/example_dags/subdags/subdag.py
[2024-10-20T19:39:31.254-0300] {processor.py:208} INFO - Processing /mnt/c/Users/Pato_/OneDrive/Documentos/ITBA/PYTHON_DATA_APP/itba/lib/python3.10/site-packages/airflow/example_dags/subdags/subdag.py took 0.041 seconds
[2024-10-20T19:40:04.044-0300] {processor.py:186} INFO - Started process (PID=321451) to work on /mnt/c/Users/Pato_/OneDrive/Documentos/ITBA/PYTHON_DATA_APP/itba/lib/python3.10/site-packages/airflow/example_dags/subdags/subdag.py
[2024-10-20T19:40:04.045-0300] {processor.py:914} INFO - Processing file /mnt/c/Users/Pato_/OneDrive/Documentos/ITBA/PYTHON_DATA_APP/itba/lib/python3.10/site-packages/airflow/example_dags/subdags/subdag.py for tasks to queue
[2024-10-20T19:40:04.047-0300] {logging_mixin.py:190} INFO - [2024-10-20T19:40:04.046-0300] {dagbag.py:588} INFO - Filling up the DagBag from /mnt/c/Users/Pato_/OneDrive/Documentos/ITBA/PYTHON_DATA_APP/itba/lib/python3.10/site-packages/airflow/example_dags/subdags/subdag.py
[2024-10-20T19:40:04.060-0300] {processor.py:927} WARNING - No viable dags retrieved from /mnt/c/Users/Pato_/OneDrive/Documentos/ITBA/PYTHON_DATA_APP/itba/lib/python3.10/site-packages/airflow/example_dags/subdags/subdag.py
[2024-10-20T19:40:04.071-0300] {processor.py:208} INFO - Processing /mnt/c/Users/Pato_/OneDrive/Documentos/ITBA/PYTHON_DATA_APP/itba/lib/python3.10/site-packages/airflow/example_dags/subdags/subdag.py took 0.033 seconds
[2024-10-20T19:40:36.814-0300] {processor.py:186} INFO - Started process (PID=321888) to work on /mnt/c/Users/Pato_/OneDrive/Documentos/ITBA/PYTHON_DATA_APP/itba/lib/python3.10/site-packages/airflow/example_dags/subdags/subdag.py
[2024-10-20T19:40:36.815-0300] {processor.py:914} INFO - Processing file /mnt/c/Users/Pato_/OneDrive/Documentos/ITBA/PYTHON_DATA_APP/itba/lib/python3.10/site-packages/airflow/example_dags/subdags/subdag.py for tasks to queue
[2024-10-20T19:40:36.817-0300] {logging_mixin.py:190} INFO - [2024-10-20T19:40:36.816-0300] {dagbag.py:588} INFO - Filling up the DagBag from /mnt/c/Users/Pato_/OneDrive/Documentos/ITBA/PYTHON_DATA_APP/itba/lib/python3.10/site-packages/airflow/example_dags/subdags/subdag.py
[2024-10-20T19:40:36.831-0300] {processor.py:927} WARNING - No viable dags retrieved from /mnt/c/Users/Pato_/OneDrive/Documentos/ITBA/PYTHON_DATA_APP/itba/lib/python3.10/site-packages/airflow/example_dags/subdags/subdag.py
[2024-10-20T19:40:36.842-0300] {processor.py:208} INFO - Processing /mnt/c/Users/Pato_/OneDrive/Documentos/ITBA/PYTHON_DATA_APP/itba/lib/python3.10/site-packages/airflow/example_dags/subdags/subdag.py took 0.036 seconds
[2024-10-20T19:41:10.345-0300] {processor.py:186} INFO - Started process (PID=322164) to work on /mnt/c/Users/Pato_/OneDrive/Documentos/ITBA/PYTHON_DATA_APP/itba/lib/python3.10/site-packages/airflow/example_dags/subdags/subdag.py
[2024-10-20T19:41:10.346-0300] {processor.py:914} INFO - Processing file /mnt/c/Users/Pato_/OneDrive/Documentos/ITBA/PYTHON_DATA_APP/itba/lib/python3.10/site-packages/airflow/example_dags/subdags/subdag.py for tasks to queue
[2024-10-20T19:41:10.348-0300] {logging_mixin.py:190} INFO - [2024-10-20T19:41:10.348-0300] {dagbag.py:588} INFO - Filling up the DagBag from /mnt/c/Users/Pato_/OneDrive/Documentos/ITBA/PYTHON_DATA_APP/itba/lib/python3.10/site-packages/airflow/example_dags/subdags/subdag.py
[2024-10-20T19:41:10.362-0300] {processor.py:927} WARNING - No viable dags retrieved from /mnt/c/Users/Pato_/OneDrive/Documentos/ITBA/PYTHON_DATA_APP/itba/lib/python3.10/site-packages/airflow/example_dags/subdags/subdag.py
[2024-10-20T19:41:10.373-0300] {processor.py:208} INFO - Processing /mnt/c/Users/Pato_/OneDrive/Documentos/ITBA/PYTHON_DATA_APP/itba/lib/python3.10/site-packages/airflow/example_dags/subdags/subdag.py took 0.034 seconds
[2024-10-20T19:41:44.634-0300] {processor.py:186} INFO - Started process (PID=322434) to work on /mnt/c/Users/Pato_/OneDrive/Documentos/ITBA/PYTHON_DATA_APP/itba/lib/python3.10/site-packages/airflow/example_dags/subdags/subdag.py
[2024-10-20T19:41:44.635-0300] {processor.py:914} INFO - Processing file /mnt/c/Users/Pato_/OneDrive/Documentos/ITBA/PYTHON_DATA_APP/itba/lib/python3.10/site-packages/airflow/example_dags/subdags/subdag.py for tasks to queue
[2024-10-20T19:41:44.637-0300] {logging_mixin.py:190} INFO - [2024-10-20T19:41:44.636-0300] {dagbag.py:588} INFO - Filling up the DagBag from /mnt/c/Users/Pato_/OneDrive/Documentos/ITBA/PYTHON_DATA_APP/itba/lib/python3.10/site-packages/airflow/example_dags/subdags/subdag.py
[2024-10-20T19:41:44.650-0300] {processor.py:927} WARNING - No viable dags retrieved from /mnt/c/Users/Pato_/OneDrive/Documentos/ITBA/PYTHON_DATA_APP/itba/lib/python3.10/site-packages/airflow/example_dags/subdags/subdag.py
[2024-10-20T19:41:44.660-0300] {processor.py:208} INFO - Processing /mnt/c/Users/Pato_/OneDrive/Documentos/ITBA/PYTHON_DATA_APP/itba/lib/python3.10/site-packages/airflow/example_dags/subdags/subdag.py took 0.033 seconds
