[2024-10-20T19:25:26.371-0300] {local_task_job_runner.py:123} INFO - ::group::Pre task execution logs
[2024-10-20T19:25:26.383-0300] {taskinstance.py:2612} INFO - Dependencies all met for dep_context=non-requeueable deps ti=<TaskInstance: cheapshark_to_redshift_dag.api_to_parquet scheduled__2024-10-17T00:00:00+00:00 [queued]>
[2024-10-20T19:25:26.390-0300] {taskinstance.py:2612} INFO - Dependencies all met for dep_context=requeueable deps ti=<TaskInstance: cheapshark_to_redshift_dag.api_to_parquet scheduled__2024-10-17T00:00:00+00:00 [queued]>
[2024-10-20T19:25:26.391-0300] {taskinstance.py:2865} INFO - Starting attempt 2 of 3
[2024-10-20T19:25:26.411-0300] {taskinstance.py:2888} INFO - Executing <Task(PythonOperator): api_to_parquet> on 2024-10-17 00:00:00+00:00
[2024-10-20T19:25:26.415-0300] {standard_task_runner.py:72} INFO - Started process 312889 to run task
[2024-10-20T19:25:26.417-0300] {standard_task_runner.py:104} INFO - Running: ['airflow', 'tasks', 'run', 'cheapshark_to_redshift_dag', 'api_to_parquet', 'scheduled__2024-10-17T00:00:00+00:00', '--job-id', '6', '--raw', '--subdir', 'DAGS_FOLDER/airflow_dag.py', '--cfg-path', '/tmp/tmp74razvdd']
[2024-10-20T19:25:26.418-0300] {standard_task_runner.py:105} INFO - Job 6: Subtask api_to_parquet
[2024-10-20T19:25:26.467-0300] {task_command.py:467} INFO - Running <TaskInstance: cheapshark_to_redshift_dag.api_to_parquet scheduled__2024-10-17T00:00:00+00:00 [running]> on host Patricio.
[2024-10-20T19:25:26.530-0300] {taskinstance.py:3131} INFO - Exporting env vars: AIRFLOW_CTX_DAG_OWNER='2024_patricio_nahuel_perrone' AIRFLOW_CTX_DAG_ID='cheapshark_to_redshift_dag' AIRFLOW_CTX_TASK_ID='api_to_parquet' AIRFLOW_CTX_EXECUTION_DATE='2024-10-17T00:00:00+00:00' AIRFLOW_CTX_TRY_NUMBER='2' AIRFLOW_CTX_DAG_RUN_ID='scheduled__2024-10-17T00:00:00+00:00'
[2024-10-20T19:25:26.532-0300] {logging_mixin.py:190} INFO - Task instance is in running state
[2024-10-20T19:25:26.533-0300] {logging_mixin.py:190} INFO -  Previous state of the Task instance: queued
[2024-10-20T19:25:26.533-0300] {logging_mixin.py:190} INFO - Current task name:api_to_parquet state:running start_date:2024-10-20 22:25:26.384232+00:00
[2024-10-20T19:25:26.534-0300] {logging_mixin.py:190} INFO - Dag name:cheapshark_to_redshift_dag and current dag run status:running
[2024-10-20T19:25:26.535-0300] {taskinstance.py:731} INFO - ::endgroup::
[2024-10-20T19:25:26.669-0300] {logging_mixin.py:190} INFO - Recorriendo pagina: 1
[2024-10-20T19:25:29.023-0300] {logging_mixin.py:190} INFO - Recorriendo pagina: 2
[2024-10-20T19:25:30.116-0300] {logging_mixin.py:190} INFO - Recorriendo pagina: 3
[2024-10-20T19:25:31.204-0300] {logging_mixin.py:190} INFO - Recorriendo pagina: 4
[2024-10-20T19:25:32.957-0300] {logging_mixin.py:190} INFO - Recorriendo pagina: 5
[2024-10-20T19:25:34.816-0300] {logging_mixin.py:190} INFO - Recorriendo pagina: 6
[2024-10-20T19:25:36.666-0300] {logging_mixin.py:190} INFO - Recorriendo pagina: 7
[2024-10-20T19:25:41.850-0300] {logging_mixin.py:190} INFO - Recorriendo pagina: 8
[2024-10-20T19:25:43.673-0300] {logging_mixin.py:190} INFO - Recorriendo pagina: 9
[2024-10-20T19:25:45.496-0300] {logging_mixin.py:190} INFO - Recorriendo pagina: 10
[2024-10-20T19:25:47.312-0300] {logging_mixin.py:190} INFO - Recorriendo pagina: 11
[2024-10-20T19:25:49.399-0300] {logging_mixin.py:190} INFO - Recorriendo pagina: 12
[2024-10-20T19:25:51.484-0300] {logging_mixin.py:190} INFO - Recorriendo pagina: 13
[2024-10-20T19:25:52.761-0300] {python.py:240} INFO - Done. Returned value was: None
[2024-10-20T19:25:52.769-0300] {taskinstance.py:340} INFO - ::group::Post task execution logs
[2024-10-20T19:25:52.770-0300] {taskinstance.py:352} INFO - Marking task as SUCCESS. dag_id=cheapshark_to_redshift_dag, task_id=api_to_parquet, run_id=scheduled__2024-10-17T00:00:00+00:00, execution_date=20241017T000000, start_date=20241020T222526, end_date=20241020T222552
[2024-10-20T19:25:52.789-0300] {logging_mixin.py:190} INFO - Task instance in success state
[2024-10-20T19:25:52.790-0300] {logging_mixin.py:190} INFO -  Previous state of the Task instance: running
[2024-10-20T19:25:52.791-0300] {logging_mixin.py:190} INFO - Dag name:cheapshark_to_redshift_dag queued_at:2024-10-20 22:25:10.252997+00:00
[2024-10-20T19:25:52.792-0300] {logging_mixin.py:190} INFO - Task hostname:Patricio. operator:PythonOperator
[2024-10-20T19:25:52.824-0300] {local_task_job_runner.py:266} INFO - Task exited with return code 0
[2024-10-20T19:25:52.834-0300] {taskinstance.py:3900} INFO - 0 downstream tasks scheduled from follow-on schedule check
[2024-10-20T19:25:52.836-0300] {local_task_job_runner.py:245} INFO - ::endgroup::
