[2024-10-20T19:06:07.541-0300] {local_task_job_runner.py:123} INFO - ::group::Pre task execution logs
[2024-10-20T19:06:07.552-0300] {taskinstance.py:2612} INFO - Dependencies all met for dep_context=non-requeueable deps ti=<TaskInstance: cheapshark_to_redshift_dag.api_to_parquet scheduled__2024-10-17T00:00:00+00:00 [queued]>
[2024-10-20T19:06:07.559-0300] {taskinstance.py:2612} INFO - Dependencies all met for dep_context=requeueable deps ti=<TaskInstance: cheapshark_to_redshift_dag.api_to_parquet scheduled__2024-10-17T00:00:00+00:00 [queued]>
[2024-10-20T19:06:07.560-0300] {taskinstance.py:2865} INFO - Starting attempt 1 of 2
[2024-10-20T19:06:07.582-0300] {taskinstance.py:2888} INFO - Executing <Task(PythonOperator): api_to_parquet> on 2024-10-17 00:00:00+00:00
[2024-10-20T19:06:07.586-0300] {standard_task_runner.py:72} INFO - Started process 301985 to run task
[2024-10-20T19:06:07.588-0300] {standard_task_runner.py:104} INFO - Running: ['airflow', 'tasks', 'run', 'cheapshark_to_redshift_dag', 'api_to_parquet', 'scheduled__2024-10-17T00:00:00+00:00', '--job-id', '2', '--raw', '--subdir', 'DAGS_FOLDER/airflow_dag.py', '--cfg-path', '/tmp/tmpnbekj7_2']
[2024-10-20T19:06:07.589-0300] {standard_task_runner.py:105} INFO - Job 2: Subtask api_to_parquet
[2024-10-20T19:06:07.638-0300] {task_command.py:467} INFO - Running <TaskInstance: cheapshark_to_redshift_dag.api_to_parquet scheduled__2024-10-17T00:00:00+00:00 [running]> on host Patricio.
[2024-10-20T19:06:07.707-0300] {taskinstance.py:3131} INFO - Exporting env vars: AIRFLOW_CTX_DAG_OWNER='2024_patricio_nahuel_perrone' AIRFLOW_CTX_DAG_ID='cheapshark_to_redshift_dag' AIRFLOW_CTX_TASK_ID='api_to_parquet' AIRFLOW_CTX_EXECUTION_DATE='2024-10-17T00:00:00+00:00' AIRFLOW_CTX_TRY_NUMBER='1' AIRFLOW_CTX_DAG_RUN_ID='scheduled__2024-10-17T00:00:00+00:00'
[2024-10-20T19:06:07.708-0300] {logging_mixin.py:190} INFO - Task instance is in running state
[2024-10-20T19:06:07.709-0300] {logging_mixin.py:190} INFO -  Previous state of the Task instance: queued
[2024-10-20T19:06:07.710-0300] {logging_mixin.py:190} INFO - Current task name:api_to_parquet state:running start_date:2024-10-20 22:06:07.553326+00:00
[2024-10-20T19:06:07.711-0300] {logging_mixin.py:190} INFO - Dag name:cheapshark_to_redshift_dag and current dag run status:running
[2024-10-20T19:06:07.712-0300] {taskinstance.py:731} INFO - ::endgroup::
[2024-10-20T19:06:08.733-0300] {logging_mixin.py:190} INFO - Recorriendo pagina: 1
[2024-10-20T19:06:10.603-0300] {logging_mixin.py:190} INFO - Recorriendo pagina: 2
[2024-10-20T19:06:12.992-0300] {logging_mixin.py:190} INFO - Recorriendo pagina: 3
[2024-10-20T19:06:14.904-0300] {logging_mixin.py:190} INFO - Recorriendo pagina: 4
[2024-10-20T19:06:16.749-0300] {logging_mixin.py:190} INFO - Recorriendo pagina: 5
[2024-10-20T19:06:18.632-0300] {logging_mixin.py:190} INFO - Recorriendo pagina: 6
[2024-10-20T19:06:20.622-0300] {logging_mixin.py:190} INFO - Recorriendo pagina: 7
[2024-10-20T19:06:22.321-0300] {logging_mixin.py:190} INFO - Recorriendo pagina: 8
[2024-10-20T19:06:24.103-0300] {logging_mixin.py:190} INFO - Recorriendo pagina: 9
[2024-10-20T19:06:25.960-0300] {logging_mixin.py:190} INFO - Recorriendo pagina: 10
[2024-10-20T19:06:27.838-0300] {logging_mixin.py:190} INFO - Recorriendo pagina: 11
[2024-10-20T19:06:29.740-0300] {logging_mixin.py:190} INFO - Recorriendo pagina: 12
[2024-10-20T19:06:31.665-0300] {logging_mixin.py:190} INFO - Recorriendo pagina: 13
[2024-10-20T19:06:33.077-0300] {python.py:240} INFO - Done. Returned value was: None
[2024-10-20T19:06:33.085-0300] {taskinstance.py:340} INFO - ::group::Post task execution logs
[2024-10-20T19:06:33.086-0300] {taskinstance.py:352} INFO - Marking task as SUCCESS. dag_id=cheapshark_to_redshift_dag, task_id=api_to_parquet, run_id=scheduled__2024-10-17T00:00:00+00:00, execution_date=20241017T000000, start_date=20241020T220607, end_date=20241020T220633
[2024-10-20T19:06:33.103-0300] {logging_mixin.py:190} INFO - Task instance in success state
[2024-10-20T19:06:33.104-0300] {logging_mixin.py:190} INFO -  Previous state of the Task instance: running
[2024-10-20T19:06:33.105-0300] {logging_mixin.py:190} INFO - Dag name:cheapshark_to_redshift_dag queued_at:2024-10-20 22:05:52.436636+00:00
[2024-10-20T19:06:33.106-0300] {logging_mixin.py:190} INFO - Task hostname:Patricio. operator:PythonOperator
[2024-10-20T19:06:33.152-0300] {local_task_job_runner.py:266} INFO - Task exited with return code 0
[2024-10-20T19:06:33.163-0300] {taskinstance.py:3900} INFO - 0 downstream tasks scheduled from follow-on schedule check
[2024-10-20T19:06:33.164-0300] {local_task_job_runner.py:245} INFO - ::endgroup::
